#
# There is insufficient memory for the Java Runtime Environment to continue.
# Native memory allocation (mmap) failed to map 65536 bytes. Error detail: Failed to commit metaspace.
# Possible reasons:
#   The system is out of physical RAM or swap space
#   This process is running with CompressedOops enabled, and the Java Heap may be blocking the growth of the native heap
# Possible solutions:
#   Reduce memory load on the system
#   Increase physical memory or swap space
#   Check if swap backing store is full
#   Decrease Java heap size (-Xmx/-Xms)
#   Decrease number of Java threads
#   Decrease Java thread stack sizes (-Xss)
#   Set larger code cache with -XX:ReservedCodeCacheSize=
#   JVM is running with Unscaled Compressed Oops mode in which the Java heap is
#     placed in the first 4GB address space. The Java Heap base address is the
#     maximum limit for the native heap growth. Please use -XX:HeapBaseMinAddress
#     to set the Java Heap base and to place the Java Heap above 4GB virtual address.
# This output file may be truncated or incomplete.
#
#  Out of Memory Error (virtualSpaceNode.cpp:110), pid=14264, tid=2328
#
# JRE version: OpenJDK Runtime Environment Temurin-17.0.12+7 (17.0.12+7) (build 17.0.12+7)
# Java VM: OpenJDK 64-Bit Server VM Temurin-17.0.12+7 (17.0.12+7, mixed mode, tiered, compressed oops, compressed class ptrs, parallel gc, windows-amd64)
# No core dump will be written. Minidumps are not enabled by default on client versions of Windows
#

---------------  S U M M A R Y ------------

Command Line: --add-modules=ALL-SYSTEM --add-opens=java.base/java.util=ALL-UNNAMED --add-opens=java.base/java.lang=ALL-UNNAMED --add-opens=java.base/sun.nio.fs=ALL-UNNAMED -Declipse.application=org.eclipse.jdt.ls.core.id1 -Dosgi.bundles.defaultStartLevel=4 -Declipse.product=org.eclipse.jdt.ls.core.product -Djava.import.generatesMetadataFilesAtProjectRoot=false -DDetectVMInstallationsJob.disabled=true -Dfile.encoding=utf8 -XX:+UseParallelGC -XX:GCTimeRatio=4 -XX:AdaptiveSizePolicyWeight=90 -Dsun.zip.disableMemoryMapping=true -Xmx1G -Xms100m -Xlog:disable -javaagent:c:\Users\ZIDANE\.vscode\extensions\redhat.java-1.35.0-win32-x64\lombok\lombok-1.18.33.jar -XX:+HeapDumpOnOutOfMemoryError -XX:HeapDumpPath=c:\Users\ZIDANE\AppData\Roaming\Code\User\workspaceStorage\aa2b8e89bda9b22bddee75a3be92be3c\redhat.java -Daether.dependencyCollector.impl=bf c:\Users\ZIDANE\.vscode\extensions\redhat.java-1.35.0-win32-x64\server\plugins\org.eclipse.equinox.launcher_1.6.900.v20240613-2009.jar -configuration c:\Users\ZIDANE\AppData\Roaming\Code\User\globalStorage\redhat.java\1.35.0\config_win -data c:\Users\ZIDANE\AppData\Roaming\Code\User\workspaceStorage\aa2b8e89bda9b22bddee75a3be92be3c\redhat.java\jdt_ws --pipe=\\.\pipe\lsp-4aa650f5fa5cde18e98d23299721829e-sock

Host: Intel(R) Core(TM) i5-3320M CPU @ 2.60GHz, 4 cores, 3G,  Windows 10 , 64 bit Build 19041 (10.0.19041.3636)
Time: Sun Sep 29 11:35:37 2024 Afr. centrale Ouest elapsed time: 17.227341 seconds (0d 0h 0m 17s)

---------------  T H R E A D  ---------------

Current thread (0x000001df7ddb41b0):  JavaThread "Start Level: Equinox Container: e97cfc67-a380-4327-937a-1354e388059b" daemon [_thread_in_vm, id=2328, stack(0x00000043ec100000,0x00000043ec200000)]

Stack: [0x00000043ec100000,0x00000043ec200000]
Native frames: (J=compiled Java code, j=interpreted, Vv=VM code, C=native code)
V  [jvm.dll+0x67f929]
V  [jvm.dll+0x8371ba]
V  [jvm.dll+0x838c7e]
V  [jvm.dll+0x8392e3]
V  [jvm.dll+0x24834f]
V  [jvm.dll+0x832e6d]
V  [jvm.dll+0x623e9e]
V  [jvm.dll+0x1c1e3b]
V  [jvm.dll+0x6267ed]
V  [jvm.dll+0x624846]
V  [jvm.dll+0x23db26]
V  [jvm.dll+0x1ec8cb]
V  [jvm.dll+0x1e2261]
V  [jvm.dll+0x54468e]
V  [jvm.dll+0x7b12d2]
V  [jvm.dll+0x7b123a]
V  [jvm.dll+0x411e64]
V  [jvm.dll+0x42564c]
C  [java.dll+0x1657]

Java frames: (J=compiled Java code, j=interpreted, Vv=VM code)
j  java.lang.ClassLoader.defineClass0(Ljava/lang/ClassLoader;Ljava/lang/Class;Ljava/lang/String;[BIILjava/security/ProtectionDomain;ZILjava/lang/Object;)Ljava/lang/Class;+0 java.base@17.0.12
j  java.lang.System$2.defineClass(Ljava/lang/ClassLoader;Ljava/lang/Class;Ljava/lang/String;[BLjava/security/ProtectionDomain;ZILjava/lang/Object;)Ljava/lang/Class;+17 java.base@17.0.12
j  java.lang.invoke.MethodHandles$Lookup$ClassDefiner.defineClass(ZLjava/lang/Object;)Ljava/lang/Class;+54 java.base@17.0.12
j  java.lang.invoke.InvokerBytecodeGenerator.loadMethod([B)Ljava/lang/invoke/MemberName;+16 java.base@17.0.12
j  java.lang.invoke.InvokerBytecodeGenerator.generateCustomizedCode(Ljava/lang/invoke/LambdaForm;Ljava/lang/invoke/MethodType;)Ljava/lang/invoke/MemberName;+30 java.base@17.0.12
j  java.lang.invoke.LambdaForm.compileToBytecode()V+69 java.base@17.0.12
J 1579 c1 java.lang.invoke.LambdaForm.prepare()V java.base@17.0.12 (112 bytes) @ 0x000001df6b1dd5ec [0x000001df6b1dd440+0x00000000000001ac]
J 1578 c1 java.lang.invoke.MethodHandle.<init>(Ljava/lang/invoke/MethodType;Ljava/lang/invoke/LambdaForm;)V java.base@17.0.12 (37 bytes) @ 0x000001df6b1dcd1c [0x000001df6b1dcb00+0x000000000000021c]
J 2264 c1 java.lang.invoke.BoundMethodHandle.<init>(Ljava/lang/invoke/MethodType;Ljava/lang/invoke/LambdaForm;)V java.base@17.0.12 (32 bytes) @ 0x000001df6b343d44 [0x000001df6b343cc0+0x0000000000000084]
j  java.lang.invoke.BoundMethodHandle$Species_L.<init>(Ljava/lang/invoke/MethodType;Ljava/lang/invoke/LambdaForm;Ljava/lang/Object;)V+3 java.base@17.0.12
j  java.lang.invoke.BoundMethodHandle$Species_L.copyWith(Ljava/lang/invoke/MethodType;Ljava/lang/invoke/LambdaForm;)Ljava/lang/invoke/BoundMethodHandle;+10 java.base@17.0.12
j  java.lang.invoke.MethodHandles.dropArguments0(Ljava/lang/invoke/MethodHandle;ILjava/util/List;)Ljava/lang/invoke/MethodHandle;+105 java.base@17.0.12
j  java.lang.invoke.MethodHandles.dropArguments(Ljava/lang/invoke/MethodHandle;I[Ljava/lang/Class;)Ljava/lang/invoke/MethodHandle;+6 java.base@17.0.12
j  java.lang.invoke.StringConcatFactory.generateMHInlineCopy(Ljava/lang/invoke/MethodType;Ljava/util/List;)Ljava/lang/invoke/MethodHandle;+266 java.base@17.0.12
j  java.lang.invoke.StringConcatFactory.makeConcatWithConstants(Ljava/lang/invoke/MethodHandles$Lookup;Ljava/lang/String;Ljava/lang/invoke/MethodType;Ljava/lang/String;[Ljava/lang/Object;)Ljava/lang/invoke/CallSite;+220 java.base@17.0.12
j  java.lang.invoke.DirectMethodHandle$Holder.invokeStatic(Ljava/lang/Object;Ljava/lang/Object;Ljava/lang/Object;Ljava/lang/Object;Ljava/lang/Object;Ljava/lang/Object;)Ljava/lang/Object;+18 java.base@17.0.12
j  java.lang.invoke.DelegatingMethodHandle$Holder.delegate(Ljava/lang/Object;Ljava/lang/Object;Ljava/lang/Object;Ljava/lang/Object;Ljava/lang/Object;Ljava/lang/Object;)Ljava/lang/Object;+21 java.base@17.0.12
j  java.lang.invoke.Invokers$Holder.invokeExact_MT(Ljava/lang/Object;Ljava/lang/Object;Ljava/lang/Object;Ljava/lang/Object;Ljava/lang/Object;Ljava/lang/Object;Ljava/lang/Object;)Ljava/lang/Object;+26 java.base@17.0.12
j  java.lang.invoke.BootstrapMethodInvoker.invoke(Ljava/lang/Class;Ljava/lang/invoke/MethodHandle;Ljava/lang/String;Ljava/lang/Object;Ljava/lang/Object;Ljava/lang/Class;)Ljava/lang/Object;+157 java.base@17.0.12
j  java.lang.invoke.CallSite.makeSite(Ljava/lang/invoke/MethodHandle;Ljava/lang/String;Ljava/lang/invoke/MethodType;Ljava/lang/Object;Ljava/lang/Class;)Ljava/lang/invoke/CallSite;+8 java.base@17.0.12
j  java.lang.invoke.MethodHandleNatives.linkCallSiteImpl(Ljava/lang/Class;Ljava/lang/invoke/MethodHandle;Ljava/lang/String;Ljava/lang/invoke/MethodType;Ljava/lang/Object;[Ljava/lang/Object;)Ljava/lang/invoke/MemberName;+6 java.base@17.0.12
j  java.lang.invoke.MethodHandleNatives.linkCallSite(Ljava/lang/Object;ILjava/lang/Object;Ljava/lang/Object;Ljava/lang/Object;Ljava/lang/Object;[Ljava/lang/Object;)Ljava/lang/invoke/MemberName;+46 java.base@17.0.12
v  ~StubRoutines::call_stub
j  org.eclipse.equinox.internal.app.EclipseAppDescriptor.getInstanceID()Ljava/lang/String;+31
j  org.eclipse.equinox.internal.app.EclipseAppDescriptor.createAppHandle(Ljava/util/Map;)Lorg/eclipse/equinox/internal/app/EclipseAppHandle;+5
j  org.eclipse.equinox.internal.app.EclipseAppDescriptor.launchSpecific(Ljava/util/Map;)Lorg/osgi/service/application/ApplicationHandle;+22
j  org.osgi.service.application.ApplicationDescriptor.launch(Ljava/util/Map;)Lorg/osgi/service/application/ApplicationHandle;+83
j  org.eclipse.equinox.internal.app.EclipseAppContainer.startDefaultApp(Z)V+141
j  org.eclipse.equinox.internal.app.EclipseAppContainer.start()V+60
j  org.eclipse.equinox.internal.app.Activator.addingService(Lorg/osgi/framework/ServiceReference;)Ljava/lang/Object;+98
j  org.osgi.util.tracker.ServiceTracker$Tracked.customizerAdding(Lorg/osgi/framework/ServiceReference;Lorg/osgi/framework/ServiceEvent;)Ljava/lang/Object;+8
j  org.osgi.util.tracker.ServiceTracker$Tracked.customizerAdding(Ljava/lang/Object;Ljava/lang/Object;)Ljava/lang/Object;+9
J 2503 c1 org.osgi.util.tracker.AbstractTracked.trackAdding(Ljava/lang/Object;Ljava/lang/Object;)V (167 bytes) @ 0x000001df6b3dab54 [0x000001df6b3daa40+0x0000000000000114]
j  org.osgi.util.tracker.AbstractTracked.trackInitial()V+90
j  org.osgi.util.tracker.ServiceTracker.open(Z)V+198
j  org.osgi.util.tracker.ServiceTracker.open()V+2
j  org.eclipse.equinox.internal.app.Activator.start(Lorg/osgi/framework/BundleContext;)V+92
j  org.eclipse.osgi.internal.framework.BundleContextImpl$2.run()Ljava/lang/Void;+23
j  org.eclipse.osgi.internal.framework.BundleContextImpl$2.run()Ljava/lang/Object;+1
J 877 c1 java.security.AccessController.executePrivileged(Ljava/security/PrivilegedExceptionAction;Ljava/security/AccessControlContext;Ljava/lang/Class;)Ljava/lang/Object; java.base@17.0.12 (65 bytes) @ 0x000001df6b068fb4 [0x000001df6b068e60+0x0000000000000154]
j  java.security.AccessController.doPrivileged(Ljava/security/PrivilegedExceptionAction;)Ljava/lang/Object;+9 java.base@17.0.12
j  org.eclipse.osgi.internal.framework.BundleContextImpl.startActivator(Lorg/osgi/framework/BundleActivator;)V+9
j  org.eclipse.osgi.internal.framework.BundleContextImpl.start()V+134
j  org.eclipse.osgi.internal.framework.EquinoxBundle.startWorker0()V+35
j  org.eclipse.osgi.internal.framework.EquinoxBundle$EquinoxModule.startWorker()V+4
j  org.eclipse.osgi.container.Module.doStart([Lorg/eclipse/osgi/container/Module$StartOptions;)Lorg/eclipse/osgi/container/ModuleContainerAdaptor$ModuleEvent;+190
j  org.eclipse.osgi.container.Module.start([Lorg/eclipse/osgi/container/Module$StartOptions;)V+460
j  org.eclipse.osgi.framework.util.SecureAction.start(Lorg/eclipse/osgi/container/Module;[Lorg/eclipse/osgi/container/Module$StartOptions;)V+8
J 2490 c1 org.eclipse.osgi.internal.hooks.EclipseLazyStarter.postFindLocalClass(Ljava/lang/String;Ljava/lang/Class;Lorg/eclipse/osgi/internal/loader/classpath/ClasspathManager;)V (394 bytes) @ 0x000001df6b3cafdc [0x000001df6b3ca060+0x0000000000000f7c]
J 2239 c1 org.eclipse.osgi.internal.loader.classpath.ClasspathManager.findLocalClass(Ljava/lang/String;)Ljava/lang/Class; (210 bytes) @ 0x000001df6b32ea54 [0x000001df6b32daa0+0x0000000000000fb4]
J 2237 c1 org.eclipse.osgi.internal.loader.BundleLoader.findLocalClass(Ljava/lang/String;)Ljava/lang/Class; (152 bytes) @ 0x000001df6b32bbec [0x000001df6b32b3a0+0x000000000000084c]
j  org.eclipse.osgi.internal.loader.sources.SingleSourcePackage.loadClass(Ljava/lang/String;)Ljava/lang/Class;+5
J 2229 c1 org.eclipse.osgi.internal.loader.BundleLoader.findClass0(Ljava/lang/String;ZZ)Ljava/lang/Class; (470 bytes) @ 0x000001df6b322e8c [0x000001df6b3208a0+0x00000000000025ec]
J 2192 c1 org.eclipse.osgi.internal.loader.BundleLoader.findClass(Ljava/lang/String;)Ljava/lang/Class; (8 bytes) @ 0x000001df6b30ce9c [0x000001df6b30ce20+0x000000000000007c]
J 2196 c1 org.eclipse.osgi.internal.loader.ModuleClassLoader.loadClass(Ljava/lang/String;Z)Ljava/lang/Class; (36 bytes) @ 0x000001df6b30e03c [0x000001df6b30de20+0x000000000000021c]
J 769 c1 java.lang.ClassLoader.loadClass(Ljava/lang/String;)Ljava/lang/Class; java.base@17.0.12 (7 bytes) @ 0x000001df6b0382bc [0x000001df6b0381c0+0x00000000000000fc]
v  ~StubRoutines::call_stub
j  org.eclipse.core.internal.runtime.PlatformActivator.startAppContainer()V+0
j  org.eclipse.core.internal.runtime.PlatformActivator.start(Lorg/osgi/framework/BundleContext;)V+12
j  org.eclipse.osgi.internal.framework.BundleContextImpl$2.run()Ljava/lang/Void;+23
j  org.eclipse.osgi.internal.framework.BundleContextImpl$2.run()Ljava/lang/Object;+1
J 877 c1 java.security.AccessController.executePrivileged(Ljava/security/PrivilegedExceptionAction;Ljava/security/AccessControlContext;Ljava/lang/Class;)Ljava/lang/Object; java.base@17.0.12 (65 bytes) @ 0x000001df6b068fb4 [0x000001df6b068e60+0x0000000000000154]
j  java.security.AccessController.doPrivileged(Ljava/security/PrivilegedExceptionAction;)Ljava/lang/Object;+9 java.base@17.0.12
j  org.eclipse.osgi.internal.framework.BundleContextImpl.startActivator(Lorg/osgi/framework/BundleActivator;)V+9
j  org.eclipse.osgi.internal.framework.BundleContextImpl.start()V+134
j  org.eclipse.osgi.internal.framework.EquinoxBundle.startWorker0()V+35
j  org.eclipse.osgi.internal.framework.EquinoxBundle$EquinoxModule.startWorker()V+4
j  org.eclipse.osgi.container.Module.doStart([Lorg/eclipse/osgi/container/Module$StartOptions;)Lorg/eclipse/osgi/container/ModuleContainerAdaptor$ModuleEvent;+190
j  org.eclipse.osgi.container.Module.start([Lorg/eclipse/osgi/container/Module$StartOptions;)V+460
j  org.eclipse.osgi.container.ModuleContainer$ContainerStartLevel$2.run()V+71
j  org.eclipse.osgi.internal.framework.EquinoxContainerAdaptor$1$1.execute(Ljava/lang/Runnable;)V+1
j  org.eclipse.osgi.container.ModuleContainer$ContainerStartLevel.incStartLevel(ILjava/util/List;Z)V+193
j  org.eclipse.osgi.container.ModuleContainer$ContainerStartLevel.incStartLevel(ILjava/util/List;Ljava/util/List;Ljava/util/List;Ljava/util/List;)V+19
j  org.eclipse.osgi.container.ModuleContainer$ContainerStartLevel.doContainerStartLevel(Lorg/eclipse/osgi/container/Module;I[Lorg/osgi/framework/FrameworkListener;)V+349
j  org.eclipse.osgi.container.ModuleContainer$ContainerStartLevel.dispatchEvent(Lorg/eclipse/osgi/container/Module;[Lorg/osgi/framework/FrameworkListener;ILjava/lang/Integer;)V+32
j  org.eclipse.osgi.container.ModuleContainer$ContainerStartLevel.dispatchEvent(Ljava/lang/Object;Ljava/lang/Object;ILjava/lang/Object;)V+15
j  org.eclipse.osgi.framework.eventmgr.EventManager.dispatchEvent(Ljava/util/Set;Lorg/eclipse/osgi/framework/eventmgr/EventDispatcher;ILjava/lang/Object;)V+48
j  org.eclipse.osgi.framework.eventmgr.EventManager$EventThread.run()V+26
v  ~StubRoutines::call_stub

Compiled method (c1)   18581 1579       3       java.lang.invoke.LambdaForm::prepare (112 bytes)
 total in heap  [0x000001df6b1dd210,0x000001df6b1dde90] = 3200
 relocation     [0x000001df6b1dd368,0x000001df6b1dd438] = 208
 main code      [0x000001df6b1dd440,0x000001df6b1ddb60] = 1824
 stub code      [0x000001df6b1ddb60,0x000001df6b1ddbf8] = 152
 metadata       [0x000001df6b1ddbf8,0x000001df6b1ddc40] = 72
 scopes data    [0x000001df6b1ddc40,0x000001df6b1ddd00] = 192
 scopes pcs     [0x000001df6b1ddd00,0x000001df6b1dde40] = 320
 dependencies   [0x000001df6b1dde40,0x000001df6b1dde58] = 24
 nul chk table  [0x000001df6b1dde58,0x000001df6b1dde90] = 56

[Constant Pool (empty)]

[MachCode]
[Entry Point]
  # {method} {0x000001df00082a60} 'prepare' '()V' in 'java/lang/invoke/LambdaForm'
  #           [sp+0x70]  (sp of caller)
  0x000001df6b1dd440: 448b 5208 | 49c1 e203 

  0x000001df6b1dd448: ;   {runtime_call ic_miss_stub}
  0x000001df6b1dd448: 4c3b d00f | 852f 3929 | 0766 6666 | 0f1f 8400 | 0000 0000 | 6666 6690 
[Verified Entry Point]
  0x000001df6b1dd460: 8984 2400 | 90ff ff55 | 4883 ec60 | 4889 5424 

  0x000001df6b1dd470: ;   {metadata(method data for {method} {0x000001df00082a60} 'prepare' '()V' in 'java/lang/invoke/LambdaForm')}
  0x000001df6b1dd470: 3848 bea8 | 27bc 00df | 0100 008b | becc 0000 | 0083 c702 | 89be cc00 | 0000 81e7 | fe07 0000 
  0x000001df6b1dd490: 83ff 000f | 84b0 0500 

  0x000001df6b1dd498: ;   {metadata(method data for {method} {0x000001df00082a60} 'prepare' '()V' in 'java/lang/invoke/LambdaForm')}
  0x000001df6b1dd498: 0048 bea8 | 27bc 00df | 0100 00ff | 8620 0100 | 0048 8bf2 

  0x000001df6b1dd4ac: ;   {metadata(method data for {method} {0x000001df00082a60} 'prepare' '()V' in 'java/lang/invoke/LambdaForm')}
  0x000001df6b1dd4ac: 48bf a827 | bc00 df01 | 0000 4883 | 8730 0100 

  0x000001df6b1dd4bc: ;   {metadata(method data for {method} {0x000001df000831d0} 'forceInterpretation' '()Z' in 'java/lang/invoke/LambdaForm')}
  0x000001df6b1dd4bc: 0001 48be | 086d 9d00 | df01 0000 | 8bbe cc00 | 0000 83c7 | 0289 becc | 0000 0081 | e7fe ff1f 
  0x000001df6b1dd4dc: 0083 ff00 | 0f84 8405 | 0000 8b72 | 1483 feff 

  0x000001df6b1dd4ec: ;   {metadata(method data for {method} {0x000001df000831d0} 'forceInterpretation' '()Z' in 'java/lang/invoke/LambdaForm')}
  0x000001df6b1dd4ec: 48be 086d | 9d00 df01 | 0000 48bf | 1001 0000 | 0000 0000 | 0f85 0a00 | 0000 48bf | 2001 0000 
  0x000001df6b1dd50c: 0000 0000 | 488b 1c3e | 488d 5b01 | 4889 1c3e | 0f85 1a00 

  0x000001df6b1dd520: ;   {metadata(method data for {method} {0x000001df000831d0} 'forceInterpretation' '()Z' in 'java/lang/invoke/LambdaForm')}
  0x000001df6b1dd520: 0000 48be | 086d 9d00 | df01 0000 | ff86 3001 | 0000 be01 | 0000 00e9 | 0500 0000 | be00 0000 
  0x000001df6b1dd540: 0083 e601 

  0x000001df6b1dd544: ;   {metadata(method data for {method} {0x000001df00082a60} 'prepare' '()V' in 'java/lang/invoke/LambdaForm')}
  0x000001df6b1dd544: 83fe 0048 | bea8 27bc | 00df 0100 | 0048 bf68 | 0100 0000 | 0000 000f | 850a 0000 | 0048 bf78 
  0x000001df6b1dd564: 0100 0000 | 0000 0048 | 8b1c 3e48 | 8d5b 0148 | 891c 3e0f | 8574 0000 | 000f be72 | 1983 fe00 
  0x000001df6b1dd584: ;   {metadata(method data for {method} {0x000001df00082a60} 'prepare' '()V' in 'java/lang/invoke/LambdaForm')}
  0x000001df6b1dd584: 48be a827 | bc00 df01 | 0000 48bf | 8801 0000 | 0000 0000 | 0f85 0a00 | 0000 48bf | 9801 0000 
  0x000001df6b1dd5a4: 0000 0000 | 488b 1c3e | 488d 5b01 | 4889 1c3e | 0f85 3700 | 0000 488b 

  0x000001df6b1dd5bc: ;   {metadata(method data for {method} {0x000001df00082a60} 'prepare' '()V' in 'java/lang/invoke/LambdaForm')}
  0x000001df6b1dd5bc: f248 bfa8 | 27bc 00df 

  0x000001df6b1dd5c4: ;   {metadata('java/lang/invoke/LambdaForm')}
  0x000001df6b1dd5c4: 0100 0049 | ba70 d404 | 0001 0000 | 004c 8997 | b801 0000 | 4883 87c0 | 0100 0001 | 488b f248 
  0x000001df6b1dd5e4: ;   {optimized virtual_call}
  0x000001df6b1dd5e4: 8bd6 90e8 

  0x000001df6b1dd5e8: ; ImmutableOopMap {[56]=Oop }
                      ;*invokevirtual compileToBytecode {reexecute=0 rethrow=0 return_oop=0}
                      ; - java.lang.invoke.LambdaForm::prepare@21
  0x000001df6b1dd5e8: 7905 0000 | 488b 5424 | 388b 7228 | 4883 fe00 

  0x000001df6b1dd5f8: ;   {metadata(method data for {method} {0x000001df00082a60} 'prepare' '()V' in 'java/lang/invoke/LambdaForm')}
  0x000001df6b1dd5f8: 48be a827 | bc00 df01 | 0000 48bf | f001 0000 | 0000 0000 | 0f85 0a00 | 0000 48bf | e001 0000 
  0x000001df6b1dd618: 0000 0000 | 488b 1c3e | 488d 5b01 | 4889 1c3e | 0f85 0804 | 0000 488b 

  0x000001df6b1dd630: ;   {metadata(method data for {method} {0x000001df00082a60} 'prepare' '()V' in 'java/lang/invoke/LambdaForm')}
  0x000001df6b1dd630: f248 bfa8 | 27bc 00df 

  0x000001df6b1dd638: ;   {metadata('java/lang/invoke/LambdaForm')}
  0x000001df6b1dd638: 0100 0049 | ba70 d404 | 0001 0000 | 004c 8997 | 1002 0000 | 4883 8718 | 0200 0001 | 488b f248 
  0x000001df6b1dd658: 8bd6 0f1f 

  0x000001df6b1dd65c: ;   {optimized virtual_call}
  0x000001df6b1dd65c: 4400 00e8 

  0x000001df6b1dd660: ; ImmutableOopMap {[56]=Oop }
                      ;*invokevirtual methodType {reexecute=0 rethrow=0 return_oop=0}
                      ; - java.lang.invoke.LambdaForm::prepare@33
  0x000001df6b1dd660: 1c3a 2907 | 4889 4424 | 4048 3b00 

  0x000001df6b1dd66c: ;   {metadata(method data for {method} {0x000001df00082a60} 'prepare' '()V' in 'java/lang/invoke/LambdaForm')}
  0x000001df6b1dd66c: 488b d048 | bea8 27bc | 00df 0100 | 0048 8386 | 3802 0000 | 018b 5014 

  0x000001df6b1dd684: ; implicit exception: dispatches to 0x000001df6b1dda90
  0x000001df6b1dd684: 483b 0248 

  0x000001df6b1dd688: ;   {metadata(method data for {method} {0x000001df00082a60} 'prepare' '()V' in 'java/lang/invoke/LambdaForm')}
  0x000001df6b1dd688: 8bf2 48bf | a827 bc00 | df01 0000 | 4883 8770 | 0200 0001 

  0x000001df6b1dd69c: ;   {metadata(method data for {method} {0x000001df002c33e8} 'cachedLambdaForm' '(I)Ljava/lang/invoke/LambdaForm;' in 'java/lang/invoke/MethodTypeForm')}
  0x000001df6b1dd69c: 48be d82f | bc00 df01 | 0000 8bbe | cc00 0000 | 83c7 0289 | becc 0000 | 0081 e7fe | ff1f 0083 
  0x000001df6b1dd6bc: ff00 0f84 | d103 0000 | 8b52 1c8b | 720c 83fe | 060f 86e8 | 0300 008b | 5228 4883 

  0x000001df6b1dd6d8: ;   {metadata(method data for {method} {0x000001df002c33e8} 'cachedLambdaForm' '(I)Ljava/lang/invoke/LambdaForm;' in 'java/lang/invoke/MethodTypeForm')}
  0x000001df6b1dd6d8: fa00 48be | d82f bc00 | df01 0000 | 48bf 1001 | 0000 0000 | 0000 0f84 | 0a00 0000 | 48bf 2001 
  0x000001df6b1dd6f8: 0000 0000 | 0000 488b | 1c3e 488d | 5b01 4889 | 1c3e 0f84 | 9001 0000 

  0x000001df6b1dd710: ; implicit exception: dispatches to 0x000001df6b1ddacd
  0x000001df6b1dd710: 483b 0248 

  0x000001df6b1dd714: ;   {metadata(method data for {method} {0x000001df002c33e8} 'cachedLambdaForm' '(I)Ljava/lang/invoke/LambdaForm;' in 'java/lang/invoke/MethodTypeForm')}
  0x000001df6b1dd714: 8bf2 48bf | d82f bc00 | df01 0000 | 8b76 0848 | c1e6 0348 | 3bb7 4001 | 0000 750d | 4883 8748 
  0x000001df6b1dd734: 0100 0001 | e966 0000 | 0048 3bb7 | 5001 0000 | 750d 4883 | 8758 0100 | 0001 e950 | 0000 0048 
  0x000001df6b1dd754: 81bf 4001 | 0000 0000 | 0000 7517 | 4889 b740 | 0100 0048 | c787 4801 | 0000 0100 | 0000 e92c 
  0x000001df6b1dd774: 0000 0048 | 81bf 5001 | 0000 0000 | 0000 7517 | 4889 b750 | 0100 0048 | c787 5801 | 0000 0100 
  0x000001df6b1dd794: 0000 e908 | 0000 0048 | 8387 3001 | 0000 010f 

  0x000001df6b1dd7a4: ;   {optimized virtual_call}
  0x000001df6b1dd7a4: 1f40 00e8 

  0x000001df6b1dd7a8: ; ImmutableOopMap {[56]=Oop [64]=Oop }
                      ;*invokevirtual get {reexecute=0 rethrow=0 return_oop=0}
                      ; - java.lang.invoke.MethodTypeForm::cachedLambdaForm@12
                      ; - java.lang.invoke.LambdaForm::prepare@43
  0x000001df6b1dd7a8: d438 2907 | 4883 f800 

  0x000001df6b1dd7b0: ;   {metadata(method data for {method} {0x000001df002c33e8} 'cachedLambdaForm' '(I)Ljava/lang/invoke/LambdaForm;' in 'java/lang/invoke/MethodTypeForm')}
  0x000001df6b1dd7b0: 7516 48bf | d82f bc00 | df01 0000 | 808f 6101 | 0000 01e9 | c000 0000 

  0x000001df6b1dd7c8: ;   {metadata('java/lang/invoke/LambdaForm')}
  0x000001df6b1dd7c8: 48ba 70d4 | 0400 0100 | 0000 8b70 | 0848 c1e6 | 0348 3bd6 | 0f85 8a00 

  0x000001df6b1dd7e0: ;   {metadata(method data for {method} {0x000001df002c33e8} 'cachedLambdaForm' '(I)Ljava/lang/invoke/LambdaForm;' in 'java/lang/invoke/MethodTypeForm')}
  0x000001df6b1dd7e0: 0000 48bf | d82f bc00 | df01 0000 | 8b50 0848 | c1e2 0348 | 3b97 7801 | 0000 750d | 4883 8780 
  0x000001df6b1dd800: 0100 0001 | e97f 0000 | 0048 3b97 | 8801 0000 | 750d 4883 | 8790 0100 | 0001 e969 | 0000 0048 
  0x000001df6b1dd820: 81bf 7801 | 0000 0000 | 0000 7517 | 4889 9778 | 0100 0048 | c787 8001 | 0000 0100 | 0000 e945 
  0x000001df6b1dd840: 0000 0048 | 81bf 8801 | 0000 0000 | 0000 7517 | 4889 9788 | 0100 0048 | c787 9001 | 0000 0100 
  0x000001df6b1dd860: 0000 e921 | 0000 00e9 | 1c00 0000 

  0x000001df6b1dd86c: ;   {metadata(method data for {method} {0x000001df002c33e8} 'cachedLambdaForm' '(I)Ljava/lang/invoke/LambdaForm;' in 'java/lang/invoke/MethodTypeForm')}
  0x000001df6b1dd86c: 48bf d82f | bc00 df01 | 0000 4883 | af68 0100 | 0001 e94f | 0200 00e9 | 0000 0000 

  0x000001df6b1dd888: ;   {metadata(method data for {method} {0x000001df002c33e8} 'cachedLambdaForm' '(I)Ljava/lang/invoke/LambdaForm;' in 'java/lang/invoke/MethodTypeForm')}
  0x000001df6b1dd888: 488b d048 | bed8 2fbc | 00df 0100 | 00ff 86a0 | 0100 00e9 | 0a00 0000 

  0x000001df6b1dd8a0: ;   {oop(NULL)}
  0x000001df6b1dd8a0: 48ba 0000 | 0000 0000 | 0000 4883 

  0x000001df6b1dd8ac: ;   {metadata(method data for {method} {0x000001df00082a60} 'prepare' '()V' in 'java/lang/invoke/LambdaForm')}
  0x000001df6b1dd8ac: fa00 48be | a827 bc00 | df01 0000 | 48bf a802 | 0000 0000 | 0000 0f85 | 0a00 0000 | 48bf b802 
  0x000001df6b1dd8cc: 0000 0000 | 0000 488b | 043e 488d | 4001 4889 | 043e 0f85 | 1b01 0000 

  0x000001df6b1dd8e4: ;   {metadata(method data for {method} {0x000001df00082a60} 'prepare' '()V' in 'java/lang/invoke/LambdaForm')}
  0x000001df6b1dd8e4: 48ba a827 | bc00 df01 | 0000 ff82 | c802 0000 | 488b 4424 

  0x000001df6b1dd8f8: ;   {metadata('java/lang/invoke/LambdaForm')}
  0x000001df6b1dd8f8: 4048 ba70 | d404 0001 | 0000 0048 | 8bd8 498b | 8708 0100 | 0048 8d78 | 3049 3bbf | 1801 0000 
  0x000001df6b1dd918: 0f87 bd01 | 0000 4989 | bf08 0100 | 0048 c700 | 0100 0000 | 488b ca48 | c1e9 0389 | 4808 4833 
  0x000001df6b1dd938: c989 480c | 4833 c948 | 8948 1048 | 8948 1848 | 8948 2048 | 8948 284c 

  0x000001df6b1dd950: ;   {metadata(method data for {method} {0x000001df00082a60} 'prepare' '()V' in 'java/lang/invoke/LambdaForm')}
  0x000001df6b1dd950: 8bc0 48ba | a827 bc00 | df01 0000 | 4883 8260 | 0300 0001 | 4c8b c348 | 8bd0 4889 

  0x000001df6b1dd96c: ;   {optimized virtual_call}
  0x000001df6b1dd96c: 4424 48e8 

  0x000001df6b1dd970: ; ImmutableOopMap {[56]=Oop [72]=Oop [64]=Oop }
                      ;*invokespecial <init> {reexecute=0 rethrow=0 return_oop=0}
                      ; - java.lang.invoke.LambdaForm::prepare@80
  0x000001df6b1dd970: 0c37 2907 

  0x000001df6b1dd974: ;   {metadata(method data for {method} {0x000001df00082a60} 'prepare' '()V' in 'java/lang/invoke/LambdaForm')}
  0x000001df6b1dd974: 48ba a827 | bc00 df01 | 0000 4883 | 8270 0300 | 0001 488b | 5424 400f 

  0x000001df6b1dd98c: ;   {static_call}
  0x000001df6b1dd98c: 1f40 00e8 

  0x000001df6b1dd990: ; ImmutableOopMap {[56]=Oop [72]=Oop [64]=Oop }
                      ;*invokestatic generateLambdaFormInterpreterEntryPoint {reexecute=0 rethrow=0 return_oop=0}
                      ; - java.lang.invoke.LambdaForm::prepare@86
  0x000001df6b1dd990: ec3c 2907 | 4c8b 4c24 | 484c 8bd0 | 4589 5128 | 498b c148 | c1e8 0949 | b800 00ad | 79df 0100 
  0x000001df6b1dd9b0: 0042 c604 | 0000 488b 

  0x000001df6b1dd9b8: ;   {metadata(method data for {method} {0x000001df00082a60} 'prepare' '()V' in 'java/lang/invoke/LambdaForm')}
  0x000001df6b1dd9b8: 4424 4049 | b8a8 27bc | 00df 0100 | 0049 8380 | 8003 0000 | 0148 8b44 | 2440 8b50 | 1448 3b02 
  0x000001df6b1dd9d8: ;   {metadata(method data for {method} {0x000001df00082a60} 'prepare' '()V' in 'java/lang/invoke/LambdaForm')}
  0x000001df6b1dd9d8: 4c8b c248 | bea8 27bc | 00df 0100 | 0048 8386 | b803 0000 | 0141 b806 | 0000 000f 

  0x000001df6b1dd9f4: ;   {optimized virtual_call}
  0x000001df6b1dd9f4: 1f40 00e8 

  0x000001df6b1dd9f8: ; ImmutableOopMap {[56]=Oop }
                      ;*invokevirtual setCachedLambdaForm {reexecute=0 rethrow=0 return_oop=0}
                      ; - java.lang.invoke.LambdaForm::prepare@99
  0x000001df6b1dd9f8: 8436 2907 | 488b d048 | 8b74 2438 

  0x000001df6b1dda04: ; implicit exception: dispatches to 0x000001df6b1ddaed
  0x000001df6b1dda04: 8b7a 284c | 8bd7 4489 | 5628 488b | d648 c1ea | 0948 be00 | 00ad 79df | 0100 00c6 | 0432 0048 
  0x000001df6b1dda24: 83c4 605d 

  0x000001df6b1dda28: ;   {poll_return}
  0x000001df6b1dda28: 493b a750 | 0300 000f | 87bd 0000 | 00c3 4883 

  0x000001df6b1dda38: ;   {poll_return}
  0x000001df6b1dda38: c460 5d49 | 3ba7 5003 | 0000 0f87 | c000 0000 

  0x000001df6b1dda48: ;   {metadata({method} {0x000001df00082a60} 'prepare' '()V' in 'java/lang/invoke/LambdaForm')}
  0x000001df6b1dda48: c349 ba58 | 2a08 00df | 0100 004c | 8954 2408 | 48c7 0424 | ffff ffff 

  0x000001df6b1dda60: ;   {runtime_call counter_overflow Runtime1 stub}
  0x000001df6b1dda60: e81b 9f33 

  0x000001df6b1dda64: ; ImmutableOopMap {rdx=Oop [56]=Oop }
                      ;*synchronization entry
                      ; - java.lang.invoke.LambdaForm::prepare@-1
  0x000001df6b1dda64: 07e9 2ffa 

  0x000001df6b1dda68: ;   {metadata({method} {0x000001df000831d0} 'forceInterpretation' '()Z' in 'java/lang/invoke/LambdaForm')}
  0x000001df6b1dda68: ffff 49ba | c831 0800 | df01 0000 | 4c89 5424 | 0848 c704 | 24ff ffff 

  0x000001df6b1dda80: ;   {runtime_call counter_overflow Runtime1 stub}
  0x000001df6b1dda80: ffe8 fa9e 

  0x000001df6b1dda84: ; ImmutableOopMap {rdx=Oop [56]=Oop }
                      ;*synchronization entry
                      ; - java.lang.invoke.LambdaForm::forceInterpretation@-1
                      ; - java.lang.invoke.LambdaForm::prepare@7
  0x000001df6b1dda84: 3307 e95b 

  0x000001df6b1dda88: ;   {runtime_call throw_null_pointer_exception Runtime1 stub}
  0x000001df6b1dda88: faff ffe8 

  0x000001df6b1dda8c: ; ImmutableOopMap {[56]=Oop rax=Oop [64]=Oop }
                      ;*invokevirtual form {reexecute=0 rethrow=0 return_oop=0}
                      ; - java.lang.invoke.LambdaForm::prepare@38
  0x000001df6b1dda8c: 104e 3307 

  0x000001df6b1dda90: ;   {runtime_call throw_null_pointer_exception Runtime1 stub}
  0x000001df6b1dda90: e80b 4e33 

  0x000001df6b1dda94: ; ImmutableOopMap {[56]=Oop rax=Oop [64]=Oop rdx=Oop }
                      ;*invokevirtual cachedLambdaForm {reexecute=0 rethrow=0 return_oop=0}
                      ; - java.lang.invoke.LambdaForm::prepare@43
                      ;   {metadata({method} {0x000001df002c33e8} 'cachedLambdaForm' '(I)Ljava/lang/invoke/LambdaForm;' in 'java/lang/invoke/MethodTypeForm')}
  0x000001df6b1dda94: 0749 bae0 | 332c 00df | 0100 004c | 8954 2408 | 48c7 0424 | ffff ffff 

  0x000001df6b1ddaac: ;   {runtime_call counter_overflow Runtime1 stub}
  0x000001df6b1ddaac: e8cf 9e33 

  0x000001df6b1ddab0: ; ImmutableOopMap {[56]=Oop rax=Oop [64]=Oop rdx=Oop }
                      ;*synchronization entry
                      ; - java.lang.invoke.MethodTypeForm::cachedLambdaForm@-1
                      ; - java.lang.invoke.LambdaForm::prepare@43
  0x000001df6b1ddab0: 07e9 0efc 

  0x000001df6b1ddab4: ;   {runtime_call throw_null_pointer_exception Runtime1 stub}
  0x000001df6b1ddab4: ffff e8e5 

  0x000001df6b1ddab8: ; ImmutableOopMap {[56]=Oop rax=Oop [64]=Oop rdx=Oop }
                      ;*aaload {reexecute=0 rethrow=0 return_oop=0}
                      ; - java.lang.invoke.MethodTypeForm::cachedLambdaForm@5
                      ; - java.lang.invoke.LambdaForm::prepare@43
  0x000001df6b1ddab8: 4d33 0748 | c704 2406 | 0000 0048 | 8954 2408 

  0x000001df6b1ddac8: ;   {runtime_call throw_range_check_failed Runtime1 stub}
  0x000001df6b1ddac8: e8d3 4433 

  0x000001df6b1ddacc: ; ImmutableOopMap {[56]=Oop rax=Oop [64]=Oop rdx=Oop }
                      ;*aaload {reexecute=0 rethrow=0 return_oop=0}
                      ; - java.lang.invoke.MethodTypeForm::cachedLambdaForm@5
                      ; - java.lang.invoke.LambdaForm::prepare@43
                      ;   {runtime_call throw_null_pointer_exception Runtime1 stub}
  0x000001df6b1ddacc: 07e8 ce4d 

  0x000001df6b1ddad0: ; ImmutableOopMap {[56]=Oop rdx=Oop [64]=Oop }
                      ;*invokevirtual get {reexecute=0 rethrow=0 return_oop=0}
                      ; - java.lang.invoke.MethodTypeForm::cachedLambdaForm@12
                      ; - java.lang.invoke.LambdaForm::prepare@43
  0x000001df6b1ddad0: 3307 4889 

  0x000001df6b1ddad4: ;   {runtime_call throw_class_cast_exception Runtime1 stub}
  0x000001df6b1ddad4: 0424 e8c5 

  0x000001df6b1ddad8: ; ImmutableOopMap {[56]=Oop [64]=Oop }
                      ;*checkcast {reexecute=0 rethrow=0 return_oop=0}
                      ; - java.lang.invoke.MethodTypeForm::cachedLambdaForm@15
                      ; - java.lang.invoke.LambdaForm::prepare@43
  0x000001df6b1ddad8: 7133 0748 

  0x000001df6b1ddadc: ;   {runtime_call fast_new_instance Runtime1 stub}
  0x000001df6b1ddadc: 8bd2 e89d 

  0x000001df6b1ddae0: ; ImmutableOopMap {[56]=Oop rbx=Oop [64]=Oop }
                      ;*new {reexecute=0 rethrow=0 return_oop=0}
                      ; - java.lang.invoke.LambdaForm::prepare@75
  0x000001df6b1ddae0: 5633 07e9 | 67fe ffff 

  0x000001df6b1ddae8: ;   {runtime_call throw_null_pointer_exception Runtime1 stub}
  0x000001df6b1ddae8: e8b3 4d33 

  0x000001df6b1ddaec: ; ImmutableOopMap {[56]=Oop r9=Oop rdx=Oop }
                      ;*invokevirtual setCachedLambdaForm {reexecute=0 rethrow=0 return_oop=0}
                      ; - java.lang.invoke.LambdaForm::prepare@99
                      ;   {runtime_call throw_null_pointer_exception Runtime1 stub}
  0x000001df6b1ddaec: 07e8 ae4d 

  0x000001df6b1ddaf0: ; ImmutableOopMap {rsi=Oop [56]=Oop }
                      ;*getfield vmentry {reexecute=1 rethrow=0 return_oop=0}
                      ; - (reexecute) java.lang.invoke.LambdaForm::prepare@105
                      ;   {internal_word}
  0x000001df6b1ddaf0: 3307 49ba | 28da 1d6b | df01 0000 | 4d89 9768 

  0x000001df6b1ddb00: ;   {runtime_call SafepointBlob}
  0x000001df6b1ddb00: 0300 00e9 | f89b 2907 

  0x000001df6b1ddb08: ;   {internal_word}
  0x000001df6b1ddb08: 49ba 3bda | 1d6b df01 | 0000 4d89 | 9768 0300 

  0x000001df6b1ddb18: ;   {runtime_call SafepointBlob}
  0x000001df6b1ddb18: 00e9 e29b | 2907 9090 | 498b 87e0 | 0300 0049 | c787 e003 | 0000 0000 | 0000 49c7 | 87e8 0300 
  0x000001df6b1ddb38: 0000 0000 | 0048 83c4 

  0x000001df6b1ddb40: ;   {runtime_call unwind_exception Runtime1 stub}
  0x000001df6b1ddb40: 605d e9b9 | 6d2a 07f4 | f4f4 f4f4 | f4f4 f4f4 | f4f4 f4f4 | f4f4 f4f4 | f4f4 f4f4 | f4f4 f4f4 
[Stub Code]
  0x000001df6b1ddb60: ;   {no_reloc}
  0x000001df6b1ddb60: 0f1f 4400 

  0x000001df6b1ddb64: ;   {static_stub}
  0x000001df6b1ddb64: 0048 bb40 | 2c08 00df 

  0x000001df6b1ddb6c: ;   {runtime_call I2C/C2I adapters}
  0x000001df6b1ddb6c: 0100 00e9 | dc7e 2907 

  0x000001df6b1ddb74: ;   {static_stub}
  0x000001df6b1ddb74: 9048 bb00 | 0000 0000 

  0x000001df6b1ddb7c: ;   {runtime_call}
  0x000001df6b1ddb7c: 0000 00e9 | fbff ffff 

  0x000001df6b1ddb84: ;   {static_stub}
  0x000001df6b1ddb84: 9048 bb00 | 0000 0000 

  0x000001df6b1ddb8c: ;   {runtime_call}
  0x000001df6b1ddb8c: 0000 00e9 | fbff ffff 

  0x000001df6b1ddb94: ;   {static_stub}
  0x000001df6b1ddb94: 9048 bb00 | 0000 0000 

  0x000001df6b1ddb9c: ;   {runtime_call}
  0x000001df6b1ddb9c: 0000 00e9 | fbff ffff 

  0x000001df6b1ddba4: ;   {static_stub}
  0x000001df6b1ddba4: 9048 bb00 | 0000 0000 

  0x000001df6b1ddbac: ;   {runtime_call}
  0x000001df6b1ddbac: 0000 00e9 | fbff ffff 

  0x000001df6b1ddbb4: ;   {static_stub}
  0x000001df6b1ddbb4: 9048 bb00 | 0000 0000 

  0x000001df6b1ddbbc: ;   {runtime_call}
  0x000001df6b1ddbbc: 0000 00e9 | fbff ffff 
[Exception Handler]
  0x000001df6b1ddbc4: ;   {runtime_call handle_exception_from_callee Runtime1 stub}
  0x000001df6b1ddbc4: e8b7 6a33 

  0x000001df6b1ddbc8: ;   {external_word}
  0x000001df6b1ddbc8: 0748 b930 | caf1 27f8 | 7f00 0048 

  0x000001df6b1ddbd4: ;   {runtime_call}
  0x000001df6b1ddbd4: 83e4 f049 | ba70 4cba | 27f8 7f00 | 0041 ffd2 

  0x000001df6b1ddbe4: ;   {section_word}
  0x000001df6b1ddbe4: f449 bae5 | db1d 6bdf | 0100 0041 

  0x000001df6b1ddbf0: ;   {runtime_call DeoptimizationBlob}
  0x000001df6b1ddbf0: 52e9 aa8d | 2907 f4f4 
[/MachCode]


Compiled method (c1)   18944 1578       3       java.lang.invoke.MethodHandle::<init> (37 bytes)
 total in heap  [0x000001df6b1dc910,0x000001df6b1dd1f0] = 2272
 relocation     [0x000001df6b1dca68,0x000001df6b1dcb00] = 152
 main code      [0x000001df6b1dcb00,0x000001df6b1dcf60] = 1120
 stub code      [0x000001df6b1dcf60,0x000001df6b1dcfd8] = 120
 metadata       [0x000001df6b1dcfd8,0x000001df6b1dd010] = 56
 scopes data    [0x000001df6b1dd010,0x000001df6b1dd0c0] = 176
 scopes pcs     [0x000001df6b1dd0c0,0x000001df6b1dd1c0] = 256
 dependencies   [0x000001df6b1dd1c0,0x000001df6b1dd1d8] = 24
 nul chk table  [0x000001df6b1dd1d8,0x000001df6b1dd1f0] = 24

[Constant Pool (empty)]

[MachCode]
[Entry Point]
  # {method} {0x000001df0006e220} '<init>' '(Ljava/lang/invoke/MethodType;Ljava/lang/invoke/LambdaForm;)V' in 'java/lang/invoke/MethodHandle'
  # this:     rdx:rdx   = 'java/lang/invoke/MethodHandle'
  # parm0:    r8:r8     = 'java/lang/invoke/MethodType'
  # parm1:    r9:r9     = 'java/lang/invoke/LambdaForm'
  #           [sp+0x70]  (sp of caller)
  0x000001df6b1dcb00: 448b 5208 | 49c1 e203 

  0x000001df6b1dcb08: ;   {runtime_call ic_miss_stub}
  0x000001df6b1dcb08: 4c3b d00f | 856f 4229 | 0766 6666 | 0f1f 8400 | 0000 0000 | 6666 6690 
[Verified Entry Point]
  0x000001df6b1dcb20: 8984 2400 | 90ff ff55 | 4883 ec60 | 4889 5424 

  0x000001df6b1dcb30: ;   {metadata(method data for {method} {0x000001df0006e220} '<init>' '(Ljava/lang/invoke/MethodType;Ljava/lang/invoke/LambdaForm;)V' in 'java/lang/invoke/MethodHandle')}
  0x000001df6b1dcb30: 3048 be00 | 25bc 00df | 0100 008b | becc 0000 | 0083 c702 | 89be cc00 | 0000 81e7 | fe07 0000 
  0x000001df6b1dcb50: 83ff 000f | 84ed 0200 | 0048 8bf2 

  0x000001df6b1dcb5c: ;   {metadata(method data for {method} {0x000001df0006e220} '<init>' '(Ljava/lang/invoke/MethodType;Ljava/lang/invoke/LambdaForm;)V' in 'java/lang/invoke/MethodHandle')}
  0x000001df6b1dcb5c: 48bf 0025 | bc00 df01 | 0000 4883 | 8710 0100 

  0x000001df6b1dcb6c: ;   {metadata(method data for {method} {0x000001df00000488} '<init>' '()V' in 'java/lang/Object')}
  0x000001df6b1dcb6c: 0001 48be | 48c7 1e00 | df01 0000 | 8bbe cc00 | 0000 83c7 | 0289 becc | 0000 0081 | e7fe ff1f 
  0x000001df6b1dcb8c: 0083 ff00 | 0f84 d102 

  0x000001df6b1dcb94: ;   {metadata(method data for {method} {0x000001df0006e220} '<init>' '(Ljava/lang/invoke/MethodType;Ljava/lang/invoke/LambdaForm;)V' in 'java/lang/invoke/MethodHandle')}
  0x000001df6b1dcb94: 0000 48be | 0025 bc00 | df01 0000 | 4883 8620 | 0100 0001 

  0x000001df6b1dcba8: ;   {metadata(method data for {method} {0x000001df0011da30} 'requireNonNull' '(Ljava/lang/Object;)Ljava/lang/Object;' in 'java/util/Objects')}
  0x000001df6b1dcba8: 48be a0e2 | 2400 df01 | 0000 8bbe | cc00 0000 | 83c7 0289 | becc 0000 | 0081 e7fe | ff1f 0083 
  0x000001df6b1dcbc8: ff00 0f84 | b802 0000 | 4983 f800 

  0x000001df6b1dcbd4: ;   {metadata(method data for {method} {0x000001df0011da30} 'requireNonNull' '(Ljava/lang/Object;)Ljava/lang/Object;' in 'java/util/Objects')}
  0x000001df6b1dcbd4: 48be a0e2 | 2400 df01 | 0000 48bf | 2001 0000 | 0000 0000 | 0f84 0a00 | 0000 48bf | 1001 0000 
  0x000001df6b1dcbf4: 0000 0000 | 488b 1c3e | 488d 5b01 | 4889 1c3e | 0f84 ac01 | 0000 4d8b | d044 8952 | 1048 8bf2 
  0x000001df6b1dcc14: 48c1 ee09 | 48bf 0000 | ad79 df01 | 0000 c604 

  0x000001df6b1dcc24: ;   {metadata(method data for {method} {0x000001df0006e220} '<init>' '(Ljava/lang/invoke/MethodType;Ljava/lang/invoke/LambdaForm;)V' in 'java/lang/invoke/MethodHandle')}
  0x000001df6b1dcc24: 3e00 48be | 0025 bc00 | df01 0000 | 4883 8668 | 0100 0001 

  0x000001df6b1dcc38: ;   {metadata(method data for {method} {0x000001df0011da30} 'requireNonNull' '(Ljava/lang/Object;)Ljava/lang/Object;' in 'java/util/Objects')}
  0x000001df6b1dcc38: 48be a0e2 | 2400 df01 | 0000 8bbe | cc00 0000 | 83c7 0289 | becc 0000 | 0081 e7fe | ff1f 0083 
  0x000001df6b1dcc58: ff00 0f84 | 4902 0000 | 4983 f900 

  0x000001df6b1dcc64: ;   {metadata(method data for {method} {0x000001df0011da30} 'requireNonNull' '(Ljava/lang/Object;)Ljava/lang/Object;' in 'java/util/Objects')}
  0x000001df6b1dcc64: 48be a0e2 | 2400 df01 | 0000 48bf | 2001 0000 | 0000 0000 | 0f84 0a00 | 0000 48bf | 1001 0000 
  0x000001df6b1dcc84: 0000 0000 | 488b 1c3e | 488d 5b01 | 4889 1c3e | 0f84 9500 | 0000 493b | 0149 8bf1 

  0x000001df6b1dcca0: ;   {metadata(method data for {method} {0x000001df0006e220} '<init>' '(Ljava/lang/invoke/MethodType;Ljava/lang/invoke/LambdaForm;)V' in 'java/lang/invoke/MethodHandle')}
  0x000001df6b1dcca0: 48bf 0025 | bc00 df01 

  0x000001df6b1dcca8: ;   {metadata('java/lang/invoke/LambdaForm')}
  0x000001df6b1dcca8: 0000 49ba | 70d4 0400 | 0100 0000 | 4c89 97c0 | 0100 0048 | 8387 c801 | 0000 0149 

  0x000001df6b1dccc4: ;   {optimized virtual_call}
  0x000001df6b1dccc4: 8bd1 90e8 

  0x000001df6b1dccc8: ; ImmutableOopMap {[48]=Oop }
                      ;*invokevirtual uncustomize {reexecute=0 rethrow=0 return_oop=0}
                      ; - java.lang.invoke.MethodHandle::<init>@23
  0x000001df6b1dccc8: 944d ebff | 488b 5424 | 304c 8bd0 | 4489 5214 | 48c1 ea09 | 48be 0000 | ad79 df01 | 0000 c604 
  0x000001df6b1dcce8: 3200 483b | 0048 8bd0 

  0x000001df6b1dccf0: ;   {metadata(method data for {method} {0x000001df0006e220} '<init>' '(Ljava/lang/invoke/MethodType;Ljava/lang/invoke/LambdaForm;)V' in 'java/lang/invoke/MethodHandle')}
  0x000001df6b1dccf0: 48be 0025 | bc00 df01 

  0x000001df6b1dccf8: ;   {metadata('java/lang/invoke/LambdaForm')}
  0x000001df6b1dccf8: 0000 49ba | 70d4 0400 | 0100 0000 | 4c89 96f8 | 0100 0048 | 8386 0002 | 0000 0148 

  0x000001df6b1dcd14: ;   {optimized virtual_call}
  0x000001df6b1dcd14: 8bd0 90e8 

  0x000001df6b1dcd18: ; ImmutableOopMap {}
                      ;*invokevirtual prepare {reexecute=0 rethrow=0 return_oop=0}
                      ; - java.lang.invoke.MethodHandle::<init>@33
  0x000001df6b1dcd18: 4407 0000 | 4883 c460 

  0x000001df6b1dcd20: ;   {poll_return}
  0x000001df6b1dcd20: 5d49 3ba7 | 5003 0000 | 0f87 a601 | 0000 c390 

  0x000001df6b1dcd30: ;   {no_reloc}
  0x000001df6b1dcd30: e9c4 0100 | 0000 0000 | 0000 498b | 8708 0100 | 0048 8d78 | 3049 3bbf | 1801 0000 | 0f87 b101 
  0x000001df6b1dcd50: 0000 4989 | bf08 0100 | 0048 c700 | 0100 0000 | 488b ca48 | c1e9 0389 | 4808 4833 | c989 480c 
  0x000001df6b1dcd70: 4833 c948 | 8948 1048 | 8948 1848 | 8948 2048 | 8948 2848 

  0x000001df6b1dcd84: ;   {metadata(method data for {method} {0x000001df0011da30} 'requireNonNull' '(Ljava/lang/Object;)Ljava/lang/Object;' in 'java/util/Objects')}
  0x000001df6b1dcd84: 8bd0 48be | a0e2 2400 | df01 0000 | 4883 8630 | 0100 0001 | 488b d048 | 8944 2438 | 0f1f 8000 
  0x000001df6b1dcda4: ;   {optimized virtual_call}
  0x000001df6b1dcda4: 0000 00e8 

  0x000001df6b1dcda8: ; ImmutableOopMap {[48]=Oop [56]=Oop }
                      ;*invokespecial <init> {reexecute=0 rethrow=0 return_oop=0}
                      ; - java.util.Objects::requireNonNull@8
                      ; - java.lang.invoke.MethodHandle::<init>@17
  0x000001df6b1dcda8: d442 2907 | 488b 4424 | 38e9 9f01 | 0000 4c89 | 4c24 480f | 1f44 0000 

  0x000001df6b1dcdc0: ;   {no_reloc}
  0x000001df6b1dcdc0: e95a 0100 | 0000 0000 | 0000 498b | 8708 0100 | 0048 8d78 | 3049 3bbf | 1801 0000 | 0f87 4701 
  0x000001df6b1dcde0: 0000 4989 | bf08 0100 | 0048 c700 | 0100 0000 | 488b ca48 | c1e9 0389 | 4808 4833 | c989 480c 
  0x000001df6b1dce00: 4833 c948 | 8948 1048 | 8948 1848 | 8948 2048 | 8948 2848 

  0x000001df6b1dce14: ;   {metadata(method data for {method} {0x000001df0011da30} 'requireNonNull' '(Ljava/lang/Object;)Ljava/lang/Object;' in 'java/util/Objects')}
  0x000001df6b1dce14: 8bd0 48be | a0e2 2400 | df01 0000 | 4883 8630 | 0100 0001 | 488b d048 | 8944 2440 | 0f1f 8000 
  0x000001df6b1dce34: ;   {optimized virtual_call}
  0x000001df6b1dce34: 0000 00e8 

  0x000001df6b1dce38: ; ImmutableOopMap {[72]=Oop [64]=Oop [48]=Oop }
                      ;*invokespecial <init> {reexecute=0 rethrow=0 return_oop=0}
                      ; - java.util.Objects::requireNonNull@8
                      ; - java.lang.invoke.MethodHandle::<init>@6
  0x000001df6b1dce38: 4442 2907 | 488b 4424 | 40e9 0f01 

  0x000001df6b1dce44: ;   {metadata({method} {0x000001df0006e220} '<init>' '(Ljava/lang/invoke/MethodType;Ljava/lang/invoke/LambdaForm;)V' in 'java/lang/invoke/MethodHandle')}
  0x000001df6b1dce44: 0000 49ba | 18e2 0600 | df01 0000 | 4c89 5424 | 0848 c704 | 24ff ffff 

  0x000001df6b1dce5c: ;   {runtime_call counter_overflow Runtime1 stub}
  0x000001df6b1dce5c: ffe8 1eab 

  0x000001df6b1dce60: ; ImmutableOopMap {rdx=Oop [48]=Oop r8=Oop r9=Oop }
                      ;*synchronization entry
                      ; - java.lang.invoke.MethodHandle::<init>@-1
  0x000001df6b1dce60: 3307 e9f2 

  0x000001df6b1dce64: ;   {metadata({method} {0x000001df00000488} '<init>' '()V' in 'java/lang/Object')}
  0x000001df6b1dce64: fcff ff49 | ba80 0400 | 00df 0100 | 004c 8954 | 2408 48c7 | 0424 ffff 

  0x000001df6b1dce7c: ;   {runtime_call counter_overflow Runtime1 stub}
  0x000001df6b1dce7c: ffff e8fd 

  0x000001df6b1dce80: ; ImmutableOopMap {rdx=Oop [48]=Oop r8=Oop r9=Oop }
                      ;*synchronization entry
                      ; - java.lang.Object::<init>@-1
                      ; - java.lang.invoke.MethodHandle::<init>@1
  0x000001df6b1dce80: aa33 07e9 | 0efd ffff 

  0x000001df6b1dce88: ;   {metadata({method} {0x000001df0011da30} 'requireNonNull' '(Ljava/lang/Object;)Ljava/lang/Object;' in 'java/util/Objects')}
  0x000001df6b1dce88: 49ba 28da | 1100 df01 | 0000 4c89 | 5424 0848 | c704 24ff 

  0x000001df6b1dce9c: ;   {runtime_call counter_overflow Runtime1 stub}
  0x000001df6b1dce9c: ffff ffe8 

  0x000001df6b1dcea0: ; ImmutableOopMap {rdx=Oop [48]=Oop r8=Oop r9=Oop }
                      ;*synchronization entry
                      ; - java.util.Objects::requireNonNull@-1
                      ; - java.lang.invoke.MethodHandle::<init>@6
  0x000001df6b1dcea0: dcaa 3307 | e927 fdff 

  0x000001df6b1dcea8: ;   {metadata({method} {0x000001df0011da30} 'requireNonNull' '(Ljava/lang/Object;)Ljava/lang/Object;' in 'java/util/Objects')}
  0x000001df6b1dcea8: ff49 ba28 | da11 00df | 0100 004c | 8954 2408 | 48c7 0424 | ffff ffff 

  0x000001df6b1dcec0: ;   {runtime_call counter_overflow Runtime1 stub}
  0x000001df6b1dcec0: e8bb aa33 

  0x000001df6b1dcec4: ; ImmutableOopMap {rdx=Oop [48]=Oop r9=Oop }
                      ;*synchronization entry
                      ; - java.util.Objects::requireNonNull@-1
                      ; - java.lang.invoke.MethodHandle::<init>@17
  0x000001df6b1dcec4: 07e9 96fd 

  0x000001df6b1dcec8: ;   {runtime_call throw_null_pointer_exception Runtime1 stub}
  0x000001df6b1dcec8: ffff e8d1 

  0x000001df6b1dcecc: ; ImmutableOopMap {r9=Oop [48]=Oop }
                      ;*invokevirtual uncustomize {reexecute=0 rethrow=0 return_oop=0}
                      ; - java.lang.invoke.MethodHandle::<init>@23
                      ;   {runtime_call throw_null_pointer_exception Runtime1 stub}
  0x000001df6b1dcecc: 5933 07e8 

  0x000001df6b1dced0: ; ImmutableOopMap {rax=Oop }
                      ;*invokevirtual prepare {reexecute=0 rethrow=0 return_oop=0}
                      ; - java.lang.invoke.MethodHandle::<init>@33
  0x000001df6b1dced0: cc59 3307 

  0x000001df6b1dced4: ;   {internal_word}
  0x000001df6b1dced4: 49ba 21cd | 1d6b df01 | 0000 4d89 | 9768 0300 

  0x000001df6b1dcee4: ;   {runtime_call SafepointBlob}
  0x000001df6b1dcee4: 00e9 16a8 

  0x000001df6b1dcee8: ;   {metadata(NULL)}
  0x000001df6b1dcee8: 2907 48ba | 0000 0000 | 0000 0000 | b800 0f05 

  0x000001df6b1dcef8: ;   {runtime_call load_klass_patching Runtime1 stub}
  0x000001df6b1dcef8: 0ae8 029a 

  0x000001df6b1dcefc: ; ImmutableOopMap {[48]=Oop }
                      ;*new {reexecute=1 rethrow=0 return_oop=0}
                      ; - (reexecute) java.util.Objects::requireNonNull@4
                      ; - java.lang.invoke.MethodHandle::<init>@17
  0x000001df6b1dcefc: 3307 e92d | feff ff48 

  0x000001df6b1dcf04: ;   {runtime_call fast_new_instance Runtime1 stub}
  0x000001df6b1dcf04: 8bd2 e875 

  0x000001df6b1dcf08: ; ImmutableOopMap {[48]=Oop }
                      ;*new {reexecute=0 rethrow=0 return_oop=0}
                      ; - java.util.Objects::requireNonNull@4
                      ; - java.lang.invoke.MethodHandle::<init>@17
  0x000001df6b1dcf08: 6233 07e9 | 73fe ffff 

  0x000001df6b1dcf10: ;   {metadata(NULL)}
  0x000001df6b1dcf10: 48ba 0000 | 0000 0000 | 0000 b800 

  0x000001df6b1dcf1c: ;   {runtime_call load_klass_patching Runtime1 stub}
  0x000001df6b1dcf1c: 0f05 0ae8 

  0x000001df6b1dcf20: ; ImmutableOopMap {[72]=Oop [48]=Oop }
                      ;*new {reexecute=1 rethrow=0 return_oop=0}
                      ; - (reexecute) java.util.Objects::requireNonNull@4
                      ; - java.lang.invoke.MethodHandle::<init>@6
  0x000001df6b1dcf20: dc99 3307 | e997 feff | ff48 8bd2 

  0x000001df6b1dcf2c: ;   {runtime_call fast_new_instance Runtime1 stub}
  0x000001df6b1dcf2c: e84f 6233 

  0x000001df6b1dcf30: ; ImmutableOopMap {[72]=Oop [48]=Oop }
                      ;*new {reexecute=0 rethrow=0 return_oop=0}
                      ; - java.util.Objects::requireNonNull@4
                      ; - java.lang.invoke.MethodHandle::<init>@6
  0x000001df6b1dcf30: 07e9 ddfe | ffff 9090 | 498b 87e0 | 0300 0049 | c787 e003 | 0000 0000 | 0000 49c7 | 87e8 0300 
  0x000001df6b1dcf50: 0000 0000 | 0048 83c4 

  0x000001df6b1dcf58: ;   {runtime_call unwind_exception Runtime1 stub}
  0x000001df6b1dcf58: 605d e9a1 | 792a 07f4 
[Stub Code]
  0x000001df6b1dcf60: ;   {no_reloc}
  0x000001df6b1dcf60: 0f1f 4400 

  0x000001df6b1dcf64: ;   {static_stub}
  0x000001df6b1dcf64: 0048 bb00 | 0000 0000 

  0x000001df6b1dcf6c: ;   {runtime_call}
  0x000001df6b1dcf6c: 0000 00e9 | fbff ffff 

  0x000001df6b1dcf74: ;   {static_stub}
  0x000001df6b1dcf74: 9048 bb58 | 2a08 00df 

  0x000001df6b1dcf7c: ;   {runtime_call I2C/C2I adapters}
  0x000001df6b1dcf7c: 0100 00e9 | cc8a 2907 

  0x000001df6b1dcf84: ;   {static_stub}
  0x000001df6b1dcf84: 9048 bb00 | 0000 0000 

  0x000001df6b1dcf8c: ;   {runtime_call}
  0x000001df6b1dcf8c: 0000 00e9 | fbff ffff 

  0x000001df6b1dcf94: ;   {static_stub}
  0x000001df6b1dcf94: 9048 bb00 | 0000 0000 

  0x000001df6b1dcf9c: ;   {runtime_call}
  0x000001df6b1dcf9c: 0000 00e9 | fbff ffff 
[Exception Handler]
  0x000001df6b1dcfa4: ;   {runtime_call handle_exception_from_callee Runtime1 stub}
  0x000001df6b1dcfa4: e8d7 7633 

  0x000001df6b1dcfa8: ;   {external_word}
  0x000001df6b1dcfa8: 0748 b930 | caf1 27f8 | 7f00 0048 

  0x000001df6b1dcfb4: ;   {runtime_call}
  0x000001df6b1dcfb4: 83e4 f049 | ba70 4cba | 27f8 7f00 | 0041 ffd2 

  0x000001df6b1dcfc4: ;   {section_word}
  0x000001df6b1dcfc4: f449 bac5 | cf1d 6bdf | 0100 0041 

  0x000001df6b1dcfd0: ;   {runtime_call DeoptimizationBlob}
  0x000001df6b1dcfd0: 52e9 ca99 | 2907 f4f4 
[/MachCode]


Compiled method (c1)   19101 2264       3       java.lang.invoke.BoundMethodHandle::<init> (32 bytes)
 total in heap  [0x000001df6b343b10,0x000001df6b343e98] = 904
 relocation     [0x000001df6b343c68,0x000001df6b343ca8] = 64
 main code      [0x000001df6b343cc0,0x000001df6b343de0] = 288
 stub code      [0x000001df6b343de0,0x000001df6b343e28] = 72
 metadata       [0x000001df6b343e28,0x000001df6b343e30] = 8
 scopes data    [0x000001df6b343e30,0x000001df6b343e50] = 32
 scopes pcs     [0x000001df6b343e50,0x000001df6b343e90] = 64
 dependencies   [0x000001df6b343e90,0x000001df6b343e98] = 8

[Constant Pool (empty)]

[MachCode]
[Entry Point]
  # {method} {0x000001df00358da0} '<init>' '(Ljava/lang/invoke/MethodType;Ljava/lang/invoke/LambdaForm;)V' in 'java/lang/invoke/BoundMethodHandle'
  # this:     rdx:rdx   = 'java/lang/invoke/BoundMethodHandle'
  # parm0:    r8:r8     = 'java/lang/invoke/MethodType'
  # parm1:    r9:r9     = 'java/lang/invoke/LambdaForm'
  #           [sp+0x50]  (sp of caller)
  0x000001df6b343cc0: 448b 5208 | 49c1 e203 

  0x000001df6b343cc8: ;   {runtime_call ic_miss_stub}
  0x000001df6b343cc8: 4c3b d00f | 85af d012 | 0766 6666 | 0f1f 8400 | 0000 0000 | 6666 6690 
[Verified Entry Point]
  0x000001df6b343ce0: 8984 2400 | 90ff ff55 | 4883 ec40 

  0x000001df6b343cec: ;   {metadata(method data for {method} {0x000001df00358da0} '<init>' '(Ljava/lang/invoke/MethodType;Ljava/lang/invoke/LambdaForm;)V' in 'java/lang/invoke/BoundMethodHandle')}
  0x000001df6b343cec: 48be 802f | fe00 df01 | 0000 8bbe | cc00 0000 | 83c7 0289 | becc 0000 | 0081 e7fe | 0700 0083 
  0x000001df6b343d0c: ff00 0f84 | 5300 0000 

  0x000001df6b343d14: ;   {metadata(method data for {method} {0x000001df00358da0} '<init>' '(Ljava/lang/invoke/MethodType;Ljava/lang/invoke/LambdaForm;)V' in 'java/lang/invoke/BoundMethodHandle')}
  0x000001df6b343d14: 488b f248 | bf80 2ffe | 00df 0100 | 0048 8387 | 1001 0000 | 0149 8bf1 | 4c8b ce48 | 8bfa 488b 
  0x000001df6b343d34: d748 8974 | 2428 4889 

  0x000001df6b343d3c: ;   {optimized virtual_call}
  0x000001df6b343d3c: 7c24 20e8 

  0x000001df6b343d40: ; ImmutableOopMap {[40]=Oop [32]=Oop }
                      ;*invokespecial <init> {reexecute=0 rethrow=0 return_oop=0}
                      ; - java.lang.invoke.BoundMethodHandle::<init>@3
  0x000001df6b343d40: dc8d e9ff 

  0x000001df6b343d44: ;   {metadata(method data for {method} {0x000001df00358da0} '<init>' '(Ljava/lang/invoke/MethodType;Ljava/lang/invoke/LambdaForm;)V' in 'java/lang/invoke/BoundMethodHandle')}
  0x000001df6b343d44: 48be 802f | fe00 df01 | 0000 ff86 | 2001 0000 | 4883 c440 

  0x000001df6b343d58: ;   {poll_return}
  0x000001df6b343d58: 5d49 3ba7 | 5003 0000 | 0f87 1f00 

  0x000001df6b343d64: ;   {metadata({method} {0x000001df00358da0} '<init>' '(Ljava/lang/invoke/MethodType;Ljava/lang/invoke/LambdaForm;)V' in 'java/lang/invoke/BoundMethodHandle')}
  0x000001df6b343d64: 0000 c349 | ba98 8d35 | 00df 0100 | 004c 8954 | 2408 48c7 | 0424 ffff 

  0x000001df6b343d7c: ;   {runtime_call counter_overflow Runtime1 stub}
  0x000001df6b343d7c: ffff e8fd 

  0x000001df6b343d80: ; ImmutableOopMap {rdx=Oop r8=Oop r9=Oop }
                      ;*synchronization entry
                      ; - java.lang.invoke.BoundMethodHandle::<init>@-1
  0x000001df6b343d80: 3b1d 07eb 

  0x000001df6b343d84: ;   {internal_word}
  0x000001df6b343d84: 8f49 ba59 | 3d34 6bdf | 0100 004d | 8997 6803 

  0x000001df6b343d94: ;   {runtime_call SafepointBlob}
  0x000001df6b343d94: 0000 e965 | 3913 0790 | 9049 8b87 | e003 0000 | 49c7 87e0 | 0300 0000 | 0000 0049 | c787 e803 
  0x000001df6b343db4: 0000 0000 | 0000 4883 

  0x000001df6b343dbc: ;   {runtime_call unwind_exception Runtime1 stub}
  0x000001df6b343dbc: c440 5de9 | 3c0b 1407 | f4f4 f4f4 | f4f4 f4f4 | f4f4 f4f4 | f4f4 f4f4 | f4f4 f4f4 | f4f4 f4f4 
  0x000001df6b343ddc: f4f4 f4f4 
[Stub Code]
  0x000001df6b343de0: ;   {no_reloc}
  0x000001df6b343de0: 0f1f 4400 

  0x000001df6b343de4: ;   {static_stub}
  0x000001df6b343de4: 0048 bb00 | 0000 0000 

  0x000001df6b343dec: ;   {runtime_call}
  0x000001df6b343dec: 0000 00e9 | fbff ffff 
[Exception Handler]
  0x000001df6b343df4: ;   {runtime_call handle_exception_from_callee Runtime1 stub}
  0x000001df6b343df4: e887 081d 

  0x000001df6b343df8: ;   {external_word}
  0x000001df6b343df8: 0748 b930 | caf1 27f8 | 7f00 0048 

  0x000001df6b343e04: ;   {runtime_call}
  0x000001df6b343e04: 83e4 f049 | ba70 4cba | 27f8 7f00 | 0041 ffd2 

  0x000001df6b343e14: ;   {section_word}
  0x000001df6b343e14: f449 ba15 | 3e34 6bdf | 0100 0041 

  0x000001df6b343e20: ;   {runtime_call DeoptimizationBlob}
  0x000001df6b343e20: 52e9 7a2b | 1307 f4f4 
[/MachCode]


---------------  P R O C E S S  ---------------

Threads class SMR info:
_java_thread_list=0x000001df7dcf52d0, length=18, elements={
0x000001df66a90ce0, 0x000001df66b4e6d0, 0x000001df7c7e1f00, 0x000001df7c809680,
0x000001df7c80a410, 0x000001df7c80b940, 0x000001df7c80d580, 0x000001df7c810930,
0x000001df7c8265e0, 0x000001df7c83e2b0, 0x000001df66af6370, 0x000001df7dd5cbd0,
0x000001df7e55d210, 0x000001df7ddb0cb0, 0x000001df7ddb41b0, 0x000001df7e43e670,
0x000001df7dd242f0, 0x000001df7e150ce0
}

Java Threads: ( => current thread )
  0x000001df66a90ce0 JavaThread "main" [_thread_blocked, id=13748, stack(0x00000043ead00000,0x00000043eae00000)]
  0x000001df66b4e6d0 JavaThread "Reference Handler" daemon [_thread_blocked, id=14184, stack(0x00000043eb000000,0x00000043eb100000)]
  0x000001df7c7e1f00 JavaThread "Finalizer" daemon [_thread_blocked, id=14324, stack(0x00000043eb100000,0x00000043eb200000)]
  0x000001df7c809680 JavaThread "Signal Dispatcher" daemon [_thread_blocked, id=12632, stack(0x00000043eb200000,0x00000043eb300000)]
  0x000001df7c80a410 JavaThread "Attach Listener" daemon [_thread_blocked, id=4732, stack(0x00000043eb300000,0x00000043eb400000)]
  0x000001df7c80b940 JavaThread "Service Thread" daemon [_thread_blocked, id=2976, stack(0x00000043eb400000,0x00000043eb500000)]
  0x000001df7c80d580 JavaThread "Monitor Deflation Thread" daemon [_thread_blocked, id=12484, stack(0x00000043eb500000,0x00000043eb600000)]
  0x000001df7c810930 JavaThread "C2 CompilerThread0" daemon [_thread_blocked, id=6020, stack(0x00000043eb600000,0x00000043eb700000)]
  0x000001df7c8265e0 JavaThread "C1 CompilerThread0" daemon [_thread_blocked, id=12276, stack(0x00000043eb700000,0x00000043eb800000)]
  0x000001df7c83e2b0 JavaThread "Sweeper thread" daemon [_thread_blocked, id=13520, stack(0x00000043eb800000,0x00000043eb900000)]
  0x000001df66af6370 JavaThread "Common-Cleaner" daemon [_thread_blocked, id=11380, stack(0x00000043eb900000,0x00000043eba00000)]
  0x000001df7dd5cbd0 JavaThread "Notification Thread" daemon [_thread_blocked, id=8300, stack(0x00000043eba00000,0x00000043ebb00000)]
  0x000001df7e55d210 JavaThread "Active Thread: Equinox Container: e97cfc67-a380-4327-937a-1354e388059b" [_thread_blocked, id=13064, stack(0x00000043ebf00000,0x00000043ec000000)]
  0x000001df7ddb0cb0 JavaThread "Framework Event Dispatcher: Equinox Container: e97cfc67-a380-4327-937a-1354e388059b" daemon [_thread_blocked, id=11764, stack(0x00000043ec000000,0x00000043ec100000)]
=>0x000001df7ddb41b0 JavaThread "Start Level: Equinox Container: e97cfc67-a380-4327-937a-1354e388059b" daemon [_thread_in_vm, id=2328, stack(0x00000043ec100000,0x00000043ec200000)]
  0x000001df7e43e670 JavaThread "Bundle File Closer" daemon [_thread_blocked, id=2688, stack(0x00000043ec200000,0x00000043ec300000)]
  0x000001df7dd242f0 JavaThread "SCR Component Actor" daemon [_thread_blocked, id=13592, stack(0x00000043ec300000,0x00000043ec400000)]
  0x000001df7e150ce0 JavaThread "SCR Component Registry" daemon [_thread_blocked, id=13448, stack(0x00000043ec400000,0x00000043ec500000)]

Other Threads:
  0x000001df7c7cc210 VMThread "VM Thread" [stack: 0x00000043eaf00000,0x00000043eb000000] [id=12576] _threads_hazard_ptr=0x000001df7dcf52d0
  0x000001df7dc65fa0 WatcherThread [stack: 0x00000043ebb00000,0x00000043ebc00000] [id=9596]
  0x000001df66aa7df0 GCTaskThread "GC Thread#0" [stack: 0x00000043eae00000,0x00000043eaf00000] [id=4708]
  0x000001df7e1cd590 GCTaskThread "GC Thread#1" [stack: 0x00000043ebc00000,0x00000043ebd00000] [id=10404]
  0x000001df7e1d6c80 GCTaskThread "GC Thread#2" [stack: 0x00000043ebd00000,0x00000043ebe00000] [id=9236]
  0x000001df7df48c80 GCTaskThread "GC Thread#3" [stack: 0x00000043ebe00000,0x00000043ebf00000] [id=6320]

Threads with active compile tasks:

VM state: synchronizing (normal execution)

VM Mutex/Monitor currently owned by a thread:  ([mutex/lock_event])
[0x000001df66a7e4d0] Metaspace_lock - owner thread: 0x000001df7ddb41b0
[0x000001df66a7f7a0] Threads_lock - owner thread: 0x000001df7c7cc210

Heap address: 0x00000000c0000000, size: 1024 MB, Compressed Oops mode: 32-bit

CDS archive(s) not mapped
Compressed class space mapped at: 0x0000000100000000-0x0000000140000000, reserved size: 1073741824
Narrow klass base: 0x0000000000000000, Narrow klass shift: 3, Narrow klass range: 0x140000000

GC Precious Log:
 CPUs: 4 total, 4 available
 Memory: 3999M
 Large Page Support: Disabled
 NUMA Support: Disabled
 Compressed Oops: Enabled (32-bit)
 Alignments: Space 512K, Generation 512K, Heap 2M
 Heap Min Capacity: 100M
 Heap Initial Capacity: 100M
 Heap Max Capacity: 1G
 Pre-touch: Disabled
 Parallel Workers: 4

Heap:
 PSYoungGen      total 29696K, used 23680K [0x00000000eab00000, 0x00000000ecc00000, 0x0000000100000000)
  eden space 25600K, 76% used [0x00000000eab00000,0x00000000ebe237b8,0x00000000ec400000)
  from space 4096K, 99% used [0x00000000ec400000,0x00000000ec7fc928,0x00000000ec800000)
  to   space 4096K, 0% used [0x00000000ec800000,0x00000000ec800000,0x00000000ecc00000)
 ParOldGen       total 68608K, used 5366K [0x00000000c0000000, 0x00000000c4300000, 0x00000000eab00000)
  object space 68608K, 7% used [0x00000000c0000000,0x00000000c053d820,0x00000000c4300000)
 Metaspace       used 19395K, committed 19712K, reserved 1114112K
  class space    used 1968K, committed 2112K, reserved 1048576K

Card table byte_map: [0x000001df7a0d0000,0x000001df7a2e0000] _byte_map_base: 0x000001df79ad0000

Marking Bits: (ParMarkBitMap*) 0x00007ff8281958b0
 Begin Bits: [0x000001df7a440000, 0x000001df7b440000)
 End Bits:   [0x000001df7b440000, 0x000001df7c440000)

Polling page: 0x000001df668d0000

Metaspace:

Usage:
  Non-class:     17.02 MB used.
      Class:      1.92 MB used.
       Both:     18.94 MB used.

Virtual space:
  Non-class space:       64.00 MB reserved,      17.19 MB ( 27%) committed,  1 nodes.
      Class space:        1.00 GB reserved,       2.06 MB ( <1%) committed,  1 nodes.
             Both:        1.06 GB reserved,      19.25 MB (  2%) committed. 

Chunk freelists:
   Non-Class:  13.94 MB
       Class:  13.84 MB
        Both:  27.78 MB

MaxMetaspaceSize: unlimited
CompressedClassSpaceSize: 1.00 GB
Initial GC threshold: 21.00 MB
Current GC threshold: 21.00 MB
CDS: off
MetaspaceReclaimPolicy: balanced
 - commit_granule_bytes: 65536.
 - commit_granule_words: 8192.
 - virtual_space_node_default_size: 8388608.
 - enlarge_chunks_in_place: 1.
 - new_chunks_are_fully_committed: 0.
 - uncommit_free_chunks: 1.
 - use_allocation_guard: 0.
 - handle_deallocations: 1.


Internal statistics:

num_allocs_failed_limit: 0.
num_arena_births: 178.
num_arena_deaths: 0.
num_vsnodes_births: 2.
num_vsnodes_deaths: 0.
num_space_committed: 308.
num_space_uncommitted: 0.
num_chunks_returned_to_freelist: 0.
num_chunks_taken_from_freelist: 550.
num_chunk_merges: 0.
num_chunk_splits: 351.
num_chunks_enlarged: 242.
num_inconsistent_stats: 0.

CodeHeap 'non-profiled nmethods': size=120000Kb used=1075Kb max_used=1075Kb free=118924Kb
 bounds [0x000001df729c0000, 0x000001df72c30000, 0x000001df79ef0000]
CodeHeap 'profiled nmethods': size=120000Kb used=5101Kb max_used=5101Kb free=114898Kb
 bounds [0x000001df6aef0000, 0x000001df6b3f0000, 0x000001df72420000]
CodeHeap 'non-nmethods': size=5760Kb used=1180Kb max_used=1204Kb free=4579Kb
 bounds [0x000001df72420000, 0x000001df72690000, 0x000001df729c0000]
 total_blobs=2993 nmethods=2516 adapters=391
 compilation: enabled
              stopped_count=0, restarted_count=0
 full_count=0

Compilation events (20 events):
Event: 17.103 Thread 0x000001df7c810930 2508       4       java.util.Arrays::copyOf (40 bytes)
Event: 17.105 Thread 0x000001df7c8265e0 2509       3       org.eclipse.osgi.internal.loader.sources.SingleSourcePackage::loadClass (9 bytes)
Event: 17.106 Thread 0x000001df7c8265e0 nmethod 2509 0x000001df6b3e2890 code [0x000001df6b3e2a40, 0x000001df6b3e2c08]
Event: 17.108 Thread 0x000001df7c810930 nmethod 2508 0x000001df72acc010 code [0x000001df72acc1a0, 0x000001df72acc638]
Event: 17.116 Thread 0x000001df7c8265e0 2510   !   3       org.eclipse.osgi.internal.loader.classpath.ClasspathManager::defineClass (636 bytes)
Event: 17.120 Thread 0x000001df7c8265e0 nmethod 2510 0x000001df6b3e2d10 code [0x000001df6b3e3260, 0x000001df6b3e6598]
Event: 17.137 Thread 0x000001df7c8265e0 2511  s    3       java.io.FileDescriptor::attach (73 bytes)
Event: 17.138 Thread 0x000001df7c8265e0 nmethod 2511 0x000001df6b3e7b10 code [0x000001df6b3e7d40, 0x000001df6b3e86e8]
Event: 17.163 Thread 0x000001df7c8265e0 2512       3       org.eclipse.core.internal.registry.TableReader::readStringOrNull (18 bytes)
Event: 17.163 Thread 0x000001df7c8265e0 nmethod 2512 0x000001df6b3e8a10 code [0x000001df6b3e8c00, 0x000001df6b3e9048]
Event: 17.183 Thread 0x000001df7c8265e0 2513       3       java.util.ArrayList::rangeCheckForAdd (26 bytes)
Event: 17.184 Thread 0x000001df7c8265e0 nmethod 2513 0x000001df6b3e9210 code [0x000001df6b3e9440, 0x000001df6b3e9ac8]
Event: 17.186 Thread 0x000001df7c8265e0 2514       3       java.lang.invoke.Invokers$Holder::linkToTargetMethod (10 bytes)
Event: 17.186 Thread 0x000001df7c8265e0 nmethod 2514 0x000001df6b3e9d90 code [0x000001df6b3e9f40, 0x000001df6b3ea358]
Event: 17.186 Thread 0x000001df7c8265e0 2515       3       org.eclipse.osgi.framework.eventmgr.ListenerQueue::<init> (38 bytes)
Event: 17.187 Thread 0x000001df7c8265e0 nmethod 2515 0x000001df6b3ea410 code [0x000001df6b3ea5e0, 0x000001df6b3eaa08]
Event: 17.205 Thread 0x000001df7c810930 2516       4       java.lang.String::lastIndexOf (29 bytes)
Event: 17.207 Thread 0x000001df7c8265e0 2517       3       java.util.Hashtable$Enumerator::nextElement (111 bytes)
Event: 17.207 Thread 0x000001df7c8265e0 nmethod 2517 0x000001df6b3eab90 code [0x000001df6b3ead60, 0x000001df6b3eb1a8]
Event: 17.210 Thread 0x000001df7c810930 nmethod 2516 0x000001df72acc890 code [0x000001df72acca20, 0x000001df72accc18]

GC Heap History (6 events):
Event: 2.869 GC heap before
{Heap before GC invocations=1 (full 0):
 PSYoungGen      total 29696K, used 25600K [0x00000000eab00000, 0x00000000ecc00000, 0x0000000100000000)
  eden space 25600K, 100% used [0x00000000eab00000,0x00000000ec400000,0x00000000ec400000)
  from space 4096K, 0% used [0x00000000ec800000,0x00000000ec800000,0x00000000ecc00000)
  to   space 4096K, 0% used [0x00000000ec400000,0x00000000ec400000,0x00000000ec800000)
 ParOldGen       total 68608K, used 0K [0x00000000c0000000, 0x00000000c4300000, 0x00000000eab00000)
  object space 68608K, 0% used [0x00000000c0000000,0x00000000c0000000,0x00000000c4300000)
 Metaspace       used 10936K, committed 11072K, reserved 1114112K
  class space    used 1083K, committed 1152K, reserved 1048576K
}
Event: 2.878 GC heap after
{Heap after GC invocations=1 (full 0):
 PSYoungGen      total 29696K, used 3156K [0x00000000eab00000, 0x00000000ecc00000, 0x0000000100000000)
  eden space 25600K, 0% used [0x00000000eab00000,0x00000000eab00000,0x00000000ec400000)
  from space 4096K, 77% used [0x00000000ec400000,0x00000000ec715350,0x00000000ec800000)
  to   space 4096K, 0% used [0x00000000ec800000,0x00000000ec800000,0x00000000ecc00000)
 ParOldGen       total 68608K, used 16K [0x00000000c0000000, 0x00000000c4300000, 0x00000000eab00000)
  object space 68608K, 0% used [0x00000000c0000000,0x00000000c0004000,0x00000000c4300000)
 Metaspace       used 10936K, committed 11072K, reserved 1114112K
  class space    used 1083K, committed 1152K, reserved 1048576K
}
Event: 7.095 GC heap before
{Heap before GC invocations=2 (full 0):
 PSYoungGen      total 29696K, used 28756K [0x00000000eab00000, 0x00000000ecc00000, 0x0000000100000000)
  eden space 25600K, 100% used [0x00000000eab00000,0x00000000ec400000,0x00000000ec400000)
  from space 4096K, 77% used [0x00000000ec400000,0x00000000ec715350,0x00000000ec800000)
  to   space 4096K, 0% used [0x00000000ec800000,0x00000000ec800000,0x00000000ecc00000)
 ParOldGen       total 68608K, used 16K [0x00000000c0000000, 0x00000000c4300000, 0x00000000eab00000)
  object space 68608K, 0% used [0x00000000c0000000,0x00000000c0004000,0x00000000c4300000)
 Metaspace       used 14579K, committed 14784K, reserved 1114112K
  class space    used 1452K, committed 1536K, reserved 1048576K
}
Event: 7.107 GC heap after
{Heap after GC invocations=2 (full 0):
 PSYoungGen      total 29696K, used 4068K [0x00000000eab00000, 0x00000000ecc00000, 0x0000000100000000)
  eden space 25600K, 0% used [0x00000000eab00000,0x00000000eab00000,0x00000000ec400000)
  from space 4096K, 99% used [0x00000000ec800000,0x00000000ecbf9340,0x00000000ecc00000)
  to   space 4096K, 0% used [0x00000000ec400000,0x00000000ec400000,0x00000000ec800000)
 ParOldGen       total 68608K, used 1560K [0x00000000c0000000, 0x00000000c4300000, 0x00000000eab00000)
  object space 68608K, 2% used [0x00000000c0000000,0x00000000c0186040,0x00000000c4300000)
 Metaspace       used 14579K, committed 14784K, reserved 1114112K
  class space    used 1452K, committed 1536K, reserved 1048576K
}
Event: 13.797 GC heap before
{Heap before GC invocations=3 (full 0):
 PSYoungGen      total 29696K, used 29668K [0x00000000eab00000, 0x00000000ecc00000, 0x0000000100000000)
  eden space 25600K, 100% used [0x00000000eab00000,0x00000000ec400000,0x00000000ec400000)
  from space 4096K, 99% used [0x00000000ec800000,0x00000000ecbf9340,0x00000000ecc00000)
  to   space 4096K, 0% used [0x00000000ec400000,0x00000000ec400000,0x00000000ec800000)
 ParOldGen       total 68608K, used 1560K [0x00000000c0000000, 0x00000000c4300000, 0x00000000eab00000)
  object space 68608K, 2% used [0x00000000c0000000,0x00000000c0186040,0x00000000c4300000)
 Metaspace       used 16055K, committed 16320K, reserved 1114112K
  class space    used 1607K, committed 1728K, reserved 1048576K
}
Event: 13.806 GC heap after
{Heap after GC invocations=3 (full 0):
 PSYoungGen      total 29696K, used 4082K [0x00000000eab00000, 0x00000000ecc00000, 0x0000000100000000)
  eden space 25600K, 0% used [0x00000000eab00000,0x00000000eab00000,0x00000000ec400000)
  from space 4096K, 99% used [0x00000000ec400000,0x00000000ec7fc928,0x00000000ec800000)
  to   space 4096K, 0% used [0x00000000ec800000,0x00000000ec800000,0x00000000ecc00000)
 ParOldGen       total 68608K, used 5366K [0x00000000c0000000, 0x00000000c4300000, 0x00000000eab00000)
  object space 68608K, 7% used [0x00000000c0000000,0x00000000c053d820,0x00000000c4300000)
 Metaspace       used 16055K, committed 16320K, reserved 1114112K
  class space    used 1607K, committed 1728K, reserved 1048576K
}

Dll operation events (9 events):
Event: 0.011 Loaded shared library c:\Users\ZIDANE\.vscode\extensions\redhat.java-1.35.0-win32-x64\jre\17.0.12-win32-x86_64\bin\java.dll
Event: 0.502 Loaded shared library c:\Users\ZIDANE\.vscode\extensions\redhat.java-1.35.0-win32-x64\jre\17.0.12-win32-x86_64\bin\zip.dll
Event: 0.513 Loaded shared library C:\Users\ZIDANE\.vscode\extensions\redhat.java-1.35.0-win32-x64\jre\17.0.12-win32-x86_64\bin\instrument.dll
Event: 0.577 Loaded shared library C:\Users\ZIDANE\.vscode\extensions\redhat.java-1.35.0-win32-x64\jre\17.0.12-win32-x86_64\bin\net.dll
Event: 0.591 Loaded shared library C:\Users\ZIDANE\.vscode\extensions\redhat.java-1.35.0-win32-x64\jre\17.0.12-win32-x86_64\bin\nio.dll
Event: 0.611 Loaded shared library C:\Users\ZIDANE\.vscode\extensions\redhat.java-1.35.0-win32-x64\jre\17.0.12-win32-x86_64\bin\zip.dll
Event: 0.694 Loaded shared library C:\Users\ZIDANE\.vscode\extensions\redhat.java-1.35.0-win32-x64\jre\17.0.12-win32-x86_64\bin\jimage.dll
Event: 0.985 Loaded shared library c:\Users\ZIDANE\.vscode\extensions\redhat.java-1.35.0-win32-x64\jre\17.0.12-win32-x86_64\bin\verify.dll
Event: 6.777 Loaded shared library C:\Users\ZIDANE\AppData\Roaming\Code\User\globalStorage\redhat.java\1.35.0\config_win\org.eclipse.equinox.launcher\org.eclipse.equinox.launcher.win32.win32.x86_64_1.2.1100.v20240722-2106\eclipse_11904.dll

Deoptimization events (20 events):
Event: 16.009 Thread 0x000001df7ddb41b0 Uncommon trap: trap_request=0xffffffde fr.pc=0x000001df72a1fb04 relative=0x00000000000012a4
Event: 16.009 Thread 0x000001df7ddb41b0 Uncommon trap: reason=class_check action=maybe_recompile pc=0x000001df72a1fb04 method=java.io.DataInputStream.readFully([BII)V @ 30 c2
Event: 16.009 Thread 0x000001df7ddb41b0 DEOPT PACKING pc=0x000001df72a1fb04 sp=0x00000043ec1fb720
Event: 16.009 Thread 0x000001df7ddb41b0 DEOPT UNPACKING pc=0x000001df724766a3 sp=0x00000043ec1fb668 mode 2
Event: 16.010 Thread 0x000001df7ddb41b0 Uncommon trap: trap_request=0xffffffde fr.pc=0x000001df72a1fb04 relative=0x00000000000012a4
Event: 16.010 Thread 0x000001df7ddb41b0 Uncommon trap: reason=class_check action=maybe_recompile pc=0x000001df72a1fb04 method=java.io.DataInputStream.readFully([BII)V @ 30 c2
Event: 16.010 Thread 0x000001df7ddb41b0 DEOPT PACKING pc=0x000001df72a1fb04 sp=0x00000043ec1fb720
Event: 16.010 Thread 0x000001df7ddb41b0 DEOPT UNPACKING pc=0x000001df724766a3 sp=0x00000043ec1fb668 mode 2
Event: 16.010 Thread 0x000001df7ddb41b0 Uncommon trap: trap_request=0xffffffde fr.pc=0x000001df72a1fb04 relative=0x00000000000012a4
Event: 16.010 Thread 0x000001df7ddb41b0 Uncommon trap: reason=class_check action=maybe_recompile pc=0x000001df72a1fb04 method=java.io.DataInputStream.readFully([BII)V @ 30 c2
Event: 16.010 Thread 0x000001df7ddb41b0 DEOPT PACKING pc=0x000001df72a1fb04 sp=0x00000043ec1fb720
Event: 16.010 Thread 0x000001df7ddb41b0 DEOPT UNPACKING pc=0x000001df724766a3 sp=0x00000043ec1fb668 mode 2
Event: 17.015 Thread 0x000001df7ddb41b0 Uncommon trap: trap_request=0xffffffcc fr.pc=0x000001df72aca278 relative=0x00000000000001d8
Event: 17.015 Thread 0x000001df7ddb41b0 Uncommon trap: reason=intrinsic_or_type_checked_inlining action=make_not_entrant pc=0x000001df72aca278 method=java.util.Arrays.copyOf([Ljava/lang/Object;ILjava/lang/Class;)[Ljava/lang/Object; @ 35 c2
Event: 17.016 Thread 0x000001df7ddb41b0 DEOPT PACKING pc=0x000001df72aca278 sp=0x00000043ec1fe2c0
Event: 17.016 Thread 0x000001df7ddb41b0 DEOPT UNPACKING pc=0x000001df724766a3 sp=0x00000043ec1fe250 mode 2
Event: 17.078 Thread 0x000001df7ddb41b0 Uncommon trap: trap_request=0xffffff45 fr.pc=0x000001df72a58714 relative=0x0000000000000c74
Event: 17.078 Thread 0x000001df7ddb41b0 Uncommon trap: reason=unstable_if action=reinterpret pc=0x000001df72a58714 method=java.io.WinNTFileSystem.normalize(Ljava/lang/String;II)Ljava/lang/String; @ 100 c2
Event: 17.078 Thread 0x000001df7ddb41b0 DEOPT PACKING pc=0x000001df72a58714 sp=0x00000043ec1fcb70
Event: 17.078 Thread 0x000001df7ddb41b0 DEOPT UNPACKING pc=0x000001df724766a3 sp=0x00000043ec1fcb48 mode 2

Classes loaded (20 events):
Event: 14.180 Loading class java/util/concurrent/locks/ReentrantLock$FairSync
Event: 14.180 Loading class java/util/concurrent/locks/ReentrantLock$FairSync done
Event: 14.183 Loading class java/util/Collections$ReverseComparator
Event: 14.184 Loading class java/util/Collections$ReverseComparator done
Event: 14.695 Loading class java/lang/CloneNotSupportedException
Event: 14.696 Loading class java/lang/CloneNotSupportedException done
Event: 15.170 Loading class java/util/TreeMap$Values
Event: 15.170 Loading class java/util/TreeMap$Values done
Event: 15.170 Loading class java/util/TreeMap$ValueIterator
Event: 15.170 Loading class java/util/TreeMap$ValueIterator done
Event: 15.349 Loading class java/nio/file/NoSuchFileException
Event: 15.349 Loading class java/nio/file/FileSystemException
Event: 15.349 Loading class java/nio/file/FileSystemException done
Event: 15.350 Loading class java/nio/file/NoSuchFileException done
Event: 16.313 Loading class java/lang/Process
Event: 16.313 Loading class java/lang/Process done
Event: 17.007 Loading class java/util/Comparators$NaturalOrderComparator
Event: 17.008 Loading class java/util/Comparators$NaturalOrderComparator done
Event: 17.008 Loading class java/util/Collections$ReverseComparator2
Event: 17.013 Loading class java/util/Collections$ReverseComparator2 done

Classes unloaded (0 events):
No events

Classes redefined (0 events):
No events

Internal exceptions (20 events):
Event: 2.697 Thread 0x000001df66a90ce0 Implicit null exception at 0x000001df729ff20c to 0x000001df729ff44c
Event: 2.697 Thread 0x000001df66a90ce0 Implicit null exception at 0x000001df72a0f76c to 0x000001df72a0f94c
Event: 2.697 Thread 0x000001df66a90ce0 Implicit null exception at 0x000001df729fe88f to 0x000001df729fe905
Event: 2.884 Thread 0x000001df66a90ce0 Exception <a 'java/lang/NoSuchMethodError'{0x00000000eab12988}: 'int java.lang.invoke.DirectMethodHandle$Holder.invokeStaticInit(java.lang.Object, java.lang.Object, java.lang.Object, java.lang.Object)'> (0x00000000eab12988) 
thrown [s\src\hotspot\share\interpreter\linkResolver.cpp, line 759]
Event: 2.887 Thread 0x000001df66a90ce0 Exception <a 'java/lang/NoSuchMethodError'{0x00000000eab1d0f0}: 'java.lang.Object java.lang.invoke.DirectMethodHandle$Holder.invokeInterface(java.lang.Object, java.lang.Object)'> (0x00000000eab1d0f0) 
thrown [s\src\hotspot\share\interpreter\linkResolver.cpp, line 759]
Event: 2.888 Thread 0x000001df66a90ce0 Exception <a 'java/lang/IncompatibleClassChangeError'{0x00000000eab208e8}: Found class java.lang.Object, but interface was expected> (0x00000000eab208e8) 
thrown [s\src\hotspot\share\interpreter\linkResolver.cpp, line 826]
Event: 2.889 Thread 0x000001df66a90ce0 Exception <a 'java/lang/NoSuchMethodError'{0x00000000eab24dc8}: 'void java.lang.invoke.DirectMethodHandle$Holder.invokeStatic(java.lang.Object, java.lang.Object)'> (0x00000000eab24dc8) 
thrown [s\src\hotspot\share\interpreter\linkResolver.cpp, line 759]
Event: 2.889 Thread 0x000001df66a90ce0 Exception <a 'java/lang/NoSuchMethodError'{0x00000000eab285c8}: 'void java.lang.invoke.DirectMethodHandle$Holder.invokeStaticInit(java.lang.Object, java.lang.Object)'> (0x00000000eab285c8) 
thrown [s\src\hotspot\share\interpreter\linkResolver.cpp, line 759]
Event: 2.891 Thread 0x000001df66a90ce0 Exception <a 'java/lang/NoSuchMethodError'{0x00000000eab2fac8}: 'int java.lang.invoke.DirectMethodHandle$Holder.invokeStaticInit(java.lang.Object, java.lang.Object)'> (0x00000000eab2fac8) 
thrown [s\src\hotspot\share\interpreter\linkResolver.cpp, line 759]
Event: 3.321 Thread 0x000001df66a90ce0 Exception <a 'java/lang/NoSuchMethodError'{0x00000000eacbc908}: 'void java.lang.invoke.DirectMethodHandle$Holder.invokeSpecial(java.lang.Object, java.lang.Object, java.lang.Object)'> (0x00000000eacbc908) 
thrown [s\src\hotspot\share\interpreter\linkResolver.cpp, line 759]
Event: 5.108 Thread 0x000001df66a90ce0 Exception <a 'java/lang/NoSuchMethodError'{0x00000000ebae9aa0}: 'java.lang.Object java.lang.invoke.DirectMethodHandle$Holder.newInvokeSpecial(java.lang.Object, int, java.lang.Object)'> (0x00000000ebae9aa0) 
thrown [s\src\hotspot\share\interpreter\linkResolver.cpp, line 759]
Event: 6.765 Thread 0x000001df66a90ce0 Exception <a 'java/lang/UnsatisfiedLinkError'{0x00000000ec0dc750}: 'void org.eclipse.equinox.launcher.JNIBridge._update_splash()'> (0x00000000ec0dc750) 
thrown [s\src\hotspot\share\prims\nativeLookup.cpp, line 543]
Event: 7.123 Thread 0x000001df7ddb41b0 Exception <a 'java/lang/NoSuchMethodError'{0x00000000eab44850}: 'java.lang.Object java.lang.invoke.DirectMethodHandle$Holder.invokeStaticInit(java.lang.Object)'> (0x00000000eab44850) 
thrown [s\src\hotspot\share\interpreter\linkResolver.cpp, line 759]
Event: 7.223 Thread 0x000001df7ddb41b0 Exception <a 'java/lang/NoSuchMethodError'{0x00000000eacae448}: 'java.lang.Object java.lang.invoke.DirectMethodHandle$Holder.newInvokeSpecial(java.lang.Object, java.lang.Object, int, java.lang.Object)'> (0x00000000eacae448) 
thrown [s\src\hotspot\share\interpreter\linkResolver.cpp, line 759]
Event: 7.224 Thread 0x000001df7ddb41b0 Exception <a 'java/lang/NoSuchMethodError'{0x00000000eacb2730}: 'java.lang.Object java.lang.invoke.DirectMethodHandle$Holder.invokeSpecial(java.lang.Object, java.lang.Object, java.lang.Object, int, java.lang.Object)'> (0x00000000eacb2730) 
thrown [s\src\hotspot\share\interpreter\linkResolver.cpp, line 759]
Event: 7.531 Thread 0x000001df7ddb41b0 Exception <a 'java/lang/ClassNotFoundException'{0x00000000eaeeb9d8}: sun/util/logging/resources/spi/loggingProvider> (0x00000000eaeeb9d8) 
thrown [s\src\hotspot\share\classfile\systemDictionary.cpp, line 256]
Event: 13.873 Thread 0x000001df7ddb41b0 Exception <a 'java/lang/NullPointerException'{0x00000000eadb22c8}> (0x00000000eadb22c8) 
thrown [s\src\hotspot\share\interpreter\linkResolver.cpp, line 1350]
Event: 13.873 Thread 0x000001df7ddb41b0 Exception <a 'java/lang/NullPointerException'{0x00000000eadb25a0}> (0x00000000eadb25a0) 
thrown [s\src\hotspot\share\interpreter\linkResolver.cpp, line 1350]
Event: 15.961 Thread 0x000001df7ddb41b0 Exception <a 'java/io/FileNotFoundException'{0x00000000eb92d310}> (0x00000000eb92d310) 
thrown [s\src\hotspot\share\prims\jni.cpp, line 516]
Event: 16.997 Thread 0x000001df7ddb41b0 Exception <a 'java/lang/NoSuchMethodError'{0x00000000ebcf3bf0}: 'java.lang.Object java.lang.invoke.Invokers$Holder.invokeExact_MT(java.lang.Object, java.lang.Object, java.lang.Object, java.lang.Object, java.lang.Object, java.lang.Object)'> (0x00000000ebcf3bf0) 
thrown [s\src\hotspot\share\interpreter\linkResolver.cpp, line 759]

VM Operations (20 events):
Event: 8.036 Executing VM operation: HandshakeAllThreads
Event: 8.036 Executing VM operation: HandshakeAllThreads done
Event: 9.045 Executing VM operation: Cleanup
Event: 9.045 Executing VM operation: Cleanup done
Event: 10.059 Executing VM operation: Cleanup
Event: 10.059 Executing VM operation: Cleanup done
Event: 11.063 Executing VM operation: Cleanup
Event: 11.064 Executing VM operation: Cleanup done
Event: 12.064 Executing VM operation: Cleanup
Event: 12.064 Executing VM operation: Cleanup done
Event: 13.072 Executing VM operation: Cleanup
Event: 13.072 Executing VM operation: Cleanup done
Event: 13.797 Executing VM operation: ParallelGCFailedAllocation
Event: 13.808 Executing VM operation: ParallelGCFailedAllocation done
Event: 13.869 Executing VM operation: HandshakeAllThreads
Event: 13.869 Executing VM operation: HandshakeAllThreads done
Event: 14.875 Executing VM operation: Cleanup
Event: 14.875 Executing VM operation: Cleanup done
Event: 16.876 Executing VM operation: Cleanup
Event: 16.876 Executing VM operation: Cleanup done

Events (18 events):
Event: 0.132 Thread 0x000001df66a90ce0 Thread added: 0x000001df66a90ce0
Event: 0.148 Thread 0x000001df66b4e6d0 Thread added: 0x000001df66b4e6d0
Event: 0.148 Thread 0x000001df7c7e1f00 Thread added: 0x000001df7c7e1f00
Event: 0.199 Thread 0x000001df7c809680 Thread added: 0x000001df7c809680
Event: 0.199 Thread 0x000001df7c80a410 Thread added: 0x000001df7c80a410
Event: 0.199 Thread 0x000001df7c80b940 Thread added: 0x000001df7c80b940
Event: 0.200 Thread 0x000001df7c80d580 Thread added: 0x000001df7c80d580
Event: 0.200 Thread 0x000001df7c810930 Thread added: 0x000001df7c810930
Event: 0.200 Thread 0x000001df7c8265e0 Thread added: 0x000001df7c8265e0
Event: 0.201 Thread 0x000001df7c83e2b0 Thread added: 0x000001df7c83e2b0
Event: 0.353 Thread 0x000001df66af6370 Thread added: 0x000001df66af6370
Event: 1.302 Thread 0x000001df7dd5cbd0 Thread added: 0x000001df7dd5cbd0
Event: 4.885 Thread 0x000001df7e55d210 Thread added: 0x000001df7e55d210
Event: 6.750 Thread 0x000001df7ddb0cb0 Thread added: 0x000001df7ddb0cb0
Event: 6.764 Thread 0x000001df7ddb41b0 Thread added: 0x000001df7ddb41b0
Event: 10.830 Thread 0x000001df7e43e670 Thread added: 0x000001df7e43e670
Event: 13.831 Thread 0x000001df7dd242f0 Thread added: 0x000001df7dd242f0
Event: 14.100 Thread 0x000001df7e150ce0 Thread added: 0x000001df7e150ce0


Dynamic libraries:
0x00007ff65e210000 - 0x00007ff65e21e000 	c:\Users\ZIDANE\.vscode\extensions\redhat.java-1.35.0-win32-x64\jre\17.0.12-win32-x86_64\bin\java.exe
0x00007ff87e9f0000 - 0x00007ff87ebe8000 	C:\WINDOWS\SYSTEM32\ntdll.dll
0x00007ff87dff0000 - 0x00007ff87e0ad000 	C:\WINDOWS\System32\KERNEL32.DLL
0x00007ff87c620000 - 0x00007ff87c916000 	C:\WINDOWS\System32\KERNELBASE.dll
0x00007ff87c210000 - 0x00007ff87c310000 	C:\WINDOWS\System32\ucrtbase.dll
0x00007ff872ed0000 - 0x00007ff872ee7000 	c:\Users\ZIDANE\.vscode\extensions\redhat.java-1.35.0-win32-x64\jre\17.0.12-win32-x86_64\bin\jli.dll
0x00007ff87e0b0000 - 0x00007ff87e24f000 	C:\WINDOWS\System32\USER32.dll
0x00007ff87c3e0000 - 0x00007ff87c402000 	C:\WINDOWS\System32\win32u.dll
0x00007ff87e980000 - 0x00007ff87e9ab000 	C:\WINDOWS\System32\GDI32.dll
0x00007ff87c0f0000 - 0x00007ff87c207000 	C:\WINDOWS\System32\gdi32full.dll
0x00007ff87c310000 - 0x00007ff87c3ad000 	C:\WINDOWS\System32\msvcp_win.dll
0x00007ff8706a0000 - 0x00007ff8706bb000 	c:\Users\ZIDANE\.vscode\extensions\redhat.java-1.35.0-win32-x64\jre\17.0.12-win32-x86_64\bin\VCRUNTIME140.dll
0x00007ff86c350000 - 0x00007ff86c5ea000 	C:\WINDOWS\WinSxS\amd64_microsoft.windows.common-controls_6595b64144ccf1df_6.0.19041.4355_none_60b8b9eb71f62e16\COMCTL32.dll
0x00007ff87d530000 - 0x00007ff87d5ce000 	C:\WINDOWS\System32\msvcrt.dll
0x00007ff87e380000 - 0x00007ff87e3b2000 	C:\WINDOWS\System32\IMM32.DLL
0x00007ff8730f0000 - 0x00007ff8730fc000 	c:\Users\ZIDANE\.vscode\extensions\redhat.java-1.35.0-win32-x64\jre\17.0.12-win32-x86_64\bin\vcruntime140_1.dll
0x00007ff867720000 - 0x00007ff8677ad000 	c:\Users\ZIDANE\.vscode\extensions\redhat.java-1.35.0-win32-x64\jre\17.0.12-win32-x86_64\bin\msvcp140.dll
0x00007ff8275f0000 - 0x00007ff82825a000 	c:\Users\ZIDANE\.vscode\extensions\redhat.java-1.35.0-win32-x64\jre\17.0.12-win32-x86_64\bin\server\jvm.dll
0x00007ff87e3c0000 - 0x00007ff87e470000 	C:\WINDOWS\System32\ADVAPI32.dll
0x00007ff87e470000 - 0x00007ff87e510000 	C:\WINDOWS\System32\sechost.dll
0x00007ff87d5d0000 - 0x00007ff87d6f3000 	C:\WINDOWS\System32\RPCRT4.dll
0x00007ff87c3b0000 - 0x00007ff87c3d7000 	C:\WINDOWS\System32\bcrypt.dll
0x00007ff87e250000 - 0x00007ff87e2bb000 	C:\WINDOWS\System32\WS2_32.dll
0x00007ff87bc00000 - 0x00007ff87bc4b000 	C:\WINDOWS\SYSTEM32\POWRPROF.dll
0x00007ff86b990000 - 0x00007ff86b9b7000 	C:\WINDOWS\SYSTEM32\WINMM.dll
0x00007ff86e830000 - 0x00007ff86e83a000 	C:\WINDOWS\SYSTEM32\VERSION.dll
0x00007ff87baf0000 - 0x00007ff87bb02000 	C:\WINDOWS\SYSTEM32\UMPDC.dll
0x00007ff87a820000 - 0x00007ff87a832000 	C:\WINDOWS\SYSTEM32\kernel.appcore.dll
0x00007ff871470000 - 0x00007ff87147a000 	c:\Users\ZIDANE\.vscode\extensions\redhat.java-1.35.0-win32-x64\jre\17.0.12-win32-x86_64\bin\jimage.dll
0x00007ff8693c0000 - 0x00007ff8695a4000 	C:\WINDOWS\SYSTEM32\DBGHELP.DLL
0x00007ff869380000 - 0x00007ff8693b4000 	C:\WINDOWS\SYSTEM32\dbgcore.DLL
0x00007ff87c990000 - 0x00007ff87ca12000 	C:\WINDOWS\System32\bcryptPrimitives.dll
0x00007ff870540000 - 0x00007ff87054e000 	c:\Users\ZIDANE\.vscode\extensions\redhat.java-1.35.0-win32-x64\jre\17.0.12-win32-x86_64\bin\instrument.dll
0x00007ff870670000 - 0x00007ff870695000 	c:\Users\ZIDANE\.vscode\extensions\redhat.java-1.35.0-win32-x64\jre\17.0.12-win32-x86_64\bin\java.dll
0x00007ff870650000 - 0x00007ff870668000 	c:\Users\ZIDANE\.vscode\extensions\redhat.java-1.35.0-win32-x64\jre\17.0.12-win32-x86_64\bin\zip.dll
0x00007ff87d760000 - 0x00007ff87decb000 	C:\WINDOWS\System32\SHELL32.dll
0x00007ff879ca0000 - 0x00007ff87a43d000 	C:\WINDOWS\SYSTEM32\windows.storage.dll
0x00007ff87ca20000 - 0x00007ff87cd73000 	C:\WINDOWS\System32\combase.dll
0x00007ff87ba50000 - 0x00007ff87ba7e000 	C:\WINDOWS\SYSTEM32\Wldp.dll
0x00007ff87d2c0000 - 0x00007ff87d38d000 	C:\WINDOWS\System32\OLEAUT32.dll
0x00007ff87d420000 - 0x00007ff87d4cd000 	C:\WINDOWS\System32\SHCORE.dll
0x00007ff87d4d0000 - 0x00007ff87d525000 	C:\WINDOWS\System32\shlwapi.dll
0x00007ff87bfd0000 - 0x00007ff87bff4000 	C:\WINDOWS\SYSTEM32\profapi.dll
0x00007ff870630000 - 0x00007ff870649000 	C:\Users\ZIDANE\.vscode\extensions\redhat.java-1.35.0-win32-x64\jre\17.0.12-win32-x86_64\bin\net.dll
0x00007ff8720f0000 - 0x00007ff8721fa000 	C:\WINDOWS\SYSTEM32\WINHTTP.dll
0x00007ff87b750000 - 0x00007ff87b7ba000 	C:\WINDOWS\system32\mswsock.dll
0x00007ff86d0e0000 - 0x00007ff86d0f6000 	C:\Users\ZIDANE\.vscode\extensions\redhat.java-1.35.0-win32-x64\jre\17.0.12-win32-x86_64\bin\nio.dll
0x00007ff86d050000 - 0x00007ff86d060000 	c:\Users\ZIDANE\.vscode\extensions\redhat.java-1.35.0-win32-x64\jre\17.0.12-win32-x86_64\bin\verify.dll
0x00007ff867e60000 - 0x00007ff867ea5000 	C:\Users\ZIDANE\AppData\Roaming\Code\User\globalStorage\redhat.java\1.35.0\config_win\org.eclipse.equinox.launcher\org.eclipse.equinox.launcher.win32.win32.x86_64_1.2.1100.v20240722-2106\eclipse_11904.dll
0x00007ff87ce50000 - 0x00007ff87cf7b000 	C:\WINDOWS\System32\ole32.dll

dbghelp: loaded successfully - version: 4.0.5 - missing functions: none
symbol engine: initialized successfully - sym options: 0x614 - pdb path: .;c:\Users\ZIDANE\.vscode\extensions\redhat.java-1.35.0-win32-x64\jre\17.0.12-win32-x86_64\bin;C:\WINDOWS\SYSTEM32;C:\WINDOWS\WinSxS\amd64_microsoft.windows.common-controls_6595b64144ccf1df_6.0.19041.4355_none_60b8b9eb71f62e16;c:\Users\ZIDANE\.vscode\extensions\redhat.java-1.35.0-win32-x64\jre\17.0.12-win32-x86_64\bin\server;C:\Users\ZIDANE\AppData\Roaming\Code\User\globalStorage\redhat.java\1.35.0\config_win\org.eclipse.equinox.launcher\org.eclipse.equinox.launcher.win32.win32.x86_64_1.2.1100.v20240722-2106

VM Arguments:
jvm_args: --add-modules=ALL-SYSTEM --add-opens=java.base/java.util=ALL-UNNAMED --add-opens=java.base/java.lang=ALL-UNNAMED --add-opens=java.base/sun.nio.fs=ALL-UNNAMED -Declipse.application=org.eclipse.jdt.ls.core.id1 -Dosgi.bundles.defaultStartLevel=4 -Declipse.product=org.eclipse.jdt.ls.core.product -Djava.import.generatesMetadataFilesAtProjectRoot=false -DDetectVMInstallationsJob.disabled=true -Dfile.encoding=utf8 -XX:+UseParallelGC -XX:GCTimeRatio=4 -XX:AdaptiveSizePolicyWeight=90 -Dsun.zip.disableMemoryMapping=true -Xmx1G -Xms100m -Xlog:disable -javaagent:c:\Users\ZIDANE\.vscode\extensions\redhat.java-1.35.0-win32-x64\lombok\lombok-1.18.33.jar -XX:+HeapDumpOnOutOfMemoryError -XX:HeapDumpPath=c:\Users\ZIDANE\AppData\Roaming\Code\User\workspaceStorage\aa2b8e89bda9b22bddee75a3be92be3c\redhat.java -Daether.dependencyCollector.impl=bf 
java_command: c:\Users\ZIDANE\.vscode\extensions\redhat.java-1.35.0-win32-x64\server\plugins\org.eclipse.equinox.launcher_1.6.900.v20240613-2009.jar -configuration c:\Users\ZIDANE\AppData\Roaming\Code\User\globalStorage\redhat.java\1.35.0\config_win -data c:\Users\ZIDANE\AppData\Roaming\Code\User\workspaceStorage\aa2b8e89bda9b22bddee75a3be92be3c\redhat.java\jdt_ws --pipe=\\.\pipe\lsp-4aa650f5fa5cde18e98d23299721829e-sock
java_class_path (initial): c:\Users\ZIDANE\.vscode\extensions\redhat.java-1.35.0-win32-x64\server\plugins\org.eclipse.equinox.launcher_1.6.900.v20240613-2009.jar
Launcher Type: SUN_STANDARD

[Global flags]
    uintx AdaptiveSizePolicyWeight                 = 90                                        {product} {command line}
     intx CICompilerCount                          = 3                                         {product} {ergonomic}
    uintx GCTimeRatio                              = 4                                         {product} {command line}
     bool HeapDumpOnOutOfMemoryError               = true                                   {manageable} {command line}
    ccstr HeapDumpPath                             = c:\Users\ZIDANE\AppData\Roaming\Code\User\workspaceStorage\aa2b8e89bda9b22bddee75a3be92be3c\redhat.java         {manageable} {command line}
   size_t InitialHeapSize                          = 104857600                                 {product} {command line}
   size_t MaxHeapSize                              = 1073741824                                {product} {command line}
   size_t MaxNewSize                               = 357564416                                 {product} {ergonomic}
   size_t MinHeapDeltaBytes                        = 524288                                    {product} {ergonomic}
   size_t MinHeapSize                              = 104857600                                 {product} {command line}
   size_t NewSize                                  = 34603008                                  {product} {ergonomic}
    uintx NonNMethodCodeHeapSize                   = 5832780                                {pd product} {ergonomic}
    uintx NonProfiledCodeHeapSize                  = 122912730                              {pd product} {ergonomic}
   size_t OldSize                                  = 70254592                                  {product} {ergonomic}
    uintx ProfiledCodeHeapSize                     = 122912730                              {pd product} {ergonomic}
    uintx ReservedCodeCacheSize                    = 251658240                              {pd product} {ergonomic}
     bool SegmentedCodeCache                       = true                                      {product} {ergonomic}
   size_t SoftMaxHeapSize                          = 1073741824                             {manageable} {ergonomic}
     bool UseCompressedClassPointers               = true                           {product lp64_product} {ergonomic}
     bool UseCompressedOops                        = true                           {product lp64_product} {ergonomic}
     bool UseLargePagesIndividualAllocation        = false                                  {pd product} {ergonomic}
     bool UseParallelGC                            = true                                      {product} {command line}

Logging:
Log output configuration:
 #0: stdout all=off uptime,level,tags
 #1: stderr all=off uptime,level,tags

Environment Variables:
JAVA_HOME=C:\Program Files\Java\jdk-17
PATH=C:\Program Files\Common Files\Oracle\Java\javapath;C:\Program Files (x86)\Common Files\Oracle\Java\java8path;C:\Program Files (x86)\Common Files\Oracle\Java\javapath;C:\Program Files\Java\jdk-17\bin;C:\WINDOWS\system32;C:\WINDOWS;C:\WINDOWS\System32\Wbem;C:\WINDOWS\System32\WindowsPowerShell\v1.0\;C:\WINDOWS\System32\OpenSSH\;C:\Program Files\nodejs\;C:\Program Files\Git\cmd;choco;C:\ProgramData\chocolatey\bin;STM32CubeProgrammer path\bin;C:\Program Files\php-8.3.6;C:\Program Files\Java\jdk-17\bin;C:\Users\ZIDANE\Desktop\Nouveau dossier\scrcpy-win64-v2.6.1;C:\WINDOWS\system32;C:\WINDOWS;C:\WINDOWS\System32\Wbem;C:\WINDOWS\System32\WindowsPowerShell\v1.0\;C:\WINDOWS\System32\OpenSSH\;C:\Program Files\nodejs\;C:\Program Files\Git\cmd;choco;C:\ProgramData\chocolatey\bin;STM32CubeProgrammer path\bin;C:\Program Files\php-8.3.6;C:\Users\ZIDANE\AppData\Local\Android\Sdk\tools;C:\Users\ZIDANE\AppData\Local\Microsoft\WindowsApps;C:\Users\ZIDANE\AppData\Local\Programs\Microsoft VS Code\bin;C:\Users\ZIDANE\AppData\Roaming\npm;C:\Users\ZIDANE\AppData\Local\Android\Sdk\platform-tools;C:\flutter\flutter\bin;C:\Program Files\Java\jdk-17\bin;
USERNAME=ZIDANE
OS=Windows_NT
PROCESSOR_IDENTIFIER=Intel64 Family 6 Model 58 Stepping 9, GenuineIntel
TMP=C:\Users\ZIDANE\AppData\Local\Temp
TEMP=C:\Users\ZIDANE\AppData\Local\Temp



Periodic native trim disabled


---------------  S Y S T E M  ---------------

OS:
 Windows 10 , 64 bit Build 19041 (10.0.19041.3636)
OS uptime: 0 days 1:09 hours

CPU: total 4 (initial active 4) (2 cores per cpu, 2 threads per core) family 6 model 58 stepping 9 microcode 0x21, cx8, cmov, fxsr, ht, mmx, sse, sse2, sse3, ssse3, sse4.1, sse4.2, popcnt, tsc, tscinvbit, avx, aes, erms, clmul, vzeroupper, clflush
Processor Information for all 4 processors :
  Max Mhz: 2601, Current Mhz: 2601, Mhz Limit: 2601

Memory: 4k page, system-wide physical 3999M (59M free)
TotalPageFile size 16287M (AvailPageFile size 2M)
current process WorkingSet (physical memory assigned to process): 103M, peak: 105M
current process commit charge ("private bytes"): 201M, peak: 203M

vm_info: OpenJDK 64-Bit Server VM (17.0.12+7) for windows-amd64 JRE (17.0.12+7), built on Jul 16 2024 22:08:24 by "admin" with MS VC++ 16.10 / 16.11 (VS2019)

END.
