#
# There is insufficient memory for the Java Runtime Environment to continue.
# Native memory allocation (mmap) failed to map 65536 bytes for Failed to commit metaspace.
# Possible reasons:
#   The system is out of physical RAM or swap space
#   The process is running with CompressedOops enabled, and the Java Heap may be blocking the growth of the native heap
# Possible solutions:
#   Reduce memory load on the system
#   Increase physical memory or swap space
#   Check if swap backing store is full
#   Decrease Java heap size (-Xmx/-Xms)
#   Decrease number of Java threads
#   Decrease Java thread stack sizes (-Xss)
#   Set larger code cache with -XX:ReservedCodeCacheSize=
#   JVM is running with Unscaled Compressed Oops mode in which the Java heap is
#     placed in the first 4GB address space. The Java Heap base address is the
#     maximum limit for the native heap growth. Please use -XX:HeapBaseMinAddress
#     to set the Java Heap base and to place the Java Heap above 4GB virtual address.
# This output file may be truncated or incomplete.
#
#  Out of Memory Error (virtualSpaceNode.cpp:110), pid=14000, tid=5648
#
# JRE version: Java(TM) SE Runtime Environment (17.0.12+8) (build 17.0.12+8-LTS-286)
# Java VM: Java HotSpot(TM) 64-Bit Server VM (17.0.12+8-LTS-286, mixed mode, sharing, tiered, compressed oops, compressed class ptrs, g1 gc, windows-amd64)
# No core dump will be written. Minidumps are not enabled by default on client versions of Windows
#

---------------  S U M M A R Y ------------

Command Line: -Xmx64m -Xms64m -Dorg.gradle.appname=gradlew org.gradle.wrapper.GradleWrapperMain app:installDebug -PreactNativeDevServerPort=8081

Host: Intel(R) Core(TM) i5-3320M CPU @ 2.60GHz, 4 cores, 3G,  Windows 10 , 64 bit Build 19041 (10.0.19041.3636)
Time: Wed Sep 25 14:31:18 2024 Afr. centrale Ouest elapsed time: 14.336676 seconds (0d 0h 0m 14s)

---------------  T H R E A D  ---------------

Current thread (0x000001e0115b87b0):  JavaThread "main" [_thread_in_vm, id=5648, stack(0x000000975c600000,0x000000975c700000)]

Stack: [0x000000975c600000,0x000000975c700000]
Native frames: (J=compiled Java code, j=interpreted, Vv=VM code, C=native code)
V  [jvm.dll+0x67a04a]
V  [jvm.dll+0x7da4ed]
V  [jvm.dll+0x7dbe33]
V  [jvm.dll+0x7dc4a3]
V  [jvm.dll+0x24508f]
V  [jvm.dll+0x7d60bb]
V  [jvm.dll+0x6206c6]
V  [jvm.dll+0x1bed07]
V  [jvm.dll+0x623022]
V  [jvm.dll+0x621086]
V  [jvm.dll+0x62af77]
V  [jvm.dll+0x1e84b2]
V  [jvm.dll+0x1e89d5]
V  [jvm.dll+0x1e931b]
V  [jvm.dll+0x1dea41]
V  [jvm.dll+0x53f78c]
V  [jvm.dll+0x7553b8]
V  [jvm.dll+0x7554a4]
V  [jvm.dll+0x40d1af]
V  [jvm.dll+0x413c39]
C  [java.dll+0x17ec]

Java frames: (J=compiled Java code, j=interpreted, Vv=VM code)
J 834  java.lang.ClassLoader.defineClass1(Ljava/lang/ClassLoader;Ljava/lang/String;[BIILjava/security/ProtectionDomain;Ljava/lang/String;)Ljava/lang/Class; java.base@17.0.12 (0 bytes) @ 0x000001e0209a35e3 [0x000001e0209a3520+0x00000000000000c3]
J 966 c1 java.lang.ClassLoader.defineClass(Ljava/lang/String;[BIILjava/security/ProtectionDomain;)Ljava/lang/Class; java.base@17.0.12 (43 bytes) @ 0x000001e01905fcd4 [0x000001e01905f980+0x0000000000000354]
J 927 c1 java.security.SecureClassLoader.defineClass(Ljava/lang/String;[BIILjava/security/CodeSource;)Ljava/lang/Class; java.base@17.0.12 (16 bytes) @ 0x000001e01904620c [0x000001e019046140+0x00000000000000cc]
J 918 c1 java.net.URLClassLoader.defineClass(Ljava/lang/String;Ljdk/internal/loader/Resource;)Ljava/lang/Class; java.base@17.0.12 (224 bytes) @ 0x000001e0190407c4 [0x000001e01903ed40+0x0000000000001a84]
J 813 c1 java.net.URLClassLoader$1.run()Ljava/lang/Class; java.base@17.0.12 (81 bytes) @ 0x000001e018ffaa5c [0x000001e018ff9e20+0x0000000000000c3c]
J 812 c1 java.net.URLClassLoader$1.run()Ljava/lang/Object; java.base@17.0.12 (5 bytes) @ 0x000001e018ff9944 [0x000001e018ff98c0+0x0000000000000084]
J 661 c1 java.security.AccessController.doPrivileged(Ljava/security/PrivilegedExceptionAction;Ljava/security/AccessControlContext;)Ljava/lang/Object; java.base@17.0.12 (26 bytes) @ 0x000001e018fa6b7c [0x000001e018fa69a0+0x00000000000001dc]
J 745 c1 java.net.URLClassLoader.findClass(Ljava/lang/String;)Ljava/lang/Class; java.base@17.0.12 (47 bytes) @ 0x000001e018fdca1c [0x000001e018fdc880+0x000000000000019c]
J 682 c1 java.lang.ClassLoader.loadClass(Ljava/lang/String;Z)Ljava/lang/Class; java.base@17.0.12 (121 bytes) @ 0x000001e018fb5474 [0x000001e018fb4ec0+0x00000000000005b4]
J 670 c1 java.lang.ClassLoader.loadClass(Ljava/lang/String;)Ljava/lang/Class; java.base@17.0.12 (7 bytes) @ 0x000001e018fa8d4c [0x000001e018fa8c40+0x000000000000010c]
v  ~StubRoutines::call_stub
j  org.gradle.launcher.daemon.registry.PersistentDaemonRegistry.storeStopEvent(Lorg/gradle/launcher/daemon/registry/DaemonStopEvent;)V+33
j  org.gradle.launcher.daemon.client.DefaultDaemonConnector.removeDaemonFromRegistry(Lorg/gradle/launcher/daemon/context/DaemonConnectDetails;Ljava/lang/String;)V+48
j  org.gradle.launcher.daemon.client.DefaultDaemonConnector.access$000(Lorg/gradle/launcher/daemon/client/DefaultDaemonConnector;Lorg/gradle/launcher/daemon/context/DaemonConnectDetails;Ljava/lang/String;)V+3
j  org.gradle.launcher.daemon.client.DefaultDaemonConnector$CleanupOnStaleAddress.maybeStaleAddress(Ljava/lang/Exception;)Z+10
j  org.gradle.launcher.daemon.client.DefaultDaemonConnector.connectToDaemon(Lorg/gradle/launcher/daemon/context/DaemonConnectDetails;Lorg/gradle/launcher/daemon/client/DaemonClientConnection$StaleAddressDetector;)Lorg/gradle/launcher/daemon/client/DaemonClientConnection;+64
j  org.gradle.launcher.daemon.client.DefaultDaemonConnector.connectToDaemonWithId(Lorg/gradle/launcher/daemon/diagnostics/DaemonStartupInfo;Lorg/gradle/api/internal/specs/ExplainingSpec;)Lorg/gradle/launcher/daemon/client/DaemonClientConnection;+115
j  org.gradle.launcher.daemon.client.DefaultDaemonConnector.doStartDaemon(Lorg/gradle/api/internal/specs/ExplainingSpec;Z)Lorg/gradle/launcher/daemon/client/DaemonClientConnection;+58
j  org.gradle.launcher.daemon.client.DefaultDaemonConnector.startDaemon(Lorg/gradle/api/internal/specs/ExplainingSpec;)Lorg/gradle/launcher/daemon/client/DaemonClientConnection;+3
j  org.gradle.launcher.daemon.client.DaemonClient.execute(Lorg/gradle/internal/invocation/BuildAction;Lorg/gradle/launcher/exec/BuildActionParameters;Lorg/gradle/initialization/BuildRequestContext;)Lorg/gradle/launcher/exec/BuildActionResult;+211
j  org.gradle.launcher.daemon.client.DaemonClient.execute(Lorg/gradle/internal/invocation/BuildAction;Ljava/lang/Object;Ljava/lang/Object;)Lorg/gradle/launcher/exec/BuildActionResult;+10
j  org.gradle.launcher.cli.RunBuildAction.run()V+74
j  org.gradle.internal.Actions$RunnableActionAdapter.execute(Ljava/lang/Object;)V+4
j  org.gradle.launcher.cli.DefaultCommandLineActionFactory$ParseAndBuildAction.execute(Lorg/gradle/launcher/bootstrap/ExecutionListener;)V+60
j  org.gradle.launcher.cli.DefaultCommandLineActionFactory$ParseAndBuildAction.execute(Ljava/lang/Object;)V+5
j  org.gradle.launcher.cli.DebugLoggerWarningAction.execute(Lorg/gradle/launcher/bootstrap/ExecutionListener;)V+9
j  org.gradle.launcher.cli.DebugLoggerWarningAction.execute(Ljava/lang/Object;)V+5
j  org.gradle.launcher.cli.WelcomeMessageAction.execute(Lorg/gradle/launcher/bootstrap/ExecutionListener;)V+218
j  org.gradle.launcher.cli.WelcomeMessageAction.execute(Ljava/lang/Object;)V+5
j  org.gradle.launcher.cli.NativeServicesInitializingAction.execute(Lorg/gradle/launcher/bootstrap/ExecutionListener;)V+38
j  org.gradle.launcher.cli.NativeServicesInitializingAction.execute(Ljava/lang/Object;)V+5
j  org.gradle.launcher.cli.ExceptionReportingAction.execute(Lorg/gradle/launcher/bootstrap/ExecutionListener;)V+5
j  org.gradle.launcher.cli.ExceptionReportingAction.execute(Ljava/lang/Object;)V+5
j  org.gradle.launcher.cli.DefaultCommandLineActionFactory$WithLogging.execute(Lorg/gradle/launcher/bootstrap/ExecutionListener;)V+325
j  org.gradle.launcher.Main.doAction([Ljava/lang/String;Lorg/gradle/launcher/bootstrap/ExecutionListener;)V+14
j  org.gradle.launcher.bootstrap.EntryPoint.run([Ljava/lang/String;)V+12
v  ~StubRoutines::call_stub
j  jdk.internal.reflect.NativeMethodAccessorImpl.invoke0(Ljava/lang/reflect/Method;Ljava/lang/Object;[Ljava/lang/Object;)Ljava/lang/Object;+0 java.base@17.0.12
j  jdk.internal.reflect.NativeMethodAccessorImpl.invoke(Ljava/lang/Object;[Ljava/lang/Object;)Ljava/lang/Object;+133 java.base@17.0.12
j  jdk.internal.reflect.DelegatingMethodAccessorImpl.invoke(Ljava/lang/Object;[Ljava/lang/Object;)Ljava/lang/Object;+6 java.base@17.0.12
j  java.lang.reflect.Method.invoke(Ljava/lang/Object;[Ljava/lang/Object;)Ljava/lang/Object;+59 java.base@17.0.12
j  org.gradle.launcher.bootstrap.ProcessBootstrap.runNoExit(Ljava/lang/String;[Ljava/lang/String;)V+155
j  org.gradle.launcher.bootstrap.ProcessBootstrap.run(Ljava/lang/String;[Ljava/lang/String;)V+2
v  ~StubRoutines::call_stub
j  jdk.internal.reflect.NativeMethodAccessorImpl.invoke0(Ljava/lang/reflect/Method;Ljava/lang/Object;[Ljava/lang/Object;)Ljava/lang/Object;+0 java.base@17.0.12
j  jdk.internal.reflect.NativeMethodAccessorImpl.invoke(Ljava/lang/Object;[Ljava/lang/Object;)Ljava/lang/Object;+133 java.base@17.0.12
j  jdk.internal.reflect.DelegatingMethodAccessorImpl.invoke(Ljava/lang/Object;[Ljava/lang/Object;)Ljava/lang/Object;+6 java.base@17.0.12
j  java.lang.reflect.Method.invoke(Ljava/lang/Object;[Ljava/lang/Object;)Ljava/lang/Object;+59 java.base@17.0.12
j  org.gradle.launcher.GradleMain.main([Ljava/lang/String;)V+100
v  ~StubRoutines::call_stub
j  jdk.internal.reflect.NativeMethodAccessorImpl.invoke0(Ljava/lang/reflect/Method;Ljava/lang/Object;[Ljava/lang/Object;)Ljava/lang/Object;+0 java.base@17.0.12
j  jdk.internal.reflect.NativeMethodAccessorImpl.invoke(Ljava/lang/Object;[Ljava/lang/Object;)Ljava/lang/Object;+133 java.base@17.0.12
j  jdk.internal.reflect.DelegatingMethodAccessorImpl.invoke(Ljava/lang/Object;[Ljava/lang/Object;)Ljava/lang/Object;+6 java.base@17.0.12
j  java.lang.reflect.Method.invoke(Ljava/lang/Object;[Ljava/lang/Object;)Ljava/lang/Object;+59 java.base@17.0.12
j  org.gradle.wrapper.GradleWrapperMain.main([Ljava/lang/String;)V+1823
v  ~StubRoutines::call_stub

---------------  P R O C E S S  ---------------

Threads class SMR info:
_java_thread_list=0x000001e070c6e130, length=13, elements={
0x000001e0115b87b0, 0x000001e02a4a0f60, 0x000001e02a4a1af0, 0x000001e02a4b5d10,
0x000001e02a4b66d0, 0x000001e02a4b7090, 0x000001e02a4b7a50, 0x000001e02a4b8c00,
0x000001e02a4bb6c0, 0x000001e02a4d18b0, 0x000001e02a723660, 0x000001e02a7283a0,
0x000001e0709fbe20
}

Java Threads: ( => current thread )
=>0x000001e0115b87b0 JavaThread "main" [_thread_in_vm, id=5648, stack(0x000000975c600000,0x000000975c700000)]
  0x000001e02a4a0f60 JavaThread "Reference Handler" daemon [_thread_blocked, id=1924, stack(0x000000975cd00000,0x000000975ce00000)]
  0x000001e02a4a1af0 JavaThread "Finalizer" daemon [_thread_blocked, id=5444, stack(0x000000975ce00000,0x000000975cf00000)]
  0x000001e02a4b5d10 JavaThread "Signal Dispatcher" daemon [_thread_blocked, id=9908, stack(0x000000975cf00000,0x000000975d000000)]
  0x000001e02a4b66d0 JavaThread "Attach Listener" daemon [_thread_blocked, id=9788, stack(0x000000975d000000,0x000000975d100000)]
  0x000001e02a4b7090 JavaThread "Service Thread" daemon [_thread_blocked, id=15068, stack(0x000000975d100000,0x000000975d200000)]
  0x000001e02a4b7a50 JavaThread "Monitor Deflation Thread" daemon [_thread_blocked, id=876, stack(0x000000975d200000,0x000000975d300000)]
  0x000001e02a4b8c00 JavaThread "C2 CompilerThread0" daemon [_thread_blocked, id=10836, stack(0x000000975d300000,0x000000975d400000)]
  0x000001e02a4bb6c0 JavaThread "C1 CompilerThread0" daemon [_thread_blocked, id=5312, stack(0x000000975d400000,0x000000975d500000)]
  0x000001e02a4d18b0 JavaThread "Sweeper thread" daemon [_thread_blocked, id=6684, stack(0x000000975d500000,0x000000975d600000)]
  0x000001e02a723660 JavaThread "Notification Thread" daemon [_thread_blocked, id=7428, stack(0x000000975d600000,0x000000975d700000)]
  0x000001e02a7283a0 JavaThread "Common-Cleaner" daemon [_thread_blocked, id=12032, stack(0x000000975d800000,0x000000975d900000)]
  0x000001e0709fbe20 JavaThread "pool-1-thread-1" [_thread_blocked, id=16264, stack(0x000000975dc00000,0x000000975dd00000)]

Other Threads:
  0x000001e01168a9f0 VMThread "VM Thread" [stack: 0x000000975cc00000,0x000000975cd00000] [id=11204]
  0x000001e02a725f50 WatcherThread [stack: 0x000000975d700000,0x000000975d800000] [id=16736]
  0x000001e0115d7d60 GCTaskThread "GC Thread#0" [stack: 0x000000975c700000,0x000000975c800000] [id=9248]
  0x000001e02a9ab480 GCTaskThread "GC Thread#1" [stack: 0x000000975d900000,0x000000975da00000] [id=16580]
  0x000001e02a8e0ef0 GCTaskThread "GC Thread#2" [stack: 0x000000975da00000,0x000000975db00000] [id=17144]
  0x000001e02a8e11b0 GCTaskThread "GC Thread#3" [stack: 0x000000975db00000,0x000000975dc00000] [id=8564]
  0x000001e0115d94b0 ConcurrentGCThread "G1 Main Marker" [stack: 0x000000975c800000,0x000000975c900000] [id=4776]
  0x000001e0115d9ec0 ConcurrentGCThread "G1 Conc#0" [stack: 0x000000975c900000,0x000000975ca00000] [id=2968]
  0x000001e0116268e0 ConcurrentGCThread "G1 Refine#0" [stack: 0x000000975ca00000,0x000000975cb00000] [id=14192]
  0x000001e011629220 ConcurrentGCThread "G1 Service" [stack: 0x000000975cb00000,0x000000975cc00000] [id=12744]

Threads with active compile tasks:

VM state: not at safepoint (normal execution)

VM Mutex/Monitor currently owned by a thread:  ([mutex/lock_event])
[0x000001e0115b43a0] Metaspace_lock - owner thread: 0x000001e0115b87b0

Heap address: 0x00000000fc000000, size: 64 MB, Compressed Oops mode: 32-bit

CDS archive(s) mapped at: [0x000001e02b000000-0x000001e02bbd0000-0x000001e02bbd0000), size 12386304, SharedBaseAddress: 0x000001e02b000000, ArchiveRelocationMode: 1.
Compressed class space mapped at: 0x000001e02c000000-0x000001e06c000000, reserved size: 1073741824
Narrow klass base: 0x000001e02b000000, Narrow klass shift: 0, Narrow klass range: 0x100000000

GC Precious Log:
 CPUs: 4 total, 4 available
 Memory: 3999M
 Large Page Support: Disabled
 NUMA Support: Disabled
 Compressed Oops: Enabled (32-bit)
 Heap Region Size: 1M
 Heap Min Capacity: 64M
 Heap Initial Capacity: 64M
 Heap Max Capacity: 64M
 Pre-touch: Disabled
 Parallel Workers: 4
 Concurrent Workers: 1
 Concurrent Refinement Workers: 4
 Periodic GC: Disabled

Heap:
 garbage-first heap   total 65536K, used 30848K [0x00000000fc000000, 0x0000000100000000)
  region size 1024K, 23 young (23552K), 3 survivors (3072K)
 Metaspace       used 8799K, committed 8896K, reserved 1114112K
  class space    used 1178K, committed 1216K, reserved 1048576K

Heap Regions: E=young(eden), S=young(survivor), O=old, HS=humongous(starts), HC=humongous(continues), CS=collection set, F=free, OA=open archive, CA=closed archive, TAMS=top-at-mark-start (previous, next)
|   0|0x00000000fc000000, 0x00000000fc100000, 0x00000000fc100000|100%|HS|  |TAMS 0x00000000fc000000, 0x00000000fc000000| Complete 
|   1|0x00000000fc100000, 0x00000000fc200000, 0x00000000fc200000|100%|HC|  |TAMS 0x00000000fc100000, 0x00000000fc100000| Complete 
|   2|0x00000000fc200000, 0x00000000fc300000, 0x00000000fc300000|100%|HC|  |TAMS 0x00000000fc200000, 0x00000000fc200000| Complete 
|   3|0x00000000fc300000, 0x00000000fc400000, 0x00000000fc400000|100%|HC|  |TAMS 0x00000000fc300000, 0x00000000fc300000| Complete 
|   4|0x00000000fc400000, 0x00000000fc500000, 0x00000000fc500000|100%| O|  |TAMS 0x00000000fc400000, 0x00000000fc400000| Untracked 
|   5|0x00000000fc500000, 0x00000000fc600000, 0x00000000fc600000|100%| O|  |TAMS 0x00000000fc500000, 0x00000000fc500000| Untracked 
|   6|0x00000000fc600000, 0x00000000fc700000, 0x00000000fc700000|100%| O|  |TAMS 0x00000000fc600000, 0x00000000fc600000| Untracked 
|   7|0x00000000fc700000, 0x00000000fc800000, 0x00000000fc800000|100%| O|  |TAMS 0x00000000fc700000, 0x00000000fc700000| Untracked 
|   8|0x00000000fc800000, 0x00000000fc820200, 0x00000000fc900000| 12%| O|  |TAMS 0x00000000fc800000, 0x00000000fc800000| Untracked 
|   9|0x00000000fc900000, 0x00000000fc900000, 0x00000000fca00000|  0%| F|  |TAMS 0x00000000fc900000, 0x00000000fc900000| Untracked 
|  10|0x00000000fca00000, 0x00000000fca00000, 0x00000000fcb00000|  0%| F|  |TAMS 0x00000000fca00000, 0x00000000fca00000| Untracked 
|  11|0x00000000fcb00000, 0x00000000fcb00000, 0x00000000fcc00000|  0%| F|  |TAMS 0x00000000fcb00000, 0x00000000fcb00000| Untracked 
|  12|0x00000000fcc00000, 0x00000000fcc00000, 0x00000000fcd00000|  0%| F|  |TAMS 0x00000000fcc00000, 0x00000000fcc00000| Untracked 
|  13|0x00000000fcd00000, 0x00000000fcd00000, 0x00000000fce00000|  0%| F|  |TAMS 0x00000000fcd00000, 0x00000000fcd00000| Untracked 
|  14|0x00000000fce00000, 0x00000000fce00000, 0x00000000fcf00000|  0%| F|  |TAMS 0x00000000fce00000, 0x00000000fce00000| Untracked 
|  15|0x00000000fcf00000, 0x00000000fcf00000, 0x00000000fd000000|  0%| F|  |TAMS 0x00000000fcf00000, 0x00000000fcf00000| Untracked 
|  16|0x00000000fd000000, 0x00000000fd000000, 0x00000000fd100000|  0%| F|  |TAMS 0x00000000fd000000, 0x00000000fd000000| Untracked 
|  17|0x00000000fd100000, 0x00000000fd100000, 0x00000000fd200000|  0%| F|  |TAMS 0x00000000fd100000, 0x00000000fd100000| Untracked 
|  18|0x00000000fd200000, 0x00000000fd200000, 0x00000000fd300000|  0%| F|  |TAMS 0x00000000fd200000, 0x00000000fd200000| Untracked 
|  19|0x00000000fd300000, 0x00000000fd300000, 0x00000000fd400000|  0%| F|  |TAMS 0x00000000fd300000, 0x00000000fd300000| Untracked 
|  20|0x00000000fd400000, 0x00000000fd400000, 0x00000000fd500000|  0%| F|  |TAMS 0x00000000fd400000, 0x00000000fd400000| Untracked 
|  21|0x00000000fd500000, 0x00000000fd500000, 0x00000000fd600000|  0%| F|  |TAMS 0x00000000fd500000, 0x00000000fd500000| Untracked 
|  22|0x00000000fd600000, 0x00000000fd600000, 0x00000000fd700000|  0%| F|  |TAMS 0x00000000fd600000, 0x00000000fd600000| Untracked 
|  23|0x00000000fd700000, 0x00000000fd700000, 0x00000000fd800000|  0%| F|  |TAMS 0x00000000fd700000, 0x00000000fd700000| Untracked 
|  24|0x00000000fd800000, 0x00000000fd800000, 0x00000000fd900000|  0%| F|  |TAMS 0x00000000fd800000, 0x00000000fd800000| Untracked 
|  25|0x00000000fd900000, 0x00000000fd900000, 0x00000000fda00000|  0%| F|  |TAMS 0x00000000fd900000, 0x00000000fd900000| Untracked 
|  26|0x00000000fda00000, 0x00000000fda00000, 0x00000000fdb00000|  0%| F|  |TAMS 0x00000000fda00000, 0x00000000fda00000| Untracked 
|  27|0x00000000fdb00000, 0x00000000fdb00000, 0x00000000fdc00000|  0%| F|  |TAMS 0x00000000fdb00000, 0x00000000fdb00000| Untracked 
|  28|0x00000000fdc00000, 0x00000000fdc00000, 0x00000000fdd00000|  0%| F|  |TAMS 0x00000000fdc00000, 0x00000000fdc00000| Untracked 
|  29|0x00000000fdd00000, 0x00000000fdd00000, 0x00000000fde00000|  0%| F|  |TAMS 0x00000000fdd00000, 0x00000000fdd00000| Untracked 
|  30|0x00000000fde00000, 0x00000000fde00000, 0x00000000fdf00000|  0%| F|  |TAMS 0x00000000fde00000, 0x00000000fde00000| Untracked 
|  31|0x00000000fdf00000, 0x00000000fdf00000, 0x00000000fe000000|  0%| F|  |TAMS 0x00000000fdf00000, 0x00000000fdf00000| Untracked 
|  32|0x00000000fe000000, 0x00000000fe000000, 0x00000000fe100000|  0%| F|  |TAMS 0x00000000fe000000, 0x00000000fe000000| Untracked 
|  33|0x00000000fe100000, 0x00000000fe100000, 0x00000000fe200000|  0%| F|  |TAMS 0x00000000fe100000, 0x00000000fe100000| Untracked 
|  34|0x00000000fe200000, 0x00000000fe200000, 0x00000000fe300000|  0%| F|  |TAMS 0x00000000fe200000, 0x00000000fe200000| Untracked 
|  35|0x00000000fe300000, 0x00000000fe300000, 0x00000000fe400000|  0%| F|  |TAMS 0x00000000fe300000, 0x00000000fe300000| Untracked 
|  36|0x00000000fe400000, 0x00000000fe400000, 0x00000000fe500000|  0%| F|  |TAMS 0x00000000fe400000, 0x00000000fe400000| Untracked 
|  37|0x00000000fe500000, 0x00000000fe500000, 0x00000000fe600000|  0%| F|  |TAMS 0x00000000fe500000, 0x00000000fe500000| Untracked 
|  38|0x00000000fe600000, 0x00000000fe600000, 0x00000000fe700000|  0%| F|  |TAMS 0x00000000fe600000, 0x00000000fe600000| Untracked 
|  39|0x00000000fe700000, 0x00000000fe700000, 0x00000000fe800000|  0%| F|  |TAMS 0x00000000fe700000, 0x00000000fe700000| Untracked 
|  40|0x00000000fe800000, 0x00000000fe800000, 0x00000000fe900000|  0%| F|  |TAMS 0x00000000fe800000, 0x00000000fe800000| Untracked 
|  41|0x00000000fe900000, 0x00000000fe9cabe8, 0x00000000fea00000| 79%| E|  |TAMS 0x00000000fe900000, 0x00000000fe900000| Complete 
|  42|0x00000000fea00000, 0x00000000feb00000, 0x00000000feb00000|100%| S|CS|TAMS 0x00000000fea00000, 0x00000000fea00000| Complete 
|  43|0x00000000feb00000, 0x00000000fec00000, 0x00000000fec00000|100%| S|CS|TAMS 0x00000000feb00000, 0x00000000feb00000| Complete 
|  44|0x00000000fec00000, 0x00000000fed00000, 0x00000000fed00000|100%| S|CS|TAMS 0x00000000fec00000, 0x00000000fec00000| Complete 
|  45|0x00000000fed00000, 0x00000000fee00000, 0x00000000fee00000|100%| E|CS|TAMS 0x00000000fed00000, 0x00000000fed00000| Complete 
|  46|0x00000000fee00000, 0x00000000fef00000, 0x00000000fef00000|100%| E|CS|TAMS 0x00000000fee00000, 0x00000000fee00000| Complete 
|  47|0x00000000fef00000, 0x00000000ff000000, 0x00000000ff000000|100%| E|CS|TAMS 0x00000000fef00000, 0x00000000fef00000| Complete 
|  48|0x00000000ff000000, 0x00000000ff100000, 0x00000000ff100000|100%| E|CS|TAMS 0x00000000ff000000, 0x00000000ff000000| Complete 
|  49|0x00000000ff100000, 0x00000000ff200000, 0x00000000ff200000|100%| E|CS|TAMS 0x00000000ff100000, 0x00000000ff100000| Complete 
|  50|0x00000000ff200000, 0x00000000ff300000, 0x00000000ff300000|100%| E|CS|TAMS 0x00000000ff200000, 0x00000000ff200000| Complete 
|  51|0x00000000ff300000, 0x00000000ff400000, 0x00000000ff400000|100%| E|CS|TAMS 0x00000000ff300000, 0x00000000ff300000| Complete 
|  52|0x00000000ff400000, 0x00000000ff500000, 0x00000000ff500000|100%| E|CS|TAMS 0x00000000ff400000, 0x00000000ff400000| Complete 
|  53|0x00000000ff500000, 0x00000000ff600000, 0x00000000ff600000|100%| E|CS|TAMS 0x00000000ff500000, 0x00000000ff500000| Complete 
|  54|0x00000000ff600000, 0x00000000ff700000, 0x00000000ff700000|100%| E|CS|TAMS 0x00000000ff600000, 0x00000000ff600000| Complete 
|  55|0x00000000ff700000, 0x00000000ff800000, 0x00000000ff800000|100%| E|CS|TAMS 0x00000000ff700000, 0x00000000ff700000| Complete 
|  56|0x00000000ff800000, 0x00000000ff900000, 0x00000000ff900000|100%| E|CS|TAMS 0x00000000ff800000, 0x00000000ff800000| Complete 
|  57|0x00000000ff900000, 0x00000000ffa00000, 0x00000000ffa00000|100%| E|CS|TAMS 0x00000000ff900000, 0x00000000ff900000| Complete 
|  58|0x00000000ffa00000, 0x00000000ffb00000, 0x00000000ffb00000|100%| E|CS|TAMS 0x00000000ffa00000, 0x00000000ffa00000| Complete 
|  59|0x00000000ffb00000, 0x00000000ffc00000, 0x00000000ffc00000|100%| E|CS|TAMS 0x00000000ffb00000, 0x00000000ffb00000| Complete 
|  60|0x00000000ffc00000, 0x00000000ffd00000, 0x00000000ffd00000|100%| E|CS|TAMS 0x00000000ffc00000, 0x00000000ffc00000| Complete 
|  61|0x00000000ffd00000, 0x00000000ffe00000, 0x00000000ffe00000|100%| E|CS|TAMS 0x00000000ffd00000, 0x00000000ffd00000| Complete 
|  62|0x00000000ffe00000, 0x00000000fff00000, 0x00000000fff00000|100%| E|CS|TAMS 0x00000000ffe00000, 0x00000000ffe00000| Complete 
|  63|0x00000000fff00000, 0x0000000100000000, 0x0000000100000000|100%| E|CS|TAMS 0x00000000fff00000, 0x00000000fff00000| Complete 

Card table byte_map: [0x000001e00f530000,0x000001e00f550000] _byte_map_base: 0x000001e00ed50000

Marking Bits (Prev, Next): (CMBitMap*) 0x000001e0115d8380, (CMBitMap*) 0x000001e0115d83c0
 Prev Bits: [0x000001e0113d0000, 0x000001e0114d0000)
 Next Bits: [0x000001e027e80000, 0x000001e027f80000)

Polling page: 0x000001e00f3e0000

Metaspace:

Usage:
  Non-class:      7.44 MB used.
      Class:      1.15 MB used.
       Both:      8.59 MB used.

Virtual space:
  Non-class space:       64.00 MB reserved,       7.50 MB ( 12%) committed,  1 nodes.
      Class space:        1.00 GB reserved,       1.19 MB ( <1%) committed,  1 nodes.
             Both:        1.06 GB reserved,       8.69 MB ( <1%) committed. 

Chunk freelists:
   Non-Class:  7.86 MB
       Class:  14.63 MB
        Both:  22.49 MB

MaxMetaspaceSize: unlimited
CompressedClassSpaceSize: 1.00 GB
Initial GC threshold: 21.00 MB
Current GC threshold: 21.00 MB
CDS: on
MetaspaceReclaimPolicy: balanced
 - commit_granule_bytes: 65536.
 - commit_granule_words: 8192.
 - virtual_space_node_default_size: 8388608.
 - enlarge_chunks_in_place: 1.
 - new_chunks_are_fully_committed: 0.
 - uncommit_free_chunks: 1.
 - use_allocation_guard: 0.
 - handle_deallocations: 1.


Internal statistics:

num_allocs_failed_limit: 0.
num_arena_births: 90.
num_arena_deaths: 0.
num_vsnodes_births: 2.
num_vsnodes_deaths: 0.
num_space_committed: 139.
num_space_uncommitted: 0.
num_chunks_returned_to_freelist: 0.
num_chunks_taken_from_freelist: 321.
num_chunk_merges: 0.
num_chunk_splits: 227.
num_chunks_enlarged: 185.
num_inconsistent_stats: 0.

CodeHeap 'non-profiled nmethods': size=120000Kb used=609Kb max_used=609Kb free=119390Kb
 bounds [0x000001e020950000, 0x000001e020bc0000, 0x000001e027e80000]
CodeHeap 'profiled nmethods': size=120000Kb used=2830Kb max_used=2830Kb free=117169Kb
 bounds [0x000001e018e80000, 0x000001e019150000, 0x000001e0203b0000]
CodeHeap 'non-nmethods': size=5760Kb used=1173Kb max_used=1193Kb free=4586Kb
 bounds [0x000001e0203b0000, 0x000001e020620000, 0x000001e020950000]
 total_blobs=1912 nmethods=1442 adapters=383
 compilation: enabled
              stopped_count=0, restarted_count=0
 full_count=0

Compilation events (20 events):
Event: 14.287 Thread 0x000001e02a4bb6c0 1434       3       jdk.internal.math.FDBigInteger::<init> (30 bytes)
Event: 14.287 Thread 0x000001e02a4bb6c0 nmethod 1434 0x000001e01913e010 code [0x000001e01913e1c0, 0x000001e01913e3c8]
Event: 14.287 Thread 0x000001e02a4bb6c0 1435       3       jdk.internal.math.FDBigInteger::trimLeadingZeros (57 bytes)
Event: 14.288 Thread 0x000001e02a4bb6c0 nmethod 1435 0x000001e01913e510 code [0x000001e01913e6c0, 0x000001e01913e998]
Event: 14.296 Thread 0x000001e02a4b8c00 1436  s    4       java.io.BufferedInputStream::read (49 bytes)
Event: 14.298 Thread 0x000001e02a4b8c00 nmethod 1436 0x000001e0209e8090 code [0x000001e0209e8220, 0x000001e0209e85c8]
Event: 14.301 Thread 0x000001e02a4bb6c0 1437       3       java.lang.invoke.MethodHandles$Lookup::in (283 bytes)
Event: 14.304 Thread 0x000001e02a4bb6c0 nmethod 1437 0x000001e01913ea90 code [0x000001e01913eec0, 0x000001e0191409a8]
Event: 14.304 Thread 0x000001e02a4bb6c0 1439       3       jdk.internal.module.SystemModuleFinders$SystemImage::reader (4 bytes)
Event: 14.304 Thread 0x000001e02a4bb6c0 nmethod 1439 0x000001e019141290 code [0x000001e019141420, 0x000001e019141518]
Event: 14.304 Thread 0x000001e02a4bb6c0 1438       3       java.util.Optional::empty (6 bytes)
Event: 14.304 Thread 0x000001e02a4bb6c0 nmethod 1438 0x000001e019141590 code [0x000001e019141720, 0x000001e019141818]
Event: 14.314 Thread 0x000001e02a4bb6c0 1440       3       java.lang.AbstractStringBuilder::putStringAt (12 bytes)
Event: 14.315 Thread 0x000001e02a4bb6c0 nmethod 1440 0x000001e019141890 code [0x000001e019141a40, 0x000001e019141c88]
Event: 14.315 Thread 0x000001e02a4bb6c0 1441       3       java.lang.AbstractStringBuilder::putStringAt (34 bytes)
Event: 14.316 Thread 0x000001e02a4bb6c0 nmethod 1441 0x000001e019141e10 code [0x000001e019141fe0, 0x000001e0191422f8]
Event: 14.316 Thread 0x000001e02a4bb6c0 1442       3       java.lang.String::getBytes (46 bytes)
Event: 14.316 Thread 0x000001e02a4bb6c0 nmethod 1442 0x000001e019142490 code [0x000001e019142660, 0x000001e019142978]
Event: 14.322 Thread 0x000001e02a4bb6c0 1443       3       java.lang.CharacterData::of (136 bytes)
Event: 14.323 Thread 0x000001e02a4bb6c0 nmethod 1443 0x000001e019142a90 code [0x000001e019142cc0, 0x000001e019143598]

GC Heap History (4 events):
Event: 1.206 GC heap before
{Heap before GC invocations=0 (full 0):
 garbage-first heap   total 65536K, used 12288K [0x00000000fc000000, 0x0000000100000000)
  region size 1024K, 13 young (13312K), 0 survivors (0K)
 Metaspace       used 1652K, committed 1792K, reserved 1114112K
  class space    used 154K, committed 192K, reserved 1048576K
}
Event: 1.211 GC heap after
{Heap after GC invocations=1 (full 0):
 garbage-first heap   total 65536K, used 1944K [0x00000000fc000000, 0x0000000100000000)
  region size 1024K, 2 young (2048K), 2 survivors (2048K)
 Metaspace       used 1652K, committed 1792K, reserved 1114112K
  class space    used 154K, committed 192K, reserved 1048576K
}
Event: 2.554 GC heap before
{Heap before GC invocations=1 (full 0):
 garbage-first heap   total 65536K, used 23448K [0x00000000fc000000, 0x0000000100000000)
  region size 1024K, 19 young (19456K), 2 survivors (2048K)
 Metaspace       used 4520K, committed 4736K, reserved 1114112K
  class space    used 592K, committed 704K, reserved 1048576K
}
Event: 2.560 GC heap after
{Heap after GC invocations=2 (full 0):
 garbage-first heap   total 65536K, used 11392K [0x00000000fc000000, 0x0000000100000000)
  region size 1024K, 3 young (3072K), 3 survivors (3072K)
 Metaspace       used 4520K, committed 4736K, reserved 1114112K
  class space    used 592K, committed 704K, reserved 1048576K
}

Deoptimization events (20 events):
Event: 4.046 Thread 0x000001e07093ea30 Uncommon trap: trap_request=0xffffff45 fr.pc=0x000001e0209dd748 relative=0x0000000000000128
Event: 4.046 Thread 0x000001e07093ea30 Uncommon trap: reason=unstable_if action=reinterpret pc=0x000001e0209dd748 method=java.lang.AbstractStringBuilder.putStringAt(ILjava/lang/String;II)V @ 8 c2
Event: 4.046 Thread 0x000001e07093ea30 DEOPT PACKING pc=0x000001e0209dd748 sp=0x000000975ddfebc0
Event: 4.046 Thread 0x000001e07093ea30 DEOPT UNPACKING pc=0x000001e0204023a3 sp=0x000000975ddfeb88 mode 2
Event: 4.046 Thread 0x000001e07093ea30 Uncommon trap: trap_request=0xffffff45 fr.pc=0x000001e0209ddbf0 relative=0x00000000000000f0
Event: 4.046 Thread 0x000001e07093ea30 Uncommon trap: reason=unstable_if action=reinterpret pc=0x000001e0209ddbf0 method=java.lang.String.getBytes([BIIBI)V @ 6 c2
Event: 4.046 Thread 0x000001e07093ea30 DEOPT PACKING pc=0x000001e0209ddbf0 sp=0x000000975ddfeb30
Event: 4.046 Thread 0x000001e07093ea30 DEOPT UNPACKING pc=0x000001e0204023a3 sp=0x000000975ddfeaf8 mode 2
Event: 4.046 Thread 0x000001e07093ea30 Uncommon trap: trap_request=0xffffff45 fr.pc=0x000001e0209bd95c relative=0x00000000000003bc
Event: 4.046 Thread 0x000001e07093ea30 Uncommon trap: reason=unstable_if action=reinterpret pc=0x000001e0209bd95c method=java.lang.AbstractStringBuilder.isLatin1()Z @ 10 c2
Event: 4.046 Thread 0x000001e07093ea30 DEOPT PACKING pc=0x000001e0209bd95c sp=0x000000975ddfed20
Event: 4.046 Thread 0x000001e07093ea30 DEOPT UNPACKING pc=0x000001e0204023a3 sp=0x000000975ddfeca0 mode 2
Event: 14.232 Thread 0x000001e07093ea30 Uncommon trap: trap_request=0xffffff45 fr.pc=0x000001e02095d800 relative=0x0000000000000080
Event: 14.232 Thread 0x000001e07093ea30 Uncommon trap: reason=unstable_if action=reinterpret pc=0x000001e02095d800 method=java.lang.String.codePointAt(I)I @ 4 c2
Event: 14.232 Thread 0x000001e07093ea30 DEOPT PACKING pc=0x000001e02095d800 sp=0x000000975ddfec80
Event: 14.232 Thread 0x000001e07093ea30 DEOPT UNPACKING pc=0x000001e0204023a3 sp=0x000000975ddfec18 mode 2
Event: 14.246 Thread 0x000001e07092e700 Uncommon trap: trap_request=0xffffff45 fr.pc=0x000001e0209b6288 relative=0x0000000000000ec8
Event: 14.246 Thread 0x000001e07092e700 Uncommon trap: reason=unstable_if action=reinterpret pc=0x000001e0209b6288 method=java.util.concurrent.ConcurrentHashMap.putVal(Ljava/lang/Object;Ljava/lang/Object;Z)Ljava/lang/Object; @ 97 c2
Event: 14.246 Thread 0x000001e07092e700 DEOPT PACKING pc=0x000001e0209b6288 sp=0x000000975dffde60
Event: 14.246 Thread 0x000001e07092e700 DEOPT UNPACKING pc=0x000001e0204023a3 sp=0x000000975dffdde8 mode 2

Classes unloaded (0 events):
No events

Classes redefined (0 events):
No events

Internal exceptions (20 events):
Event: 2.253 Thread 0x000001e0115b87b0 Exception <a 'java/lang/NoSuchMethodError'{0x00000000fefe29c0}: 'java.lang.Object java.lang.invoke.DirectMethodHandle$Holder.invokeStatic(java.lang.Object, java.lang.Object, int)'> (0x00000000fefe29c0) 
thrown [s\open\src\hotspot\share\interpreter\linkResolver.cpp, line 759]
Event: 2.257 Thread 0x000001e0115b87b0 Exception <a 'java/lang/NoSuchMethodError'{0x00000000fefee6b0}: 'void java.lang.invoke.DelegatingMethodHandle$Holder.delegate(java.lang.Object, java.lang.Object, int, java.lang.Object)'> (0x00000000fefee6b0) 
thrown [s\open\src\hotspot\share\interpreter\linkResolver.cpp, line 759]
Event: 2.258 Thread 0x000001e0115b87b0 Exception <a 'java/lang/NoSuchMethodError'{0x00000000feff27f8}: 'int java.lang.invoke.DirectMethodHandle$Holder.invokeSpecial(java.lang.Object, java.lang.Object, java.lang.Object)'> (0x00000000feff27f8) 
thrown [s\open\src\hotspot\share\interpreter\linkResolver.cpp, line 759]
Event: 2.272 Thread 0x000001e0115b87b0 Exception <a 'java/lang/NoSuchMethodError'{0x00000000fee05e18}: 'java.lang.Object java.lang.invoke.Invokers$Holder.invokeExact_MT(java.lang.Object, java.lang.Object, java.lang.Object, java.lang.Object)'> (0x00000000fee05e18) 
thrown [s\open\src\hotspot\share\interpreter\linkResolver.cpp, line 759]
Event: 2.981 Thread 0x000001e0115b87b0 Exception <a 'java/lang/NoSuchMethodError'{0x00000000ffcec958}: 'void java.lang.invoke.DirectMethodHandle$Holder.invokeSpecial(java.lang.Object, java.lang.Object, java.lang.Object)'> (0x00000000ffcec958) 
thrown [s\open\src\hotspot\share\interpreter\linkResolver.cpp, line 759]
Event: 3.002 Thread 0x000001e0115b87b0 Implicit null exception at 0x000001e0209a920c to 0x000001e0209a95f0
Event: 3.002 Thread 0x000001e0115b87b0 Implicit null exception at 0x000001e020992c8c to 0x000001e020993074
Event: 3.035 Thread 0x000001e0115b87b0 Exception <a 'java/lang/NoSuchMethodError'{0x00000000ffa664b0}: 'java.lang.Object java.lang.invoke.DirectMethodHandle$Holder.invokeStaticInit(java.lang.Object)'> (0x00000000ffa664b0) 
thrown [s\open\src\hotspot\share\interpreter\linkResolver.cpp, line 759]
Event: 3.070 Thread 0x000001e0115b87b0 Exception <a 'java/lang/NoSuchMethodError'{0x00000000ffafc5a8}: 'int java.lang.invoke.DirectMethodHandle$Holder.invokeVirtual(java.lang.Object, java.lang.Object, java.lang.Object)'> (0x00000000ffafc5a8) 
thrown [s\open\src\hotspot\share\interpreter\linkResolver.cpp, line 759]
Event: 3.246 Thread 0x000001e0115b87b0 Exception <a 'java/lang/NoSuchMethodError'{0x00000000ff5ae0f8}: 'java.lang.Object java.lang.invoke.DirectMethodHandle$Holder.invokeStaticInit(java.lang.Object, int, int, int, int)'> (0x00000000ff5ae0f8) 
thrown [s\open\src\hotspot\share\interpreter\linkResolver.cpp, line 759]
Event: 3.365 Thread 0x000001e0115b87b0 Exception <a 'java/lang/NoSuchMethodError'{0x00000000ff43e230}: 'java.lang.Object java.lang.invoke.DirectMethodHandle$Holder.invokeStaticInit(java.lang.Object, java.lang.Object, int, int, int, int)'> (0x00000000ff43e230) 
thrown [s\open\src\hotspot\share\interpreter\linkResolver.cpp, line 759]
Event: 3.579 Thread 0x000001e0115b87b0 Exception <a 'java/lang/NoSuchMethodError'{0x00000000ff46e638}: 'void java.lang.invoke.DirectMethodHandle$Holder.invokeStatic(java.lang.Object, java.lang.Object, java.lang.Object)'> (0x00000000ff46e638) 
thrown [s\open\src\hotspot\share\interpreter\linkResolver.cpp, line 759]
Event: 3.619 Thread 0x000001e0115b87b0 Implicit null exception at 0x000001e020989af2 to 0x000001e02098a08c
Event: 3.621 Thread 0x000001e0115b87b0 Implicit null exception at 0x000001e02098a6f2 to 0x000001e02098aca0
Event: 3.989 Thread 0x000001e07093ea30 Exception <a 'java/lang/NoSuchMethodError'{0x00000000fed0e5a0}: 'void java.lang.invoke.DirectMethodHandle$Holder.invokeStatic(java.lang.Object, long)'> (0x00000000fed0e5a0) 
thrown [s\open\src\hotspot\share\interpreter\linkResolver.cpp, line 759]
Event: 3.990 Thread 0x000001e07093ea30 Exception <a 'java/lang/NoSuchMethodError'{0x00000000fed13ef8}: 'java.lang.Object java.lang.invoke.DirectMethodHandle$Holder.newInvokeSpecial(java.lang.Object, long)'> (0x00000000fed13ef8) 
thrown [s\open\src\hotspot\share\interpreter\linkResolver.cpp, line 759]
Event: 3.996 Thread 0x000001e07093ea30 Exception <a 'java/lang/NoSuchMethodError'{0x00000000fed1eaa0}: 'java.lang.Object java.lang.invoke.DirectMethodHandle$Holder.invokeStaticInit(java.lang.Object, java.lang.Object, long, java.lang.Object)'> (0x00000000fed1eaa0) 
thrown [s\open\src\hotspot\share\interpreter\linkResolver.cpp, line 759]
Event: 3.999 Thread 0x000001e07093ea30 Exception <a 'java/lang/NoSuchMethodError'{0x00000000fed25128}: 'java.lang.Object java.lang.invoke.DirectMethodHandle$Holder.newInvokeSpecial(java.lang.Object, java.lang.Object, long)'> (0x00000000fed25128) 
thrown [s\open\src\hotspot\share\interpreter\linkResolver.cpp, line 759]
Event: 4.000 Thread 0x000001e07093ea30 Exception <a 'java/lang/NoSuchMethodError'{0x00000000fed29418}: 'java.lang.Object java.lang.invoke.Invokers$Holder.linkToTargetMethod(java.lang.Object, long, java.lang.Object)'> (0x00000000fed29418) 
thrown [s\open\src\hotspot\share\interpreter\linkResolver.cpp, line 759]
Event: 14.320 Thread 0x000001e0115b87b0 Exception <a 'java/net/SocketException'{0x00000000fe957ea8}: No buffer space available (maximum connections reached?): connect> (0x00000000fe957ea8) 
thrown [s\open\src\hotspot\share\prims\jni.cpp, line 535]

VM Operations (20 events):
Event: 2.253 Executing VM operation: Cleanup
Event: 2.253 Executing VM operation: Cleanup done
Event: 2.538 Executing VM operation: G1CollectForAllocation
Event: 2.560 Executing VM operation: G1CollectForAllocation done
Event: 3.056 Executing VM operation: HandshakeAllThreads
Event: 3.056 Executing VM operation: HandshakeAllThreads done
Event: 3.170 Executing VM operation: HandshakeAllThreads
Event: 3.170 Executing VM operation: HandshakeAllThreads done
Event: 3.331 Executing VM operation: HandshakeAllThreads
Event: 3.331 Executing VM operation: HandshakeAllThreads done
Event: 4.004 Executing VM operation: HandshakeAllThreads
Event: 4.004 Executing VM operation: HandshakeAllThreads done
Event: 4.004 Executing VM operation: Cleanup
Event: 4.004 Executing VM operation: Cleanup done
Event: 4.041 Executing VM operation: HandshakeAllThreads
Event: 4.041 Executing VM operation: HandshakeAllThreads done
Event: 5.051 Executing VM operation: Cleanup
Event: 5.051 Executing VM operation: Cleanup done
Event: 8.069 Executing VM operation: Cleanup
Event: 8.069 Executing VM operation: Cleanup done

Events (20 events):
Event: 14.300 loading class java/nio/channels/spi/SelectorProvider$Holder
Event: 14.300 loading class java/nio/channels/spi/SelectorProvider$Holder done
Event: 14.303 loading class sun/nio/ch/SocketChannelImpl
Event: 14.306 loading class sun/nio/ch/SocketChannelImpl done
Event: 14.306 loading class sun/nio/ch/SocketDispatcher
Event: 14.306 loading class sun/nio/ch/SocketDispatcher done
Event: 14.307 loading class sun/nio/ch/SocketAdaptor
Event: 14.311 loading class java/net/Socket
Event: 14.314 loading class java/net/Socket done
Event: 14.314 loading class sun/nio/ch/SocketAdaptor done
Event: 14.315 loading class sun/nio/ch/DummySocketImpl
Event: 14.315 loading class java/net/SocketImpl
Event: 14.315 loading class java/net/SocketOptions
Event: 14.315 loading class java/net/SocketOptions done
Event: 14.315 loading class java/net/SocketImpl done
Event: 14.315 loading class sun/nio/ch/DummySocketImpl done
Event: 14.316 loading class sun/net/NetHooks
Event: 14.316 loading class sun/net/NetHooks done
Event: 14.320 loading class sun/net/util/SocketExceptions
Event: 14.322 loading class sun/net/util/SocketExceptions done


Dynamic libraries:
0x00007ff665c80000 - 0x00007ff665c90000 	C:\Program Files\Java\jdk-17\bin\java.exe
0x00007ffb76a50000 - 0x00007ffb76c48000 	C:\WINDOWS\SYSTEM32\ntdll.dll
0x00007ffb74fe0000 - 0x00007ffb7509d000 	C:\WINDOWS\System32\KERNEL32.DLL
0x00007ffb74750000 - 0x00007ffb74a46000 	C:\WINDOWS\System32\KERNELBASE.dll
0x00007ffb74100000 - 0x00007ffb74200000 	C:\WINDOWS\System32\ucrtbase.dll
0x00007ffb6bd40000 - 0x00007ffb6bd59000 	C:\Program Files\Java\jdk-17\bin\jli.dll
0x00007ffb6bcb0000 - 0x00007ffb6bccb000 	C:\Program Files\Java\jdk-17\bin\VCRUNTIME140.dll
0x00007ffb750a0000 - 0x00007ffb75150000 	C:\WINDOWS\System32\ADVAPI32.dll
0x00007ffb75e50000 - 0x00007ffb75eee000 	C:\WINDOWS\System32\msvcrt.dll
0x00007ffb756b0000 - 0x00007ffb75750000 	C:\WINDOWS\System32\sechost.dll
0x00007ffb75460000 - 0x00007ffb75583000 	C:\WINDOWS\System32\RPCRT4.dll
0x00007ffb74200000 - 0x00007ffb74227000 	C:\WINDOWS\System32\bcrypt.dll
0x00007ffb76100000 - 0x00007ffb7629f000 	C:\WINDOWS\System32\USER32.dll
0x00007ffb74a50000 - 0x00007ffb74a72000 	C:\WINDOWS\System32\win32u.dll
0x00007ffb63260000 - 0x00007ffb634fa000 	C:\WINDOWS\WinSxS\amd64_microsoft.windows.common-controls_6595b64144ccf1df_6.0.19041.4355_none_60b8b9eb71f62e16\COMCTL32.dll
0x00007ffb75350000 - 0x00007ffb7537b000 	C:\WINDOWS\System32\GDI32.dll
0x00007ffb743c0000 - 0x00007ffb744d7000 	C:\WINDOWS\System32\gdi32full.dll
0x00007ffb744e0000 - 0x00007ffb7457d000 	C:\WINDOWS\System32\msvcp_win.dll
0x00007ffb670b0000 - 0x00007ffb670ba000 	C:\WINDOWS\SYSTEM32\VERSION.dll
0x00007ffb75590000 - 0x00007ffb755c2000 	C:\WINDOWS\System32\IMM32.DLL
0x00007ffb71840000 - 0x00007ffb7184c000 	C:\Program Files\Java\jdk-17\bin\vcruntime140_1.dll
0x00007ffb4bcf0000 - 0x00007ffb4bd7e000 	C:\Program Files\Java\jdk-17\bin\msvcp140.dll
0x00007ffb18c40000 - 0x00007ffb19820000 	C:\Program Files\Java\jdk-17\bin\server\jvm.dll
0x00007ffb74e00000 - 0x00007ffb74e08000 	C:\WINDOWS\System32\PSAPI.DLL
0x00007ffb63150000 - 0x00007ffb63177000 	C:\WINDOWS\SYSTEM32\WINMM.dll
0x00007ffb6faa0000 - 0x00007ffb6faa9000 	C:\WINDOWS\SYSTEM32\WSOCK32.dll
0x00007ffb75de0000 - 0x00007ffb75e4b000 	C:\WINDOWS\System32\WS2_32.dll
0x00007ffb72880000 - 0x00007ffb72892000 	C:\WINDOWS\SYSTEM32\kernel.appcore.dll
0x00007ffb6dde0000 - 0x00007ffb6ddea000 	C:\Program Files\Java\jdk-17\bin\jimage.dll
0x00007ffb61650000 - 0x00007ffb61834000 	C:\WINDOWS\SYSTEM32\DBGHELP.DLL
0x00007ffb61610000 - 0x00007ffb61644000 	C:\WINDOWS\SYSTEM32\dbgcore.DLL
0x00007ffb742e0000 - 0x00007ffb74362000 	C:\WINDOWS\System32\bcryptPrimitives.dll
0x00007ffb5a270000 - 0x00007ffb5a295000 	C:\Program Files\Java\jdk-17\bin\java.dll
0x00007ffb4afa0000 - 0x00007ffb4b077000 	C:\Program Files\Java\jdk-17\bin\jsvml.dll
0x00007ffb762a0000 - 0x00007ffb76a0b000 	C:\WINDOWS\System32\SHELL32.dll
0x00007ffb71fb0000 - 0x00007ffb7274d000 	C:\WINDOWS\SYSTEM32\windows.storage.dll
0x00007ffb74aa0000 - 0x00007ffb74df3000 	C:\WINDOWS\System32\combase.dll
0x00007ffb73a50000 - 0x00007ffb73a7e000 	C:\WINDOWS\SYSTEM32\Wldp.dll
0x00007ffb758a0000 - 0x00007ffb7596d000 	C:\WINDOWS\System32\OLEAUT32.dll
0x00007ffb75240000 - 0x00007ffb752ed000 	C:\WINDOWS\System32\SHCORE.dll
0x00007ffb752f0000 - 0x00007ffb75345000 	C:\WINDOWS\System32\shlwapi.dll
0x00007ffb74030000 - 0x00007ffb74054000 	C:\WINDOWS\SYSTEM32\profapi.dll
0x00007ffb689f0000 - 0x00007ffb68a09000 	C:\Program Files\Java\jdk-17\bin\net.dll
0x00007ffb68e10000 - 0x00007ffb68f1a000 	C:\WINDOWS\SYSTEM32\WINHTTP.dll
0x00007ffb737b0000 - 0x00007ffb7381a000 	C:\WINDOWS\system32\mswsock.dll
0x00007ffb67500000 - 0x00007ffb67516000 	C:\Program Files\Java\jdk-17\bin\nio.dll
0x00007ffb64bf0000 - 0x00007ffb64c08000 	C:\Program Files\Java\jdk-17\bin\zip.dll
0x00007ffb6db60000 - 0x00007ffb6db70000 	C:\Program Files\Java\jdk-17\bin\verify.dll
0x00007ffb57760000 - 0x00007ffb57787000 	C:\Users\ZIDANE\.gradle\native\c067742578af261105cb4f569cf0c3c89f3d7b1fecec35dd04571415982c5e48\windows-amd64\native-platform.dll
0x00007ffb6d7d0000 - 0x00007ffb6d7da000 	C:\Program Files\Java\jdk-17\bin\management.dll
0x00007ffb6d4a0000 - 0x00007ffb6d4ab000 	C:\Program Files\Java\jdk-17\bin\management_ext.dll
0x00007ffb739a0000 - 0x00007ffb739b8000 	C:\WINDOWS\SYSTEM32\CRYPTSP.dll
0x00007ffb730d0000 - 0x00007ffb73104000 	C:\WINDOWS\system32\rsaenh.dll
0x00007ffb73f30000 - 0x00007ffb73f5e000 	C:\WINDOWS\SYSTEM32\USERENV.dll
0x00007ffb739c0000 - 0x00007ffb739cc000 	C:\WINDOWS\SYSTEM32\CRYPTBASE.dll
0x00007ffb73490000 - 0x00007ffb734cb000 	C:\WINDOWS\SYSTEM32\IPHLPAPI.DLL
0x00007ffb74a90000 - 0x00007ffb74a98000 	C:\WINDOWS\System32\NSI.dll
0x00007ffb699e0000 - 0x00007ffb699f7000 	C:\WINDOWS\SYSTEM32\dhcpcsvc6.DLL
0x00007ffb6a720000 - 0x00007ffb6a73d000 	C:\WINDOWS\SYSTEM32\dhcpcsvc.DLL
0x00007ffb734d0000 - 0x00007ffb7359b000 	C:\WINDOWS\SYSTEM32\DNSAPI.dll

dbghelp: loaded successfully - version: 4.0.5 - missing functions: none
symbol engine: initialized successfully - sym options: 0x614 - pdb path: .;C:\Program Files\Java\jdk-17\bin;C:\WINDOWS\SYSTEM32;C:\WINDOWS\WinSxS\amd64_microsoft.windows.common-controls_6595b64144ccf1df_6.0.19041.4355_none_60b8b9eb71f62e16;C:\Program Files\Java\jdk-17\bin\server;C:\Users\ZIDANE\.gradle\native\c067742578af261105cb4f569cf0c3c89f3d7b1fecec35dd04571415982c5e48\windows-amd64

VM Arguments:
jvm_args: -Xmx64m -Xms64m -Dorg.gradle.appname=gradlew 
java_command: org.gradle.wrapper.GradleWrapperMain app:installDebug -PreactNativeDevServerPort=8081
java_class_path (initial): C:\Users\ZIDANE\houseApp\android\\gradle\wrapper\gradle-wrapper.jar
Launcher Type: SUN_STANDARD

[Global flags]
     intx CICompilerCount                          = 3                                         {product} {ergonomic}
     uint ConcGCThreads                            = 1                                         {product} {ergonomic}
     uint G1ConcRefinementThreads                  = 4                                         {product} {ergonomic}
   size_t G1HeapRegionSize                         = 1048576                                   {product} {ergonomic}
    uintx GCDrainStackTargetSize                   = 64                                        {product} {ergonomic}
   size_t InitialHeapSize                          = 67108864                                  {product} {command line}
   size_t MarkStackSize                            = 4194304                                   {product} {ergonomic}
   size_t MaxHeapSize                              = 67108864                                  {product} {command line}
   size_t MaxNewSize                               = 39845888                                  {product} {ergonomic}
   size_t MinHeapDeltaBytes                        = 1048576                                   {product} {ergonomic}
   size_t MinHeapSize                              = 67108864                                  {product} {command line}
    uintx NonNMethodCodeHeapSize                   = 5832780                                {pd product} {ergonomic}
    uintx NonProfiledCodeHeapSize                  = 122912730                              {pd product} {ergonomic}
    uintx ProfiledCodeHeapSize                     = 122912730                              {pd product} {ergonomic}
    uintx ReservedCodeCacheSize                    = 251658240                              {pd product} {ergonomic}
     bool SegmentedCodeCache                       = true                                      {product} {ergonomic}
   size_t SoftMaxHeapSize                          = 67108864                               {manageable} {ergonomic}
     bool UseCompressedClassPointers               = true                           {product lp64_product} {ergonomic}
     bool UseCompressedOops                        = true                           {product lp64_product} {ergonomic}
     bool UseG1GC                                  = true                                      {product} {ergonomic}
     bool UseLargePagesIndividualAllocation        = false                                  {pd product} {ergonomic}

Logging:
Log output configuration:
 #0: stdout all=warning uptime,level,tags
 #1: stderr all=off uptime,level,tags

Environment Variables:
JAVA_HOME=C:\Program Files\Java\jdk-17
CLASSPATH=C:\Users\ZIDANE\houseApp\android\\gradle\wrapper\gradle-wrapper.jar
PATH=C:\Users\ZIDANE\houseApp\node_modules\.bin;C:\Users\ZIDANE\houseApp\node_modules\.bin;C:\Users\ZIDANE\node_modules\.bin;C:\Users\node_modules\.bin;C:\node_modules\.bin;C:\Program Files\nodejs\node_modules\npm\node_modules\@npmcli\run-script\lib\node-gyp-bin;C:\Users\ZIDANE\houseApp\node_modules\.bin;C:\Users\ZIDANE\node_modules\.bin;C:\Users\node_modules\.bin;C:\node_modules\.bin;C:\Program Files\nodejs\node_modules\npm\node_modules\@npmcli\run-script\lib\node-gyp-bin;C:\Program Files\Common Files\Oracle\Java\javapath;C:\Program Files (x86)\Common Files\Oracle\Java\java8path;C:\Program Files (x86)\Common Files\Oracle\Java\javapath;C:\Program Files\Java\jdk-17\bin;C:\WINDOWS\system32;C:\WINDOWS;C:\WINDOWS\System32\Wbem;C:\WINDOWS\System32\WindowsPowerShell\v1.0\;C:\WINDOWS\System32\OpenSSH\;C:\Program Files\nodejs\;C:\Program Files\Git\cmd;choco;C:\ProgramData\chocolatey\bin;STM32CubeProgrammer path\bin;C:\Program Files\php-8.3.6;C:\Program Files\Java\jdk-17\bin;C:\Users\ZIDANE\Desktop\Nouveau dossier\scrcpy-win64-v2.6.1;C:\WINDOWS\system32;C:\WINDOWS;C:\WINDOWS\System32\Wbem;C:\WINDOWS\System32\WindowsPowerShell\v1.0\;C:\WINDOWS\System32\OpenSSH\;C:\Program Files\nodejs\;C:\Program Files\Git\cmd;choco;C:\ProgramData\chocolatey\bin;STM32CubeProgrammer path\bin;C:\Program Files\php-8.3.6;C:\Users\ZIDANE\AppData\Local\Android\Sdk\tools;C:\Users\ZIDANE\AppData\Local\Microsoft\WindowsApps;C:\Users\ZIDANE\AppData\Local\Programs\Microsoft VS Code\bin;C:\Users\ZIDANE\AppData\Roaming\npm;C:\Users\ZIDANE\AppData\Local\Android\Sdk\platform-tools;C:\flutter\flutter\bin;C:\Program Files\Java\jdk-17\bin;
USERNAME=ZIDANE
LANG=en_US.UTF-8
OS=Windows_NT
PROCESSOR_IDENTIFIER=Intel64 Family 6 Model 58 Stepping 9, GenuineIntel



---------------  S Y S T E M  ---------------

OS:
 Windows 10 , 64 bit Build 19041 (10.0.19041.3636)
OS uptime: 0 days 22:56 hours

CPU: total 4 (initial active 4) (2 cores per cpu, 2 threads per core) family 6 model 58 stepping 9 microcode 0x21, cx8, cmov, fxsr, ht, mmx, sse, sse2, sse3, ssse3, sse4.1, sse4.2, popcnt, tsc, tscinvbit, avx, aes, erms, clmul, vzeroupper, clflush

Memory: 4k page, system-wide physical 3999M (314M free)
TotalPageFile size 16287M (AvailPageFile size 162M)
current process WorkingSet (physical memory assigned to process): 84M, peak: 91M
current process commit charge ("private bytes"): 153M, peak: 161M

vm_info: Java HotSpot(TM) 64-Bit Server VM (17.0.12+8-LTS-286) for windows-amd64 JRE (17.0.12+8-LTS-286), built on Jun  5 2024 06:46:59 by "mach5one" with MS VC++ 17.6 (VS2022)

END.
