#
# There is insufficient memory for the Java Runtime Environment to continue.
# Native memory allocation (mmap) failed to map 880803840 bytes for G1 virtual space
# Possible reasons:
#   The system is out of physical RAM or swap space
#   The process is running with CompressedOops enabled, and the Java Heap may be blocking the growth of the native heap
# Possible solutions:
#   Reduce memory load on the system
#   Increase physical memory or swap space
#   Check if swap backing store is full
#   Decrease Java heap size (-Xmx/-Xms)
#   Decrease number of Java threads
#   Decrease Java thread stack sizes (-Xss)
#   Set larger code cache with -XX:ReservedCodeCacheSize=
#   JVM is running with Zero Based Compressed Oops mode in which the Java heap is
#     placed in the first 32GB address space. The Java Heap base address is the
#     maximum limit for the native heap growth. Please use -XX:HeapBaseMinAddress
#     to set the Java Heap base and to place the Java Heap above 32GB virtual address.
# This output file may be truncated or incomplete.
#
#  Out of Memory Error (os_windows.cpp:3548), pid=15544, tid=10608
#
# JRE version: Java(TM) SE Runtime Environment (17.0.12+8) (build 17.0.12+8-LTS-286)
# Java VM: Java HotSpot(TM) 64-Bit Server VM (17.0.12+8-LTS-286, mixed mode, sharing, tiered, compressed oops, compressed class ptrs, g1 gc, windows-amd64)
# No core dump will be written. Minidumps are not enabled by default on client versions of Windows
#

---------------  S U M M A R Y ------------

Command Line: --add-opens=java.base/java.util=ALL-UNNAMED --add-opens=java.base/java.lang=ALL-UNNAMED --add-opens=java.base/java.lang.invoke=ALL-UNNAMED --add-opens=java.prefs/java.util.prefs=ALL-UNNAMED --add-opens=java.base/java.nio.charset=ALL-UNNAMED --add-opens=java.base/java.net=ALL-UNNAMED --add-opens=java.base/java.util.concurrent.atomic=ALL-UNNAMED -Xmx4608m -Dfile.encoding=windows-1252 -Duser.country=FR -Duser.language=fr -Duser.variant -javaagent:C:\Users\ZIDANE\.gradle\wrapper\dists\gradle-8.8-bin\dl7vupf4psengwqhwktix4v1\gradle-8.8\lib\agents\gradle-instrumentation-agent-8.8.jar org.gradle.launcher.daemon.bootstrap.GradleDaemon 8.8

Host: Intel(R) Core(TM) i5-3320M CPU @ 2.60GHz, 4 cores, 3G,  Windows 10 , 64 bit Build 19041 (10.0.19041.3636)
Time: Thu Aug 29 21:08:22 2024 Afr. centrale Ouest elapsed time: 145.125622 seconds (0d 0h 2m 25s)

---------------  T H R E A D  ---------------

Current thread (0x0000022f0ae4db90):  VMThread "VM Thread" [stack: 0x000000e732400000,0x000000e732500000] [id=10608]

Stack: [0x000000e732400000,0x000000e732500000]
Native frames: (J=compiled Java code, j=interpreted, Vv=VM code, C=native code)
V  [jvm.dll+0x67a04a]
V  [jvm.dll+0x7da4ed]
V  [jvm.dll+0x7dbe33]
V  [jvm.dll+0x7dc4a3]
V  [jvm.dll+0x24508f]
V  [jvm.dll+0x677089]
V  [jvm.dll+0x66bd32]
V  [jvm.dll+0x301fa6]
V  [jvm.dll+0x309546]
V  [jvm.dll+0x359d2e]
V  [jvm.dll+0x359f5f]
V  [jvm.dll+0x2d9078]
V  [jvm.dll+0x2d74ad]
V  [jvm.dll+0x2d6afc]
V  [jvm.dll+0x31a65b]
V  [jvm.dll+0x7e0d9b]
V  [jvm.dll+0x7e1ad4]
V  [jvm.dll+0x7e1fed]
V  [jvm.dll+0x7e23c4]
V  [jvm.dll+0x7e2490]
V  [jvm.dll+0x78abea]
V  [jvm.dll+0x678f35]
C  [ucrtbase.dll+0x21bb2]
C  [KERNEL32.DLL+0x17344]
C  [ntdll.dll+0x526b1]

VM_Operation (0x000000e733af6250): G1CollectForAllocation, mode: safepoint, requested by thread 0x0000022f766b9990


---------------  P R O C E S S  ---------------

Threads class SMR info:
_java_thread_list=0x0000022f046a3470, length=89, elements={
0x0000022f0ad7b970, 0x0000022f304f1690, 0x0000022f304f2bc0, 0x0000022f30509da0,
0x0000022f3050a870, 0x0000022f3050e900, 0x0000022f3050fd80, 0x0000022f30518630,
0x0000022f30539f60, 0x0000022f3053d060, 0x0000022f30765f10, 0x0000022f308699f0,
0x0000022f76bee810, 0x0000022f30af7a50, 0x0000022f774874b0, 0x0000022f309f54e0,
0x0000022f766ba8c0, 0x0000022f766b9480, 0x0000022f766b9990, 0x0000022f766b8040,
0x0000022f766bb2e0, 0x0000022f766bb7f0, 0x0000022f766b8550, 0x0000022f766b9ea0,
0x0000022f766badd0, 0x0000022f766ba3b0, 0x0000022f766b8a60, 0x0000022f77a53e50,
0x0000022f77a561c0, 0x0000022f77a59970, 0x0000022f77a59460, 0x0000022f77a54360,
0x0000022f77a557a0, 0x0000022f77a570f0, 0x0000022f77a57600, 0x0000022f77a5a390,
0x0000022f77a55290, 0x0000022f77a55cb0, 0x0000022f77a57b10, 0x0000022f77a58020,
0x0000022f77a54d80, 0x0000022f77a566d0, 0x0000022f77a58530, 0x0000022f77a53430,
0x0000022f77a58a40, 0x0000022f77a53940, 0x0000022f77a58f50, 0x0000022f77a59e80,
0x0000022f77a52f20, 0x0000022f77a5a8a0, 0x0000022f78163ab0, 0x0000022f781635a0,
0x0000022f78161740, 0x0000022f7815eec0, 0x0000022f78163090, 0x0000022f7815f8e0,
0x0000022f78162160, 0x0000022f78160810, 0x0000022f78163fc0, 0x0000022f7815fdf0,
0x0000022f78161230, 0x0000022f781644d0, 0x0000022f7815d570, 0x0000022f7815d060,
0x0000022f7815df90, 0x0000022f781649e0, 0x0000022f7815da80, 0x0000022f7815e4a0,
0x0000022f7966dd40, 0x0000022f7966a590, 0x0000022f7966b9d0, 0x0000022f7966d320,
0x0000022f79668c40, 0x0000022f79669660, 0x0000022f7966a080, 0x0000022f79669b70,
0x0000022f79667800, 0x0000022f7966aaa0, 0x0000022f79668730, 0x0000022f79667d10,
0x0000022f7966ce10, 0x0000022f7966e250, 0x0000022f7966d830, 0x0000022f79666de0,
0x0000022f79668220, 0x0000022f7966afb0, 0x0000022f796672f0, 0x0000022f7966bee0,
0x0000022f7b1a2950
}

Java Threads: ( => current thread )
  0x0000022f0ad7b970 JavaThread "main" [_thread_blocked, id=7892, stack(0x000000e731e00000,0x000000e731f00000)]
  0x0000022f304f1690 JavaThread "Reference Handler" daemon [_thread_blocked, id=11388, stack(0x000000e732500000,0x000000e732600000)]
  0x0000022f304f2bc0 JavaThread "Finalizer" daemon [_thread_blocked, id=3152, stack(0x000000e732600000,0x000000e732700000)]
  0x0000022f30509da0 JavaThread "Signal Dispatcher" daemon [_thread_blocked, id=9892, stack(0x000000e732700000,0x000000e732800000)]
  0x0000022f3050a870 JavaThread "Attach Listener" daemon [_thread_blocked, id=1392, stack(0x000000e732800000,0x000000e732900000)]
  0x0000022f3050e900 JavaThread "Service Thread" daemon [_thread_blocked, id=7548, stack(0x000000e732900000,0x000000e732a00000)]
  0x0000022f3050fd80 JavaThread "Monitor Deflation Thread" daemon [_thread_blocked, id=12968, stack(0x000000e732a00000,0x000000e732b00000)]
  0x0000022f30518630 JavaThread "C2 CompilerThread0" daemon [_thread_blocked, id=6636, stack(0x000000e732b00000,0x000000e732c00000)]
  0x0000022f30539f60 JavaThread "C1 CompilerThread0" daemon [_thread_blocked, id=10524, stack(0x000000e732c00000,0x000000e732d00000)]
  0x0000022f3053d060 JavaThread "Sweeper thread" daemon [_thread_blocked, id=9432, stack(0x000000e732d00000,0x000000e732e00000)]
  0x0000022f30765f10 JavaThread "Common-Cleaner" daemon [_thread_blocked, id=2032, stack(0x000000e732e00000,0x000000e732f00000)]
  0x0000022f308699f0 JavaThread "Notification Thread" daemon [_thread_blocked, id=15104, stack(0x000000e732f00000,0x000000e733000000)]
  0x0000022f76bee810 JavaThread "Daemon health stats" [_thread_blocked, id=6904, stack(0x000000e733400000,0x000000e733500000)]
  0x0000022f30af7a50 JavaThread "Incoming local TCP Connector on port 50557" [_thread_in_native, id=10612, stack(0x000000e733500000,0x000000e733600000)]
  0x0000022f774874b0 JavaThread "Daemon periodic checks" [_thread_blocked, id=3224, stack(0x000000e733600000,0x000000e733700000)]
  0x0000022f309f54e0 JavaThread "Daemon" [_thread_blocked, id=8224, stack(0x000000e733700000,0x000000e733800000)]
  0x0000022f766ba8c0 JavaThread "Handler for socket connection from /127.0.0.1:50557 to /127.0.0.1:50558" [_thread_in_native, id=10080, stack(0x000000e733800000,0x000000e733900000)]
  0x0000022f766b9480 JavaThread "Cancel handler" [_thread_blocked, id=9568, stack(0x000000e733900000,0x000000e733a00000)]
  0x0000022f766b9990 JavaThread "Daemon worker" [_thread_blocked, id=7624, stack(0x000000e733a00000,0x000000e733b00000)]
  0x0000022f766b8040 JavaThread "Asynchronous log dispatcher for DefaultDaemonConnection: socket connection from /127.0.0.1:50557 to /127.0.0.1:50558" [_thread_blocked, id=9556, stack(0x000000e733b00000,0x000000e733c00000)]
  0x0000022f766bb2e0 JavaThread "Stdin handler" [_thread_blocked, id=9848, stack(0x000000e733c00000,0x000000e733d00000)]
  0x0000022f766bb7f0 JavaThread "Daemon client event forwarder" [_thread_blocked, id=10648, stack(0x000000e733d00000,0x000000e733e00000)]
  0x0000022f766b8550 JavaThread "Cache worker for journal cache (C:\Users\ZIDANE\.gradle\caches\journal-1)" [_thread_blocked, id=2896, stack(0x000000e733e00000,0x000000e733f00000)]
  0x0000022f766b9ea0 JavaThread "File lock request listener" [_thread_in_native, id=10132, stack(0x000000e733f00000,0x000000e734000000)]
  0x0000022f766badd0 JavaThread "Cache worker for file hash cache (C:\Users\ZIDANE\.gradle\caches\8.8\fileHashes)" [_thread_blocked, id=14468, stack(0x000000e734000000,0x000000e734100000)]
  0x0000022f766ba3b0 JavaThread "Cache worker for file hash cache (C:\Users\ZIDANE\houseApp\android\.gradle\8.8\fileHashes)" [_thread_blocked, id=11172, stack(0x000000e734100000,0x000000e734200000)]
  0x0000022f766b8a60 JavaThread "File watcher server" daemon [_thread_blocked, id=15936, stack(0x000000e734200000,0x000000e734300000)]
  0x0000022f77a53e50 JavaThread "File watcher consumer" daemon [_thread_blocked, id=2124, stack(0x000000e734300000,0x000000e734400000)]
  0x0000022f77a561c0 JavaThread "Cache worker for checksums cache (C:\Users\ZIDANE\houseApp\android\.gradle\8.8\checksums)" [_thread_blocked, id=15372, stack(0x000000e734400000,0x000000e734500000)]
  0x0000022f77a59970 JavaThread "Cache worker for file content cache (C:\Users\ZIDANE\.gradle\caches\8.8\fileContent)" [_thread_blocked, id=11240, stack(0x000000e734500000,0x000000e734600000)]
  0x0000022f77a59460 JavaThread "Cache worker for cache directory md-rule (C:\Users\ZIDANE\.gradle\caches\8.8\md-rule)" [_thread_blocked, id=14092, stack(0x000000e734600000,0x000000e734700000)]
  0x0000022f77a54360 JavaThread "Cache worker for cache directory md-supplier (C:\Users\ZIDANE\.gradle\caches\8.8\md-supplier)" [_thread_blocked, id=1932, stack(0x000000e734700000,0x000000e734800000)]
  0x0000022f77a557a0 JavaThread "jar transforms" [_thread_blocked, id=14352, stack(0x000000e734800000,0x000000e734900000)]
  0x0000022f77a570f0 JavaThread "Unconstrained build operations" [_thread_blocked, id=15904, stack(0x000000e734900000,0x000000e734a00000)]
  0x0000022f77a57600 JavaThread "Unconstrained build operations Thread 2" [_thread_blocked, id=3316, stack(0x000000e734a00000,0x000000e734b00000)]
  0x0000022f77a5a390 JavaThread "Unconstrained build operations Thread 3" [_thread_blocked, id=9516, stack(0x000000e734b00000,0x000000e734c00000)]
  0x0000022f77a55290 JavaThread "Unconstrained build operations Thread 4" [_thread_blocked, id=13328, stack(0x000000e734c00000,0x000000e734d00000)]
  0x0000022f77a55cb0 JavaThread "Unconstrained build operations Thread 5" [_thread_blocked, id=6432, stack(0x000000e734d00000,0x000000e734e00000)]
  0x0000022f77a57b10 JavaThread "Unconstrained build operations Thread 6" [_thread_blocked, id=4320, stack(0x000000e734e00000,0x000000e734f00000)]
  0x0000022f77a58020 JavaThread "Cache worker for Build Output Cleanup Cache (C:\Users\ZIDANE\houseApp\node_modules\@react-native\gradle-plugin\.gradle\buildOutputCleanup)" [_thread_blocked, id=12272, stack(0x000000e734f00000,0x000000e735000000)]
  0x0000022f77a54d80 JavaThread "Unconstrained build operations Thread 7" [_thread_blocked, id=14748, stack(0x000000e735200000,0x000000e735300000)]
  0x0000022f77a566d0 JavaThread "Unconstrained build operations Thread 8" [_thread_blocked, id=8344, stack(0x000000e735300000,0x000000e735400000)]
  0x0000022f77a58530 JavaThread "Unconstrained build operations Thread 9" [_thread_blocked, id=15292, stack(0x000000e735400000,0x000000e735500000)]
  0x0000022f77a53430 JavaThread "Unconstrained build operations Thread 10" [_thread_blocked, id=6704, stack(0x000000e735500000,0x000000e735600000)]
  0x0000022f77a58a40 JavaThread "Unconstrained build operations Thread 11" [_thread_blocked, id=12604, stack(0x000000e735600000,0x000000e735700000)]
  0x0000022f77a53940 JavaThread "Unconstrained build operations Thread 12" [_thread_blocked, id=2340, stack(0x000000e735700000,0x000000e735800000)]
  0x0000022f77a58f50 JavaThread "Unconstrained build operations Thread 13" [_thread_blocked, id=940, stack(0x000000e735800000,0x000000e735900000)]
  0x0000022f77a59e80 JavaThread "Unconstrained build operations Thread 14" [_thread_blocked, id=10024, stack(0x000000e735900000,0x000000e735a00000)]
  0x0000022f77a52f20 JavaThread "Unconstrained build operations Thread 15" [_thread_blocked, id=2448, stack(0x000000e735a00000,0x000000e735b00000)]
  0x0000022f77a5a8a0 JavaThread "Memory manager" [_thread_blocked, id=2192, stack(0x000000e735b00000,0x000000e735c00000)]
  0x0000022f78163ab0 JavaThread "build event listener" [_thread_blocked, id=13100, stack(0x000000e735c00000,0x000000e735d00000)]
  0x0000022f781635a0 JavaThread "ForkJoinPool.commonPool-worker-1" daemon [_thread_blocked, id=11488, stack(0x000000e735d00000,0x000000e735e00000)]
  0x0000022f78161740 JavaThread "ForkJoinPool.commonPool-worker-2" daemon [_thread_blocked, id=15928, stack(0x000000e731b00000,0x000000e731c00000)]
  0x0000022f7815eec0 JavaThread "ForkJoinPool.commonPool-worker-3" daemon [_thread_blocked, id=9236, stack(0x000000e731c00000,0x000000e731d00000)]
  0x0000022f78163090 JavaThread "included builds" [_thread_blocked, id=3828, stack(0x000000e736000000,0x000000e736100000)]
  0x0000022f7815f8e0 JavaThread "Execution worker" [_thread_blocked, id=12552, stack(0x000000e736100000,0x000000e736200000)]
  0x0000022f78162160 JavaThread "Execution worker Thread 2" [_thread_blocked, id=9788, stack(0x000000e736200000,0x000000e736300000)]
  0x0000022f78160810 JavaThread "Execution worker Thread 3" [_thread_blocked, id=5960, stack(0x000000e736300000,0x000000e736400000)]
  0x0000022f78163fc0 JavaThread "Cache worker for execution history cache (C:\Users\ZIDANE\houseApp\node_modules\@react-native\gradle-plugin\.gradle\8.8\executionHistory)" [_thread_blocked, id=2792, stack(0x000000e736400000,0x000000e736500000)]
  0x0000022f7815fdf0 JavaThread "Unconstrained build operations Thread 16" [_thread_blocked, id=7516, stack(0x000000e736500000,0x000000e736600000)]
  0x0000022f78161230 JavaThread "Unconstrained build operations Thread 17" [_thread_blocked, id=12284, stack(0x000000e736600000,0x000000e736700000)]
  0x0000022f781644d0 JavaThread "Unconstrained build operations Thread 18" [_thread_blocked, id=11072, stack(0x000000e736700000,0x000000e736800000)]
  0x0000022f7815d570 JavaThread "Unconstrained build operations Thread 19" [_thread_blocked, id=13040, stack(0x000000e736800000,0x000000e736900000)]
  0x0000022f7815d060 JavaThread "Unconstrained build operations Thread 20" [_thread_blocked, id=2772, stack(0x000000e736900000,0x000000e736a00000)]
  0x0000022f7815df90 JavaThread "Unconstrained build operations Thread 21" [_thread_blocked, id=7924, stack(0x000000e736a00000,0x000000e736b00000)]
  0x0000022f781649e0 JavaThread "Unconstrained build operations Thread 22" [_thread_blocked, id=6460, stack(0x000000e736b00000,0x000000e736c00000)]
  0x0000022f7815da80 JavaThread "Unconstrained build operations Thread 23" [_thread_blocked, id=9020, stack(0x000000e736c00000,0x000000e736d00000)]
  0x0000022f7815e4a0 JavaThread "Unconstrained build operations Thread 24" [_thread_blocked, id=7200, stack(0x000000e736d00000,0x000000e736e00000)]
  0x0000022f7966dd40 JavaThread "Unconstrained build operations Thread 25" [_thread_blocked, id=11216, stack(0x000000e736e00000,0x000000e736f00000)]
  0x0000022f7966a590 JavaThread "Unconstrained build operations Thread 26" [_thread_blocked, id=4368, stack(0x000000e736f00000,0x000000e737000000)]
  0x0000022f7966b9d0 JavaThread "Unconstrained build operations Thread 27" [_thread_blocked, id=15668, stack(0x000000e737000000,0x000000e737100000)]
  0x0000022f7966d320 JavaThread "Unconstrained build operations Thread 28" [_thread_blocked, id=9132, stack(0x000000e737100000,0x000000e737200000)]
  0x0000022f79668c40 JavaThread "Unconstrained build operations Thread 29" [_thread_blocked, id=7868, stack(0x000000e737200000,0x000000e737300000)]
  0x0000022f79669660 JavaThread "Unconstrained build operations Thread 30" [_thread_blocked, id=9480, stack(0x000000e737300000,0x000000e737400000)]
  0x0000022f7966a080 JavaThread "Unconstrained build operations Thread 31" [_thread_blocked, id=6984, stack(0x000000e737400000,0x000000e737500000)]
  0x0000022f79669b70 JavaThread "Unconstrained build operations Thread 32" [_thread_blocked, id=4356, stack(0x000000e737500000,0x000000e737600000)]
  0x0000022f79667800 JavaThread "Unconstrained build operations Thread 33" [_thread_blocked, id=608, stack(0x000000e737600000,0x000000e737700000)]
  0x0000022f7966aaa0 JavaThread "Unconstrained build operations Thread 34" [_thread_blocked, id=8152, stack(0x000000e737700000,0x000000e737800000)]
  0x0000022f79668730 JavaThread "Unconstrained build operations Thread 35" [_thread_blocked, id=8380, stack(0x000000e737800000,0x000000e737900000)]
  0x0000022f79667d10 JavaThread "Unconstrained build operations Thread 36" [_thread_blocked, id=6488, stack(0x000000e737900000,0x000000e737a00000)]
  0x0000022f7966ce10 JavaThread "jar transforms Thread 2" [_thread_blocked, id=13048, stack(0x000000e737a00000,0x000000e737b00000)]
  0x0000022f7966e250 JavaThread "Cache worker for Build Output Cleanup Cache (C:\Users\ZIDANE\houseApp\android\.gradle\buildOutputCleanup)" [_thread_blocked, id=16224, stack(0x000000e737b00000,0x000000e737c00000)]
  0x0000022f7966d830 JavaThread "jar transforms Thread 3" [_thread_blocked, id=15444, stack(0x000000e737c00000,0x000000e737d00000)]
  0x0000022f79666de0 JavaThread "Unconstrained build operations Thread 37" [_thread_blocked, id=3432, stack(0x000000e737e00000,0x000000e737f00000)]
  0x0000022f79668220 JavaThread "Unconstrained build operations Thread 38" [_thread_blocked, id=12008, stack(0x000000e737f00000,0x000000e738000000)]
  0x0000022f7966afb0 JavaThread "Unconstrained build operations Thread 39" [_thread_blocked, id=6820, stack(0x000000e738000000,0x000000e738100000)]
  0x0000022f796672f0 JavaThread "Unconstrained build operations Thread 40" [_thread_blocked, id=5736, stack(0x000000e738100000,0x000000e738200000)]
  0x0000022f7966bee0 JavaThread "jar transforms Thread 4" [_thread_blocked, id=2496, stack(0x000000e737d00000,0x000000e737e00000)]
  0x0000022f7b1a2950 JavaThread "build event listener" [_thread_blocked, id=12728, stack(0x000000e738200000,0x000000e738300000)]

Other Threads:
=>0x0000022f0ae4db90 VMThread "VM Thread" [stack: 0x000000e732400000,0x000000e732500000] [id=10608]
  0x0000022f0adfda10 WatcherThread [stack: 0x000000e733000000,0x000000e733100000] [id=7684]
  0x0000022f0adeb250 GCTaskThread "GC Thread#0" [stack: 0x000000e731f00000,0x000000e732000000] [id=7876]
  0x0000022f30921980 GCTaskThread "GC Thread#1" [stack: 0x000000e733100000,0x000000e733200000] [id=14132]
  0x0000022f309279a0 GCTaskThread "GC Thread#2" [stack: 0x000000e733200000,0x000000e733300000] [id=11428]
  0x0000022f76bf58d0 GCTaskThread "GC Thread#3" [stack: 0x000000e733300000,0x000000e733400000] [id=3636]
  0x0000022f0adf56c0 ConcurrentGCThread "G1 Main Marker" [stack: 0x000000e732000000,0x000000e732100000] [id=13740]
  0x0000022f0adf6780 ConcurrentGCThread "G1 Conc#0" [stack: 0x000000e732100000,0x000000e732200000] [id=5352]
  0x0000022f0ae2ab30 ConcurrentGCThread "G1 Refine#0" [stack: 0x000000e732200000,0x000000e732300000] [id=4236]
  0x0000022f0ae2b470 ConcurrentGCThread "G1 Service" [stack: 0x000000e732300000,0x000000e732400000] [id=9336]

Threads with active compile tasks:
C2 CompilerThread0   145204 14800       4       com.google.common.collect.MapMakerInternalMap$Segment::expand (276 bytes)

VM state: at safepoint (normal execution)

VM Mutex/Monitor currently owned by a thread:  ([mutex/lock_event])
[0x0000022f0ad77d50] Threads_lock - owner thread: 0x0000022f0ae4db90
[0x0000022f0ad76b50] Heap_lock - owner thread: 0x0000022f766b9990

Heap address: 0x00000006e0000000, size: 4608 MB, Compressed Oops mode: Zero based, Oop shift amount: 3

CDS archive(s) mapped at: [0x0000022f31000000-0x0000022f31bd0000-0x0000022f31bd0000), size 12386304, SharedBaseAddress: 0x0000022f31000000, ArchiveRelocationMode: 1.
Compressed class space mapped at: 0x0000022f32000000-0x0000022f72000000, reserved size: 1073741824
Narrow klass base: 0x0000022f31000000, Narrow klass shift: 0, Narrow klass range: 0x100000000

GC Precious Log:
 CPUs: 4 total, 4 available
 Memory: 3999M
 Large Page Support: Disabled
 NUMA Support: Disabled
 Compressed Oops: Enabled (Zero based)
 Heap Region Size: 4M
 Heap Min Capacity: 8M
 Heap Initial Capacity: 64M
 Heap Max Capacity: 4608M
 Pre-touch: Disabled
 Parallel Workers: 4
 Concurrent Workers: 1
 Concurrent Refinement Workers: 4
 Periodic GC: Disabled

Heap:
 garbage-first heap   total 532480K, used 179981K [0x00000006e0000000, 0x0000000800000000)
  region size 4096K, 1 young (4096K), 1 survivors (4096K)
 Metaspace       used 104353K, committed 105408K, reserved 1179648K
  class space    used 14627K, committed 15104K, reserved 1048576K

Heap Regions: E=young(eden), S=young(survivor), O=old, HS=humongous(starts), HC=humongous(continues), CS=collection set, F=free, OA=open archive, CA=closed archive, TAMS=top-at-mark-start (previous, next)
|   0|0x00000006e0000000, 0x00000006e0400000, 0x00000006e0400000|100%|HS|  |TAMS 0x00000006e0400000, 0x00000006e0000000| Complete 
|   1|0x00000006e0400000, 0x00000006e0800000, 0x00000006e0800000|100%| O|  |TAMS 0x00000006e0800000, 0x00000006e0400000| Untracked 
|   2|0x00000006e0800000, 0x00000006e0c00000, 0x00000006e0c00000|100%| O|  |TAMS 0x00000006e0c00000, 0x00000006e0800000| Untracked 
|   3|0x00000006e0c00000, 0x00000006e1000000, 0x00000006e1000000|100%| O|  |TAMS 0x00000006e1000000, 0x00000006e0c00000| Untracked 
|   4|0x00000006e1000000, 0x00000006e1400000, 0x00000006e1400000|100%| O|  |TAMS 0x00000006e1400000, 0x00000006e1000000| Untracked 
|   5|0x00000006e1400000, 0x00000006e1800000, 0x00000006e1800000|100%| O|  |TAMS 0x00000006e1800000, 0x00000006e1400000| Untracked 
|   6|0x00000006e1800000, 0x00000006e1c00000, 0x00000006e1c00000|100%| O|  |TAMS 0x00000006e1c00000, 0x00000006e1800000| Untracked 
|   7|0x00000006e1c00000, 0x00000006e2000000, 0x00000006e2000000|100%| O|  |TAMS 0x00000006e2000000, 0x00000006e1c00000| Untracked 
|   8|0x00000006e2000000, 0x00000006e2400000, 0x00000006e2400000|100%| O|  |TAMS 0x00000006e2400000, 0x00000006e2000000| Untracked 
|   9|0x00000006e2400000, 0x00000006e2800000, 0x00000006e2800000|100%| O|  |TAMS 0x00000006e2800000, 0x00000006e2400000| Untracked 
|  10|0x00000006e2800000, 0x00000006e2c00000, 0x00000006e2c00000|100%| O|  |TAMS 0x00000006e2c00000, 0x00000006e2800000| Untracked 
|  11|0x00000006e2c00000, 0x00000006e3000000, 0x00000006e3000000|100%|HS|  |TAMS 0x00000006e3000000, 0x00000006e2c00000| Complete 
|  12|0x00000006e3000000, 0x00000006e3400000, 0x00000006e3400000|100%| O|  |TAMS 0x00000006e3400000, 0x00000006e3000000| Untracked 
|  13|0x00000006e3400000, 0x00000006e3800000, 0x00000006e3800000|100%| O|  |TAMS 0x00000006e3800000, 0x00000006e3400000| Untracked 
|  14|0x00000006e3800000, 0x00000006e3c00000, 0x00000006e3c00000|100%|HS|  |TAMS 0x00000006e3c00000, 0x00000006e3800000| Complete 
|  15|0x00000006e3c00000, 0x00000006e4000000, 0x00000006e4000000|100%| O|  |TAMS 0x00000006e4000000, 0x00000006e3c00000| Untracked 
|  16|0x00000006e4000000, 0x00000006e4400000, 0x00000006e4400000|100%| O|  |TAMS 0x00000006e4000000, 0x00000006e4000000| Untracked 
|  17|0x00000006e4400000, 0x00000006e4800000, 0x00000006e4800000|100%| O|  |TAMS 0x00000006e4800000, 0x00000006e4400000| Untracked 
|  18|0x00000006e4800000, 0x00000006e4c00000, 0x00000006e4c00000|100%| O|  |TAMS 0x00000006e4800000, 0x00000006e4800000| Untracked 
|  19|0x00000006e4c00000, 0x00000006e5000000, 0x00000006e5000000|100%| O|  |TAMS 0x00000006e5000000, 0x00000006e4c00000| Untracked 
|  20|0x00000006e5000000, 0x00000006e5400000, 0x00000006e5400000|100%| O|  |TAMS 0x00000006e5400000, 0x00000006e5000000| Untracked 
|  21|0x00000006e5400000, 0x00000006e5800000, 0x00000006e5800000|100%| O|  |TAMS 0x00000006e5800000, 0x00000006e5400000| Untracked 
|  22|0x00000006e5800000, 0x00000006e5c00000, 0x00000006e5c00000|100%| O|  |TAMS 0x00000006e5c00000, 0x00000006e5800000| Untracked 
|  23|0x00000006e5c00000, 0x00000006e6000000, 0x00000006e6000000|100%| O|  |TAMS 0x00000006e6000000, 0x00000006e5c00000| Untracked 
|  24|0x00000006e6000000, 0x00000006e6400000, 0x00000006e6400000|100%| O|  |TAMS 0x00000006e6400000, 0x00000006e6000000| Untracked 
|  25|0x00000006e6400000, 0x00000006e6800000, 0x00000006e6800000|100%| O|  |TAMS 0x00000006e6800000, 0x00000006e6400000| Untracked 
|  26|0x00000006e6800000, 0x00000006e6c00000, 0x00000006e6c00000|100%| O|  |TAMS 0x00000006e6c00000, 0x00000006e6800000| Untracked 
|  27|0x00000006e6c00000, 0x00000006e7000000, 0x00000006e7000000|100%| O|  |TAMS 0x00000006e7000000, 0x00000006e6c00000| Untracked 
|  28|0x00000006e7000000, 0x00000006e7400000, 0x00000006e7400000|100%| O|  |TAMS 0x00000006e7400000, 0x00000006e7000000| Untracked 
|  29|0x00000006e7400000, 0x00000006e7800000, 0x00000006e7800000|100%| O|  |TAMS 0x00000006e7800000, 0x00000006e7400000| Untracked 
|  30|0x00000006e7800000, 0x00000006e7c00000, 0x00000006e7c00000|100%| O|  |TAMS 0x00000006e7c00000, 0x00000006e7800000| Untracked 
|  31|0x00000006e7c00000, 0x00000006e8000000, 0x00000006e8000000|100%| O|  |TAMS 0x00000006e8000000, 0x00000006e7c00000| Untracked 
|  32|0x00000006e8000000, 0x00000006e8400000, 0x00000006e8400000|100%| O|  |TAMS 0x00000006e8400000, 0x00000006e8000000| Untracked 
|  33|0x00000006e8400000, 0x00000006e8800000, 0x00000006e8800000|100%| O|  |TAMS 0x00000006e8800000, 0x00000006e8400000| Untracked 
|  34|0x00000006e8800000, 0x00000006e8c00000, 0x00000006e8c00000|100%| O|  |TAMS 0x00000006e8c00000, 0x00000006e8800000| Untracked 
|  35|0x00000006e8c00000, 0x00000006e9000000, 0x00000006e9000000|100%| O|  |TAMS 0x00000006e8c98a00, 0x00000006e8c00000| Untracked 
|  36|0x00000006e9000000, 0x00000006e9400000, 0x00000006e9400000|100%| O|  |TAMS 0x00000006e9000000, 0x00000006e9000000| Untracked 
|  37|0x00000006e9400000, 0x00000006e9800000, 0x00000006e9800000|100%| O|  |TAMS 0x00000006e9400000, 0x00000006e9400000| Untracked 
|  38|0x00000006e9800000, 0x00000006e9c00000, 0x00000006e9c00000|100%| O|  |TAMS 0x00000006e9800000, 0x00000006e9800000| Untracked 
|  39|0x00000006e9c00000, 0x00000006ea000000, 0x00000006ea000000|100%| O|  |TAMS 0x00000006e9c00000, 0x00000006e9c00000| Untracked 
|  40|0x00000006ea000000, 0x00000006ea400000, 0x00000006ea400000|100%| O|  |TAMS 0x00000006ea000000, 0x00000006ea000000| Untracked 
|  41|0x00000006ea400000, 0x00000006ea800000, 0x00000006ea800000|100%| O|  |TAMS 0x00000006ea400000, 0x00000006ea400000| Untracked 
|  42|0x00000006ea800000, 0x00000006eabc3400, 0x00000006eac00000| 94%| O|  |TAMS 0x00000006ea800000, 0x00000006ea800000| Untracked 
|  43|0x00000006eac00000, 0x00000006eac00000, 0x00000006eb000000|  0%| F|  |TAMS 0x00000006eac00000, 0x00000006eac00000| Untracked 
|  44|0x00000006eb000000, 0x00000006eb000000, 0x00000006eb400000|  0%| F|  |TAMS 0x00000006eb000000, 0x00000006eb000000| Untracked 
|  45|0x00000006eb400000, 0x00000006eb400000, 0x00000006eb800000|  0%| F|  |TAMS 0x00000006eb400000, 0x00000006eb400000| Untracked 
|  46|0x00000006eb800000, 0x00000006eb800000, 0x00000006ebc00000|  0%| F|  |TAMS 0x00000006eb800000, 0x00000006eb800000| Untracked 
|  47|0x00000006ebc00000, 0x00000006ebc00000, 0x00000006ec000000|  0%| F|  |TAMS 0x00000006ebc00000, 0x00000006ebc00000| Untracked 
|  48|0x00000006ec000000, 0x00000006ec000000, 0x00000006ec400000|  0%| F|  |TAMS 0x00000006ec000000, 0x00000006ec000000| Untracked 
|  49|0x00000006ec400000, 0x00000006ec400000, 0x00000006ec800000|  0%| F|  |TAMS 0x00000006ec400000, 0x00000006ec400000| Untracked 
|  50|0x00000006ec800000, 0x00000006ec800000, 0x00000006ecc00000|  0%| F|  |TAMS 0x00000006ec800000, 0x00000006ec800000| Untracked 
|  51|0x00000006ecc00000, 0x00000006ecc00000, 0x00000006ed000000|  0%| F|  |TAMS 0x00000006ecc00000, 0x00000006ecc00000| Untracked 
|  52|0x00000006ed000000, 0x00000006ed000000, 0x00000006ed400000|  0%| F|  |TAMS 0x00000006ed000000, 0x00000006ed000000| Untracked 
|  53|0x00000006ed400000, 0x00000006ed400000, 0x00000006ed800000|  0%| F|  |TAMS 0x00000006ed400000, 0x00000006ed400000| Untracked 
|  54|0x00000006ed800000, 0x00000006ed800000, 0x00000006edc00000|  0%| F|  |TAMS 0x00000006ed800000, 0x00000006ed800000| Untracked 
|  55|0x00000006edc00000, 0x00000006edc00000, 0x00000006ee000000|  0%| F|  |TAMS 0x00000006edc00000, 0x00000006edc00000| Untracked 
|  56|0x00000006ee000000, 0x00000006ee000000, 0x00000006ee400000|  0%| F|  |TAMS 0x00000006ee000000, 0x00000006ee000000| Untracked 
|  57|0x00000006ee400000, 0x00000006ee400000, 0x00000006ee800000|  0%| F|  |TAMS 0x00000006ee400000, 0x00000006ee400000| Untracked 
|  58|0x00000006ee800000, 0x00000006ee800000, 0x00000006eec00000|  0%| F|  |TAMS 0x00000006ee800000, 0x00000006ee800000| Untracked 
|  59|0x00000006eec00000, 0x00000006eec00000, 0x00000006ef000000|  0%| F|  |TAMS 0x00000006eec00000, 0x00000006eec00000| Untracked 
|  60|0x00000006ef000000, 0x00000006ef000000, 0x00000006ef400000|  0%| F|  |TAMS 0x00000006ef000000, 0x00000006ef000000| Untracked 
|  61|0x00000006ef400000, 0x00000006ef400000, 0x00000006ef800000|  0%| F|  |TAMS 0x00000006ef400000, 0x00000006ef400000| Untracked 
|  62|0x00000006ef800000, 0x00000006ef800000, 0x00000006efc00000|  0%| F|  |TAMS 0x00000006ef800000, 0x00000006ef800000| Untracked 
|  63|0x00000006efc00000, 0x00000006efc00000, 0x00000006f0000000|  0%| F|  |TAMS 0x00000006efc00000, 0x00000006efc00000| Untracked 
|  64|0x00000006f0000000, 0x00000006f0000000, 0x00000006f0400000|  0%| F|  |TAMS 0x00000006f0000000, 0x00000006f0000000| Untracked 
|  65|0x00000006f0400000, 0x00000006f0400000, 0x00000006f0800000|  0%| F|  |TAMS 0x00000006f0400000, 0x00000006f0400000| Untracked 
|  66|0x00000006f0800000, 0x00000006f0800000, 0x00000006f0c00000|  0%| F|  |TAMS 0x00000006f0800000, 0x00000006f0800000| Untracked 
|  67|0x00000006f0c00000, 0x00000006f0c00000, 0x00000006f1000000|  0%| F|  |TAMS 0x00000006f0c00000, 0x00000006f0c00000| Untracked 
|  68|0x00000006f1000000, 0x00000006f1000000, 0x00000006f1400000|  0%| F|  |TAMS 0x00000006f1000000, 0x00000006f1000000| Untracked 
|  69|0x00000006f1400000, 0x00000006f1400000, 0x00000006f1800000|  0%| F|  |TAMS 0x00000006f1400000, 0x00000006f1400000| Untracked 
|  70|0x00000006f1800000, 0x00000006f1800000, 0x00000006f1c00000|  0%| F|  |TAMS 0x00000006f1800000, 0x00000006f1800000| Untracked 
|  71|0x00000006f1c00000, 0x00000006f1c00000, 0x00000006f2000000|  0%| F|  |TAMS 0x00000006f1c00000, 0x00000006f1c00000| Untracked 
|  72|0x00000006f2000000, 0x00000006f2000000, 0x00000006f2400000|  0%| F|  |TAMS 0x00000006f2000000, 0x00000006f2000000| Untracked 
|  73|0x00000006f2400000, 0x00000006f2400000, 0x00000006f2800000|  0%| F|  |TAMS 0x00000006f2400000, 0x00000006f2400000| Untracked 
|  74|0x00000006f2800000, 0x00000006f2800000, 0x00000006f2c00000|  0%| F|  |TAMS 0x00000006f2800000, 0x00000006f2800000| Untracked 
|  75|0x00000006f2c00000, 0x00000006f2c00000, 0x00000006f3000000|  0%| F|  |TAMS 0x00000006f2c00000, 0x00000006f2c00000| Untracked 
|  76|0x00000006f3000000, 0x00000006f3000000, 0x00000006f3400000|  0%| F|  |TAMS 0x00000006f3000000, 0x00000006f3000000| Untracked 
|  77|0x00000006f3400000, 0x00000006f3400000, 0x00000006f3800000|  0%| F|  |TAMS 0x00000006f3400000, 0x00000006f3400000| Untracked 
|  78|0x00000006f3800000, 0x00000006f3800000, 0x00000006f3c00000|  0%| F|  |TAMS 0x00000006f3800000, 0x00000006f3800000| Untracked 
|  79|0x00000006f3c00000, 0x00000006f3c00000, 0x00000006f4000000|  0%| F|  |TAMS 0x00000006f3c00000, 0x00000006f3c00000| Untracked 
|  80|0x00000006f4000000, 0x00000006f4000000, 0x00000006f4400000|  0%| F|  |TAMS 0x00000006f4000000, 0x00000006f4000000| Untracked 
|  81|0x00000006f4400000, 0x00000006f4400000, 0x00000006f4800000|  0%| F|  |TAMS 0x00000006f4400000, 0x00000006f4400000| Untracked 
|  82|0x00000006f4800000, 0x00000006f4800000, 0x00000006f4c00000|  0%| F|  |TAMS 0x00000006f4800000, 0x00000006f4800000| Untracked 
|  83|0x00000006f4c00000, 0x00000006f4c00000, 0x00000006f5000000|  0%| F|  |TAMS 0x00000006f4c00000, 0x00000006f4c00000| Untracked 
|  84|0x00000006f5000000, 0x00000006f5000000, 0x00000006f5400000|  0%| F|  |TAMS 0x00000006f5000000, 0x00000006f5000000| Untracked 
|  85|0x00000006f5400000, 0x00000006f5400000, 0x00000006f5800000|  0%| F|  |TAMS 0x00000006f5400000, 0x00000006f5400000| Untracked 
|  86|0x00000006f5800000, 0x00000006f5800000, 0x00000006f5c00000|  0%| F|  |TAMS 0x00000006f5800000, 0x00000006f5800000| Untracked 
|  87|0x00000006f5c00000, 0x00000006f5c00000, 0x00000006f6000000|  0%| F|  |TAMS 0x00000006f5c00000, 0x00000006f5c00000| Untracked 
|  88|0x00000006f6000000, 0x00000006f6000000, 0x00000006f6400000|  0%| F|  |TAMS 0x00000006f6000000, 0x00000006f6000000| Untracked 
|  89|0x00000006f6400000, 0x00000006f6400000, 0x00000006f6800000|  0%| F|  |TAMS 0x00000006f6400000, 0x00000006f6400000| Untracked 
|  90|0x00000006f6800000, 0x00000006f6800000, 0x00000006f6c00000|  0%| F|  |TAMS 0x00000006f6800000, 0x00000006f6800000| Untracked 
|  91|0x00000006f6c00000, 0x00000006f6c00000, 0x00000006f7000000|  0%| F|  |TAMS 0x00000006f6c00000, 0x00000006f6c00000| Untracked 
|  92|0x00000006f7000000, 0x00000006f7000000, 0x00000006f7400000|  0%| F|  |TAMS 0x00000006f7000000, 0x00000006f7000000| Untracked 
|  93|0x00000006f7400000, 0x00000006f7400000, 0x00000006f7800000|  0%| F|  |TAMS 0x00000006f7400000, 0x00000006f7400000| Untracked 
|  94|0x00000006f7800000, 0x00000006f7800000, 0x00000006f7c00000|  0%| F|  |TAMS 0x00000006f7800000, 0x00000006f7800000| Untracked 
|  95|0x00000006f7c00000, 0x00000006f7c00000, 0x00000006f8000000|  0%| F|  |TAMS 0x00000006f7c00000, 0x00000006f7c00000| Untracked 
|  96|0x00000006f8000000, 0x00000006f8000000, 0x00000006f8400000|  0%| F|  |TAMS 0x00000006f8000000, 0x00000006f8000000| Untracked 
|  97|0x00000006f8400000, 0x00000006f8400000, 0x00000006f8800000|  0%| F|  |TAMS 0x00000006f8400000, 0x00000006f8400000| Untracked 
|  98|0x00000006f8800000, 0x00000006f8800000, 0x00000006f8c00000|  0%| F|  |TAMS 0x00000006f8800000, 0x00000006f8800000| Untracked 
|  99|0x00000006f8c00000, 0x00000006f8c00000, 0x00000006f9000000|  0%| F|  |TAMS 0x00000006f8c00000, 0x00000006f8c00000| Untracked 
| 100|0x00000006f9000000, 0x00000006f9000000, 0x00000006f9400000|  0%| F|  |TAMS 0x00000006f9000000, 0x00000006f9000000| Untracked 
| 101|0x00000006f9400000, 0x00000006f9400000, 0x00000006f9800000|  0%| F|  |TAMS 0x00000006f9400000, 0x00000006f9400000| Untracked 
| 102|0x00000006f9800000, 0x00000006f9800000, 0x00000006f9c00000|  0%| F|  |TAMS 0x00000006f9800000, 0x00000006f9800000| Untracked 
| 103|0x00000006f9c00000, 0x00000006f9c00000, 0x00000006fa000000|  0%| F|  |TAMS 0x00000006f9c00000, 0x00000006f9c00000| Untracked 
| 104|0x00000006fa000000, 0x00000006fa000000, 0x00000006fa400000|  0%| F|  |TAMS 0x00000006fa000000, 0x00000006fa000000| Untracked 
| 105|0x00000006fa400000, 0x00000006fa400000, 0x00000006fa800000|  0%| F|  |TAMS 0x00000006fa400000, 0x00000006fa400000| Untracked 
| 106|0x00000006fa800000, 0x00000006fa800000, 0x00000006fac00000|  0%| F|  |TAMS 0x00000006fa800000, 0x00000006fa800000| Untracked 
| 107|0x00000006fac00000, 0x00000006fac00000, 0x00000006fb000000|  0%| F|  |TAMS 0x00000006fac00000, 0x00000006fac00000| Untracked 
| 108|0x00000006fb000000, 0x00000006fb000000, 0x00000006fb400000|  0%| F|  |TAMS 0x00000006fb000000, 0x00000006fb000000| Untracked 
| 109|0x00000006fb400000, 0x00000006fb400000, 0x00000006fb800000|  0%| F|  |TAMS 0x00000006fb400000, 0x00000006fb400000| Untracked 
| 110|0x00000006fb800000, 0x00000006fb800000, 0x00000006fbc00000|  0%| F|  |TAMS 0x00000006fb800000, 0x00000006fb800000| Untracked 
| 111|0x00000006fbc00000, 0x00000006fbc00000, 0x00000006fc000000|  0%| F|  |TAMS 0x00000006fbc00000, 0x00000006fbc00000| Untracked 
| 112|0x00000006fc000000, 0x00000006fc000000, 0x00000006fc400000|  0%| F|  |TAMS 0x00000006fc000000, 0x00000006fc000000| Untracked 
| 113|0x00000006fc400000, 0x00000006fc400000, 0x00000006fc800000|  0%| F|  |TAMS 0x00000006fc400000, 0x00000006fc400000| Untracked 
| 114|0x00000006fc800000, 0x00000006fc800000, 0x00000006fcc00000|  0%| F|  |TAMS 0x00000006fc800000, 0x00000006fc800000| Untracked 
| 115|0x00000006fcc00000, 0x00000006fcc00000, 0x00000006fd000000|  0%| F|  |TAMS 0x00000006fcc00000, 0x00000006fcc00000| Untracked 
| 116|0x00000006fd000000, 0x00000006fd000000, 0x00000006fd400000|  0%| F|  |TAMS 0x00000006fd000000, 0x00000006fd000000| Untracked 
| 117|0x00000006fd400000, 0x00000006fd400000, 0x00000006fd800000|  0%| F|  |TAMS 0x00000006fd400000, 0x00000006fd400000| Untracked 
| 118|0x00000006fd800000, 0x00000006fd800000, 0x00000006fdc00000|  0%| F|  |TAMS 0x00000006fd800000, 0x00000006fd800000| Untracked 
| 119|0x00000006fdc00000, 0x00000006fdc00000, 0x00000006fe000000|  0%| F|  |TAMS 0x00000006fdc00000, 0x00000006fdc00000| Untracked 
| 120|0x00000006fe000000, 0x00000006fe000000, 0x00000006fe400000|  0%| F|  |TAMS 0x00000006fe000000, 0x00000006fe000000| Untracked 
| 121|0x00000006fe400000, 0x00000006fe400000, 0x00000006fe800000|  0%| F|  |TAMS 0x00000006fe400000, 0x00000006fe400000| Untracked 
| 122|0x00000006fe800000, 0x00000006fe800000, 0x00000006fec00000|  0%| F|  |TAMS 0x00000006fe800000, 0x00000006fe800000| Untracked 
| 123|0x00000006fec00000, 0x00000006ff000000, 0x00000006ff000000|100%| S|CS|TAMS 0x00000006fec00000, 0x00000006fec00000| Complete 
| 124|0x00000006ff000000, 0x00000006ff000000, 0x00000006ff400000|  0%| F|  |TAMS 0x00000006ff000000, 0x00000006ff000000| Untracked 
| 125|0x00000006ff400000, 0x00000006ff400000, 0x00000006ff800000|  0%| F|  |TAMS 0x00000006ff400000, 0x00000006ff400000| Untracked 
| 126|0x00000006ff800000, 0x00000006ff800000, 0x00000006ffc00000|  0%| F|  |TAMS 0x00000006ff800000, 0x00000006ff800000| Untracked 
| 127|0x00000006ffc00000, 0x00000006ffc00000, 0x0000000700000000|  0%| F|  |TAMS 0x00000006ffc00000, 0x00000006ffc00000| Untracked 
| 128|0x0000000700000000, 0x0000000700000000, 0x0000000700400000|  0%| F|  |TAMS 0x0000000700000000, 0x0000000700000000| Untracked 
| 129|0x0000000700400000, 0x0000000700400000, 0x0000000700800000|  0%| F|  |TAMS 0x0000000700400000, 0x0000000700400000| Untracked 

Card table byte_map: [0x0000022f23d60000,0x0000022f24660000] _byte_map_base: 0x0000022f20660000

Marking Bits (Prev, Next): (CMBitMap*) 0x0000022f0adeb780, (CMBitMap*) 0x0000022f0adeb7c0
 Prev Bits: [0x0000022f24f60000, 0x0000022f29760000)
 Next Bits: [0x0000022f29760000, 0x0000022f2df60000)

Polling page: 0x0000022f0ac10000

Metaspace:

Usage:
  Non-class:     87.62 MB used.
      Class:     14.28 MB used.
       Both:    101.91 MB used.

Virtual space:
  Non-class space:      128.00 MB reserved,      88.19 MB ( 69%) committed,  2 nodes.
      Class space:        1.00 GB reserved,      14.75 MB (  1%) committed,  1 nodes.
             Both:        1.12 GB reserved,     102.94 MB (  9%) committed. 

Chunk freelists:
   Non-Class:  7.11 MB
       Class:  1.25 MB
        Both:  8.36 MB

MaxMetaspaceSize: unlimited
CompressedClassSpaceSize: 1.00 GB
Initial GC threshold: 21.00 MB
Current GC threshold: 159.19 MB
CDS: on
MetaspaceReclaimPolicy: balanced
 - commit_granule_bytes: 65536.
 - commit_granule_words: 8192.
 - virtual_space_node_default_size: 8388608.
 - enlarge_chunks_in_place: 1.
 - new_chunks_are_fully_committed: 0.
 - uncommit_free_chunks: 1.
 - use_allocation_guard: 0.
 - handle_deallocations: 1.


Internal statistics:

num_allocs_failed_limit: 3.
num_arena_births: 1428.
num_arena_deaths: 0.
num_vsnodes_births: 3.
num_vsnodes_deaths: 0.
num_space_committed: 1647.
num_space_uncommitted: 0.
num_chunks_returned_to_freelist: 3.
num_chunks_taken_from_freelist: 6110.
num_chunk_merges: 3.
num_chunk_splits: 3916.
num_chunks_enlarged: 2479.
num_inconsistent_stats: 0.

CodeHeap 'non-profiled nmethods': size=120000Kb used=8724Kb max_used=8724Kb free=111275Kb
 bounds [0x0000022f1b910000, 0x0000022f1c1a0000, 0x0000022f22e40000]
CodeHeap 'profiled nmethods': size=120000Kb used=25023Kb max_used=25023Kb free=94976Kb
 bounds [0x0000022f13e40000, 0x0000022f156c0000, 0x0000022f1b370000]
CodeHeap 'non-nmethods': size=5760Kb used=2438Kb max_used=2486Kb free=3321Kb
 bounds [0x0000022f1b370000, 0x0000022f1b5f0000, 0x0000022f1b910000]
 total_blobs=13445 nmethods=12467 adapters=888
 compilation: enabled
              stopped_count=0, restarted_count=0
 full_count=0

Compilation events (20 events):
Event: 145.051 Thread 0x0000022f30539f60 14812       3       it.unimi.dsi.fastutil.objects.Object2IntMap::mergeInt (67 bytes)
Event: 145.052 Thread 0x0000022f30539f60 nmethod 14812 0x0000022f156aae90 code [0x0000022f156ab0a0, 0x0000022f156ab708]
Event: 145.052 Thread 0x0000022f30539f60 14813       3       it.unimi.dsi.fastutil.objects.Object2IntOpenHashMap::getInt (116 bytes)
Event: 145.053 Thread 0x0000022f30539f60 nmethod 14813 0x0000022f156ab990 code [0x0000022f156abbc0, 0x0000022f156ac388]
Event: 145.070 Thread 0x0000022f30539f60 14814       3       java.util.TimSort::minRunLength (43 bytes)
Event: 145.070 Thread 0x0000022f30539f60 nmethod 14814 0x0000022f156ac690 code [0x0000022f156ac820, 0x0000022f156ac9d8]
Event: 145.070 Thread 0x0000022f30539f60 14815       3       java.util.TimSort::mergeForceCollapse (50 bytes)
Event: 145.070 Thread 0x0000022f30539f60 nmethod 14815 0x0000022f156aca90 code [0x0000022f156acc40, 0x0000022f156acf08]
Event: 145.071 Thread 0x0000022f30539f60 14816       3       org.gradle.internal.classpath.InstrumentedClosuresHelper::leaveInstrumentedClosure (10 bytes)
Event: 145.072 Thread 0x0000022f30539f60 nmethod 14816 0x0000022f156ad090 code [0x0000022f156ad260, 0x0000022f156ad678]
Event: 145.072 Thread 0x0000022f30539f60 14817       3       org.gradle.internal.classpath.PerThreadInstrumentedClosuresTracker::leaveClosure (17 bytes)
Event: 145.072 Thread 0x0000022f30539f60 nmethod 14817 0x0000022f156ad810 code [0x0000022f156ad9c0, 0x0000022f156add78]
Event: 145.072 Thread 0x0000022f30539f60 14818       3       org.gradle.internal.classpath.DefaultInstrumentedClosuresTracker::leaveClosure (17 bytes)
Event: 145.072 Thread 0x0000022f30539f60 nmethod 14818 0x0000022f156ade90 code [0x0000022f156ae060, 0x0000022f156ae388]
Event: 145.072 Thread 0x0000022f30539f60 14819       3       it.unimi.dsi.fastutil.objects.Object2IntOpenHashMap::computeInt (107 bytes)
Event: 145.073 Thread 0x0000022f30539f60 nmethod 14819 0x0000022f156ae510 code [0x0000022f156ae780, 0x0000022f156af1b8]
Event: 145.073 Thread 0x0000022f30539f60 14820       3       org.gradle.internal.classpath.DefaultInstrumentedClosuresTracker$$Lambda$608/0x0000022f324c5be8::apply (12 bytes)
Event: 145.074 Thread 0x0000022f30539f60 nmethod 14820 0x0000022f156af590 code [0x0000022f156af780, 0x0000022f156afcb8]
Event: 145.074 Thread 0x0000022f30539f60 14821       3       org.gradle.internal.classpath.DefaultInstrumentedClosuresTracker::lambda$leaveClosure$0 (34 bytes)
Event: 145.074 Thread 0x0000022f30539f60 nmethod 14821 0x0000022f156afe90 code [0x0000022f156b0080, 0x0000022f156b05c8]

GC Heap History (20 events):
Event: 107.193 GC heap after
{Heap after GC invocations=53 (full 0):
 garbage-first heap   total 262144K, used 118222K [0x00000006e0000000, 0x0000000800000000)
  region size 4096K, 2 young (8192K), 2 survivors (8192K)
 Metaspace       used 92926K, committed 93824K, reserved 1179648K
  class space    used 13064K, committed 13504K, reserved 1048576K
}
Event: 111.589 GC heap before
{Heap before GC invocations=53 (full 0):
 garbage-first heap   total 262144K, used 208334K [0x00000006e0000000, 0x0000000800000000)
  region size 4096K, 24 young (98304K), 2 survivors (8192K)
 Metaspace       used 95730K, committed 96640K, reserved 1179648K
  class space    used 13412K, committed 13888K, reserved 1048576K
}
Event: 111.616 GC heap after
{Heap after GC invocations=54 (full 0):
 garbage-first heap   total 262144K, used 127447K [0x00000006e0000000, 0x0000000800000000)
  region size 4096K, 3 young (12288K), 3 survivors (12288K)
 Metaspace       used 95730K, committed 96640K, reserved 1179648K
  class space    used 13412K, committed 13888K, reserved 1048576K
}
Event: 114.145 GC heap before
{Heap before GC invocations=54 (full 0):
 garbage-first heap   total 262144K, used 201175K [0x00000006e0000000, 0x0000000800000000)
  region size 4096K, 22 young (90112K), 3 survivors (12288K)
 Metaspace       used 95733K, committed 96640K, reserved 1179648K
  class space    used 13413K, committed 13888K, reserved 1048576K
}
Event: 114.188 GC heap after
{Heap after GC invocations=55 (full 0):
 garbage-first heap   total 262144K, used 130776K [0x00000006e0000000, 0x0000000800000000)
  region size 4096K, 2 young (8192K), 2 survivors (8192K)
 Metaspace       used 95733K, committed 96640K, reserved 1179648K
  class space    used 13413K, committed 13888K, reserved 1048576K
}
Event: 116.324 GC heap before
{Heap before GC invocations=56 (full 0):
 garbage-first heap   total 266240K, used 200408K [0x00000006e0000000, 0x0000000800000000)
  region size 4096K, 20 young (81920K), 2 survivors (8192K)
 Metaspace       used 96287K, committed 97280K, reserved 1179648K
  class space    used 13510K, committed 14016K, reserved 1048576K
}
Event: 116.345 GC heap after
{Heap after GC invocations=57 (full 0):
 garbage-first heap   total 266240K, used 142669K [0x00000006e0000000, 0x0000000800000000)
  region size 4096K, 3 young (12288K), 3 survivors (12288K)
 Metaspace       used 96287K, committed 97280K, reserved 1179648K
  class space    used 13510K, committed 14016K, reserved 1048576K
}
Event: 116.425 GC heap before
{Heap before GC invocations=57 (full 0):
 garbage-first heap   total 266240K, used 146765K [0x00000006e0000000, 0x0000000800000000)
  region size 4096K, 4 young (16384K), 3 survivors (12288K)
 Metaspace       used 96442K, committed 97408K, reserved 1179648K
  class space    used 13529K, committed 14016K, reserved 1048576K
}
Event: 116.481 GC heap after
{Heap after GC invocations=58 (full 0):
 garbage-first heap   total 266240K, used 141000K [0x00000006e0000000, 0x0000000800000000)
  region size 4096K, 1 young (4096K), 1 survivors (4096K)
 Metaspace       used 96442K, committed 97408K, reserved 1179648K
  class space    used 13529K, committed 14016K, reserved 1048576K
}
Event: 119.763 GC heap before
{Heap before GC invocations=58 (full 0):
 garbage-first heap   total 266240K, used 202440K [0x00000006e0000000, 0x0000000800000000)
  region size 4096K, 16 young (65536K), 1 survivors (4096K)
 Metaspace       used 96793K, committed 97792K, reserved 1179648K
  class space    used 13577K, committed 14080K, reserved 1048576K
}
Event: 119.779 GC heap after
{Heap after GC invocations=59 (full 0):
 garbage-first heap   total 532480K, used 147010K [0x00000006e0000000, 0x0000000800000000)
  region size 4096K, 2 young (8192K), 2 survivors (8192K)
 Metaspace       used 96793K, committed 97792K, reserved 1179648K
  class space    used 13577K, committed 14080K, reserved 1048576K
}
Event: 136.966 GC heap before
{Heap before GC invocations=60 (full 0):
 garbage-first heap   total 532480K, used 417346K [0x00000006e0000000, 0x0000000800000000)
  region size 4096K, 69 young (282624K), 2 survivors (8192K)
 Metaspace       used 104247K, committed 105280K, reserved 1179648K
  class space    used 14619K, committed 15104K, reserved 1048576K
}
Event: 138.678 GC heap after
{Heap after GC invocations=61 (full 0):
 garbage-first heap   total 532480K, used 169396K [0x00000006e0000000, 0x0000000800000000)
  region size 4096K, 8 young (32768K), 8 survivors (32768K)
 Metaspace       used 104247K, committed 105280K, reserved 1179648K
  class space    used 14619K, committed 15104K, reserved 1048576K
}
Event: 140.161 GC heap before
{Heap before GC invocations=61 (full 0):
 garbage-first heap   total 532480K, used 173492K [0x00000006e0000000, 0x0000000800000000)
  region size 4096K, 9 young (36864K), 8 survivors (32768K)
 Metaspace       used 104259K, committed 105280K, reserved 1179648K
  class space    used 14620K, committed 15104K, reserved 1048576K
}
Event: 142.398 GC heap after
{Heap after GC invocations=62 (full 0):
 garbage-first heap   total 532480K, used 170615K [0x00000006e0000000, 0x0000000800000000)
  region size 4096K, 1 young (4096K), 1 survivors (4096K)
 Metaspace       used 104259K, committed 105280K, reserved 1179648K
  class space    used 14620K, committed 15104K, reserved 1048576K
}
Event: 143.926 GC heap before
{Heap before GC invocations=62 (full 0):
 garbage-first heap   total 532480K, used 191095K [0x00000006e0000000, 0x0000000800000000)
  region size 4096K, 6 young (24576K), 1 survivors (4096K)
 Metaspace       used 104280K, committed 105344K, reserved 1179648K
  class space    used 14621K, committed 15104K, reserved 1048576K
}
Event: 144.273 GC heap after
{Heap after GC invocations=63 (full 0):
 garbage-first heap   total 532480K, used 171597K [0x00000006e0000000, 0x0000000800000000)
  region size 4096K, 1 young (4096K), 1 survivors (4096K)
 Metaspace       used 104280K, committed 105344K, reserved 1179648K
  class space    used 14621K, committed 15104K, reserved 1048576K
}
Event: 144.835 GC heap before
{Heap before GC invocations=63 (full 0):
 garbage-first heap   total 532480K, used 192077K [0x00000006e0000000, 0x0000000800000000)
  region size 4096K, 6 young (24576K), 1 survivors (4096K)
 Metaspace       used 104306K, committed 105344K, reserved 1179648K
  class space    used 14624K, committed 15104K, reserved 1048576K
}
Event: 144.850 GC heap after
{Heap after GC invocations=64 (full 0):
 garbage-first heap   total 532480K, used 175699K [0x00000006e0000000, 0x0000000800000000)
  region size 4096K, 1 young (4096K), 1 survivors (4096K)
 Metaspace       used 104306K, committed 105344K, reserved 1179648K
  class space    used 14624K, committed 15104K, reserved 1048576K
}
Event: 145.088 GC heap before
{Heap before GC invocations=64 (full 0):
 garbage-first heap   total 532480K, used 196179K [0x00000006e0000000, 0x0000000800000000)
  region size 4096K, 6 young (24576K), 1 survivors (4096K)
 Metaspace       used 104353K, committed 105408K, reserved 1179648K
  class space    used 14627K, committed 15104K, reserved 1048576K
}

Deoptimization events (20 events):
Event: 144.679 Thread 0x0000022f766b9990 DEOPT PACKING pc=0x0000022f1568590f sp=0x000000e733af6640
Event: 144.679 Thread 0x0000022f766b9990 DEOPT UNPACKING pc=0x0000022f1b3c2b43 sp=0x000000e733af5aa0 mode 0
Event: 144.763 Thread 0x0000022f766b9990 DEOPT PACKING pc=0x0000022f15313a3f sp=0x000000e733af6850
Event: 144.763 Thread 0x0000022f766b9990 DEOPT UNPACKING pc=0x0000022f1b3c2b43 sp=0x000000e733af5da0 mode 0
Event: 144.764 Thread 0x0000022f766b9990 DEOPT PACKING pc=0x0000022f1536d194 sp=0x000000e733af6740
Event: 144.764 Thread 0x0000022f766b9990 DEOPT UNPACKING pc=0x0000022f1b3c2b43 sp=0x000000e733af5ba0 mode 0
Event: 144.893 Thread 0x0000022f766b9990 Uncommon trap: trap_request=0xffffffbe fr.pc=0x0000022f1c00eb28 relative=0x00000000000011e8
Event: 144.893 Thread 0x0000022f766b9990 Uncommon trap: reason=profile_predicate action=maybe_recompile pc=0x0000022f1c00eb28 method=com.google.common.collect.MapMakerInternalMap$Segment.expand()V @ 56 c2
Event: 144.893 Thread 0x0000022f766b9990 DEOPT PACKING pc=0x0000022f1c00eb28 sp=0x000000e733af5850
Event: 144.893 Thread 0x0000022f766b9990 DEOPT UNPACKING pc=0x0000022f1b3c23a3 sp=0x000000e733af57f8 mode 2
Event: 144.900 Thread 0x0000022f766b9990 DEOPT PACKING pc=0x0000022f15313a3f sp=0x000000e733af6850
Event: 144.900 Thread 0x0000022f766b9990 DEOPT UNPACKING pc=0x0000022f1b3c2b43 sp=0x000000e733af5da0 mode 0
Event: 144.939 Thread 0x0000022f766b9990 DEOPT PACKING pc=0x0000022f14434dc3 sp=0x000000e733af69f0
Event: 144.939 Thread 0x0000022f766b9990 DEOPT UNPACKING pc=0x0000022f1b3c2b43 sp=0x000000e733af5e70 mode 0
Event: 144.988 Thread 0x0000022f766b9990 Uncommon trap: trap_request=0xffffffbe fr.pc=0x0000022f1c00eb28 relative=0x00000000000011e8
Event: 144.988 Thread 0x0000022f766b9990 Uncommon trap: reason=profile_predicate action=maybe_recompile pc=0x0000022f1c00eb28 method=com.google.common.collect.MapMakerInternalMap$Segment.expand()V @ 56 c2
Event: 144.988 Thread 0x0000022f766b9990 DEOPT PACKING pc=0x0000022f1c00eb28 sp=0x000000e733af5620
Event: 144.988 Thread 0x0000022f766b9990 DEOPT UNPACKING pc=0x0000022f1b3c23a3 sp=0x000000e733af55c8 mode 2
Event: 145.048 Thread 0x0000022f766b9990 DEOPT PACKING pc=0x0000022f1568590f sp=0x000000e733af6600
Event: 145.048 Thread 0x0000022f766b9990 DEOPT UNPACKING pc=0x0000022f1b3c2b43 sp=0x000000e733af5a60 mode 0

Classes unloaded (0 events):
No events

Classes redefined (0 events):
No events

Internal exceptions (20 events):
Event: 145.045 Thread 0x0000022f766b9990 Exception <a 'java/lang/ClassNotFoundException'{0x00000006ff4304f0}: com/android/build/gradle/internal/tasks/UninstallTask_DecoratedBeanInfo> (0x00000006ff4304f0) 
thrown [s\open\src\hotspot\share\classfile\systemDictionary.cpp, line 256]
Event: 145.046 Thread 0x0000022f766b9990 Exception <a 'java/lang/ClassNotFoundException'{0x00000006ff43f818}: com/android/build/gradle/internal/tasks/UninstallTaskBeanInfo> (0x00000006ff43f818) 
thrown [s\open\src\hotspot\share\classfile\systemDictionary.cpp, line 256]
Event: 145.047 Thread 0x0000022f766b9990 Exception <a 'java/lang/ClassNotFoundException'{0x00000006ff44e690}: com/android/build/gradle/internal/tasks/UninstallTaskCustomizer> (0x00000006ff44e690) 
thrown [s\open\src\hotspot\share\classfile\systemDictionary.cpp, line 256]
Event: 145.048 Thread 0x0000022f766b9990 Exception <a 'java/lang/ClassNotFoundException'{0x00000006ff470258}: com/android/build/gradle/internal/tasks/UninstallTask_DecoratedCustomizer> (0x00000006ff470258) 
thrown [s\open\src\hotspot\share\classfile\systemDictionary.cpp, line 256]
Event: 145.056 Thread 0x0000022f766b9990 Exception <a 'java/lang/ClassNotFoundException'{0x00000006ff4fcf20}: com/android/build/gradle/internal/tasks/ValidateSigningTask_DecoratedBeanInfo> (0x00000006ff4fcf20) 
thrown [s\open\src\hotspot\share\classfile\systemDictionary.cpp, line 256]
Event: 145.057 Thread 0x0000022f766b9990 Exception <a 'java/lang/ClassNotFoundException'{0x00000006ff50c3a8}: com/android/build/gradle/internal/tasks/ValidateSigningTaskBeanInfo> (0x00000006ff50c3a8) 
thrown [s\open\src\hotspot\share\classfile\systemDictionary.cpp, line 256]
Event: 145.058 Thread 0x0000022f766b9990 Exception <a 'java/lang/ClassNotFoundException'{0x00000006ff51b4f8}: com/android/build/gradle/internal/tasks/ValidateSigningTaskCustomizer> (0x00000006ff51b4f8) 
thrown [s\open\src\hotspot\share\classfile\systemDictionary.cpp, line 256]
Event: 145.059 Thread 0x0000022f766b9990 Exception <a 'java/lang/ClassNotFoundException'{0x00000006ff53d7a0}: com/android/build/gradle/internal/tasks/ValidateSigningTask_DecoratedCustomizer> (0x00000006ff53d7a0) 
thrown [s\open\src\hotspot\share\classfile\systemDictionary.cpp, line 256]
Event: 145.066 Thread 0x0000022f766b9990 Exception <a 'java/lang/ClassNotFoundException'{0x00000006ff5cca50}: com/android/build/gradle/tasks/VerifyLibraryResourcesTask_DecoratedBeanInfo> (0x00000006ff5cca50) 
thrown [s\open\src\hotspot\share\classfile\systemDictionary.cpp, line 256]
Event: 145.067 Thread 0x0000022f766b9990 Exception <a 'java/lang/ClassNotFoundException'{0x00000006ff5dbda8}: com/android/build/gradle/tasks/VerifyLibraryResourcesTaskBeanInfo> (0x00000006ff5dbda8) 
thrown [s\open\src\hotspot\share\classfile\systemDictionary.cpp, line 256]
Event: 145.068 Thread 0x0000022f766b9990 Exception <a 'java/lang/ClassNotFoundException'{0x00000006ff5eaba0}: com/android/build/gradle/tasks/VerifyLibraryResourcesTaskCustomizer> (0x00000006ff5eaba0) 
thrown [s\open\src\hotspot\share\classfile\systemDictionary.cpp, line 256]
Event: 145.069 Thread 0x0000022f766b9990 Exception <a 'java/lang/ClassNotFoundException'{0x00000006ff6146a0}: com/android/build/gradle/tasks/VerifyLibraryResourcesTask_DecoratedCustomizer> (0x00000006ff6146a0) 
thrown [s\open\src\hotspot\share\classfile\systemDictionary.cpp, line 256]
Event: 145.075 Thread 0x0000022f766b9990 Exception <a 'java/lang/ClassNotFoundException'{0x00000006ff6af288}: com/android/build/gradle/internal/tasks/AarMetadataTask_DecoratedBeanInfo> (0x00000006ff6af288) 
thrown [s\open\src\hotspot\share\classfile\systemDictionary.cpp, line 256]
Event: 145.076 Thread 0x0000022f766b9990 Exception <a 'java/lang/ClassNotFoundException'{0x00000006ff6be690}: com/android/build/gradle/internal/tasks/AarMetadataTaskBeanInfo> (0x00000006ff6be690) 
thrown [s\open\src\hotspot\share\classfile\systemDictionary.cpp, line 256]
Event: 145.077 Thread 0x0000022f766b9990 Exception <a 'java/lang/ClassNotFoundException'{0x00000006ff6cd568}: com/android/build/gradle/internal/tasks/AarMetadataTaskCustomizer> (0x00000006ff6cd568) 
thrown [s\open\src\hotspot\share\classfile\systemDictionary.cpp, line 256]
Event: 145.078 Thread 0x0000022f766b9990 Exception <a 'java/lang/ClassNotFoundException'{0x00000006ff6fa328}: com/android/build/gradle/internal/tasks/AarMetadataTask_DecoratedCustomizer> (0x00000006ff6fa328) 
thrown [s\open\src\hotspot\share\classfile\systemDictionary.cpp, line 256]
Event: 145.084 Thread 0x0000022f766b9990 Exception <a 'java/lang/ClassNotFoundException'{0x00000006ff7980b0}: com/android/build/gradle/internal/tasks/SigningConfigVersionsWriterTask_DecoratedBeanInfo> (0x00000006ff7980b0) 
thrown [s\open\src\hotspot\share\classfile\systemDictionary.cpp, line 256]
Event: 145.085 Thread 0x0000022f766b9990 Exception <a 'java/lang/ClassNotFoundException'{0x00000006ff7a7790}: com/android/build/gradle/internal/tasks/SigningConfigVersionsWriterTaskBeanInfo> (0x00000006ff7a7790) 
thrown [s\open\src\hotspot\share\classfile\systemDictionary.cpp, line 256]
Event: 145.086 Thread 0x0000022f766b9990 Exception <a 'java/lang/ClassNotFoundException'{0x00000006ff7b6940}: com/android/build/gradle/internal/tasks/SigningConfigVersionsWriterTaskCustomizer> (0x00000006ff7b6940) 
thrown [s\open\src\hotspot\share\classfile\systemDictionary.cpp, line 256]
Event: 145.087 Thread 0x0000022f766b9990 Exception <a 'java/lang/ClassNotFoundException'{0x00000006ff7e0530}: com/android/build/gradle/internal/tasks/SigningConfigVersionsWriterTask_DecoratedCustomizer> (0x00000006ff7e0530) 
thrown [s\open\src\hotspot\share\classfile\systemDictionary.cpp, line 256]

VM Operations (20 events):
Event: 134.000 Executing VM operation: HandshakeAllThreads done
Event: 135.001 Executing VM operation: Cleanup
Event: 135.002 Executing VM operation: Cleanup done
Event: 135.739 Executing VM operation: ICBufferFull
Event: 135.739 Executing VM operation: ICBufferFull done
Event: 136.752 Executing VM operation: Cleanup
Event: 136.767 Executing VM operation: Cleanup done
Event: 136.958 Executing VM operation: G1CollectForAllocation
Event: 138.698 Executing VM operation: G1CollectForAllocation done
Event: 139.701 Executing VM operation: Cleanup
Event: 139.731 Executing VM operation: Cleanup done
Event: 140.161 Executing VM operation: G1CollectForAllocation
Event: 142.400 Executing VM operation: G1CollectForAllocation done
Event: 143.414 Executing VM operation: Cleanup
Event: 143.414 Executing VM operation: Cleanup done
Event: 143.926 Executing VM operation: G1CollectForAllocation
Event: 144.273 Executing VM operation: G1CollectForAllocation done
Event: 144.835 Executing VM operation: G1CollectForAllocation
Event: 144.850 Executing VM operation: G1CollectForAllocation done
Event: 145.088 Executing VM operation: G1CollectForAllocation

Events (20 events):
Event: 128.442 loading class jdk/internal/reflect/UnsafeQualifiedIntegerFieldAccessorImpl
Event: 128.443 loading class jdk/internal/reflect/UnsafeQualifiedIntegerFieldAccessorImpl done
Event: 129.005 loading class java/io/SerialCallbackContext
Event: 129.006 loading class java/io/SerialCallbackContext done
Event: 129.237 loading class java/util/AbstractList$RandomAccessSubList
Event: 129.237 loading class java/util/AbstractList$SubList
Event: 129.238 loading class java/util/AbstractList$SubList done
Event: 129.238 loading class java/util/AbstractList$RandomAccessSubList done
Event: 129.238 loading class java/util/AbstractList$SubList$1
Event: 129.238 loading class java/util/AbstractList$SubList$1 done
Event: 133.992 loading class java/io/NotSerializableException
Event: 133.999 loading class java/io/NotSerializableException done
Event: 135.899 loading class java/security/cert/CertificateEncodingException
Event: 135.902 loading class java/security/cert/CertificateEncodingException done
Event: 144.650 loading class java/beans/ParameterDescriptor
Event: 144.658 loading class java/beans/ParameterDescriptor done
Event: 144.960 loading class java/security/NoSuchProviderException
Event: 144.961 loading class java/security/NoSuchProviderException done
Event: 144.961 loading class java/security/SignatureException
Event: 144.962 loading class java/security/SignatureException done


Dynamic libraries:
0x00007ff74f370000 - 0x00007ff74f380000 	C:\Program Files\Java\jdk-17\bin\java.exe
0x00007ffb60130000 - 0x00007ffb60328000 	C:\WINDOWS\SYSTEM32\ntdll.dll
0x00007ffb5e160000 - 0x00007ffb5e21d000 	C:\WINDOWS\System32\KERNEL32.DLL
0x00007ffb5daa0000 - 0x00007ffb5dd96000 	C:\WINDOWS\System32\KERNELBASE.dll
0x00007ffb5d9a0000 - 0x00007ffb5daa0000 	C:\WINDOWS\System32\ucrtbase.dll
0x00007ffb57b10000 - 0x00007ffb57b2b000 	C:\Program Files\Java\jdk-17\bin\VCRUNTIME140.dll
0x00007ffb56760000 - 0x00007ffb56779000 	C:\Program Files\Java\jdk-17\bin\jli.dll
0x00007ffb5e7f0000 - 0x00007ffb5e8a0000 	C:\WINDOWS\System32\ADVAPI32.dll
0x00007ffb5fa70000 - 0x00007ffb5fb0e000 	C:\WINDOWS\System32\msvcrt.dll
0x00007ffb5fc60000 - 0x00007ffb5fd00000 	C:\WINDOWS\System32\sechost.dll
0x00007ffb5e220000 - 0x00007ffb5e343000 	C:\WINDOWS\System32\RPCRT4.dll
0x00007ffb5dfd0000 - 0x00007ffb5dff7000 	C:\WINDOWS\System32\bcrypt.dll
0x00007ffb4a390000 - 0x00007ffb4a62a000 	C:\WINDOWS\WinSxS\amd64_microsoft.windows.common-controls_6595b64144ccf1df_6.0.19041.4355_none_60b8b9eb71f62e16\COMCTL32.dll
0x00007ffb5e750000 - 0x00007ffb5e77b000 	C:\WINDOWS\System32\GDI32.dll
0x00007ffb5df30000 - 0x00007ffb5df52000 	C:\WINDOWS\System32\win32u.dll
0x00007ffb5d880000 - 0x00007ffb5d997000 	C:\WINDOWS\System32\gdi32full.dll
0x00007ffb5d7e0000 - 0x00007ffb5d87d000 	C:\WINDOWS\System32\msvcp_win.dll
0x00007ffb5fd00000 - 0x00007ffb5fe9f000 	C:\WINDOWS\System32\USER32.dll
0x00007ffb4d100000 - 0x00007ffb4d10a000 	C:\WINDOWS\SYSTEM32\VERSION.dll
0x00007ffb5e710000 - 0x00007ffb5e742000 	C:\WINDOWS\System32\IMM32.DLL
0x00007ffb59290000 - 0x00007ffb5929c000 	C:\Program Files\Java\jdk-17\bin\vcruntime140_1.dll
0x00007ffb52330000 - 0x00007ffb523be000 	C:\Program Files\Java\jdk-17\bin\msvcp140.dll
0x00007ffb19100000 - 0x00007ffb19ce0000 	C:\Program Files\Java\jdk-17\bin\server\jvm.dll
0x00007ffb5ead0000 - 0x00007ffb5ead8000 	C:\WINDOWS\System32\PSAPI.DLL
0x00007ffb4bfa0000 - 0x00007ffb4bfc7000 	C:\WINDOWS\SYSTEM32\WINMM.dll
0x00007ffb59100000 - 0x00007ffb59109000 	C:\WINDOWS\SYSTEM32\WSOCK32.dll
0x00007ffb5fb10000 - 0x00007ffb5fb7b000 	C:\WINDOWS\System32\WS2_32.dll
0x00007ffb5b840000 - 0x00007ffb5b852000 	C:\WINDOWS\SYSTEM32\kernel.appcore.dll
0x00007ffb59260000 - 0x00007ffb5926a000 	C:\Program Files\Java\jdk-17\bin\jimage.dll
0x00007ffb46990000 - 0x00007ffb46b74000 	C:\WINDOWS\SYSTEM32\DBGHELP.DLL
0x00007ffb46170000 - 0x00007ffb461a4000 	C:\WINDOWS\SYSTEM32\dbgcore.DLL
0x00007ffb5ddf0000 - 0x00007ffb5de72000 	C:\WINDOWS\System32\bcryptPrimitives.dll
0x00007ffb562e0000 - 0x00007ffb562ee000 	C:\Program Files\Java\jdk-17\bin\instrument.dll
0x00007ffb56730000 - 0x00007ffb56755000 	C:\Program Files\Java\jdk-17\bin\java.dll
0x00007ffb371e0000 - 0x00007ffb372b7000 	C:\Program Files\Java\jdk-17\bin\jsvml.dll
0x00007ffb5ef60000 - 0x00007ffb5f6cb000 	C:\WINDOWS\System32\SHELL32.dll
0x00007ffb5b860000 - 0x00007ffb5bffd000 	C:\WINDOWS\SYSTEM32\windows.storage.dll
0x00007ffb5e350000 - 0x00007ffb5e6a3000 	C:\WINDOWS\System32\combase.dll
0x00007ffb5d130000 - 0x00007ffb5d15e000 	C:\WINDOWS\SYSTEM32\Wldp.dll
0x00007ffb5e970000 - 0x00007ffb5ea3d000 	C:\WINDOWS\System32\OLEAUT32.dll
0x00007ffb5e8a0000 - 0x00007ffb5e94d000 	C:\WINDOWS\System32\SHCORE.dll
0x00007ffb5f9b0000 - 0x00007ffb5fa05000 	C:\WINDOWS\System32\shlwapi.dll
0x00007ffb5d710000 - 0x00007ffb5d734000 	C:\WINDOWS\SYSTEM32\profapi.dll
0x00007ffb562f0000 - 0x00007ffb56308000 	C:\Program Files\Java\jdk-17\bin\zip.dll
0x00007ffb56710000 - 0x00007ffb56729000 	C:\Program Files\Java\jdk-17\bin\net.dll
0x00007ffb52f00000 - 0x00007ffb5300a000 	C:\WINDOWS\SYSTEM32\WINHTTP.dll
0x00007ffb5ce90000 - 0x00007ffb5cefa000 	C:\WINDOWS\system32\mswsock.dll
0x00007ffb566f0000 - 0x00007ffb56706000 	C:\Program Files\Java\jdk-17\bin\nio.dll
0x00007ffb59170000 - 0x00007ffb59180000 	C:\Program Files\Java\jdk-17\bin\verify.dll
0x00007ffb52300000 - 0x00007ffb52327000 	C:\Users\ZIDANE\.gradle\native\c067742578af261105cb4f569cf0c3c89f3d7b1fecec35dd04571415982c5e48\windows-amd64\native-platform.dll
0x00007ffb36660000 - 0x00007ffb367a4000 	C:\Users\ZIDANE\.gradle\native\100fb08df4bc3b14c8652ba06237920a3bd2aa13389f12d3474272988ae205f9\windows-amd64\native-platform-file-events.dll
0x00007ffb57690000 - 0x00007ffb5769a000 	C:\Program Files\Java\jdk-17\bin\management.dll
0x00007ffb566e0000 - 0x00007ffb566eb000 	C:\Program Files\Java\jdk-17\bin\management_ext.dll
0x00007ffb5d080000 - 0x00007ffb5d098000 	C:\WINDOWS\SYSTEM32\CRYPTSP.dll
0x00007ffb5c7b0000 - 0x00007ffb5c7e4000 	C:\WINDOWS\system32\rsaenh.dll
0x00007ffb5d680000 - 0x00007ffb5d6ae000 	C:\WINDOWS\SYSTEM32\USERENV.dll
0x00007ffb5d0a0000 - 0x00007ffb5d0ac000 	C:\WINDOWS\SYSTEM32\CRYPTBASE.dll
0x00007ffb5cb70000 - 0x00007ffb5cbab000 	C:\WINDOWS\SYSTEM32\IPHLPAPI.DLL
0x00007ffb5eae0000 - 0x00007ffb5eae8000 	C:\WINDOWS\System32\NSI.dll
0x00007ffb52d80000 - 0x00007ffb52d97000 	C:\WINDOWS\SYSTEM32\dhcpcsvc6.DLL
0x00007ffb54290000 - 0x00007ffb542ad000 	C:\WINDOWS\SYSTEM32\dhcpcsvc.DLL
0x00007ffb5cbb0000 - 0x00007ffb5cc7b000 	C:\WINDOWS\SYSTEM32\DNSAPI.dll
0x00007ffb562d0000 - 0x00007ffb562de000 	C:\Program Files\Java\jdk-17\bin\sunmscapi.dll
0x00007ffb5e000000 - 0x00007ffb5e15e000 	C:\WINDOWS\System32\CRYPT32.dll
0x00007ffb5d1a0000 - 0x00007ffb5d1c9000 	C:\WINDOWS\SYSTEM32\ncrypt.dll
0x00007ffb5d160000 - 0x00007ffb5d19b000 	C:\WINDOWS\SYSTEM32\NTASN1.dll
0x00007ffb569e0000 - 0x00007ffb569e7000 	C:\WINDOWS\system32\wshunix.dll
0x00007ffb53030000 - 0x00007ffb53047000 	C:\WINDOWS\system32\napinsp.dll
0x00007ffb4d7b0000 - 0x00007ffb4d7cb000 	C:\WINDOWS\system32\pnrpnsp.dll
0x00007ffb590e0000 - 0x00007ffb590fd000 	C:\WINDOWS\system32\NLAapi.dll
0x00007ffb4a110000 - 0x00007ffb4a122000 	C:\WINDOWS\System32\winrnr.dll
0x00007ffb3ccc0000 - 0x00007ffb3ccd5000 	C:\WINDOWS\system32\wshbth.dll
0x0000000069150000 - 0x0000000069176000 	C:\Program Files\Bonjour\mdnsNSP.dll
0x00007ffb4fae0000 - 0x00007ffb4faea000 	C:\Windows\System32\rasadhlp.dll
0x00007ffb4f6b0000 - 0x00007ffb4f730000 	C:\WINDOWS\System32\fwpuclnt.dll
0x00007ffb5afa0000 - 0x00007ffb5b030000 	C:\WINDOWS\system32\apphelp.dll

dbghelp: loaded successfully - version: 4.0.5 - missing functions: none
symbol engine: initialized successfully - sym options: 0x614 - pdb path: .;C:\Program Files\Java\jdk-17\bin;C:\WINDOWS\SYSTEM32;C:\WINDOWS\WinSxS\amd64_microsoft.windows.common-controls_6595b64144ccf1df_6.0.19041.4355_none_60b8b9eb71f62e16;C:\Program Files\Java\jdk-17\bin\server;C:\Users\ZIDANE\.gradle\native\c067742578af261105cb4f569cf0c3c89f3d7b1fecec35dd04571415982c5e48\windows-amd64;C:\Users\ZIDANE\.gradle\native\100fb08df4bc3b14c8652ba06237920a3bd2aa13389f12d3474272988ae205f9\windows-amd64;C:\Program Files\Bonjour

VM Arguments:
jvm_args: --add-opens=java.base/java.util=ALL-UNNAMED --add-opens=java.base/java.lang=ALL-UNNAMED --add-opens=java.base/java.lang.invoke=ALL-UNNAMED --add-opens=java.prefs/java.util.prefs=ALL-UNNAMED --add-opens=java.base/java.nio.charset=ALL-UNNAMED --add-opens=java.base/java.net=ALL-UNNAMED --add-opens=java.base/java.util.concurrent.atomic=ALL-UNNAMED -Xmx4608m -Dfile.encoding=windows-1252 -Duser.country=FR -Duser.language=fr -Duser.variant -javaagent:C:\Users\ZIDANE\.gradle\wrapper\dists\gradle-8.8-bin\dl7vupf4psengwqhwktix4v1\gradle-8.8\lib\agents\gradle-instrumentation-agent-8.8.jar 
java_command: org.gradle.launcher.daemon.bootstrap.GradleDaemon 8.8
java_class_path (initial): C:\Users\ZIDANE\.gradle\wrapper\dists\gradle-8.8-bin\dl7vupf4psengwqhwktix4v1\gradle-8.8\lib\gradle-launcher-8.8.jar
Launcher Type: SUN_STANDARD

[Global flags]
     intx CICompilerCount                          = 3                                         {product} {ergonomic}
     uint ConcGCThreads                            = 1                                         {product} {ergonomic}
     uint G1ConcRefinementThreads                  = 4                                         {product} {ergonomic}
   size_t G1HeapRegionSize                         = 4194304                                   {product} {ergonomic}
    uintx GCDrainStackTargetSize                   = 64                                        {product} {ergonomic}
   size_t InitialHeapSize                          = 67108864                                  {product} {ergonomic}
   size_t MarkStackSize                            = 4194304                                   {product} {ergonomic}
   size_t MaxHeapSize                              = 4831838208                                {product} {command line}
   size_t MaxNewSize                               = 2898264064                                {product} {ergonomic}
   size_t MinHeapDeltaBytes                        = 4194304                                   {product} {ergonomic}
   size_t MinHeapSize                              = 8388608                                   {product} {ergonomic}
    uintx NonNMethodCodeHeapSize                   = 5832780                                {pd product} {ergonomic}
    uintx NonProfiledCodeHeapSize                  = 122912730                              {pd product} {ergonomic}
    uintx ProfiledCodeHeapSize                     = 122912730                              {pd product} {ergonomic}
    uintx ReservedCodeCacheSize                    = 251658240                              {pd product} {ergonomic}
     bool SegmentedCodeCache                       = true                                      {product} {ergonomic}
   size_t SoftMaxHeapSize                          = 4831838208                             {manageable} {ergonomic}
     bool UseCompressedClassPointers               = true                           {product lp64_product} {ergonomic}
     bool UseCompressedOops                        = true                           {product lp64_product} {ergonomic}
     bool UseG1GC                                  = true                                      {product} {ergonomic}
     bool UseLargePagesIndividualAllocation        = false                                  {pd product} {ergonomic}

Logging:
Log output configuration:
 #0: stdout all=warning uptime,level,tags
 #1: stderr all=off uptime,level,tags

Environment Variables:
JAVA_HOME=C:\Program Files\Java\jdk-17
CLASSPATH=C:\Users\ZIDANE\houseApp\android\\gradle\wrapper\gradle-wrapper.jar
PATH=C:\Users\ZIDANE\houseApp\node_modules\.bin;C:\Users\ZIDANE\node_modules\.bin;C:\Users\node_modules\.bin;C:\node_modules\.bin;C:\Program Files\nodejs\node_modules\npm\node_modules\@npmcli\run-script\lib\node-gyp-bin;C:\Program Files\Common Files\Oracle\Java\javapath;C:\Program Files (x86)\Common Files\Oracle\Java\java8path;C:\Program Files (x86)\Common Files\Oracle\Java\javapath;C:\Program Files\Java\jdk-17\bin;C:\WINDOWS\system32;C:\WINDOWS;C:\WINDOWS\System32\Wbem;C:\WINDOWS\System32\WindowsPowerShell\v1.0\;C:\WINDOWS\System32\OpenSSH\;C:\Program Files\nodejs\;C:\Program Files\Git\cmd;choco;C:\ProgramData\chocolatey\bin;STM32CubeProgrammer path\bin;C:\Program Files\php-8.3.6;C:\Program Files\Java\jdk-17\bin;C:\WINDOWS\system32;C:\WINDOWS;C:\WINDOWS\System32\Wbem;C:\WINDOWS\System32\WindowsPowerShell\v1.0\;C:\WINDOWS\System32\OpenSSH\;C:\Program Files\nodejs\;C:\Program Files\Git\cmd;choco;C:\ProgramData\chocolatey\bin;STM32CubeProgrammer path\bin;C:\Program Files\php-8.3.6;C:\Users\ZIDANE\AppData\Local\Android\Sdk\tools;C:\Users\ZIDANE\AppData\Local\Microsoft\WindowsApps;C:\Users\ZIDANE\AppData\Local\Programs\Microsoft VS Code\bin;C:\Users\ZIDANE\AppData\Roaming\npm;C:\Users\ZIDANE\AppData\Local\Android\Sdk\platform-tools;C:\flutter\flutter\bin;C:\Program Files\Java\jdk-17\bin;
USERNAME=ZIDANE
OS=Windows_NT
PROCESSOR_IDENTIFIER=Intel64 Family 6 Model 58 Stepping 9, GenuineIntel



---------------  S Y S T E M  ---------------

OS:
 Windows 10 , 64 bit Build 19041 (10.0.19041.3636)
OS uptime: 3 days 12:57 hours

CPU: total 4 (initial active 4) (2 cores per cpu, 2 threads per core) family 6 model 58 stepping 9 microcode 0x21, cx8, cmov, fxsr, ht, mmx, sse, sse2, sse3, ssse3, sse4.1, sse4.2, popcnt, tsc, tscinvbit, avx, aes, erms, clmul, vzeroupper, clflush

Memory: 4k page, system-wide physical 3999M (210M free)
TotalPageFile size 16287M (AvailPageFile size 242M)
current process WorkingSet (physical memory assigned to process): 367M, peak: 423M
current process commit charge ("private bytes"): 850M, peak: 1690M

vm_info: Java HotSpot(TM) 64-Bit Server VM (17.0.12+8-LTS-286) for windows-amd64 JRE (17.0.12+8-LTS-286), built on Jun  5 2024 06:46:59 by "mach5one" with MS VC++ 17.6 (VS2022)

END.
