#
# There is insufficient memory for the Java Runtime Environment to continue.
# Native memory allocation (mmap) failed to map 146800640 bytes for G1 virtual space
# Possible reasons:
#   The system is out of physical RAM or swap space
#   The process is running with CompressedOops enabled, and the Java Heap may be blocking the growth of the native heap
# Possible solutions:
#   Reduce memory load on the system
#   Increase physical memory or swap space
#   Check if swap backing store is full
#   Decrease Java heap size (-Xmx/-Xms)
#   Decrease number of Java threads
#   Decrease Java thread stack sizes (-Xss)
#   Set larger code cache with -XX:ReservedCodeCacheSize=
#   JVM is running with Zero Based Compressed Oops mode in which the Java heap is
#     placed in the first 32GB address space. The Java Heap base address is the
#     maximum limit for the native heap growth. Please use -XX:HeapBaseMinAddress
#     to set the Java Heap base and to place the Java Heap above 32GB virtual address.
# This output file may be truncated or incomplete.
#
#  Out of Memory Error (os_windows.cpp:3548), pid=13352, tid=4844
#
# JRE version: Java(TM) SE Runtime Environment (17.0.12+8) (build 17.0.12+8-LTS-286)
# Java VM: Java HotSpot(TM) 64-Bit Server VM (17.0.12+8-LTS-286, mixed mode, sharing, tiered, compressed oops, compressed class ptrs, g1 gc, windows-amd64)
# No core dump will be written. Minidumps are not enabled by default on client versions of Windows
#

---------------  S U M M A R Y ------------

Command Line: --add-opens=java.base/java.util=ALL-UNNAMED --add-opens=java.base/java.lang=ALL-UNNAMED --add-opens=java.base/java.lang.invoke=ALL-UNNAMED --add-opens=java.prefs/java.util.prefs=ALL-UNNAMED --add-opens=java.base/java.nio.charset=ALL-UNNAMED --add-opens=java.base/java.net=ALL-UNNAMED --add-opens=java.base/java.util.concurrent.atomic=ALL-UNNAMED -Xmx4608m -Dfile.encoding=windows-1252 -Duser.country=FR -Duser.language=fr -Duser.variant -javaagent:C:\Users\ZIDANE\.gradle\wrapper\dists\gradle-8.8-bin\dl7vupf4psengwqhwktix4v1\gradle-8.8\lib\agents\gradle-instrumentation-agent-8.8.jar org.gradle.launcher.daemon.bootstrap.GradleDaemon 8.8

Host: Intel(R) Core(TM) i5-3320M CPU @ 2.60GHz, 4 cores, 3G,  Windows 10 , 64 bit Build 19041 (10.0.19041.3636)
Time: Fri Sep 27 16:51:30 2024 Afr. centrale Ouest elapsed time: 139.662872 seconds (0d 0h 2m 19s)

---------------  T H R E A D  ---------------

Current thread (0x000001c2e8dee3a0):  VMThread "VM Thread" [stack: 0x0000007860100000,0x0000007860200000] [id=4844]

Stack: [0x0000007860100000,0x0000007860200000]
Native frames: (J=compiled Java code, j=interpreted, Vv=VM code, C=native code)
V  [jvm.dll+0x67a04a]
V  [jvm.dll+0x7da4ed]
V  [jvm.dll+0x7dbe33]
V  [jvm.dll+0x7dc4a3]
V  [jvm.dll+0x24508f]
V  [jvm.dll+0x677089]
V  [jvm.dll+0x66bd32]
V  [jvm.dll+0x301fa6]
V  [jvm.dll+0x309546]
V  [jvm.dll+0x359d2e]
V  [jvm.dll+0x359f5f]
V  [jvm.dll+0x2d9078]
V  [jvm.dll+0x2d74ad]
V  [jvm.dll+0x2d6afc]
V  [jvm.dll+0x31a65b]
V  [jvm.dll+0x7e0d9b]
V  [jvm.dll+0x7e1ad4]
V  [jvm.dll+0x7e1fed]
V  [jvm.dll+0x7e23c4]
V  [jvm.dll+0x7e2490]
V  [jvm.dll+0x78abea]
V  [jvm.dll+0x678f35]
C  [ucrtbase.dll+0x21bb2]
C  [KERNEL32.DLL+0x17344]
C  [ntdll.dll+0x526b1]

VM_Operation (0x0000007861efdcc0): G1CollectForAllocation, mode: safepoint, requested by thread 0x000001c2d4892580


---------------  P R O C E S S  ---------------

Threads class SMR info:
_java_thread_list=0x000001c2d579ed10, length=83, elements={
0x000001c2e8d1be60, 0x000001c2ff4c3ab0, 0x000001c2ff4c4fe0, 0x000001c2ff4ddb70,
0x000001c2ff4de640, 0x000001c2ff4e08c0, 0x000001c2ff4ec690, 0x000001c2ff4eeaf0,
0x000001c2ff4f03f0, 0x000001c2ff505510, 0x000001c2ff71b590, 0x000001c2ff719730,
0x000001c2ff719c40, 0x000001c2ff71cee0, 0x000001c2ff71a150, 0x000001c2ff71a660,
0x000001c2ff71ab70, 0x000001c2ff71baa0, 0x000001c2ff71c4c0, 0x000001c2ff71b080,
0x000001c2ff71c9d0, 0x000001c2d4895820, 0x000001c2d48934b0, 0x000001c2d48943e0,
0x000001c2d48939c0, 0x000001c2d4892580, 0x000001c2d4895310, 0x000001c2d4892a90,
0x000001c2d4893ed0, 0x000001c2d48948f0, 0x000001c2d4894e00, 0x000001c2d4892070,
0x000001c2d633ccb0, 0x000001c2d633f020, 0x000001c2d633c290, 0x000001c2d6339f20,
0x000001c2d633e0f0, 0x000001c2d633ae50, 0x000001c2d633d6d0, 0x000001c2d633a430,
0x000001c2d633eb10, 0x000001c2d633b360, 0x000001c2d6341390, 0x000001c2d633a940,
0x000001c2d633dbe0, 0x000001c2d633e600, 0x000001c2d633fa40, 0x000001c2d6340460,
0x000001c2d633b870, 0x000001c2d6340970, 0x000001c2d6340e80, 0x000001c2d633d1c0,
0x000001c2ff71bfb0, 0x000001c2d775c180, 0x000001c2d775f420, 0x000001c2d77621b0,
0x000001c2d775dad0, 0x000001c2d77626c0, 0x000001c2d775dfe0, 0x000001c2d775b760,
0x000001c2d7760d70, 0x000001c2d775bc70, 0x000001c2d775fe40, 0x000001c2d775ea00,
0x000001c2d775cba0, 0x000001c2d7761280, 0x000001c2d7760350, 0x000001c2d775e4f0,
0x000001c2d775ef10, 0x000001c2d7761790, 0x000001c2d775d0b0, 0x000001c2d775d5c0,
0x000001c2d7760860, 0x000001c2ff568a60, 0x000001c2ff568040, 0x000001c2ff56a8c0,
0x000001c2ff568550, 0x000001c2ff568f70, 0x000001c2ff569480, 0x000001c2ff569990,
0x000001c2ff569ea0, 0x000001c2ff56a3b0, 0x000001c2ff56add0
}

Java Threads: ( => current thread )
  0x000001c2e8d1be60 JavaThread "main" [_thread_blocked, id=6020, stack(0x000000785fb00000,0x000000785fc00000)]
  0x000001c2ff4c3ab0 JavaThread "Reference Handler" daemon [_thread_blocked, id=2796, stack(0x0000007860200000,0x0000007860300000)]
  0x000001c2ff4c4fe0 JavaThread "Finalizer" daemon [_thread_blocked, id=9796, stack(0x0000007860300000,0x0000007860400000)]
  0x000001c2ff4ddb70 JavaThread "Signal Dispatcher" daemon [_thread_blocked, id=12512, stack(0x0000007860400000,0x0000007860500000)]
  0x000001c2ff4de640 JavaThread "Attach Listener" daemon [_thread_blocked, id=8492, stack(0x0000007860500000,0x0000007860600000)]
  0x000001c2ff4e08c0 JavaThread "Service Thread" daemon [_thread_blocked, id=1540, stack(0x0000007860600000,0x0000007860700000)]
  0x000001c2ff4ec690 JavaThread "Monitor Deflation Thread" daemon [_thread_blocked, id=8020, stack(0x0000007860700000,0x0000007860800000)]
  0x000001c2ff4eeaf0 JavaThread "C2 CompilerThread0" daemon [_thread_blocked, id=13672, stack(0x0000007860800000,0x0000007860900000)]
  0x000001c2ff4f03f0 JavaThread "C1 CompilerThread0" daemon [_thread_blocked, id=9140, stack(0x0000007860900000,0x0000007860a00000)]
  0x000001c2ff505510 JavaThread "Sweeper thread" daemon [_thread_blocked, id=408, stack(0x0000007860a00000,0x0000007860b00000)]
  0x000001c2ff71b590 JavaThread "Common-Cleaner" daemon [_thread_blocked, id=2792, stack(0x0000007860b00000,0x0000007860c00000)]
  0x000001c2ff719730 JavaThread "Notification Thread" daemon [_thread_blocked, id=10888, stack(0x0000007860c00000,0x0000007860d00000)]
  0x000001c2ff719c40 JavaThread "Daemon health stats" [_thread_blocked, id=9020, stack(0x0000007861100000,0x0000007861200000)]
  0x000001c2ff71cee0 JavaThread "Incoming local TCP Connector on port 64077" [_thread_in_native, id=15884, stack(0x0000007861200000,0x0000007861300000)]
  0x000001c2ff71a150 JavaThread "Daemon periodic checks" [_thread_blocked, id=13868, stack(0x0000007861300000,0x0000007861400000)]
  0x000001c2ff71a660 JavaThread "Daemon" [_thread_blocked, id=11972, stack(0x0000007861400000,0x0000007861500000)]
  0x000001c2ff71ab70 JavaThread "Handler for socket connection from /127.0.0.1:64077 to /127.0.0.1:64078" [_thread_in_native, id=2276, stack(0x0000007861500000,0x0000007861600000)]
  0x000001c2ff71baa0 JavaThread "Cancel handler" [_thread_blocked, id=9912, stack(0x0000007861600000,0x0000007861700000)]
  0x000001c2ff71c4c0 JavaThread "Daemon worker" [_thread_blocked, id=11572, stack(0x0000007861700000,0x0000007861800000)]
  0x000001c2ff71b080 JavaThread "Asynchronous log dispatcher for DefaultDaemonConnection: socket connection from /127.0.0.1:64077 to /127.0.0.1:64078" [_thread_blocked, id=9500, stack(0x0000007861800000,0x0000007861900000)]
  0x000001c2ff71c9d0 JavaThread "Stdin handler" [_thread_blocked, id=15620, stack(0x0000007861900000,0x0000007861a00000)]
  0x000001c2d4895820 JavaThread "Daemon client event forwarder" [_thread_blocked, id=6108, stack(0x0000007861a00000,0x0000007861b00000)]
  0x000001c2d48934b0 JavaThread "Cache worker for journal cache (C:\Users\ZIDANE\.gradle\caches\journal-1)" [_thread_blocked, id=15188, stack(0x0000007861b00000,0x0000007861c00000)]
  0x000001c2d48943e0 JavaThread "File lock request listener" [_thread_in_native, id=4896, stack(0x0000007861c00000,0x0000007861d00000)]
  0x000001c2d48939c0 JavaThread "Cache worker for file hash cache (C:\Users\ZIDANE\.gradle\caches\8.8\fileHashes)" [_thread_blocked, id=14456, stack(0x0000007861d00000,0x0000007861e00000)]
  0x000001c2d4892580 JavaThread "Cache worker for file hash cache (C:\Users\ZIDANE\houseApp\android\.gradle\8.8\fileHashes)" [_thread_blocked, id=12860, stack(0x0000007861e00000,0x0000007861f00000)]
  0x000001c2d4895310 JavaThread "File watcher server" daemon [_thread_blocked, id=32, stack(0x0000007861f00000,0x0000007862000000)]
  0x000001c2d4892a90 JavaThread "File watcher consumer" daemon [_thread_blocked, id=9768, stack(0x0000007862000000,0x0000007862100000)]
  0x000001c2d4893ed0 JavaThread "Cache worker for checksums cache (C:\Users\ZIDANE\houseApp\android\.gradle\8.8\checksums)" [_thread_blocked, id=15892, stack(0x0000007862100000,0x0000007862200000)]
  0x000001c2d48948f0 JavaThread "Cache worker for file content cache (C:\Users\ZIDANE\.gradle\caches\8.8\fileContent)" [_thread_blocked, id=7736, stack(0x0000007862200000,0x0000007862300000)]
  0x000001c2d4894e00 JavaThread "Cache worker for cache directory md-rule (C:\Users\ZIDANE\.gradle\caches\8.8\md-rule)" [_thread_blocked, id=3968, stack(0x0000007862300000,0x0000007862400000)]
  0x000001c2d4892070 JavaThread "Cache worker for cache directory md-supplier (C:\Users\ZIDANE\.gradle\caches\8.8\md-supplier)" [_thread_blocked, id=14620, stack(0x0000007862400000,0x0000007862500000)]
  0x000001c2d633ccb0 JavaThread "jar transforms" [_thread_blocked, id=5152, stack(0x0000007862500000,0x0000007862600000)]
  0x000001c2d633f020 JavaThread "Unconstrained build operations" [_thread_blocked, id=14136, stack(0x0000007862600000,0x0000007862700000)]
  0x000001c2d633c290 JavaThread "Unconstrained build operations Thread 2" [_thread_blocked, id=2892, stack(0x0000007862700000,0x0000007862800000)]
  0x000001c2d6339f20 JavaThread "Unconstrained build operations Thread 3" [_thread_blocked, id=1768, stack(0x0000007862800000,0x0000007862900000)]
  0x000001c2d633e0f0 JavaThread "Unconstrained build operations Thread 4" [_thread_blocked, id=13968, stack(0x0000007862900000,0x0000007862a00000)]
  0x000001c2d633ae50 JavaThread "Unconstrained build operations Thread 5" [_thread_blocked, id=2504, stack(0x0000007862a00000,0x0000007862b00000)]
  0x000001c2d633d6d0 JavaThread "Unconstrained build operations Thread 6" [_thread_blocked, id=16224, stack(0x0000007862b00000,0x0000007862c00000)]
  0x000001c2d633a430 JavaThread "Cache worker for Build Output Cleanup Cache (C:\Users\ZIDANE\houseApp\node_modules\@react-native\gradle-plugin\.gradle\buildOutputCleanup)" [_thread_blocked, id=10016, stack(0x0000007862c00000,0x0000007862d00000)]
  0x000001c2d633eb10 JavaThread "Unconstrained build operations Thread 7" [_thread_blocked, id=10272, stack(0x0000007862d00000,0x0000007862e00000)]
  0x000001c2d633b360 JavaThread "Unconstrained build operations Thread 8" [_thread_blocked, id=5592, stack(0x0000007862e00000,0x0000007862f00000)]
  0x000001c2d6341390 JavaThread "Unconstrained build operations Thread 9" [_thread_blocked, id=10520, stack(0x0000007862f00000,0x0000007863000000)]
  0x000001c2d633a940 JavaThread "Unconstrained build operations Thread 10" [_thread_blocked, id=8300, stack(0x0000007863000000,0x0000007863100000)]
  0x000001c2d633dbe0 JavaThread "Unconstrained build operations Thread 11" [_thread_blocked, id=12280, stack(0x0000007863100000,0x0000007863200000)]
  0x000001c2d633e600 JavaThread "Unconstrained build operations Thread 12" [_thread_blocked, id=16008, stack(0x0000007863200000,0x0000007863300000)]
  0x000001c2d633fa40 JavaThread "Unconstrained build operations Thread 13" [_thread_blocked, id=12080, stack(0x0000007863300000,0x0000007863400000)]
  0x000001c2d6340460 JavaThread "Unconstrained build operations Thread 14" [_thread_blocked, id=8880, stack(0x0000007863400000,0x0000007863500000)]
  0x000001c2d633b870 JavaThread "Unconstrained build operations Thread 15" [_thread_blocked, id=3412, stack(0x0000007863500000,0x0000007863600000)]
  0x000001c2d6340970 JavaThread "Memory manager" [_thread_blocked, id=14524, stack(0x0000007863600000,0x0000007863700000)]
  0x000001c2d6340e80 JavaThread "build event listener" [_thread_blocked, id=13764, stack(0x0000007863700000,0x0000007863800000)]
  0x000001c2d633d1c0 JavaThread "File lock release action executor" [_thread_blocked, id=6016, stack(0x0000007863a00000,0x0000007863b00000)]
  0x000001c2ff71bfb0 JavaThread "ForkJoinPool.commonPool-worker-1" daemon [_thread_blocked, id=12484, stack(0x0000007863b00000,0x0000007863c00000)]
  0x000001c2d775c180 JavaThread "ForkJoinPool.commonPool-worker-2" daemon [_thread_blocked, id=16056, stack(0x0000007863c00000,0x0000007863d00000)]
  0x000001c2d775f420 JavaThread "Execution worker" [_thread_blocked, id=8732, stack(0x0000007864200000,0x0000007864300000)]
  0x000001c2d77621b0 JavaThread "Execution worker Thread 2" [_thread_blocked, id=15836, stack(0x0000007864300000,0x0000007864400000)]
  0x000001c2d775dad0 JavaThread "Execution worker Thread 3" [_thread_blocked, id=15480, stack(0x0000007864400000,0x0000007864500000)]
  0x000001c2d77626c0 JavaThread "Cache worker for execution history cache (C:\Users\ZIDANE\houseApp\node_modules\@react-native\gradle-plugin\.gradle\8.8\executionHistory)" [_thread_blocked, id=15936, stack(0x0000007864500000,0x0000007864600000)]
  0x000001c2d775dfe0 JavaThread "Unconstrained build operations Thread 16" [_thread_blocked, id=15920, stack(0x0000007864600000,0x0000007864700000)]
  0x000001c2d775b760 JavaThread "Unconstrained build operations Thread 17" [_thread_blocked, id=12660, stack(0x0000007864700000,0x0000007864800000)]
  0x000001c2d7760d70 JavaThread "Unconstrained build operations Thread 18" [_thread_blocked, id=3948, stack(0x0000007864800000,0x0000007864900000)]
  0x000001c2d775bc70 JavaThread "Unconstrained build operations Thread 19" [_thread_blocked, id=13360, stack(0x0000007864900000,0x0000007864a00000)]
  0x000001c2d775fe40 JavaThread "Unconstrained build operations Thread 20" [_thread_blocked, id=16112, stack(0x0000007864a00000,0x0000007864b00000)]
  0x000001c2d775ea00 JavaThread "Unconstrained build operations Thread 21" [_thread_blocked, id=14752, stack(0x0000007864b00000,0x0000007864c00000)]
  0x000001c2d775cba0 JavaThread "Unconstrained build operations Thread 22" [_thread_blocked, id=5752, stack(0x0000007864c00000,0x0000007864d00000)]
  0x000001c2d7761280 JavaThread "Unconstrained build operations Thread 23" [_thread_blocked, id=11316, stack(0x0000007864d00000,0x0000007864e00000)]
  0x000001c2d7760350 JavaThread "Unconstrained build operations Thread 24" [_thread_blocked, id=14880, stack(0x0000007864e00000,0x0000007864f00000)]
  0x000001c2d775e4f0 JavaThread "Unconstrained build operations Thread 25" [_thread_blocked, id=2824, stack(0x0000007864f00000,0x0000007865000000)]
  0x000001c2d775ef10 JavaThread "Unconstrained build operations Thread 26" [_thread_blocked, id=15664, stack(0x0000007865000000,0x0000007865100000)]
  0x000001c2d7761790 JavaThread "Unconstrained build operations Thread 27" [_thread_blocked, id=2988, stack(0x0000007865100000,0x0000007865200000)]
  0x000001c2d775d0b0 JavaThread "Unconstrained build operations Thread 28" [_thread_blocked, id=15844, stack(0x000000785f800000,0x000000785f900000)]
  0x000001c2d775d5c0 JavaThread "Unconstrained build operations Thread 29" [_thread_blocked, id=15560, stack(0x000000785f900000,0x000000785fa00000)]
  0x000001c2d7760860 JavaThread "Unconstrained build operations Thread 30" [_thread_blocked, id=2456, stack(0x000000785fa00000,0x000000785fb00000)]
  0x000001c2ff568a60 JavaThread "Unconstrained build operations Thread 31" [_thread_blocked, id=14152, stack(0x0000007865200000,0x0000007865300000)]
  0x000001c2ff568040 JavaThread "Unconstrained build operations Thread 32" [_thread_blocked, id=11764, stack(0x0000007865300000,0x0000007865400000)]
  0x000001c2ff56a8c0 JavaThread "Unconstrained build operations Thread 33" [_thread_blocked, id=15756, stack(0x0000007865400000,0x0000007865500000)]
  0x000001c2ff568550 JavaThread "Unconstrained build operations Thread 34" [_thread_blocked, id=14992, stack(0x0000007865500000,0x0000007865600000)]
  0x000001c2ff568f70 JavaThread "Unconstrained build operations Thread 35" [_thread_blocked, id=15260, stack(0x0000007865600000,0x0000007865700000)]
  0x000001c2ff569480 JavaThread "Unconstrained build operations Thread 36" [_thread_blocked, id=4900, stack(0x0000007865700000,0x0000007865800000)]
  0x000001c2ff569990 JavaThread "jar transforms Thread 2" [_thread_blocked, id=14644, stack(0x0000007865800000,0x0000007865900000)]
  0x000001c2ff569ea0 JavaThread "Cache worker for Build Output Cleanup Cache (C:\Users\ZIDANE\houseApp\android\.gradle\buildOutputCleanup)" [_thread_blocked, id=14164, stack(0x0000007863d00000,0x0000007863e00000)]
  0x000001c2ff56a3b0 JavaThread "jar transforms Thread 3" [_thread_blocked, id=8396, stack(0x0000007863e00000,0x0000007863f00000)]
  0x000001c2ff56add0 JavaThread "included builds Thread 2" [_thread_blocked, id=8264, stack(0x0000007863900000,0x0000007863a00000)]

Other Threads:
=>0x000001c2e8dee3a0 VMThread "VM Thread" [stack: 0x0000007860100000,0x0000007860200000] [id=4844]
  0x000001c2e8d9d530 WatcherThread [stack: 0x0000007860d00000,0x0000007860e00000] [id=10980]
  0x000001c2e8d8abc0 GCTaskThread "GC Thread#0" [stack: 0x000000785fc00000,0x000000785fd00000] [id=12296]
  0x000001c2ff8f9960 GCTaskThread "GC Thread#1" [stack: 0x0000007860e00000,0x0000007860f00000] [id=4956]
  0x000001c2ff906500 GCTaskThread "GC Thread#2" [stack: 0x0000007860f00000,0x0000007861000000] [id=15216]
  0x000001c2d45ec180 GCTaskThread "GC Thread#3" [stack: 0x0000007861000000,0x0000007861100000] [id=14044]
  0x000001c2e8d94a30 ConcurrentGCThread "G1 Main Marker" [stack: 0x000000785fd00000,0x000000785fe00000] [id=13272]
  0x000001c2e8d95af0 ConcurrentGCThread "G1 Conc#0" [stack: 0x000000785fe00000,0x000000785ff00000] [id=3984]
  0x000001c2e8dc9840 ConcurrentGCThread "G1 Refine#0" [stack: 0x000000785ff00000,0x0000007860000000] [id=10288]
  0x000001c2e8dca180 ConcurrentGCThread "G1 Service" [stack: 0x0000007860000000,0x0000007860100000] [id=11172]

Threads with active compile tasks:

VM state: at safepoint (normal execution)

VM Mutex/Monitor currently owned by a thread:  ([mutex/lock_event])
[0x000001c2e8d17e60] Threads_lock - owner thread: 0x000001c2e8dee3a0
[0x000001c2e8d177a0] Heap_lock - owner thread: 0x000001c2d4892580

Heap address: 0x00000006e0000000, size: 4608 MB, Compressed Oops mode: Zero based, Oop shift amount: 3

CDS archive(s) mapped at: [0x000001c28f000000-0x000001c28fbd0000-0x000001c28fbd0000), size 12386304, SharedBaseAddress: 0x000001c28f000000, ArchiveRelocationMode: 1.
Compressed class space mapped at: 0x000001c290000000-0x000001c2d0000000, reserved size: 1073741824
Narrow klass base: 0x000001c28f000000, Narrow klass shift: 0, Narrow klass range: 0x100000000

GC Precious Log:
 CPUs: 4 total, 4 available
 Memory: 3999M
 Large Page Support: Disabled
 NUMA Support: Disabled
 Compressed Oops: Enabled (Zero based)
 Heap Region Size: 4M
 Heap Min Capacity: 8M
 Heap Initial Capacity: 64M
 Heap Max Capacity: 4608M
 Pre-touch: Disabled
 Parallel Workers: 4
 Concurrent Workers: 1
 Concurrent Refinement Workers: 4
 Periodic GC: Disabled

Heap:
 garbage-first heap   total 143360K, used 74348K [0x00000006e0000000, 0x0000000800000000)
  region size 4096K, 1 young (4096K), 1 survivors (4096K)
 Metaspace       used 70376K, committed 71104K, reserved 1114112K
  class space    used 9958K, committed 10304K, reserved 1048576K

Heap Regions: E=young(eden), S=young(survivor), O=old, HS=humongous(starts), HC=humongous(continues), CS=collection set, F=free, OA=open archive, CA=closed archive, TAMS=top-at-mark-start (previous, next)
|   0|0x00000006e0000000, 0x00000006e0400000, 0x00000006e0400000|100%|HS|  |TAMS 0x00000006e0400000, 0x00000006e0000000| Complete 
|   1|0x00000006e0400000, 0x00000006e0800000, 0x00000006e0800000|100%| O|  |TAMS 0x00000006e0800000, 0x00000006e0400000| Untracked 
|   2|0x00000006e0800000, 0x00000006e0c00000, 0x00000006e0c00000|100%| O|  |TAMS 0x00000006e0c00000, 0x00000006e0800000| Untracked 
|   3|0x00000006e0c00000, 0x00000006e1000000, 0x00000006e1000000|100%| O|  |TAMS 0x00000006e1000000, 0x00000006e0c00000| Untracked 
|   4|0x00000006e1000000, 0x00000006e1400000, 0x00000006e1400000|100%| O|  |TAMS 0x00000006e1400000, 0x00000006e1000000| Untracked 
|   5|0x00000006e1400000, 0x00000006e1800000, 0x00000006e1800000|100%| O|  |TAMS 0x00000006e1400000, 0x00000006e1400000| Untracked 
|   6|0x00000006e1800000, 0x00000006e1c00000, 0x00000006e1c00000|100%| O|  |TAMS 0x00000006e1c00000, 0x00000006e1800000| Untracked 
|   7|0x00000006e1c00000, 0x00000006e2000000, 0x00000006e2000000|100%| O|  |TAMS 0x00000006e2000000, 0x00000006e1c00000| Untracked 
|   8|0x00000006e2000000, 0x00000006e2400000, 0x00000006e2400000|100%| O|  |TAMS 0x00000006e2400000, 0x00000006e2000000| Untracked 
|   9|0x00000006e2400000, 0x00000006e2800000, 0x00000006e2800000|100%| O|  |TAMS 0x00000006e2800000, 0x00000006e2400000| Untracked 
|  10|0x00000006e2800000, 0x00000006e2c00000, 0x00000006e2c00000|100%| O|  |TAMS 0x00000006e29aec00, 0x00000006e2800000| Untracked 
|  11|0x00000006e2c00000, 0x00000006e3000000, 0x00000006e3000000|100%| O|  |TAMS 0x00000006e2c00000, 0x00000006e2c00000| Untracked 
|  12|0x00000006e3000000, 0x00000006e3400000, 0x00000006e3400000|100%|HS|  |TAMS 0x00000006e3000000, 0x00000006e3000000| Complete 
|  13|0x00000006e3400000, 0x00000006e3800000, 0x00000006e3800000|100%|HS|  |TAMS 0x00000006e3400000, 0x00000006e3400000| Complete 
|  14|0x00000006e3800000, 0x00000006e3c00000, 0x00000006e3c00000|100%| O|  |TAMS 0x00000006e3800000, 0x00000006e3800000| Untracked 
|  15|0x00000006e3c00000, 0x00000006e4000000, 0x00000006e4000000|100%| O|  |TAMS 0x00000006e3c00000, 0x00000006e3c00000| Untracked 
|  16|0x00000006e4000000, 0x00000006e4400000, 0x00000006e4400000|100%| O|  |TAMS 0x00000006e4000000, 0x00000006e4000000| Untracked 
|  17|0x00000006e4400000, 0x00000006e4681e00, 0x00000006e4800000| 62%| O|  |TAMS 0x00000006e4400000, 0x00000006e4400000| Untracked 
|  18|0x00000006e4800000, 0x00000006e4800000, 0x00000006e4c00000|  0%| F|  |TAMS 0x00000006e4800000, 0x00000006e4800000| Untracked 
|  19|0x00000006e4c00000, 0x00000006e4c00000, 0x00000006e5000000|  0%| F|  |TAMS 0x00000006e4c00000, 0x00000006e4c00000| Untracked 
|  20|0x00000006e5000000, 0x00000006e5000000, 0x00000006e5400000|  0%| F|  |TAMS 0x00000006e5000000, 0x00000006e5000000| Untracked 
|  21|0x00000006e5400000, 0x00000006e5400000, 0x00000006e5800000|  0%| F|  |TAMS 0x00000006e5400000, 0x00000006e5400000| Untracked 
|  22|0x00000006e5800000, 0x00000006e5800000, 0x00000006e5c00000|  0%| F|  |TAMS 0x00000006e5800000, 0x00000006e5800000| Untracked 
|  23|0x00000006e5c00000, 0x00000006e5c00000, 0x00000006e6000000|  0%| F|  |TAMS 0x00000006e5c00000, 0x00000006e5c00000| Untracked 
|  24|0x00000006e6000000, 0x00000006e6000000, 0x00000006e6400000|  0%| F|  |TAMS 0x00000006e6000000, 0x00000006e6000000| Untracked 
|  25|0x00000006e6400000, 0x00000006e6400000, 0x00000006e6800000|  0%| F|  |TAMS 0x00000006e6400000, 0x00000006e6400000| Untracked 
|  26|0x00000006e6800000, 0x00000006e6800000, 0x00000006e6c00000|  0%| F|  |TAMS 0x00000006e6800000, 0x00000006e6800000| Untracked 
|  27|0x00000006e6c00000, 0x00000006e6c00000, 0x00000006e7000000|  0%| F|  |TAMS 0x00000006e6c00000, 0x00000006e6c00000| Untracked 
|  28|0x00000006e7000000, 0x00000006e7000000, 0x00000006e7400000|  0%| F|  |TAMS 0x00000006e7000000, 0x00000006e7000000| Untracked 
|  29|0x00000006e7400000, 0x00000006e7400000, 0x00000006e7800000|  0%| F|  |TAMS 0x00000006e7400000, 0x00000006e7400000| Untracked 
|  30|0x00000006e7800000, 0x00000006e7800000, 0x00000006e7c00000|  0%| F|  |TAMS 0x00000006e7800000, 0x00000006e7800000| Untracked 
|  31|0x00000006e7c00000, 0x00000006e7e19218, 0x00000006e8000000| 52%| S|CS|TAMS 0x00000006e7c00000, 0x00000006e7c00000| Complete 
|  32|0x00000006e8000000, 0x00000006e8000000, 0x00000006e8400000|  0%| F|  |TAMS 0x00000006e8000000, 0x00000006e8000000| Untracked 
|  33|0x00000006e8400000, 0x00000006e8400000, 0x00000006e8800000|  0%| F|  |TAMS 0x00000006e8400000, 0x00000006e8400000| Untracked 
|  34|0x00000006e8800000, 0x00000006e8800000, 0x00000006e8c00000|  0%| F|  |TAMS 0x00000006e8800000, 0x00000006e8800000| Untracked 

Card table byte_map: [0x000001c2f2d10000,0x000001c2f3610000] _byte_map_base: 0x000001c2ef610000

Marking Bits (Prev, Next): (CMBitMap*) 0x000001c2e8d8b0f0, (CMBitMap*) 0x000001c2e8d8b130
 Prev Bits: [0x000001c2f3f10000, 0x000001c2f8710000)
 Next Bits: [0x000001c2f8710000, 0x000001c2fcf10000)

Polling page: 0x000001c2e8df0000

Metaspace:

Usage:
  Non-class:     59.00 MB used.
      Class:      9.72 MB used.
       Both:     68.73 MB used.

Virtual space:
  Non-class space:       64.00 MB reserved,      59.38 MB ( 93%) committed,  1 nodes.
      Class space:        1.00 GB reserved,      10.06 MB ( <1%) committed,  1 nodes.
             Both:        1.06 GB reserved,      69.44 MB (  6%) committed. 

Chunk freelists:
   Non-Class:  4.65 MB
       Class:  5.95 MB
        Both:  10.60 MB

MaxMetaspaceSize: unlimited
CompressedClassSpaceSize: 1.00 GB
Initial GC threshold: 21.00 MB
Current GC threshold: 94.19 MB
CDS: on
MetaspaceReclaimPolicy: balanced
 - commit_granule_bytes: 65536.
 - commit_granule_words: 8192.
 - virtual_space_node_default_size: 8388608.
 - enlarge_chunks_in_place: 1.
 - new_chunks_are_fully_committed: 0.
 - uncommit_free_chunks: 1.
 - use_allocation_guard: 0.
 - handle_deallocations: 1.


Internal statistics:

num_allocs_failed_limit: 6.
num_arena_births: 1040.
num_arena_deaths: 0.
num_vsnodes_births: 2.
num_vsnodes_deaths: 0.
num_space_committed: 1111.
num_space_uncommitted: 0.
num_chunks_returned_to_freelist: 6.
num_chunks_taken_from_freelist: 4107.
num_chunk_merges: 6.
num_chunk_splits: 2623.
num_chunks_enlarged: 1659.
num_inconsistent_stats: 0.

CodeHeap 'non-profiled nmethods': size=120000Kb used=5087Kb max_used=5087Kb free=114912Kb
 bounds [0x000001c287ad0000, 0x000001c287fd0000, 0x000001c28f000000]
CodeHeap 'profiled nmethods': size=120000Kb used=18980Kb max_used=18980Kb free=101020Kb
 bounds [0x000001c280000000, 0x000001c281290000, 0x000001c287530000]
CodeHeap 'non-nmethods': size=5760Kb used=2373Kb max_used=2427Kb free=3386Kb
 bounds [0x000001c287530000, 0x000001c2877a0000, 0x000001c287ad0000]
 total_blobs=10628 nmethods=9729 adapters=811
 compilation: enabled
              stopped_count=0, restarted_count=0
 full_count=0

Compilation events (20 events):
Event: 139.437 Thread 0x000001c2ff4f03f0 10510       3       org.gradle.api.file.RelativePath::<init> (197 bytes)
Event: 139.438 Thread 0x000001c2ff4f03f0 nmethod 10510 0x000001c281285090 code [0x000001c281285300, 0x000001c281285fa8]
Event: 139.441 Thread 0x000001c2ff4f03f0 10511       3       org.gradle.api.file.RelativePath::<init> (8 bytes)
Event: 139.441 Thread 0x000001c2ff4f03f0 nmethod 10511 0x000001c281286410 code [0x000001c2812865c0, 0x000001c281286708]
Event: 139.524 Thread 0x000001c2ff4f03f0 10512   !   3       org.gradle.cache.internal.InMemoryDecoratedCache::get (44 bytes)
Event: 139.531 Thread 0x000001c2ff4eeaf0 10515       4       sun.nio.fs.WindowsPath::getFileName (87 bytes)
Event: 139.532 Thread 0x000001c2ff4f03f0 nmethod 10512 0x000001c281286810 code [0x000001c281286a60, 0x000001c2812873b8]
Event: 139.532 Thread 0x000001c2ff4f03f0 10513       3       org.gradle.cache.internal.InMemoryDecoratedCache$$Lambda$533/0x000001c290482d68::<init> (15 bytes)
Event: 139.532 Thread 0x000001c2ff4f03f0 nmethod 10513 0x000001c281287790 code [0x000001c281287940, 0x000001c281287b78]
Event: 139.532 Thread 0x000001c2ff4f03f0 10514       3       org.gradle.api.internal.changedetection.state.FileTimeStampInspector::timestampCanBeUsedToDetectFileChange (15 bytes)
Event: 139.532 Thread 0x000001c2ff4f03f0 nmethod 10514 0x000001c281287c10 code [0x000001c281287da0, 0x000001c281287f18]
Event: 139.555 Thread 0x000001c2ff4eeaf0 nmethod 10515 0x000001c287fc5810 code [0x000001c287fc59e0, 0x000001c287fc6538]
Event: 139.555 Thread 0x000001c2ff4eeaf0 10516       4       org.gradle.internal.serialize.AbstractDecoder::readBytes (9 bytes)
Event: 139.563 Thread 0x000001c2ff4eeaf0 nmethod 10516 0x000001c287fc6a90 code [0x000001c287fc6c40, 0x000001c287fc7078]
Event: 139.563 Thread 0x000001c2ff4eeaf0 10517       4       java.util.concurrent.locks.AbstractQueuedSynchronizer$Node::getAndUnsetStatus (14 bytes)
Event: 139.564 Thread 0x000001c2ff4eeaf0 nmethod 10517 0x000001c287fc7410 code [0x000001c287fc7580, 0x000001c287fc7638]
Event: 139.572 Thread 0x000001c2ff4f03f0 10518 %     3       java.lang.StringLatin1::compareToCI @ 16 (108 bytes)
Event: 139.574 Thread 0x000001c2ff4f03f0 nmethod 10518% 0x000001c281287f90 code [0x000001c2812881e0, 0x000001c281288b78]
Event: 139.605 Thread 0x000001c2ff4eeaf0 10519       4       com.google.common.cache.LocalCache$EntryFactory$2::newEntry (12 bytes)
Event: 139.613 Thread 0x000001c2ff4eeaf0 nmethod 10519 0x000001c287fc7710 code [0x000001c287fc78a0, 0x000001c287fc7e38]

GC Heap History (20 events):
Event: 36.306 GC heap after
{Heap after GC invocations=29 (full 0):
 garbage-first heap   total 106496K, used 48872K [0x00000006e0000000, 0x0000000800000000)
  region size 4096K, 2 young (8192K), 2 survivors (8192K)
 Metaspace       used 56196K, committed 56768K, reserved 1114112K
  class space    used 7961K, committed 8256K, reserved 1048576K
}
Event: 36.604 GC heap before
{Heap before GC invocations=29 (full 0):
 garbage-first heap   total 106496K, used 57064K [0x00000006e0000000, 0x0000000800000000)
  region size 4096K, 5 young (20480K), 2 survivors (8192K)
 Metaspace       used 56794K, committed 57344K, reserved 1114112K
  class space    used 8075K, committed 8320K, reserved 1048576K
}
Event: 36.619 GC heap after
{Heap after GC invocations=30 (full 0):
 garbage-first heap   total 106496K, used 48343K [0x00000006e0000000, 0x0000000800000000)
  region size 4096K, 1 young (4096K), 1 survivors (4096K)
 Metaspace       used 56794K, committed 57344K, reserved 1114112K
  class space    used 8075K, committed 8320K, reserved 1048576K
}
Event: 42.404 GC heap before
{Heap before GC invocations=31 (full 0):
 garbage-first heap   total 118784K, used 89303K [0x00000006e0000000, 0x0000000800000000)
  region size 4096K, 9 young (36864K), 1 survivors (4096K)
 Metaspace       used 59194K, committed 59840K, reserved 1114112K
  class space    used 8380K, committed 8704K, reserved 1048576K
}
Event: 42.504 GC heap after
{Heap after GC invocations=32 (full 0):
 garbage-first heap   total 118784K, used 59398K [0x00000006e0000000, 0x0000000800000000)
  region size 4096K, 1 young (4096K), 1 survivors (4096K)
 Metaspace       used 59194K, committed 59840K, reserved 1114112K
  class space    used 8380K, committed 8704K, reserved 1048576K
}
Event: 43.914 GC heap before
{Heap before GC invocations=32 (full 0):
 garbage-first heap   total 118784K, used 63494K [0x00000006e0000000, 0x0000000800000000)
  region size 4096K, 2 young (8192K), 1 survivors (4096K)
 Metaspace       used 59431K, committed 60096K, reserved 1114112K
  class space    used 8420K, committed 8768K, reserved 1048576K
}
Event: 44.470 GC heap after
{Heap after GC invocations=33 (full 0):
 garbage-first heap   total 143360K, used 58936K [0x00000006e0000000, 0x0000000800000000)
  region size 4096K, 1 young (4096K), 1 survivors (4096K)
 Metaspace       used 59431K, committed 60096K, reserved 1114112K
  class space    used 8420K, committed 8768K, reserved 1048576K
}
Event: 46.113 GC heap before
{Heap before GC invocations=33 (full 0):
 garbage-first heap   total 143360K, used 99896K [0x00000006e0000000, 0x0000000800000000)
  region size 4096K, 11 young (45056K), 1 survivors (4096K)
 Metaspace       used 61715K, committed 62400K, reserved 1114112K
  class space    used 8728K, committed 9088K, reserved 1048576K
}
Event: 46.118 GC heap after
{Heap after GC invocations=34 (full 0):
 garbage-first heap   total 143360K, used 59837K [0x00000006e0000000, 0x0000000800000000)
  region size 4096K, 1 young (4096K), 1 survivors (4096K)
 Metaspace       used 61715K, committed 62400K, reserved 1114112K
  class space    used 8728K, committed 9088K, reserved 1048576K
}
Event: 49.243 GC heap before
{Heap before GC invocations=34 (full 0):
 garbage-first heap   total 143360K, used 104893K [0x00000006e0000000, 0x0000000800000000)
  region size 4096K, 13 young (53248K), 1 survivors (4096K)
 Metaspace       used 63316K, committed 64128K, reserved 1114112K
  class space    used 8933K, committed 9344K, reserved 1048576K
}
Event: 49.263 GC heap after
{Heap after GC invocations=35 (full 0):
 garbage-first heap   total 143360K, used 64962K [0x00000006e0000000, 0x0000000800000000)
  region size 4096K, 2 young (8192K), 2 survivors (8192K)
 Metaspace       used 63316K, committed 64128K, reserved 1114112K
  class space    used 8933K, committed 9344K, reserved 1048576K
}
Event: 55.730 GC heap before
{Heap before GC invocations=35 (full 0):
 garbage-first heap   total 143360K, used 105922K [0x00000006e0000000, 0x0000000800000000)
  region size 4096K, 12 young (49152K), 2 survivors (8192K)
 Metaspace       used 66208K, committed 66944K, reserved 1114112K
  class space    used 9365K, committed 9728K, reserved 1048576K
}
Event: 55.852 GC heap after
{Heap after GC invocations=36 (full 0):
 garbage-first heap   total 143360K, used 65693K [0x00000006e0000000, 0x0000000800000000)
  region size 4096K, 1 young (4096K), 1 survivors (4096K)
 Metaspace       used 66208K, committed 66944K, reserved 1114112K
  class space    used 9365K, committed 9728K, reserved 1048576K
}
Event: 63.947 GC heap before
{Heap before GC invocations=36 (full 0):
 garbage-first heap   total 143360K, used 110749K [0x00000006e0000000, 0x0000000800000000)
  region size 4096K, 12 young (49152K), 1 survivors (4096K)
 Metaspace       used 68479K, committed 69184K, reserved 1114112K
  class space    used 9759K, committed 10112K, reserved 1048576K
}
Event: 63.970 GC heap after
{Heap after GC invocations=37 (full 0):
 garbage-first heap   total 143360K, used 70488K [0x00000006e0000000, 0x0000000800000000)
  region size 4096K, 2 young (8192K), 2 survivors (8192K)
 Metaspace       used 68479K, committed 69184K, reserved 1114112K
  class space    used 9759K, committed 10112K, reserved 1048576K
}
Event: 131.725 GC heap before
{Heap before GC invocations=37 (full 0):
 garbage-first heap   total 143360K, used 111448K [0x00000006e0000000, 0x0000000800000000)
  region size 4096K, 12 young (49152K), 2 survivors (8192K)
 Metaspace       used 70033K, committed 70784K, reserved 1114112K
  class space    used 9956K, committed 10304K, reserved 1048576K
}
Event: 132.442 GC heap after
{Heap after GC invocations=38 (full 0):
 garbage-first heap   total 143360K, used 72764K [0x00000006e0000000, 0x0000000800000000)
  region size 4096K, 2 young (8192K), 2 survivors (8192K)
 Metaspace       used 70033K, committed 70784K, reserved 1114112K
  class space    used 9956K, committed 10304K, reserved 1048576K
}
Event: 134.587 GC heap before
{Heap before GC invocations=38 (full 0):
 garbage-first heap   total 143360K, used 76860K [0x00000006e0000000, 0x0000000800000000)
  region size 4096K, 3 young (12288K), 2 survivors (8192K)
 Metaspace       used 70182K, committed 70912K, reserved 1114112K
  class space    used 9956K, committed 10304K, reserved 1048576K
}
Event: 135.039 GC heap after
{Heap after GC invocations=39 (full 0):
 garbage-first heap   total 143360K, used 73488K [0x00000006e0000000, 0x0000000800000000)
  region size 4096K, 1 young (4096K), 1 survivors (4096K)
 Metaspace       used 70182K, committed 70912K, reserved 1114112K
  class space    used 9956K, committed 10304K, reserved 1048576K
}
Event: 139.634 GC heap before
{Heap before GC invocations=39 (full 0):
 garbage-first heap   total 143360K, used 81680K [0x00000006e0000000, 0x0000000800000000)
  region size 4096K, 3 young (12288K), 1 survivors (4096K)
 Metaspace       used 70376K, committed 71104K, reserved 1114112K
  class space    used 9958K, committed 10304K, reserved 1048576K
}

Deoptimization events (20 events):
Event: 132.458 Thread 0x000001c2ff71b590 DEOPT PACKING pc=0x000001c287c9dec4 sp=0x0000007860bfef90
Event: 132.458 Thread 0x000001c2ff71b590 DEOPT UNPACKING pc=0x000001c2875823a3 sp=0x0000007860bfef70 mode 2
Event: 132.460 Thread 0x000001c2ff71b590 Uncommon trap: trap_request=0xffffffde fr.pc=0x000001c287c9dec4 relative=0x00000000000004a4
Event: 132.460 Thread 0x000001c2ff71b590 Uncommon trap: reason=class_check action=maybe_recompile pc=0x000001c287c9dec4 method=jdk.internal.ref.PhantomCleanable.clean()V @ 12 c2
Event: 132.460 Thread 0x000001c2ff71b590 DEOPT PACKING pc=0x000001c287c9dec4 sp=0x0000007860bfef90
Event: 132.460 Thread 0x000001c2ff71b590 DEOPT UNPACKING pc=0x000001c2875823a3 sp=0x0000007860bfef70 mode 2
Event: 136.070 Thread 0x000001c2ff71c4c0 Uncommon trap: trap_request=0xffffff45 fr.pc=0x000001c287f0bde8 relative=0x0000000000000068
Event: 136.070 Thread 0x000001c2ff71c4c0 Uncommon trap: reason=unstable_if action=reinterpret pc=0x000001c287f0bde8 method=com.esotericsoftware.kryo.io.Output.require(I)Z @ 10 c2
Event: 136.083 Thread 0x000001c2ff71c4c0 DEOPT PACKING pc=0x000001c287f0bde8 sp=0x00000078617f84d0
Event: 136.083 Thread 0x000001c2ff71c4c0 DEOPT UNPACKING pc=0x000001c2875823a3 sp=0x00000078617f8460 mode 2
Event: 137.157 Thread 0x000001c2ff71c4c0 DEOPT PACKING pc=0x000001c2810c4895 sp=0x00000078617f76f0
Event: 137.157 Thread 0x000001c2ff71c4c0 DEOPT UNPACKING pc=0x000001c287582b43 sp=0x00000078617f6c28 mode 0
Event: 139.441 Thread 0x000001c2ff56add0 Uncommon trap: trap_request=0xffffff45 fr.pc=0x000001c287c4bf34 relative=0x00000000000006d4
Event: 139.441 Thread 0x000001c2ff56add0 Uncommon trap: reason=unstable_if action=reinterpret pc=0x000001c287c4bf34 method=java.lang.StringLatin1.compareToCI([B[B)I @ 68 c2
Event: 139.441 Thread 0x000001c2ff56add0 DEOPT PACKING pc=0x000001c287c4bf34 sp=0x00000078639f97c0
Event: 139.442 Thread 0x000001c2ff56add0 DEOPT UNPACKING pc=0x000001c2875823a3 sp=0x00000078639f96b0 mode 2
Event: 139.535 Thread 0x000001c2ff56add0 Uncommon trap: trap_request=0xffffff45 fr.pc=0x000001c287c4975c relative=0x000000000000059c
Event: 139.535 Thread 0x000001c2ff56add0 Uncommon trap: reason=unstable_if action=reinterpret pc=0x000001c287c4975c method=java.lang.StringLatin1.compareToCI([B[B)I @ 68 c2
Event: 139.535 Thread 0x000001c2ff56add0 DEOPT PACKING pc=0x000001c287c4975c sp=0x00000078639fa640
Event: 139.535 Thread 0x000001c2ff56add0 DEOPT UNPACKING pc=0x000001c2875823a3 sp=0x00000078639fa5c8 mode 2

Classes unloaded (0 events):
No events

Classes redefined (0 events):
No events

Internal exceptions (20 events):
Event: 125.529 Thread 0x000001c2ff71c4c0 Exception <a 'java/lang/ClassNotFoundException'{0x00000006e714b7b8}: org/gradle/api/internal/project/DefaultProjectCustomizer> (0x00000006e714b7b8) 
thrown [s\open\src\hotspot\share\classfile\systemDictionary.cpp, line 256]
Event: 125.569 Thread 0x000001c2ff71c4c0 Exception <a 'java/lang/ClassNotFoundException'{0x00000006e71fec60}: org/gradle/api/internal/project/DefaultProject_DecoratedCustomizer> (0x00000006e71fec60) 
thrown [s\open\src\hotspot\share\classfile\systemDictionary.cpp, line 256]
Event: 126.246 Thread 0x000001c2ff71c4c0 Exception <a 'java/lang/ClassNotFoundException'{0x00000006e6ebb0f8}: org/gradle/api/internal/artifacts/dsl/DefaultRepositoryHandler_DecoratedBeanInfo> (0x00000006e6ebb0f8) 
thrown [s\open\src\hotspot\share\classfile\systemDictionary.cpp, line 256]
Event: 126.259 Thread 0x000001c2ff71c4c0 Exception <a 'java/lang/ClassNotFoundException'{0x00000006e6ed3088}: org/gradle/api/internal/artifacts/dsl/DefaultRepositoryHandlerBeanInfo> (0x00000006e6ed3088) 
thrown [s\open\src\hotspot\share\classfile\systemDictionary.cpp, line 256]
Event: 126.269 Thread 0x000001c2ff71c4c0 Exception <a 'java/lang/ClassNotFoundException'{0x00000006e6eec1c8}: org/gradle/api/internal/artifacts/DefaultArtifactRepositoryContainerBeanInfo> (0x00000006e6eec1c8) 
thrown [s\open\src\hotspot\share\classfile\systemDictionary.cpp, line 256]
Event: 126.296 Thread 0x000001c2ff71c4c0 Exception <a 'java/lang/ClassNotFoundException'{0x00000006e6f01e88}: org/gradle/api/internal/DefaultNamedDomainObjectListBeanInfo> (0x00000006e6f01e88) 
thrown [s\open\src\hotspot\share\classfile\systemDictionary.cpp, line 256]
Event: 126.305 Thread 0x000001c2ff71c4c0 Exception <a 'java/lang/ClassNotFoundException'{0x00000006e6f17fe0}: org/gradle/api/internal/DefaultNamedDomainObjectCollectionBeanInfo> (0x00000006e6f17fe0) 
thrown [s\open\src\hotspot\share\classfile\systemDictionary.cpp, line 256]
Event: 126.327 Thread 0x000001c2ff71c4c0 Exception <a 'java/lang/ClassNotFoundException'{0x00000006e6f2df40}: org/gradle/api/internal/DefaultDomainObjectCollectionBeanInfo> (0x00000006e6f2df40) 
thrown [s\open\src\hotspot\share\classfile\systemDictionary.cpp, line 256]
Event: 126.344 Thread 0x000001c2ff71c4c0 Exception <a 'java/lang/ClassNotFoundException'{0x00000006e6f35d28}: java/util/AbstractCollectionBeanInfo> (0x00000006e6f35d28) 
thrown [s\open\src\hotspot\share\classfile\systemDictionary.cpp, line 256]
Event: 126.352 Thread 0x000001c2ff71c4c0 Exception <a 'java/lang/ClassNotFoundException'{0x00000006e6f3dad8}: java/util/AbstractCollectionCustomizer> (0x00000006e6f3dad8) 
thrown [s\open\src\hotspot\share\classfile\systemDictionary.cpp, line 256]
Event: 126.395 Thread 0x000001c2ff71c4c0 Exception <a 'java/lang/ClassNotFoundException'{0x00000006e6f5d850}: org/gradle/api/internal/DefaultDomainObjectCollectionCustomizer> (0x00000006e6f5d850) 
thrown [s\open\src\hotspot\share\classfile\systemDictionary.cpp, line 256]
Event: 126.445 Thread 0x000001c2ff71c4c0 Exception <a 'java/lang/ClassNotFoundException'{0x00000006e6f93cc0}: org/gradle/api/internal/DefaultNamedDomainObjectCollectionCustomizer> (0x00000006e6f93cc0) 
thrown [s\open\src\hotspot\share\classfile\systemDictionary.cpp, line 256]
Event: 126.483 Thread 0x000001c2ff71c4c0 Exception <a 'java/lang/ClassNotFoundException'{0x00000006e6fd2c00}: org/gradle/api/internal/DefaultNamedDomainObjectListCustomizer> (0x00000006e6fd2c00) 
thrown [s\open\src\hotspot\share\classfile\systemDictionary.cpp, line 256]
Event: 126.508 Thread 0x000001c2ff71c4c0 Exception <a 'java/lang/ClassNotFoundException'{0x00000006e680ca00}: org/gradle/api/internal/artifacts/DefaultArtifactRepositoryContainerCustomizer> (0x00000006e680ca00) 
thrown [s\open\src\hotspot\share\classfile\systemDictionary.cpp, line 256]
Event: 126.544 Thread 0x000001c2ff71c4c0 Exception <a 'java/lang/ClassNotFoundException'{0x00000006e6837350}: org/gradle/api/internal/artifacts/dsl/DefaultRepositoryHandlerCustomizer> (0x00000006e6837350) 
thrown [s\open\src\hotspot\share\classfile\systemDictionary.cpp, line 256]
Event: 126.594 Thread 0x000001c2ff71c4c0 Exception <a 'java/lang/ClassNotFoundException'{0x00000006e686f628}: org/gradle/api/internal/artifacts/dsl/DefaultRepositoryHandler_DecoratedCustomizer> (0x00000006e686f628) 
thrown [s\open\src\hotspot\share\classfile\systemDictionary.cpp, line 256]
Event: 127.901 Thread 0x000001c2ff71c4c0 Exception <a 'java/lang/ClassNotFoundException'{0x00000006e6a04898}: org/gradle/api/internal/artifacts/dsl/dependencies/DefaultDependencyHandler_DecoratedBeanInfo> (0x00000006e6a04898) 
thrown [s\open\src\hotspot\share\classfile\systemDictionary.cpp, line 256]
Event: 127.918 Thread 0x000001c2ff71c4c0 Exception <a 'java/lang/ClassNotFoundException'{0x00000006e6a1c928}: org/gradle/api/internal/artifacts/dsl/dependencies/DefaultDependencyHandlerBeanInfo> (0x00000006e6a1c928) 
thrown [s\open\src\hotspot\share\classfile\systemDictionary.cpp, line 256]
Event: 127.944 Thread 0x000001c2ff71c4c0 Exception <a 'java/lang/ClassNotFoundException'{0x00000006e6a34428}: org/gradle/api/internal/artifacts/dsl/dependencies/DefaultDependencyHandlerCustomizer> (0x00000006e6a34428) 
thrown [s\open\src\hotspot\share\classfile\systemDictionary.cpp, line 256]
Event: 127.960 Thread 0x000001c2ff71c4c0 Exception <a 'java/lang/ClassNotFoundException'{0x00000006e6a74388}: org/gradle/api/internal/artifacts/dsl/dependencies/DefaultDependencyHandler_DecoratedCustomizer> (0x00000006e6a74388) 
thrown [s\open\src\hotspot\share\classfile\systemDictionary.cpp, line 256]

VM Operations (20 events):
Event: 129.797 Executing VM operation: Cleanup done
Event: 130.805 Executing VM operation: Cleanup
Event: 130.805 Executing VM operation: Cleanup done
Event: 131.721 Executing VM operation: G1CollectForAllocation
Event: 132.449 Executing VM operation: G1CollectForAllocation done
Event: 133.455 Executing VM operation: Cleanup
Event: 133.455 Executing VM operation: Cleanup done
Event: 134.470 Executing VM operation: Cleanup
Event: 134.470 Executing VM operation: Cleanup done
Event: 134.587 Executing VM operation: G1CollectForAllocation
Event: 135.039 Executing VM operation: G1CollectForAllocation done
Event: 136.054 Executing VM operation: Cleanup
Event: 136.070 Executing VM operation: Cleanup done
Event: 137.079 Executing VM operation: Cleanup
Event: 137.095 Executing VM operation: Cleanup done
Event: 138.104 Executing VM operation: Cleanup
Event: 138.120 Executing VM operation: Cleanup done
Event: 139.126 Executing VM operation: Cleanup
Event: 139.144 Executing VM operation: Cleanup done
Event: 139.634 Executing VM operation: G1CollectForAllocation

Events (20 events):
Event: 125.546 loading class sun/reflect/generics/tree/BooleanSignature done
Event: 125.589 loading class org/xml/sax/Locator
Event: 125.591 loading class org/xml/sax/Locator done
Event: 125.591 loading class org/xml/sax/SAXParseException
Event: 125.593 loading class org/xml/sax/SAXParseException done
Event: 125.601 loading class org/xml/sax/Attributes
Event: 125.602 loading class org/xml/sax/Attributes done
Event: 126.332 loading class java/util/AbstractCollectionBeanInfo
Event: 126.332 loading class java/util/AbstractCollectionBeanInfo done
Event: 126.343 loading class java/util/AbstractCollectionBeanInfo
Event: 126.343 loading class java/util/AbstractCollectionBeanInfo done
Event: 126.344 loading class java/util/AbstractCollectionCustomizer
Event: 126.349 loading class java/util/AbstractCollectionCustomizer done
Event: 126.352 loading class java/util/AbstractCollectionCustomizer
Event: 126.352 loading class java/util/AbstractCollectionCustomizer done
Event: 126.368 loading class sun/reflect/generics/reflectiveObjects/GenericArrayTypeImpl
Event: 126.369 loading class sun/reflect/generics/reflectiveObjects/GenericArrayTypeImpl done
Event: 126.965 loading class java/lang/StackTraceElement$HashedModules
Event: 126.971 loading class java/lang/StackTraceElement$HashedModules done
Event: 138.780 Thread 0x000001c2ff56add0 Thread added: 0x000001c2ff56add0


Dynamic libraries:
0x00007ff73b770000 - 0x00007ff73b780000 	C:\Program Files\Java\jdk-17\bin\java.exe
0x00007ff946610000 - 0x00007ff946808000 	C:\WINDOWS\SYSTEM32\ntdll.dll
0x00007ff945460000 - 0x00007ff94551d000 	C:\WINDOWS\System32\KERNEL32.DLL
0x00007ff943dd0000 - 0x00007ff9440c6000 	C:\WINDOWS\System32\KERNELBASE.dll
0x00007ff944430000 - 0x00007ff944530000 	C:\WINDOWS\System32\ucrtbase.dll
0x00007ff9309e0000 - 0x00007ff9309f9000 	C:\Program Files\Java\jdk-17\bin\jli.dll
0x00007ff930690000 - 0x00007ff9306ab000 	C:\Program Files\Java\jdk-17\bin\VCRUNTIME140.dll
0x00007ff945d70000 - 0x00007ff945e20000 	C:\WINDOWS\System32\ADVAPI32.dll
0x00007ff944780000 - 0x00007ff94481e000 	C:\WINDOWS\System32\msvcrt.dll
0x00007ff9458f0000 - 0x00007ff945990000 	C:\WINDOWS\System32\sechost.dll
0x00007ff945aa0000 - 0x00007ff945bc3000 	C:\WINDOWS\System32\RPCRT4.dll
0x00007ff9442e0000 - 0x00007ff944307000 	C:\WINDOWS\System32\bcrypt.dll
0x00007ff945bd0000 - 0x00007ff945d6f000 	C:\WINDOWS\System32\USER32.dll
0x00007ff943da0000 - 0x00007ff943dc2000 	C:\WINDOWS\System32\win32u.dll
0x00007ff931d80000 - 0x00007ff93201a000 	C:\WINDOWS\WinSxS\amd64_microsoft.windows.common-controls_6595b64144ccf1df_6.0.19041.4355_none_60b8b9eb71f62e16\COMCTL32.dll
0x00007ff9456f0000 - 0x00007ff94571b000 	C:\WINDOWS\System32\GDI32.dll
0x00007ff944310000 - 0x00007ff944427000 	C:\WINDOWS\System32\gdi32full.dll
0x00007ff944530000 - 0x00007ff9445cd000 	C:\WINDOWS\System32\msvcp_win.dll
0x00007ff933920000 - 0x00007ff93392a000 	C:\WINDOWS\SYSTEM32\VERSION.dll
0x00007ff945580000 - 0x00007ff9455b2000 	C:\WINDOWS\System32\IMM32.DLL
0x00007ff931a30000 - 0x00007ff931a3c000 	C:\Program Files\Java\jdk-17\bin\vcruntime140_1.dll
0x00007ff915700000 - 0x00007ff91578e000 	C:\Program Files\Java\jdk-17\bin\msvcp140.dll
0x00007ff8cd6a0000 - 0x00007ff8ce280000 	C:\Program Files\Java\jdk-17\bin\server\jvm.dll
0x00007ff945720000 - 0x00007ff945728000 	C:\WINDOWS\System32\PSAPI.DLL
0x00007ff930e00000 - 0x00007ff930e27000 	C:\WINDOWS\SYSTEM32\WINMM.dll
0x00007ff93f5f0000 - 0x00007ff93f5f9000 	C:\WINDOWS\SYSTEM32\WSOCK32.dll
0x00007ff946560000 - 0x00007ff9465cb000 	C:\WINDOWS\System32\WS2_32.dll
0x00007ff942490000 - 0x00007ff9424a2000 	C:\WINDOWS\SYSTEM32\kernel.appcore.dll
0x00007ff931190000 - 0x00007ff93119a000 	C:\Program Files\Java\jdk-17\bin\jimage.dll
0x00007ff92dfd0000 - 0x00007ff92e1b4000 	C:\WINDOWS\SYSTEM32\DBGHELP.DLL
0x00007ff92df90000 - 0x00007ff92dfc4000 	C:\WINDOWS\SYSTEM32\dbgcore.DLL
0x00007ff943cc0000 - 0x00007ff943d42000 	C:\WINDOWS\System32\bcryptPrimitives.dll
0x00007ff932840000 - 0x00007ff93284e000 	C:\Program Files\Java\jdk-17\bin\instrument.dll
0x00007ff92fcd0000 - 0x00007ff92fcf5000 	C:\Program Files\Java\jdk-17\bin\java.dll
0x00007ff914690000 - 0x00007ff914767000 	C:\Program Files\Java\jdk-17\bin\jsvml.dll
0x00007ff944820000 - 0x00007ff944f8b000 	C:\WINDOWS\System32\SHELL32.dll
0x00007ff941b70000 - 0x00007ff94230d000 	C:\WINDOWS\SYSTEM32\windows.storage.dll
0x00007ff946200000 - 0x00007ff946553000 	C:\WINDOWS\System32\combase.dll
0x00007ff943610000 - 0x00007ff94363e000 	C:\WINDOWS\SYSTEM32\Wldp.dll
0x00007ff945820000 - 0x00007ff9458ed000 	C:\WINDOWS\System32\OLEAUT32.dll
0x00007ff945e20000 - 0x00007ff945ecd000 	C:\WINDOWS\System32\SHCORE.dll
0x00007ff945520000 - 0x00007ff945575000 	C:\WINDOWS\System32\shlwapi.dll
0x00007ff943bf0000 - 0x00007ff943c14000 	C:\WINDOWS\SYSTEM32\profapi.dll
0x00007ff9299e0000 - 0x00007ff9299f8000 	C:\Program Files\Java\jdk-17\bin\zip.dll
0x00007ff930640000 - 0x00007ff930659000 	C:\Program Files\Java\jdk-17\bin\net.dll
0x00007ff938d50000 - 0x00007ff938e5a000 	C:\WINDOWS\SYSTEM32\WINHTTP.dll
0x00007ff943370000 - 0x00007ff9433da000 	C:\WINDOWS\system32\mswsock.dll
0x00007ff92d930000 - 0x00007ff92d946000 	C:\Program Files\Java\jdk-17\bin\nio.dll
0x00007ff931170000 - 0x00007ff931180000 	C:\Program Files\Java\jdk-17\bin\verify.dll
0x00007ff918280000 - 0x00007ff9182a7000 	C:\Users\ZIDANE\.gradle\native\c067742578af261105cb4f569cf0c3c89f3d7b1fecec35dd04571415982c5e48\windows-amd64\native-platform.dll
0x00007ff914540000 - 0x00007ff914684000 	C:\Users\ZIDANE\.gradle\native\100fb08df4bc3b14c8652ba06237920a3bd2aa13389f12d3474272988ae205f9\windows-amd64\native-platform-file-events.dll
0x00007ff932a30000 - 0x00007ff932a3a000 	C:\Program Files\Java\jdk-17\bin\management.dll
0x00007ff932a20000 - 0x00007ff932a2b000 	C:\Program Files\Java\jdk-17\bin\management_ext.dll
0x00007ff943560000 - 0x00007ff943578000 	C:\WINDOWS\SYSTEM32\CRYPTSP.dll
0x00007ff942c90000 - 0x00007ff942cc4000 	C:\WINDOWS\system32\rsaenh.dll
0x00007ff943b60000 - 0x00007ff943b8e000 	C:\WINDOWS\SYSTEM32\USERENV.dll
0x00007ff943580000 - 0x00007ff94358c000 	C:\WINDOWS\SYSTEM32\CRYPTBASE.dll
0x00007ff943050000 - 0x00007ff94308b000 	C:\WINDOWS\SYSTEM32\IPHLPAPI.DLL
0x00007ff945f50000 - 0x00007ff945f58000 	C:\WINDOWS\System32\NSI.dll
0x00007ff939590000 - 0x00007ff9395a7000 	C:\WINDOWS\SYSTEM32\dhcpcsvc6.DLL
0x00007ff93b680000 - 0x00007ff93b69d000 	C:\WINDOWS\SYSTEM32\dhcpcsvc.DLL
0x00007ff943090000 - 0x00007ff94315b000 	C:\WINDOWS\SYSTEM32\DNSAPI.dll
0x00007ff941280000 - 0x00007ff94128e000 	C:\Program Files\Java\jdk-17\bin\sunmscapi.dll
0x00007ff9440d0000 - 0x00007ff94422e000 	C:\WINDOWS\System32\CRYPT32.dll
0x00007ff943680000 - 0x00007ff9436a9000 	C:\WINDOWS\SYSTEM32\ncrypt.dll
0x00007ff943640000 - 0x00007ff94367b000 	C:\WINDOWS\SYSTEM32\NTASN1.dll
0x00007ff93f600000 - 0x00007ff93f607000 	C:\WINDOWS\system32\wshunix.dll
0x00007ff931c10000 - 0x00007ff931c27000 	C:\WINDOWS\system32\napinsp.dll
0x00007ff931910000 - 0x00007ff93192b000 	C:\WINDOWS\system32\pnrpnsp.dll
0x00007ff93f5d0000 - 0x00007ff93f5ed000 	C:\WINDOWS\system32\NLAapi.dll
0x00007ff92b2e0000 - 0x00007ff92b2f2000 	C:\WINDOWS\System32\winrnr.dll
0x00007ff925470000 - 0x00007ff925485000 	C:\WINDOWS\system32\wshbth.dll
0x00000000654b0000 - 0x00000000654d6000 	C:\Program Files\Bonjour\mdnsNSP.dll
0x00007ff935870000 - 0x00007ff93587a000 	C:\Windows\System32\rasadhlp.dll
0x00007ff936240000 - 0x00007ff9362c0000 	C:\WINDOWS\System32\fwpuclnt.dll
0x00007ff941490000 - 0x00007ff941520000 	C:\WINDOWS\system32\apphelp.dll

dbghelp: loaded successfully - version: 4.0.5 - missing functions: none
symbol engine: initialized successfully - sym options: 0x614 - pdb path: .;C:\Program Files\Java\jdk-17\bin;C:\WINDOWS\SYSTEM32;C:\WINDOWS\WinSxS\amd64_microsoft.windows.common-controls_6595b64144ccf1df_6.0.19041.4355_none_60b8b9eb71f62e16;C:\Program Files\Java\jdk-17\bin\server;C:\Users\ZIDANE\.gradle\native\c067742578af261105cb4f569cf0c3c89f3d7b1fecec35dd04571415982c5e48\windows-amd64;C:\Users\ZIDANE\.gradle\native\100fb08df4bc3b14c8652ba06237920a3bd2aa13389f12d3474272988ae205f9\windows-amd64;C:\Program Files\Bonjour

VM Arguments:
jvm_args: --add-opens=java.base/java.util=ALL-UNNAMED --add-opens=java.base/java.lang=ALL-UNNAMED --add-opens=java.base/java.lang.invoke=ALL-UNNAMED --add-opens=java.prefs/java.util.prefs=ALL-UNNAMED --add-opens=java.base/java.nio.charset=ALL-UNNAMED --add-opens=java.base/java.net=ALL-UNNAMED --add-opens=java.base/java.util.concurrent.atomic=ALL-UNNAMED -Xmx4608m -Dfile.encoding=windows-1252 -Duser.country=FR -Duser.language=fr -Duser.variant -javaagent:C:\Users\ZIDANE\.gradle\wrapper\dists\gradle-8.8-bin\dl7vupf4psengwqhwktix4v1\gradle-8.8\lib\agents\gradle-instrumentation-agent-8.8.jar 
java_command: org.gradle.launcher.daemon.bootstrap.GradleDaemon 8.8
java_class_path (initial): C:\Users\ZIDANE\.gradle\wrapper\dists\gradle-8.8-bin\dl7vupf4psengwqhwktix4v1\gradle-8.8\lib\gradle-launcher-8.8.jar
Launcher Type: SUN_STANDARD

[Global flags]
     intx CICompilerCount                          = 3                                         {product} {ergonomic}
     uint ConcGCThreads                            = 1                                         {product} {ergonomic}
     uint G1ConcRefinementThreads                  = 4                                         {product} {ergonomic}
   size_t G1HeapRegionSize                         = 4194304                                   {product} {ergonomic}
    uintx GCDrainStackTargetSize                   = 64                                        {product} {ergonomic}
   size_t InitialHeapSize                          = 67108864                                  {product} {ergonomic}
   size_t MarkStackSize                            = 4194304                                   {product} {ergonomic}
   size_t MaxHeapSize                              = 4831838208                                {product} {command line}
   size_t MaxNewSize                               = 2898264064                                {product} {ergonomic}
   size_t MinHeapDeltaBytes                        = 4194304                                   {product} {ergonomic}
   size_t MinHeapSize                              = 8388608                                   {product} {ergonomic}
    uintx NonNMethodCodeHeapSize                   = 5832780                                {pd product} {ergonomic}
    uintx NonProfiledCodeHeapSize                  = 122912730                              {pd product} {ergonomic}
    uintx ProfiledCodeHeapSize                     = 122912730                              {pd product} {ergonomic}
    uintx ReservedCodeCacheSize                    = 251658240                              {pd product} {ergonomic}
     bool SegmentedCodeCache                       = true                                      {product} {ergonomic}
   size_t SoftMaxHeapSize                          = 4831838208                             {manageable} {ergonomic}
     bool UseCompressedClassPointers               = true                           {product lp64_product} {ergonomic}
     bool UseCompressedOops                        = true                           {product lp64_product} {ergonomic}
     bool UseG1GC                                  = true                                      {product} {ergonomic}
     bool UseLargePagesIndividualAllocation        = false                                  {pd product} {ergonomic}

Logging:
Log output configuration:
 #0: stdout all=warning uptime,level,tags
 #1: stderr all=off uptime,level,tags

Environment Variables:
JAVA_HOME=C:\Program Files\Java\jdk-17
CLASSPATH=C:\Users\ZIDANE\houseApp\android\\gradle\wrapper\gradle-wrapper.jar
PATH=C:\Users\ZIDANE\houseApp\node_modules\.bin;C:\Users\ZIDANE\houseApp\node_modules\.bin;C:\Users\ZIDANE\node_modules\.bin;C:\Users\node_modules\.bin;C:\node_modules\.bin;C:\Program Files\nodejs\node_modules\npm\node_modules\@npmcli\run-script\lib\node-gyp-bin;C:\Users\ZIDANE\houseApp\node_modules\.bin;C:\Users\ZIDANE\node_modules\.bin;C:\Users\node_modules\.bin;C:\node_modules\.bin;C:\Program Files\nodejs\node_modules\npm\node_modules\@npmcli\run-script\lib\node-gyp-bin;C:\Program Files\Common Files\Oracle\Java\javapath;C:\Program Files (x86)\Common Files\Oracle\Java\java8path;C:\Program Files (x86)\Common Files\Oracle\Java\javapath;C:\Program Files\Java\jdk-17\bin;C:\WINDOWS\system32;C:\WINDOWS;C:\WINDOWS\System32\Wbem;C:\WINDOWS\System32\WindowsPowerShell\v1.0\;C:\WINDOWS\System32\OpenSSH\;C:\Program Files\nodejs\;C:\Program Files\Git\cmd;choco;C:\ProgramData\chocolatey\bin;STM32CubeProgrammer path\bin;C:\Program Files\php-8.3.6;C:\Program Files\Java\jdk-17\bin;C:\Users\ZIDANE\Desktop\Nouveau dossier\scrcpy-win64-v2.6.1;C:\WINDOWS\system32;C:\WINDOWS;C:\WINDOWS\System32\Wbem;C:\WINDOWS\System32\WindowsPowerShell\v1.0\;C:\WINDOWS\System32\OpenSSH\;C:\Program Files\nodejs\;C:\Program Files\Git\cmd;choco;C:\ProgramData\chocolatey\bin;STM32CubeProgrammer path\bin;C:\Program Files\php-8.3.6;C:\Users\ZIDANE\AppData\Local\Android\Sdk\tools;C:\Users\ZIDANE\AppData\Local\Microsoft\WindowsApps;C:\Users\ZIDANE\AppData\Local\Programs\Microsoft VS Code\bin;C:\Users\ZIDANE\AppData\Roaming\npm;C:\Users\ZIDANE\AppData\Local\Android\Sdk\platform-tools;C:\flutter\flutter\bin;C:\Program Files\Java\jdk-17\bin;
USERNAME=ZIDANE
LANG=en_US.UTF-8
OS=Windows_NT
PROCESSOR_IDENTIFIER=Intel64 Family 6 Model 58 Stepping 9, GenuineIntel



---------------  S Y S T E M  ---------------

OS:
 Windows 10 , 64 bit Build 19041 (10.0.19041.3636)
OS uptime: 1 days 7:46 hours

CPU: total 4 (initial active 4) (2 cores per cpu, 2 threads per core) family 6 model 58 stepping 9 microcode 0x21, cx8, cmov, fxsr, ht, mmx, sse, sse2, sse3, ssse3, sse4.1, sse4.2, popcnt, tsc, tscinvbit, avx, aes, erms, clmul, vzeroupper, clflush

Memory: 4k page, system-wide physical 3999M (89M free)
TotalPageFile size 16287M (AvailPageFile size 55M)
current process WorkingSet (physical memory assigned to process): 194M, peak: 278M
current process commit charge ("private bytes"): 368M, peak: 508M

vm_info: Java HotSpot(TM) 64-Bit Server VM (17.0.12+8-LTS-286) for windows-amd64 JRE (17.0.12+8-LTS-286), built on Jun  5 2024 06:46:59 by "mach5one" with MS VC++ 17.6 (VS2022)

END.
