#
# There is insufficient memory for the Java Runtime Environment to continue.
# Native memory allocation (malloc) failed to allocate 2957344 bytes for Chunk::new
# Possible reasons:
#   The system is out of physical RAM or swap space
#   The process is running with CompressedOops enabled, and the Java Heap may be blocking the growth of the native heap
# Possible solutions:
#   Reduce memory load on the system
#   Increase physical memory or swap space
#   Check if swap backing store is full
#   Decrease Java heap size (-Xmx/-Xms)
#   Decrease number of Java threads
#   Decrease Java thread stack sizes (-Xss)
#   Set larger code cache with -XX:ReservedCodeCacheSize=
#   JVM is running with Zero Based Compressed Oops mode in which the Java heap is
#     placed in the first 32GB address space. The Java Heap base address is the
#     maximum limit for the native heap growth. Please use -XX:HeapBaseMinAddress
#     to set the Java Heap base and to place the Java Heap above 32GB virtual address.
# This output file may be truncated or incomplete.
#
#  Out of Memory Error (arena.cpp:189), pid=1988, tid=1924
#
# JRE version: Java(TM) SE Runtime Environment (17.0.12+8) (build 17.0.12+8-LTS-286)
# Java VM: Java HotSpot(TM) 64-Bit Server VM (17.0.12+8-LTS-286, mixed mode, sharing, tiered, compressed oops, compressed class ptrs, g1 gc, windows-amd64)
# No core dump will be written. Minidumps are not enabled by default on client versions of Windows
#

---------------  S U M M A R Y ------------

Command Line: --add-opens=java.base/java.util=ALL-UNNAMED --add-opens=java.base/java.lang=ALL-UNNAMED --add-opens=java.base/java.lang.invoke=ALL-UNNAMED --add-opens=java.prefs/java.util.prefs=ALL-UNNAMED --add-opens=java.base/java.nio.charset=ALL-UNNAMED --add-opens=java.base/java.net=ALL-UNNAMED --add-opens=java.base/java.util.concurrent.atomic=ALL-UNNAMED -Xmx4608m -Dfile.encoding=windows-1252 -Duser.country=FR -Duser.language=fr -Duser.variant -javaagent:C:\Users\ZIDANE\.gradle\wrapper\dists\gradle-8.8-bin\dl7vupf4psengwqhwktix4v1\gradle-8.8\lib\agents\gradle-instrumentation-agent-8.8.jar org.gradle.launcher.daemon.bootstrap.GradleDaemon 8.8

Host: Intel(R) Core(TM) i5-3320M CPU @ 2.60GHz, 4 cores, 3G,  Windows 10 , 64 bit Build 19041 (10.0.19041.3636)
Time: Thu Aug 29 21:03:24 2024 Afr. centrale Ouest elapsed time: 211.072946 seconds (0d 0h 3m 31s)

---------------  T H R E A D  ---------------

Current thread (0x000002549613f6d0):  JavaThread "C2 CompilerThread0" daemon [_thread_in_native, id=1924, stack(0x000000e05da00000,0x000000e05db00000)]


Current CompileTask:
C2: 211118 14123   !   4       java.lang.reflect.Executable::sharedToGenericString (255 bytes)

Stack: [0x000000e05da00000,0x000000e05db00000]
Native frames: (J=compiled Java code, j=interpreted, Vv=VM code, C=native code)
V  [jvm.dll+0x67a04a]
V  [jvm.dll+0x7da4ed]
V  [jvm.dll+0x7dbe33]
V  [jvm.dll+0x7dc4a3]
V  [jvm.dll+0x24508f]
V  [jvm.dll+0xab773]
V  [jvm.dll+0xabd3c]
V  [jvm.dll+0x361bee]
V  [jvm.dll+0x32c431]
V  [jvm.dll+0x32b8ca]
V  [jvm.dll+0x21683f]
V  [jvm.dll+0x215c6f]
V  [jvm.dll+0x1a2960]
V  [jvm.dll+0x22610b]
V  [jvm.dll+0x2242ab]
V  [jvm.dll+0x79075c]
V  [jvm.dll+0x78abea]
V  [jvm.dll+0x678f35]
C  [ucrtbase.dll+0x21bb2]
C  [KERNEL32.DLL+0x17344]
C  [ntdll.dll+0x526b1]


---------------  P R O C E S S  ---------------

Threads class SMR info:
_java_thread_list=0x000002549ce298e0, length=87, elements={
0x00000254317cc860, 0x00000254961221e0, 0x0000025496123710, 0x0000025496139990,
0x000002549613a460, 0x000002549613e150, 0x000002549613ea20, 0x000002549613f6d0,
0x00000254961414a0, 0x00000254961b1c10, 0x00000254961fd770, 0x00000254962f6900,
0x0000025496c6b7d0, 0x0000025496c6a390, 0x0000025496c68a40, 0x0000025496c68530,
0x0000025496c69460, 0x0000025496c6adb0, 0x0000025496c69970, 0x0000025496c6b2c0,
0x0000025496c69e80, 0x0000025496c6a8a0, 0x000002549bb8f2a0, 0x000002549bb8ca20,
0x000002549bb92f60, 0x000002549bb92540, 0x000002549bb92a50, 0x000002549bb8c000,
0x000002549bb8fcc0, 0x000002549bb8e880, 0x000002549bb90bf0, 0x000002549bb91100,
0x000002549bb8ed90, 0x000002549d615170, 0x000002549d6174e0, 0x000002549d6128f0,
0x000002549d612e00, 0x000002549d611ed0, 0x000002549d615680, 0x000002549d615b90,
0x000002549d6119c0, 0x000002549d6114b0, 0x000002549d613820, 0x000002549d613d30,
0x000002549d614c60, 0x000002549d6123e0, 0x000002549d6165b0, 0x000002549d614240,
0x000002549d6160a0, 0x000002549d614750, 0x000002549d610070, 0x000002549d610a90,
0x000002549d610fa0, 0x000002549e2c44d0, 0x000002549e2c0d20, 0x000002549e2c0810,
0x000002549e2c2b80, 0x000002549e2bfdf0, 0x000002549e2be9b0, 0x000002549e2c49e0,
0x000002549e2c4ef0, 0x000002549e2c5910, 0x000002549e2c5400, 0x000002549e2c5e20,
0x000002549e2beec0, 0x000002549e2bf3d0, 0x000002549e2bf8e0, 0x000002549e2c0300,
0x000002549e2c1740, 0x000002549e2c1230, 0x000002549e2c2160, 0x000002549e2c3090,
0x000002549dcb7a10, 0x000002549dcb6ff0, 0x000002549dcb65d0, 0x000002549dcb9870,
0x000002549dcb8e50, 0x000002549dcb3330, 0x000002549dcb3840, 0x000002549dcb9d80,
0x000002549dcb56a0, 0x000002549dcb5190, 0x000002549dcb4770, 0x000002549dcb6ae0,
0x000002549dcb5bb0, 0x000002549dcba290, 0x000002549dcb8430
}

Java Threads: ( => current thread )
  0x00000254317cc860 JavaThread "main" [_thread_blocked, id=15852, stack(0x000000e05cd00000,0x000000e05ce00000)]
  0x00000254961221e0 JavaThread "Reference Handler" daemon [_thread_blocked, id=3936, stack(0x000000e05d400000,0x000000e05d500000)]
  0x0000025496123710 JavaThread "Finalizer" daemon [_thread_blocked, id=13100, stack(0x000000e05d500000,0x000000e05d600000)]
  0x0000025496139990 JavaThread "Signal Dispatcher" daemon [_thread_blocked, id=12588, stack(0x000000e05d600000,0x000000e05d700000)]
  0x000002549613a460 JavaThread "Attach Listener" daemon [_thread_blocked, id=6428, stack(0x000000e05d700000,0x000000e05d800000)]
  0x000002549613e150 JavaThread "Service Thread" daemon [_thread_blocked, id=3576, stack(0x000000e05d800000,0x000000e05d900000)]
  0x000002549613ea20 JavaThread "Monitor Deflation Thread" daemon [_thread_blocked, id=2052, stack(0x000000e05d900000,0x000000e05da00000)]
=>0x000002549613f6d0 JavaThread "C2 CompilerThread0" daemon [_thread_in_native, id=1924, stack(0x000000e05da00000,0x000000e05db00000)]
  0x00000254961414a0 JavaThread "C1 CompilerThread0" daemon [_thread_blocked, id=4412, stack(0x000000e05db00000,0x000000e05dc00000)]
  0x00000254961b1c10 JavaThread "Sweeper thread" daemon [_thread_blocked, id=12072, stack(0x000000e05dc00000,0x000000e05dd00000)]
  0x00000254961fd770 JavaThread "Common-Cleaner" daemon [_thread_blocked, id=11780, stack(0x000000e05dd00000,0x000000e05de00000)]
  0x00000254962f6900 JavaThread "Notification Thread" daemon [_thread_blocked, id=12400, stack(0x000000e05de00000,0x000000e05df00000)]
  0x0000025496c6b7d0 JavaThread "Daemon health stats" [_thread_blocked, id=540, stack(0x000000e05e300000,0x000000e05e400000)]
  0x0000025496c6a390 JavaThread "Incoming local TCP Connector on port 50446" [_thread_in_native, id=13028, stack(0x000000e05e400000,0x000000e05e500000)]
  0x0000025496c68a40 JavaThread "Daemon periodic checks" [_thread_blocked, id=3544, stack(0x000000e05e500000,0x000000e05e600000)]
  0x0000025496c68530 JavaThread "Daemon" [_thread_blocked, id=15760, stack(0x000000e05e600000,0x000000e05e700000)]
  0x0000025496c69460 JavaThread "Handler for socket connection from /127.0.0.1:50446 to /127.0.0.1:50447" [_thread_in_native, id=15696, stack(0x000000e05e700000,0x000000e05e800000)]
  0x0000025496c6adb0 JavaThread "Cancel handler" [_thread_blocked, id=10972, stack(0x000000e05e800000,0x000000e05e900000)]
  0x0000025496c69970 JavaThread "Daemon worker" [_thread_in_Java, id=11728, stack(0x000000e05e900000,0x000000e05ea00000)]
  0x0000025496c6b2c0 JavaThread "Asynchronous log dispatcher for DefaultDaemonConnection: socket connection from /127.0.0.1:50446 to /127.0.0.1:50447" [_thread_blocked, id=16124, stack(0x000000e05ea00000,0x000000e05eb00000)]
  0x0000025496c69e80 JavaThread "Stdin handler" [_thread_blocked, id=9660, stack(0x000000e05eb00000,0x000000e05ec00000)]
  0x0000025496c6a8a0 JavaThread "Daemon client event forwarder" [_thread_blocked, id=12164, stack(0x000000e05ec00000,0x000000e05ed00000)]
  0x000002549bb8f2a0 JavaThread "Cache worker for journal cache (C:\Users\ZIDANE\.gradle\caches\journal-1)" [_thread_blocked, id=4100, stack(0x000000e05ed00000,0x000000e05ee00000)]
  0x000002549bb8ca20 JavaThread "File lock request listener" [_thread_in_native, id=7972, stack(0x000000e05ee00000,0x000000e05ef00000)]
  0x000002549bb92f60 JavaThread "Cache worker for file hash cache (C:\Users\ZIDANE\.gradle\caches\8.8\fileHashes)" [_thread_blocked, id=3976, stack(0x000000e05ef00000,0x000000e05f000000)]
  0x000002549bb92540 JavaThread "Cache worker for file hash cache (C:\Users\ZIDANE\houseApp\android\.gradle\8.8\fileHashes)" [_thread_blocked, id=6420, stack(0x000000e05f000000,0x000000e05f100000)]
  0x000002549bb92a50 JavaThread "File watcher server" daemon [_thread_in_native, id=7680, stack(0x000000e05f100000,0x000000e05f200000)]
  0x000002549bb8c000 JavaThread "File watcher consumer" daemon [_thread_blocked, id=9016, stack(0x000000e05f200000,0x000000e05f300000)]
  0x000002549bb8fcc0 JavaThread "Cache worker for checksums cache (C:\Users\ZIDANE\houseApp\android\.gradle\8.8\checksums)" [_thread_blocked, id=9316, stack(0x000000e05f300000,0x000000e05f400000)]
  0x000002549bb8e880 JavaThread "Cache worker for file content cache (C:\Users\ZIDANE\.gradle\caches\8.8\fileContent)" [_thread_blocked, id=12084, stack(0x000000e05f400000,0x000000e05f500000)]
  0x000002549bb90bf0 JavaThread "Cache worker for cache directory md-rule (C:\Users\ZIDANE\.gradle\caches\8.8\md-rule)" [_thread_blocked, id=14112, stack(0x000000e05f500000,0x000000e05f600000)]
  0x000002549bb91100 JavaThread "Cache worker for cache directory md-supplier (C:\Users\ZIDANE\.gradle\caches\8.8\md-supplier)" [_thread_blocked, id=9408, stack(0x000000e05f600000,0x000000e05f700000)]
  0x000002549bb8ed90 JavaThread "jar transforms" [_thread_blocked, id=32, stack(0x000000e05cb00000,0x000000e05cc00000)]
  0x000002549d615170 JavaThread "Unconstrained build operations" [_thread_blocked, id=8244, stack(0x000000e05fa00000,0x000000e05fb00000)]
  0x000002549d6174e0 JavaThread "Unconstrained build operations Thread 2" [_thread_blocked, id=9144, stack(0x000000e05fb00000,0x000000e05fc00000)]
  0x000002549d6128f0 JavaThread "Unconstrained build operations Thread 3" [_thread_blocked, id=14168, stack(0x000000e05fc00000,0x000000e05fd00000)]
  0x000002549d612e00 JavaThread "Unconstrained build operations Thread 4" [_thread_blocked, id=1728, stack(0x000000e05fd00000,0x000000e05fe00000)]
  0x000002549d611ed0 JavaThread "Unconstrained build operations Thread 5" [_thread_blocked, id=15084, stack(0x000000e05fe00000,0x000000e05ff00000)]
  0x000002549d615680 JavaThread "Unconstrained build operations Thread 6" [_thread_blocked, id=6860, stack(0x000000e05ff00000,0x000000e060000000)]
  0x000002549d615b90 JavaThread "Cache worker for Build Output Cleanup Cache (C:\Users\ZIDANE\houseApp\node_modules\@react-native\gradle-plugin\.gradle\buildOutputCleanup)" [_thread_blocked, id=7448, stack(0x000000e060000000,0x000000e060100000)]
  0x000002549d6119c0 JavaThread "Unconstrained build operations Thread 7" [_thread_blocked, id=16144, stack(0x000000e05ca00000,0x000000e05cb00000)]
  0x000002549d6114b0 JavaThread "Unconstrained build operations Thread 8" [_thread_blocked, id=7192, stack(0x000000e05cc00000,0x000000e05cd00000)]
  0x000002549d613820 JavaThread "Unconstrained build operations Thread 9" [_thread_blocked, id=2548, stack(0x000000e060100000,0x000000e060200000)]
  0x000002549d613d30 JavaThread "Unconstrained build operations Thread 10" [_thread_blocked, id=14004, stack(0x000000e060200000,0x000000e060300000)]
  0x000002549d614c60 JavaThread "Unconstrained build operations Thread 11" [_thread_blocked, id=8128, stack(0x000000e060300000,0x000000e060400000)]
  0x000002549d6123e0 JavaThread "Unconstrained build operations Thread 12" [_thread_blocked, id=10456, stack(0x000000e060400000,0x000000e060500000)]
  0x000002549d6165b0 JavaThread "Unconstrained build operations Thread 13" [_thread_blocked, id=9380, stack(0x000000e060500000,0x000000e060600000)]
  0x000002549d614240 JavaThread "Unconstrained build operations Thread 14" [_thread_blocked, id=6464, stack(0x000000e060600000,0x000000e060700000)]
  0x000002549d6160a0 JavaThread "Unconstrained build operations Thread 15" [_thread_blocked, id=9104, stack(0x000000e060700000,0x000000e060800000)]
  0x000002549d614750 JavaThread "Memory manager" [_thread_blocked, id=7912, stack(0x000000e060800000,0x000000e060900000)]
  0x000002549d610070 JavaThread "build event listener" [_thread_blocked, id=6064, stack(0x000000e060900000,0x000000e060a00000)]
  0x000002549d610a90 JavaThread "ForkJoinPool.commonPool-worker-1" daemon [_thread_blocked, id=13236, stack(0x000000e060a00000,0x000000e060b00000)]
  0x000002549d610fa0 JavaThread "ForkJoinPool.commonPool-worker-2" daemon [_thread_blocked, id=7432, stack(0x000000e060b00000,0x000000e060c00000)]
  0x000002549e2c44d0 JavaThread "Execution worker" [_thread_blocked, id=2272, stack(0x000000e061100000,0x000000e061200000)]
  0x000002549e2c0d20 JavaThread "Execution worker Thread 2" [_thread_blocked, id=11256, stack(0x000000e061200000,0x000000e061300000)]
  0x000002549e2c0810 JavaThread "Execution worker Thread 3" [_thread_blocked, id=8992, stack(0x000000e061300000,0x000000e061400000)]
  0x000002549e2c2b80 JavaThread "Cache worker for execution history cache (C:\Users\ZIDANE\houseApp\node_modules\@react-native\gradle-plugin\.gradle\8.8\executionHistory)" [_thread_blocked, id=7080, stack(0x000000e061400000,0x000000e061500000)]
  0x000002549e2bfdf0 JavaThread "Unconstrained build operations Thread 16" [_thread_blocked, id=6088, stack(0x000000e061500000,0x000000e061600000)]
  0x000002549e2be9b0 JavaThread "Unconstrained build operations Thread 17" [_thread_blocked, id=2516, stack(0x000000e061600000,0x000000e061700000)]
  0x000002549e2c49e0 JavaThread "Unconstrained build operations Thread 18" [_thread_blocked, id=7820, stack(0x000000e061700000,0x000000e061800000)]
  0x000002549e2c4ef0 JavaThread "Unconstrained build operations Thread 19" [_thread_blocked, id=13624, stack(0x000000e061800000,0x000000e061900000)]
  0x000002549e2c5910 JavaThread "Unconstrained build operations Thread 20" [_thread_blocked, id=2836, stack(0x000000e061900000,0x000000e061a00000)]
  0x000002549e2c5400 JavaThread "Unconstrained build operations Thread 21" [_thread_blocked, id=6536, stack(0x000000e061a00000,0x000000e061b00000)]
  0x000002549e2c5e20 JavaThread "Unconstrained build operations Thread 22" [_thread_blocked, id=14748, stack(0x000000e061b00000,0x000000e061c00000)]
  0x000002549e2beec0 JavaThread "Unconstrained build operations Thread 23" [_thread_blocked, id=8344, stack(0x000000e061c00000,0x000000e061d00000)]
  0x000002549e2bf3d0 JavaThread "Unconstrained build operations Thread 24" [_thread_blocked, id=6076, stack(0x000000e061d00000,0x000000e061e00000)]
  0x000002549e2bf8e0 JavaThread "Unconstrained build operations Thread 25" [_thread_blocked, id=15292, stack(0x000000e061e00000,0x000000e061f00000)]
  0x000002549e2c0300 JavaThread "Unconstrained build operations Thread 26" [_thread_blocked, id=6704, stack(0x000000e061f00000,0x000000e062000000)]
  0x000002549e2c1740 JavaThread "Unconstrained build operations Thread 27" [_thread_blocked, id=11048, stack(0x000000e062000000,0x000000e062100000)]
  0x000002549e2c1230 JavaThread "Unconstrained build operations Thread 28" [_thread_blocked, id=13884, stack(0x000000e062100000,0x000000e062200000)]
  0x000002549e2c2160 JavaThread "Unconstrained build operations Thread 29" [_thread_blocked, id=12604, stack(0x000000e062200000,0x000000e062300000)]
  0x000002549e2c3090 JavaThread "Unconstrained build operations Thread 30" [_thread_blocked, id=2340, stack(0x000000e062300000,0x000000e062400000)]
  0x000002549dcb7a10 JavaThread "Unconstrained build operations Thread 31" [_thread_blocked, id=11380, stack(0x000000e062400000,0x000000e062500000)]
  0x000002549dcb6ff0 JavaThread "Unconstrained build operations Thread 32" [_thread_blocked, id=940, stack(0x000000e062500000,0x000000e062600000)]
  0x000002549dcb65d0 JavaThread "Unconstrained build operations Thread 33" [_thread_blocked, id=10024, stack(0x000000e062600000,0x000000e062700000)]
  0x000002549dcb9870 JavaThread "Unconstrained build operations Thread 34" [_thread_blocked, id=2448, stack(0x000000e062700000,0x000000e062800000)]
  0x000002549dcb8e50 JavaThread "Unconstrained build operations Thread 35" [_thread_blocked, id=3384, stack(0x000000e062800000,0x000000e062900000)]
  0x000002549dcb3330 JavaThread "Unconstrained build operations Thread 36" [_thread_blocked, id=1592, stack(0x000000e062900000,0x000000e062a00000)]
  0x000002549dcb3840 JavaThread "jar transforms Thread 2" [_thread_blocked, id=6792, stack(0x000000e062a00000,0x000000e062b00000)]
  0x000002549dcb9d80 JavaThread "Cache worker for Build Output Cleanup Cache (C:\Users\ZIDANE\houseApp\android\.gradle\buildOutputCleanup)" [_thread_blocked, id=10464, stack(0x000000e062b00000,0x000000e062c00000)]
  0x000002549dcb56a0 JavaThread "jar transforms Thread 3" [_thread_blocked, id=3684, stack(0x000000e062c00000,0x000000e062d00000)]
  0x000002549dcb5190 JavaThread "Unconstrained build operations Thread 37" [_thread_blocked, id=2192, stack(0x000000e062d00000,0x000000e062e00000)]
  0x000002549dcb4770 JavaThread "Unconstrained build operations Thread 38" [_thread_blocked, id=13580, stack(0x000000e062e00000,0x000000e062f00000)]
  0x000002549dcb6ae0 JavaThread "Unconstrained build operations Thread 39" [_thread_blocked, id=10160, stack(0x000000e062f00000,0x000000e063000000)]
  0x000002549dcb5bb0 JavaThread "Unconstrained build operations Thread 40" [_thread_blocked, id=1764, stack(0x000000e063000000,0x000000e063100000)]
  0x000002549dcba290 JavaThread "jar transforms Thread 4" [_thread_blocked, id=8704, stack(0x000000e063100000,0x000000e063200000)]
  0x000002549dcb8430 JavaThread "build event listener" [_thread_blocked, id=15832, stack(0x000000e05f700000,0x000000e05f800000)]

Other Threads:
  0x000002543189b600 VMThread "VM Thread" [stack: 0x000000e05d300000,0x000000e05d400000] [id=9524]
  0x00000254963472d0 WatcherThread [stack: 0x000000e05df00000,0x000000e05e000000] [id=9252]
  0x000002543183c140 GCTaskThread "GC Thread#0" [stack: 0x000000e05ce00000,0x000000e05cf00000] [id=7396]
  0x00000254963d8ae0 GCTaskThread "GC Thread#1" [stack: 0x000000e05e000000,0x000000e05e100000] [id=13932]
  0x00000254963cbee0 GCTaskThread "GC Thread#2" [stack: 0x000000e05e100000,0x000000e05e200000] [id=864]
  0x0000025496a33910 GCTaskThread "GC Thread#3" [stack: 0x000000e05e200000,0x000000e05e300000] [id=3008]
  0x0000025431845fa0 ConcurrentGCThread "G1 Main Marker" [stack: 0x000000e05cf00000,0x000000e05d000000] [id=1372]
  0x00000254318468c0 ConcurrentGCThread "G1 Conc#0" [stack: 0x000000e05d000000,0x000000e05d100000] [id=1052]
  0x0000025431878390 ConcurrentGCThread "G1 Refine#0" [stack: 0x000000e05d100000,0x000000e05d200000] [id=14052]
  0x0000025431878cd0 ConcurrentGCThread "G1 Service" [stack: 0x000000e05d200000,0x000000e05d300000] [id=15800]

Threads with active compile tasks:
C2 CompilerThread0   211926 14123   !   4       java.lang.reflect.Executable::sharedToGenericString (255 bytes)

VM state: not at safepoint (normal execution)

VM Mutex/Monitor currently owned by a thread: None

Heap address: 0x00000006e0000000, size: 4608 MB, Compressed Oops mode: Zero based, Oop shift amount: 3

CDS archive(s) mapped at: [0x0000025455000000-0x0000025455bd0000-0x0000025455bd0000), size 12386304, SharedBaseAddress: 0x0000025455000000, ArchiveRelocationMode: 1.
Compressed class space mapped at: 0x0000025456000000-0x0000025496000000, reserved size: 1073741824
Narrow klass base: 0x0000025455000000, Narrow klass shift: 0, Narrow klass range: 0x100000000

GC Precious Log:
 CPUs: 4 total, 4 available
 Memory: 3999M
 Large Page Support: Disabled
 NUMA Support: Disabled
 Compressed Oops: Enabled (Zero based)
 Heap Region Size: 4M
 Heap Min Capacity: 8M
 Heap Initial Capacity: 64M
 Heap Max Capacity: 4608M
 Pre-touch: Disabled
 Parallel Workers: 4
 Concurrent Workers: 1
 Concurrent Refinement Workers: 4
 Periodic GC: Disabled

Heap:
 garbage-first heap   total 901120K, used 163150K [0x00000006e0000000, 0x0000000800000000)
  region size 4096K, 6 young (24576K), 1 survivors (4096K)
 Metaspace       used 102724K, committed 103744K, reserved 1179648K
  class space    used 14334K, committed 14848K, reserved 1048576K

Heap Regions: E=young(eden), S=young(survivor), O=old, HS=humongous(starts), HC=humongous(continues), CS=collection set, F=free, OA=open archive, CA=closed archive, TAMS=top-at-mark-start (previous, next)
|   0|0x00000006e0000000, 0x00000006e0400000, 0x00000006e0400000|100%|HS|  |TAMS 0x00000006e0400000, 0x00000006e0000000| Complete 
|   1|0x00000006e0400000, 0x00000006e0800000, 0x00000006e0800000|100%| O|  |TAMS 0x00000006e0800000, 0x00000006e0400000| Untracked 
|   2|0x00000006e0800000, 0x00000006e0c00000, 0x00000006e0c00000|100%| O|  |TAMS 0x00000006e0c00000, 0x00000006e0800000| Untracked 
|   3|0x00000006e0c00000, 0x00000006e1000000, 0x00000006e1000000|100%| O|  |TAMS 0x00000006e1000000, 0x00000006e0c00000| Untracked 
|   4|0x00000006e1000000, 0x00000006e1400000, 0x00000006e1400000|100%| O|  |TAMS 0x00000006e1400000, 0x00000006e1000000| Untracked 
|   5|0x00000006e1400000, 0x00000006e1800000, 0x00000006e1800000|100%| O|  |TAMS 0x00000006e1800000, 0x00000006e1400000| Untracked 
|   6|0x00000006e1800000, 0x00000006e1c00000, 0x00000006e1c00000|100%| O|  |TAMS 0x00000006e1c00000, 0x00000006e1800000| Untracked 
|   7|0x00000006e1c00000, 0x00000006e2000000, 0x00000006e2000000|100%| O|  |TAMS 0x00000006e2000000, 0x00000006e1c00000| Untracked 
|   8|0x00000006e2000000, 0x00000006e2400000, 0x00000006e2400000|100%| O|  |TAMS 0x00000006e2400000, 0x00000006e2000000| Untracked 
|   9|0x00000006e2400000, 0x00000006e2800000, 0x00000006e2800000|100%| O|  |TAMS 0x00000006e2800000, 0x00000006e2400000| Untracked 
|  10|0x00000006e2800000, 0x00000006e2c00000, 0x00000006e2c00000|100%| O|  |TAMS 0x00000006e2c00000, 0x00000006e2800000| Untracked 
|  11|0x00000006e2c00000, 0x00000006e3000000, 0x00000006e3000000|100%| O|  |TAMS 0x00000006e2c00000, 0x00000006e2c00000| Untracked 
|  12|0x00000006e3000000, 0x00000006e3400000, 0x00000006e3400000|100%| O|  |TAMS 0x00000006e3400000, 0x00000006e3000000| Untracked 
|  13|0x00000006e3400000, 0x00000006e3800000, 0x00000006e3800000|100%|HS|  |TAMS 0x00000006e3800000, 0x00000006e3400000| Complete 
|  14|0x00000006e3800000, 0x00000006e3c00000, 0x00000006e3c00000|100%|HS|  |TAMS 0x00000006e3c00000, 0x00000006e3800000| Complete 
|  15|0x00000006e3c00000, 0x00000006e4000000, 0x00000006e4000000|100%| O|  |TAMS 0x00000006e4000000, 0x00000006e3c00000| Untracked 
|  16|0x00000006e4000000, 0x00000006e4400000, 0x00000006e4400000|100%| O|  |TAMS 0x00000006e4400000, 0x00000006e4000000| Untracked 
|  17|0x00000006e4400000, 0x00000006e4800000, 0x00000006e4800000|100%| O|  |TAMS 0x00000006e4800000, 0x00000006e4400000| Untracked 
|  18|0x00000006e4800000, 0x00000006e4c00000, 0x00000006e4c00000|100%| O|  |TAMS 0x00000006e4c00000, 0x00000006e4800000| Untracked 
|  19|0x00000006e4c00000, 0x00000006e5000000, 0x00000006e5000000|100%| O|  |TAMS 0x00000006e5000000, 0x00000006e4c00000| Untracked 
|  20|0x00000006e5000000, 0x00000006e5400000, 0x00000006e5400000|100%| O|  |TAMS 0x00000006e5400000, 0x00000006e5000000| Untracked 
|  21|0x00000006e5400000, 0x00000006e5800000, 0x00000006e5800000|100%| O|  |TAMS 0x00000006e5400000, 0x00000006e5400000| Untracked 
|  22|0x00000006e5800000, 0x00000006e5c00000, 0x00000006e5c00000|100%| O|  |TAMS 0x00000006e5800000, 0x00000006e5800000| Untracked 
|  23|0x00000006e5c00000, 0x00000006e6000000, 0x00000006e6000000|100%| O|  |TAMS 0x00000006e5c00000, 0x00000006e5c00000| Untracked 
|  24|0x00000006e6000000, 0x00000006e6400000, 0x00000006e6400000|100%| O|  |TAMS 0x00000006e6000000, 0x00000006e6000000| Untracked 
|  25|0x00000006e6400000, 0x00000006e6800000, 0x00000006e6800000|100%| O|  |TAMS 0x00000006e6400000, 0x00000006e6400000| Untracked 
|  26|0x00000006e6800000, 0x00000006e6c00000, 0x00000006e6c00000|100%| O|  |TAMS 0x00000006e6800000, 0x00000006e6800000| Untracked 
|  27|0x00000006e6c00000, 0x00000006e7000000, 0x00000006e7000000|100%| O|  |TAMS 0x00000006e6c00000, 0x00000006e6c00000| Untracked 
|  28|0x00000006e7000000, 0x00000006e7400000, 0x00000006e7400000|100%| O|  |TAMS 0x00000006e7000000, 0x00000006e7000000| Untracked 
|  29|0x00000006e7400000, 0x00000006e7800000, 0x00000006e7800000|100%| O|  |TAMS 0x00000006e7400000, 0x00000006e7400000| Untracked 
|  30|0x00000006e7800000, 0x00000006e7c00000, 0x00000006e7c00000|100%| O|  |TAMS 0x00000006e7800000, 0x00000006e7800000| Untracked 
|  31|0x00000006e7c00000, 0x00000006e8000000, 0x00000006e8000000|100%| O|  |TAMS 0x00000006e7c00000, 0x00000006e7c00000| Untracked 
|  32|0x00000006e8000000, 0x00000006e8400000, 0x00000006e8400000|100%| O|  |TAMS 0x00000006e8000000, 0x00000006e8000000| Untracked 
|  33|0x00000006e8400000, 0x00000006e8800000, 0x00000006e8800000|100%| O|  |TAMS 0x00000006e8400000, 0x00000006e8400000| Untracked 
|  34|0x00000006e8800000, 0x00000006e8c00000, 0x00000006e8c00000|100%| O|  |TAMS 0x00000006e8800000, 0x00000006e8800000| Untracked 
|  35|0x00000006e8c00000, 0x00000006e8f83400, 0x00000006e9000000| 87%| O|  |TAMS 0x00000006e8c00000, 0x00000006e8c00000| Untracked 
|  36|0x00000006e9000000, 0x00000006e9000000, 0x00000006e9400000|  0%| F|  |TAMS 0x00000006e9000000, 0x00000006e9000000| Untracked 
|  37|0x00000006e9400000, 0x00000006e9400000, 0x00000006e9800000|  0%| F|  |TAMS 0x00000006e9400000, 0x00000006e9400000| Untracked 
|  38|0x00000006e9800000, 0x00000006e9800000, 0x00000006e9c00000|  0%| F|  |TAMS 0x00000006e9800000, 0x00000006e9800000| Untracked 
|  39|0x00000006e9c00000, 0x00000006e9c00000, 0x00000006ea000000|  0%| F|  |TAMS 0x00000006e9c00000, 0x00000006e9c00000| Untracked 
|  40|0x00000006ea000000, 0x00000006ea000000, 0x00000006ea400000|  0%| F|  |TAMS 0x00000006ea000000, 0x00000006ea000000| Untracked 
|  41|0x00000006ea400000, 0x00000006ea400000, 0x00000006ea800000|  0%| F|  |TAMS 0x00000006ea400000, 0x00000006ea400000| Untracked 
|  42|0x00000006ea800000, 0x00000006ea800000, 0x00000006eac00000|  0%| F|  |TAMS 0x00000006ea800000, 0x00000006ea800000| Untracked 
|  43|0x00000006eac00000, 0x00000006eac00000, 0x00000006eb000000|  0%| F|  |TAMS 0x00000006eac00000, 0x00000006eac00000| Untracked 
|  44|0x00000006eb000000, 0x00000006eb000000, 0x00000006eb400000|  0%| F|  |TAMS 0x00000006eb000000, 0x00000006eb000000| Untracked 
|  45|0x00000006eb400000, 0x00000006eb400000, 0x00000006eb800000|  0%| F|  |TAMS 0x00000006eb400000, 0x00000006eb400000| Untracked 
|  46|0x00000006eb800000, 0x00000006eb800000, 0x00000006ebc00000|  0%| F|  |TAMS 0x00000006eb800000, 0x00000006eb800000| Untracked 
|  47|0x00000006ebc00000, 0x00000006ebc00000, 0x00000006ec000000|  0%| F|  |TAMS 0x00000006ebc00000, 0x00000006ebc00000| Untracked 
|  48|0x00000006ec000000, 0x00000006ec000000, 0x00000006ec400000|  0%| F|  |TAMS 0x00000006ec000000, 0x00000006ec000000| Untracked 
|  49|0x00000006ec400000, 0x00000006ec400000, 0x00000006ec800000|  0%| F|  |TAMS 0x00000006ec400000, 0x00000006ec400000| Untracked 
|  50|0x00000006ec800000, 0x00000006ec800000, 0x00000006ecc00000|  0%| F|  |TAMS 0x00000006ec800000, 0x00000006ec800000| Untracked 
|  51|0x00000006ecc00000, 0x00000006ecc00000, 0x00000006ed000000|  0%| F|  |TAMS 0x00000006ecc00000, 0x00000006ecc00000| Untracked 
|  52|0x00000006ed000000, 0x00000006ed000000, 0x00000006ed400000|  0%| F|  |TAMS 0x00000006ed000000, 0x00000006ed000000| Untracked 
|  53|0x00000006ed400000, 0x00000006ed400000, 0x00000006ed800000|  0%| F|  |TAMS 0x00000006ed400000, 0x00000006ed400000| Untracked 
|  54|0x00000006ed800000, 0x00000006ed800000, 0x00000006edc00000|  0%| F|  |TAMS 0x00000006ed800000, 0x00000006ed800000| Untracked 
|  55|0x00000006edc00000, 0x00000006edc00000, 0x00000006ee000000|  0%| F|  |TAMS 0x00000006edc00000, 0x00000006edc00000| Untracked 
|  56|0x00000006ee000000, 0x00000006ee000000, 0x00000006ee400000|  0%| F|  |TAMS 0x00000006ee000000, 0x00000006ee000000| Untracked 
|  57|0x00000006ee400000, 0x00000006ee400000, 0x00000006ee800000|  0%| F|  |TAMS 0x00000006ee400000, 0x00000006ee400000| Untracked 
|  58|0x00000006ee800000, 0x00000006ee800000, 0x00000006eec00000|  0%| F|  |TAMS 0x00000006ee800000, 0x00000006ee800000| Untracked 
|  59|0x00000006eec00000, 0x00000006eec00000, 0x00000006ef000000|  0%| F|  |TAMS 0x00000006eec00000, 0x00000006eec00000| Untracked 
|  60|0x00000006ef000000, 0x00000006ef000000, 0x00000006ef400000|  0%| F|  |TAMS 0x00000006ef000000, 0x00000006ef000000| Untracked 
|  61|0x00000006ef400000, 0x00000006ef400000, 0x00000006ef800000|  0%| F|  |TAMS 0x00000006ef400000, 0x00000006ef400000| Untracked 
|  62|0x00000006ef800000, 0x00000006ef800000, 0x00000006efc00000|  0%| F|  |TAMS 0x00000006ef800000, 0x00000006ef800000| Untracked 
|  63|0x00000006efc00000, 0x00000006efc00000, 0x00000006f0000000|  0%| F|  |TAMS 0x00000006efc00000, 0x00000006efc00000| Untracked 
|  64|0x00000006f0000000, 0x00000006f0000000, 0x00000006f0400000|  0%| F|  |TAMS 0x00000006f0000000, 0x00000006f0000000| Untracked 
|  65|0x00000006f0400000, 0x00000006f0400000, 0x00000006f0800000|  0%| F|  |TAMS 0x00000006f0400000, 0x00000006f0400000| Untracked 
|  66|0x00000006f0800000, 0x00000006f0800000, 0x00000006f0c00000|  0%| F|  |TAMS 0x00000006f0800000, 0x00000006f0800000| Untracked 
|  67|0x00000006f0c00000, 0x00000006f0c00000, 0x00000006f1000000|  0%| F|  |TAMS 0x00000006f0c00000, 0x00000006f0c00000| Untracked 
|  68|0x00000006f1000000, 0x00000006f1000000, 0x00000006f1400000|  0%| F|  |TAMS 0x00000006f1000000, 0x00000006f1000000| Untracked 
|  69|0x00000006f1400000, 0x00000006f1400000, 0x00000006f1800000|  0%| F|  |TAMS 0x00000006f1400000, 0x00000006f1400000| Untracked 
|  70|0x00000006f1800000, 0x00000006f1800000, 0x00000006f1c00000|  0%| F|  |TAMS 0x00000006f1800000, 0x00000006f1800000| Untracked 
|  71|0x00000006f1c00000, 0x00000006f1c00000, 0x00000006f2000000|  0%| F|  |TAMS 0x00000006f1c00000, 0x00000006f1c00000| Untracked 
|  72|0x00000006f2000000, 0x00000006f2000000, 0x00000006f2400000|  0%| F|  |TAMS 0x00000006f2000000, 0x00000006f2000000| Untracked 
|  73|0x00000006f2400000, 0x00000006f2400000, 0x00000006f2800000|  0%| F|  |TAMS 0x00000006f2400000, 0x00000006f2400000| Untracked 
|  74|0x00000006f2800000, 0x00000006f2800000, 0x00000006f2c00000|  0%| F|  |TAMS 0x00000006f2800000, 0x00000006f2800000| Untracked 
|  75|0x00000006f2c00000, 0x00000006f2c00000, 0x00000006f3000000|  0%| F|  |TAMS 0x00000006f2c00000, 0x00000006f2c00000| Untracked 
|  76|0x00000006f3000000, 0x00000006f3000000, 0x00000006f3400000|  0%| F|  |TAMS 0x00000006f3000000, 0x00000006f3000000| Untracked 
|  77|0x00000006f3400000, 0x00000006f3400000, 0x00000006f3800000|  0%| F|  |TAMS 0x00000006f3400000, 0x00000006f3400000| Untracked 
|  78|0x00000006f3800000, 0x00000006f3800000, 0x00000006f3c00000|  0%| F|  |TAMS 0x00000006f3800000, 0x00000006f3800000| Untracked 
|  79|0x00000006f3c00000, 0x00000006f3c00000, 0x00000006f4000000|  0%| F|  |TAMS 0x00000006f3c00000, 0x00000006f3c00000| Untracked 
|  80|0x00000006f4000000, 0x00000006f4000000, 0x00000006f4400000|  0%| F|  |TAMS 0x00000006f4000000, 0x00000006f4000000| Untracked 
|  81|0x00000006f4400000, 0x00000006f4400000, 0x00000006f4800000|  0%| F|  |TAMS 0x00000006f4400000, 0x00000006f4400000| Untracked 
|  82|0x00000006f4800000, 0x00000006f4800000, 0x00000006f4c00000|  0%| F|  |TAMS 0x00000006f4800000, 0x00000006f4800000| Untracked 
|  83|0x00000006f4c00000, 0x00000006f4c00000, 0x00000006f5000000|  0%| F|  |TAMS 0x00000006f4c00000, 0x00000006f4c00000| Untracked 
|  84|0x00000006f5000000, 0x00000006f5000000, 0x00000006f5400000|  0%| F|  |TAMS 0x00000006f5000000, 0x00000006f5000000| Untracked 
|  85|0x00000006f5400000, 0x00000006f5400000, 0x00000006f5800000|  0%| F|  |TAMS 0x00000006f5400000, 0x00000006f5400000| Untracked 
|  86|0x00000006f5800000, 0x00000006f5800000, 0x00000006f5c00000|  0%| F|  |TAMS 0x00000006f5800000, 0x00000006f5800000| Untracked 
|  87|0x00000006f5c00000, 0x00000006f5c00000, 0x00000006f6000000|  0%| F|  |TAMS 0x00000006f5c00000, 0x00000006f5c00000| Untracked 
|  88|0x00000006f6000000, 0x00000006f6000000, 0x00000006f6400000|  0%| F|  |TAMS 0x00000006f6000000, 0x00000006f6000000| Untracked 
|  89|0x00000006f6400000, 0x00000006f6400000, 0x00000006f6800000|  0%| F|  |TAMS 0x00000006f6400000, 0x00000006f6400000| Untracked 
|  90|0x00000006f6800000, 0x00000006f6800000, 0x00000006f6c00000|  0%| F|  |TAMS 0x00000006f6800000, 0x00000006f6800000| Untracked 
|  91|0x00000006f6c00000, 0x00000006f6c00000, 0x00000006f7000000|  0%| F|  |TAMS 0x00000006f6c00000, 0x00000006f6c00000| Untracked 
|  92|0x00000006f7000000, 0x00000006f7000000, 0x00000006f7400000|  0%| F|  |TAMS 0x00000006f7000000, 0x00000006f7000000| Untracked 
|  93|0x00000006f7400000, 0x00000006f7400000, 0x00000006f7800000|  0%| F|  |TAMS 0x00000006f7400000, 0x00000006f7400000| Untracked 
|  94|0x00000006f7800000, 0x00000006f7800000, 0x00000006f7c00000|  0%| F|  |TAMS 0x00000006f7800000, 0x00000006f7800000| Untracked 
|  95|0x00000006f7c00000, 0x00000006f7c00000, 0x00000006f8000000|  0%| F|  |TAMS 0x00000006f7c00000, 0x00000006f7c00000| Untracked 
|  96|0x00000006f8000000, 0x00000006f8000000, 0x00000006f8400000|  0%| F|  |TAMS 0x00000006f8000000, 0x00000006f8000000| Untracked 
|  97|0x00000006f8400000, 0x00000006f8400000, 0x00000006f8800000|  0%| F|  |TAMS 0x00000006f8400000, 0x00000006f8400000| Untracked 
|  98|0x00000006f8800000, 0x00000006f8800000, 0x00000006f8c00000|  0%| F|  |TAMS 0x00000006f8800000, 0x00000006f8800000| Untracked 
|  99|0x00000006f8c00000, 0x00000006f8c00000, 0x00000006f9000000|  0%| F|  |TAMS 0x00000006f8c00000, 0x00000006f8c00000| Untracked 
| 100|0x00000006f9000000, 0x00000006f9000000, 0x00000006f9400000|  0%| F|  |TAMS 0x00000006f9000000, 0x00000006f9000000| Untracked 
| 101|0x00000006f9400000, 0x00000006f9400000, 0x00000006f9800000|  0%| F|  |TAMS 0x00000006f9400000, 0x00000006f9400000| Untracked 
| 102|0x00000006f9800000, 0x00000006f9800000, 0x00000006f9c00000|  0%| F|  |TAMS 0x00000006f9800000, 0x00000006f9800000| Untracked 
| 103|0x00000006f9c00000, 0x00000006f9c00000, 0x00000006fa000000|  0%| F|  |TAMS 0x00000006f9c00000, 0x00000006f9c00000| Untracked 
| 104|0x00000006fa000000, 0x00000006fa000000, 0x00000006fa400000|  0%| F|  |TAMS 0x00000006fa000000, 0x00000006fa000000| Untracked 
| 105|0x00000006fa400000, 0x00000006fa400000, 0x00000006fa800000|  0%| F|  |TAMS 0x00000006fa400000, 0x00000006fa400000| Untracked 
| 106|0x00000006fa800000, 0x00000006fa800000, 0x00000006fac00000|  0%| F|  |TAMS 0x00000006fa800000, 0x00000006fa800000| Untracked 
| 107|0x00000006fac00000, 0x00000006fac00000, 0x00000006fb000000|  0%| F|  |TAMS 0x00000006fac00000, 0x00000006fac00000| Untracked 
| 108|0x00000006fb000000, 0x00000006fb000000, 0x00000006fb400000|  0%| F|  |TAMS 0x00000006fb000000, 0x00000006fb000000| Untracked 
| 109|0x00000006fb400000, 0x00000006fb400000, 0x00000006fb800000|  0%| F|  |TAMS 0x00000006fb400000, 0x00000006fb400000| Untracked 
| 110|0x00000006fb800000, 0x00000006fb800000, 0x00000006fbc00000|  0%| F|  |TAMS 0x00000006fb800000, 0x00000006fb800000| Untracked 
| 111|0x00000006fbc00000, 0x00000006fbc00000, 0x00000006fc000000|  0%| F|  |TAMS 0x00000006fbc00000, 0x00000006fbc00000| Untracked 
| 112|0x00000006fc000000, 0x00000006fc000000, 0x00000006fc400000|  0%| F|  |TAMS 0x00000006fc000000, 0x00000006fc000000| Untracked 
| 113|0x00000006fc400000, 0x00000006fc400000, 0x00000006fc800000|  0%| F|  |TAMS 0x00000006fc400000, 0x00000006fc400000| Untracked 
| 114|0x00000006fc800000, 0x00000006fc800000, 0x00000006fcc00000|  0%| F|  |TAMS 0x00000006fc800000, 0x00000006fc800000| Untracked 
| 115|0x00000006fcc00000, 0x00000006fcc00000, 0x00000006fd000000|  0%| F|  |TAMS 0x00000006fcc00000, 0x00000006fcc00000| Untracked 
| 116|0x00000006fd000000, 0x00000006fd000000, 0x00000006fd400000|  0%| F|  |TAMS 0x00000006fd000000, 0x00000006fd000000| Untracked 
| 117|0x00000006fd400000, 0x00000006fd400000, 0x00000006fd800000|  0%| F|  |TAMS 0x00000006fd400000, 0x00000006fd400000| Untracked 
| 118|0x00000006fd800000, 0x00000006fd800000, 0x00000006fdc00000|  0%| F|  |TAMS 0x00000006fd800000, 0x00000006fd800000| Untracked 
| 119|0x00000006fdc00000, 0x00000006fdc00000, 0x00000006fe000000|  0%| F|  |TAMS 0x00000006fdc00000, 0x00000006fdc00000| Untracked 
| 120|0x00000006fe000000, 0x00000006fe000000, 0x00000006fe400000|  0%| F|  |TAMS 0x00000006fe000000, 0x00000006fe000000| Untracked 
| 121|0x00000006fe400000, 0x00000006fe400000, 0x00000006fe800000|  0%| F|  |TAMS 0x00000006fe400000, 0x00000006fe400000| Untracked 
| 122|0x00000006fe800000, 0x00000006fe800000, 0x00000006fec00000|  0%| F|  |TAMS 0x00000006fe800000, 0x00000006fe800000| Untracked 
| 123|0x00000006fec00000, 0x00000006fec00000, 0x00000006ff000000|  0%| F|  |TAMS 0x00000006fec00000, 0x00000006fec00000| Untracked 
| 124|0x00000006ff000000, 0x00000006ff000000, 0x00000006ff400000|  0%| F|  |TAMS 0x00000006ff000000, 0x00000006ff000000| Untracked 
| 125|0x00000006ff400000, 0x00000006ff400000, 0x00000006ff800000|  0%| F|  |TAMS 0x00000006ff400000, 0x00000006ff400000| Untracked 
| 126|0x00000006ff800000, 0x00000006ff800000, 0x00000006ffc00000|  0%| F|  |TAMS 0x00000006ff800000, 0x00000006ff800000| Untracked 
| 127|0x00000006ffc00000, 0x00000006ffc00000, 0x0000000700000000|  0%| F|  |TAMS 0x00000006ffc00000, 0x00000006ffc00000| Untracked 
| 128|0x0000000700000000, 0x0000000700000000, 0x0000000700400000|  0%| F|  |TAMS 0x0000000700000000, 0x0000000700000000| Untracked 
| 129|0x0000000700400000, 0x0000000700400000, 0x0000000700800000|  0%| F|  |TAMS 0x0000000700400000, 0x0000000700400000| Untracked 
| 130|0x0000000700800000, 0x0000000700800000, 0x0000000700c00000|  0%| F|  |TAMS 0x0000000700800000, 0x0000000700800000| Untracked 
| 131|0x0000000700c00000, 0x0000000700c00000, 0x0000000701000000|  0%| F|  |TAMS 0x0000000700c00000, 0x0000000700c00000| Untracked 
| 132|0x0000000701000000, 0x0000000701000000, 0x0000000701400000|  0%| F|  |TAMS 0x0000000701000000, 0x0000000701000000| Untracked 
| 133|0x0000000701400000, 0x00000007017d0450, 0x0000000701800000| 95%| S|CS|TAMS 0x0000000701400000, 0x0000000701400000| Complete 
| 134|0x0000000701800000, 0x0000000701800000, 0x0000000701c00000|  0%| F|  |TAMS 0x0000000701800000, 0x0000000701800000| Untracked 
| 135|0x0000000701c00000, 0x0000000701c00000, 0x0000000702000000|  0%| F|  |TAMS 0x0000000701c00000, 0x0000000701c00000| Untracked 
| 136|0x0000000702000000, 0x0000000702000000, 0x0000000702400000|  0%| F|  |TAMS 0x0000000702000000, 0x0000000702000000| Untracked 
| 137|0x0000000702400000, 0x0000000702400000, 0x0000000702800000|  0%| F|  |TAMS 0x0000000702400000, 0x0000000702400000| Untracked 
| 138|0x0000000702800000, 0x0000000702800000, 0x0000000702c00000|  0%| F|  |TAMS 0x0000000702800000, 0x0000000702800000| Untracked 
| 139|0x0000000702c00000, 0x0000000702c00000, 0x0000000703000000|  0%| F|  |TAMS 0x0000000702c00000, 0x0000000702c00000| Untracked 
| 140|0x0000000703000000, 0x0000000703000000, 0x0000000703400000|  0%| F|  |TAMS 0x0000000703000000, 0x0000000703000000| Untracked 
| 141|0x0000000703400000, 0x0000000703400000, 0x0000000703800000|  0%| F|  |TAMS 0x0000000703400000, 0x0000000703400000| Untracked 
| 142|0x0000000703800000, 0x0000000703800000, 0x0000000703c00000|  0%| F|  |TAMS 0x0000000703800000, 0x0000000703800000| Untracked 
| 143|0x0000000703c00000, 0x0000000703c00000, 0x0000000704000000|  0%| F|  |TAMS 0x0000000703c00000, 0x0000000703c00000| Untracked 
| 144|0x0000000704000000, 0x0000000704000000, 0x0000000704400000|  0%| F|  |TAMS 0x0000000704000000, 0x0000000704000000| Untracked 
| 145|0x0000000704400000, 0x0000000704400000, 0x0000000704800000|  0%| F|  |TAMS 0x0000000704400000, 0x0000000704400000| Untracked 
| 146|0x0000000704800000, 0x0000000704800000, 0x0000000704c00000|  0%| F|  |TAMS 0x0000000704800000, 0x0000000704800000| Untracked 
| 147|0x0000000704c00000, 0x0000000704c00000, 0x0000000705000000|  0%| F|  |TAMS 0x0000000704c00000, 0x0000000704c00000| Untracked 
| 148|0x0000000705000000, 0x0000000705000000, 0x0000000705400000|  0%| F|  |TAMS 0x0000000705000000, 0x0000000705000000| Untracked 
| 149|0x0000000705400000, 0x0000000705400000, 0x0000000705800000|  0%| F|  |TAMS 0x0000000705400000, 0x0000000705400000| Untracked 
| 150|0x0000000705800000, 0x0000000705800000, 0x0000000705c00000|  0%| F|  |TAMS 0x0000000705800000, 0x0000000705800000| Untracked 
| 151|0x0000000705c00000, 0x0000000705c00000, 0x0000000706000000|  0%| F|  |TAMS 0x0000000705c00000, 0x0000000705c00000| Untracked 
| 152|0x0000000706000000, 0x0000000706000000, 0x0000000706400000|  0%| F|  |TAMS 0x0000000706000000, 0x0000000706000000| Untracked 
| 153|0x0000000706400000, 0x0000000706400000, 0x0000000706800000|  0%| F|  |TAMS 0x0000000706400000, 0x0000000706400000| Untracked 
| 154|0x0000000706800000, 0x0000000706800000, 0x0000000706c00000|  0%| F|  |TAMS 0x0000000706800000, 0x0000000706800000| Untracked 
| 155|0x0000000706c00000, 0x0000000706c00000, 0x0000000707000000|  0%| F|  |TAMS 0x0000000706c00000, 0x0000000706c00000| Untracked 
| 156|0x0000000707000000, 0x0000000707000000, 0x0000000707400000|  0%| F|  |TAMS 0x0000000707000000, 0x0000000707000000| Untracked 
| 157|0x0000000707400000, 0x0000000707400000, 0x0000000707800000|  0%| F|  |TAMS 0x0000000707400000, 0x0000000707400000| Untracked 
| 158|0x0000000707800000, 0x0000000707800000, 0x0000000707c00000|  0%| F|  |TAMS 0x0000000707800000, 0x0000000707800000| Untracked 
| 159|0x0000000707c00000, 0x0000000707c00000, 0x0000000708000000|  0%| F|  |TAMS 0x0000000707c00000, 0x0000000707c00000| Untracked 
| 160|0x0000000708000000, 0x0000000708000000, 0x0000000708400000|  0%| F|  |TAMS 0x0000000708000000, 0x0000000708000000| Untracked 
| 161|0x0000000708400000, 0x0000000708400000, 0x0000000708800000|  0%| F|  |TAMS 0x0000000708400000, 0x0000000708400000| Untracked 
| 162|0x0000000708800000, 0x0000000708800000, 0x0000000708c00000|  0%| F|  |TAMS 0x0000000708800000, 0x0000000708800000| Untracked 
| 163|0x0000000708c00000, 0x0000000708c00000, 0x0000000709000000|  0%| F|  |TAMS 0x0000000708c00000, 0x0000000708c00000| Untracked 
| 164|0x0000000709000000, 0x0000000709000000, 0x0000000709400000|  0%| F|  |TAMS 0x0000000709000000, 0x0000000709000000| Untracked 
| 165|0x0000000709400000, 0x0000000709400000, 0x0000000709800000|  0%| F|  |TAMS 0x0000000709400000, 0x0000000709400000| Untracked 
| 166|0x0000000709800000, 0x0000000709800000, 0x0000000709c00000|  0%| F|  |TAMS 0x0000000709800000, 0x0000000709800000| Untracked 
| 167|0x0000000709c00000, 0x0000000709c00000, 0x000000070a000000|  0%| F|  |TAMS 0x0000000709c00000, 0x0000000709c00000| Untracked 
| 168|0x000000070a000000, 0x000000070a000000, 0x000000070a400000|  0%| F|  |TAMS 0x000000070a000000, 0x000000070a000000| Untracked 
| 169|0x000000070a400000, 0x000000070a400000, 0x000000070a800000|  0%| F|  |TAMS 0x000000070a400000, 0x000000070a400000| Untracked 
| 170|0x000000070a800000, 0x000000070a800000, 0x000000070ac00000|  0%| F|  |TAMS 0x000000070a800000, 0x000000070a800000| Untracked 
| 171|0x000000070ac00000, 0x000000070ac00000, 0x000000070b000000|  0%| F|  |TAMS 0x000000070ac00000, 0x000000070ac00000| Untracked 
| 172|0x000000070b000000, 0x000000070b000000, 0x000000070b400000|  0%| F|  |TAMS 0x000000070b000000, 0x000000070b000000| Untracked 
| 173|0x000000070b400000, 0x000000070b400000, 0x000000070b800000|  0%| F|  |TAMS 0x000000070b400000, 0x000000070b400000| Untracked 
| 174|0x000000070b800000, 0x000000070b800000, 0x000000070bc00000|  0%| F|  |TAMS 0x000000070b800000, 0x000000070b800000| Untracked 
| 175|0x000000070bc00000, 0x000000070bc00000, 0x000000070c000000|  0%| F|  |TAMS 0x000000070bc00000, 0x000000070bc00000| Untracked 
| 176|0x000000070c000000, 0x000000070c000000, 0x000000070c400000|  0%| F|  |TAMS 0x000000070c000000, 0x000000070c000000| Untracked 
| 177|0x000000070c400000, 0x000000070c400000, 0x000000070c800000|  0%| F|  |TAMS 0x000000070c400000, 0x000000070c400000| Untracked 
| 178|0x000000070c800000, 0x000000070c800000, 0x000000070cc00000|  0%| F|  |TAMS 0x000000070c800000, 0x000000070c800000| Untracked 
| 179|0x000000070cc00000, 0x000000070cc00000, 0x000000070d000000|  0%| F|  |TAMS 0x000000070cc00000, 0x000000070cc00000| Untracked 
| 180|0x000000070d000000, 0x000000070d000000, 0x000000070d400000|  0%| F|  |TAMS 0x000000070d000000, 0x000000070d000000| Untracked 
| 181|0x000000070d400000, 0x000000070d400000, 0x000000070d800000|  0%| F|  |TAMS 0x000000070d400000, 0x000000070d400000| Untracked 
| 182|0x000000070d800000, 0x000000070d800000, 0x000000070dc00000|  0%| F|  |TAMS 0x000000070d800000, 0x000000070d800000| Untracked 
| 183|0x000000070dc00000, 0x000000070dc00000, 0x000000070e000000|  0%| F|  |TAMS 0x000000070dc00000, 0x000000070dc00000| Untracked 
| 184|0x000000070e000000, 0x000000070e000000, 0x000000070e400000|  0%| F|  |TAMS 0x000000070e000000, 0x000000070e000000| Untracked 
| 185|0x000000070e400000, 0x000000070e400000, 0x000000070e800000|  0%| F|  |TAMS 0x000000070e400000, 0x000000070e400000| Untracked 
| 186|0x000000070e800000, 0x000000070e800000, 0x000000070ec00000|  0%| F|  |TAMS 0x000000070e800000, 0x000000070e800000| Untracked 
| 187|0x000000070ec00000, 0x000000070ec00000, 0x000000070f000000|  0%| F|  |TAMS 0x000000070ec00000, 0x000000070ec00000| Untracked 
| 188|0x000000070f000000, 0x000000070f000000, 0x000000070f400000|  0%| F|  |TAMS 0x000000070f000000, 0x000000070f000000| Untracked 
| 189|0x000000070f400000, 0x000000070f400000, 0x000000070f800000|  0%| F|  |TAMS 0x000000070f400000, 0x000000070f400000| Untracked 
| 190|0x000000070f800000, 0x000000070f800000, 0x000000070fc00000|  0%| F|  |TAMS 0x000000070f800000, 0x000000070f800000| Untracked 
| 191|0x000000070fc00000, 0x000000070fc00000, 0x0000000710000000|  0%| F|  |TAMS 0x000000070fc00000, 0x000000070fc00000| Untracked 
| 192|0x0000000710000000, 0x0000000710000000, 0x0000000710400000|  0%| F|  |TAMS 0x0000000710000000, 0x0000000710000000| Untracked 
| 193|0x0000000710400000, 0x0000000710400000, 0x0000000710800000|  0%| F|  |TAMS 0x0000000710400000, 0x0000000710400000| Untracked 
| 194|0x0000000710800000, 0x0000000710800000, 0x0000000710c00000|  0%| F|  |TAMS 0x0000000710800000, 0x0000000710800000| Untracked 
| 195|0x0000000710c00000, 0x0000000710c00000, 0x0000000711000000|  0%| F|  |TAMS 0x0000000710c00000, 0x0000000710c00000| Untracked 
| 196|0x0000000711000000, 0x0000000711000000, 0x0000000711400000|  0%| F|  |TAMS 0x0000000711000000, 0x0000000711000000| Untracked 
| 197|0x0000000711400000, 0x0000000711400000, 0x0000000711800000|  0%| F|  |TAMS 0x0000000711400000, 0x0000000711400000| Untracked 
| 198|0x0000000711800000, 0x0000000711800000, 0x0000000711c00000|  0%| F|  |TAMS 0x0000000711800000, 0x0000000711800000| Untracked 
| 199|0x0000000711c00000, 0x0000000711c00000, 0x0000000712000000|  0%| F|  |TAMS 0x0000000711c00000, 0x0000000711c00000| Untracked 
| 200|0x0000000712000000, 0x0000000712000000, 0x0000000712400000|  0%| F|  |TAMS 0x0000000712000000, 0x0000000712000000| Untracked 
| 201|0x0000000712400000, 0x0000000712400000, 0x0000000712800000|  0%| F|  |TAMS 0x0000000712400000, 0x0000000712400000| Untracked 
| 202|0x0000000712800000, 0x0000000712800000, 0x0000000712c00000|  0%| F|  |TAMS 0x0000000712800000, 0x0000000712800000| Untracked 
| 203|0x0000000712c00000, 0x0000000712c00000, 0x0000000713000000|  0%| F|  |TAMS 0x0000000712c00000, 0x0000000712c00000| Untracked 
| 204|0x0000000713000000, 0x0000000713000000, 0x0000000713400000|  0%| F|  |TAMS 0x0000000713000000, 0x0000000713000000| Untracked 
| 205|0x0000000713400000, 0x0000000713400000, 0x0000000713800000|  0%| F|  |TAMS 0x0000000713400000, 0x0000000713400000| Untracked 
| 206|0x0000000713800000, 0x0000000713800000, 0x0000000713c00000|  0%| F|  |TAMS 0x0000000713800000, 0x0000000713800000| Untracked 
| 207|0x0000000713c00000, 0x0000000713c00000, 0x0000000714000000|  0%| F|  |TAMS 0x0000000713c00000, 0x0000000713c00000| Untracked 
| 208|0x0000000714000000, 0x0000000714000000, 0x0000000714400000|  0%| F|  |TAMS 0x0000000714000000, 0x0000000714000000| Untracked 
| 209|0x0000000714400000, 0x0000000714400000, 0x0000000714800000|  0%| F|  |TAMS 0x0000000714400000, 0x0000000714400000| Untracked 
| 210|0x0000000714800000, 0x0000000714800000, 0x0000000714c00000|  0%| F|  |TAMS 0x0000000714800000, 0x0000000714800000| Untracked 
| 211|0x0000000714c00000, 0x0000000714c00000, 0x0000000715000000|  0%| F|  |TAMS 0x0000000714c00000, 0x0000000714c00000| Untracked 
| 212|0x0000000715000000, 0x0000000715000000, 0x0000000715400000|  0%| F|  |TAMS 0x0000000715000000, 0x0000000715000000| Untracked 
| 213|0x0000000715400000, 0x0000000715400000, 0x0000000715800000|  0%| F|  |TAMS 0x0000000715400000, 0x0000000715400000| Untracked 
| 214|0x0000000715800000, 0x0000000715800000, 0x0000000715c00000|  0%| F|  |TAMS 0x0000000715800000, 0x0000000715800000| Untracked 
| 215|0x0000000715c00000, 0x0000000715eb79c8, 0x0000000716000000| 67%| E|  |TAMS 0x0000000715c00000, 0x0000000715c00000| Complete 
| 216|0x0000000716000000, 0x0000000716400000, 0x0000000716400000|100%| E|CS|TAMS 0x0000000716000000, 0x0000000716000000| Complete 
| 217|0x0000000716400000, 0x0000000716800000, 0x0000000716800000|100%| E|CS|TAMS 0x0000000716400000, 0x0000000716400000| Complete 
| 218|0x0000000716800000, 0x0000000716c00000, 0x0000000716c00000|100%| E|  |TAMS 0x0000000716800000, 0x0000000716800000| Complete 
| 219|0x0000000716c00000, 0x0000000717000000, 0x0000000717000000|100%| E|CS|TAMS 0x0000000716c00000, 0x0000000716c00000| Complete 

Card table byte_map: [0x0000025448990000,0x0000025449290000] _byte_map_base: 0x0000025445290000

Marking Bits (Prev, Next): (CMBitMap*) 0x000002543183c6b0, (CMBitMap*) 0x000002543183c670
 Prev Bits: [0x000002544e390000, 0x0000025452b90000)
 Next Bits: [0x0000025449b90000, 0x000002544e390000)

Polling page: 0x0000025430fa0000

Metaspace:

Usage:
  Non-class:     86.32 MB used.
      Class:     14.00 MB used.
       Both:    100.32 MB used.

Virtual space:
  Non-class space:      128.00 MB reserved,      86.81 MB ( 68%) committed,  2 nodes.
      Class space:        1.00 GB reserved,      14.50 MB (  1%) committed,  1 nodes.
             Both:        1.12 GB reserved,     101.31 MB (  9%) committed. 

Chunk freelists:
   Non-Class:  8.70 MB
       Class:  1.43 MB
        Both:  10.13 MB

MaxMetaspaceSize: unlimited
CompressedClassSpaceSize: 1.00 GB
Initial GC threshold: 21.00 MB
Current GC threshold: 125.94 MB
CDS: on
MetaspaceReclaimPolicy: balanced
 - commit_granule_bytes: 65536.
 - commit_granule_words: 8192.
 - virtual_space_node_default_size: 8388608.
 - enlarge_chunks_in_place: 1.
 - new_chunks_are_fully_committed: 0.
 - uncommit_free_chunks: 1.
 - use_allocation_guard: 0.
 - handle_deallocations: 1.


Internal statistics:

num_allocs_failed_limit: 6.
num_arena_births: 1324.
num_arena_deaths: 0.
num_vsnodes_births: 3.
num_vsnodes_deaths: 0.
num_space_committed: 1621.
num_space_uncommitted: 0.
num_chunks_returned_to_freelist: 6.
num_chunks_taken_from_freelist: 5671.
num_chunk_merges: 6.
num_chunk_splits: 3697.
num_chunks_enlarged: 2366.
num_inconsistent_stats: 0.

CodeHeap 'non-profiled nmethods': size=120000Kb used=7943Kb max_used=8123Kb free=112056Kb
 bounds [0x0000025440b60000, 0x0000025441370000, 0x0000025448090000]
CodeHeap 'profiled nmethods': size=120000Kb used=22745Kb max_used=23660Kb free=97254Kb
 bounds [0x0000025439090000, 0x000002543a7b0000, 0x00000254405c0000]
CodeHeap 'non-nmethods': size=5760Kb used=2448Kb max_used=2494Kb free=3311Kb
 bounds [0x00000254405c0000, 0x0000025440850000, 0x0000025440b60000]
 total_blobs=12764 nmethods=11775 adapters=900
 compilation: enabled
              stopped_count=0, restarted_count=0
 full_count=0

Compilation events (20 events):
Event: 209.489 Thread 0x00000254961414a0 14122       3       org.codehaus.groovy.runtime.callsite.MetaClassSite::<init> (11 bytes)
Event: 209.489 Thread 0x000002549613f6d0 nmethod 14120 0x00000254410e1810 code [0x00000254410e1980, 0x00000254410e1a38]
Event: 209.490 Thread 0x00000254961414a0 nmethod 14122 0x0000025439b8e610 code [0x0000025439b8e7e0, 0x0000025439b8ed78]
Event: 209.533 Thread 0x000002549613f6d0 14123   !   4       java.lang.reflect.Executable::sharedToGenericString (255 bytes)
Event: 209.544 Thread 0x00000254961414a0 14125       3       java.lang.Class$1::<init> (15 bytes)
Event: 209.544 Thread 0x00000254961414a0 nmethod 14125 0x000002543a40a410 code [0x000002543a40a5c0, 0x000002543a40a7f8]
Event: 209.544 Thread 0x00000254961414a0 14126       3       java.lang.Class$1::run (5 bytes)
Event: 209.547 Thread 0x00000254961414a0 nmethod 14126 0x000002543a4bbf90 code [0x000002543a4bc1a0, 0x000002543a4bc7a8]
Event: 209.547 Thread 0x00000254961414a0 14127       3       java.lang.Class$1::run (10 bytes)
Event: 209.548 Thread 0x00000254961414a0 nmethod 14127 0x0000025439a62a10 code [0x0000025439a62c40, 0x0000025439a633b8]
Event: 209.587 Thread 0x00000254961414a0 14129   !   2       jdk.internal.loader.URLClassPath$JarLoader::getResource (354 bytes)
Event: 209.592 Thread 0x00000254961414a0 nmethod 14129 0x000002543a15e610 code [0x000002543a15e980, 0x000002543a15fae8]
Event: 209.651 Thread 0x00000254961414a0 14130       3       groovyjarjarasm.asm.Type::getTypeInternal (218 bytes)
Event: 209.657 Thread 0x00000254961414a0 nmethod 14130 0x00000254391a3b10 code [0x00000254391a3e40, 0x00000254391a51f8]
Event: 209.657 Thread 0x00000254961414a0 14131       3       groovyjarjarasm.asm.Type::getDescriptor (93 bytes)
Event: 209.658 Thread 0x00000254961414a0 nmethod 14131 0x000002543a172790 code [0x000002543a172a00, 0x000002543a1731a8]
Event: 209.665 Thread 0x00000254961414a0 14132       3       groovyjarjarasm.asm.Frame::pop (42 bytes)
Event: 209.666 Thread 0x00000254961414a0 nmethod 14132 0x000002543a15e190 code [0x000002543a15e340, 0x000002543a15e4f8]
Event: 209.856 Thread 0x00000254961414a0 14133       3       org.codehaus.groovy.reflection.ReflectionUtils$$Lambda$603/0x00000254564bfac8::run (8 bytes)
Event: 209.911 Thread 0x00000254961414a0 nmethod 14133 0x0000025439aa3890 code [0x0000025439aa3ac0, 0x0000025439aa42f8]

GC Heap History (20 events):
Event: 162.130 GC heap before
{Heap before GC invocations=69 (full 0):
 garbage-first heap   total 315392K, used 160647K [0x00000006e0000000, 0x0000000800000000)
  region size 4096K, 14 young (57344K), 1 survivors (4096K)
 Metaspace       used 89818K, committed 90688K, reserved 1179648K
  class space    used 12395K, committed 12864K, reserved 1048576K
}
Event: 162.164 GC heap after
{Heap after GC invocations=70 (full 0):
 garbage-first heap   total 315392K, used 110072K [0x00000006e0000000, 0x0000000800000000)
  region size 4096K, 1 young (4096K), 1 survivors (4096K)
 Metaspace       used 89818K, committed 90688K, reserved 1179648K
  class space    used 12395K, committed 12864K, reserved 1048576K
}
Event: 169.202 GC heap before
{Heap before GC invocations=70 (full 0):
 garbage-first heap   total 315392K, used 167416K [0x00000006e0000000, 0x0000000800000000)
  region size 4096K, 16 young (65536K), 1 survivors (4096K)
 Metaspace       used 92122K, committed 93056K, reserved 1179648K
  class space    used 12714K, committed 13184K, reserved 1048576K
}
Event: 169.541 GC heap after
{Heap after GC invocations=71 (full 0):
 garbage-first heap   total 315392K, used 113557K [0x00000006e0000000, 0x0000000800000000)
  region size 4096K, 2 young (8192K), 2 survivors (8192K)
 Metaspace       used 92122K, committed 93056K, reserved 1179648K
  class space    used 12714K, committed 13184K, reserved 1048576K
}
Event: 171.694 GC heap before
{Heap before GC invocations=71 (full 0):
 garbage-first heap   total 315392K, used 146325K [0x00000006e0000000, 0x0000000800000000)
  region size 4096K, 10 young (40960K), 2 survivors (8192K)
 Metaspace       used 94050K, committed 94912K, reserved 1179648K
  class space    used 13070K, committed 13504K, reserved 1048576K
}
Event: 171.729 GC heap after
{Heap after GC invocations=72 (full 0):
 garbage-first heap   total 315392K, used 114516K [0x00000006e0000000, 0x0000000800000000)
  region size 4096K, 2 young (8192K), 2 survivors (8192K)
 Metaspace       used 94050K, committed 94912K, reserved 1179648K
  class space    used 13070K, committed 13504K, reserved 1048576K
}
Event: 174.977 GC heap before
{Heap before GC invocations=72 (full 0):
 garbage-first heap   total 315392K, used 184148K [0x00000006e0000000, 0x0000000800000000)
  region size 4096K, 19 young (77824K), 2 survivors (8192K)
 Metaspace       used 98251K, committed 99200K, reserved 1179648K
  class space    used 13729K, committed 14208K, reserved 1048576K
}
Event: 175.066 GC heap after
{Heap after GC invocations=73 (full 0):
 garbage-first heap   total 561152K, used 117463K [0x00000006e0000000, 0x0000000800000000)
  region size 4096K, 2 young (8192K), 2 survivors (8192K)
 Metaspace       used 98251K, committed 99200K, reserved 1179648K
  class space    used 13729K, committed 14208K, reserved 1048576K
}
Event: 184.632 GC heap before
{Heap before GC invocations=73 (full 0):
 garbage-first heap   total 561152K, used 187095K [0x00000006e0000000, 0x0000000800000000)
  region size 4096K, 19 young (77824K), 2 survivors (8192K)
 Metaspace       used 101021K, committed 101952K, reserved 1179648K
  class space    used 14074K, committed 14528K, reserved 1048576K
}
Event: 184.722 GC heap after
{Heap after GC invocations=74 (full 0):
 garbage-first heap   total 561152K, used 126184K [0x00000006e0000000, 0x0000000800000000)
  region size 4096K, 3 young (12288K), 3 survivors (12288K)
 Metaspace       used 101021K, committed 101952K, reserved 1179648K
  class space    used 14074K, committed 14528K, reserved 1048576K
}
Event: 185.032 GC heap before
{Heap before GC invocations=74 (full 0):
 garbage-first heap   total 561152K, used 146664K [0x00000006e0000000, 0x0000000800000000)
  region size 4096K, 8 young (32768K), 3 survivors (12288K)
 Metaspace       used 101029K, committed 101952K, reserved 1179648K
  class space    used 14074K, committed 14528K, reserved 1048576K
}
Event: 185.091 GC heap after
{Heap after GC invocations=75 (full 0):
 garbage-first heap   total 561152K, used 127897K [0x00000006e0000000, 0x0000000800000000)
  region size 4096K, 1 young (4096K), 1 survivors (4096K)
 Metaspace       used 101029K, committed 101952K, reserved 1179648K
  class space    used 14074K, committed 14528K, reserved 1048576K
}
Event: 195.874 GC heap before
{Heap before GC invocations=75 (full 0):
 garbage-first heap   total 561152K, used 271257K [0x00000006e0000000, 0x0000000800000000)
  region size 4096K, 37 young (151552K), 1 survivors (4096K)
 Metaspace       used 101577K, committed 102464K, reserved 1179648K
  class space    used 14166K, committed 14592K, reserved 1048576K
}
Event: 196.030 GC heap after
{Heap after GC invocations=76 (full 0):
 garbage-first heap   total 561152K, used 140228K [0x00000006e0000000, 0x0000000800000000)
  region size 4096K, 4 young (16384K), 4 survivors (16384K)
 Metaspace       used 101577K, committed 102464K, reserved 1179648K
  class space    used 14166K, committed 14592K, reserved 1048576K
}
Event: 200.045 GC heap before
{Heap before GC invocations=76 (full 0):
 garbage-first heap   total 561152K, used 152516K [0x00000006e0000000, 0x0000000800000000)
  region size 4096K, 7 young (28672K), 4 survivors (16384K)
 Metaspace       used 101894K, committed 102912K, reserved 1179648K
  class space    used 14213K, committed 14656K, reserved 1048576K
}
Event: 200.158 GC heap after
{Heap after GC invocations=77 (full 0):
 garbage-first heap   total 561152K, used 142150K [0x00000006e0000000, 0x0000000800000000)
  region size 4096K, 1 young (4096K), 1 survivors (4096K)
 Metaspace       used 101894K, committed 102912K, reserved 1179648K
  class space    used 14213K, committed 14656K, reserved 1048576K
}
Event: 207.136 GC heap before
{Heap before GC invocations=77 (full 0):
 garbage-first heap   total 561152K, used 273222K [0x00000006e0000000, 0x0000000800000000)
  region size 4096K, 34 young (139264K), 1 survivors (4096K)
 Metaspace       used 102228K, committed 103232K, reserved 1179648K
  class space    used 14241K, committed 14720K, reserved 1048576K
}
Event: 207.492 GC heap after
{Heap after GC invocations=78 (full 0):
 garbage-first heap   total 561152K, used 149122K [0x00000006e0000000, 0x0000000800000000)
  region size 4096K, 3 young (12288K), 3 survivors (12288K)
 Metaspace       used 102228K, committed 103232K, reserved 1179648K
  class space    used 14241K, committed 14720K, reserved 1048576K
}
Event: 207.995 GC heap before
{Heap before GC invocations=78 (full 0):
 garbage-first heap   total 561152K, used 157314K [0x00000006e0000000, 0x0000000800000000)
  region size 4096K, 6 young (24576K), 3 survivors (12288K)
 Metaspace       used 102266K, committed 103296K, reserved 1179648K
  class space    used 14245K, committed 14720K, reserved 1048576K
}
Event: 208.042 GC heap after
{Heap after GC invocations=79 (full 0):
 garbage-first heap   total 901120K, used 150862K [0x00000006e0000000, 0x0000000800000000)
  region size 4096K, 1 young (4096K), 1 survivors (4096K)
 Metaspace       used 102266K, committed 103296K, reserved 1179648K
  class space    used 14245K, committed 14720K, reserved 1048576K
}

Deoptimization events (20 events):
Event: 205.622 Thread 0x0000025496c69970 Uncommon trap: trap_request=0xffffffd6 fr.pc=0x00000254412f78dc relative=0x000000000000089c
Event: 205.622 Thread 0x0000025496c69970 Uncommon trap: reason=array_check action=maybe_recompile pc=0x00000254412f78dc method=java.util.ComparableTimSort.binarySort([Ljava/lang/Object;III)V @ 193 c2
Event: 205.622 Thread 0x0000025496c69970 DEOPT PACKING pc=0x00000254412f78dc sp=0x000000e05e9f8080
Event: 205.622 Thread 0x0000025496c69970 DEOPT UNPACKING pc=0x00000254406123a3 sp=0x000000e05e9f8020 mode 2
Event: 208.368 Thread 0x0000025496c69970 Uncommon trap: trap_request=0xffffff45 fr.pc=0x00000254411d451c relative=0x00000000000007fc
Event: 208.369 Thread 0x0000025496c69970 Uncommon trap: reason=unstable_if action=reinterpret pc=0x00000254411d451c method=com.sun.beans.introspect.MethodInfo$MethodOrder.compare(Ljava/lang/reflect/Method;Ljava/lang/reflect/Method;)I @ 124 c2
Event: 208.370 Thread 0x0000025496c69970 DEOPT PACKING pc=0x00000254411d451c sp=0x000000e05e9f7bf0
Event: 208.370 Thread 0x0000025496c69970 DEOPT UNPACKING pc=0x00000254406123a3 sp=0x000000e05e9f7b20 mode 2
Event: 208.371 Thread 0x0000025496c69970 Uncommon trap: trap_request=0xffffff45 fr.pc=0x00000254411d2b38 relative=0x00000000000007b8
Event: 208.371 Thread 0x0000025496c69970 Uncommon trap: reason=unstable_if action=reinterpret pc=0x00000254411d2b38 method=com.sun.beans.introspect.MethodInfo$MethodOrder.compare(Ljava/lang/reflect/Method;Ljava/lang/reflect/Method;)I @ 124 c2
Event: 208.371 Thread 0x0000025496c69970 DEOPT PACKING pc=0x00000254411d2b38 sp=0x000000e05e9f7b60
Event: 208.371 Thread 0x0000025496c69970 DEOPT UNPACKING pc=0x00000254406123a3 sp=0x000000e05e9f7b18 mode 2
Event: 208.371 Thread 0x0000025496c69970 Uncommon trap: trap_request=0xffffff45 fr.pc=0x00000254411ca640 relative=0x0000000000005c40
Event: 208.373 Thread 0x0000025496c69970 Uncommon trap: reason=unstable_if action=reinterpret pc=0x00000254411ca640 method=java.lang.reflect.Method.isDefault()Z @ 19 c2
Event: 208.373 Thread 0x0000025496c69970 DEOPT PACKING pc=0x00000254411ca640 sp=0x000000e05e9f7c50
Event: 208.373 Thread 0x0000025496c69970 DEOPT UNPACKING pc=0x00000254406123a3 sp=0x000000e05e9f7bd8 mode 2
Event: 209.560 Thread 0x0000025496c69970 Uncommon trap: trap_request=0xfffffff4 fr.pc=0x0000025440d806ec relative=0x0000000000002d6c
Event: 209.561 Thread 0x0000025496c69970 Uncommon trap: reason=null_check action=make_not_entrant pc=0x0000025440d806ec method=jdk.internal.loader.URLClassPath$JarLoader.getResource(Ljava/lang/String;ZLjava/util/Set;)Ljdk/internal/loader/Resource; @ 92 c2
Event: 209.562 Thread 0x0000025496c69970 DEOPT PACKING pc=0x0000025440d806ec sp=0x000000e05e9eebd0
Event: 209.563 Thread 0x0000025496c69970 DEOPT UNPACKING pc=0x00000254406123a3 sp=0x000000e05e9eeb98 mode 2

Classes unloaded (0 events):
No events

Classes redefined (0 events):
No events

Internal exceptions (20 events):
Event: 209.433 Thread 0x0000025496c69970 Exception <a 'java/lang/ClassNotFoundException'{0x000000071628f050}: com/android/build/gradle/internal/dsl/PrefabImplBeanInfo> (0x000000071628f050) 
thrown [s\open\src\hotspot\share\classfile\systemDictionary.cpp, line 256]
Event: 209.435 Thread 0x0000025496c69970 Exception <a 'java/lang/ClassNotFoundException'{0x00000007162a10f0}: com/android/build/gradle/internal/dsl/PrefabImplCustomizer> (0x00000007162a10f0) 
thrown [s\open\src\hotspot\share\classfile\systemDictionary.cpp, line 256]
Event: 209.443 Thread 0x0000025496c69970 Exception <a 'java/lang/ClassNotFoundException'{0x00000007162ba818}: com/android/build/gradle/internal/dsl/PrefabImpl_DecoratedCustomizer> (0x00000007162ba818) 
thrown [s\open\src\hotspot\share\classfile\systemDictionary.cpp, line 256]
Event: 209.472 Thread 0x0000025496c69970 Exception <a 'java/lang/ClassNotFoundException'{0x0000000716317ea8}: build_379xjcvmijjg0wshreg13mvi8$_run_closure4BeanInfo> (0x0000000716317ea8) 
thrown [s\open\src\hotspot\share\classfile\systemDictionary.cpp, line 256]
Event: 209.474 Thread 0x0000025496c69970 Exception <a 'java/lang/ClassNotFoundException'{0x0000000716325820}: build_379xjcvmijjg0wshreg13mvi8$_run_closure4Customizer> (0x0000000716325820) 
thrown [s\open\src\hotspot\share\classfile\systemDictionary.cpp, line 256]
Event: 209.511 Thread 0x0000025496c69970 Exception <a 'java/lang/ClassNotFoundException'{0x00000007163927b0}: com/android/build/gradle/internal/dsl/ExternalNativeBuildOptions_DecoratedBeanInfo> (0x00000007163927b0) 
thrown [s\open\src\hotspot\share\classfile\systemDictionary.cpp, line 256]
Event: 209.514 Thread 0x0000025496c69970 Exception <a 'java/lang/ClassNotFoundException'{0x00000007163a6630}: com/android/build/gradle/internal/dsl/ExternalNativeBuildOptionsBeanInfo> (0x00000007163a6630) 
thrown [s\open\src\hotspot\share\classfile\systemDictionary.cpp, line 256]
Event: 209.516 Thread 0x0000025496c69970 Exception <a 'java/lang/ClassNotFoundException'{0x00000007163bab08}: com/android/build/gradle/internal/dsl/ExternalNativeBuildOptionsCustomizer> (0x00000007163bab08) 
thrown [s\open\src\hotspot\share\classfile\systemDictionary.cpp, line 256]
Event: 209.519 Thread 0x0000025496c69970 Exception <a 'java/lang/ClassNotFoundException'{0x00000007163df710}: com/android/build/gradle/internal/dsl/ExternalNativeBuildOptions_DecoratedCustomizer> (0x00000007163df710) 
thrown [s\open\src\hotspot\share\classfile\systemDictionary.cpp, line 256]
Event: 209.527 Thread 0x0000025496c69970 Exception <a 'java/lang/ClassNotFoundException'{0x0000000715c36f48}: com/android/build/gradle/internal/dsl/ExternalNativeCmakeOptions_DecoratedBeanInfo> (0x0000000715c36f48) 
thrown [s\open\src\hotspot\share\classfile\systemDictionary.cpp, line 256]
Event: 209.528 Thread 0x0000025496c69970 Exception <a 'java/lang/ClassNotFoundException'{0x0000000715c4c858}: com/android/build/gradle/internal/dsl/ExternalNativeCmakeOptionsBeanInfo> (0x0000000715c4c858) 
thrown [s\open\src\hotspot\share\classfile\systemDictionary.cpp, line 256]
Event: 209.530 Thread 0x0000025496c69970 Exception <a 'java/lang/ClassNotFoundException'{0x0000000715c62190}: com/android/build/gradle/internal/dsl/ExternalNativeCmakeOptionsCustomizer> (0x0000000715c62190) 
thrown [s\open\src\hotspot\share\classfile\systemDictionary.cpp, line 256]
Event: 209.533 Thread 0x0000025496c69970 Exception <a 'java/lang/ClassNotFoundException'{0x0000000715c8bd28}: com/android/build/gradle/internal/dsl/ExternalNativeCmakeOptions_DecoratedCustomizer> (0x0000000715c8bd28) 
thrown [s\open\src\hotspot\share\classfile\systemDictionary.cpp, line 256]
Event: 209.537 Thread 0x0000025496c69970 Exception <a 'java/lang/ClassNotFoundException'{0x0000000715cd9e80}: build_379xjcvmijjg0wshreg13mvi8$_run_closure4$_closure25$_closure37BeanInfo> (0x0000000715cd9e80) 
thrown [s\open\src\hotspot\share\classfile\systemDictionary.cpp, line 256]
Event: 209.541 Thread 0x0000025496c69970 Exception <a 'java/lang/ClassNotFoundException'{0x0000000715ceaa90}: build_379xjcvmijjg0wshreg13mvi8$_run_closure4$_closure25$_closure37Customizer> (0x0000000715ceaa90) 
thrown [s\open\src\hotspot\share\classfile\systemDictionary.cpp, line 256]
Event: 209.551 Thread 0x0000025496c69970 Exception <a 'java/lang/ClassNotFoundException'{0x0000000715d242d8}: build_379xjcvmijjg0wshreg13mvi8$_run_closure4$_closure25BeanInfo> (0x0000000715d242d8) 
thrown [s\open\src\hotspot\share\classfile\systemDictionary.cpp, line 256]
Event: 209.552 Thread 0x0000025496c69970 Exception <a 'java/lang/ClassNotFoundException'{0x0000000715d34d80}: build_379xjcvmijjg0wshreg13mvi8$_run_closure4$_closure25Customizer> (0x0000000715d34d80) 
thrown [s\open\src\hotspot\share\classfile\systemDictionary.cpp, line 256]
Event: 209.560 Thread 0x0000025496c69970 Implicit null exception at 0x0000025440d7dc2c to 0x0000025440d806a0
Event: 209.587 Thread 0x0000025496c69970 Exception <a 'java/lang/ClassNotFoundException'{0x0000000715d91a90}: org/apache/tools/ant/taskdefs/condition/OsBeanInfo> (0x0000000715d91a90) 
thrown [s\open\src\hotspot\share\classfile\systemDictionary.cpp, line 256]
Event: 209.593 Thread 0x0000025496c69970 Exception <a 'java/lang/ClassNotFoundException'{0x0000000715dc9fb8}: org/apache/tools/ant/taskdefs/condition/OsCustomizer> (0x0000000715dc9fb8) 
thrown [s\open\src\hotspot\share\classfile\systemDictionary.cpp, line 256]

VM Operations (20 events):
Event: 201.170 Executing VM operation: Cleanup
Event: 201.171 Executing VM operation: Cleanup done
Event: 202.174 Executing VM operation: Cleanup
Event: 202.236 Executing VM operation: Cleanup done
Event: 204.240 Executing VM operation: Cleanup
Event: 204.255 Executing VM operation: Cleanup done
Event: 205.258 Executing VM operation: Cleanup
Event: 205.259 Executing VM operation: Cleanup done
Event: 206.269 Executing VM operation: Cleanup
Event: 206.274 Executing VM operation: Cleanup done
Event: 207.131 Executing VM operation: G1CollectForAllocation
Event: 207.494 Executing VM operation: G1CollectForAllocation done
Event: 207.995 Executing VM operation: G1CollectForAllocation
Event: 208.042 Executing VM operation: G1CollectForAllocation done
Event: 209.049 Executing VM operation: Cleanup
Event: 209.111 Executing VM operation: Cleanup done
Event: 209.111 Executing VM operation: HandshakeAllThreads
Event: 209.111 Executing VM operation: HandshakeAllThreads done
Event: 209.174 Executing VM operation: HandshakeAllThreads
Event: 209.174 Executing VM operation: HandshakeAllThreads done

Events (20 events):
Event: 199.987 loading class java/util/HashMapBeanInfo
Event: 199.988 loading class java/util/HashMapBeanInfo done
Event: 199.990 loading class java/util/HashMapBeanInfo
Event: 199.990 loading class java/util/HashMapBeanInfo done
Event: 199.990 loading class java/util/HashMapCustomizer
Event: 199.990 loading class java/util/HashMapCustomizer done
Event: 199.991 loading class java/util/HashMapCustomizer
Event: 199.991 loading class java/util/HashMapCustomizer done
Event: 208.467 loading class java/nio/file/PathsBeanInfo
Event: 208.468 loading class java/nio/file/PathsBeanInfo done
Event: 208.471 loading class java/nio/file/PathsBeanInfo
Event: 208.471 loading class java/nio/file/PathsBeanInfo done
Event: 208.472 loading class java/nio/file/PathsCustomizer
Event: 208.474 loading class java/nio/file/PathsCustomizer done
Event: 208.475 loading class java/nio/file/PathsCustomizer
Event: 208.475 loading class java/nio/file/PathsCustomizer done
Event: 209.564 loading class jdk/internal/loader/URLClassPath$JarLoader$3
Event: 209.566 loading class jdk/internal/loader/URLClassPath$JarLoader$3 done
Event: 209.884 loading class jdk/internal/reflect/UnsafeQualifiedStaticCharacterFieldAccessorImpl
Event: 210.022 loading class jdk/internal/reflect/UnsafeQualifiedStaticCharacterFieldAccessorImpl done


Dynamic libraries:
0x00007ff6761a0000 - 0x00007ff6761b0000 	C:\Program Files\Java\jdk-17\bin\java.exe
0x00007ffb60130000 - 0x00007ffb60328000 	C:\WINDOWS\SYSTEM32\ntdll.dll
0x00007ffb5e160000 - 0x00007ffb5e21d000 	C:\WINDOWS\System32\KERNEL32.DLL
0x00007ffb5daa0000 - 0x00007ffb5dd96000 	C:\WINDOWS\System32\KERNELBASE.dll
0x00007ffb5d9a0000 - 0x00007ffb5daa0000 	C:\WINDOWS\System32\ucrtbase.dll
0x00007ffb56740000 - 0x00007ffb56759000 	C:\Program Files\Java\jdk-17\bin\jli.dll
0x00007ffb5e7f0000 - 0x00007ffb5e8a0000 	C:\WINDOWS\System32\ADVAPI32.dll
0x00007ffb5fa70000 - 0x00007ffb5fb0e000 	C:\WINDOWS\System32\msvcrt.dll
0x00007ffb5fc60000 - 0x00007ffb5fd00000 	C:\WINDOWS\System32\sechost.dll
0x00007ffb56760000 - 0x00007ffb5677b000 	C:\Program Files\Java\jdk-17\bin\VCRUNTIME140.dll
0x00007ffb5e220000 - 0x00007ffb5e343000 	C:\WINDOWS\System32\RPCRT4.dll
0x00007ffb5dfd0000 - 0x00007ffb5dff7000 	C:\WINDOWS\System32\bcrypt.dll
0x00007ffb5fd00000 - 0x00007ffb5fe9f000 	C:\WINDOWS\System32\USER32.dll
0x00007ffb5df30000 - 0x00007ffb5df52000 	C:\WINDOWS\System32\win32u.dll
0x00007ffb5e750000 - 0x00007ffb5e77b000 	C:\WINDOWS\System32\GDI32.dll
0x00007ffb4a390000 - 0x00007ffb4a62a000 	C:\WINDOWS\WinSxS\amd64_microsoft.windows.common-controls_6595b64144ccf1df_6.0.19041.4355_none_60b8b9eb71f62e16\COMCTL32.dll
0x00007ffb5d880000 - 0x00007ffb5d997000 	C:\WINDOWS\System32\gdi32full.dll
0x00007ffb5d7e0000 - 0x00007ffb5d87d000 	C:\WINDOWS\System32\msvcp_win.dll
0x00007ffb4d100000 - 0x00007ffb4d10a000 	C:\WINDOWS\SYSTEM32\VERSION.dll
0x00007ffb5e710000 - 0x00007ffb5e742000 	C:\WINDOWS\System32\IMM32.DLL
0x00007ffb57b60000 - 0x00007ffb57b6c000 	C:\Program Files\Java\jdk-17\bin\vcruntime140_1.dll
0x00007ffb52480000 - 0x00007ffb5250e000 	C:\Program Files\Java\jdk-17\bin\msvcp140.dll
0x00007ffb19100000 - 0x00007ffb19ce0000 	C:\Program Files\Java\jdk-17\bin\server\jvm.dll
0x00007ffb5ead0000 - 0x00007ffb5ead8000 	C:\WINDOWS\System32\PSAPI.DLL
0x00007ffb59100000 - 0x00007ffb59109000 	C:\WINDOWS\SYSTEM32\WSOCK32.dll
0x00007ffb5fb10000 - 0x00007ffb5fb7b000 	C:\WINDOWS\System32\WS2_32.dll
0x00007ffb4bfa0000 - 0x00007ffb4bfc7000 	C:\WINDOWS\SYSTEM32\WINMM.dll
0x00007ffb5b840000 - 0x00007ffb5b852000 	C:\WINDOWS\SYSTEM32\kernel.appcore.dll
0x00007ffb57690000 - 0x00007ffb5769a000 	C:\Program Files\Java\jdk-17\bin\jimage.dll
0x00007ffb46990000 - 0x00007ffb46b74000 	C:\WINDOWS\SYSTEM32\DBGHELP.DLL
0x00007ffb46170000 - 0x00007ffb461a4000 	C:\WINDOWS\SYSTEM32\dbgcore.DLL
0x00007ffb5ddf0000 - 0x00007ffb5de72000 	C:\WINDOWS\System32\bcryptPrimitives.dll
0x00007ffb52300000 - 0x00007ffb5230e000 	C:\Program Files\Java\jdk-17\bin\instrument.dll
0x00007ffb56710000 - 0x00007ffb56735000 	C:\Program Files\Java\jdk-17\bin\java.dll
0x00007ffb523a0000 - 0x00007ffb52477000 	C:\Program Files\Java\jdk-17\bin\jsvml.dll
0x00007ffb5ef60000 - 0x00007ffb5f6cb000 	C:\WINDOWS\System32\SHELL32.dll
0x00007ffb5b860000 - 0x00007ffb5bffd000 	C:\WINDOWS\SYSTEM32\windows.storage.dll
0x00007ffb5e350000 - 0x00007ffb5e6a3000 	C:\WINDOWS\System32\combase.dll
0x00007ffb5d130000 - 0x00007ffb5d15e000 	C:\WINDOWS\SYSTEM32\Wldp.dll
0x00007ffb5e970000 - 0x00007ffb5ea3d000 	C:\WINDOWS\System32\OLEAUT32.dll
0x00007ffb5e8a0000 - 0x00007ffb5e94d000 	C:\WINDOWS\System32\SHCORE.dll
0x00007ffb5f9b0000 - 0x00007ffb5fa05000 	C:\WINDOWS\System32\shlwapi.dll
0x00007ffb5d710000 - 0x00007ffb5d734000 	C:\WINDOWS\SYSTEM32\profapi.dll
0x00007ffb52360000 - 0x00007ffb52378000 	C:\Program Files\Java\jdk-17\bin\zip.dll
0x00007ffb566f0000 - 0x00007ffb56709000 	C:\Program Files\Java\jdk-17\bin\net.dll
0x00007ffb52f00000 - 0x00007ffb5300a000 	C:\WINDOWS\SYSTEM32\WINHTTP.dll
0x00007ffb5ce90000 - 0x00007ffb5cefa000 	C:\WINDOWS\system32\mswsock.dll
0x00007ffb52380000 - 0x00007ffb52396000 	C:\Program Files\Java\jdk-17\bin\nio.dll
0x00007ffb566e0000 - 0x00007ffb566f0000 	C:\Program Files\Java\jdk-17\bin\verify.dll
0x00007ffb52330000 - 0x00007ffb52357000 	C:\Users\ZIDANE\.gradle\native\c067742578af261105cb4f569cf0c3c89f3d7b1fecec35dd04571415982c5e48\windows-amd64\native-platform.dll
0x00007ffb2e3d0000 - 0x00007ffb2e514000 	C:\Users\ZIDANE\.gradle\native\100fb08df4bc3b14c8652ba06237920a3bd2aa13389f12d3474272988ae205f9\windows-amd64\native-platform-file-events.dll
0x00007ffb52320000 - 0x00007ffb5232a000 	C:\Program Files\Java\jdk-17\bin\management.dll
0x00007ffb52310000 - 0x00007ffb5231b000 	C:\Program Files\Java\jdk-17\bin\management_ext.dll
0x00007ffb5d080000 - 0x00007ffb5d098000 	C:\WINDOWS\SYSTEM32\CRYPTSP.dll
0x00007ffb5c7b0000 - 0x00007ffb5c7e4000 	C:\WINDOWS\system32\rsaenh.dll
0x00007ffb5d680000 - 0x00007ffb5d6ae000 	C:\WINDOWS\SYSTEM32\USERENV.dll
0x00007ffb5d0a0000 - 0x00007ffb5d0ac000 	C:\WINDOWS\SYSTEM32\CRYPTBASE.dll
0x00007ffb5cb70000 - 0x00007ffb5cbab000 	C:\WINDOWS\SYSTEM32\IPHLPAPI.DLL
0x00007ffb5eae0000 - 0x00007ffb5eae8000 	C:\WINDOWS\System32\NSI.dll
0x00007ffb52d80000 - 0x00007ffb52d97000 	C:\WINDOWS\SYSTEM32\dhcpcsvc6.DLL
0x00007ffb54290000 - 0x00007ffb542ad000 	C:\WINDOWS\SYSTEM32\dhcpcsvc.DLL
0x00007ffb5cbb0000 - 0x00007ffb5cc7b000 	C:\WINDOWS\SYSTEM32\DNSAPI.dll
0x00007ffb522f0000 - 0x00007ffb522fe000 	C:\Program Files\Java\jdk-17\bin\sunmscapi.dll
0x00007ffb5e000000 - 0x00007ffb5e15e000 	C:\WINDOWS\System32\CRYPT32.dll
0x00007ffb5d1a0000 - 0x00007ffb5d1c9000 	C:\WINDOWS\SYSTEM32\ncrypt.dll
0x00007ffb5d160000 - 0x00007ffb5d19b000 	C:\WINDOWS\SYSTEM32\NTASN1.dll
0x00007ffb569e0000 - 0x00007ffb569e7000 	C:\WINDOWS\system32\wshunix.dll
0x0000000069150000 - 0x0000000069176000 	C:\Program Files\Bonjour\mdnsNSP.dll
0x00007ffb4fae0000 - 0x00007ffb4faea000 	C:\Windows\System32\rasadhlp.dll
0x00007ffb4f6b0000 - 0x00007ffb4f730000 	C:\WINDOWS\System32\fwpuclnt.dll
0x00007ffb53030000 - 0x00007ffb53047000 	C:\WINDOWS\system32\napinsp.dll
0x00007ffb4d7b0000 - 0x00007ffb4d7cb000 	C:\WINDOWS\system32\pnrpnsp.dll
0x00007ffb590e0000 - 0x00007ffb590fd000 	C:\WINDOWS\system32\NLAapi.dll
0x00007ffb4a110000 - 0x00007ffb4a122000 	C:\WINDOWS\System32\winrnr.dll
0x00007ffb3ccc0000 - 0x00007ffb3ccd5000 	C:\WINDOWS\system32\wshbth.dll
0x00007ffb5afa0000 - 0x00007ffb5b030000 	C:\WINDOWS\system32\apphelp.dll

dbghelp: loaded successfully - version: 4.0.5 - missing functions: none
symbol engine: initialized successfully - sym options: 0x614 - pdb path: .;C:\Program Files\Java\jdk-17\bin;C:\WINDOWS\SYSTEM32;C:\WINDOWS\WinSxS\amd64_microsoft.windows.common-controls_6595b64144ccf1df_6.0.19041.4355_none_60b8b9eb71f62e16;C:\Program Files\Java\jdk-17\bin\server;C:\Users\ZIDANE\.gradle\native\c067742578af261105cb4f569cf0c3c89f3d7b1fecec35dd04571415982c5e48\windows-amd64;C:\Users\ZIDANE\.gradle\native\100fb08df4bc3b14c8652ba06237920a3bd2aa13389f12d3474272988ae205f9\windows-amd64;C:\Program Files\Bonjour

VM Arguments:
jvm_args: --add-opens=java.base/java.util=ALL-UNNAMED --add-opens=java.base/java.lang=ALL-UNNAMED --add-opens=java.base/java.lang.invoke=ALL-UNNAMED --add-opens=java.prefs/java.util.prefs=ALL-UNNAMED --add-opens=java.base/java.nio.charset=ALL-UNNAMED --add-opens=java.base/java.net=ALL-UNNAMED --add-opens=java.base/java.util.concurrent.atomic=ALL-UNNAMED -Xmx4608m -Dfile.encoding=windows-1252 -Duser.country=FR -Duser.language=fr -Duser.variant -javaagent:C:\Users\ZIDANE\.gradle\wrapper\dists\gradle-8.8-bin\dl7vupf4psengwqhwktix4v1\gradle-8.8\lib\agents\gradle-instrumentation-agent-8.8.jar 
java_command: org.gradle.launcher.daemon.bootstrap.GradleDaemon 8.8
java_class_path (initial): C:\Users\ZIDANE\.gradle\wrapper\dists\gradle-8.8-bin\dl7vupf4psengwqhwktix4v1\gradle-8.8\lib\gradle-launcher-8.8.jar
Launcher Type: SUN_STANDARD

[Global flags]
     intx CICompilerCount                          = 3                                         {product} {ergonomic}
     uint ConcGCThreads                            = 1                                         {product} {ergonomic}
     uint G1ConcRefinementThreads                  = 4                                         {product} {ergonomic}
   size_t G1HeapRegionSize                         = 4194304                                   {product} {ergonomic}
    uintx GCDrainStackTargetSize                   = 64                                        {product} {ergonomic}
   size_t InitialHeapSize                          = 67108864                                  {product} {ergonomic}
   size_t MarkStackSize                            = 4194304                                   {product} {ergonomic}
   size_t MaxHeapSize                              = 4831838208                                {product} {command line}
   size_t MaxNewSize                               = 2898264064                                {product} {ergonomic}
   size_t MinHeapDeltaBytes                        = 4194304                                   {product} {ergonomic}
   size_t MinHeapSize                              = 8388608                                   {product} {ergonomic}
    uintx NonNMethodCodeHeapSize                   = 5832780                                {pd product} {ergonomic}
    uintx NonProfiledCodeHeapSize                  = 122912730                              {pd product} {ergonomic}
    uintx ProfiledCodeHeapSize                     = 122912730                              {pd product} {ergonomic}
    uintx ReservedCodeCacheSize                    = 251658240                              {pd product} {ergonomic}
     bool SegmentedCodeCache                       = true                                      {product} {ergonomic}
   size_t SoftMaxHeapSize                          = 4831838208                             {manageable} {ergonomic}
     bool UseCompressedClassPointers               = true                           {product lp64_product} {ergonomic}
     bool UseCompressedOops                        = true                           {product lp64_product} {ergonomic}
     bool UseG1GC                                  = true                                      {product} {ergonomic}
     bool UseLargePagesIndividualAllocation        = false                                  {pd product} {ergonomic}

Logging:
Log output configuration:
 #0: stdout all=warning uptime,level,tags
 #1: stderr all=off uptime,level,tags

Environment Variables:
JAVA_HOME=C:\Program Files\Java\jdk-17
CLASSPATH=C:\Users\ZIDANE\houseApp\android\\gradle\wrapper\gradle-wrapper.jar
PATH=C:\Users\ZIDANE\houseApp\node_modules\.bin;C:\Users\ZIDANE\node_modules\.bin;C:\Users\node_modules\.bin;C:\node_modules\.bin;C:\Program Files\nodejs\node_modules\npm\node_modules\@npmcli\run-script\lib\node-gyp-bin;C:\Program Files\Common Files\Oracle\Java\javapath;C:\Program Files (x86)\Common Files\Oracle\Java\java8path;C:\Program Files (x86)\Common Files\Oracle\Java\javapath;C:\Program Files\Java\jdk-17\bin;C:\WINDOWS\system32;C:\WINDOWS;C:\WINDOWS\System32\Wbem;C:\WINDOWS\System32\WindowsPowerShell\v1.0\;C:\WINDOWS\System32\OpenSSH\;C:\Program Files\nodejs\;C:\Program Files\Git\cmd;choco;C:\ProgramData\chocolatey\bin;STM32CubeProgrammer path\bin;C:\Program Files\php-8.3.6;C:\Program Files\Java\jdk-17\bin;C:\WINDOWS\system32;C:\WINDOWS;C:\WINDOWS\System32\Wbem;C:\WINDOWS\System32\WindowsPowerShell\v1.0\;C:\WINDOWS\System32\OpenSSH\;C:\Program Files\nodejs\;C:\Program Files\Git\cmd;choco;C:\ProgramData\chocolatey\bin;STM32CubeProgrammer path\bin;C:\Program Files\php-8.3.6;C:\Users\ZIDANE\AppData\Local\Android\Sdk\tools;C:\Users\ZIDANE\AppData\Local\Microsoft\WindowsApps;C:\Users\ZIDANE\AppData\Local\Programs\Microsoft VS Code\bin;C:\Users\ZIDANE\AppData\Roaming\npm;C:\Users\ZIDANE\AppData\Local\Android\Sdk\platform-tools;C:\flutter\flutter\bin;C:\Program Files\Java\jdk-17\bin;
USERNAME=ZIDANE
OS=Windows_NT
PROCESSOR_IDENTIFIER=Intel64 Family 6 Model 58 Stepping 9, GenuineIntel



---------------  S Y S T E M  ---------------

OS:
 Windows 10 , 64 bit Build 19041 (10.0.19041.3636)
OS uptime: 3 days 12:52 hours

CPU: total 4 (initial active 4) (2 cores per cpu, 2 threads per core) family 6 model 58 stepping 9 microcode 0x21, cx8, cmov, fxsr, ht, mmx, sse, sse2, sse3, ssse3, sse4.1, sse4.2, popcnt, tsc, tscinvbit, avx, aes, erms, clmul, vzeroupper, clflush

Memory: 4k page, system-wide physical 3999M (194M free)
TotalPageFile size 16287M (AvailPageFile size 3M)
current process WorkingSet (physical memory assigned to process): 277M, peak: 354M
current process commit charge ("private bytes"): 1220M, peak: 1223M

vm_info: Java HotSpot(TM) 64-Bit Server VM (17.0.12+8-LTS-286) for windows-amd64 JRE (17.0.12+8-LTS-286), built on Jun  5 2024 06:46:59 by "mach5one" with MS VC++ 17.6 (VS2022)

END.
