#
# There is insufficient memory for the Java Runtime Environment to continue.
# Native memory allocation (mmap) failed to map 67108864 bytes for G1 virtual space
# Possible reasons:
#   The system is out of physical RAM or swap space
#   The process is running with CompressedOops enabled, and the Java Heap may be blocking the growth of the native heap
# Possible solutions:
#   Reduce memory load on the system
#   Increase physical memory or swap space
#   Check if swap backing store is full
#   Decrease Java heap size (-Xmx/-Xms)
#   Decrease number of Java threads
#   Decrease Java thread stack sizes (-Xss)
#   Set larger code cache with -XX:ReservedCodeCacheSize=
#   JVM is running with Unscaled Compressed Oops mode in which the Java heap is
#     placed in the first 4GB address space. The Java Heap base address is the
#     maximum limit for the native heap growth. Please use -XX:HeapBaseMinAddress
#     to set the Java Heap base and to place the Java Heap above 4GB virtual address.
# This output file may be truncated or incomplete.
#
#  Out of Memory Error (os_windows.cpp:3548), pid=14896, tid=14856
#
# JRE version:  (17.0.12+8) (build )
# Java VM: Java HotSpot(TM) 64-Bit Server VM (17.0.12+8-LTS-286, mixed mode, sharing, tiered, compressed oops, compressed class ptrs, g1 gc, windows-amd64)
# No core dump will be written. Minidumps are not enabled by default on client versions of Windows
#

---------------  S U M M A R Y ------------

Command Line: -Xmx64m -Xms64m -Dorg.gradle.appname=gradlew org.gradle.wrapper.GradleWrapperMain app:installDebug -PreactNativeDevServerPort=8081

Host: Intel(R) Core(TM) i5-3320M CPU @ 2.60GHz, 4 cores, 3G,  Windows 10 , 64 bit Build 19041 (10.0.19041.3636)
Time: Fri Aug 23 00:59:01 2024 Afr. centrale Ouest elapsed time: 0.021643 seconds (0d 0h 0m 0s)

---------------  T H R E A D  ---------------

Current thread (0x0000019dd9387f50):  JavaThread "Unknown thread" [_thread_in_vm, id=14856, stack(0x0000001a5fd00000,0x0000001a5fe00000)]

Stack: [0x0000001a5fd00000,0x0000001a5fe00000]
Native frames: (J=compiled Java code, j=interpreted, Vv=VM code, C=native code)
V  [jvm.dll+0x67a04a]
V  [jvm.dll+0x7da4ed]
V  [jvm.dll+0x7dbe33]
V  [jvm.dll+0x7dc4a3]
V  [jvm.dll+0x24508f]
V  [jvm.dll+0x677089]
V  [jvm.dll+0x66bd32]
V  [jvm.dll+0x301fa6]
V  [jvm.dll+0x309546]
V  [jvm.dll+0x359d2e]
V  [jvm.dll+0x359f5f]
V  [jvm.dll+0x2d9078]
V  [jvm.dll+0x2d9fe4]
V  [jvm.dll+0x7aca21]
V  [jvm.dll+0x367591]
V  [jvm.dll+0x78b999]
V  [jvm.dll+0x3ec83f]
V  [jvm.dll+0x3ee471]
C  [jli.dll+0x5297]
C  [ucrtbase.dll+0x21bb2]
C  [KERNEL32.DLL+0x17344]
C  [ntdll.dll+0x526b1]


---------------  P R O C E S S  ---------------

Threads class SMR info:
_java_thread_list=0x00007ffd78cf7a18, length=0, elements={
}

Java Threads: ( => current thread )

Other Threads:
  0x0000019dd93a76a0 GCTaskThread "GC Thread#0" [stack: 0x0000001a5fe00000,0x0000001a5ff00000] [id=13076]
  0x0000019dd93a8df0 ConcurrentGCThread "G1 Main Marker" [stack: 0x0000001a5ff00000,0x0000001a60000000] [id=6120]
  0x0000019dd93aa810 ConcurrentGCThread "G1 Conc#0" [stack: 0x0000001a60000000,0x0000001a60100000] [id=3704]

[error occurred during error reporting (printing all threads), id 0xc0000005, EXCEPTION_ACCESS_VIOLATION (0xc0000005) at pc=0x00007ffd78529b67]

VM state: not at safepoint (not fully initialized)

VM Mutex/Monitor currently owned by a thread:  ([mutex/lock_event])
[0x0000019dd9384530] Heap_lock - owner thread: 0x0000019dd9387f50

Heap address: 0x00000000fc000000, size: 64 MB, Compressed Oops mode: 32-bit

CDS archive(s) mapped at: [0x0000000000000000-0x0000000000000000-0x0000000000000000), size 0, SharedBaseAddress: 0x0000000800000000, ArchiveRelocationMode: 1.
Narrow klass base: 0x0000000000000000, Narrow klass shift: 0, Narrow klass range: 0x0

GC Precious Log:
<Empty>

Heap:
 garbage-first heap   total 0K, used 0K [0x00000000fc000000, 0x0000000100000000)
  region size 1024K, 0 young (0K), 0 survivors (0K)

[error occurred during error reporting (printing heap information), id 0xc0000005, EXCEPTION_ACCESS_VIOLATION (0xc0000005) at pc=0x00007ffd78913859]

GC Heap History (0 events):
No events

Deoptimization events (0 events):
No events

Classes unloaded (0 events):
No events

Classes redefined (0 events):
No events

Internal exceptions (0 events):
No events

VM Operations (0 events):
No events

Events (1 events):
Event: 0.010 Loaded shared library C:\Program Files\Java\jdk-17\bin\java.dll


Dynamic libraries:
0x00007ff6b1550000 - 0x00007ff6b1560000 	C:\Program Files\Java\jdk-17\bin\java.exe
0x00007ffdd6850000 - 0x00007ffdd6a48000 	C:\WINDOWS\SYSTEM32\ntdll.dll
0x00007ffdd5600000 - 0x00007ffdd56bd000 	C:\WINDOWS\System32\KERNEL32.DLL
0x00007ffdd4000000 - 0x00007ffdd42f6000 	C:\WINDOWS\System32\KERNELBASE.dll
0x00007ffdd3f00000 - 0x00007ffdd4000000 	C:\WINDOWS\System32\ucrtbase.dll
0x00007ffda6a60000 - 0x00007ffda6a79000 	C:\Program Files\Java\jdk-17\bin\jli.dll
0x00007ffd9c580000 - 0x00007ffd9c59b000 	C:\Program Files\Java\jdk-17\bin\VCRUNTIME140.dll
0x00007ffdd5e70000 - 0x00007ffdd5f20000 	C:\WINDOWS\System32\ADVAPI32.dll
0x00007ffdd5790000 - 0x00007ffdd582e000 	C:\WINDOWS\System32\msvcrt.dll
0x00007ffdd5cb0000 - 0x00007ffdd5d50000 	C:\WINDOWS\System32\sechost.dll
0x00007ffdd48e0000 - 0x00007ffdd4a03000 	C:\WINDOWS\System32\RPCRT4.dll
0x00007ffdd4680000 - 0x00007ffdd46a7000 	C:\WINDOWS\System32\bcrypt.dll
0x00007ffdd5830000 - 0x00007ffdd59cf000 	C:\WINDOWS\System32\USER32.dll
0x00007ffdd4300000 - 0x00007ffdd4322000 	C:\WINDOWS\System32\win32u.dll
0x00007ffdc0d30000 - 0x00007ffdc0fca000 	C:\WINDOWS\WinSxS\amd64_microsoft.windows.common-controls_6595b64144ccf1df_6.0.19041.4355_none_60b8b9eb71f62e16\COMCTL32.dll
0x00007ffdd5f20000 - 0x00007ffdd5f4b000 	C:\WINDOWS\System32\GDI32.dll
0x00007ffdd46b0000 - 0x00007ffdd47c7000 	C:\WINDOWS\System32\gdi32full.dll
0x00007ffdd45e0000 - 0x00007ffdd467d000 	C:\WINDOWS\System32\msvcp_win.dll
0x00007ffdc4090000 - 0x00007ffdc409a000 	C:\WINDOWS\SYSTEM32\VERSION.dll
0x00007ffdd6000000 - 0x00007ffdd6032000 	C:\WINDOWS\System32\IMM32.DLL
0x00007ffdbea70000 - 0x00007ffdbea7c000 	C:\Program Files\Java\jdk-17\bin\vcruntime140_1.dll
0x00007ffd78e20000 - 0x00007ffd78eae000 	C:\Program Files\Java\jdk-17\bin\msvcp140.dll
0x00007ffd78240000 - 0x00007ffd78e20000 	C:\Program Files\Java\jdk-17\bin\server\jvm.dll
0x00007ffdd4e80000 - 0x00007ffdd4e88000 	C:\WINDOWS\System32\PSAPI.DLL
0x00007ffdc40d0000 - 0x00007ffdc40f7000 	C:\WINDOWS\SYSTEM32\WINMM.dll
0x00007ffdce5f0000 - 0x00007ffdce5f9000 	C:\WINDOWS\SYSTEM32\WSOCK32.dll
0x00007ffdd5e00000 - 0x00007ffdd5e6b000 	C:\WINDOWS\System32\WS2_32.dll
0x00007ffdd2680000 - 0x00007ffdd2692000 	C:\WINDOWS\SYSTEM32\kernel.appcore.dll
0x00007ffdbbff0000 - 0x00007ffdbbffa000 	C:\Program Files\Java\jdk-17\bin\jimage.dll
0x00007ffdbf6d0000 - 0x00007ffdbf8b4000 	C:\WINDOWS\SYSTEM32\DBGHELP.DLL
0x00007ffdbb7a0000 - 0x00007ffdbb7d4000 	C:\WINDOWS\SYSTEM32\dbgcore.DLL
0x00007ffdd4500000 - 0x00007ffdd4582000 	C:\WINDOWS\System32\bcryptPrimitives.dll
0x00007ffd98610000 - 0x00007ffd98635000 	C:\Program Files\Java\jdk-17\bin\java.dll

dbghelp: loaded successfully - version: 4.0.5 - missing functions: none
symbol engine: initialized successfully - sym options: 0x614 - pdb path: .;C:\Program Files\Java\jdk-17\bin;C:\WINDOWS\SYSTEM32;C:\WINDOWS\WinSxS\amd64_microsoft.windows.common-controls_6595b64144ccf1df_6.0.19041.4355_none_60b8b9eb71f62e16;C:\Program Files\Java\jdk-17\bin\server

VM Arguments:
jvm_args: -Xmx64m -Xms64m -Dorg.gradle.appname=gradlew 
java_command: org.gradle.wrapper.GradleWrapperMain app:installDebug -PreactNativeDevServerPort=8081
java_class_path (initial): C:\Users\ZIDANE\houseApp\android\\gradle\wrapper\gradle-wrapper.jar
Launcher Type: SUN_STANDARD

[Global flags]
     intx CICompilerCount                          = 3                                         {product} {ergonomic}
     uint ConcGCThreads                            = 1                                         {product} {ergonomic}
     uint G1ConcRefinementThreads                  = 4                                         {product} {ergonomic}
   size_t G1HeapRegionSize                         = 1048576                                   {product} {ergonomic}
    uintx GCDrainStackTargetSize                   = 64                                        {product} {ergonomic}
   size_t InitialHeapSize                          = 67108864                                  {product} {command line}
   size_t MarkStackSize                            = 4194304                                   {product} {ergonomic}
   size_t MaxHeapSize                              = 67108864                                  {product} {command line}
   size_t MinHeapDeltaBytes                        = 1048576                                   {product} {ergonomic}
   size_t MinHeapSize                              = 67108864                                  {product} {command line}
    uintx NonNMethodCodeHeapSize                   = 5832780                                {pd product} {ergonomic}
    uintx NonProfiledCodeHeapSize                  = 122912730                              {pd product} {ergonomic}
    uintx ProfiledCodeHeapSize                     = 122912730                              {pd product} {ergonomic}
    uintx ReservedCodeCacheSize                    = 251658240                              {pd product} {ergonomic}
     bool SegmentedCodeCache                       = true                                      {product} {ergonomic}
   size_t SoftMaxHeapSize                          = 67108864                               {manageable} {ergonomic}
     bool UseCompressedClassPointers               = true                           {product lp64_product} {ergonomic}
     bool UseCompressedOops                        = true                           {product lp64_product} {ergonomic}
     bool UseG1GC                                  = true                                      {product} {ergonomic}
     bool UseLargePagesIndividualAllocation        = false                                  {pd product} {ergonomic}

Logging:
Log output configuration:
 #0: stdout all=warning uptime,level,tags
 #1: stderr all=off uptime,level,tags

Environment Variables:
JAVA_HOME=C:\Program Files\Java\jdk-17
CLASSPATH=C:\Users\ZIDANE\houseApp\android\\gradle\wrapper\gradle-wrapper.jar
PATH=C:\Users\ZIDANE\houseApp\node_modules\.bin;C:\Users\ZIDANE\node_modules\.bin;C:\Users\node_modules\.bin;C:\node_modules\.bin;C:\Program Files\nodejs\node_modules\npm\node_modules\@npmcli\run-script\lib\node-gyp-bin;C:\Program Files\Common Files\Oracle\Java\javapath;C:\Program Files (x86)\Common Files\Oracle\Java\java8path;C:\Program Files (x86)\Common Files\Oracle\Java\javapath;C:\Program Files\Java\jdk-17\bin;C:\WINDOWS\system32;C:\WINDOWS;C:\WINDOWS\System32\Wbem;C:\WINDOWS\System32\WindowsPowerShell\v1.0\;C:\WINDOWS\System32\OpenSSH\;C:\Program Files\nodejs\;C:\Program Files\Git\cmd;choco;C:\ProgramData\chocolatey\bin;STM32CubeProgrammer path\bin;C:\Program Files\php-8.3.6;C:\Program Files\Java\jdk-17\bin;C:\WINDOWS\system32;C:\WINDOWS;C:\WINDOWS\System32\Wbem;C:\WINDOWS\System32\WindowsPowerShell\v1.0\;C:\WINDOWS\System32\OpenSSH\;C:\Program Files\nodejs\;C:\Program Files\Git\cmd;choco;C:\ProgramData\chocolatey\bin;STM32CubeProgrammer path\bin;C:\Program Files\php-8.3.6;C:\Users\ZIDANE\AppData\Local\Android\Sdk\tools;C:\Users\ZIDANE\AppData\Local\Microsoft\WindowsApps;C:\Users\ZIDANE\AppData\Local\Programs\Microsoft VS Code\bin;C:\Users\ZIDANE\AppData\Roaming\npm;C:\Users\ZIDANE\AppData\Local\Android\Sdk\platform-tools;C:\flutter\flutter\bin;C:\Program Files\Java\jdk-17\bin;
USERNAME=ZIDANE
OS=Windows_NT
PROCESSOR_IDENTIFIER=Intel64 Family 6 Model 58 Stepping 9, GenuineIntel



---------------  S Y S T E M  ---------------

OS:
 Windows 10 , 64 bit Build 19041 (10.0.19041.3636)
OS uptime: 0 days 10:19 hours

CPU: total 4 (initial active 4) (2 cores per cpu, 2 threads per core) family 6 model 58 stepping 9 microcode 0x21, cx8, cmov, fxsr, ht, mmx, sse, sse2, sse3, ssse3, sse4.1, sse4.2, popcnt, tsc, tscinvbit, avx, aes, erms, clmul, vzeroupper, clflush

Memory: 4k page, system-wide physical 3999M (191M free)
TotalPageFile size 16287M (AvailPageFile size 65M)
current process WorkingSet (physical memory assigned to process): 10M, peak: 10M
current process commit charge ("private bytes"): 51M, peak: 115M

vm_info: Java HotSpot(TM) 64-Bit Server VM (17.0.12+8-LTS-286) for windows-amd64 JRE (17.0.12+8-LTS-286), built on Jun  5 2024 06:46:59 by "mach5one" with MS VC++ 17.6 (VS2022)

END.
