#
# There is insufficient memory for the Java Runtime Environment to continue.
# Native memory allocation (mmap) failed to map 1501560832 bytes for G1 virtual space
# Possible reasons:
#   The system is out of physical RAM or swap space
#   The process is running with CompressedOops enabled, and the Java Heap may be blocking the growth of the native heap
# Possible solutions:
#   Reduce memory load on the system
#   Increase physical memory or swap space
#   Check if swap backing store is full
#   Decrease Java heap size (-Xmx/-Xms)
#   Decrease number of Java threads
#   Decrease Java thread stack sizes (-Xss)
#   Set larger code cache with -XX:ReservedCodeCacheSize=
#   JVM is running with Zero Based Compressed Oops mode in which the Java heap is
#     placed in the first 32GB address space. The Java Heap base address is the
#     maximum limit for the native heap growth. Please use -XX:HeapBaseMinAddress
#     to set the Java Heap base and to place the Java Heap above 32GB virtual address.
# This output file may be truncated or incomplete.
#
#  Out of Memory Error (os_windows.cpp:3548), pid=11188, tid=13556
#
# JRE version: Java(TM) SE Runtime Environment (17.0.12+8) (build 17.0.12+8-LTS-286)
# Java VM: Java HotSpot(TM) 64-Bit Server VM (17.0.12+8-LTS-286, mixed mode, sharing, tiered, compressed oops, compressed class ptrs, g1 gc, windows-amd64)
# No core dump will be written. Minidumps are not enabled by default on client versions of Windows
#

---------------  S U M M A R Y ------------

Command Line: --add-opens=java.base/java.util=ALL-UNNAMED --add-opens=java.base/java.lang=ALL-UNNAMED --add-opens=java.base/java.lang.invoke=ALL-UNNAMED --add-opens=java.prefs/java.util.prefs=ALL-UNNAMED --add-opens=java.base/java.nio.charset=ALL-UNNAMED --add-opens=java.base/java.net=ALL-UNNAMED --add-opens=java.base/java.util.concurrent.atomic=ALL-UNNAMED -Xmx4608m -Dfile.encoding=windows-1252 -Duser.country=FR -Duser.language=fr -Duser.variant -javaagent:C:\Users\ZIDANE\.gradle\wrapper\dists\gradle-8.8-bin\dl7vupf4psengwqhwktix4v1\gradle-8.8\lib\agents\gradle-instrumentation-agent-8.8.jar org.gradle.launcher.daemon.bootstrap.GradleDaemon 8.8

Host: Intel(R) Core(TM) i5-3320M CPU @ 2.60GHz, 4 cores, 3G,  Windows 10 , 64 bit Build 19041 (10.0.19041.3636)
Time: Wed Sep 25 18:49:19 2024 Afr. centrale Ouest elapsed time: 36964.918029 seconds (0d 10h 16m 4s)

---------------  T H R E A D  ---------------

Current thread (0x00000239451d3390):  VMThread "VM Thread" [stack: 0x000000babbf00000,0x000000babc000000] [id=13556]

Stack: [0x000000babbf00000,0x000000babc000000]
Native frames: (J=compiled Java code, j=interpreted, Vv=VM code, C=native code)
V  [jvm.dll+0x67a04a]
V  [jvm.dll+0x7da4ed]
V  [jvm.dll+0x7dbe33]
V  [jvm.dll+0x7dc4a3]
V  [jvm.dll+0x24508f]
V  [jvm.dll+0x677089]
V  [jvm.dll+0x66bd32]
V  [jvm.dll+0x301fa6]
V  [jvm.dll+0x309546]
V  [jvm.dll+0x359d2e]
V  [jvm.dll+0x359f5f]
V  [jvm.dll+0x2d9078]
V  [jvm.dll+0x2d74ad]
V  [jvm.dll+0x2d6afc]
V  [jvm.dll+0x31a65b]
V  [jvm.dll+0x7e0d9b]
V  [jvm.dll+0x7e1ad4]
V  [jvm.dll+0x7e1fed]
V  [jvm.dll+0x7e23c4]
V  [jvm.dll+0x7e2490]
V  [jvm.dll+0x78abea]
V  [jvm.dll+0x678f35]
C  [ucrtbase.dll+0x21bb2]
C  [KERNEL32.DLL+0x17344]
C  [ntdll.dll+0x526b1]

VM_Operation (0x000000babf2f94b0): G1CollectForAllocation, mode: safepoint, requested by thread 0x00000239a43642b0


---------------  P R O C E S S  ---------------

Threads class SMR info:
_java_thread_list=0x00000239a6f7d440, length=109, elements={
0x000002392195bd40, 0x00000239451d6ea0, 0x00000239451d7c30, 0x00000239451eecd0,
0x00000239451ef7a0, 0x00000239451f3090, 0x00000239451f3960, 0x00000239451f6620,
0x0000023945213cc0, 0x000002394522e9b0, 0x0000023945431c20, 0x0000023945433060,
0x000002394542f8b0, 0x0000023945432130, 0x0000023945432b50, 0x000002394579bd80,
0x000002394579c290, 0x000002394579ccb0, 0x0000023945798ae0, 0x000002394579e600,
0x000002394579b870, 0x000002394579f020, 0x000002398e16f3c0, 0x000002398e15e090,
0x000002398e15e5a0, 0x000002398e160e20, 0x000002398cc954b0, 0x000002398e15c230,
0x00000239962badf0, 0x00000239962bb300, 0x00000239962be090, 0x000002398cc94fa0,
0x000002398cc97820, 0x000002399770e220, 0x000002398cc93140, 0x0000023995738df0,
0x000002398cc959c0, 0x000002398cc96e00, 0x0000023995736060, 0x00000239957379b0,
0x0000023995739300, 0x00000239957383d0, 0x000002399770f660, 0x000002399770d800,
0x000002399770e730, 0x000002399770beb0, 0x000002399770c3c0, 0x00000239a4361a30,
0x00000239a4363380, 0x00000239a43647c0, 0x000002398cc95ed0, 0x00000239a4362960,
0x00000239a4364cd0, 0x000002398cc94070, 0x000002398cc98750, 0x000002398cc97d30,
0x00000239a4363890, 0x00000239a4362450, 0x000002399ddf47c0, 0x000002399ddf6110,
0x00000239a43642b0, 0x000002399ddf6620, 0x000002399ddf3380, 0x00000239a43651e0,
0x00000239a4361f40, 0x000002399e196f70, 0x000002399e196a60, 0x000002399e197480,
0x000002399ddf3da0, 0x000002399ddf42b0, 0x000002398cc98c60, 0x000002399e197ea0,
0x000002398edb4fa0, 0x000002399d48d080, 0x000002399d48f900, 0x000002399d490830,
0x000002399d48d590, 0x000002399d48daa0, 0x000002399d48e4c0, 0x000002399d48e9d0,
0x000002399d48eee0, 0x000002399d48f3f0, 0x000002399d48dfb0, 0x000002399d48fe10,
0x000002399780a740, 0x000002399d490320, 0x00000239a5669fa0, 0x0000023995739810,
0x00000239a5669070, 0x00000239a566be00, 0x00000239a566b8f0, 0x0000023997809300,
0x000002399780b670, 0x00000239978083d0, 0x00000239a5669580, 0x00000239a566c310,
0x00000239a566c820, 0x0000023997807ec0, 0x00000239957374a0, 0x00000239957388e0,
0x0000023997051560, 0x0000023997051f80, 0x0000023997052490, 0x0000023997050630,
0x00000239970529a0, 0x00000239a566aed0, 0x00000239a566a9c0, 0x0000023997050b40,
0x00000239a566a4b0
}

Java Threads: ( => current thread )
  0x000002392195bd40 JavaThread "main" [_thread_blocked, id=15000, stack(0x000000babb900000,0x000000babba00000)]
  0x00000239451d6ea0 JavaThread "Reference Handler" daemon [_thread_blocked, id=592, stack(0x000000babc000000,0x000000babc100000)]
  0x00000239451d7c30 JavaThread "Finalizer" daemon [_thread_blocked, id=14724, stack(0x000000babc100000,0x000000babc200000)]
  0x00000239451eecd0 JavaThread "Signal Dispatcher" daemon [_thread_blocked, id=5108, stack(0x000000babc200000,0x000000babc300000)]
  0x00000239451ef7a0 JavaThread "Attach Listener" daemon [_thread_blocked, id=11596, stack(0x000000babc300000,0x000000babc400000)]
  0x00000239451f3090 JavaThread "Service Thread" daemon [_thread_blocked, id=7416, stack(0x000000babc400000,0x000000babc500000)]
  0x00000239451f3960 JavaThread "Monitor Deflation Thread" daemon [_thread_blocked, id=12836, stack(0x000000babc500000,0x000000babc600000)]
  0x00000239451f6620 JavaThread "C2 CompilerThread0" daemon [_thread_blocked, id=11676, stack(0x000000babc600000,0x000000babc700000)]
  0x0000023945213cc0 JavaThread "C1 CompilerThread0" daemon [_thread_blocked, id=3340, stack(0x000000babc700000,0x000000babc800000)]
  0x000002394522e9b0 JavaThread "Sweeper thread" daemon [_thread_blocked, id=11724, stack(0x000000babc800000,0x000000babc900000)]
  0x0000023945431c20 JavaThread "Common-Cleaner" daemon [_thread_blocked, id=9016, stack(0x000000babc900000,0x000000babca00000)]
  0x0000023945433060 JavaThread "Notification Thread" daemon [_thread_blocked, id=8368, stack(0x000000babca00000,0x000000babcb00000)]
  0x000002394542f8b0 JavaThread "Daemon health stats" [_thread_blocked, id=6472, stack(0x000000babce00000,0x000000babcf00000)]
  0x0000023945432130 JavaThread "Incoming local TCP Connector on port 65420" [_thread_in_native, id=6892, stack(0x000000babd000000,0x000000babd100000)]
  0x0000023945432b50 JavaThread "Daemon periodic checks" [_thread_blocked, id=16180, stack(0x000000babd100000,0x000000babd200000)]
  0x000002394579bd80 JavaThread "Cache worker for journal cache (C:\Users\ZIDANE\.gradle\caches\journal-1)" [_thread_blocked, id=8020, stack(0x000000babd900000,0x000000babda00000)]
  0x000002394579c290 JavaThread "File lock request listener" [_thread_in_native, id=6940, stack(0x000000babda00000,0x000000babdb00000)]
  0x000002394579ccb0 JavaThread "Cache worker for file hash cache (C:\Users\ZIDANE\.gradle\caches\8.8\fileHashes)" [_thread_blocked, id=14368, stack(0x000000babdb00000,0x000000babdc00000)]
  0x0000023945798ae0 JavaThread "File watcher server" daemon [_thread_blocked, id=6760, stack(0x000000babdd00000,0x000000babde00000)]
  0x000002394579e600 JavaThread "File watcher consumer" daemon [_thread_blocked, id=12972, stack(0x000000babde00000,0x000000babdf00000)]
  0x000002394579b870 JavaThread "Cache worker for file content cache (C:\Users\ZIDANE\.gradle\caches\8.8\fileContent)" [_thread_blocked, id=10336, stack(0x000000babe000000,0x000000babe100000)]
  0x000002394579f020 JavaThread "jar transforms" [_thread_blocked, id=11032, stack(0x000000babe300000,0x000000babe400000)]
  0x000002398e16f3c0 JavaThread "Memory manager" [_thread_blocked, id=15368, stack(0x000000babf400000,0x000000babf500000)]
  0x000002398e15e090 JavaThread "jar transforms Thread 2" [_thread_blocked, id=6772, stack(0x000000bac1600000,0x000000bac1700000)]
  0x000002398e15e5a0 JavaThread "jar transforms Thread 3" [_thread_blocked, id=3540, stack(0x000000babb700000,0x000000babb800000)]
  0x000002398e160e20 JavaThread "jar transforms Thread 4" [_thread_blocked, id=2400, stack(0x000000babf900000,0x000000babfa00000)]
  0x000002398cc954b0 JavaThread "Monitor" [_thread_in_native, id=3444, stack(0x000000bac1c00000,0x000000bac1d00000)]
  0x000002398e15c230 JavaThread "Device List Monitor" [_thread_in_native, id=1932, stack(0x000000bac1d00000,0x000000bac1e00000)]
  0x00000239962badf0 JavaThread "RMI Scheduler(0)" daemon [_thread_blocked, id=11536, stack(0x000000babee00000,0x000000babef00000)]
  0x00000239962bb300 JavaThread "RMI TCP Accept-0" daemon [_thread_in_native, id=10004, stack(0x000000bac2800000,0x000000bac2900000)]
  0x00000239962be090 JavaThread "Cache worker for Java compile cache (C:\Users\ZIDANE\.gradle\caches\8.8\javaCompile)" [_thread_blocked, id=11812, stack(0x000000bac2c00000,0x000000bac2d00000)]
  0x000002398cc94fa0 JavaThread "RMI RenewClean-[127.0.0.1:17986,org.jetbrains.kotlin.daemon.common.LoopbackNetworkInterface$ClientLoopbackSocketFactory@53f39155]" daemon [_thread_blocked, id=1592, stack(0x000000bac2b00000,0x000000bac2c00000)]
  0x000002398cc97820 JavaThread "RMI GC Daemon" daemon [_thread_blocked, id=11956, stack(0x000000bac2d00000,0x000000bac2e00000)]
  0x000002399770e220 JavaThread "RMI RenewClean-[127.0.0.1:17420,org.jetbrains.kotlin.daemon.common.LoopbackNetworkInterface$ClientLoopbackSocketFactory@6d966a0c]" daemon [_thread_blocked, id=10920, stack(0x000000bac2e00000,0x000000bac2f00000)]
  0x000002398cc93140 JavaThread "Daemon Thread 24" [_thread_blocked, id=8884, stack(0x000000babb600000,0x000000babb700000)]
  0x0000023995738df0 JavaThread "Handler for socket connection from /127.0.0.1:65420 to /127.0.0.1:51473" [_thread_in_native, id=7332, stack(0x000000babb800000,0x000000babb900000)]
  0x000002398cc959c0 JavaThread "Cancel handler" [_thread_blocked, id=17276, stack(0x000000babd200000,0x000000babd300000)]
  0x000002398cc96e00 JavaThread "Daemon worker Thread 23" [_thread_blocked, id=10436, stack(0x000000babd300000,0x000000babd400000)]
  0x0000023995736060 JavaThread "Asynchronous log dispatcher for DefaultDaemonConnection: socket connection from /127.0.0.1:65420 to /127.0.0.1:51473" [_thread_blocked, id=8604, stack(0x000000babd400000,0x000000babd500000)]
  0x00000239957379b0 JavaThread "Stdin handler" [_thread_blocked, id=16380, stack(0x000000babd500000,0x000000babd600000)]
  0x0000023995739300 JavaThread "Daemon client event forwarder" [_thread_blocked, id=15704, stack(0x000000babd600000,0x000000babd700000)]
  0x00000239957383d0 JavaThread "Cache worker for file hash cache (C:\Users\ZIDANE\houseApp\android\.gradle\8.8\fileHashes)" [_thread_blocked, id=16496, stack(0x000000babd700000,0x000000babd800000)]
  0x000002399770f660 JavaThread "Cache worker for checksums cache (C:\Users\ZIDANE\houseApp\android\.gradle\8.8\checksums)" [_thread_blocked, id=6708, stack(0x000000babd800000,0x000000babd900000)]
  0x000002399770d800 JavaThread "Cache worker for cache directory md-rule (C:\Users\ZIDANE\.gradle\caches\8.8\md-rule)" [_thread_blocked, id=16036, stack(0x000000babdc00000,0x000000babdd00000)]
  0x000002399770e730 JavaThread "Cache worker for cache directory md-supplier (C:\Users\ZIDANE\.gradle\caches\8.8\md-supplier)" [_thread_blocked, id=13640, stack(0x000000babdf00000,0x000000babe000000)]
  0x000002399770beb0 JavaThread "Unconstrained build operations" [_thread_blocked, id=16476, stack(0x000000babe100000,0x000000babe200000)]
  0x000002399770c3c0 JavaThread "Unconstrained build operations Thread 2" [_thread_blocked, id=11568, stack(0x000000babe200000,0x000000babe300000)]
  0x00000239a4361a30 JavaThread "Unconstrained build operations Thread 3" [_thread_blocked, id=5860, stack(0x000000babe400000,0x000000babe500000)]
  0x00000239a4363380 JavaThread "Unconstrained build operations Thread 4" [_thread_blocked, id=7244, stack(0x000000babe500000,0x000000babe600000)]
  0x00000239a43647c0 JavaThread "Cache worker for Build Output Cleanup Cache (C:\Users\ZIDANE\houseApp\node_modules\@react-native\gradle-plugin\.gradle\buildOutputCleanup)" [_thread_blocked, id=1144, stack(0x000000babe600000,0x000000babe700000)]
  0x000002398cc95ed0 JavaThread "Unconstrained build operations Thread 5" [_thread_blocked, id=6008, stack(0x000000babe700000,0x000000babe800000)]
  0x00000239a4362960 JavaThread "Unconstrained build operations Thread 6" [_thread_blocked, id=8668, stack(0x000000babe800000,0x000000babe900000)]
  0x00000239a4364cd0 JavaThread "Unconstrained build operations Thread 7" [_thread_blocked, id=6028, stack(0x000000babe900000,0x000000babea00000)]
  0x000002398cc94070 JavaThread "Unconstrained build operations Thread 8" [_thread_blocked, id=4724, stack(0x000000babea00000,0x000000babeb00000)]
  0x000002398cc98750 JavaThread "Unconstrained build operations Thread 9" [_thread_blocked, id=16748, stack(0x000000babeb00000,0x000000babec00000)]
  0x000002398cc97d30 JavaThread "Unconstrained build operations Thread 10" [_thread_blocked, id=6672, stack(0x000000babec00000,0x000000babed00000)]
  0x00000239a4363890 JavaThread "build event listener" [_thread_blocked, id=14768, stack(0x000000babed00000,0x000000babee00000)]
  0x00000239a4362450 JavaThread "ForkJoinPool.commonPool-worker-75" daemon [_thread_blocked, id=1544, stack(0x000000babef00000,0x000000babf000000)]
  0x000002399ddf47c0 JavaThread "ForkJoinPool.commonPool-worker-76" daemon [_thread_blocked, id=11904, stack(0x000000babf000000,0x000000babf100000)]
  0x000002399ddf6110 JavaThread "ForkJoinPool.commonPool-worker-77" daemon [_thread_blocked, id=15188, stack(0x000000babf100000,0x000000babf200000)]
  0x00000239a43642b0 JavaThread "included builds" [_thread_blocked, id=10484, stack(0x000000babf200000,0x000000babf300000)]
  0x000002399ddf6620 JavaThread "Execution worker" [_thread_blocked, id=15820, stack(0x000000babf300000,0x000000babf400000)]
  0x000002399ddf3380 JavaThread "Execution worker Thread 2" [_thread_blocked, id=7712, stack(0x000000babf500000,0x000000babf600000)]
  0x00000239a43651e0 JavaThread "Execution worker Thread 3" [_thread_blocked, id=15148, stack(0x000000babf600000,0x000000babf700000)]
  0x00000239a4361f40 JavaThread "Cache worker for execution history cache (C:\Users\ZIDANE\houseApp\node_modules\@react-native\gradle-plugin\.gradle\8.8\executionHistory)" [_thread_blocked, id=7888, stack(0x000000babf700000,0x000000babf800000)]
  0x000002399e196f70 JavaThread "Unconstrained build operations Thread 11" [_thread_blocked, id=14140, stack(0x000000babf800000,0x000000babf900000)]
  0x000002399e196a60 JavaThread "Unconstrained build operations Thread 12" [_thread_blocked, id=12860, stack(0x000000babfa00000,0x000000babfb00000)]
  0x000002399e197480 JavaThread "Unconstrained build operations Thread 13" [_thread_blocked, id=1924, stack(0x000000babfb00000,0x000000babfc00000)]
  0x000002399ddf3da0 JavaThread "Unconstrained build operations Thread 14" [_thread_blocked, id=5012, stack(0x000000babfc00000,0x000000babfd00000)]
  0x000002399ddf42b0 JavaThread "Unconstrained build operations Thread 15" [_thread_blocked, id=12320, stack(0x000000babfd00000,0x000000babfe00000)]
  0x000002398cc98c60 JavaThread "Unconstrained build operations Thread 16" [_thread_blocked, id=15276, stack(0x000000babfe00000,0x000000babff00000)]
  0x000002399e197ea0 JavaThread "Unconstrained build operations Thread 17" [_thread_blocked, id=3364, stack(0x000000babff00000,0x000000bac0000000)]
  0x000002398edb4fa0 JavaThread "Unconstrained build operations Thread 18" [_thread_blocked, id=17372, stack(0x000000bac0000000,0x000000bac0100000)]
  0x000002399d48d080 JavaThread "Unconstrained build operations Thread 19" [_thread_blocked, id=11840, stack(0x000000bac0100000,0x000000bac0200000)]
  0x000002399d48f900 JavaThread "Unconstrained build operations Thread 20" [_thread_blocked, id=13664, stack(0x000000bac0200000,0x000000bac0300000)]
  0x000002399d490830 JavaThread "Unconstrained build operations Thread 21" [_thread_blocked, id=7860, stack(0x000000bac0300000,0x000000bac0400000)]
  0x000002399d48d590 JavaThread "Unconstrained build operations Thread 22" [_thread_blocked, id=11808, stack(0x000000bac0400000,0x000000bac0500000)]
  0x000002399d48daa0 JavaThread "Cache worker for Build Output Cleanup Cache (C:\Users\ZIDANE\houseApp\android\.gradle\buildOutputCleanup)" [_thread_blocked, id=14688, stack(0x000000bac0500000,0x000000bac0600000)]
  0x000002399d48e4c0 JavaThread "Unconstrained build operations Thread 23" [_thread_blocked, id=17172, stack(0x000000bac0600000,0x000000bac0700000)]
  0x000002399d48e9d0 JavaThread "Unconstrained build operations Thread 24" [_thread_blocked, id=216, stack(0x000000bac0700000,0x000000bac0800000)]
  0x000002399d48eee0 JavaThread "Unconstrained build operations Thread 25" [_thread_blocked, id=8308, stack(0x000000bac0800000,0x000000bac0900000)]
  0x000002399d48f3f0 JavaThread "Unconstrained build operations Thread 26" [_thread_blocked, id=11416, stack(0x000000bac0900000,0x000000bac0a00000)]
  0x000002399d48dfb0 JavaThread "Unconstrained build operations Thread 27" [_thread_blocked, id=14940, stack(0x000000bac0a00000,0x000000bac0b00000)]
  0x000002399d48fe10 JavaThread "Unconstrained build operations Thread 28" [_thread_blocked, id=14360, stack(0x000000bac0b00000,0x000000bac0c00000)]
  0x000002399780a740 JavaThread "Unconstrained build operations Thread 29" [_thread_blocked, id=11524, stack(0x000000bac0c00000,0x000000bac0d00000)]
  0x000002399d490320 JavaThread "Unconstrained build operations Thread 30" [_thread_blocked, id=13280, stack(0x000000bac0d00000,0x000000bac0e00000)]
  0x00000239a5669fa0 JavaThread "Unconstrained build operations Thread 31" [_thread_blocked, id=4860, stack(0x000000bac0e00000,0x000000bac0f00000)]
  0x0000023995739810 JavaThread "build event listener" [_thread_blocked, id=12008, stack(0x000000bac1200000,0x000000bac1300000)]
  0x00000239a5669070 JavaThread "Unconstrained build operations Thread 32" [_thread_blocked, id=11348, stack(0x000000bac1300000,0x000000bac1400000)]
  0x00000239a566be00 JavaThread "Unconstrained build operations Thread 33" [_thread_blocked, id=9476, stack(0x000000bac1400000,0x000000bac1500000)]
  0x00000239a566b8f0 JavaThread "Unconstrained build operations Thread 34" [_thread_blocked, id=6716, stack(0x000000bac1500000,0x000000bac1600000)]
  0x0000023997809300 JavaThread "Unconstrained build operations Thread 35" [_thread_blocked, id=5152, stack(0x000000bac1700000,0x000000bac1800000)]
  0x000002399780b670 JavaThread "Unconstrained build operations Thread 36" [_thread_blocked, id=668, stack(0x000000bac1800000,0x000000bac1900000)]
  0x00000239978083d0 JavaThread "Unconstrained build operations Thread 37" [_thread_blocked, id=14332, stack(0x000000bac1900000,0x000000bac1a00000)]
  0x00000239a5669580 JavaThread "Unconstrained build operations Thread 38" [_thread_blocked, id=16116, stack(0x000000bac1a00000,0x000000bac1b00000)]
  0x00000239a566c310 JavaThread "Unconstrained build operations Thread 39" [_thread_blocked, id=14864, stack(0x000000bac1b00000,0x000000bac1c00000)]
  0x00000239a566c820 JavaThread "Unconstrained build operations Thread 40" [_thread_blocked, id=15948, stack(0x000000bac1e00000,0x000000bac1f00000)]
  0x0000023997807ec0 JavaThread "Cache worker for execution history cache (C:\Users\ZIDANE\houseApp\android\.gradle\8.8\executionHistory)" [_thread_blocked, id=17212, stack(0x000000bac1f00000,0x000000bac2000000)]
  0x00000239957374a0 JavaThread "WorkerExecutor Queue" [_thread_blocked, id=17220, stack(0x000000bac2000000,0x000000bac2100000)]
  0x00000239957388e0 JavaThread "pool-64-thread-1" [_thread_blocked, id=2804, stack(0x000000bac2100000,0x000000bac2200000)]
  0x0000023997051560 JavaThread "stderr" [_thread_in_native, id=8500, stack(0x000000bac2200000,0x000000bac2300000)]
  0x0000023997051f80 JavaThread "stdout" [_thread_in_native, id=2480, stack(0x000000bac2300000,0x000000bac2400000)]
  0x0000023997052490 JavaThread "Build operations" [_thread_blocked, id=12044, stack(0x000000bac2400000,0x000000bac2500000)]
  0x0000023997050630 JavaThread "Build operations Thread 2" [_thread_blocked, id=876, stack(0x000000bac2500000,0x000000bac2600000)]
  0x00000239970529a0 JavaThread "Build operations Thread 3" [_thread_blocked, id=5432, stack(0x000000bac2600000,0x000000bac2700000)]
  0x00000239a566aed0 JavaThread "WorkerExecutor Queue Thread 2" [_thread_blocked, id=16868, stack(0x000000bac2700000,0x000000bac2800000)]
  0x00000239a566a9c0 JavaThread "WorkerExecutor Queue Thread 3" [_thread_blocked, id=13540, stack(0x000000bac2900000,0x000000bac2a00000)]
  0x0000023997050b40 JavaThread "WorkerExecutor Queue Thread 4" [_thread_blocked, id=6164, stack(0x000000bac2a00000,0x000000bac2b00000)]
  0x00000239a566a4b0 JavaThread "Thread-1886" [_thread_in_native, id=8408, stack(0x000000bac2f00000,0x000000bac3000000)]

Other Threads:
=>0x00000239451d3390 VMThread "VM Thread" [stack: 0x000000babbf00000,0x000000babc000000] [id=13556]
  0x00000239454d8580 WatcherThread [stack: 0x000000babcb00000,0x000000babcc00000] [id=13992]
  0x00000239219ca9d0 GCTaskThread "GC Thread#0" [stack: 0x000000babba00000,0x000000babbb00000] [id=14260]
  0x000002394557eb60 GCTaskThread "GC Thread#1" [stack: 0x000000babcc00000,0x000000babcd00000] [id=5608]
  0x000002394563b460 GCTaskThread "GC Thread#2" [stack: 0x000000babcd00000,0x000000babce00000] [id=8016]
  0x000002398b2d07e0 GCTaskThread "GC Thread#3" [stack: 0x000000babcf00000,0x000000babd000000] [id=4172]
  0x00000239219d6840 ConcurrentGCThread "G1 Main Marker" [stack: 0x000000babbb00000,0x000000babbc00000] [id=7212]
  0x00000239219d7160 ConcurrentGCThread "G1 Conc#0" [stack: 0x000000babbc00000,0x000000babbd00000] [id=2972]
  0x0000023945091970 ConcurrentGCThread "G1 Refine#0" [stack: 0x000000babbd00000,0x000000babbe00000] [id=6272]
  0x0000023945905c30 ConcurrentGCThread "G1 Refine#1" [stack: 0x000000bac0f00000,0x000000bac1000000] [id=10580]
  0x000002398cc0ee90 ConcurrentGCThread "G1 Refine#2" [stack: 0x000000bac1000000,0x000000bac1100000] [id=4368]
  0x000002398ff898d0 ConcurrentGCThread "G1 Refine#3" [stack: 0x000000bac1100000,0x000000bac1200000] [id=1136]
  0x00000239450922b0 ConcurrentGCThread "G1 Service" [stack: 0x000000babbe00000,0x000000babbf00000] [id=9172]

Threads with active compile tasks:
C2 CompilerThread0  36965007 57125       4       com.sun.tools.javac.parser.JavacParser::term (30 bytes)

VM state: at safepoint (normal execution)

VM Mutex/Monitor currently owned by a thread:  ([mutex/lock_event])
[0x0000023921958640] Threads_lock - owner thread: 0x00000239451d3390
[0x0000023921957710] Heap_lock - owner thread: 0x00000239a43642b0

Heap address: 0x00000006e0000000, size: 4608 MB, Compressed Oops mode: Zero based, Oop shift amount: 3

CDS archive(s) mapped at: [0x0000023946000000-0x0000023946bd0000-0x0000023946bd0000), size 12386304, SharedBaseAddress: 0x0000023946000000, ArchiveRelocationMode: 1.
Compressed class space mapped at: 0x0000023947000000-0x0000023987000000, reserved size: 1073741824
Narrow klass base: 0x0000023946000000, Narrow klass shift: 0, Narrow klass range: 0x100000000

GC Precious Log:
 CPUs: 4 total, 4 available
 Memory: 3999M
 Large Page Support: Disabled
 NUMA Support: Disabled
 Compressed Oops: Enabled (Zero based)
 Heap Region Size: 4M
 Heap Min Capacity: 8M
 Heap Initial Capacity: 64M
 Heap Max Capacity: 4608M
 Pre-touch: Disabled
 Parallel Workers: 4
 Concurrent Workers: 1
 Concurrent Refinement Workers: 4
 Periodic GC: Disabled

Heap:
 garbage-first heap   total 1052672K, used 370725K [0x00000006e0000000, 0x0000000800000000)
  region size 4096K, 3 young (12288K), 3 survivors (12288K)
 Metaspace       used 299685K, committed 308224K, reserved 1376256K
  class space    used 39769K, committed 42880K, reserved 1048576K

Heap Regions: E=young(eden), S=young(survivor), O=old, HS=humongous(starts), HC=humongous(continues), CS=collection set, F=free, OA=open archive, CA=closed archive, TAMS=top-at-mark-start (previous, next)
|   0|0x00000006e0000000, 0x00000006e0400000, 0x00000006e0400000|100%|HS|  |TAMS 0x00000006e0400000, 0x00000006e0000000| Untracked 
|   1|0x00000006e0400000, 0x00000006e07fffb0, 0x00000006e0800000| 99%| O|  |TAMS 0x00000006e07fffb0, 0x00000006e0400000| Untracked 
|   2|0x00000006e0800000, 0x00000006e0bfffd0, 0x00000006e0c00000| 99%| O|  |TAMS 0x00000006e0bfffd0, 0x00000006e0800000| Untracked 
|   3|0x00000006e0c00000, 0x00000006e1000000, 0x00000006e1000000|100%| O|  |TAMS 0x00000006e1000000, 0x00000006e0c00000| Untracked 
|   4|0x00000006e1000000, 0x00000006e13ffff8, 0x00000006e1400000| 99%| O|  |TAMS 0x00000006e13ffff8, 0x00000006e1000000| Untracked 
|   5|0x00000006e1400000, 0x00000006e17fffa8, 0x00000006e1800000| 99%| O|  |TAMS 0x00000006e17fffa8, 0x00000006e1400000| Untracked 
|   6|0x00000006e1800000, 0x00000006e1bfffd8, 0x00000006e1c00000| 99%| O|  |TAMS 0x00000006e1bfffd8, 0x00000006e1800000| Untracked 
|   7|0x00000006e1c00000, 0x00000006e1fffff8, 0x00000006e2000000| 99%| O|  |TAMS 0x00000006e1fffff8, 0x00000006e1c00000| Untracked 
|   8|0x00000006e2000000, 0x00000006e23fffe0, 0x00000006e2400000| 99%| O|  |TAMS 0x00000006e2000000, 0x00000006e2000000| Untracked 
|   9|0x00000006e2400000, 0x00000006e27fffe0, 0x00000006e2800000| 99%| O|  |TAMS 0x00000006e2400000, 0x00000006e2400000| Untracked 
|  10|0x00000006e2800000, 0x00000006e2bfffd8, 0x00000006e2c00000| 99%| O|  |TAMS 0x00000006e2800000, 0x00000006e2800000| Untracked 
|  11|0x00000006e2c00000, 0x00000006e3000000, 0x00000006e3000000|100%|HS|  |TAMS 0x00000006e3000000, 0x00000006e2c00000| Untracked 
|  12|0x00000006e3000000, 0x00000006e3400000, 0x00000006e3400000|100%|HS|  |TAMS 0x00000006e3400000, 0x00000006e3000000| Untracked 
|  13|0x00000006e3400000, 0x00000006e37c33a0, 0x00000006e3800000| 94%| O|  |TAMS 0x00000006e3400000, 0x00000006e3400000| Untracked 
|  14|0x00000006e3800000, 0x00000006e3bfbec8, 0x00000006e3c00000| 99%| O|  |TAMS 0x00000006e3bfbec8, 0x00000006e3800000| Untracked 
|  15|0x00000006e3c00000, 0x00000006e3fffff8, 0x00000006e4000000| 99%| O|  |TAMS 0x00000006e3c00000, 0x00000006e3c00000| Untracked 
|  16|0x00000006e4000000, 0x00000006e43ffff8, 0x00000006e4400000| 99%| O|  |TAMS 0x00000006e4000000, 0x00000006e4000000| Untracked 
|  17|0x00000006e4400000, 0x00000006e47dac58, 0x00000006e4800000| 96%| O|  |TAMS 0x00000006e4400000, 0x00000006e4400000| Untracked 
|  18|0x00000006e4800000, 0x00000006e4bfffd0, 0x00000006e4c00000| 99%| O|  |TAMS 0x00000006e4800000, 0x00000006e4800000| Untracked 
|  19|0x00000006e4c00000, 0x00000006e5000000, 0x00000006e5000000|100%| O|  |TAMS 0x00000006e4c00000, 0x00000006e4c00000| Untracked 
|  20|0x00000006e5000000, 0x00000006e53fffe0, 0x00000006e5400000| 99%| O|  |TAMS 0x00000006e5000000, 0x00000006e5000000| Untracked 
|  21|0x00000006e5400000, 0x00000006e57ffff8, 0x00000006e5800000| 99%| O|  |TAMS 0x00000006e57ffff8, 0x00000006e5400000| Untracked 
|  22|0x00000006e5800000, 0x00000006e5bef430, 0x00000006e5c00000| 98%| O|  |TAMS 0x00000006e5800000, 0x00000006e5800000| Untracked 
|  23|0x00000006e5c00000, 0x00000006e5f741a0, 0x00000006e6000000| 86%| O|  |TAMS 0x00000006e5c00000, 0x00000006e5c00000| Untracked 
|  24|0x00000006e6000000, 0x00000006e6400000, 0x00000006e6400000|100%| O|  |TAMS 0x00000006e6000000, 0x00000006e6000000| Untracked 
|  25|0x00000006e6400000, 0x00000006e67fff90, 0x00000006e6800000| 99%| O|  |TAMS 0x00000006e6400000, 0x00000006e6400000| Untracked 
|  26|0x00000006e6800000, 0x00000006e6c00000, 0x00000006e6c00000|100%| O|  |TAMS 0x00000006e6800000, 0x00000006e6800000| Untracked 
|  27|0x00000006e6c00000, 0x00000006e6ffffd8, 0x00000006e7000000| 99%| O|  |TAMS 0x00000006e6c00000, 0x00000006e6c00000| Untracked 
|  28|0x00000006e7000000, 0x00000006e73fffd8, 0x00000006e7400000| 99%| O|  |TAMS 0x00000006e7000000, 0x00000006e7000000| Untracked 
|  29|0x00000006e7400000, 0x00000006e77ec488, 0x00000006e7800000| 98%| O|  |TAMS 0x00000006e7400000, 0x00000006e7400000| Untracked 
|  30|0x00000006e7800000, 0x00000006e7c00000, 0x00000006e7c00000|100%| O|  |TAMS 0x00000006e7800000, 0x00000006e7800000| Untracked 
|  31|0x00000006e7c00000, 0x00000006e7fd6cd0, 0x00000006e8000000| 95%| O|  |TAMS 0x00000006e7c00000, 0x00000006e7c00000| Untracked 
|  32|0x00000006e8000000, 0x00000006e83ffff8, 0x00000006e8400000| 99%| O|  |TAMS 0x00000006e8000000, 0x00000006e8000000| Untracked 
|  33|0x00000006e8400000, 0x00000006e87fffb0, 0x00000006e8800000| 99%| O|  |TAMS 0x00000006e8400000, 0x00000006e8400000| Untracked 
|  34|0x00000006e8800000, 0x00000006e8bffff0, 0x00000006e8c00000| 99%| O|  |TAMS 0x00000006e8bffff0, 0x00000006e8800000| Untracked 
|  35|0x00000006e8c00000, 0x00000006e8ffffe0, 0x00000006e9000000| 99%| O|  |TAMS 0x00000006e8c00000, 0x00000006e8c00000| Untracked 
|  36|0x00000006e9000000, 0x00000006e9400000, 0x00000006e9400000|100%| O|  |TAMS 0x00000006e9000000, 0x00000006e9000000| Untracked 
|  37|0x00000006e9400000, 0x00000006e97fffe8, 0x00000006e9800000| 99%| O|  |TAMS 0x00000006e97fffe8, 0x00000006e9400000| Untracked 
|  38|0x00000006e9800000, 0x00000006e9c00000, 0x00000006e9c00000|100%| O|  |TAMS 0x00000006e9800000, 0x00000006e9800000| Untracked 
|  39|0x00000006e9c00000, 0x00000006e9fffff8, 0x00000006ea000000| 99%| O|  |TAMS 0x00000006e9c00000, 0x00000006e9c00000| Untracked 
|  40|0x00000006ea000000, 0x00000006ea3f9708, 0x00000006ea400000| 99%| O|  |TAMS 0x00000006ea3f9708, 0x00000006ea000000| Untracked 
|  41|0x00000006ea400000, 0x00000006ea7ffff0, 0x00000006ea800000| 99%| O|  |TAMS 0x00000006ea400000, 0x00000006ea400000| Untracked 
|  42|0x00000006ea800000, 0x00000006eabffff0, 0x00000006eac00000| 99%| O|  |TAMS 0x00000006ea800000, 0x00000006ea800000| Untracked 
|  43|0x00000006eac00000, 0x00000006eafffff0, 0x00000006eb000000| 99%| O|  |TAMS 0x00000006eac00000, 0x00000006eac00000| Untracked 
|  44|0x00000006eb000000, 0x00000006eb400000, 0x00000006eb400000|100%| O|  |TAMS 0x00000006eb000000, 0x00000006eb000000| Untracked 
|  45|0x00000006eb400000, 0x00000006eb7fffc8, 0x00000006eb800000| 99%| O|  |TAMS 0x00000006eb400000, 0x00000006eb400000| Untracked 
|  46|0x00000006eb800000, 0x00000006ebbffff8, 0x00000006ebc00000| 99%| O|  |TAMS 0x00000006eb800000, 0x00000006eb800000| Untracked 
|  47|0x00000006ebc00000, 0x00000006ebffffd0, 0x00000006ec000000| 99%| O|  |TAMS 0x00000006ebc00000, 0x00000006ebc00000| Untracked 
|  48|0x00000006ec000000, 0x00000006ec3ffff0, 0x00000006ec400000| 99%| O|  |TAMS 0x00000006ec000000, 0x00000006ec000000| Untracked 
|  49|0x00000006ec400000, 0x00000006ec7fffe0, 0x00000006ec800000| 99%| O|  |TAMS 0x00000006ec400000, 0x00000006ec400000| Untracked 
|  50|0x00000006ec800000, 0x00000006ecbfffd0, 0x00000006ecc00000| 99%| O|  |TAMS 0x00000006ec800000, 0x00000006ec800000| Untracked 
|  51|0x00000006ecc00000, 0x00000006ecffffb8, 0x00000006ed000000| 99%| O|  |TAMS 0x00000006ecc00000, 0x00000006ecc00000| Untracked 
|  52|0x00000006ed000000, 0x00000006ed3ffff0, 0x00000006ed400000| 99%| O|  |TAMS 0x00000006ed000000, 0x00000006ed000000| Untracked 
|  53|0x00000006ed400000, 0x00000006ed800000, 0x00000006ed800000|100%| O|  |TAMS 0x00000006ed400000, 0x00000006ed400000| Untracked 
|  54|0x00000006ed800000, 0x00000006edbffff0, 0x00000006edc00000| 99%| O|  |TAMS 0x00000006ed800000, 0x00000006ed800000| Untracked 
|  55|0x00000006edc00000, 0x00000006edfff258, 0x00000006ee000000| 99%| O|  |TAMS 0x00000006edc00000, 0x00000006edc00000| Untracked 
|  56|0x00000006ee000000, 0x00000006ee3fffd8, 0x00000006ee400000| 99%| O|  |TAMS 0x00000006ee000000, 0x00000006ee000000| Untracked 
|  57|0x00000006ee400000, 0x00000006ee5f6928, 0x00000006ee800000| 49%| O|  |TAMS 0x00000006ee400000, 0x00000006ee400000| Untracked 
|  58|0x00000006ee800000, 0x00000006eec00000, 0x00000006eec00000|100%| O|  |TAMS 0x00000006ee800000, 0x00000006ee800000| Untracked 
|  59|0x00000006eec00000, 0x00000006ef000000, 0x00000006ef000000|100%| O|  |TAMS 0x00000006eec00000, 0x00000006eec00000| Untracked 
|  60|0x00000006ef000000, 0x00000006ef400000, 0x00000006ef400000|100%| O|  |TAMS 0x00000006ef000000, 0x00000006ef000000| Untracked 
|  61|0x00000006ef400000, 0x00000006ef800000, 0x00000006ef800000|100%| O|  |TAMS 0x00000006ef400000, 0x00000006ef400000| Untracked 
|  62|0x00000006ef800000, 0x00000006efc00000, 0x00000006efc00000|100%| O|  |TAMS 0x00000006ef800000, 0x00000006ef800000| Untracked 
|  63|0x00000006efc00000, 0x00000006f0000000, 0x00000006f0000000|100%| O|  |TAMS 0x00000006efc00000, 0x00000006efc00000| Untracked 
|  64|0x00000006f0000000, 0x00000006f0400000, 0x00000006f0400000|100%| O|  |TAMS 0x00000006f0000000, 0x00000006f0000000| Untracked 
|  65|0x00000006f0400000, 0x00000006f0800000, 0x00000006f0800000|100%| O|  |TAMS 0x00000006f0400000, 0x00000006f0400000| Untracked 
|  66|0x00000006f0800000, 0x00000006f0c00000, 0x00000006f0c00000|100%| O|  |TAMS 0x00000006f0800000, 0x00000006f0800000| Untracked 
|  67|0x00000006f0c00000, 0x00000006f1000000, 0x00000006f1000000|100%| O|  |TAMS 0x00000006f0c00000, 0x00000006f0c00000| Untracked 
|  68|0x00000006f1000000, 0x00000006f13fffe8, 0x00000006f1400000| 99%| O|  |TAMS 0x00000006f1000000, 0x00000006f1000000| Untracked 
|  69|0x00000006f1400000, 0x00000006f1800000, 0x00000006f1800000|100%| O|  |TAMS 0x00000006f1400000, 0x00000006f1400000| Untracked 
|  70|0x00000006f1800000, 0x00000006f1c00000, 0x00000006f1c00000|100%| O|  |TAMS 0x00000006f1800000, 0x00000006f1800000| Untracked 
|  71|0x00000006f1c00000, 0x00000006f1fff830, 0x00000006f2000000| 99%| O|  |TAMS 0x00000006f1c00000, 0x00000006f1c00000| Untracked 
|  72|0x00000006f2000000, 0x00000006f23ac770, 0x00000006f2400000| 91%| O|  |TAMS 0x00000006f2000000, 0x00000006f2000000| Untracked 
|  73|0x00000006f2400000, 0x00000006f2800000, 0x00000006f2800000|100%| O|  |TAMS 0x00000006f2400000, 0x00000006f2400000| Untracked 
|  74|0x00000006f2800000, 0x00000006f2bfffe0, 0x00000006f2c00000| 99%| O|  |TAMS 0x00000006f2800000, 0x00000006f2800000| Untracked 
|  75|0x00000006f2c00000, 0x00000006f2c00000, 0x00000006f3000000|  0%| F|  |TAMS 0x00000006f2c00000, 0x00000006f2c00000| Untracked 
|  76|0x00000006f3000000, 0x00000006f3000000, 0x00000006f3400000|  0%| F|  |TAMS 0x00000006f3000000, 0x00000006f3000000| Untracked 
|  77|0x00000006f3400000, 0x00000006f3400000, 0x00000006f3800000|  0%| F|  |TAMS 0x00000006f3400000, 0x00000006f3400000| Untracked 
|  78|0x00000006f3800000, 0x00000006f3800000, 0x00000006f3c00000|  0%| F|  |TAMS 0x00000006f3800000, 0x00000006f3800000| Untracked 
|  79|0x00000006f3c00000, 0x00000006f3c00000, 0x00000006f4000000|  0%| F|  |TAMS 0x00000006f3c00000, 0x00000006f3c00000| Untracked 
|  80|0x00000006f4000000, 0x00000006f41d29b0, 0x00000006f4400000| 45%| O|  |TAMS 0x00000006f4000000, 0x00000006f4000000| Untracked 
|  81|0x00000006f4400000, 0x00000006f4400000, 0x00000006f4800000|  0%| F|  |TAMS 0x00000006f4400000, 0x00000006f4400000| Untracked 
|  82|0x00000006f4800000, 0x00000006f4800000, 0x00000006f4c00000|  0%| F|  |TAMS 0x00000006f4800000, 0x00000006f4800000| Untracked 
|  83|0x00000006f4c00000, 0x00000006f4c00000, 0x00000006f5000000|  0%| F|  |TAMS 0x00000006f4c00000, 0x00000006f4c00000| Untracked 
|  84|0x00000006f5000000, 0x00000006f5400000, 0x00000006f5400000|100%| O|  |TAMS 0x00000006f5400000, 0x00000006f5000000| Untracked 
|  85|0x00000006f5400000, 0x00000006f5400000, 0x00000006f5800000|  0%| F|  |TAMS 0x00000006f5400000, 0x00000006f5400000| Untracked 
|  86|0x00000006f5800000, 0x00000006f5800000, 0x00000006f5c00000|  0%| F|  |TAMS 0x00000006f5800000, 0x00000006f5800000| Untracked 
|  87|0x00000006f5c00000, 0x00000006f5c00000, 0x00000006f6000000|  0%| F|  |TAMS 0x00000006f5c00000, 0x00000006f5c00000| Untracked 
|  88|0x00000006f6000000, 0x00000006f6000000, 0x00000006f6400000|  0%| F|  |TAMS 0x00000006f6000000, 0x00000006f6000000| Untracked 
|  89|0x00000006f6400000, 0x00000006f6400000, 0x00000006f6800000|  0%| F|  |TAMS 0x00000006f6400000, 0x00000006f6400000| Untracked 
|  90|0x00000006f6800000, 0x00000006f6800000, 0x00000006f6c00000|  0%| F|  |TAMS 0x00000006f6800000, 0x00000006f6800000| Untracked 
|  91|0x00000006f6c00000, 0x00000006f6c00000, 0x00000006f7000000|  0%| F|  |TAMS 0x00000006f6c00000, 0x00000006f6c00000| Untracked 
|  92|0x00000006f7000000, 0x00000006f7000000, 0x00000006f7400000|  0%| F|  |TAMS 0x00000006f7000000, 0x00000006f7000000| Untracked 
|  93|0x00000006f7400000, 0x00000006f7400000, 0x00000006f7800000|  0%| F|  |TAMS 0x00000006f7400000, 0x00000006f7400000| Untracked 
|  94|0x00000006f7800000, 0x00000006f7800000, 0x00000006f7c00000|  0%| F|  |TAMS 0x00000006f7800000, 0x00000006f7800000| Untracked 
|  95|0x00000006f7c00000, 0x00000006f7c00000, 0x00000006f8000000|  0%| F|  |TAMS 0x00000006f7c00000, 0x00000006f7c00000| Untracked 
|  96|0x00000006f8000000, 0x00000006f8000000, 0x00000006f8400000|  0%| F|  |TAMS 0x00000006f8000000, 0x00000006f8000000| Untracked 
|  97|0x00000006f8400000, 0x00000006f8400000, 0x00000006f8800000|  0%| F|  |TAMS 0x00000006f8400000, 0x00000006f8400000| Untracked 
|  98|0x00000006f8800000, 0x00000006f8800000, 0x00000006f8c00000|  0%| F|  |TAMS 0x00000006f8800000, 0x00000006f8800000| Untracked 
|  99|0x00000006f8c00000, 0x00000006f8c00000, 0x00000006f9000000|  0%| F|  |TAMS 0x00000006f8c00000, 0x00000006f8c00000| Untracked 
| 100|0x00000006f9000000, 0x00000006f9000000, 0x00000006f9400000|  0%| F|  |TAMS 0x00000006f9000000, 0x00000006f9000000| Untracked 
| 101|0x00000006f9400000, 0x00000006f9400000, 0x00000006f9800000|  0%| F|  |TAMS 0x00000006f9400000, 0x00000006f9400000| Untracked 
| 102|0x00000006f9800000, 0x00000006f9800000, 0x00000006f9c00000|  0%| F|  |TAMS 0x00000006f9800000, 0x00000006f9800000| Untracked 
| 103|0x00000006f9c00000, 0x00000006f9c00000, 0x00000006fa000000|  0%| F|  |TAMS 0x00000006f9c00000, 0x00000006f9c00000| Untracked 
| 104|0x00000006fa000000, 0x00000006fa000000, 0x00000006fa400000|  0%| F|  |TAMS 0x00000006fa000000, 0x00000006fa000000| Untracked 
| 105|0x00000006fa400000, 0x00000006fa400000, 0x00000006fa800000|  0%| F|  |TAMS 0x00000006fa400000, 0x00000006fa400000| Untracked 
| 106|0x00000006fa800000, 0x00000006fa800000, 0x00000006fac00000|  0%| F|  |TAMS 0x00000006fa800000, 0x00000006fa800000| Untracked 
| 107|0x00000006fac00000, 0x00000006fac00000, 0x00000006fb000000|  0%| F|  |TAMS 0x00000006fac00000, 0x00000006fac00000| Untracked 
| 108|0x00000006fb000000, 0x00000006fb000000, 0x00000006fb400000|  0%| F|  |TAMS 0x00000006fb000000, 0x00000006fb000000| Untracked 
| 109|0x00000006fb400000, 0x00000006fb400000, 0x00000006fb800000|  0%| F|  |TAMS 0x00000006fb400000, 0x00000006fb400000| Untracked 
| 110|0x00000006fb800000, 0x00000006fb800000, 0x00000006fbc00000|  0%| F|  |TAMS 0x00000006fb800000, 0x00000006fb800000| Untracked 
| 111|0x00000006fbc00000, 0x00000006fbc00000, 0x00000006fc000000|  0%| F|  |TAMS 0x00000006fbc00000, 0x00000006fbc00000| Untracked 
| 112|0x00000006fc000000, 0x00000006fc000000, 0x00000006fc400000|  0%| F|  |TAMS 0x00000006fc000000, 0x00000006fc000000| Untracked 
| 113|0x00000006fc400000, 0x00000006fc400000, 0x00000006fc800000|  0%| F|  |TAMS 0x00000006fc400000, 0x00000006fc400000| Untracked 
| 114|0x00000006fc800000, 0x00000006fc800000, 0x00000006fcc00000|  0%| F|  |TAMS 0x00000006fc800000, 0x00000006fc800000| Untracked 
| 115|0x00000006fcc00000, 0x00000006fcc00000, 0x00000006fd000000|  0%| F|  |TAMS 0x00000006fcc00000, 0x00000006fcc00000| Untracked 
| 116|0x00000006fd000000, 0x00000006fd000000, 0x00000006fd400000|  0%| F|  |TAMS 0x00000006fd000000, 0x00000006fd000000| Untracked 
| 117|0x00000006fd400000, 0x00000006fd400000, 0x00000006fd800000|  0%| F|  |TAMS 0x00000006fd400000, 0x00000006fd400000| Untracked 
| 118|0x00000006fd800000, 0x00000006fd800000, 0x00000006fdc00000|  0%| F|  |TAMS 0x00000006fd800000, 0x00000006fd800000| Untracked 
| 119|0x00000006fdc00000, 0x00000006fdc00000, 0x00000006fe000000|  0%| F|  |TAMS 0x00000006fdc00000, 0x00000006fdc00000| Untracked 
| 120|0x00000006fe000000, 0x00000006fe000000, 0x00000006fe400000|  0%| F|  |TAMS 0x00000006fe000000, 0x00000006fe000000| Untracked 
| 121|0x00000006fe400000, 0x00000006fe400000, 0x00000006fe800000|  0%| F|  |TAMS 0x00000006fe400000, 0x00000006fe400000| Untracked 
| 122|0x00000006fe800000, 0x00000006fe800000, 0x00000006fec00000|  0%| F|  |TAMS 0x00000006fe800000, 0x00000006fe800000| Untracked 
| 123|0x00000006fec00000, 0x00000006feffffe8, 0x00000006ff000000| 99%| O|  |TAMS 0x00000006fec00000, 0x00000006fec00000| Untracked 
| 124|0x00000006ff000000, 0x00000006ff000000, 0x00000006ff400000|  0%| F|  |TAMS 0x00000006ff000000, 0x00000006ff000000| Untracked 
| 125|0x00000006ff400000, 0x00000006ff400000, 0x00000006ff800000|  0%| F|  |TAMS 0x00000006ff400000, 0x00000006ff400000| Untracked 
| 126|0x00000006ff800000, 0x00000006ff800000, 0x00000006ffc00000|  0%| F|  |TAMS 0x00000006ff800000, 0x00000006ff800000| Untracked 
| 127|0x00000006ffc00000, 0x00000006ffc00000, 0x0000000700000000|  0%| F|  |TAMS 0x00000006ffc00000, 0x00000006ffc00000| Untracked 
| 128|0x0000000700000000, 0x0000000700400000, 0x0000000700400000|100%| O|  |TAMS 0x0000000700000000, 0x0000000700000000| Untracked 
| 129|0x0000000700400000, 0x0000000700400000, 0x0000000700800000|  0%| F|  |TAMS 0x0000000700400000, 0x0000000700400000| Untracked 
| 130|0x0000000700800000, 0x0000000700800000, 0x0000000700c00000|  0%| F|  |TAMS 0x0000000700800000, 0x0000000700800000| Untracked 
| 131|0x0000000700c00000, 0x0000000700c00000, 0x0000000701000000|  0%| F|  |TAMS 0x0000000700c00000, 0x0000000700c00000| Untracked 
| 132|0x0000000701000000, 0x00000007013ffff8, 0x0000000701400000| 99%| O|  |TAMS 0x0000000701000000, 0x0000000701000000| Untracked 
| 133|0x0000000701400000, 0x0000000701400000, 0x0000000701800000|  0%| F|  |TAMS 0x0000000701400000, 0x0000000701400000| Untracked 
| 134|0x0000000701800000, 0x0000000701bffff8, 0x0000000701c00000| 99%| O|  |TAMS 0x0000000701800000, 0x0000000701800000| Untracked 
| 135|0x0000000701c00000, 0x0000000701c00000, 0x0000000702000000|  0%| F|  |TAMS 0x0000000701c00000, 0x0000000701c00000| Untracked 
| 136|0x0000000702000000, 0x0000000702000000, 0x0000000702400000|  0%| F|  |TAMS 0x0000000702000000, 0x0000000702000000| Untracked 
| 137|0x0000000702400000, 0x0000000702400000, 0x0000000702800000|  0%| F|  |TAMS 0x0000000702400000, 0x0000000702400000| Untracked 
| 138|0x0000000702800000, 0x0000000702800000, 0x0000000702c00000|  0%| F|  |TAMS 0x0000000702800000, 0x0000000702800000| Untracked 
| 139|0x0000000702c00000, 0x0000000702c00000, 0x0000000703000000|  0%| F|  |TAMS 0x0000000702c00000, 0x0000000702c00000| Untracked 
| 140|0x0000000703000000, 0x00000007033fffc0, 0x0000000703400000| 99%| O|  |TAMS 0x0000000703000000, 0x0000000703000000| Untracked 
| 141|0x0000000703400000, 0x0000000703400000, 0x0000000703800000|  0%| F|  |TAMS 0x0000000703400000, 0x0000000703400000| Untracked 
| 142|0x0000000703800000, 0x0000000703aa0e18, 0x0000000703c00000| 65%| O|  |TAMS 0x0000000703800000, 0x0000000703800000| Untracked 
| 143|0x0000000703c00000, 0x0000000703c00000, 0x0000000704000000|  0%| F|  |TAMS 0x0000000703c00000, 0x0000000703c00000| Untracked 
| 144|0x0000000704000000, 0x0000000704000000, 0x0000000704400000|  0%| F|  |TAMS 0x0000000704000000, 0x0000000704000000| Untracked 
| 145|0x0000000704400000, 0x0000000704400000, 0x0000000704800000|  0%| F|  |TAMS 0x0000000704400000, 0x0000000704400000| Untracked 
| 146|0x0000000704800000, 0x0000000704800000, 0x0000000704c00000|  0%| F|  |TAMS 0x0000000704800000, 0x0000000704800000| Untracked 
| 147|0x0000000704c00000, 0x0000000704c00000, 0x0000000705000000|  0%| F|  |TAMS 0x0000000704c00000, 0x0000000704c00000| Untracked 
| 148|0x0000000705000000, 0x0000000705000000, 0x0000000705400000|  0%| F|  |TAMS 0x0000000705000000, 0x0000000705000000| Untracked 
| 149|0x0000000705400000, 0x0000000705400000, 0x0000000705800000|  0%| F|  |TAMS 0x0000000705400000, 0x0000000705400000| Untracked 
| 150|0x0000000705800000, 0x0000000705800000, 0x0000000705c00000|  0%| F|  |TAMS 0x0000000705800000, 0x0000000705800000| Untracked 
| 151|0x0000000705c00000, 0x0000000705c00000, 0x0000000706000000|  0%| F|  |TAMS 0x0000000705c00000, 0x0000000705c00000| Untracked 
| 152|0x0000000706000000, 0x0000000706000000, 0x0000000706400000|  0%| F|  |TAMS 0x0000000706000000, 0x0000000706000000| Untracked 
| 153|0x0000000706400000, 0x0000000706400000, 0x0000000706800000|  0%| F|  |TAMS 0x0000000706400000, 0x0000000706400000| Untracked 
| 154|0x0000000706800000, 0x0000000706800000, 0x0000000706c00000|  0%| F|  |TAMS 0x0000000706800000, 0x0000000706800000| Untracked 
| 155|0x0000000706c00000, 0x0000000706c00000, 0x0000000707000000|  0%| F|  |TAMS 0x0000000706c00000, 0x0000000706c00000| Untracked 
| 156|0x0000000707000000, 0x0000000707000000, 0x0000000707400000|  0%| F|  |TAMS 0x0000000707000000, 0x0000000707000000| Untracked 
| 157|0x0000000707400000, 0x0000000707400000, 0x0000000707800000|  0%| F|  |TAMS 0x0000000707400000, 0x0000000707400000| Untracked 
| 158|0x0000000707800000, 0x0000000707800000, 0x0000000707c00000|  0%| F|  |TAMS 0x0000000707800000, 0x0000000707800000| Untracked 
| 159|0x0000000707c00000, 0x0000000707c00000, 0x0000000708000000|  0%| F|  |TAMS 0x0000000707c00000, 0x0000000707c00000| Untracked 
| 160|0x0000000708000000, 0x0000000708000000, 0x0000000708400000|  0%| F|  |TAMS 0x0000000708000000, 0x0000000708000000| Untracked 
| 161|0x0000000708400000, 0x0000000708400000, 0x0000000708800000|  0%| F|  |TAMS 0x0000000708400000, 0x0000000708400000| Untracked 
| 162|0x0000000708800000, 0x0000000708800000, 0x0000000708c00000|  0%| F|  |TAMS 0x0000000708800000, 0x0000000708800000| Untracked 
| 163|0x0000000708c00000, 0x0000000708c00000, 0x0000000709000000|  0%| F|  |TAMS 0x0000000708c00000, 0x0000000708c00000| Untracked 
| 164|0x0000000709000000, 0x0000000709000000, 0x0000000709400000|  0%| F|  |TAMS 0x0000000709000000, 0x0000000709000000| Untracked 
| 165|0x0000000709400000, 0x0000000709400000, 0x0000000709800000|  0%| F|  |TAMS 0x0000000709400000, 0x0000000709400000| Untracked 
| 166|0x0000000709800000, 0x0000000709800000, 0x0000000709c00000|  0%| F|  |TAMS 0x0000000709800000, 0x0000000709800000| Untracked 
| 167|0x0000000709c00000, 0x0000000709c00000, 0x000000070a000000|  0%| F|  |TAMS 0x0000000709c00000, 0x0000000709c00000| Untracked 
| 168|0x000000070a000000, 0x000000070a000000, 0x000000070a400000|  0%| F|  |TAMS 0x000000070a000000, 0x000000070a000000| Untracked 
| 169|0x000000070a400000, 0x000000070a400000, 0x000000070a800000|  0%| F|  |TAMS 0x000000070a400000, 0x000000070a400000| Untracked 
| 170|0x000000070a800000, 0x000000070a800000, 0x000000070ac00000|  0%| F|  |TAMS 0x000000070a800000, 0x000000070a800000| Untracked 
| 171|0x000000070ac00000, 0x000000070ac00000, 0x000000070b000000|  0%| F|  |TAMS 0x000000070ac00000, 0x000000070ac00000| Untracked 
| 172|0x000000070b000000, 0x000000070b000000, 0x000000070b400000|  0%| F|  |TAMS 0x000000070b000000, 0x000000070b000000| Untracked 
| 173|0x000000070b400000, 0x000000070b400000, 0x000000070b800000|  0%| F|  |TAMS 0x000000070b400000, 0x000000070b400000| Untracked 
| 174|0x000000070b800000, 0x000000070b800000, 0x000000070bc00000|  0%| F|  |TAMS 0x000000070b800000, 0x000000070b800000| Untracked 
| 175|0x000000070bc00000, 0x000000070bc00000, 0x000000070c000000|  0%| F|  |TAMS 0x000000070bc00000, 0x000000070bc00000| Untracked 
| 176|0x000000070c000000, 0x000000070c000000, 0x000000070c400000|  0%| F|  |TAMS 0x000000070c000000, 0x000000070c000000| Untracked 
| 177|0x000000070c400000, 0x000000070c400000, 0x000000070c800000|  0%| F|  |TAMS 0x000000070c400000, 0x000000070c400000| Untracked 
| 178|0x000000070c800000, 0x000000070c800000, 0x000000070cc00000|  0%| F|  |TAMS 0x000000070c800000, 0x000000070c800000| Untracked 
| 179|0x000000070cc00000, 0x000000070cc00000, 0x000000070d000000|  0%| F|  |TAMS 0x000000070cc00000, 0x000000070cc00000| Untracked 
| 180|0x000000070d000000, 0x000000070d000000, 0x000000070d400000|  0%| F|  |TAMS 0x000000070d000000, 0x000000070d000000| Untracked 
| 181|0x000000070d400000, 0x000000070d400000, 0x000000070d800000|  0%| F|  |TAMS 0x000000070d400000, 0x000000070d400000| Untracked 
| 182|0x000000070d800000, 0x000000070d800000, 0x000000070dc00000|  0%| F|  |TAMS 0x000000070d800000, 0x000000070d800000| Untracked 
| 183|0x000000070dc00000, 0x000000070dc00000, 0x000000070e000000|  0%| F|  |TAMS 0x000000070dc00000, 0x000000070dc00000| Untracked 
| 184|0x000000070e000000, 0x000000070e000000, 0x000000070e400000|  0%| F|  |TAMS 0x000000070e000000, 0x000000070e000000| Untracked 
| 185|0x000000070e400000, 0x000000070e400000, 0x000000070e800000|  0%| F|  |TAMS 0x000000070e400000, 0x000000070e400000| Untracked 
| 186|0x000000070e800000, 0x000000070e800000, 0x000000070ec00000|  0%| F|  |TAMS 0x000000070e800000, 0x000000070e800000| Untracked 
| 187|0x000000070ec00000, 0x000000070ec00000, 0x000000070f000000|  0%| F|  |TAMS 0x000000070ec00000, 0x000000070ec00000| Untracked 
| 188|0x000000070f000000, 0x000000070f000000, 0x000000070f400000|  0%| F|  |TAMS 0x000000070f000000, 0x000000070f000000| Untracked 
| 189|0x000000070f400000, 0x000000070f400000, 0x000000070f800000|  0%| F|  |TAMS 0x000000070f400000, 0x000000070f400000| Untracked 
| 190|0x000000070f800000, 0x000000070f800000, 0x000000070fc00000|  0%| F|  |TAMS 0x000000070f800000, 0x000000070f800000| Untracked 
| 191|0x000000070fc00000, 0x0000000710000000, 0x0000000710000000|100%| O|  |TAMS 0x0000000710000000, 0x000000070fc00000| Untracked 
| 192|0x0000000710000000, 0x0000000710400000, 0x0000000710400000|100%| O|  |TAMS 0x0000000710400000, 0x0000000710000000| Untracked 
| 193|0x0000000710400000, 0x0000000710800000, 0x0000000710800000|100%| O|  |TAMS 0x0000000710800000, 0x0000000710400000| Untracked 
| 194|0x0000000710800000, 0x0000000710800000, 0x0000000710c00000|  0%| F|  |TAMS 0x0000000710800000, 0x0000000710800000| Untracked 
| 195|0x0000000710c00000, 0x0000000711000000, 0x0000000711000000|100%| O|  |TAMS 0x0000000711000000, 0x0000000710c00000| Untracked 
| 196|0x0000000711000000, 0x0000000711400000, 0x0000000711400000|100%| O|  |TAMS 0x0000000711400000, 0x0000000711000000| Untracked 
| 197|0x0000000711400000, 0x0000000711800000, 0x0000000711800000|100%| O|  |TAMS 0x0000000711800000, 0x0000000711400000| Untracked 
| 198|0x0000000711800000, 0x0000000711800000, 0x0000000711c00000|  0%| F|  |TAMS 0x0000000711800000, 0x0000000711800000| Untracked 
| 199|0x0000000711c00000, 0x0000000712000000, 0x0000000712000000|100%| O|  |TAMS 0x0000000712000000, 0x0000000711c00000| Untracked 
| 200|0x0000000712000000, 0x0000000712000000, 0x0000000712400000|  0%| F|  |TAMS 0x0000000712000000, 0x0000000712000000| Untracked 
| 201|0x0000000712400000, 0x0000000712400000, 0x0000000712800000|  0%| F|  |TAMS 0x0000000712400000, 0x0000000712400000| Untracked 
| 202|0x0000000712800000, 0x0000000712800000, 0x0000000712c00000|  0%| F|  |TAMS 0x0000000712800000, 0x0000000712800000| Untracked 
| 203|0x0000000712c00000, 0x0000000712c00000, 0x0000000713000000|  0%| F|  |TAMS 0x0000000712c00000, 0x0000000712c00000| Untracked 
| 204|0x0000000713000000, 0x0000000713000000, 0x0000000713400000|  0%| F|  |TAMS 0x0000000713000000, 0x0000000713000000| Untracked 
| 205|0x0000000713400000, 0x0000000713400000, 0x0000000713800000|  0%| F|  |TAMS 0x0000000713400000, 0x0000000713400000| Untracked 
| 206|0x0000000713800000, 0x0000000713800000, 0x0000000713c00000|  0%| F|  |TAMS 0x0000000713800000, 0x0000000713800000| Untracked 
| 207|0x0000000713c00000, 0x0000000713c00000, 0x0000000714000000|  0%| F|  |TAMS 0x0000000713c00000, 0x0000000713c00000| Untracked 
| 208|0x0000000714000000, 0x0000000714000000, 0x0000000714400000|  0%| F|  |TAMS 0x0000000714000000, 0x0000000714000000| Untracked 
| 209|0x0000000714400000, 0x0000000714400000, 0x0000000714800000|  0%| F|  |TAMS 0x0000000714400000, 0x0000000714400000| Untracked 
| 210|0x0000000714800000, 0x0000000714800000, 0x0000000714c00000|  0%| F|  |TAMS 0x0000000714800000, 0x0000000714800000| Untracked 
| 211|0x0000000714c00000, 0x0000000714c00000, 0x0000000715000000|  0%| F|  |TAMS 0x0000000714c00000, 0x0000000714c00000| Untracked 
| 212|0x0000000715000000, 0x0000000715000000, 0x0000000715400000|  0%| F|  |TAMS 0x0000000715000000, 0x0000000715000000| Untracked 
| 213|0x0000000715400000, 0x0000000715400000, 0x0000000715800000|  0%| F|  |TAMS 0x0000000715400000, 0x0000000715400000| Untracked 
| 214|0x0000000715800000, 0x0000000715800000, 0x0000000715c00000|  0%| F|  |TAMS 0x0000000715800000, 0x0000000715800000| Untracked 
| 215|0x0000000715c00000, 0x0000000715c00000, 0x0000000716000000|  0%| F|  |TAMS 0x0000000715c00000, 0x0000000715c00000| Untracked 
| 216|0x0000000716000000, 0x0000000716000000, 0x0000000716400000|  0%| F|  |TAMS 0x0000000716000000, 0x0000000716000000| Untracked 
| 217|0x0000000716400000, 0x0000000716400000, 0x0000000716800000|  0%| F|  |TAMS 0x0000000716400000, 0x0000000716400000| Untracked 
| 218|0x0000000716800000, 0x0000000716800000, 0x0000000716c00000|  0%| F|  |TAMS 0x0000000716800000, 0x0000000716800000| Untracked 
| 219|0x0000000716c00000, 0x0000000716c00000, 0x0000000717000000|  0%| F|  |TAMS 0x0000000716c00000, 0x0000000716c00000| Untracked 
| 220|0x0000000717000000, 0x0000000717000000, 0x0000000717400000|  0%| F|  |TAMS 0x0000000717000000, 0x0000000717000000| Untracked 
| 221|0x0000000717400000, 0x0000000717400000, 0x0000000717800000|  0%| F|  |TAMS 0x0000000717400000, 0x0000000717400000| Untracked 
| 222|0x0000000717800000, 0x0000000717800000, 0x0000000717c00000|  0%| F|  |TAMS 0x0000000717800000, 0x0000000717800000| Untracked 
| 223|0x0000000717c00000, 0x0000000717c00000, 0x0000000718000000|  0%| F|  |TAMS 0x0000000717c00000, 0x0000000717c00000| Untracked 
| 224|0x0000000718000000, 0x0000000718000000, 0x0000000718400000|  0%| F|  |TAMS 0x0000000718000000, 0x0000000718000000| Untracked 
| 225|0x0000000718400000, 0x0000000718400000, 0x0000000718800000|  0%| F|  |TAMS 0x0000000718400000, 0x0000000718400000| Untracked 
| 226|0x0000000718800000, 0x0000000718800000, 0x0000000718c00000|  0%| F|  |TAMS 0x0000000718800000, 0x0000000718800000| Untracked 
| 227|0x0000000718c00000, 0x0000000718c00000, 0x0000000719000000|  0%| F|  |TAMS 0x0000000718c00000, 0x0000000718c00000| Untracked 
| 228|0x0000000719000000, 0x0000000719000000, 0x0000000719400000|  0%| F|  |TAMS 0x0000000719000000, 0x0000000719000000| Untracked 
| 229|0x0000000719400000, 0x0000000719400000, 0x0000000719800000|  0%| F|  |TAMS 0x0000000719400000, 0x0000000719400000| Untracked 
| 230|0x0000000719800000, 0x0000000719800000, 0x0000000719c00000|  0%| F|  |TAMS 0x0000000719800000, 0x0000000719800000| Untracked 
| 231|0x0000000719c00000, 0x0000000719c00000, 0x000000071a000000|  0%| F|  |TAMS 0x0000000719c00000, 0x0000000719c00000| Untracked 
| 232|0x000000071a000000, 0x000000071a000000, 0x000000071a400000|  0%| F|  |TAMS 0x000000071a000000, 0x000000071a000000| Untracked 
| 233|0x000000071a400000, 0x000000071a400000, 0x000000071a800000|  0%| F|  |TAMS 0x000000071a400000, 0x000000071a400000| Untracked 
| 234|0x000000071a800000, 0x000000071a800000, 0x000000071ac00000|  0%| F|  |TAMS 0x000000071a800000, 0x000000071a800000| Untracked 
| 235|0x000000071ac00000, 0x000000071ac00000, 0x000000071b000000|  0%| F|  |TAMS 0x000000071ac00000, 0x000000071ac00000| Untracked 
| 236|0x000000071b000000, 0x000000071b000000, 0x000000071b400000|  0%| F|  |TAMS 0x000000071b000000, 0x000000071b000000| Untracked 
| 237|0x000000071b400000, 0x000000071b53aa78, 0x000000071b800000| 30%| S|CS|TAMS 0x000000071b400000, 0x000000071b400000| Complete 
| 238|0x000000071b800000, 0x000000071bc00000, 0x000000071bc00000|100%| S|CS|TAMS 0x000000071b800000, 0x000000071b800000| Complete 
| 239|0x000000071bc00000, 0x000000071c000000, 0x000000071c000000|100%| S|CS|TAMS 0x000000071bc00000, 0x000000071bc00000| Complete 
| 240|0x000000071c000000, 0x000000071c000000, 0x000000071c400000|  0%| F|  |TAMS 0x000000071c000000, 0x000000071c000000| Untracked 
| 241|0x000000071c400000, 0x000000071c400000, 0x000000071c800000|  0%| F|  |TAMS 0x000000071c400000, 0x000000071c400000| Untracked 
| 242|0x000000071c800000, 0x000000071c800000, 0x000000071cc00000|  0%| F|  |TAMS 0x000000071c800000, 0x000000071c800000| Untracked 
| 243|0x000000071cc00000, 0x000000071cc00000, 0x000000071d000000|  0%| F|  |TAMS 0x000000071cc00000, 0x000000071cc00000| Untracked 
| 244|0x000000071d000000, 0x000000071d000000, 0x000000071d400000|  0%| F|  |TAMS 0x000000071d000000, 0x000000071d000000| Untracked 
| 245|0x000000071d400000, 0x000000071d400000, 0x000000071d800000|  0%| F|  |TAMS 0x000000071d400000, 0x000000071d400000| Untracked 
| 246|0x000000071d800000, 0x000000071d800000, 0x000000071dc00000|  0%| F|  |TAMS 0x000000071d800000, 0x000000071d800000| Untracked 
| 247|0x000000071dc00000, 0x000000071dc00000, 0x000000071e000000|  0%| F|  |TAMS 0x000000071dc00000, 0x000000071dc00000| Untracked 
| 248|0x000000071e000000, 0x000000071e000000, 0x000000071e400000|  0%| F|  |TAMS 0x000000071e000000, 0x000000071e000000| Untracked 
| 249|0x000000071e400000, 0x000000071e400000, 0x000000071e800000|  0%| F|  |TAMS 0x000000071e400000, 0x000000071e400000| Untracked 
| 250|0x000000071e800000, 0x000000071e800000, 0x000000071ec00000|  0%| F|  |TAMS 0x000000071e800000, 0x000000071e800000| Untracked 
| 251|0x000000071ec00000, 0x000000071ec00000, 0x000000071f000000|  0%| F|  |TAMS 0x000000071ec00000, 0x000000071ec00000| Untracked 
| 252|0x000000071f000000, 0x000000071f000000, 0x000000071f400000|  0%| F|  |TAMS 0x000000071f000000, 0x000000071f000000| Untracked 
| 253|0x000000071f400000, 0x000000071f400000, 0x000000071f800000|  0%| F|  |TAMS 0x000000071f400000, 0x000000071f400000| Untracked 
| 254|0x000000071f800000, 0x000000071f800000, 0x000000071fc00000|  0%| F|  |TAMS 0x000000071f800000, 0x000000071f800000| Untracked 
| 255|0x000000071fc00000, 0x000000071fc00000, 0x0000000720000000|  0%| F|  |TAMS 0x000000071fc00000, 0x000000071fc00000| Untracked 
| 256|0x0000000720000000, 0x0000000720000000, 0x0000000720400000|  0%| F|  |TAMS 0x0000000720000000, 0x0000000720000000| Untracked 

Card table byte_map: [0x0000023938b20000,0x0000023939420000] _byte_map_base: 0x0000023935420000

Marking Bits (Prev, Next): (CMBitMap*) 0x00000239219caf00, (CMBitMap*) 0x00000239219caf40
 Prev Bits: [0x0000023939d20000, 0x000002393e520000)
 Next Bits: [0x000002393e520000, 0x0000023942d20000)

Polling page: 0x000002391f780000

Metaspace:

Usage:
  Non-class:    253.82 MB used.
      Class:     38.84 MB used.
       Both:    292.66 MB used.

Virtual space:
  Non-class space:      320.00 MB reserved,     259.12 MB ( 81%) committed,  5 nodes.
      Class space:        1.00 GB reserved,      41.88 MB (  4%) committed,  1 nodes.
             Both:        1.31 GB reserved,     301.00 MB ( 22%) committed. 

Chunk freelists:
   Non-Class:  16.53 MB
       Class:  7.56 MB
        Both:  24.10 MB

MaxMetaspaceSize: unlimited
CompressedClassSpaceSize: 1.00 GB
Initial GC threshold: 21.00 MB
Current GC threshold: 501.69 MB
CDS: on
MetaspaceReclaimPolicy: balanced
 - commit_granule_bytes: 65536.
 - commit_granule_words: 8192.
 - virtual_space_node_default_size: 8388608.
 - enlarge_chunks_in_place: 1.
 - new_chunks_are_fully_committed: 0.
 - uncommit_free_chunks: 1.
 - use_allocation_guard: 0.
 - handle_deallocations: 1.


Internal statistics:

num_allocs_failed_limit: 12.
num_arena_births: 8858.
num_arena_deaths: 3092.
num_vsnodes_births: 6.
num_vsnodes_deaths: 0.
num_space_committed: 4825.
num_space_uncommitted: 14.
num_chunks_returned_to_freelist: 4016.
num_chunks_taken_from_freelist: 24157.
num_chunk_merges: 1454.
num_chunk_splits: 14558.
num_chunks_enlarged: 7901.
num_inconsistent_stats: 0.

CodeHeap 'non-profiled nmethods': size=120000Kb used=44230Kb max_used=44230Kb free=75769Kb
 bounds [0x0000023930cf0000, 0x0000023933830000, 0x0000023938220000]
CodeHeap 'profiled nmethods': size=120000Kb used=92191Kb max_used=92191Kb free=27808Kb
 bounds [0x0000023929220000, 0x000002392ec30000, 0x0000023930750000]
CodeHeap 'non-nmethods': size=5760Kb used=2608Kb max_used=2673Kb free=3151Kb
 bounds [0x0000023930750000, 0x0000023930a00000, 0x0000023930cf0000]
 total_blobs=45600 nmethods=44435 adapters=1075
 compilation: enabled
              stopped_count=0, restarted_count=0
 full_count=0

Compilation events (20 events):
Event: 36964.068 Thread 0x00000239451f6620 nmethod 57112 0x0000023931998490 code [0x0000023931998660, 0x0000023931998f78]
Event: 36964.078 Thread 0x00000239451f6620 57117   !   4       com.google.gson.Gson::getAdapter (258 bytes)
Event: 36964.483 Thread 0x0000023945213cc0 57118       3       com.sun.tools.javac.file.CacheFSInfo$$Lambda$4529/0x0000023949142470::apply (12 bytes)
Event: 36964.484 Thread 0x0000023945213cc0 nmethod 57118 0x000002392ec25610 code [0x000002392ec25800, 0x000002392ec25e28]
Event: 36964.484 Thread 0x0000023945213cc0 57119       3       com.sun.tools.javac.file.CacheFSInfo::lambda$getCanonicalFile$1 (6 bytes)
Event: 36964.485 Thread 0x0000023945213cc0 nmethod 57119 0x000002392ec26090 code [0x000002392ec26260, 0x000002392ec26728]
Event: 36964.703 Thread 0x00000239451f6620 nmethod 57117 0x000002393381ca10 code [0x000002393381d1c0, 0x0000023933825050]
Event: 36964.704 Thread 0x00000239451f6620 57120       4       java.util.JumboEnumSet$EnumSetIterator::hasNext (67 bytes)
Event: 36964.708 Thread 0x00000239451f6620 nmethod 57120 0x0000023932d6eb90 code [0x0000023932d6ed00, 0x0000023932d6ee18]
Event: 36964.746 Thread 0x0000023945213cc0 57121       3       java.util.jar.JarFile::<init> (8 bytes)
Event: 36964.747 Thread 0x0000023945213cc0 nmethod 57121 0x00000239297c9d10 code [0x00000239297c9ea0, 0x00000239297c9fe8]
Event: 36964.788 Thread 0x0000023945213cc0 57122       3       com.sun.tools.javac.util.Context::put (67 bytes)
Event: 36964.791 Thread 0x0000023945213cc0 nmethod 57122 0x000002392ec26910 code [0x000002392ec26b20, 0x000002392ec27378]
Event: 36964.791 Thread 0x0000023945213cc0 57123       3       com.sun.tools.javac.comp.Operators$BinaryOperatorHelper::addBinaryOperator (24 bytes)
Event: 36964.795 Thread 0x0000023945213cc0 nmethod 57123 0x000002392ec27590 code [0x000002392ec277c0, 0x000002392ec280c8]
Event: 36964.795 Thread 0x0000023945213cc0 57124       3       com.sun.tools.javac.comp.Operators$BinaryOperatorHelper$$Lambda$4571/0x00000239491bd4b0::<init> (32 bytes)
Event: 36964.795 Thread 0x0000023945213cc0 nmethod 57124 0x000002392ec28410 code [0x000002392ec285c0, 0x000002392ec28918]
Event: 36964.866 Thread 0x00000239451f6620 57125       4       com.sun.tools.javac.parser.JavacParser::term (30 bytes)
Event: 36964.869 Thread 0x0000023945213cc0 57126       3       com.sun.tools.javac.parser.JavacParser::optag (496 bytes)
Event: 36964.871 Thread 0x0000023945213cc0 nmethod 57126 0x000002392ec28a10 code [0x000002392ec28ce0, 0x000002392ec29c58]

GC Heap History (20 events):
Event: 36643.591 GC heap after
{Heap after GC invocations=244 (full 2):
 garbage-first heap   total 2285568K, used 773910K [0x00000006e0000000, 0x0000000800000000)
  region size 4096K, 4 young (16384K), 4 survivors (16384K)
 Metaspace       used 302029K, committed 306688K, reserved 1376256K
  class space    used 40358K, committed 42560K, reserved 1048576K
}
Event: 36646.114 GC heap before
{Heap before GC invocations=244 (full 2):
 garbage-first heap   total 2285568K, used 868118K [0x00000006e0000000, 0x0000000800000000)
  region size 4096K, 27 young (110592K), 4 survivors (16384K)
 Metaspace       used 302161K, committed 306752K, reserved 1376256K
  class space    used 40368K, committed 42560K, reserved 1048576K
}
Event: 36646.180 GC heap after
{Heap after GC invocations=245 (full 2):
 garbage-first heap   total 2285568K, used 790611K [0x00000006e0000000, 0x0000000800000000)
  region size 4096K, 4 young (16384K), 4 survivors (16384K)
 Metaspace       used 302161K, committed 306752K, reserved 1376256K
  class space    used 40368K, committed 42560K, reserved 1048576K
}
Event: 36647.945 GC heap before
{Heap before GC invocations=245 (full 2):
 garbage-first heap   total 2285568K, used 884819K [0x00000006e0000000, 0x0000000800000000)
  region size 4096K, 27 young (110592K), 4 survivors (16384K)
 Metaspace       used 302464K, committed 307136K, reserved 1376256K
  class space    used 40403K, committed 42624K, reserved 1048576K
}
Event: 36648.019 GC heap after
{Heap after GC invocations=246 (full 2):
 garbage-first heap   total 2285568K, used 810005K [0x00000006e0000000, 0x0000000800000000)
  region size 4096K, 4 young (16384K), 4 survivors (16384K)
 Metaspace       used 302464K, committed 307136K, reserved 1376256K
  class space    used 40403K, committed 42624K, reserved 1048576K
}
Event: 36649.225 GC heap before
{Heap before GC invocations=246 (full 2):
 garbage-first heap   total 2285568K, used 904213K [0x00000006e0000000, 0x0000000800000000)
  region size 4096K, 27 young (110592K), 4 survivors (16384K)
 Metaspace       used 302669K, committed 307456K, reserved 1376256K
  class space    used 40449K, committed 42752K, reserved 1048576K
}
Event: 36649.291 GC heap after
{Heap after GC invocations=247 (full 2):
 garbage-first heap   total 2285568K, used 822089K [0x00000006e0000000, 0x0000000800000000)
  region size 4096K, 3 young (12288K), 3 survivors (12288K)
 Metaspace       used 302669K, committed 307456K, reserved 1376256K
  class space    used 40449K, committed 42752K, reserved 1048576K
}
Event: 36654.432 GC heap before
{Heap before GC invocations=247 (full 2):
 garbage-first heap   total 2285568K, used 916297K [0x00000006e0000000, 0x0000000800000000)
  region size 4096K, 27 young (110592K), 3 survivors (12288K)
 Metaspace       used 303562K, committed 308352K, reserved 1376256K
  class space    used 40545K, committed 42816K, reserved 1048576K
}
Event: 36654.466 GC heap after
{Heap after GC invocations=248 (full 2):
 garbage-first heap   total 2285568K, used 828592K [0x00000006e0000000, 0x0000000800000000)
  region size 4096K, 2 young (8192K), 2 survivors (8192K)
 Metaspace       used 303562K, committed 308352K, reserved 1376256K
  class space    used 40545K, committed 42816K, reserved 1048576K
}
Event: 36656.355 GC heap before
{Heap before GC invocations=248 (full 2):
 garbage-first heap   total 2285568K, used 832688K [0x00000006e0000000, 0x0000000800000000)
  region size 4096K, 5 young (20480K), 2 survivors (8192K)
 Metaspace       used 304301K, committed 309120K, reserved 1376256K
  class space    used 40658K, committed 42944K, reserved 1048576K
}
Event: 36667.240 GC heap after
{Heap after GC invocations=249 (full 3):
 garbage-first heap   total 1052672K, used 308026K [0x00000006e0000000, 0x0000000800000000)
  region size 4096K, 0 young (0K), 0 survivors (0K)
 Metaspace       used 299248K, committed 308224K, reserved 1376256K
  class space    used 39709K, committed 42880K, reserved 1048576K
}
Event: 36953.109 GC heap before
{Heap before GC invocations=249 (full 3):
 garbage-first heap   total 1052672K, used 451386K [0x00000006e0000000, 0x0000000800000000)
  region size 4096K, 35 young (143360K), 0 survivors (0K)
 Metaspace       used 299346K, committed 308224K, reserved 1376256K
  class space    used 39735K, committed 42880K, reserved 1048576K
}
Event: 36953.307 GC heap after
{Heap after GC invocations=250 (full 3):
 garbage-first heap   total 1052672K, used 322438K [0x00000006e0000000, 0x0000000800000000)
  region size 4096K, 4 young (16384K), 4 survivors (16384K)
 Metaspace       used 299346K, committed 308224K, reserved 1376256K
  class space    used 39735K, committed 42880K, reserved 1048576K
}
Event: 36956.843 GC heap before
{Heap before GC invocations=250 (full 3):
 garbage-first heap   total 1052672K, used 486278K [0x00000006e0000000, 0x0000000800000000)
  region size 4096K, 44 young (180224K), 4 survivors (16384K)
 Metaspace       used 299386K, committed 308224K, reserved 1376256K
  class space    used 39742K, committed 42880K, reserved 1048576K
}
Event: 36957.001 GC heap after
{Heap after GC invocations=251 (full 3):
 garbage-first heap   total 1052672K, used 350212K [0x00000006e0000000, 0x0000000800000000)
  region size 4096K, 6 young (24576K), 6 survivors (24576K)
 Metaspace       used 299386K, committed 308224K, reserved 1376256K
  class space    used 39742K, committed 42880K, reserved 1048576K
}
Event: 36957.757 GC heap before
{Heap before GC invocations=251 (full 3):
 garbage-first heap   total 1052672K, used 423940K [0x00000006e0000000, 0x0000000800000000)
  region size 4096K, 24 young (98304K), 6 survivors (24576K)
 Metaspace       used 299392K, committed 308224K, reserved 1376256K
  class space    used 39743K, committed 42880K, reserved 1048576K
}
Event: 36958.628 GC heap after
{Heap after GC invocations=252 (full 3):
 garbage-first heap   total 1052672K, used 362407K [0x00000006e0000000, 0x0000000800000000)
  region size 4096K, 3 young (12288K), 3 survivors (12288K)
 Metaspace       used 299392K, committed 308224K, reserved 1376256K
  class space    used 39743K, committed 42880K, reserved 1048576K
}
Event: 36959.875 GC heap before
{Heap before GC invocations=252 (full 3):
 garbage-first heap   total 1052672K, used 399271K [0x00000006e0000000, 0x0000000800000000)
  region size 4096K, 12 young (49152K), 3 survivors (12288K)
 Metaspace       used 299403K, committed 308224K, reserved 1376256K
  class space    used 39745K, committed 42880K, reserved 1048576K
}
Event: 36959.958 GC heap after
{Heap after GC invocations=253 (full 3):
 garbage-first heap   total 1052672K, used 364777K [0x00000006e0000000, 0x0000000800000000)
  region size 4096K, 1 young (4096K), 1 survivors (4096K)
 Metaspace       used 299403K, committed 308224K, reserved 1376256K
  class space    used 39745K, committed 42880K, reserved 1048576K
}
Event: 36964.886 GC heap before
{Heap before GC invocations=253 (full 3):
 garbage-first heap   total 1052672K, used 426217K [0x00000006e0000000, 0x0000000800000000)
  region size 4096K, 17 young (69632K), 1 survivors (4096K)
 Metaspace       used 299685K, committed 308224K, reserved 1376256K
  class space    used 39769K, committed 42880K, reserved 1048576K
}

Deoptimization events (20 events):
Event: 36962.166 Thread 0x000002399ddf3380 DEOPT PACKING pc=0x0000023933754278 sp=0x000000babf5fa7b0
Event: 36962.169 Thread 0x000002399ddf3380 DEOPT UNPACKING pc=0x00000239307a23a3 sp=0x000000babf5fa728 mode 2
Event: 36962.697 Thread 0x000002399ddf3380 DEOPT PACKING pc=0x000002392eb202e2 sp=0x000000babf5fb910
Event: 36962.699 Thread 0x000002399ddf3380 DEOPT UNPACKING pc=0x00000239307a2b43 sp=0x000000babf5fae70 mode 0
Event: 36962.721 Thread 0x000002399ddf3380 Uncommon trap: trap_request=0xffffff45 fr.pc=0x0000023933763030 relative=0x0000000000000d30
Event: 36962.721 Thread 0x000002399ddf3380 Uncommon trap: reason=unstable_if action=reinterpret pc=0x0000023933763030 method=org.gradle.api.internal.tasks.compile.incremental.deps.ClassSetAnalysisData.getForwardDependencyView()Lcom/google/common/collect/Multimap; @ 36 c2
Event: 36962.721 Thread 0x000002399ddf3380 DEOPT PACKING pc=0x0000023933763030 sp=0x000000babf5fb9a0
Event: 36962.736 Thread 0x000002399ddf3380 DEOPT UNPACKING pc=0x00000239307a23a3 sp=0x000000babf5fb978 mode 2
Event: 36962.963 Thread 0x00000239a566aed0 Uncommon trap: trap_request=0xffffffd6 fr.pc=0x000002393354f4d8 relative=0x00000000000015b8
Event: 36962.964 Thread 0x00000239a566aed0 Uncommon trap: reason=array_check action=maybe_recompile pc=0x000002393354f4d8 method=java.util.TimSort.mergeHi(IIII)V @ 250 c2
Event: 36962.964 Thread 0x00000239a566aed0 DEOPT PACKING pc=0x000002393354f4d8 sp=0x000000bac27fd890
Event: 36962.965 Thread 0x00000239a566aed0 DEOPT UNPACKING pc=0x00000239307a23a3 sp=0x000000bac27fd868 mode 2
Event: 36964.031 Thread 0x00000239957374a0 Uncommon trap: trap_request=0xffffffde fr.pc=0x0000023932fa817c relative=0x000000000000005c
Event: 36964.031 Thread 0x00000239957374a0 Uncommon trap: reason=class_check action=maybe_recompile pc=0x0000023932fa817c method=kotlin.io.CloseableKt.closeFinally(Ljava/io/Closeable;Ljava/lang/Throwable;)V @ 20 c2
Event: 36964.031 Thread 0x00000239957374a0 DEOPT PACKING pc=0x0000023932fa817c sp=0x000000bac20fdcb0
Event: 36964.031 Thread 0x00000239957374a0 DEOPT UNPACKING pc=0x00000239307a23a3 sp=0x000000bac20fdc48 mode 2
Event: 36964.866 Thread 0x00000239a43642b0 Uncommon trap: trap_request=0xffffff45 fr.pc=0x00000239337ee294 relative=0x00000000000001d4
Event: 36964.866 Thread 0x00000239a43642b0 Uncommon trap: reason=unstable_if action=reinterpret pc=0x00000239337ee294 method=com.sun.tools.javac.parser.JavacParser.optag(Lcom/sun/tools/javac/parser/Tokens$TokenKind;)Lcom/sun/tools/javac/tree/JCTree$Tag; @ 8 c2
Event: 36964.866 Thread 0x00000239a43642b0 DEOPT PACKING pc=0x00000239337ee294 sp=0x000000babf2f81a0
Event: 36964.866 Thread 0x00000239a43642b0 DEOPT UNPACKING pc=0x00000239307a23a3 sp=0x000000babf2f8128 mode 2

Classes unloaded (20 events):
Event: 36663.056 Thread 0x00000239451d3390 Unloading class 0x0000023947b6c800 'jdk/internal/reflect/GeneratedSerializationConstructorAccessor54'
Event: 36663.056 Thread 0x00000239451d3390 Unloading class 0x0000023947b6c400 'jdk/internal/reflect/GeneratedSerializationConstructorAccessor53'
Event: 36663.056 Thread 0x00000239451d3390 Unloading class 0x0000023947b6c000 'jdk/internal/reflect/GeneratedSerializationConstructorAccessor52'
Event: 36663.056 Thread 0x00000239451d3390 Unloading class 0x0000023947b44400 'jdk/internal/reflect/GeneratedSerializationConstructorAccessor51'
Event: 36663.056 Thread 0x00000239451d3390 Unloading class 0x0000023947b44000 'jdk/internal/reflect/GeneratedSerializationConstructorAccessor50'
Event: 36663.057 Thread 0x00000239451d3390 Unloading class 0x0000023947a90000 'jdk/internal/reflect/GeneratedSerializationConstructorAccessor49'
Event: 36663.057 Thread 0x00000239451d3390 Unloading class 0x0000023947a64000 'jdk/internal/reflect/GeneratedSerializationConstructorAccessor48'
Event: 36663.057 Thread 0x00000239451d3390 Unloading class 0x0000023947a59400 'jdk/internal/reflect/GeneratedSerializationConstructorAccessor47'
Event: 36663.057 Thread 0x00000239451d3390 Unloading class 0x0000023947a43400 'jdk/internal/reflect/GeneratedSerializationConstructorAccessor46'
Event: 36663.058 Thread 0x00000239451d3390 Unloading class 0x0000023947bf0000 'build_chw6u4t99cwqbbcuc0s2s81hk$_run_closure3'
Event: 36663.058 Thread 0x00000239451d3390 Unloading class 0x0000023947be98d0 'build_chw6u4t99cwqbbcuc0s2s81hk$_run_closure2$_closure6$_closure9'
Event: 36663.058 Thread 0x00000239451d3390 Unloading class 0x0000023947be94b0 'build_chw6u4t99cwqbbcuc0s2s81hk$_run_closure2$_closure6$_closure8'
Event: 36663.058 Thread 0x00000239451d3390 Unloading class 0x0000023947be9088 'build_chw6u4t99cwqbbcuc0s2s81hk$_run_closure2$_closure6'
Event: 36663.058 Thread 0x00000239451d3390 Unloading class 0x0000023947be8c68 'build_chw6u4t99cwqbbcuc0s2s81hk$_run_closure2$_closure5$_closure7'
Event: 36663.058 Thread 0x00000239451d3390 Unloading class 0x0000023947be8848 'build_chw6u4t99cwqbbcuc0s2s81hk$_run_closure2$_closure5'
Event: 36663.059 Thread 0x00000239451d3390 Unloading class 0x0000023947be8428 'build_chw6u4t99cwqbbcuc0s2s81hk$_run_closure2$_closure4'
Event: 36663.059 Thread 0x00000239451d3390 Unloading class 0x0000023947be8000 'build_chw6u4t99cwqbbcuc0s2s81hk$_run_closure2'
Event: 36663.059 Thread 0x00000239451d3390 Unloading class 0x0000023947be0800 'build_chw6u4t99cwqbbcuc0s2s81hk$_run_closure1'
Event: 36663.059 Thread 0x00000239451d3390 Unloading class 0x0000023947a0f000 'build_chw6u4t99cwqbbcuc0s2s81hk'
Event: 36663.060 Thread 0x00000239451d3390 Unloading class 0x0000023947a0d800 'build_8zqlf7buj743dt8vvbvn9cb46'

Classes redefined (0 events):
No events

Internal exceptions (20 events):
Event: 36962.942 Thread 0x00000239a566aed0 Exception <a 'sun/nio/fs/WindowsException'{0x000000071db76380}> (0x000000071db76380) 
thrown [s\open\src\hotspot\share\prims\jni.cpp, line 516]
Event: 36962.954 Thread 0x00000239a43642b0 Exception <a 'sun/nio/fs/WindowsException'{0x000000071d49d408}> (0x000000071d49d408) 
thrown [s\open\src\hotspot\share\prims\jni.cpp, line 516]
Event: 36962.955 Thread 0x00000239a43642b0 Exception <a 'sun/nio/fs/WindowsException'{0x000000071d49e5c0}> (0x000000071d49e5c0) 
thrown [s\open\src\hotspot\share\prims\jni.cpp, line 516]
Event: 36962.955 Thread 0x00000239a43642b0 Exception <a 'sun/nio/fs/WindowsException'{0x000000071d49e650}> (0x000000071d49e650) 
thrown [s\open\src\hotspot\share\prims\jni.cpp, line 516]
Event: 36962.955 Thread 0x00000239a43642b0 Exception <a 'sun/nio/fs/WindowsException'{0x000000071d49e920}> (0x000000071d49e920) 
thrown [s\open\src\hotspot\share\prims\jni.cpp, line 516]
Event: 36963.006 Thread 0x00000239a566a9c0 Exception <a 'sun/nio/fs/WindowsException'{0x000000071d60fec8}> (0x000000071d60fec8) 
thrown [s\open\src\hotspot\share\prims\jni.cpp, line 516]
Event: 36963.006 Thread 0x00000239a566a9c0 Exception <a 'sun/nio/fs/WindowsException'{0x000000071d610180}> (0x000000071d610180) 
thrown [s\open\src\hotspot\share\prims\jni.cpp, line 516]
Event: 36963.007 Thread 0x00000239a566a9c0 Exception <a 'sun/nio/fs/WindowsException'{0x000000071d610240}> (0x000000071d610240) 
thrown [s\open\src\hotspot\share\prims\jni.cpp, line 516]
Event: 36963.007 Thread 0x00000239a566a9c0 Exception <a 'sun/nio/fs/WindowsException'{0x000000071d610510}> (0x000000071d610510) 
thrown [s\open\src\hotspot\share\prims\jni.cpp, line 516]
Event: 36963.507 Thread 0x00000239957374a0 Exception <a 'sun/nio/fs/WindowsException'{0x00000007201f1110}> (0x00000007201f1110) 
thrown [s\open\src\hotspot\share\prims\jni.cpp, line 516]
Event: 36963.903 Thread 0x000002399ddf3380 Exception <a 'sun/nio/fs/WindowsException'{0x000000071d22e380}> (0x000000071d22e380) 
thrown [s\open\src\hotspot\share\prims\jni.cpp, line 516]
Event: 36963.904 Thread 0x000002399ddf3380 Exception <a 'sun/nio/fs/WindowsException'{0x000000071d22f280}> (0x000000071d22f280) 
thrown [s\open\src\hotspot\share\prims\jni.cpp, line 516]
Event: 36963.904 Thread 0x000002399ddf3380 Exception <a 'sun/nio/fs/WindowsException'{0x000000071d22f310}> (0x000000071d22f310) 
thrown [s\open\src\hotspot\share\prims\jni.cpp, line 516]
Event: 36963.904 Thread 0x000002399ddf3380 Exception <a 'sun/nio/fs/WindowsException'{0x000000071d22f5d0}> (0x000000071d22f5d0) 
thrown [s\open\src\hotspot\share\prims\jni.cpp, line 516]
Event: 36963.908 Thread 0x00000239a566aed0 Exception <a 'sun/nio/fs/WindowsException'{0x000000071c88cb08}> (0x000000071c88cb08) 
thrown [s\open\src\hotspot\share\prims\jni.cpp, line 516]
Event: 36963.942 Thread 0x00000239a43642b0 Exception <a 'sun/nio/fs/WindowsException'{0x000000071c8f4a50}> (0x000000071c8f4a50) 
thrown [s\open\src\hotspot\share\prims\jni.cpp, line 516]
Event: 36963.942 Thread 0x00000239a43642b0 Exception <a 'sun/nio/fs/WindowsException'{0x000000071c8f5bf0}> (0x000000071c8f5bf0) 
thrown [s\open\src\hotspot\share\prims\jni.cpp, line 516]
Event: 36963.943 Thread 0x00000239a43642b0 Exception <a 'sun/nio/fs/WindowsException'{0x000000071c8f5c80}> (0x000000071c8f5c80) 
thrown [s\open\src\hotspot\share\prims\jni.cpp, line 516]
Event: 36963.943 Thread 0x00000239a43642b0 Exception <a 'sun/nio/fs/WindowsException'{0x000000071c8f5f38}> (0x000000071c8f5f38) 
thrown [s\open\src\hotspot\share\prims\jni.cpp, line 516]
Event: 36963.944 Thread 0x0000023997050b40 Exception <a 'sun/nio/fs/WindowsException'{0x000000071c862870}> (0x000000071c862870) 
thrown [s\open\src\hotspot\share\prims\jni.cpp, line 516]

VM Operations (20 events):
Event: 36952.245 Executing VM operation: Cleanup done
Event: 36953.106 Executing VM operation: G1CollectForAllocation
Event: 36953.307 Executing VM operation: G1CollectForAllocation done
Event: 36955.308 Executing VM operation: Cleanup
Event: 36955.308 Executing VM operation: Cleanup done
Event: 36956.843 Executing VM operation: G1CollectForAllocation
Event: 36957.002 Executing VM operation: G1CollectForAllocation done
Event: 36957.757 Executing VM operation: G1CollectForAllocation
Event: 36958.629 Executing VM operation: G1CollectForAllocation done
Event: 36959.875 Executing VM operation: G1CollectForAllocation
Event: 36959.958 Executing VM operation: G1CollectForAllocation done
Event: 36960.959 Executing VM operation: Cleanup
Event: 36960.959 Executing VM operation: Cleanup done
Event: 36962.798 Executing VM operation: HandshakeAllThreads
Event: 36962.815 Executing VM operation: HandshakeAllThreads done
Event: 36962.815 Executing VM operation: Cleanup
Event: 36962.822 Executing VM operation: Cleanup done
Event: 36964.822 Executing VM operation: Cleanup
Event: 36964.825 Executing VM operation: Cleanup done
Event: 36964.884 Executing VM operation: G1CollectForAllocation

Events (20 events):
Event: 36959.559 Thread 0x0000023997051560 Thread added: 0x0000023997051560
Event: 36959.559 Thread 0x0000023997051f80 Thread added: 0x0000023997051f80
Event: 36962.238 loading class java/text/MessageFormat$Field
Event: 36962.244 loading class java/text/MessageFormat$Field done
Event: 36962.552 Thread 0x0000023997052490 Thread added: 0x0000023997052490
Event: 36962.552 Thread 0x0000023997050630 Thread added: 0x0000023997050630
Event: 36962.553 Thread 0x00000239970529a0 Thread added: 0x00000239970529a0
Event: 36962.904 Thread 0x00000239a566aed0 Thread added: 0x00000239a566aed0
Event: 36962.960 Thread 0x00000239a566a9c0 Thread added: 0x00000239a566a9c0
Event: 36963.579 Thread 0x000002394522e9b0 flushing nmethod 0x0000023931995990
Event: 36963.885 Thread 0x0000023997050b40 Thread added: 0x0000023997050b40
Event: 36963.954 Thread 0x00000239a566a4b0 Thread added: 0x00000239a566a4b0
Event: 36964.140 Thread 0x000002394522e9b0 flushing nmethod 0x0000023932d6e790
Event: 36964.148 Thread 0x000002394522e9b0 flushing nmethod 0x0000023932db7390
Event: 36964.386 Thread 0x000002394522e9b0 flushing nmethod 0x00000239333e3d10
Event: 36964.386 Thread 0x000002394522e9b0 flushing nmethod 0x00000239333e5090
Event: 36964.417 Thread 0x000002394522e9b0 flushing nmethod 0x0000023933621b10
Event: 36964.582 Thread 0x000002394522e9b0 flushing nmethod 0x00000239294b7e90
Event: 36964.727 Thread 0x000002394522e9b0 flushing nmethod 0x00000239297c9d10
Event: 36964.847 Thread 0x000002394522e9b0 flushing nmethod 0x0000023929b1fd10


Dynamic libraries:
0x00007ff665c80000 - 0x00007ff665c90000 	C:\Program Files\Java\jdk-17\bin\java.exe
0x00007ffb76a50000 - 0x00007ffb76c48000 	C:\WINDOWS\SYSTEM32\ntdll.dll
0x00007ffb74fe0000 - 0x00007ffb7509d000 	C:\WINDOWS\System32\KERNEL32.DLL
0x00007ffb74750000 - 0x00007ffb74a46000 	C:\WINDOWS\System32\KERNELBASE.dll
0x00007ffb74100000 - 0x00007ffb74200000 	C:\WINDOWS\System32\ucrtbase.dll
0x00007ffb6bcb0000 - 0x00007ffb6bccb000 	C:\Program Files\Java\jdk-17\bin\VCRUNTIME140.dll
0x00007ffb6bd40000 - 0x00007ffb6bd59000 	C:\Program Files\Java\jdk-17\bin\jli.dll
0x00007ffb750a0000 - 0x00007ffb75150000 	C:\WINDOWS\System32\ADVAPI32.dll
0x00007ffb75e50000 - 0x00007ffb75eee000 	C:\WINDOWS\System32\msvcrt.dll
0x00007ffb756b0000 - 0x00007ffb75750000 	C:\WINDOWS\System32\sechost.dll
0x00007ffb75460000 - 0x00007ffb75583000 	C:\WINDOWS\System32\RPCRT4.dll
0x00007ffb74200000 - 0x00007ffb74227000 	C:\WINDOWS\System32\bcrypt.dll
0x00007ffb76100000 - 0x00007ffb7629f000 	C:\WINDOWS\System32\USER32.dll
0x00007ffb74a50000 - 0x00007ffb74a72000 	C:\WINDOWS\System32\win32u.dll
0x00007ffb63260000 - 0x00007ffb634fa000 	C:\WINDOWS\WinSxS\amd64_microsoft.windows.common-controls_6595b64144ccf1df_6.0.19041.4355_none_60b8b9eb71f62e16\COMCTL32.dll
0x00007ffb75350000 - 0x00007ffb7537b000 	C:\WINDOWS\System32\GDI32.dll
0x00007ffb743c0000 - 0x00007ffb744d7000 	C:\WINDOWS\System32\gdi32full.dll
0x00007ffb744e0000 - 0x00007ffb7457d000 	C:\WINDOWS\System32\msvcp_win.dll
0x00007ffb670b0000 - 0x00007ffb670ba000 	C:\WINDOWS\SYSTEM32\VERSION.dll
0x00007ffb75590000 - 0x00007ffb755c2000 	C:\WINDOWS\System32\IMM32.DLL
0x00007ffb71840000 - 0x00007ffb7184c000 	C:\Program Files\Java\jdk-17\bin\vcruntime140_1.dll
0x00007ffb4bcf0000 - 0x00007ffb4bd7e000 	C:\Program Files\Java\jdk-17\bin\msvcp140.dll
0x00007ffb18c40000 - 0x00007ffb19820000 	C:\Program Files\Java\jdk-17\bin\server\jvm.dll
0x00007ffb74e00000 - 0x00007ffb74e08000 	C:\WINDOWS\System32\PSAPI.DLL
0x00007ffb6faa0000 - 0x00007ffb6faa9000 	C:\WINDOWS\SYSTEM32\WSOCK32.dll
0x00007ffb63150000 - 0x00007ffb63177000 	C:\WINDOWS\SYSTEM32\WINMM.dll
0x00007ffb75de0000 - 0x00007ffb75e4b000 	C:\WINDOWS\System32\WS2_32.dll
0x00007ffb72880000 - 0x00007ffb72892000 	C:\WINDOWS\SYSTEM32\kernel.appcore.dll
0x00007ffb6dde0000 - 0x00007ffb6ddea000 	C:\Program Files\Java\jdk-17\bin\jimage.dll
0x00007ffb61650000 - 0x00007ffb61834000 	C:\WINDOWS\SYSTEM32\DBGHELP.DLL
0x00007ffb61610000 - 0x00007ffb61644000 	C:\WINDOWS\SYSTEM32\dbgcore.DLL
0x00007ffb742e0000 - 0x00007ffb74362000 	C:\WINDOWS\System32\bcryptPrimitives.dll
0x00007ffb6bec0000 - 0x00007ffb6bece000 	C:\Program Files\Java\jdk-17\bin\instrument.dll
0x00007ffb5a270000 - 0x00007ffb5a295000 	C:\Program Files\Java\jdk-17\bin\java.dll
0x00007ffb4afa0000 - 0x00007ffb4b077000 	C:\Program Files\Java\jdk-17\bin\jsvml.dll
0x00007ffb762a0000 - 0x00007ffb76a0b000 	C:\WINDOWS\System32\SHELL32.dll
0x00007ffb71fb0000 - 0x00007ffb7274d000 	C:\WINDOWS\SYSTEM32\windows.storage.dll
0x00007ffb74aa0000 - 0x00007ffb74df3000 	C:\WINDOWS\System32\combase.dll
0x00007ffb73a50000 - 0x00007ffb73a7e000 	C:\WINDOWS\SYSTEM32\Wldp.dll
0x00007ffb758a0000 - 0x00007ffb7596d000 	C:\WINDOWS\System32\OLEAUT32.dll
0x00007ffb75240000 - 0x00007ffb752ed000 	C:\WINDOWS\System32\SHCORE.dll
0x00007ffb752f0000 - 0x00007ffb75345000 	C:\WINDOWS\System32\shlwapi.dll
0x00007ffb74030000 - 0x00007ffb74054000 	C:\WINDOWS\SYSTEM32\profapi.dll
0x00007ffb64bf0000 - 0x00007ffb64c08000 	C:\Program Files\Java\jdk-17\bin\zip.dll
0x00007ffb689f0000 - 0x00007ffb68a09000 	C:\Program Files\Java\jdk-17\bin\net.dll
0x00007ffb68e10000 - 0x00007ffb68f1a000 	C:\WINDOWS\SYSTEM32\WINHTTP.dll
0x00007ffb737b0000 - 0x00007ffb7381a000 	C:\WINDOWS\system32\mswsock.dll
0x00007ffb67500000 - 0x00007ffb67516000 	C:\Program Files\Java\jdk-17\bin\nio.dll
0x00007ffb6db60000 - 0x00007ffb6db70000 	C:\Program Files\Java\jdk-17\bin\verify.dll
0x00007ffb57760000 - 0x00007ffb57787000 	C:\Users\ZIDANE\.gradle\native\c067742578af261105cb4f569cf0c3c89f3d7b1fecec35dd04571415982c5e48\windows-amd64\native-platform.dll
0x00007ffb48380000 - 0x00007ffb484c4000 	C:\Users\ZIDANE\.gradle\native\100fb08df4bc3b14c8652ba06237920a3bd2aa13389f12d3474272988ae205f9\windows-amd64\native-platform-file-events.dll
0x00007ffb6d7d0000 - 0x00007ffb6d7da000 	C:\Program Files\Java\jdk-17\bin\management.dll
0x00007ffb6d4a0000 - 0x00007ffb6d4ab000 	C:\Program Files\Java\jdk-17\bin\management_ext.dll
0x00007ffb739a0000 - 0x00007ffb739b8000 	C:\WINDOWS\SYSTEM32\CRYPTSP.dll
0x00007ffb730d0000 - 0x00007ffb73104000 	C:\WINDOWS\system32\rsaenh.dll
0x00007ffb73f30000 - 0x00007ffb73f5e000 	C:\WINDOWS\SYSTEM32\USERENV.dll
0x00007ffb739c0000 - 0x00007ffb739cc000 	C:\WINDOWS\SYSTEM32\CRYPTBASE.dll
0x00007ffb73490000 - 0x00007ffb734cb000 	C:\WINDOWS\SYSTEM32\IPHLPAPI.DLL
0x00007ffb74a90000 - 0x00007ffb74a98000 	C:\WINDOWS\System32\NSI.dll
0x00007ffb699e0000 - 0x00007ffb699f7000 	C:\WINDOWS\SYSTEM32\dhcpcsvc6.DLL
0x00007ffb6a720000 - 0x00007ffb6a73d000 	C:\WINDOWS\SYSTEM32\dhcpcsvc.DLL
0x00007ffb734d0000 - 0x00007ffb7359b000 	C:\WINDOWS\SYSTEM32\DNSAPI.dll
0x00007ffb6be50000 - 0x00007ffb6be5e000 	C:\Program Files\Java\jdk-17\bin\sunmscapi.dll
0x00007ffb745f0000 - 0x00007ffb7474e000 	C:\WINDOWS\System32\CRYPT32.dll
0x00007ffb73ac0000 - 0x00007ffb73ae9000 	C:\WINDOWS\SYSTEM32\ncrypt.dll
0x00007ffb73a80000 - 0x00007ffb73abb000 	C:\WINDOWS\SYSTEM32\NTASN1.dll
0x00007ffb6be20000 - 0x00007ffb6be27000 	C:\WINDOWS\system32\wshunix.dll
0x00007ffb5d450000 - 0x00007ffb5d467000 	C:\WINDOWS\system32\napinsp.dll
0x00007ffb5d430000 - 0x00007ffb5d44b000 	C:\WINDOWS\system32\pnrpnsp.dll
0x00007ffb6f910000 - 0x00007ffb6f92d000 	C:\WINDOWS\system32\NLAapi.dll
0x00007ffb674e0000 - 0x00007ffb674f2000 	C:\WINDOWS\System32\winrnr.dll
0x00007ffb6ef80000 - 0x00007ffb6ef95000 	C:\WINDOWS\system32\wshbth.dll
0x0000000064820000 - 0x0000000064846000 	C:\Program Files\Bonjour\mdnsNSP.dll
0x00007ffb670c0000 - 0x00007ffb670ca000 	C:\Windows\System32\rasadhlp.dll
0x00007ffb67830000 - 0x00007ffb678b0000 	C:\WINDOWS\System32\fwpuclnt.dll
0x00007ffb718e0000 - 0x00007ffb71970000 	C:\WINDOWS\system32\apphelp.dll
0x00007ffb731f0000 - 0x00007ffb73223000 	C:\WINDOWS\SYSTEM32\ntmarta.dll
0x00007ffb553b0000 - 0x00007ffb553ce000 	C:\Users\ZIDANE\AppData\Local\Temp\native-platform10710699726489679861dir\native-platform.dll
0x00007ffb6fd60000 - 0x00007ffb6fd67000 	C:\Program Files\Java\jdk-17\bin\rmi.dll
0x00007ffb6ddf0000 - 0x00007ffb6de0e000 	C:\Users\ZIDANE\AppData\Local\Temp\native-platform12236779892441308799dir\native-platform.dll

dbghelp: loaded successfully - version: 4.0.5 - missing functions: none
symbol engine: initialized successfully - sym options: 0x614 - pdb path: .;C:\Program Files\Java\jdk-17\bin;C:\WINDOWS\SYSTEM32;C:\WINDOWS\WinSxS\amd64_microsoft.windows.common-controls_6595b64144ccf1df_6.0.19041.4355_none_60b8b9eb71f62e16;C:\Program Files\Java\jdk-17\bin\server;C:\Users\ZIDANE\.gradle\native\c067742578af261105cb4f569cf0c3c89f3d7b1fecec35dd04571415982c5e48\windows-amd64;C:\Users\ZIDANE\.gradle\native\100fb08df4bc3b14c8652ba06237920a3bd2aa13389f12d3474272988ae205f9\windows-amd64;C:\Program Files\Bonjour;C:\Users\ZIDANE\AppData\Local\Temp\native-platform10710699726489679861dir;C:\Users\ZIDANE\AppData\Local\Temp\native-platform12236779892441308799dir

VM Arguments:
jvm_args: --add-opens=java.base/java.util=ALL-UNNAMED --add-opens=java.base/java.lang=ALL-UNNAMED --add-opens=java.base/java.lang.invoke=ALL-UNNAMED --add-opens=java.prefs/java.util.prefs=ALL-UNNAMED --add-opens=java.base/java.nio.charset=ALL-UNNAMED --add-opens=java.base/java.net=ALL-UNNAMED --add-opens=java.base/java.util.concurrent.atomic=ALL-UNNAMED -Xmx4608m -Dfile.encoding=windows-1252 -Duser.country=FR -Duser.language=fr -Duser.variant -javaagent:C:\Users\ZIDANE\.gradle\wrapper\dists\gradle-8.8-bin\dl7vupf4psengwqhwktix4v1\gradle-8.8\lib\agents\gradle-instrumentation-agent-8.8.jar 
java_command: org.gradle.launcher.daemon.bootstrap.GradleDaemon 8.8
java_class_path (initial): C:\Users\ZIDANE\.gradle\wrapper\dists\gradle-8.8-bin\dl7vupf4psengwqhwktix4v1\gradle-8.8\lib\gradle-launcher-8.8.jar
Launcher Type: SUN_STANDARD

[Global flags]
     intx CICompilerCount                          = 3                                         {product} {ergonomic}
     uint ConcGCThreads                            = 1                                         {product} {ergonomic}
     uint G1ConcRefinementThreads                  = 4                                         {product} {ergonomic}
   size_t G1HeapRegionSize                         = 4194304                                   {product} {ergonomic}
    uintx GCDrainStackTargetSize                   = 64                                        {product} {ergonomic}
   size_t InitialHeapSize                          = 67108864                                  {product} {ergonomic}
   size_t MarkStackSize                            = 4194304                                   {product} {ergonomic}
   size_t MaxHeapSize                              = 4831838208                                {product} {command line}
   size_t MaxNewSize                               = 2898264064                                {product} {ergonomic}
   size_t MinHeapDeltaBytes                        = 4194304                                   {product} {ergonomic}
   size_t MinHeapSize                              = 8388608                                   {product} {ergonomic}
    uintx NonNMethodCodeHeapSize                   = 5832780                                {pd product} {ergonomic}
    uintx NonProfiledCodeHeapSize                  = 122912730                              {pd product} {ergonomic}
    uintx ProfiledCodeHeapSize                     = 122912730                              {pd product} {ergonomic}
    uintx ReservedCodeCacheSize                    = 251658240                              {pd product} {ergonomic}
     bool SegmentedCodeCache                       = true                                      {product} {ergonomic}
   size_t SoftMaxHeapSize                          = 4831838208                             {manageable} {ergonomic}
     bool UseCompressedClassPointers               = true                           {product lp64_product} {ergonomic}
     bool UseCompressedOops                        = true                           {product lp64_product} {ergonomic}
     bool UseG1GC                                  = true                                      {product} {ergonomic}
     bool UseLargePagesIndividualAllocation        = false                                  {pd product} {ergonomic}

Logging:
Log output configuration:
 #0: stdout all=warning uptime,level,tags
 #1: stderr all=off uptime,level,tags

Environment Variables:
JAVA_HOME=C:\Program Files\Java\jdk-17
CLASSPATH=C:\Users\ZIDANE\houseApp\android\\gradle\wrapper\gradle-wrapper.jar
PATH=C:\Users\ZIDANE\houseApp\node_modules\.bin;C:\Users\ZIDANE\houseApp\node_modules\.bin;C:\Users\ZIDANE\node_modules\.bin;C:\Users\node_modules\.bin;C:\node_modules\.bin;C:\Program Files\nodejs\node_modules\npm\node_modules\@npmcli\run-script\lib\node-gyp-bin;C:\Users\ZIDANE\houseApp\node_modules\.bin;C:\Users\ZIDANE\node_modules\.bin;C:\Users\node_modules\.bin;C:\node_modules\.bin;C:\Program Files\nodejs\node_modules\npm\node_modules\@npmcli\run-script\lib\node-gyp-bin;C:\Program Files\Common Files\Oracle\Java\javapath;C:\Program Files (x86)\Common Files\Oracle\Java\java8path;C:\Program Files (x86)\Common Files\Oracle\Java\javapath;C:\Program Files\Java\jdk-17\bin;C:\WINDOWS\system32;C:\WINDOWS;C:\WINDOWS\System32\Wbem;C:\WINDOWS\System32\WindowsPowerShell\v1.0\;C:\WINDOWS\System32\OpenSSH\;C:\Program Files\nodejs\;C:\Program Files\Git\cmd;choco;C:\ProgramData\chocolatey\bin;STM32CubeProgrammer path\bin;C:\Program Files\php-8.3.6;C:\Program Files\Java\jdk-17\bin;C:\Users\ZIDANE\Desktop\Nouveau dossier\scrcpy-win64-v2.6.1;C:\WINDOWS\system32;C:\WINDOWS;C:\WINDOWS\System32\Wbem;C:\WINDOWS\System32\WindowsPowerShell\v1.0\;C:\WINDOWS\System32\OpenSSH\;C:\Program Files\nodejs\;C:\Program Files\Git\cmd;choco;C:\ProgramData\chocolatey\bin;STM32CubeProgrammer path\bin;C:\Program Files\php-8.3.6;C:\Users\ZIDANE\AppData\Local\Android\Sdk\tools;C:\Users\ZIDANE\AppData\Local\Microsoft\WindowsApps;C:\Users\ZIDANE\AppData\Local\Programs\Microsoft VS Code\bin;C:\Users\ZIDANE\AppData\Roaming\npm;C:\Users\ZIDANE\AppData\Local\Android\Sdk\platform-tools;C:\flutter\flutter\bin;C:\Program Files\Java\jdk-17\bin;
USERNAME=ZIDANE
LANG=en_US.UTF-8
OS=Windows_NT
PROCESSOR_IDENTIFIER=Intel64 Family 6 Model 58 Stepping 9, GenuineIntel



---------------  S Y S T E M  ---------------

OS:
 Windows 10 , 64 bit Build 19041 (10.0.19041.3636)
OS uptime: 1 days 3:14 hours

CPU: total 4 (initial active 4) (2 cores per cpu, 2 threads per core) family 6 model 58 stepping 9 microcode 0x21, cx8, cmov, fxsr, ht, mmx, sse, sse2, sse3, ssse3, sse4.1, sse4.2, popcnt, tsc, tscinvbit, avx, aes, erms, clmul, vzeroupper, clflush

Memory: 4k page, system-wide physical 3999M (162M free)
TotalPageFile size 16287M (AvailPageFile size 877M)
current process WorkingSet (physical memory assigned to process): 580M, peak: 1039M
current process commit charge ("private bytes"): 1820M, peak: 3252M

vm_info: Java HotSpot(TM) 64-Bit Server VM (17.0.12+8-LTS-286) for windows-amd64 JRE (17.0.12+8-LTS-286), built on Jun  5 2024 06:46:59 by "mach5one" with MS VC++ 17.6 (VS2022)

END.
