#
# There is insufficient memory for the Java Runtime Environment to continue.
# Native memory allocation (mmap) failed to map 595591168 bytes for G1 virtual space
# Possible reasons:
#   The system is out of physical RAM or swap space
#   The process is running with CompressedOops enabled, and the Java Heap may be blocking the growth of the native heap
# Possible solutions:
#   Reduce memory load on the system
#   Increase physical memory or swap space
#   Check if swap backing store is full
#   Decrease Java heap size (-Xmx/-Xms)
#   Decrease number of Java threads
#   Decrease Java thread stack sizes (-Xss)
#   Set larger code cache with -XX:ReservedCodeCacheSize=
#   JVM is running with Zero Based Compressed Oops mode in which the Java heap is
#     placed in the first 32GB address space. The Java Heap base address is the
#     maximum limit for the native heap growth. Please use -XX:HeapBaseMinAddress
#     to set the Java Heap base and to place the Java Heap above 32GB virtual address.
# This output file may be truncated or incomplete.
#
#  Out of Memory Error (os_windows.cpp:3548), pid=5760, tid=9568
#
# JRE version: Java(TM) SE Runtime Environment (17.0.12+8) (build 17.0.12+8-LTS-286)
# Java VM: Java HotSpot(TM) 64-Bit Server VM (17.0.12+8-LTS-286, mixed mode, sharing, tiered, compressed oops, compressed class ptrs, g1 gc, windows-amd64)
# No core dump will be written. Minidumps are not enabled by default on client versions of Windows
#

---------------  S U M M A R Y ------------

Command Line: --add-opens=java.base/java.util=ALL-UNNAMED --add-opens=java.base/java.lang=ALL-UNNAMED --add-opens=java.base/java.lang.invoke=ALL-UNNAMED --add-opens=java.prefs/java.util.prefs=ALL-UNNAMED --add-opens=java.base/java.nio.charset=ALL-UNNAMED --add-opens=java.base/java.net=ALL-UNNAMED --add-opens=java.base/java.util.concurrent.atomic=ALL-UNNAMED -Xmx4608m -Dfile.encoding=windows-1252 -Duser.country=FR -Duser.language=fr -Duser.variant -javaagent:C:\Users\ZIDANE\.gradle\wrapper\dists\gradle-8.7-bin\bhs2wmbdwecv87pi65oeuq5iu\gradle-8.7\lib\agents\gradle-instrumentation-agent-8.7.jar org.gradle.launcher.daemon.bootstrap.GradleDaemon 8.7

Host: Intel(R) Core(TM) i5-3320M CPU @ 2.60GHz, 4 cores, 3G,  Windows 10 , 64 bit Build 19041 (10.0.19041.3636)
Time: Wed Aug 21 19:41:49 2024 Afr. centrale Ouest elapsed time: 16724.265140 seconds (0d 4h 38m 44s)

---------------  T H R E A D  ---------------

Current thread (0x00000286e2e8b480):  VMThread "VM Thread" [stack: 0x0000009026900000,0x0000009026a00000] [id=9568]

Stack: [0x0000009026900000,0x0000009026a00000]
Native frames: (J=compiled Java code, j=interpreted, Vv=VM code, C=native code)
V  [jvm.dll+0x67a04a]
V  [jvm.dll+0x7da4ed]
V  [jvm.dll+0x7dbe33]
V  [jvm.dll+0x7dc4a3]
V  [jvm.dll+0x24508f]
V  [jvm.dll+0x677089]
V  [jvm.dll+0x66bd32]
V  [jvm.dll+0x301fa6]
V  [jvm.dll+0x309546]
V  [jvm.dll+0x359d2e]
V  [jvm.dll+0x359f5f]
V  [jvm.dll+0x2d9078]
V  [jvm.dll+0x2d74ad]
V  [jvm.dll+0x2d6afc]
V  [jvm.dll+0x31a65b]
V  [jvm.dll+0x7e0d9b]
V  [jvm.dll+0x7e1ad4]
V  [jvm.dll+0x7e1fed]
V  [jvm.dll+0x7e23c4]
V  [jvm.dll+0x7e2490]
V  [jvm.dll+0x78abea]
V  [jvm.dll+0x678f35]
C  [ucrtbase.dll+0x21bb2]
C  [KERNEL32.DLL+0x17344]
C  [ntdll.dll+0x526b1]

VM_Operation (0x0000009027ef5e30): G1CollectForAllocation, mode: safepoint, requested by thread 0x00000286da00c4d0


---------------  P R O C E S S  ---------------

Threads class SMR info:
_java_thread_list=0x00000286cfaae8d0, length=49, elements={
0x00000286e2dbabb0, 0x00000286869500f0, 0x0000028686950d80, 0x0000028686966250,
0x0000028686966d20, 0x0000028686968fa0, 0x000002868696c020, 0x000002868696e420,
0x000002868696fd40, 0x00000286869a4010, 0x000002868694c850, 0x0000028686cdd1b0,
0x00000286cc8187a0, 0x00000286cccff030, 0x00000286cd500470, 0x00000286cd228a90,
0x00000286cd22b820, 0x00000286cd22a8f0, 0x00000286cd228070, 0x00000286cec05630,
0x00000286cec00020, 0x00000286cec00530, 0x00000286cebff600, 0x00000286d0127de0,
0x00000286d01273c0, 0x00000286d0124630, 0x00000286d054a100, 0x00000286d0542c90,
0x00000286d8fc60c0, 0x00000286d7da5f70, 0x00000286d7da6480, 0x00000286cec00f50,
0x00000286ce8d0070, 0x00000286d8aa6940, 0x00000286da00c4d0, 0x00000286d8aa5a10,
0x00000286d8aa4ff0, 0x00000286d837cd60, 0x00000286da00c9e0, 0x00000286da009230,
0x00000286d837faf0, 0x00000286d8380510, 0x00000286ce8d28f0, 0x00000286ce8d0580,
0x00000286d837dc90, 0x00000286d837e1a0, 0x00000286d837d780, 0x00000286d837e6b0,
0x00000286da00a670
}

Java Threads: ( => current thread )
  0x00000286e2dbabb0 JavaThread "main" [_thread_blocked, id=11388, stack(0x0000009026300000,0x0000009026400000)]
  0x00000286869500f0 JavaThread "Reference Handler" daemon [_thread_blocked, id=11460, stack(0x0000009026a00000,0x0000009026b00000)]
  0x0000028686950d80 JavaThread "Finalizer" daemon [_thread_blocked, id=5144, stack(0x0000009026b00000,0x0000009026c00000)]
  0x0000028686966250 JavaThread "Signal Dispatcher" daemon [_thread_blocked, id=8476, stack(0x0000009026c00000,0x0000009026d00000)]
  0x0000028686966d20 JavaThread "Attach Listener" daemon [_thread_blocked, id=7464, stack(0x0000009026d00000,0x0000009026e00000)]
  0x0000028686968fa0 JavaThread "Service Thread" daemon [_thread_blocked, id=11252, stack(0x0000009026e00000,0x0000009026f00000)]
  0x000002868696c020 JavaThread "Monitor Deflation Thread" daemon [_thread_blocked, id=7212, stack(0x0000009026f00000,0x0000009027000000)]
  0x000002868696e420 JavaThread "C2 CompilerThread0" daemon [_thread_blocked, id=8692, stack(0x0000009027000000,0x0000009027100000)]
  0x000002868696fd40 JavaThread "C1 CompilerThread0" daemon [_thread_blocked, id=9588, stack(0x0000009027100000,0x0000009027200000)]
  0x00000286869a4010 JavaThread "Sweeper thread" daemon [_thread_blocked, id=8512, stack(0x0000009027200000,0x0000009027300000)]
  0x000002868694c850 JavaThread "Common-Cleaner" daemon [_thread_blocked, id=8780, stack(0x0000009027300000,0x0000009027400000)]
  0x0000028686cdd1b0 JavaThread "Notification Thread" daemon [_thread_blocked, id=11000, stack(0x0000009027400000,0x0000009027500000)]
  0x00000286cc8187a0 JavaThread "Daemon health stats" [_thread_blocked, id=11396, stack(0x0000009027900000,0x0000009027a00000)]
  0x00000286cccff030 JavaThread "Incoming local TCP Connector on port 54234" [_thread_in_native, id=2392, stack(0x0000009027a00000,0x0000009027b00000)]
  0x00000286cd500470 JavaThread "Daemon periodic checks" [_thread_blocked, id=12880, stack(0x0000009027b00000,0x0000009027c00000)]
  0x00000286cd228a90 JavaThread "Cache worker for journal cache (C:\Users\ZIDANE\.gradle\caches\journal-1)" [_thread_blocked, id=7188, stack(0x0000009028300000,0x0000009028400000)]
  0x00000286cd22b820 JavaThread "File lock request listener" [_thread_in_native, id=11912, stack(0x0000009028400000,0x0000009028500000)]
  0x00000286cd22a8f0 JavaThread "Cache worker for file hash cache (C:\Users\ZIDANE\.gradle\caches\8.7\fileHashes)" [_thread_blocked, id=7640, stack(0x0000009028500000,0x0000009028600000)]
  0x00000286cd228070 JavaThread "File watcher server" daemon [_thread_blocked, id=5780, stack(0x0000009028700000,0x0000009028800000)]
  0x00000286cec05630 JavaThread "File watcher consumer" daemon [_thread_blocked, id=8096, stack(0x0000009028800000,0x0000009028900000)]
  0x00000286cec00020 JavaThread "Cache worker for file content cache (C:\Users\ZIDANE\.gradle\caches\8.7\fileContent)" [_thread_blocked, id=7952, stack(0x0000009028c00000,0x0000009028d00000)]
  0x00000286cec00530 JavaThread "jar transforms" [_thread_blocked, id=2648, stack(0x0000009028d00000,0x0000009028e00000)]
  0x00000286cebff600 JavaThread "Memory manager" [_thread_blocked, id=11972, stack(0x0000009029900000,0x0000009029a00000)]
  0x00000286d0127de0 JavaThread "jar transforms Thread 2" [_thread_blocked, id=3260, stack(0x000000902b800000,0x000000902b900000)]
  0x00000286d01273c0 JavaThread "jar transforms Thread 3" [_thread_blocked, id=10584, stack(0x000000902bb00000,0x000000902bc00000)]
  0x00000286d0124630 JavaThread "jar transforms Thread 4" [_thread_blocked, id=1984, stack(0x000000902ca00000,0x000000902cb00000)]
  0x00000286d054a100 JavaThread "Monitor" [_thread_in_native, id=10768, stack(0x0000009026000000,0x0000009026100000)]
  0x00000286d0542c90 JavaThread "Device List Monitor" [_thread_in_native, id=7676, stack(0x0000009026200000,0x0000009026300000)]
  0x00000286d8fc60c0 JavaThread "Cache worker for Java compile cache (C:\Users\ZIDANE\.gradle\caches\8.7\javaCompile)" [_thread_blocked, id=4388, stack(0x000000902cd00000,0x000000902ce00000)]
  0x00000286d7da5f70 JavaThread "RMI Scheduler(0)" daemon [_thread_blocked, id=2040, stack(0x0000009029400000,0x0000009029500000)]
  0x00000286d7da6480 JavaThread "RMI TCP Accept-0" daemon [_thread_in_native, id=4520, stack(0x000000902d700000,0x000000902d800000)]
  0x00000286cec00f50 JavaThread "Daemon Thread 8" [_thread_blocked, id=12324, stack(0x0000009026100000,0x0000009026200000)]
  0x00000286ce8d0070 JavaThread "Handler for socket connection from /127.0.0.1:54234 to /127.0.0.1:58511" [_thread_in_native, id=5464, stack(0x0000009027c00000,0x0000009027d00000)]
  0x00000286d8aa6940 JavaThread "Cancel handler" [_thread_blocked, id=13692, stack(0x0000009027d00000,0x0000009027e00000)]
  0x00000286da00c4d0 JavaThread "Daemon worker Thread 8" [_thread_blocked, id=1428, stack(0x0000009027e00000,0x0000009027f00000)]
  0x00000286d8aa5a10 JavaThread "Asynchronous log dispatcher for DefaultDaemonConnection: socket connection from /127.0.0.1:54234 to /127.0.0.1:58511" [_thread_blocked, id=10624, stack(0x0000009027f00000,0x0000009028000000)]
  0x00000286d8aa4ff0 JavaThread "Stdin handler" [_thread_blocked, id=2036, stack(0x0000009028000000,0x0000009028100000)]
  0x00000286d837cd60 JavaThread "Daemon client event forwarder" [_thread_blocked, id=9596, stack(0x0000009028100000,0x0000009028200000)]
  0x00000286da00c9e0 JavaThread "Cache worker for file hash cache (C:\Users\ZIDANE\houseApp\android\.gradle\8.7\fileHashes)" [_thread_blocked, id=13536, stack(0x0000009028200000,0x0000009028300000)]
  0x00000286da009230 JavaThread "Cache worker for checksums cache (C:\Users\ZIDANE\houseApp\android\.gradle\8.7\checksums)" [_thread_blocked, id=6568, stack(0x0000009028600000,0x0000009028700000)]
  0x00000286d837faf0 JavaThread "Cache worker for cache directory md-supplier (C:\Users\ZIDANE\.gradle\caches\8.7\md-supplier)" [_thread_blocked, id=11344, stack(0x0000009028900000,0x0000009028a00000)]
  0x00000286d8380510 JavaThread "Cache worker for cache directory md-rule (C:\Users\ZIDANE\.gradle\caches\8.7\md-rule)" [_thread_blocked, id=13708, stack(0x0000009028a00000,0x0000009028b00000)]
  0x00000286ce8d28f0 JavaThread "Unconstrained build operations" [_thread_blocked, id=11248, stack(0x0000009028b00000,0x0000009028c00000)]
  0x00000286ce8d0580 JavaThread "Unconstrained build operations Thread 2" [_thread_blocked, id=12292, stack(0x0000009028e00000,0x0000009028f00000)]
  0x00000286d837dc90 JavaThread "Cache worker for Build Output Cleanup Cache (C:\Users\ZIDANE\houseApp\node_modules\@react-native\gradle-plugin\.gradle\buildOutputCleanup)" [_thread_blocked, id=8968, stack(0x0000009028f00000,0x0000009029000000)]
  0x00000286d837e1a0 JavaThread "Unconstrained build operations Thread 3" [_thread_blocked, id=3612, stack(0x0000009029000000,0x0000009029100000)]
  0x00000286d837d780 JavaThread "Unconstrained build operations Thread 4" [_thread_blocked, id=12768, stack(0x0000009029100000,0x0000009029200000)]
  0x00000286d837e6b0 JavaThread "Unconstrained build operations Thread 5" [_thread_blocked, id=10452, stack(0x0000009029200000,0x0000009029300000)]
  0x00000286da00a670 JavaThread "build event listener" [_thread_blocked, id=6740, stack(0x0000009029300000,0x0000009029400000)]

Other Threads:
=>0x00000286e2e8b480 VMThread "VM Thread" [stack: 0x0000009026900000,0x0000009026a00000] [id=9568]
  0x0000028686cdd690 WatcherThread [stack: 0x0000009027500000,0x0000009027600000] [id=10604]
  0x00000286e2e296e0 GCTaskThread "GC Thread#0" [stack: 0x0000009026400000,0x0000009026500000] [id=11024]
  0x0000028686da5980 GCTaskThread "GC Thread#1" [stack: 0x0000009027600000,0x0000009027700000] [id=11300]
  0x0000028686db6ce0 GCTaskThread "GC Thread#2" [stack: 0x0000009027700000,0x0000009027800000] [id=11276]
  0x00000286cc881a80 GCTaskThread "GC Thread#3" [stack: 0x0000009027800000,0x0000009027900000] [id=10164]
  0x00000286e2e34550 ConcurrentGCThread "G1 Main Marker" [stack: 0x0000009026500000,0x0000009026600000] [id=11688]
  0x00000286e2e35610 ConcurrentGCThread "G1 Conc#0" [stack: 0x0000009026600000,0x0000009026700000] [id=3204]
  0x00000286e2e68160 ConcurrentGCThread "G1 Refine#0" [stack: 0x0000009026700000,0x0000009026800000] [id=9652]
  0x00000286d914b110 ConcurrentGCThread "G1 Refine#1" [stack: 0x000000902bd00000,0x000000902be00000] [id=5988]
  0x00000286d91490c0 ConcurrentGCThread "G1 Refine#2" [stack: 0x000000902be00000,0x000000902bf00000] [id=13860]
  0x00000286cf2e2240 ConcurrentGCThread "G1 Refine#3" [stack: 0x000000902bf00000,0x000000902c000000] [id=6504]
  0x00000286e2e68aa0 ConcurrentGCThread "G1 Service" [stack: 0x0000009026800000,0x0000009026900000] [id=464]

Threads with active compile tasks:
C1 CompilerThread0  16724405 42841       3       org.jetbrains.kotlin.gradle.plugin.statistics.KotlinBuildStatHandler::report$kotlin_gradle_plugin_common (82 bytes)

VM state: at safepoint (normal execution)

VM Mutex/Monitor currently owned by a thread:  ([mutex/lock_event])
[0x00000286e2db6be0] Threads_lock - owner thread: 0x00000286e2e8b480
[0x00000286e2db81d0] Heap_lock - owner thread: 0x00000286da00c4d0

Heap address: 0x00000006e0000000, size: 4608 MB, Compressed Oops mode: Zero based, Oop shift amount: 3

CDS archive(s) mapped at: [0x0000028687000000-0x0000028687bd0000-0x0000028687bd0000), size 12386304, SharedBaseAddress: 0x0000028687000000, ArchiveRelocationMode: 1.
Compressed class space mapped at: 0x0000028688000000-0x00000286c8000000, reserved size: 1073741824
Narrow klass base: 0x0000028687000000, Narrow klass shift: 0, Narrow klass range: 0x100000000

GC Precious Log:
 CPUs: 4 total, 4 available
 Memory: 3999M
 Large Page Support: Disabled
 NUMA Support: Disabled
 Compressed Oops: Enabled (Zero based)
 Heap Region Size: 4M
 Heap Min Capacity: 8M
 Heap Initial Capacity: 64M
 Heap Max Capacity: 4608M
 Pre-touch: Disabled
 Parallel Workers: 4
 Concurrent Workers: 1
 Concurrent Refinement Workers: 4
 Periodic GC: Disabled

Heap:
 garbage-first heap   total 1167360K, used 389668K [0x00000006e0000000, 0x0000000800000000)
  region size 4096K, 3 young (12288K), 3 survivors (12288K)
 Metaspace       used 170437K, committed 172992K, reserved 1245184K
  class space    used 22590K, committed 23808K, reserved 1048576K

Heap Regions: E=young(eden), S=young(survivor), O=old, HS=humongous(starts), HC=humongous(continues), CS=collection set, F=free, OA=open archive, CA=closed archive, TAMS=top-at-mark-start (previous, next)
|   0|0x00000006e0000000, 0x00000006e0400000, 0x00000006e0400000|100%|HS|  |TAMS 0x00000006e0400000, 0x00000006e0000000| Untracked 
|   1|0x00000006e0400000, 0x00000006e07fa7a0, 0x00000006e0800000| 99%| O|  |TAMS 0x00000006e07fa7a0, 0x00000006e0400000| Untracked 
|   2|0x00000006e0800000, 0x00000006e0c00000, 0x00000006e0c00000|100%| O|  |TAMS 0x00000006e0c00000, 0x00000006e0800000| Untracked 
|   3|0x00000006e0c00000, 0x00000006e0fffff8, 0x00000006e1000000| 99%| O|  |TAMS 0x00000006e0fffff8, 0x00000006e0c00000| Untracked 
|   4|0x00000006e1000000, 0x00000006e13ffff0, 0x00000006e1400000| 99%| O|  |TAMS 0x00000006e13ffff0, 0x00000006e1000000| Untracked 
|   5|0x00000006e1400000, 0x00000006e17fffe8, 0x00000006e1800000| 99%| O|  |TAMS 0x00000006e17fffe8, 0x00000006e1400000| Untracked 
|   6|0x00000006e1800000, 0x00000006e1bffff0, 0x00000006e1c00000| 99%| O|  |TAMS 0x00000006e1bffff0, 0x00000006e1800000| Untracked 
|   7|0x00000006e1c00000, 0x00000006e1fffff0, 0x00000006e2000000| 99%| O|  |TAMS 0x00000006e1fffff0, 0x00000006e1c00000| Untracked 
|   8|0x00000006e2000000, 0x00000006e2400000, 0x00000006e2400000|100%| O|  |TAMS 0x00000006e2400000, 0x00000006e2000000| Untracked 
|   9|0x00000006e2400000, 0x00000006e2800000, 0x00000006e2800000|100%|HS|  |TAMS 0x00000006e2800000, 0x00000006e2400000| Untracked 
|  10|0x00000006e2800000, 0x00000006e2c00000, 0x00000006e2c00000|100%|HS|  |TAMS 0x00000006e2c00000, 0x00000006e2800000| Untracked 
|  11|0x00000006e2c00000, 0x00000006e2fffff0, 0x00000006e3000000| 99%| O|  |TAMS 0x00000006e2fffff0, 0x00000006e2c00000| Untracked 
|  12|0x00000006e3000000, 0x00000006e3400000, 0x00000006e3400000|100%| O|  |TAMS 0x00000006e3400000, 0x00000006e3000000| Untracked 
|  13|0x00000006e3400000, 0x00000006e3800000, 0x00000006e3800000|100%| O|  |TAMS 0x00000006e3800000, 0x00000006e3400000| Untracked 
|  14|0x00000006e3800000, 0x00000006e3bff710, 0x00000006e3c00000| 99%| O|  |TAMS 0x00000006e3bff710, 0x00000006e3800000| Untracked 
|  15|0x00000006e3c00000, 0x00000006e3ffffd0, 0x00000006e4000000| 99%| O|  |TAMS 0x00000006e3ffffd0, 0x00000006e3c00000| Untracked 
|  16|0x00000006e4000000, 0x00000006e43ffff8, 0x00000006e4400000| 99%| O|  |TAMS 0x00000006e43ffff8, 0x00000006e4000000| Untracked 
|  17|0x00000006e4400000, 0x00000006e47fff78, 0x00000006e4800000| 99%| O|  |TAMS 0x00000006e47fff78, 0x00000006e4400000| Untracked 
|  18|0x00000006e4800000, 0x00000006e4c00000, 0x00000006e4c00000|100%| O|  |TAMS 0x00000006e4800000, 0x00000006e4800000| Untracked 
|  19|0x00000006e4c00000, 0x00000006e4ffffe8, 0x00000006e5000000| 99%| O|  |TAMS 0x00000006e4ffffe8, 0x00000006e4c00000| Untracked 
|  20|0x00000006e5000000, 0x00000006e53fffc8, 0x00000006e5400000| 99%| O|  |TAMS 0x00000006e53fffc8, 0x00000006e5000000| Untracked 
|  21|0x00000006e5400000, 0x00000006e57ecfe8, 0x00000006e5800000| 98%| O|  |TAMS 0x00000006e57ecfe8, 0x00000006e5400000| Untracked 
|  22|0x00000006e5800000, 0x00000006e5c00000, 0x00000006e5c00000|100%| O|  |TAMS 0x00000006e5c00000, 0x00000006e5800000| Untracked 
|  23|0x00000006e5c00000, 0x00000006e6000000, 0x00000006e6000000|100%| O|  |TAMS 0x00000006e6000000, 0x00000006e5c00000| Untracked 
|  24|0x00000006e6000000, 0x00000006e63fffd0, 0x00000006e6400000| 99%| O|  |TAMS 0x00000006e6000000, 0x00000006e6000000| Untracked 
|  25|0x00000006e6400000, 0x00000006e67ffff0, 0x00000006e6800000| 99%| O|  |TAMS 0x00000006e67ffff0, 0x00000006e6400000| Untracked 
|  26|0x00000006e6800000, 0x00000006e6bffff0, 0x00000006e6c00000| 99%| O|  |TAMS 0x00000006e6bffff0, 0x00000006e6800000| Untracked 
|  27|0x00000006e6c00000, 0x00000006e6fffff8, 0x00000006e7000000| 99%| O|  |TAMS 0x00000006e6fffff8, 0x00000006e6c00000| Untracked 
|  28|0x00000006e7000000, 0x00000006e7400000, 0x00000006e7400000|100%| O|  |TAMS 0x00000006e7400000, 0x00000006e7000000| Untracked 
|  29|0x00000006e7400000, 0x00000006e7800000, 0x00000006e7800000|100%| O|  |TAMS 0x00000006e7800000, 0x00000006e7400000| Untracked 
|  30|0x00000006e7800000, 0x00000006e7be6658, 0x00000006e7c00000| 97%| O|  |TAMS 0x00000006e7be6658, 0x00000006e7800000| Untracked 
|  31|0x00000006e7c00000, 0x00000006e7ffffc8, 0x00000006e8000000| 99%| O|  |TAMS 0x00000006e7ffffc8, 0x00000006e7c00000| Untracked 
|  32|0x00000006e8000000, 0x00000006e83fbab8, 0x00000006e8400000| 99%| O|  |TAMS 0x00000006e8000000, 0x00000006e8000000| Untracked 
|  33|0x00000006e8400000, 0x00000006e87f6f60, 0x00000006e8800000| 99%| O|  |TAMS 0x00000006e87f6f60, 0x00000006e8400000| Untracked 
|  34|0x00000006e8800000, 0x00000006e8bffff8, 0x00000006e8c00000| 99%| O|  |TAMS 0x00000006e8bffff8, 0x00000006e8800000| Untracked 
|  35|0x00000006e8c00000, 0x00000006e8e10878, 0x00000006e9000000| 51%| O|  |TAMS 0x00000006e8c00000, 0x00000006e8c00000| Untracked 
|  36|0x00000006e9000000, 0x00000006e93fffc8, 0x00000006e9400000| 99%| O|  |TAMS 0x00000006e93fffc8, 0x00000006e9000000| Untracked 
|  37|0x00000006e9400000, 0x00000006e97fffe0, 0x00000006e9800000| 99%| O|  |TAMS 0x00000006e97fffe0, 0x00000006e9400000| Untracked 
|  38|0x00000006e9800000, 0x00000006e9bbf098, 0x00000006e9c00000| 93%| O|  |TAMS 0x00000006e9800000, 0x00000006e9800000| Untracked 
|  39|0x00000006e9c00000, 0x00000006e9ffd198, 0x00000006ea000000| 99%| O|  |TAMS 0x00000006e9ffd198, 0x00000006e9c00000| Untracked 
|  40|0x00000006ea000000, 0x00000006ea3ffff0, 0x00000006ea400000| 99%| O|  |TAMS 0x00000006ea000000, 0x00000006ea000000| Untracked 
|  41|0x00000006ea400000, 0x00000006ea7ffff0, 0x00000006ea800000| 99%| O|  |TAMS 0x00000006ea7ffff0, 0x00000006ea400000| Untracked 
|  42|0x00000006ea800000, 0x00000006eac00000, 0x00000006eac00000|100%| O|  |TAMS 0x00000006ea800000, 0x00000006ea800000| Untracked 
|  43|0x00000006eac00000, 0x00000006eb000000, 0x00000006eb000000|100%| O|  |TAMS 0x00000006eac00000, 0x00000006eac00000| Untracked 
|  44|0x00000006eb000000, 0x00000006eb3e83c0, 0x00000006eb400000| 97%| O|  |TAMS 0x00000006eb3e83c0, 0x00000006eb000000| Untracked 
|  45|0x00000006eb400000, 0x00000006eb800000, 0x00000006eb800000|100%| O|  |TAMS 0x00000006eb400000, 0x00000006eb400000| Untracked 
|  46|0x00000006eb800000, 0x00000006eb9f1fa0, 0x00000006ebc00000| 48%| O|  |TAMS 0x00000006eb800000, 0x00000006eb800000| Untracked 
|  47|0x00000006ebc00000, 0x00000006ebfffff0, 0x00000006ec000000| 99%| O|  |TAMS 0x00000006ebfffff0, 0x00000006ebc00000| Untracked 
|  48|0x00000006ec000000, 0x00000006ec400000, 0x00000006ec400000|100%| O|  |TAMS 0x00000006ec000000, 0x00000006ec000000| Untracked 
|  49|0x00000006ec400000, 0x00000006ec800000, 0x00000006ec800000|100%| O|  |TAMS 0x00000006ec400000, 0x00000006ec400000| Untracked 
|  50|0x00000006ec800000, 0x00000006ecc00000, 0x00000006ecc00000|100%| O|  |TAMS 0x00000006ec800000, 0x00000006ec800000| Untracked 
|  51|0x00000006ecc00000, 0x00000006ed000000, 0x00000006ed000000|100%| O|  |TAMS 0x00000006ecc00000, 0x00000006ecc00000| Untracked 
|  52|0x00000006ed000000, 0x00000006ed400000, 0x00000006ed400000|100%| O|  |TAMS 0x00000006ed000000, 0x00000006ed000000| Untracked 
|  53|0x00000006ed400000, 0x00000006ed800000, 0x00000006ed800000|100%| O|  |TAMS 0x00000006ed400000, 0x00000006ed400000| Untracked 
|  54|0x00000006ed800000, 0x00000006edc00000, 0x00000006edc00000|100%| O|  |TAMS 0x00000006ed800000, 0x00000006ed800000| Untracked 
|  55|0x00000006edc00000, 0x00000006ee000000, 0x00000006ee000000|100%| O|  |TAMS 0x00000006edc00000, 0x00000006edc00000| Untracked 
|  56|0x00000006ee000000, 0x00000006ee400000, 0x00000006ee400000|100%| O|  |TAMS 0x00000006ee000000, 0x00000006ee000000| Untracked 
|  57|0x00000006ee400000, 0x00000006ee800000, 0x00000006ee800000|100%| O|  |TAMS 0x00000006ee400000, 0x00000006ee400000| Untracked 
|  58|0x00000006ee800000, 0x00000006eec00000, 0x00000006eec00000|100%| O|  |TAMS 0x00000006ee800000, 0x00000006ee800000| Untracked 
|  59|0x00000006eec00000, 0x00000006ef000000, 0x00000006ef000000|100%| O|  |TAMS 0x00000006eec00000, 0x00000006eec00000| Untracked 
|  60|0x00000006ef000000, 0x00000006ef400000, 0x00000006ef400000|100%| O|  |TAMS 0x00000006ef000000, 0x00000006ef000000| Untracked 
|  61|0x00000006ef400000, 0x00000006ef800000, 0x00000006ef800000|100%| O|  |TAMS 0x00000006ef400000, 0x00000006ef400000| Untracked 
|  62|0x00000006ef800000, 0x00000006efc00000, 0x00000006efc00000|100%| O|  |TAMS 0x00000006ef800000, 0x00000006ef800000| Untracked 
|  63|0x00000006efc00000, 0x00000006f0000000, 0x00000006f0000000|100%| O|  |TAMS 0x00000006efc00000, 0x00000006efc00000| Untracked 
|  64|0x00000006f0000000, 0x00000006f0400000, 0x00000006f0400000|100%| O|  |TAMS 0x00000006f0000000, 0x00000006f0000000| Untracked 
|  65|0x00000006f0400000, 0x00000006f0800000, 0x00000006f0800000|100%| O|  |TAMS 0x00000006f0400000, 0x00000006f0400000| Untracked 
|  66|0x00000006f0800000, 0x00000006f0c00000, 0x00000006f0c00000|100%| O|  |TAMS 0x00000006f0800000, 0x00000006f0800000| Untracked 
|  67|0x00000006f0c00000, 0x00000006f1000000, 0x00000006f1000000|100%| O|  |TAMS 0x00000006f0c00000, 0x00000006f0c00000| Untracked 
|  68|0x00000006f1000000, 0x00000006f1400000, 0x00000006f1400000|100%| O|  |TAMS 0x00000006f1000000, 0x00000006f1000000| Untracked 
|  69|0x00000006f1400000, 0x00000006f1800000, 0x00000006f1800000|100%| O|  |TAMS 0x00000006f1400000, 0x00000006f1400000| Untracked 
|  70|0x00000006f1800000, 0x00000006f1c00000, 0x00000006f1c00000|100%| O|  |TAMS 0x00000006f1800000, 0x00000006f1800000| Untracked 
|  71|0x00000006f1c00000, 0x00000006f2000000, 0x00000006f2000000|100%| O|  |TAMS 0x00000006f1c00000, 0x00000006f1c00000| Untracked 
|  72|0x00000006f2000000, 0x00000006f2400000, 0x00000006f2400000|100%| O|  |TAMS 0x00000006f2000000, 0x00000006f2000000| Untracked 
|  73|0x00000006f2400000, 0x00000006f2800000, 0x00000006f2800000|100%| O|  |TAMS 0x00000006f2400000, 0x00000006f2400000| Untracked 
|  74|0x00000006f2800000, 0x00000006f2c00000, 0x00000006f2c00000|100%| O|  |TAMS 0x00000006f2800000, 0x00000006f2800000| Untracked 
|  75|0x00000006f2c00000, 0x00000006f3000000, 0x00000006f3000000|100%| O|  |TAMS 0x00000006f2c00000, 0x00000006f2c00000| Untracked 
|  76|0x00000006f3000000, 0x00000006f3400000, 0x00000006f3400000|100%| O|  |TAMS 0x00000006f3000000, 0x00000006f3000000| Untracked 
|  77|0x00000006f3400000, 0x00000006f3800000, 0x00000006f3800000|100%| O|  |TAMS 0x00000006f3400000, 0x00000006f3400000| Untracked 
|  78|0x00000006f3800000, 0x00000006f3c00000, 0x00000006f3c00000|100%| O|  |TAMS 0x00000006f3800000, 0x00000006f3800000| Untracked 
|  79|0x00000006f3c00000, 0x00000006f4000000, 0x00000006f4000000|100%| O|  |TAMS 0x00000006f3c00000, 0x00000006f3c00000| Untracked 
|  80|0x00000006f4000000, 0x00000006f4400000, 0x00000006f4400000|100%| O|  |TAMS 0x00000006f4000000, 0x00000006f4000000| Untracked 
|  81|0x00000006f4400000, 0x00000006f4800000, 0x00000006f4800000|100%| O|  |TAMS 0x00000006f4400000, 0x00000006f4400000| Untracked 
|  82|0x00000006f4800000, 0x00000006f4c00000, 0x00000006f4c00000|100%| O|  |TAMS 0x00000006f4800000, 0x00000006f4800000| Untracked 
|  83|0x00000006f4c00000, 0x00000006f5000000, 0x00000006f5000000|100%| O|  |TAMS 0x00000006f4c00000, 0x00000006f4c00000| Untracked 
|  84|0x00000006f5000000, 0x00000006f5400000, 0x00000006f5400000|100%| O|  |TAMS 0x00000006f5000000, 0x00000006f5000000| Untracked 
|  85|0x00000006f5400000, 0x00000006f5800000, 0x00000006f5800000|100%| O|  |TAMS 0x00000006f5400000, 0x00000006f5400000| Untracked 
|  86|0x00000006f5800000, 0x00000006f5c00000, 0x00000006f5c00000|100%| O|  |TAMS 0x00000006f5800000, 0x00000006f5800000| Untracked 
|  87|0x00000006f5c00000, 0x00000006f6000000, 0x00000006f6000000|100%| O|  |TAMS 0x00000006f5c00000, 0x00000006f5c00000| Untracked 
|  88|0x00000006f6000000, 0x00000006f6400000, 0x00000006f6400000|100%| O|  |TAMS 0x00000006f6000000, 0x00000006f6000000| Untracked 
|  89|0x00000006f6400000, 0x00000006f6800000, 0x00000006f6800000|100%| O|  |TAMS 0x00000006f6400000, 0x00000006f6400000| Untracked 
|  90|0x00000006f6800000, 0x00000006f6c00000, 0x00000006f6c00000|100%| O|  |TAMS 0x00000006f6800000, 0x00000006f6800000| Untracked 
|  91|0x00000006f6c00000, 0x00000006f6fe4400, 0x00000006f7000000| 97%| O|  |TAMS 0x00000006f6c00000, 0x00000006f6c00000| Untracked 
|  92|0x00000006f7000000, 0x00000006f7000000, 0x00000006f7400000|  0%| F|  |TAMS 0x00000006f7000000, 0x00000006f7000000| Untracked 
|  93|0x00000006f7400000, 0x00000006f7400000, 0x00000006f7800000|  0%| F|  |TAMS 0x00000006f7400000, 0x00000006f7400000| Untracked 
|  94|0x00000006f7800000, 0x00000006f7c00000, 0x00000006f7c00000|100%|HS|  |TAMS 0x00000006f7c00000, 0x00000006f7800000| Untracked 
|  95|0x00000006f7c00000, 0x00000006f8000000, 0x00000006f8000000|100%|HC|  |TAMS 0x00000006f8000000, 0x00000006f7c00000| Untracked 
|  96|0x00000006f8000000, 0x00000006f8000000, 0x00000006f8400000|  0%| F|  |TAMS 0x00000006f8000000, 0x00000006f8000000| Untracked 
|  97|0x00000006f8400000, 0x00000006f8400000, 0x00000006f8800000|  0%| F|  |TAMS 0x00000006f8400000, 0x00000006f8400000| Untracked 
|  98|0x00000006f8800000, 0x00000006f8800000, 0x00000006f8c00000|  0%| F|  |TAMS 0x00000006f8800000, 0x00000006f8800000| Untracked 
|  99|0x00000006f8c00000, 0x00000006f8c00000, 0x00000006f9000000|  0%| F|  |TAMS 0x00000006f8c00000, 0x00000006f8c00000| Untracked 
| 100|0x00000006f9000000, 0x00000006f9000000, 0x00000006f9400000|  0%| F|  |TAMS 0x00000006f9000000, 0x00000006f9000000| Untracked 
| 101|0x00000006f9400000, 0x00000006f9400000, 0x00000006f9800000|  0%| F|  |TAMS 0x00000006f9400000, 0x00000006f9400000| Untracked 
| 102|0x00000006f9800000, 0x00000006f9800000, 0x00000006f9c00000|  0%| F|  |TAMS 0x00000006f9800000, 0x00000006f9800000| Untracked 
| 103|0x00000006f9c00000, 0x00000006f9c00000, 0x00000006fa000000|  0%| F|  |TAMS 0x00000006f9c00000, 0x00000006f9c00000| Untracked 
| 104|0x00000006fa000000, 0x00000006fa000000, 0x00000006fa400000|  0%| F|  |TAMS 0x00000006fa000000, 0x00000006fa000000| Untracked 
| 105|0x00000006fa400000, 0x00000006fa400000, 0x00000006fa800000|  0%| F|  |TAMS 0x00000006fa400000, 0x00000006fa400000| Untracked 
| 106|0x00000006fa800000, 0x00000006fa800000, 0x00000006fac00000|  0%| F|  |TAMS 0x00000006fa800000, 0x00000006fa800000| Untracked 
| 107|0x00000006fac00000, 0x00000006fac00000, 0x00000006fb000000|  0%| F|  |TAMS 0x00000006fac00000, 0x00000006fac00000| Untracked 
| 108|0x00000006fb000000, 0x00000006fb000000, 0x00000006fb400000|  0%| F|  |TAMS 0x00000006fb000000, 0x00000006fb000000| Untracked 
| 109|0x00000006fb400000, 0x00000006fb400000, 0x00000006fb800000|  0%| F|  |TAMS 0x00000006fb400000, 0x00000006fb400000| Untracked 
| 110|0x00000006fb800000, 0x00000006fb800000, 0x00000006fbc00000|  0%| F|  |TAMS 0x00000006fb800000, 0x00000006fb800000| Untracked 
| 111|0x00000006fbc00000, 0x00000006fbc00000, 0x00000006fc000000|  0%| F|  |TAMS 0x00000006fbc00000, 0x00000006fbc00000| Untracked 
| 112|0x00000006fc000000, 0x00000006fc000000, 0x00000006fc400000|  0%| F|  |TAMS 0x00000006fc000000, 0x00000006fc000000| Untracked 
| 113|0x00000006fc400000, 0x00000006fc400000, 0x00000006fc800000|  0%| F|  |TAMS 0x00000006fc400000, 0x00000006fc400000| Untracked 
| 114|0x00000006fc800000, 0x00000006fc800000, 0x00000006fcc00000|  0%| F|  |TAMS 0x00000006fc800000, 0x00000006fc800000| Untracked 
| 115|0x00000006fcc00000, 0x00000006fcc00000, 0x00000006fd000000|  0%| F|  |TAMS 0x00000006fcc00000, 0x00000006fcc00000| Untracked 
| 116|0x00000006fd000000, 0x00000006fd000000, 0x00000006fd400000|  0%| F|  |TAMS 0x00000006fd000000, 0x00000006fd000000| Untracked 
| 117|0x00000006fd400000, 0x00000006fd400000, 0x00000006fd800000|  0%| F|  |TAMS 0x00000006fd400000, 0x00000006fd400000| Untracked 
| 118|0x00000006fd800000, 0x00000006fd800000, 0x00000006fdc00000|  0%| F|  |TAMS 0x00000006fd800000, 0x00000006fd800000| Untracked 
| 119|0x00000006fdc00000, 0x00000006fdc00000, 0x00000006fe000000|  0%| F|  |TAMS 0x00000006fdc00000, 0x00000006fdc00000| Untracked 
| 120|0x00000006fe000000, 0x00000006fe000000, 0x00000006fe400000|  0%| F|  |TAMS 0x00000006fe000000, 0x00000006fe000000| Untracked 
| 121|0x00000006fe400000, 0x00000006fe400000, 0x00000006fe800000|  0%| F|  |TAMS 0x00000006fe400000, 0x00000006fe400000| Untracked 
| 122|0x00000006fe800000, 0x00000006fe800000, 0x00000006fec00000|  0%| F|  |TAMS 0x00000006fe800000, 0x00000006fe800000| Untracked 
| 123|0x00000006fec00000, 0x00000006fec00000, 0x00000006ff000000|  0%| F|  |TAMS 0x00000006fec00000, 0x00000006fec00000| Untracked 
| 124|0x00000006ff000000, 0x00000006ff000000, 0x00000006ff400000|  0%| F|  |TAMS 0x00000006ff000000, 0x00000006ff000000| Untracked 
| 125|0x00000006ff400000, 0x00000006ff400000, 0x00000006ff800000|  0%| F|  |TAMS 0x00000006ff400000, 0x00000006ff400000| Untracked 
| 126|0x00000006ff800000, 0x00000006ff800000, 0x00000006ffc00000|  0%| F|  |TAMS 0x00000006ff800000, 0x00000006ff800000| Untracked 
| 127|0x00000006ffc00000, 0x00000006ffc00000, 0x0000000700000000|  0%| F|  |TAMS 0x00000006ffc00000, 0x00000006ffc00000| Untracked 
| 128|0x0000000700000000, 0x0000000700000000, 0x0000000700400000|  0%| F|  |TAMS 0x0000000700000000, 0x0000000700000000| Untracked 
| 129|0x0000000700400000, 0x0000000700400000, 0x0000000700800000|  0%| F|  |TAMS 0x0000000700400000, 0x0000000700400000| Untracked 
| 130|0x0000000700800000, 0x0000000700800000, 0x0000000700c00000|  0%| F|  |TAMS 0x0000000700800000, 0x0000000700800000| Untracked 
| 131|0x0000000700c00000, 0x0000000700c00000, 0x0000000701000000|  0%| F|  |TAMS 0x0000000700c00000, 0x0000000700c00000| Untracked 
| 132|0x0000000701000000, 0x0000000701000000, 0x0000000701400000|  0%| F|  |TAMS 0x0000000701000000, 0x0000000701000000| Untracked 
| 133|0x0000000701400000, 0x0000000701400000, 0x0000000701800000|  0%| F|  |TAMS 0x0000000701400000, 0x0000000701400000| Untracked 
| 134|0x0000000701800000, 0x0000000701800000, 0x0000000701c00000|  0%| F|  |TAMS 0x0000000701800000, 0x0000000701800000| Untracked 
| 135|0x0000000701c00000, 0x0000000701c00000, 0x0000000702000000|  0%| F|  |TAMS 0x0000000701c00000, 0x0000000701c00000| Untracked 
| 136|0x0000000702000000, 0x0000000702000000, 0x0000000702400000|  0%| F|  |TAMS 0x0000000702000000, 0x0000000702000000| Untracked 
| 137|0x0000000702400000, 0x0000000702400000, 0x0000000702800000|  0%| F|  |TAMS 0x0000000702400000, 0x0000000702400000| Untracked 
| 138|0x0000000702800000, 0x0000000702800000, 0x0000000702c00000|  0%| F|  |TAMS 0x0000000702800000, 0x0000000702800000| Untracked 
| 139|0x0000000702c00000, 0x0000000702c00000, 0x0000000703000000|  0%| F|  |TAMS 0x0000000702c00000, 0x0000000702c00000| Untracked 
| 140|0x0000000703000000, 0x0000000703000000, 0x0000000703400000|  0%| F|  |TAMS 0x0000000703000000, 0x0000000703000000| Untracked 
| 141|0x0000000703400000, 0x0000000703400000, 0x0000000703800000|  0%| F|  |TAMS 0x0000000703400000, 0x0000000703400000| Untracked 
| 142|0x0000000703800000, 0x0000000703800000, 0x0000000703c00000|  0%| F|  |TAMS 0x0000000703800000, 0x0000000703800000| Untracked 
| 143|0x0000000703c00000, 0x0000000703c00000, 0x0000000704000000|  0%| F|  |TAMS 0x0000000703c00000, 0x0000000703c00000| Untracked 
| 144|0x0000000704000000, 0x0000000704000000, 0x0000000704400000|  0%| F|  |TAMS 0x0000000704000000, 0x0000000704000000| Untracked 
| 145|0x0000000704400000, 0x0000000704400000, 0x0000000704800000|  0%| F|  |TAMS 0x0000000704400000, 0x0000000704400000| Untracked 
| 146|0x0000000704800000, 0x0000000704800000, 0x0000000704c00000|  0%| F|  |TAMS 0x0000000704800000, 0x0000000704800000| Untracked 
| 147|0x0000000704c00000, 0x0000000704c00000, 0x0000000705000000|  0%| F|  |TAMS 0x0000000704c00000, 0x0000000704c00000| Untracked 
| 148|0x0000000705000000, 0x0000000705000000, 0x0000000705400000|  0%| F|  |TAMS 0x0000000705000000, 0x0000000705000000| Untracked 
| 149|0x0000000705400000, 0x0000000705400000, 0x0000000705800000|  0%| F|  |TAMS 0x0000000705400000, 0x0000000705400000| Untracked 
| 150|0x0000000705800000, 0x0000000705800000, 0x0000000705c00000|  0%| F|  |TAMS 0x0000000705800000, 0x0000000705800000| Untracked 
| 151|0x0000000705c00000, 0x0000000705c00000, 0x0000000706000000|  0%| F|  |TAMS 0x0000000705c00000, 0x0000000705c00000| Untracked 
| 152|0x0000000706000000, 0x0000000706000000, 0x0000000706400000|  0%| F|  |TAMS 0x0000000706000000, 0x0000000706000000| Untracked 
| 153|0x0000000706400000, 0x0000000706400440, 0x0000000706800000|  0%| O|  |TAMS 0x0000000706400000, 0x0000000706400000| Untracked 
| 154|0x0000000706800000, 0x0000000706800000, 0x0000000706c00000|  0%| F|  |TAMS 0x0000000706800000, 0x0000000706800000| Untracked 
| 155|0x0000000706c00000, 0x0000000706c00000, 0x0000000707000000|  0%| F|  |TAMS 0x0000000706c00000, 0x0000000706c00000| Untracked 
| 156|0x0000000707000000, 0x0000000707000000, 0x0000000707400000|  0%| F|  |TAMS 0x0000000707000000, 0x0000000707000000| Untracked 
| 157|0x0000000707400000, 0x0000000707400000, 0x0000000707800000|  0%| F|  |TAMS 0x0000000707400000, 0x0000000707400000| Untracked 
| 158|0x0000000707800000, 0x0000000707800000, 0x0000000707c00000|  0%| F|  |TAMS 0x0000000707800000, 0x0000000707800000| Untracked 
| 159|0x0000000707c00000, 0x0000000707c00000, 0x0000000708000000|  0%| F|  |TAMS 0x0000000707c00000, 0x0000000707c00000| Untracked 
| 160|0x0000000708000000, 0x0000000708000000, 0x0000000708400000|  0%| F|  |TAMS 0x0000000708000000, 0x0000000708000000| Untracked 
| 161|0x0000000708400000, 0x0000000708400000, 0x0000000708800000|  0%| F|  |TAMS 0x0000000708400000, 0x0000000708400000| Untracked 
| 162|0x0000000708800000, 0x0000000708800000, 0x0000000708c00000|  0%| F|  |TAMS 0x0000000708800000, 0x0000000708800000| Untracked 
| 163|0x0000000708c00000, 0x0000000708c00000, 0x0000000709000000|  0%| F|  |TAMS 0x0000000708c00000, 0x0000000708c00000| Untracked 
| 164|0x0000000709000000, 0x0000000709000000, 0x0000000709400000|  0%| F|  |TAMS 0x0000000709000000, 0x0000000709000000| Untracked 
| 165|0x0000000709400000, 0x0000000709400000, 0x0000000709800000|  0%| F|  |TAMS 0x0000000709400000, 0x0000000709400000| Untracked 
| 166|0x0000000709800000, 0x0000000709800000, 0x0000000709c00000|  0%| F|  |TAMS 0x0000000709800000, 0x0000000709800000| Untracked 
| 167|0x0000000709c00000, 0x0000000709c00000, 0x000000070a000000|  0%| F|  |TAMS 0x0000000709c00000, 0x0000000709c00000| Untracked 
| 168|0x000000070a000000, 0x000000070a000000, 0x000000070a400000|  0%| F|  |TAMS 0x000000070a000000, 0x000000070a000000| Untracked 
| 169|0x000000070a400000, 0x000000070a400000, 0x000000070a800000|  0%| F|  |TAMS 0x000000070a400000, 0x000000070a400000| Untracked 
| 170|0x000000070a800000, 0x000000070a800000, 0x000000070ac00000|  0%| F|  |TAMS 0x000000070a800000, 0x000000070a800000| Untracked 
| 171|0x000000070ac00000, 0x000000070ac00000, 0x000000070b000000|  0%| F|  |TAMS 0x000000070ac00000, 0x000000070ac00000| Untracked 
| 172|0x000000070b000000, 0x000000070b000000, 0x000000070b400000|  0%| F|  |TAMS 0x000000070b000000, 0x000000070b000000| Untracked 
| 173|0x000000070b400000, 0x000000070b400000, 0x000000070b800000|  0%| F|  |TAMS 0x000000070b400000, 0x000000070b400000| Untracked 
| 174|0x000000070b800000, 0x000000070b800000, 0x000000070bc00000|  0%| F|  |TAMS 0x000000070b800000, 0x000000070b800000| Untracked 
| 175|0x000000070bc00000, 0x000000070bc00000, 0x000000070c000000|  0%| F|  |TAMS 0x000000070bc00000, 0x000000070bc00000| Untracked 
| 176|0x000000070c000000, 0x000000070c000000, 0x000000070c400000|  0%| F|  |TAMS 0x000000070c000000, 0x000000070c000000| Untracked 
| 177|0x000000070c400000, 0x000000070c400000, 0x000000070c800000|  0%| F|  |TAMS 0x000000070c400000, 0x000000070c400000| Untracked 
| 178|0x000000070c800000, 0x000000070c800000, 0x000000070cc00000|  0%| F|  |TAMS 0x000000070c800000, 0x000000070c800000| Untracked 
| 179|0x000000070cc00000, 0x000000070cc00000, 0x000000070d000000|  0%| F|  |TAMS 0x000000070cc00000, 0x000000070cc00000| Untracked 
| 180|0x000000070d000000, 0x000000070d000000, 0x000000070d400000|  0%| F|  |TAMS 0x000000070d000000, 0x000000070d000000| Untracked 
| 181|0x000000070d400000, 0x000000070d400000, 0x000000070d800000|  0%| F|  |TAMS 0x000000070d400000, 0x000000070d400000| Untracked 
| 182|0x000000070d800000, 0x000000070d800000, 0x000000070dc00000|  0%| F|  |TAMS 0x000000070d800000, 0x000000070d800000| Untracked 
| 183|0x000000070dc00000, 0x000000070dc00000, 0x000000070e000000|  0%| F|  |TAMS 0x000000070dc00000, 0x000000070dc00000| Untracked 
| 184|0x000000070e000000, 0x000000070e000000, 0x000000070e400000|  0%| F|  |TAMS 0x000000070e000000, 0x000000070e000000| Untracked 
| 185|0x000000070e400000, 0x000000070e400000, 0x000000070e800000|  0%| F|  |TAMS 0x000000070e400000, 0x000000070e400000| Untracked 
| 186|0x000000070e800000, 0x000000070e800000, 0x000000070ec00000|  0%| F|  |TAMS 0x000000070e800000, 0x000000070e800000| Untracked 
| 187|0x000000070ec00000, 0x000000070ec00000, 0x000000070f000000|  0%| F|  |TAMS 0x000000070ec00000, 0x000000070ec00000| Untracked 
| 188|0x000000070f000000, 0x000000070f000000, 0x000000070f400000|  0%| F|  |TAMS 0x000000070f000000, 0x000000070f000000| Untracked 
| 189|0x000000070f400000, 0x000000070f400000, 0x000000070f800000|  0%| F|  |TAMS 0x000000070f400000, 0x000000070f400000| Untracked 
| 190|0x000000070f800000, 0x000000070f800000, 0x000000070fc00000|  0%| F|  |TAMS 0x000000070f800000, 0x000000070f800000| Untracked 
| 191|0x000000070fc00000, 0x000000070fc00000, 0x0000000710000000|  0%| F|  |TAMS 0x000000070fc00000, 0x000000070fc00000| Untracked 
| 192|0x0000000710000000, 0x0000000710000000, 0x0000000710400000|  0%| F|  |TAMS 0x0000000710000000, 0x0000000710000000| Untracked 
| 193|0x0000000710400000, 0x0000000710400000, 0x0000000710800000|  0%| F|  |TAMS 0x0000000710400000, 0x0000000710400000| Untracked 
| 194|0x0000000710800000, 0x0000000710800000, 0x0000000710c00000|  0%| F|  |TAMS 0x0000000710800000, 0x0000000710800000| Untracked 
| 195|0x0000000710c00000, 0x0000000710c00000, 0x0000000711000000|  0%| F|  |TAMS 0x0000000710c00000, 0x0000000710c00000| Untracked 
| 196|0x0000000711000000, 0x0000000711000000, 0x0000000711400000|  0%| F|  |TAMS 0x0000000711000000, 0x0000000711000000| Untracked 
| 197|0x0000000711400000, 0x0000000711400000, 0x0000000711800000|  0%| F|  |TAMS 0x0000000711400000, 0x0000000711400000| Untracked 
| 198|0x0000000711800000, 0x0000000711800000, 0x0000000711c00000|  0%| F|  |TAMS 0x0000000711800000, 0x0000000711800000| Untracked 
| 199|0x0000000711c00000, 0x0000000711c00000, 0x0000000712000000|  0%| F|  |TAMS 0x0000000711c00000, 0x0000000711c00000| Untracked 
| 200|0x0000000712000000, 0x0000000712000000, 0x0000000712400000|  0%| F|  |TAMS 0x0000000712000000, 0x0000000712000000| Untracked 
| 201|0x0000000712400000, 0x0000000712400000, 0x0000000712800000|  0%| F|  |TAMS 0x0000000712400000, 0x0000000712400000| Untracked 
| 202|0x0000000712800000, 0x0000000712800000, 0x0000000712c00000|  0%| F|  |TAMS 0x0000000712800000, 0x0000000712800000| Untracked 
| 203|0x0000000712c00000, 0x0000000712c00000, 0x0000000713000000|  0%| F|  |TAMS 0x0000000712c00000, 0x0000000712c00000| Untracked 
| 204|0x0000000713000000, 0x0000000713000000, 0x0000000713400000|  0%| F|  |TAMS 0x0000000713000000, 0x0000000713000000| Untracked 
| 205|0x0000000713400000, 0x0000000713400000, 0x0000000713800000|  0%| F|  |TAMS 0x0000000713400000, 0x0000000713400000| Untracked 
| 206|0x0000000713800000, 0x0000000713800000, 0x0000000713c00000|  0%| F|  |TAMS 0x0000000713800000, 0x0000000713800000| Untracked 
| 207|0x0000000713c00000, 0x0000000713c00000, 0x0000000714000000|  0%| F|  |TAMS 0x0000000713c00000, 0x0000000713c00000| Untracked 
| 208|0x0000000714000000, 0x0000000714000000, 0x0000000714400000|  0%| F|  |TAMS 0x0000000714000000, 0x0000000714000000| Untracked 
| 209|0x0000000714400000, 0x0000000714400000, 0x0000000714800000|  0%| F|  |TAMS 0x0000000714400000, 0x0000000714400000| Untracked 
| 210|0x0000000714800000, 0x0000000714800000, 0x0000000714c00000|  0%| F|  |TAMS 0x0000000714800000, 0x0000000714800000| Untracked 
| 211|0x0000000714c00000, 0x0000000714c00000, 0x0000000715000000|  0%| F|  |TAMS 0x0000000714c00000, 0x0000000714c00000| Untracked 
| 212|0x0000000715000000, 0x0000000715000000, 0x0000000715400000|  0%| F|  |TAMS 0x0000000715000000, 0x0000000715000000| Untracked 
| 213|0x0000000715400000, 0x0000000715400000, 0x0000000715800000|  0%| F|  |TAMS 0x0000000715400000, 0x0000000715400000| Untracked 
| 214|0x0000000715800000, 0x0000000715800000, 0x0000000715c00000|  0%| F|  |TAMS 0x0000000715800000, 0x0000000715800000| Untracked 
| 215|0x0000000715c00000, 0x0000000715c00000, 0x0000000716000000|  0%| F|  |TAMS 0x0000000715c00000, 0x0000000715c00000| Untracked 
| 216|0x0000000716000000, 0x0000000716000000, 0x0000000716400000|  0%| F|  |TAMS 0x0000000716000000, 0x0000000716000000| Untracked 
| 217|0x0000000716400000, 0x0000000716400000, 0x0000000716800000|  0%| F|  |TAMS 0x0000000716400000, 0x0000000716400000| Untracked 
| 218|0x0000000716800000, 0x0000000716800000, 0x0000000716c00000|  0%| F|  |TAMS 0x0000000716800000, 0x0000000716800000| Untracked 
| 219|0x0000000716c00000, 0x0000000716c00000, 0x0000000717000000|  0%| F|  |TAMS 0x0000000716c00000, 0x0000000716c00000| Untracked 
| 220|0x0000000717000000, 0x0000000717000000, 0x0000000717400000|  0%| F|  |TAMS 0x0000000717000000, 0x0000000717000000| Untracked 
| 221|0x0000000717400000, 0x0000000717400000, 0x0000000717800000|  0%| F|  |TAMS 0x0000000717400000, 0x0000000717400000| Untracked 
| 222|0x0000000717800000, 0x0000000717800000, 0x0000000717c00000|  0%| F|  |TAMS 0x0000000717800000, 0x0000000717800000| Untracked 
| 223|0x0000000717c00000, 0x0000000717c00000, 0x0000000718000000|  0%| F|  |TAMS 0x0000000717c00000, 0x0000000717c00000| Untracked 
| 224|0x0000000718000000, 0x0000000718000000, 0x0000000718400000|  0%| F|  |TAMS 0x0000000718000000, 0x0000000718000000| Untracked 
| 225|0x0000000718400000, 0x0000000718400000, 0x0000000718800000|  0%| F|  |TAMS 0x0000000718400000, 0x0000000718400000| Untracked 
| 226|0x0000000718800000, 0x0000000718800000, 0x0000000718c00000|  0%| F|  |TAMS 0x0000000718800000, 0x0000000718800000| Untracked 
| 227|0x0000000718c00000, 0x0000000718c00000, 0x0000000719000000|  0%| F|  |TAMS 0x0000000718c00000, 0x0000000718c00000| Untracked 
| 228|0x0000000719000000, 0x0000000719000000, 0x0000000719400000|  0%| F|  |TAMS 0x0000000719000000, 0x0000000719000000| Untracked 
| 229|0x0000000719400000, 0x0000000719400000, 0x0000000719800000|  0%| F|  |TAMS 0x0000000719400000, 0x0000000719400000| Untracked 
| 230|0x0000000719800000, 0x0000000719800000, 0x0000000719c00000|  0%| F|  |TAMS 0x0000000719800000, 0x0000000719800000| Untracked 
| 231|0x0000000719c00000, 0x0000000719c00000, 0x000000071a000000|  0%| F|  |TAMS 0x0000000719c00000, 0x0000000719c00000| Untracked 
| 232|0x000000071a000000, 0x000000071a000000, 0x000000071a400000|  0%| F|  |TAMS 0x000000071a000000, 0x000000071a000000| Untracked 
| 233|0x000000071a400000, 0x000000071a400000, 0x000000071a800000|  0%| F|  |TAMS 0x000000071a400000, 0x000000071a400000| Untracked 
| 234|0x000000071a800000, 0x000000071a800000, 0x000000071ac00000|  0%| F|  |TAMS 0x000000071a800000, 0x000000071a800000| Untracked 
| 235|0x000000071ac00000, 0x000000071ac00000, 0x000000071b000000|  0%| F|  |TAMS 0x000000071ac00000, 0x000000071ac00000| Untracked 
| 236|0x000000071b000000, 0x000000071b000000, 0x000000071b400000|  0%| F|  |TAMS 0x000000071b000000, 0x000000071b000000| Untracked 
| 237|0x000000071b400000, 0x000000071b400000, 0x000000071b800000|  0%| F|  |TAMS 0x000000071b400000, 0x000000071b400000| Untracked 
| 238|0x000000071b800000, 0x000000071b800000, 0x000000071bc00000|  0%| F|  |TAMS 0x000000071b800000, 0x000000071b800000| Untracked 
| 239|0x000000071bc00000, 0x000000071bc00000, 0x000000071c000000|  0%| F|  |TAMS 0x000000071bc00000, 0x000000071bc00000| Untracked 
| 240|0x000000071c000000, 0x000000071c000000, 0x000000071c400000|  0%| F|  |TAMS 0x000000071c000000, 0x000000071c000000| Untracked 
| 241|0x000000071c400000, 0x000000071c400000, 0x000000071c800000|  0%| F|  |TAMS 0x000000071c400000, 0x000000071c400000| Untracked 
| 242|0x000000071c800000, 0x000000071c800000, 0x000000071cc00000|  0%| F|  |TAMS 0x000000071c800000, 0x000000071c800000| Untracked 
| 243|0x000000071cc00000, 0x000000071cc00000, 0x000000071d000000|  0%| F|  |TAMS 0x000000071cc00000, 0x000000071cc00000| Untracked 
| 244|0x000000071d000000, 0x000000071d000000, 0x000000071d400000|  0%| F|  |TAMS 0x000000071d000000, 0x000000071d000000| Untracked 
| 245|0x000000071d400000, 0x000000071d400000, 0x000000071d800000|  0%| F|  |TAMS 0x000000071d400000, 0x000000071d400000| Untracked 
| 246|0x000000071d800000, 0x000000071d800000, 0x000000071dc00000|  0%| F|  |TAMS 0x000000071d800000, 0x000000071d800000| Untracked 
| 247|0x000000071dc00000, 0x000000071dc00000, 0x000000071e000000|  0%| F|  |TAMS 0x000000071dc00000, 0x000000071dc00000| Untracked 
| 248|0x000000071e000000, 0x000000071e000000, 0x000000071e400000|  0%| F|  |TAMS 0x000000071e000000, 0x000000071e000000| Untracked 
| 249|0x000000071e400000, 0x000000071e400000, 0x000000071e800000|  0%| F|  |TAMS 0x000000071e400000, 0x000000071e400000| Untracked 
| 250|0x000000071e800000, 0x000000071e800000, 0x000000071ec00000|  0%| F|  |TAMS 0x000000071e800000, 0x000000071e800000| Untracked 
| 251|0x000000071ec00000, 0x000000071ec00000, 0x000000071f000000|  0%| F|  |TAMS 0x000000071ec00000, 0x000000071ec00000| Untracked 
| 252|0x000000071f000000, 0x000000071f000000, 0x000000071f400000|  0%| F|  |TAMS 0x000000071f000000, 0x000000071f000000| Untracked 
| 253|0x000000071f400000, 0x000000071f53e120, 0x000000071f800000| 31%| S|CS|TAMS 0x000000071f400000, 0x000000071f400000| Complete 
| 254|0x000000071f800000, 0x000000071fc00000, 0x000000071fc00000|100%| S|CS|TAMS 0x000000071f800000, 0x000000071f800000| Complete 
| 255|0x000000071fc00000, 0x0000000720000000, 0x0000000720000000|100%| S|CS|TAMS 0x000000071fc00000, 0x000000071fc00000| Complete 
| 256|0x0000000720000000, 0x0000000720000000, 0x0000000720400000|  0%| F|  |TAMS 0x0000000720000000, 0x0000000720000000| Untracked 
| 257|0x0000000720400000, 0x0000000720400000, 0x0000000720800000|  0%| F|  |TAMS 0x0000000720400000, 0x0000000720400000| Untracked 
| 258|0x0000000720800000, 0x0000000720800000, 0x0000000720c00000|  0%| F|  |TAMS 0x0000000720800000, 0x0000000720800000| Untracked 
| 259|0x0000000720c00000, 0x0000000720c00000, 0x0000000721000000|  0%| F|  |TAMS 0x0000000720c00000, 0x0000000720c00000| Untracked 
| 260|0x0000000721000000, 0x0000000721000000, 0x0000000721400000|  0%| F|  |TAMS 0x0000000721000000, 0x0000000721000000| Untracked 
| 261|0x0000000721400000, 0x0000000721400000, 0x0000000721800000|  0%| F|  |TAMS 0x0000000721400000, 0x0000000721400000| Untracked 
| 262|0x0000000721800000, 0x0000000721800000, 0x0000000721c00000|  0%| F|  |TAMS 0x0000000721800000, 0x0000000721800000| Untracked 
| 263|0x0000000721c00000, 0x0000000721c00000, 0x0000000722000000|  0%| F|  |TAMS 0x0000000721c00000, 0x0000000721c00000| Untracked 
| 264|0x0000000722000000, 0x0000000722000000, 0x0000000722400000|  0%| F|  |TAMS 0x0000000722000000, 0x0000000722000000| Untracked 
| 265|0x0000000722400000, 0x0000000722400000, 0x0000000722800000|  0%| F|  |TAMS 0x0000000722400000, 0x0000000722400000| Untracked 
| 266|0x0000000722800000, 0x0000000722800000, 0x0000000722c00000|  0%| F|  |TAMS 0x0000000722800000, 0x0000000722800000| Untracked 
| 267|0x0000000722c00000, 0x0000000722c00000, 0x0000000723000000|  0%| F|  |TAMS 0x0000000722c00000, 0x0000000722c00000| Untracked 
| 268|0x0000000723000000, 0x0000000723000000, 0x0000000723400000|  0%| F|  |TAMS 0x0000000723000000, 0x0000000723000000| Untracked 
| 269|0x0000000723400000, 0x0000000723400000, 0x0000000723800000|  0%| F|  |TAMS 0x0000000723400000, 0x0000000723400000| Untracked 
| 270|0x0000000723800000, 0x0000000723800000, 0x0000000723c00000|  0%| F|  |TAMS 0x0000000723800000, 0x0000000723800000| Untracked 
| 271|0x0000000723c00000, 0x0000000723c00000, 0x0000000724000000|  0%| F|  |TAMS 0x0000000723c00000, 0x0000000723c00000| Untracked 
| 272|0x0000000724000000, 0x0000000724000000, 0x0000000724400000|  0%| F|  |TAMS 0x0000000724000000, 0x0000000724000000| Untracked 
| 273|0x0000000724400000, 0x0000000724400000, 0x0000000724800000|  0%| F|  |TAMS 0x0000000724400000, 0x0000000724400000| Untracked 
| 274|0x0000000724800000, 0x0000000724800000, 0x0000000724c00000|  0%| F|  |TAMS 0x0000000724800000, 0x0000000724800000| Untracked 
| 275|0x0000000724c00000, 0x0000000724c00000, 0x0000000725000000|  0%| F|  |TAMS 0x0000000724c00000, 0x0000000724c00000| Untracked 
| 276|0x0000000725000000, 0x0000000725000000, 0x0000000725400000|  0%| F|  |TAMS 0x0000000725000000, 0x0000000725000000| Untracked 
| 277|0x0000000725400000, 0x0000000725400000, 0x0000000725800000|  0%| F|  |TAMS 0x0000000725400000, 0x0000000725400000| Untracked 
| 278|0x0000000725800000, 0x0000000725800000, 0x0000000725c00000|  0%| F|  |TAMS 0x0000000725800000, 0x0000000725800000| Untracked 
| 279|0x0000000725c00000, 0x0000000725c00000, 0x0000000726000000|  0%| F|  |TAMS 0x0000000725c00000, 0x0000000725c00000| Untracked 
| 280|0x0000000726000000, 0x0000000726000000, 0x0000000726400000|  0%| F|  |TAMS 0x0000000726000000, 0x0000000726000000| Untracked 
| 281|0x0000000726400000, 0x0000000726400000, 0x0000000726800000|  0%| F|  |TAMS 0x0000000726400000, 0x0000000726400000| Untracked 
| 282|0x0000000726800000, 0x0000000726800000, 0x0000000726c00000|  0%| F|  |TAMS 0x0000000726800000, 0x0000000726800000| Untracked 
| 283|0x0000000726c00000, 0x0000000726c00000, 0x0000000727000000|  0%| F|  |TAMS 0x0000000726c00000, 0x0000000726c00000| Untracked 
| 284|0x0000000727000000, 0x0000000727000000, 0x0000000727400000|  0%| F|  |TAMS 0x0000000727000000, 0x0000000727000000| Untracked 

Card table byte_map: [0x00000286f9f80000,0x00000286fa880000] _byte_map_base: 0x00000286f6880000

Marking Bits (Prev, Next): (CMBitMap*) 0x00000286e2e2ac20, (CMBitMap*) 0x00000286e2e2ac60
 Prev Bits: [0x00000286fb180000, 0x00000286ff980000)
 Next Bits: [0x0000028680000000, 0x0000028684800000)

Polling page: 0x00000286e0bd0000

Metaspace:

Usage:
  Non-class:    144.38 MB used.
      Class:     22.06 MB used.
       Both:    166.44 MB used.

Virtual space:
  Non-class space:      192.00 MB reserved,     145.69 MB ( 76%) committed,  3 nodes.
      Class space:        1.00 GB reserved,      23.25 MB (  2%) committed,  1 nodes.
             Both:        1.19 GB reserved,     168.94 MB ( 14%) committed. 

Chunk freelists:
   Non-Class:  14.33 MB
       Class:  8.80 MB
        Both:  23.13 MB

MaxMetaspaceSize: unlimited
CompressedClassSpaceSize: 1.00 GB
Initial GC threshold: 21.00 MB
Current GC threshold: 277.31 MB
CDS: on
MetaspaceReclaimPolicy: balanced
 - commit_granule_bytes: 65536.
 - commit_granule_words: 8192.
 - virtual_space_node_default_size: 8388608.
 - enlarge_chunks_in_place: 1.
 - new_chunks_are_fully_committed: 0.
 - uncommit_free_chunks: 1.
 - use_allocation_guard: 0.
 - handle_deallocations: 1.


Internal statistics:

num_allocs_failed_limit: 12.
num_arena_births: 4334.
num_arena_deaths: 24.
num_vsnodes_births: 4.
num_vsnodes_deaths: 0.
num_space_committed: 2709.
num_space_uncommitted: 7.
num_chunks_returned_to_freelist: 97.
num_chunks_taken_from_freelist: 12687.
num_chunk_merges: 31.
num_chunk_splits: 7711.
num_chunks_enlarged: 4169.
num_inconsistent_stats: 0.

CodeHeap 'non-profiled nmethods': size=120000Kb used=27481Kb max_used=27481Kb free=92518Kb
 bounds [0x00000286f2150000, 0x00000286f3c30000, 0x00000286f9680000]
CodeHeap 'profiled nmethods': size=120000Kb used=66943Kb max_used=66943Kb free=53056Kb
 bounds [0x00000286ea680000, 0x00000286ee7f0000, 0x00000286f1bb0000]
CodeHeap 'non-nmethods': size=5760Kb used=2568Kb max_used=2653Kb free=3192Kb
 bounds [0x00000286f1bb0000, 0x00000286f1e60000, 0x00000286f2150000]
 total_blobs=33766 nmethods=32640 adapters=1035
 compilation: enabled
              stopped_count=0, restarted_count=0
 full_count=0

Compilation events (20 events):
Event: 16721.802 Thread 0x000002868696fd40 nmethod 42831 0x00000286ee7dd090 code [0x00000286ee7dd2a0, 0x00000286ee7ddb28]
Event: 16721.807 Thread 0x000002868696e420 42832       4       org.gradle.api.internal.artifacts.configurations.DefaultConfigurationContainer::validateNameIsAllowed (54 bytes)
Event: 16721.822 Thread 0x000002868696fd40 42833       3       org.jetbrains.kotlin.gradle.utils.ObjectCollectionExtKt::getOrCreate$default (26 bytes)
Event: 16721.823 Thread 0x000002868696fd40 nmethod 42833 0x00000286ec4eb490 code [0x00000286ec4eb640, 0x00000286ec4eb7e8]
Event: 16721.823 Thread 0x000002868696fd40 42834       3       org.jetbrains.kotlin.gradle.utils.ObjectCollectionExtKt::getOrCreate (134 bytes)
Event: 16721.827 Thread 0x000002868696fd40 nmethod 42834 0x00000286ee7dde10 code [0x00000286ee7de160, 0x00000286ee7df598]
Event: 16721.827 Thread 0x000002868696fd40 42835       3       org.jetbrains.kotlin.gradle.plugin.sources.DefaultKotlinSourceSetFactory$setUpSourceSetDefaults$1$1$1::<init> (20 bytes)
Event: 16721.828 Thread 0x000002868696fd40 nmethod 42835 0x00000286ec584610 code [0x00000286ec5847c0, 0x00000286ec584a58]
Event: 16721.828 Thread 0x000002868696fd40 42836       3       org.jetbrains.kotlin.gradle.utils.GradleConfigurationUtilsKt::addExtendsFromRelation (119 bytes)
Event: 16721.847 Thread 0x000002868696fd40 nmethod 42836 0x00000286ee7dfc10 code [0x00000286ee7e01a0, 0x00000286ee7e3698]
Event: 16721.848 Thread 0x000002868696fd40 42837       1       org.jetbrains.kotlin.gradle.plugin.mpp.compilationImpl.KotlinCompilationImpl$Params::getCompilerOptions (5 bytes)
Event: 16721.849 Thread 0x000002868696fd40 nmethod 42837 0x00000286f3c24990 code [0x00000286f3c24b20, 0x00000286f3c24bf8]
Event: 16721.849 Thread 0x000002868696fd40 42838       1       org.jetbrains.kotlin.gradle.plugin.sources.DefaultKotlinSourceSet::getResources (5 bytes)
Event: 16721.849 Thread 0x000002868696fd40 nmethod 42838 0x00000286f3c24c90 code [0x00000286f3c24e20, 0x00000286f3c24ef8]
Event: 16721.849 Thread 0x000002868696fd40 42839       1       org.jetbrains.kotlin.gradle.plugin.mpp.KotlinWithJavaCompilation::getCompilerOptions (5 bytes)
Event: 16721.849 Thread 0x000002868696fd40 nmethod 42839 0x00000286f3c24f90 code [0x00000286f3c25120, 0x00000286f3c251f8]
Event: 16721.872 Thread 0x000002868696e420 nmethod 42832 0x00000286f3c25290 code [0x00000286f3c25480, 0x00000286f3c26108]
Event: 16721.883 Thread 0x000002868696fd40 42840       3       org.jetbrains.kotlin.gradle.plugin.statistics.DefaultKotlinBuildStatsService::report (32 bytes)
Event: 16721.886 Thread 0x000002868696fd40 nmethod 42840 0x00000286ee7e4590 code [0x00000286ee7e4840, 0x00000286ee7e5468]
Event: 16721.886 Thread 0x000002868696fd40 42841       3       org.jetbrains.kotlin.gradle.plugin.statistics.KotlinBuildStatHandler::report$kotlin_gradle_plugin_common (82 bytes)

GC Heap History (20 events):
Event: 13106.709 GC heap after
{Heap after GC invocations=103 (full 2):
 garbage-first heap   total 897024K, used 292283K [0x00000006e0000000, 0x0000000800000000)
  region size 4096K, 3 young (12288K), 3 survivors (12288K)
 Metaspace       used 169122K, committed 171456K, reserved 1245184K
  class space    used 22470K, committed 23552K, reserved 1048576K
}
Event: 13109.044 GC heap before
{Heap before GC invocations=103 (full 2):
 garbage-first heap   total 897024K, used 337339K [0x00000006e0000000, 0x0000000800000000)
  region size 4096K, 14 young (57344K), 3 survivors (12288K)
 Metaspace       used 169214K, committed 171584K, reserved 1245184K
  class space    used 22479K, committed 23616K, reserved 1048576K
}
Event: 13109.126 GC heap after
{Heap after GC invocations=104 (full 2):
 garbage-first heap   total 897024K, used 300708K [0x00000006e0000000, 0x0000000800000000)
  region size 4096K, 2 young (8192K), 2 survivors (8192K)
 Metaspace       used 169214K, committed 171584K, reserved 1245184K
  class space    used 22479K, committed 23616K, reserved 1048576K
}
Event: 13111.418 GC heap before
{Heap before GC invocations=104 (full 2):
 garbage-first heap   total 897024K, used 399012K [0x00000006e0000000, 0x0000000800000000)
  region size 4096K, 26 young (106496K), 2 survivors (8192K)
 Metaspace       used 169398K, committed 171776K, reserved 1245184K
  class space    used 22492K, committed 23616K, reserved 1048576K
}
Event: 13111.529 GC heap after
{Heap after GC invocations=105 (full 2):
 garbage-first heap   total 897024K, used 319259K [0x00000006e0000000, 0x0000000800000000)
  region size 4096K, 4 young (16384K), 4 survivors (16384K)
 Metaspace       used 169398K, committed 171776K, reserved 1245184K
  class space    used 22492K, committed 23616K, reserved 1048576K
}
Event: 13113.095 GC heap before
{Heap before GC invocations=105 (full 2):
 garbage-first heap   total 897024K, used 343835K [0x00000006e0000000, 0x0000000800000000)
  region size 4096K, 10 young (40960K), 4 survivors (16384K)
 Metaspace       used 169447K, committed 171840K, reserved 1245184K
  class space    used 22495K, committed 23616K, reserved 1048576K
}
Event: 13113.208 GC heap after
{Heap after GC invocations=106 (full 2):
 garbage-first heap   total 1167360K, used 327475K [0x00000006e0000000, 0x0000000800000000)
  region size 4096K, 2 young (8192K), 2 survivors (8192K)
 Metaspace       used 169447K, committed 171840K, reserved 1245184K
  class space    used 22495K, committed 23616K, reserved 1048576K
}
Event: 13116.441 GC heap before
{Heap before GC invocations=106 (full 2):
 garbage-first heap   total 1167360K, used 380723K [0x00000006e0000000, 0x0000000800000000)
  region size 4096K, 16 young (65536K), 2 survivors (8192K)
 Metaspace       used 169499K, committed 171904K, reserved 1245184K
  class space    used 22500K, committed 23616K, reserved 1048576K
}
Event: 13116.493 GC heap after
{Heap after GC invocations=107 (full 2):
 garbage-first heap   total 1167360K, used 333614K [0x00000006e0000000, 0x0000000800000000)
  region size 4096K, 2 young (8192K), 2 survivors (8192K)
 Metaspace       used 169499K, committed 171904K, reserved 1245184K
  class space    used 22500K, committed 23616K, reserved 1048576K
}
Event: 13198.268 GC heap before
{Heap before GC invocations=107 (full 2):
 garbage-first heap   total 1167360K, used 423726K [0x00000006e0000000, 0x0000000800000000)
  region size 4096K, 24 young (98304K), 2 survivors (8192K)
 Metaspace       used 169559K, committed 171904K, reserved 1245184K
  class space    used 22504K, committed 23616K, reserved 1048576K
}
Event: 13198.292 GC heap after
{Heap after GC invocations=108 (full 2):
 garbage-first heap   total 1167360K, used 334562K [0x00000006e0000000, 0x0000000800000000)
  region size 4096K, 2 young (8192K), 2 survivors (8192K)
 Metaspace       used 169559K, committed 171904K, reserved 1245184K
  class space    used 22504K, committed 23616K, reserved 1048576K
}
Event: 15384.724 GC heap before
{Heap before GC invocations=108 (full 2):
 garbage-first heap   total 1167360K, used 473826K [0x00000006e0000000, 0x0000000800000000)
  region size 4096K, 36 young (147456K), 2 survivors (8192K)
 Metaspace       used 169708K, committed 172096K, reserved 1245184K
  class space    used 22514K, committed 23616K, reserved 1048576K
}
Event: 15384.851 GC heap after
{Heap after GC invocations=109 (full 2):
 garbage-first heap   total 1167360K, used 344125K [0x00000006e0000000, 0x0000000800000000)
  region size 4096K, 5 young (20480K), 5 survivors (20480K)
 Metaspace       used 169708K, committed 172096K, reserved 1245184K
  class space    used 22514K, committed 23616K, reserved 1048576K
}
Event: 15388.812 GC heap before
{Heap before GC invocations=109 (full 2):
 garbage-first heap   total 1167360K, used 467005K [0x00000006e0000000, 0x0000000800000000)
  region size 4096K, 35 young (143360K), 5 survivors (20480K)
 Metaspace       used 169969K, committed 172352K, reserved 1245184K
  class space    used 22514K, committed 23616K, reserved 1048576K
}
Event: 15389.015 GC heap after
{Heap after GC invocations=110 (full 2):
 garbage-first heap   total 1167360K, used 367677K [0x00000006e0000000, 0x0000000800000000)
  region size 4096K, 5 young (20480K), 5 survivors (20480K)
 Metaspace       used 169969K, committed 172352K, reserved 1245184K
  class space    used 22514K, committed 23616K, reserved 1048576K
}
Event: 15389.490 GC heap before
{Heap before GC invocations=110 (full 2):
 garbage-first heap   total 1167360K, used 412733K [0x00000006e0000000, 0x0000000800000000)
  region size 4096K, 16 young (65536K), 5 survivors (20480K)
 Metaspace       used 170002K, committed 172416K, reserved 1245184K
  class space    used 22514K, committed 23616K, reserved 1048576K
}
Event: 15389.633 GC heap after
{Heap after GC invocations=111 (full 2):
 garbage-first heap   total 1167360K, used 378478K [0x00000006e0000000, 0x0000000800000000)
  region size 4096K, 2 young (8192K), 2 survivors (8192K)
 Metaspace       used 170002K, committed 172416K, reserved 1245184K
  class space    used 22514K, committed 23616K, reserved 1048576K
}
Event: 15391.215 GC heap before
{Heap before GC invocations=111 (full 2):
 garbage-first heap   total 1167360K, used 468590K [0x00000006e0000000, 0x0000000800000000)
  region size 4096K, 24 young (98304K), 2 survivors (8192K)
 Metaspace       used 170033K, committed 172416K, reserved 1245184K
  class space    used 22515K, committed 23616K, reserved 1048576K
}
Event: 15391.311 GC heap after
{Heap after GC invocations=112 (full 2):
 garbage-first heap   total 1167360K, used 386443K [0x00000006e0000000, 0x0000000800000000)
  region size 4096K, 2 young (8192K), 2 survivors (8192K)
 Metaspace       used 170033K, committed 172416K, reserved 1245184K
  class space    used 22515K, committed 23616K, reserved 1048576K
}
Event: 16721.891 GC heap before
{Heap before GC invocations=112 (full 2):
 garbage-first heap   total 1167360K, used 497035K [0x00000006e0000000, 0x0000000800000000)
  region size 4096K, 29 young (118784K), 2 survivors (8192K)
 Metaspace       used 170437K, committed 172992K, reserved 1245184K
  class space    used 22590K, committed 23808K, reserved 1048576K
}

Deoptimization events (20 events):
Event: 15210.564 Thread 0x00000286d0542c90 Uncommon trap: trap_request=0xffffff45 fr.pc=0x00000286f2b45aec relative=0x0000000000002c4c
Event: 15210.567 Thread 0x00000286d0542c90 Uncommon trap: reason=unstable_if action=reinterpret pc=0x00000286f2b45aec method=java.text.SimpleDateFormat.zeroPaddingNumber(IIILjava/lang/StringBuffer;)V @ 4 c2
Event: 15210.570 Thread 0x00000286d0542c90 DEOPT PACKING pc=0x00000286f2b45aec sp=0x00000090262fea50
Event: 15210.582 Thread 0x00000286d0542c90 DEOPT UNPACKING pc=0x00000286f1c023a3 sp=0x00000090262fea68 mode 2
Event: 15385.878 Thread 0x0000028686bd7960 DEOPT PACKING pc=0x00000286ed56bc04 sp=0x0000009027ef9dd0
Event: 15385.879 Thread 0x0000028686bd7960 DEOPT UNPACKING pc=0x00000286f1c02b43 sp=0x0000009027ef9268 mode 0
Event: 15386.637 Thread 0x0000028686bd7960 DEOPT PACKING pc=0x00000286edffea19 sp=0x0000009027ef99b0
Event: 15386.637 Thread 0x0000028686bd7960 DEOPT UNPACKING pc=0x00000286f1c02b43 sp=0x0000009027ef8fe0 mode 0
Event: 15388.454 Thread 0x0000028686bd7960 Uncommon trap: trap_request=0xffffff66 fr.pc=0x00000286f38b7800 relative=0x00000000000000e0
Event: 15388.454 Thread 0x0000028686bd7960 Uncommon trap: reason=speculate_class_check action=maybe_recompile pc=0x00000286f38b7800 method=jdk.internal.reflect.UnsafeObjectFieldAccessorImpl.get(Ljava/lang/Object;)Ljava/lang/Object; @ 13 c2
Event: 15388.454 Thread 0x0000028686bd7960 DEOPT PACKING pc=0x00000286f38b7800 sp=0x0000009027ef9070
Event: 15388.455 Thread 0x0000028686bd7960 DEOPT UNPACKING pc=0x00000286f1c023a3 sp=0x0000009027ef9008 mode 2
Event: 15388.671 Thread 0x0000028686bd7960 DEOPT PACKING pc=0x00000286ec865609 sp=0x0000009027ef80c0
Event: 15388.671 Thread 0x0000028686bd7960 DEOPT UNPACKING pc=0x00000286f1c02b43 sp=0x0000009027ef7618 mode 0
Event: 15390.463 Thread 0x0000028686bdac00 DEOPT PACKING pc=0x00000286ec243430 sp=0x0000009029afe400
Event: 15390.463 Thread 0x0000028686bdac00 DEOPT UNPACKING pc=0x00000286f1c02b43 sp=0x0000009029afd8b0 mode 0
Event: 16639.860 Thread 0x00000286d0542c90 Uncommon trap: trap_request=0xffffffb5 fr.pc=0x00000286f3acd818 relative=0x0000000000000c78
Event: 16639.862 Thread 0x00000286d0542c90 Uncommon trap: reason=unloaded action=reinterpret pc=0x00000286f3acd818 method=sun.nio.ch.SocketChannelImpl.read(Ljava/nio/ByteBuffer;)I @ 194 c2
Event: 16639.863 Thread 0x00000286d0542c90 DEOPT PACKING pc=0x00000286f3acd818 sp=0x00000090262fee40
Event: 16639.870 Thread 0x00000286d0542c90 DEOPT UNPACKING pc=0x00000286f1c023a3 sp=0x00000090262fede8 mode 2

Classes unloaded (20 events):
Event: 3661.954 Thread 0x00000286e2e8b480 Unloading class 0x0000028689305448 'jdk/internal/jrtfs/SystemImage$2'
Event: 3661.954 Thread 0x00000286e2e8b480 Unloading class 0x0000028689305230 'jdk/internal/jrtfs/SystemImage$$Lambda$2801+0x0000028689305230'
Event: 3661.954 Thread 0x00000286e2e8b480 Unloading class 0x0000028689305000 'jdk/internal/jrtfs/ExplodedImage'
Event: 3661.954 Thread 0x00000286e2e8b480 Unloading class 0x0000028689304dc8 'jdk/internal/jrtfs/SystemImage$1'
Event: 3661.954 Thread 0x00000286e2e8b480 Unloading class 0x0000028689304bb0 'jdk/internal/jrtfs/SystemImage'
Event: 3661.954 Thread 0x00000286e2e8b480 Unloading class 0x0000028689304950 'jdk/internal/jrtfs/JrtFileStore'
Event: 3661.954 Thread 0x00000286e2e8b480 Unloading class 0x00000286893045d8 'jdk/internal/jrtfs/JrtPath'
Event: 3661.954 Thread 0x00000286e2e8b480 Unloading class 0x00000286893042e0 'jdk/internal/jrtfs/JrtFileSystem'
Event: 3661.955 Thread 0x00000286e2e8b480 Unloading class 0x0000028689304000 'jdk/internal/jrtfs/JrtFileSystemProvider'
Event: 3661.956 Thread 0x00000286e2e8b480 Unloading class 0x00000286891ad388 '_BuildScript_$_run_closure3'
Event: 3661.956 Thread 0x00000286e2e8b480 Unloading class 0x00000286891acfa0 '_BuildScript_$_run_closure2$_closure6'
Event: 3661.957 Thread 0x00000286e2e8b480 Unloading class 0x00000286891acbb8 '_BuildScript_$_run_closure2'
Event: 3661.957 Thread 0x00000286e2e8b480 Unloading class 0x00000286891ac7d0 '_BuildScript_$_run_closure1$_closure5'
Event: 3661.958 Thread 0x00000286e2e8b480 Unloading class 0x00000286891ac3e8 '_BuildScript_$_run_closure1$_closure4'
Event: 3661.958 Thread 0x00000286e2e8b480 Unloading class 0x00000286891ac000 '_BuildScript_$_run_closure1'
Event: 3661.960 Thread 0x00000286e2e8b480 Unloading class 0x00000286891a5000 '_BuildScript_'
Event: 3661.961 Thread 0x00000286e2e8b480 Unloading class 0x000002868918d000 '_BuildScript_$_run_closure1$_closure3'
Event: 3661.961 Thread 0x00000286e2e8b480 Unloading class 0x000002868918c920 '_BuildScript_$_run_closure1$_closure2'
Event: 3661.961 Thread 0x00000286e2e8b480 Unloading class 0x000002868918c538 '_BuildScript_$_run_closure1'
Event: 3661.961 Thread 0x00000286e2e8b480 Unloading class 0x000002868918c000 '_BuildScript_'

Classes redefined (0 events):
No events

Internal exceptions (20 events):
Event: 16643.092 Thread 0x00000286d0542c90 Exception <a 'java/net/ConnectException'{0x0000000722827cf0}: Connection refused: connect> (0x0000000722827cf0) 
thrown [s\open\src\hotspot\share\prims\jni.cpp, line 535]
Event: 16643.093 Thread 0x00000286d0542c90 Exception <a 'java/net/ConnectException'{0x00000007228284f8}: Connection refused: connect> (0x00000007228284f8) 
thrown [s\open\src\hotspot\share\prims\jni.cpp, line 535]
Event: 16644.107 Thread 0x00000286d0542c90 Exception <a 'java/net/ConnectException'{0x000000072282b1d0}: Connection refused: connect> (0x000000072282b1d0) 
thrown [s\open\src\hotspot\share\prims\jni.cpp, line 535]
Event: 16644.107 Thread 0x00000286d0542c90 Exception <a 'java/net/ConnectException'{0x000000072282b738}: Connection refused: connect> (0x000000072282b738) 
thrown [s\open\src\hotspot\share\prims\jni.cpp, line 535]
Event: 16645.120 Thread 0x00000286d0542c90 Exception <a 'java/net/ConnectException'{0x000000072282e410}: Connection refused: connect> (0x000000072282e410) 
thrown [s\open\src\hotspot\share\prims\jni.cpp, line 535]
Event: 16645.125 Thread 0x00000286d0542c90 Exception <a 'java/net/ConnectException'{0x000000072282e978}: Connection refused: connect> (0x000000072282e978) 
thrown [s\open\src\hotspot\share\prims\jni.cpp, line 535]
Event: 16700.941 Thread 0x00000286da00c4d0 Exception <a 'sun/nio/fs/WindowsException'{0x0000000722608610}> (0x0000000722608610) 
thrown [s\open\src\hotspot\share\prims\jni.cpp, line 516]
Event: 16700.965 Thread 0x00000286da00c4d0 Exception <a 'sun/nio/fs/WindowsException'{0x0000000722609ab0}> (0x0000000722609ab0) 
thrown [s\open\src\hotspot\share\prims\jni.cpp, line 516]
Event: 16700.967 Thread 0x00000286da00c4d0 Exception <a 'sun/nio/fs/WindowsException'{0x000000072260af50}> (0x000000072260af50) 
thrown [s\open\src\hotspot\share\prims\jni.cpp, line 516]
Event: 16700.968 Thread 0x00000286da00c4d0 Exception <a 'sun/nio/fs/WindowsException'{0x000000072260c3e0}> (0x000000072260c3e0) 
thrown [s\open\src\hotspot\share\prims\jni.cpp, line 516]
Event: 16706.028 Thread 0x00000286da00c4d0 Exception <a 'sun/nio/fs/WindowsException'{0x0000000722054688}> (0x0000000722054688) 
thrown [s\open\src\hotspot\share\prims\jni.cpp, line 516]
Event: 16706.033 Thread 0x00000286da00c4d0 Exception <a 'sun/nio/fs/WindowsException'{0x0000000722056320}> (0x0000000722056320) 
thrown [s\open\src\hotspot\share\prims\jni.cpp, line 516]
Event: 16706.034 Thread 0x00000286da00c4d0 Exception <a 'sun/nio/fs/WindowsException'{0x0000000722057fb8}> (0x0000000722057fb8) 
thrown [s\open\src\hotspot\share\prims\jni.cpp, line 516]
Event: 16706.035 Thread 0x00000286da00c4d0 Exception <a 'sun/nio/fs/WindowsException'{0x0000000722059c40}> (0x0000000722059c40) 
thrown [s\open\src\hotspot\share\prims\jni.cpp, line 516]
Event: 16714.119 Thread 0x00000286da00c4d0 Exception <a 'sun/nio/fs/WindowsException'{0x0000000721ba6c70}> (0x0000000721ba6c70) 
thrown [s\open\src\hotspot\share\prims\jni.cpp, line 516]
Event: 16714.122 Thread 0x00000286da00c4d0 Exception <a 'sun/nio/fs/WindowsException'{0x0000000721ba6df0}> (0x0000000721ba6df0) 
thrown [s\open\src\hotspot\share\prims\jni.cpp, line 516]
Event: 16714.154 Thread 0x00000286da00c4d0 Exception <a 'sun/nio/fs/WindowsException'{0x0000000721ba9f28}> (0x0000000721ba9f28) 
thrown [s\open\src\hotspot\share\prims\jni.cpp, line 516]
Event: 16714.154 Thread 0x00000286da00c4d0 Exception <a 'sun/nio/fs/WindowsException'{0x0000000721baa120}> (0x0000000721baa120) 
thrown [s\open\src\hotspot\share\prims\jni.cpp, line 516]
Event: 16714.158 Thread 0x00000286da00c4d0 Exception <a 'sun/nio/fs/WindowsException'{0x0000000721baf9d8}> (0x0000000721baf9d8) 
thrown [s\open\src\hotspot\share\prims\jni.cpp, line 516]
Event: 16714.158 Thread 0x00000286da00c4d0 Exception <a 'sun/nio/fs/WindowsException'{0x0000000721bafbd0}> (0x0000000721bafbd0) 
thrown [s\open\src\hotspot\share\prims\jni.cpp, line 516]

VM Operations (20 events):
Event: 16709.856 Executing VM operation: Cleanup done
Event: 16710.863 Executing VM operation: Cleanup
Event: 16710.864 Executing VM operation: Cleanup done
Event: 16711.878 Executing VM operation: Cleanup
Event: 16711.988 Executing VM operation: Cleanup done
Event: 16715.014 Executing VM operation: Cleanup
Event: 16715.046 Executing VM operation: Cleanup done
Event: 16716.054 Executing VM operation: Cleanup
Event: 16716.070 Executing VM operation: Cleanup done
Event: 16717.084 Executing VM operation: Cleanup
Event: 16717.104 Executing VM operation: Cleanup done
Event: 16718.115 Executing VM operation: Cleanup
Event: 16718.115 Executing VM operation: Cleanup done
Event: 16719.119 Executing VM operation: Cleanup
Event: 16719.136 Executing VM operation: Cleanup done
Event: 16720.140 Executing VM operation: Cleanup
Event: 16720.172 Executing VM operation: Cleanup done
Event: 16721.179 Executing VM operation: Cleanup
Event: 16721.179 Executing VM operation: Cleanup done
Event: 16721.890 Executing VM operation: G1CollectForAllocation

Events (20 events):
Event: 16659.985 Thread 0x00000286da009230 Thread added: 0x00000286da009230
Event: 16663.250 Thread 0x00000286da009230 Thread exited: 0x00000286da009230
Event: 16690.547 Thread 0x00000286cec00f50 Thread added: 0x00000286cec00f50
Event: 16690.771 Thread 0x00000286ce8d0070 Thread added: 0x00000286ce8d0070
Event: 16691.272 Thread 0x00000286d8aa6940 Thread added: 0x00000286d8aa6940
Event: 16691.971 Thread 0x00000286da00c4d0 Thread added: 0x00000286da00c4d0
Event: 16693.850 Thread 0x00000286d8aa5a10 Thread added: 0x00000286d8aa5a10
Event: 16694.360 Thread 0x00000286d8aa4ff0 Thread added: 0x00000286d8aa4ff0
Event: 16694.411 Thread 0x00000286d837cd60 Thread added: 0x00000286d837cd60
Event: 16697.275 Thread 0x00000286da00c9e0 Thread added: 0x00000286da00c9e0
Event: 16700.399 Thread 0x00000286da009230 Thread added: 0x00000286da009230
Event: 16700.444 Thread 0x00000286d837faf0 Thread added: 0x00000286d837faf0
Event: 16700.453 Thread 0x00000286d8380510 Thread added: 0x00000286d8380510
Event: 16711.026 Thread 0x00000286ce8d28f0 Thread added: 0x00000286ce8d28f0
Event: 16711.027 Thread 0x00000286ce8d0580 Thread added: 0x00000286ce8d0580
Event: 16717.790 Thread 0x00000286d837dc90 Thread added: 0x00000286d837dc90
Event: 16718.382 Thread 0x00000286d837e1a0 Thread added: 0x00000286d837e1a0
Event: 16718.382 Thread 0x00000286d837d780 Thread added: 0x00000286d837d780
Event: 16718.382 Thread 0x00000286d837e6b0 Thread added: 0x00000286d837e6b0
Event: 16719.440 Thread 0x00000286da00a670 Thread added: 0x00000286da00a670


Dynamic libraries:
0x00007ff6c0e20000 - 0x00007ff6c0e30000 	C:\Program Files\Java\jdk-17\bin\java.exe
0x00007ffed0d30000 - 0x00007ffed0f28000 	C:\WINDOWS\SYSTEM32\ntdll.dll
0x00007ffed0450000 - 0x00007ffed050d000 	C:\WINDOWS\System32\KERNEL32.DLL
0x00007ffecea30000 - 0x00007ffeced26000 	C:\WINDOWS\System32\KERNELBASE.dll
0x00007ffece4f0000 - 0x00007ffece5f0000 	C:\WINDOWS\System32\ucrtbase.dll
0x00007ffe82130000 - 0x00007ffe82149000 	C:\Program Files\Java\jdk-17\bin\jli.dll
0x00007ffeb71e0000 - 0x00007ffeb71fb000 	C:\Program Files\Java\jdk-17\bin\VCRUNTIME140.dll
0x00007ffecf7d0000 - 0x00007ffecf880000 	C:\WINDOWS\System32\ADVAPI32.dll
0x00007ffecf650000 - 0x00007ffecf6ee000 	C:\WINDOWS\System32\msvcrt.dll
0x00007ffecf8e0000 - 0x00007ffecf980000 	C:\WINDOWS\System32\sechost.dll
0x00007ffecf520000 - 0x00007ffecf643000 	C:\WINDOWS\System32\RPCRT4.dll
0x00007ffeced30000 - 0x00007ffeced57000 	C:\WINDOWS\System32\bcrypt.dll
0x00007ffecef30000 - 0x00007ffecf0cf000 	C:\WINDOWS\System32\USER32.dll
0x00007ffecea00000 - 0x00007ffecea22000 	C:\WINDOWS\System32\win32u.dll
0x00007ffecf280000 - 0x00007ffecf2ab000 	C:\WINDOWS\System32\GDI32.dll
0x00007ffeb4580000 - 0x00007ffeb481a000 	C:\WINDOWS\WinSxS\amd64_microsoft.windows.common-controls_6595b64144ccf1df_6.0.19041.4355_none_60b8b9eb71f62e16\COMCTL32.dll
0x00007ffece640000 - 0x00007ffece757000 	C:\WINDOWS\System32\gdi32full.dll
0x00007ffece450000 - 0x00007ffece4ed000 	C:\WINDOWS\System32\msvcp_win.dll
0x00007ffec11d0000 - 0x00007ffec11da000 	C:\WINDOWS\SYSTEM32\VERSION.dll
0x00007ffecedf0000 - 0x00007ffecee22000 	C:\WINDOWS\System32\IMM32.DLL
0x00007ffeaffe0000 - 0x00007ffeaffec000 	C:\Program Files\Java\jdk-17\bin\vcruntime140_1.dll
0x00007ffe820a0000 - 0x00007ffe8212e000 	C:\Program Files\Java\jdk-17\bin\msvcp140.dll
0x00007ffe65160000 - 0x00007ffe65d40000 	C:\Program Files\Java\jdk-17\bin\server\jvm.dll
0x00007ffeced60000 - 0x00007ffeced68000 	C:\WINDOWS\System32\PSAPI.DLL
0x00007ffebe810000 - 0x00007ffebe837000 	C:\WINDOWS\SYSTEM32\WINMM.dll
0x00007ffec9e50000 - 0x00007ffec9e59000 	C:\WINDOWS\SYSTEM32\WSOCK32.dll
0x00007ffecf6f0000 - 0x00007ffecf75b000 	C:\WINDOWS\System32\WS2_32.dll
0x00007ffeccbf0000 - 0x00007ffeccc02000 	C:\WINDOWS\SYSTEM32\kernel.appcore.dll
0x00007ffeaf3b0000 - 0x00007ffeaf3ba000 	C:\Program Files\Java\jdk-17\bin\jimage.dll
0x00007ffebbfb0000 - 0x00007ffebc194000 	C:\WINDOWS\SYSTEM32\DBGHELP.DLL
0x00007ffebcdd0000 - 0x00007ffebce04000 	C:\WINDOWS\SYSTEM32\dbgcore.DLL
0x00007ffece760000 - 0x00007ffece7e2000 	C:\WINDOWS\System32\bcryptPrimitives.dll
0x00007ffeaac00000 - 0x00007ffeaac0e000 	C:\Program Files\Java\jdk-17\bin\instrument.dll
0x00007ffe82070000 - 0x00007ffe82095000 	C:\Program Files\Java\jdk-17\bin\java.dll
0x00007ffe65080000 - 0x00007ffe65157000 	C:\Program Files\Java\jdk-17\bin\jsvml.dll
0x00007ffecfce0000 - 0x00007ffed044b000 	C:\WINDOWS\System32\SHELL32.dll
0x00007ffecc440000 - 0x00007ffeccbdd000 	C:\WINDOWS\SYSTEM32\windows.storage.dll
0x00007ffecf980000 - 0x00007ffecfcd3000 	C:\WINDOWS\System32\combase.dll
0x00007ffecdd30000 - 0x00007ffecdd5e000 	C:\WINDOWS\SYSTEM32\Wldp.dll
0x00007ffed0ac0000 - 0x00007ffed0b8d000 	C:\WINDOWS\System32\OLEAUT32.dll
0x00007ffed0b90000 - 0x00007ffed0c3d000 	C:\WINDOWS\System32\SHCORE.dll
0x00007ffecf770000 - 0x00007ffecf7c5000 	C:\WINDOWS\System32\shlwapi.dll
0x00007ffece310000 - 0x00007ffece334000 	C:\WINDOWS\SYSTEM32\profapi.dll
0x00007ffe82010000 - 0x00007ffe82028000 	C:\Program Files\Java\jdk-17\bin\zip.dll
0x00007ffe82050000 - 0x00007ffe82069000 	C:\Program Files\Java\jdk-17\bin\net.dll
0x00007ffec3150000 - 0x00007ffec325a000 	C:\WINDOWS\SYSTEM32\WINHTTP.dll
0x00007ffecda90000 - 0x00007ffecdafa000 	C:\WINDOWS\system32\mswsock.dll
0x00007ffe82030000 - 0x00007ffe82046000 	C:\Program Files\Java\jdk-17\bin\nio.dll
0x00007ffec6e40000 - 0x00007ffec6e50000 	C:\Program Files\Java\jdk-17\bin\verify.dll
0x00007ffe82210000 - 0x00007ffe82237000 	C:\Users\ZIDANE\.gradle\native\c067742578af261105cb4f569cf0c3c89f3d7b1fecec35dd04571415982c5e48\windows-amd64\native-platform.dll
0x00007ffe64f30000 - 0x00007ffe65074000 	C:\Users\ZIDANE\.gradle\native\38dada09dfb8b06ba9b0570ebf7e218e3eb74d4ef43ca46872605cf95ebc2f47\windows-amd64\native-platform-file-events.dll
0x00007ffead100000 - 0x00007ffead10a000 	C:\Program Files\Java\jdk-17\bin\management.dll
0x00007ffeab840000 - 0x00007ffeab84b000 	C:\Program Files\Java\jdk-17\bin\management_ext.dll
0x00007ffecdc80000 - 0x00007ffecdc98000 	C:\WINDOWS\SYSTEM32\CRYPTSP.dll
0x00007ffecd3b0000 - 0x00007ffecd3e4000 	C:\WINDOWS\system32\rsaenh.dll
0x00007ffece2c0000 - 0x00007ffece2ee000 	C:\WINDOWS\SYSTEM32\USERENV.dll
0x00007ffecdca0000 - 0x00007ffecdcac000 	C:\WINDOWS\SYSTEM32\CRYPTBASE.dll
0x00007ffecd770000 - 0x00007ffecd7ab000 	C:\WINDOWS\SYSTEM32\IPHLPAPI.DLL
0x00007ffeceec0000 - 0x00007ffeceec8000 	C:\WINDOWS\System32\NSI.dll
0x00007ffec3470000 - 0x00007ffec3487000 	C:\WINDOWS\SYSTEM32\dhcpcsvc6.DLL
0x00007ffec35c0000 - 0x00007ffec35dd000 	C:\WINDOWS\SYSTEM32\dhcpcsvc.DLL
0x00007ffecd7b0000 - 0x00007ffecd87b000 	C:\WINDOWS\SYSTEM32\DNSAPI.dll
0x00007ffeb7200000 - 0x00007ffeb720e000 	C:\Program Files\Java\jdk-17\bin\sunmscapi.dll
0x00007ffece8a0000 - 0x00007ffece9fe000 	C:\WINDOWS\System32\CRYPT32.dll
0x00007ffecdda0000 - 0x00007ffecddc9000 	C:\WINDOWS\SYSTEM32\ncrypt.dll
0x00007ffecdd60000 - 0x00007ffecdd9b000 	C:\WINDOWS\SYSTEM32\NTASN1.dll
0x00007ffec6210000 - 0x00007ffec6217000 	C:\WINDOWS\system32\wshunix.dll
0x00007ffeb13a0000 - 0x00007ffeb13b7000 	C:\WINDOWS\system32\napinsp.dll
0x00007ffeadba0000 - 0x00007ffeadbbb000 	C:\WINDOWS\system32\pnrpnsp.dll
0x00007ffec9c00000 - 0x00007ffec9c1d000 	C:\WINDOWS\system32\NLAapi.dll
0x00007ffea98f0000 - 0x00007ffea9902000 	C:\WINDOWS\System32\winrnr.dll
0x00007ffec9330000 - 0x00007ffec9345000 	C:\WINDOWS\system32\wshbth.dll
0x0000000065160000 - 0x0000000065186000 	C:\Program Files\Bonjour\mdnsNSP.dll
0x00007ffec1a60000 - 0x00007ffec1a6a000 	C:\Windows\System32\rasadhlp.dll
0x00007ffec2530000 - 0x00007ffec25b0000 	C:\WINDOWS\System32\fwpuclnt.dll
0x00007ffecbba0000 - 0x00007ffecbc30000 	C:\WINDOWS\system32\apphelp.dll
0x00007ffec6e50000 - 0x00007ffec6e6e000 	C:\Users\ZIDANE\AppData\Local\Temp\native-platform8721565742891930772dir\native-platform.dll
0x00007ffec9c20000 - 0x00007ffec9c27000 	C:\Program Files\Java\jdk-17\bin\rmi.dll

dbghelp: loaded successfully - version: 4.0.5 - missing functions: none
symbol engine: initialized successfully - sym options: 0x614 - pdb path: .;C:\Program Files\Java\jdk-17\bin;C:\WINDOWS\SYSTEM32;C:\WINDOWS\WinSxS\amd64_microsoft.windows.common-controls_6595b64144ccf1df_6.0.19041.4355_none_60b8b9eb71f62e16;C:\Program Files\Java\jdk-17\bin\server;C:\Users\ZIDANE\.gradle\native\c067742578af261105cb4f569cf0c3c89f3d7b1fecec35dd04571415982c5e48\windows-amd64;C:\Users\ZIDANE\.gradle\native\38dada09dfb8b06ba9b0570ebf7e218e3eb74d4ef43ca46872605cf95ebc2f47\windows-amd64;C:\Program Files\Bonjour;C:\Users\ZIDANE\AppData\Local\Temp\native-platform8721565742891930772dir

VM Arguments:
jvm_args: --add-opens=java.base/java.util=ALL-UNNAMED --add-opens=java.base/java.lang=ALL-UNNAMED --add-opens=java.base/java.lang.invoke=ALL-UNNAMED --add-opens=java.prefs/java.util.prefs=ALL-UNNAMED --add-opens=java.base/java.nio.charset=ALL-UNNAMED --add-opens=java.base/java.net=ALL-UNNAMED --add-opens=java.base/java.util.concurrent.atomic=ALL-UNNAMED -Xmx4608m -Dfile.encoding=windows-1252 -Duser.country=FR -Duser.language=fr -Duser.variant -javaagent:C:\Users\ZIDANE\.gradle\wrapper\dists\gradle-8.7-bin\bhs2wmbdwecv87pi65oeuq5iu\gradle-8.7\lib\agents\gradle-instrumentation-agent-8.7.jar 
java_command: org.gradle.launcher.daemon.bootstrap.GradleDaemon 8.7
java_class_path (initial): C:\Users\ZIDANE\.gradle\wrapper\dists\gradle-8.7-bin\bhs2wmbdwecv87pi65oeuq5iu\gradle-8.7\lib\gradle-launcher-8.7.jar
Launcher Type: SUN_STANDARD

[Global flags]
     intx CICompilerCount                          = 3                                         {product} {ergonomic}
     uint ConcGCThreads                            = 1                                         {product} {ergonomic}
     uint G1ConcRefinementThreads                  = 4                                         {product} {ergonomic}
   size_t G1HeapRegionSize                         = 4194304                                   {product} {ergonomic}
    uintx GCDrainStackTargetSize                   = 64                                        {product} {ergonomic}
   size_t InitialHeapSize                          = 67108864                                  {product} {ergonomic}
   size_t MarkStackSize                            = 4194304                                   {product} {ergonomic}
   size_t MaxHeapSize                              = 4831838208                                {product} {command line}
   size_t MaxNewSize                               = 2898264064                                {product} {ergonomic}
   size_t MinHeapDeltaBytes                        = 4194304                                   {product} {ergonomic}
   size_t MinHeapSize                              = 8388608                                   {product} {ergonomic}
    uintx NonNMethodCodeHeapSize                   = 5832780                                {pd product} {ergonomic}
    uintx NonProfiledCodeHeapSize                  = 122912730                              {pd product} {ergonomic}
    uintx ProfiledCodeHeapSize                     = 122912730                              {pd product} {ergonomic}
    uintx ReservedCodeCacheSize                    = 251658240                              {pd product} {ergonomic}
     bool SegmentedCodeCache                       = true                                      {product} {ergonomic}
   size_t SoftMaxHeapSize                          = 4831838208                             {manageable} {ergonomic}
     bool UseCompressedClassPointers               = true                           {product lp64_product} {ergonomic}
     bool UseCompressedOops                        = true                           {product lp64_product} {ergonomic}
     bool UseG1GC                                  = true                                      {product} {ergonomic}
     bool UseLargePagesIndividualAllocation        = false                                  {pd product} {ergonomic}

Logging:
Log output configuration:
 #0: stdout all=warning uptime,level,tags
 #1: stderr all=off uptime,level,tags

Environment Variables:
JAVA_HOME=C:\Program Files\Java\jdk-17
CLASSPATH=C:\Users\ZIDANE\houseApp\android\\gradle\wrapper\gradle-wrapper.jar
PATH=C:\Users\ZIDANE\houseApp\node_modules\.bin;C:\Users\ZIDANE\node_modules\.bin;C:\Users\node_modules\.bin;C:\node_modules\.bin;C:\Program Files\nodejs\node_modules\npm\node_modules\@npmcli\run-script\lib\node-gyp-bin;C:\Program Files\Common Files\Oracle\Java\javapath;C:\Program Files (x86)\Common Files\Oracle\Java\java8path;C:\Program Files (x86)\Common Files\Oracle\Java\javapath;C:\Program Files\Java\jdk-17\bin;C:\WINDOWS\system32;C:\WINDOWS;C:\WINDOWS\System32\Wbem;C:\WINDOWS\System32\WindowsPowerShell\v1.0\;C:\WINDOWS\System32\OpenSSH\;C:\Program Files\nodejs\;C:\Program Files\Git\cmd;choco;C:\ProgramData\chocolatey\bin;STM32CubeProgrammer path\bin;C:\Program Files\php-8.3.6;C:\Program Files\Java\jdk-17\bin;C:\WINDOWS\system32;C:\WINDOWS;C:\WINDOWS\System32\Wbem;C:\WINDOWS\System32\WindowsPowerShell\v1.0\;C:\WINDOWS\System32\OpenSSH\;C:\Program Files\nodejs\;C:\Program Files\Git\cmd;choco;C:\ProgramData\chocolatey\bin;STM32CubeProgrammer path\bin;C:\Program Files\php-8.3.6;C:\Users\ZIDANE\AppData\Local\Android\Sdk\tools;C:\Users\ZIDANE\AppData\Local\Microsoft\WindowsApps;C:\Users\ZIDANE\AppData\Local\Programs\Microsoft VS Code\bin;C:\Users\ZIDANE\AppData\Roaming\npm;C:\Users\ZIDANE\AppData\Local\Android\Sdk\platform-tools;C:\flutter\flutter\bin;C:\Program Files\Java\jdk-17\bin;
USERNAME=ZIDANE
OS=Windows_NT
PROCESSOR_IDENTIFIER=Intel64 Family 6 Model 58 Stepping 9, GenuineIntel



---------------  S Y S T E M  ---------------

OS:
 Windows 10 , 64 bit Build 19041 (10.0.19041.3636)
OS uptime: 0 days 17:40 hours

CPU: total 4 (initial active 4) (2 cores per cpu, 2 threads per core) family 6 model 58 stepping 9 microcode 0x21, cx8, cmov, fxsr, ht, mmx, sse, sse2, sse3, ssse3, sse4.1, sse4.2, popcnt, tsc, tscinvbit, avx, aes, erms, clmul, vzeroupper, clflush

Memory: 4k page, system-wide physical 3999M (213M free)
TotalPageFile size 16287M (AvailPageFile size 159M)
current process WorkingSet (physical memory assigned to process): 208M, peak: 817M
current process commit charge ("private bytes"): 1665M, peak: 2233M

vm_info: Java HotSpot(TM) 64-Bit Server VM (17.0.12+8-LTS-286) for windows-amd64 JRE (17.0.12+8-LTS-286), built on Jun  5 2024 06:46:59 by "mach5one" with MS VC++ 17.6 (VS2022)

END.
