#
# There is insufficient memory for the Java Runtime Environment to continue.
# Native memory allocation (mmap) failed to map 457179136 bytes for G1 virtual space
# Possible reasons:
#   The system is out of physical RAM or swap space
#   The process is running with CompressedOops enabled, and the Java Heap may be blocking the growth of the native heap
# Possible solutions:
#   Reduce memory load on the system
#   Increase physical memory or swap space
#   Check if swap backing store is full
#   Decrease Java heap size (-Xmx/-Xms)
#   Decrease number of Java threads
#   Decrease Java thread stack sizes (-Xss)
#   Set larger code cache with -XX:ReservedCodeCacheSize=
#   JVM is running with Zero Based Compressed Oops mode in which the Java heap is
#     placed in the first 32GB address space. The Java Heap base address is the
#     maximum limit for the native heap growth. Please use -XX:HeapBaseMinAddress
#     to set the Java Heap base and to place the Java Heap above 32GB virtual address.
# This output file may be truncated or incomplete.
#
#  Out of Memory Error (os_windows.cpp:3548), pid=6200, tid=5044
#
# JRE version: Java(TM) SE Runtime Environment (17.0.12+8) (build 17.0.12+8-LTS-286)
# Java VM: Java HotSpot(TM) 64-Bit Server VM (17.0.12+8-LTS-286, mixed mode, sharing, tiered, compressed oops, compressed class ptrs, g1 gc, windows-amd64)
# No core dump will be written. Minidumps are not enabled by default on client versions of Windows
#

---------------  S U M M A R Y ------------

Command Line: --add-opens=java.base/java.util=ALL-UNNAMED --add-opens=java.base/java.lang=ALL-UNNAMED --add-opens=java.base/java.lang.invoke=ALL-UNNAMED --add-opens=java.prefs/java.util.prefs=ALL-UNNAMED --add-opens=java.base/java.nio.charset=ALL-UNNAMED --add-opens=java.base/java.net=ALL-UNNAMED --add-opens=java.base/java.util.concurrent.atomic=ALL-UNNAMED -Xmx4608m -Dfile.encoding=windows-1252 -Duser.country=FR -Duser.language=fr -Duser.variant -javaagent:C:\Users\ZIDANE\.gradle\wrapper\dists\gradle-8.8-bin\dl7vupf4psengwqhwktix4v1\gradle-8.8\lib\agents\gradle-instrumentation-agent-8.8.jar org.gradle.launcher.daemon.bootstrap.GradleDaemon 8.8

Host: Intel(R) Core(TM) i5-3320M CPU @ 2.60GHz, 4 cores, 3G,  Windows 10 , 64 bit Build 19041 (10.0.19041.3636)
Time: Sun Sep  8 10:31:34 2024 Afr. centrale Ouest elapsed time: 4075.228048 seconds (0d 1h 7m 55s)

---------------  T H R E A D  ---------------

Current thread (0x000002310ac1e480):  VMThread "VM Thread" [stack: 0x0000008ff6d00000,0x0000008ff6e00000] [id=5044]

Stack: [0x0000008ff6d00000,0x0000008ff6e00000]
Native frames: (J=compiled Java code, j=interpreted, Vv=VM code, C=native code)
V  [jvm.dll+0x67a04a]
V  [jvm.dll+0x7da4ed]
V  [jvm.dll+0x7dbe33]
V  [jvm.dll+0x7dc4a3]
V  [jvm.dll+0x24508f]
V  [jvm.dll+0x677089]
V  [jvm.dll+0x66bd32]
V  [jvm.dll+0x301fa6]
V  [jvm.dll+0x309546]
V  [jvm.dll+0x359d2e]
V  [jvm.dll+0x359f5f]
V  [jvm.dll+0x2d9078]
V  [jvm.dll+0x2d74ad]
V  [jvm.dll+0x2d6afc]
V  [jvm.dll+0x31a65b]
V  [jvm.dll+0x7e0d9b]
V  [jvm.dll+0x7e1ad4]
V  [jvm.dll+0x7e1fed]
V  [jvm.dll+0x7e23c4]
V  [jvm.dll+0x7e2490]
V  [jvm.dll+0x78abea]
V  [jvm.dll+0x678f35]
C  [ucrtbase.dll+0x21bb2]
C  [KERNEL32.DLL+0x17344]
C  [ntdll.dll+0x526b1]

VM_Operation (0x0000008ff81f8360): G1CollectForAllocation, mode: safepoint, requested by thread 0x0000023177429740


---------------  P R O C E S S  ---------------

Threads class SMR info:
_java_thread_list=0x0000023104f42b40, length=91, elements={
0x000002310ab4c880, 0x00000231302d8fc0, 0x00000231302d9d50, 0x00000231302efb60,
0x00000231302f0630, 0x00000231302f2110, 0x00000231302f49f0, 0x00000231302fabb0,
0x0000023130305590, 0x0000023130317aa0, 0x00000231302cc0d0, 0x00000231306183e0,
0x00000231768a4d70, 0x000002317728f910, 0x0000023177356330, 0x000002317742d910,
0x000002317742de20, 0x000002317742bab0, 0x000002317742e840, 0x000002317742ed50,
0x000002317742b5a0, 0x000002317742f770, 0x00000231795a6550, 0x00000231790a52e0,
0x00000231790a0c00, 0x000002317883d3d0, 0x00000231056661c0, 0x0000023105668530,
0x0000023177428810, 0x0000023177428d20, 0x000002317742a160, 0x0000023177429740,
0x000002317742e330, 0x000002317742ab80, 0x000002317742b090, 0x00000231790a57f0,
0x00000231790a6210, 0x00000231790a2550, 0x00000231790a3ea0, 0x00000231790a6720,
0x00000231790a48c0, 0x00000231790a2a60, 0x00000231790a06f0, 0x00000231790a5d00,
0x00000231790a7650, 0x00000231790a43b0, 0x00000231790a2f70, 0x00000231790a1110,
0x00000231790a6c30, 0x00000231790a3990, 0x00000231790a4dd0, 0x00000231790a7140,
0x00000231790a01e0, 0x00000231790a1b30, 0x00000231790a7b60, 0x00000231790a1620,
0x00000231790a2040, 0x00000231795a1e70, 0x00000231795a5b30, 0x00000231795a1960,
0x00000231795a7990, 0x00000231795a6a60, 0x00000231795a2380, 0x00000231795a6f70,
0x00000231795a7480, 0x00000231795a7ea0, 0x00000231795a6040, 0x00000231795a37c0,
0x00000231795a83b0, 0x00000231795a2890, 0x00000231795a2da0, 0x00000231795a32b0,
0x00000231795a41e0, 0x00000231795a0f40, 0x00000231795a3cd0, 0x00000231795a88c0,
0x00000231795a4c00, 0x0000023105fb1d90, 0x0000023105fae0d0, 0x0000023105fb0e60,
0x0000023105fb4100, 0x0000023105fb4610, 0x0000023105fae5e0, 0x0000023105faf510,
0x0000023105fb22a0, 0x0000023105fb27b0, 0x0000023105fb2cc0, 0x0000023105fb1370,
0x0000023105fb31d0, 0x0000023105faeaf0, 0x0000023105fb3bf0
}

Java Threads: ( => current thread )
  0x000002310ab4c880 JavaThread "main" [_thread_blocked, id=8140, stack(0x0000008ff6700000,0x0000008ff6800000)]
  0x00000231302d8fc0 JavaThread "Reference Handler" daemon [_thread_blocked, id=14964, stack(0x0000008ff6e00000,0x0000008ff6f00000)]
  0x00000231302d9d50 JavaThread "Finalizer" daemon [_thread_blocked, id=728, stack(0x0000008ff6f00000,0x0000008ff7000000)]
  0x00000231302efb60 JavaThread "Signal Dispatcher" daemon [_thread_blocked, id=11640, stack(0x0000008ff7000000,0x0000008ff7100000)]
  0x00000231302f0630 JavaThread "Attach Listener" daemon [_thread_blocked, id=14048, stack(0x0000008ff7100000,0x0000008ff7200000)]
  0x00000231302f2110 JavaThread "Service Thread" daemon [_thread_blocked, id=7368, stack(0x0000008ff7200000,0x0000008ff7300000)]
  0x00000231302f49f0 JavaThread "Monitor Deflation Thread" daemon [_thread_blocked, id=1176, stack(0x0000008ff7300000,0x0000008ff7400000)]
  0x00000231302fabb0 JavaThread "C2 CompilerThread0" daemon [_thread_blocked, id=3436, stack(0x0000008ff7400000,0x0000008ff7500000)]
  0x0000023130305590 JavaThread "C1 CompilerThread0" daemon [_thread_blocked, id=14280, stack(0x0000008ff7500000,0x0000008ff7600000)]
  0x0000023130317aa0 JavaThread "Sweeper thread" daemon [_thread_blocked, id=8976, stack(0x0000008ff7600000,0x0000008ff7700000)]
  0x00000231302cc0d0 JavaThread "Common-Cleaner" daemon [_thread_blocked, id=8016, stack(0x0000008ff7700000,0x0000008ff7800000)]
  0x00000231306183e0 JavaThread "Notification Thread" daemon [_thread_blocked, id=13412, stack(0x0000008ff7800000,0x0000008ff7900000)]
  0x00000231768a4d70 JavaThread "Daemon health stats" [_thread_blocked, id=14916, stack(0x0000008ff7d00000,0x0000008ff7e00000)]
  0x000002317728f910 JavaThread "Incoming local TCP Connector on port 62679" [_thread_in_native, id=10340, stack(0x0000008ff7e00000,0x0000008ff7f00000)]
  0x0000023177356330 JavaThread "Daemon periodic checks" [_thread_blocked, id=15756, stack(0x0000008ff7f00000,0x0000008ff8000000)]
  0x000002317742d910 JavaThread "Cache worker for journal cache (C:\Users\ZIDANE\.gradle\caches\journal-1)" [_thread_blocked, id=15676, stack(0x0000008ff8700000,0x0000008ff8800000)]
  0x000002317742de20 JavaThread "File lock request listener" [_thread_in_native, id=14560, stack(0x0000008ff8800000,0x0000008ff8900000)]
  0x000002317742bab0 JavaThread "Cache worker for file hash cache (C:\Users\ZIDANE\.gradle\caches\8.8\fileHashes)" [_thread_blocked, id=12900, stack(0x0000008ff8900000,0x0000008ff8a00000)]
  0x000002317742e840 JavaThread "File watcher server" daemon [_thread_blocked, id=15776, stack(0x0000008ff8b00000,0x0000008ff8c00000)]
  0x000002317742ed50 JavaThread "File watcher consumer" daemon [_thread_blocked, id=15596, stack(0x0000008ff8c00000,0x0000008ff8d00000)]
  0x000002317742b5a0 JavaThread "Cache worker for file content cache (C:\Users\ZIDANE\.gradle\caches\8.8\fileContent)" [_thread_blocked, id=5600, stack(0x0000008ff8e00000,0x0000008ff8f00000)]
  0x000002317742f770 JavaThread "jar transforms" [_thread_blocked, id=15724, stack(0x0000008ff9100000,0x0000008ff9200000)]
  0x00000231795a6550 JavaThread "Memory manager" [_thread_blocked, id=2460, stack(0x0000008ffa500000,0x0000008ffa600000)]
  0x00000231790a52e0 JavaThread "jar transforms Thread 2" [_thread_blocked, id=9912, stack(0x0000008ffc400000,0x0000008ffc500000)]
  0x00000231790a0c00 JavaThread "jar transforms Thread 3" [_thread_blocked, id=4176, stack(0x0000008ffc600000,0x0000008ffc700000)]
  0x000002317883d3d0 JavaThread "jar transforms Thread 4" [_thread_blocked, id=1072, stack(0x0000008ffcb00000,0x0000008ffcc00000)]
  0x00000231056661c0 JavaThread "Monitor" [_thread_in_native, id=10608, stack(0x0000008ff6600000,0x0000008ff6700000)]
  0x0000023105668530 JavaThread "Device List Monitor" [_thread_in_native, id=7288, stack(0x0000008ff9300000,0x0000008ff9400000)]
  0x0000023177428810 JavaThread "Daemon Thread 4" [_thread_blocked, id=9332, stack(0x0000008ff6400000,0x0000008ff6500000)]
  0x0000023177428d20 JavaThread "Handler for socket connection from /127.0.0.1:62679 to /127.0.0.1:63865" [_thread_in_native, id=1256, stack(0x0000008ff6500000,0x0000008ff6600000)]
  0x000002317742a160 JavaThread "Cancel handler" [_thread_blocked, id=6732, stack(0x0000008ff8000000,0x0000008ff8100000)]
  0x0000023177429740 JavaThread "Daemon worker Thread 4" [_thread_blocked, id=1680, stack(0x0000008ff8100000,0x0000008ff8200000)]
  0x000002317742e330 JavaThread "Asynchronous log dispatcher for DefaultDaemonConnection: socket connection from /127.0.0.1:62679 to /127.0.0.1:63865" [_thread_blocked, id=7620, stack(0x0000008ff8200000,0x0000008ff8300000)]
  0x000002317742ab80 JavaThread "Stdin handler" [_thread_blocked, id=11528, stack(0x0000008ff8300000,0x0000008ff8400000)]
  0x000002317742b090 JavaThread "Daemon client event forwarder" [_thread_blocked, id=1368, stack(0x0000008ff8400000,0x0000008ff8500000)]
  0x00000231790a57f0 JavaThread "Cache worker for file hash cache (C:\Users\ZIDANE\houseApp\android\.gradle\8.8\fileHashes)" [_thread_blocked, id=6444, stack(0x0000008ff8500000,0x0000008ff8600000)]
  0x00000231790a6210 JavaThread "Cache worker for checksums cache (C:\Users\ZIDANE\houseApp\android\.gradle\8.8\checksums)" [_thread_blocked, id=14080, stack(0x0000008ff8600000,0x0000008ff8700000)]
  0x00000231790a2550 JavaThread "Cache worker for cache directory md-rule (C:\Users\ZIDANE\.gradle\caches\8.8\md-rule)" [_thread_blocked, id=5272, stack(0x0000008ff8a00000,0x0000008ff8b00000)]
  0x00000231790a3ea0 JavaThread "Cache worker for cache directory md-supplier (C:\Users\ZIDANE\.gradle\caches\8.8\md-supplier)" [_thread_blocked, id=12584, stack(0x0000008ff8d00000,0x0000008ff8e00000)]
  0x00000231790a6720 JavaThread "Unconstrained build operations" [_thread_blocked, id=15212, stack(0x0000008ff8f00000,0x0000008ff9000000)]
  0x00000231790a48c0 JavaThread "Unconstrained build operations Thread 2" [_thread_blocked, id=7536, stack(0x0000008ff9000000,0x0000008ff9100000)]
  0x00000231790a2a60 JavaThread "Unconstrained build operations Thread 3" [_thread_blocked, id=9032, stack(0x0000008ff9200000,0x0000008ff9300000)]
  0x00000231790a06f0 JavaThread "Unconstrained build operations Thread 4" [_thread_blocked, id=11340, stack(0x0000008ff9400000,0x0000008ff9500000)]
  0x00000231790a5d00 JavaThread "Cache worker for Build Output Cleanup Cache (C:\Users\ZIDANE\houseApp\node_modules\@react-native\gradle-plugin\.gradle\buildOutputCleanup)" [_thread_blocked, id=8168, stack(0x0000008ff9500000,0x0000008ff9600000)]
  0x00000231790a7650 JavaThread "Unconstrained build operations Thread 5" [_thread_blocked, id=12396, stack(0x0000008ff9600000,0x0000008ff9700000)]
  0x00000231790a43b0 JavaThread "Unconstrained build operations Thread 6" [_thread_blocked, id=7576, stack(0x0000008ff9700000,0x0000008ff9800000)]
  0x00000231790a2f70 JavaThread "Unconstrained build operations Thread 7" [_thread_blocked, id=864, stack(0x0000008ff9800000,0x0000008ff9900000)]
  0x00000231790a1110 JavaThread "Unconstrained build operations Thread 8" [_thread_blocked, id=12424, stack(0x0000008ff9900000,0x0000008ff9a00000)]
  0x00000231790a6c30 JavaThread "Unconstrained build operations Thread 9" [_thread_blocked, id=4520, stack(0x0000008ff9a00000,0x0000008ff9b00000)]
  0x00000231790a3990 JavaThread "Unconstrained build operations Thread 10" [_thread_blocked, id=8960, stack(0x0000008ff9b00000,0x0000008ff9c00000)]
  0x00000231790a4dd0 JavaThread "build event listener" [_thread_blocked, id=11492, stack(0x0000008ff9c00000,0x0000008ff9d00000)]
  0x00000231790a7140 JavaThread "ForkJoinPool.commonPool-worker-10" daemon [_thread_blocked, id=7808, stack(0x0000008ff9d00000,0x0000008ff9e00000)]
  0x00000231790a01e0 JavaThread "ForkJoinPool.commonPool-worker-11" daemon [_thread_blocked, id=11876, stack(0x0000008ff9e00000,0x0000008ff9f00000)]
  0x00000231790a1b30 JavaThread "ForkJoinPool.commonPool-worker-12" daemon [_thread_blocked, id=16048, stack(0x0000008ff9f00000,0x0000008ffa000000)]
  0x00000231790a7b60 JavaThread "included builds" [_thread_blocked, id=11612, stack(0x0000008ffa000000,0x0000008ffa100000)]
  0x00000231790a1620 JavaThread "Execution worker" [_thread_blocked, id=10528, stack(0x0000008ffa100000,0x0000008ffa200000)]
  0x00000231790a2040 JavaThread "Execution worker Thread 2" [_thread_blocked, id=16092, stack(0x0000008ffa200000,0x0000008ffa300000)]
  0x00000231795a1e70 JavaThread "Execution worker Thread 3" [_thread_blocked, id=10456, stack(0x0000008ffa300000,0x0000008ffa400000)]
  0x00000231795a5b30 JavaThread "Cache worker for execution history cache (C:\Users\ZIDANE\houseApp\node_modules\@react-native\gradle-plugin\.gradle\8.8\executionHistory)" [_thread_blocked, id=748, stack(0x0000008ffa400000,0x0000008ffa500000)]
  0x00000231795a1960 JavaThread "Unconstrained build operations Thread 11" [_thread_blocked, id=2660, stack(0x0000008ffa600000,0x0000008ffa700000)]
  0x00000231795a7990 JavaThread "Unconstrained build operations Thread 12" [_thread_blocked, id=15808, stack(0x0000008ffa700000,0x0000008ffa800000)]
  0x00000231795a6a60 JavaThread "Unconstrained build operations Thread 13" [_thread_blocked, id=12104, stack(0x0000008ffa800000,0x0000008ffa900000)]
  0x00000231795a2380 JavaThread "Unconstrained build operations Thread 14" [_thread_blocked, id=2536, stack(0x0000008ffa900000,0x0000008ffaa00000)]
  0x00000231795a6f70 JavaThread "Unconstrained build operations Thread 15" [_thread_blocked, id=6616, stack(0x0000008ffaa00000,0x0000008ffab00000)]
  0x00000231795a7480 JavaThread "Unconstrained build operations Thread 16" [_thread_blocked, id=1540, stack(0x0000008ffab00000,0x0000008ffac00000)]
  0x00000231795a7ea0 JavaThread "Unconstrained build operations Thread 17" [_thread_blocked, id=10336, stack(0x0000008ffac00000,0x0000008ffad00000)]
  0x00000231795a6040 JavaThread "Unconstrained build operations Thread 18" [_thread_blocked, id=8712, stack(0x0000008ffad00000,0x0000008ffae00000)]
  0x00000231795a37c0 JavaThread "Unconstrained build operations Thread 19" [_thread_blocked, id=4404, stack(0x0000008ffae00000,0x0000008ffaf00000)]
  0x00000231795a83b0 JavaThread "Unconstrained build operations Thread 20" [_thread_blocked, id=5892, stack(0x0000008ffaf00000,0x0000008ffb000000)]
  0x00000231795a2890 JavaThread "Unconstrained build operations Thread 21" [_thread_blocked, id=1924, stack(0x0000008ffb000000,0x0000008ffb100000)]
  0x00000231795a2da0 JavaThread "Unconstrained build operations Thread 22" [_thread_blocked, id=14912, stack(0x0000008ffb100000,0x0000008ffb200000)]
  0x00000231795a32b0 JavaThread "Cache worker for Build Output Cleanup Cache (C:\Users\ZIDANE\houseApp\android\.gradle\buildOutputCleanup)" [_thread_blocked, id=11696, stack(0x0000008ffb200000,0x0000008ffb300000)]
  0x00000231795a41e0 JavaThread "Unconstrained build operations Thread 23" [_thread_blocked, id=1040, stack(0x0000008ffb400000,0x0000008ffb500000)]
  0x00000231795a0f40 JavaThread "Unconstrained build operations Thread 24" [_thread_blocked, id=11924, stack(0x0000008ffb500000,0x0000008ffb600000)]
  0x00000231795a3cd0 JavaThread "Unconstrained build operations Thread 25" [_thread_blocked, id=12320, stack(0x0000008ffb600000,0x0000008ffb700000)]
  0x00000231795a88c0 JavaThread "Unconstrained build operations Thread 26" [_thread_blocked, id=16196, stack(0x0000008ffb700000,0x0000008ffb800000)]
  0x00000231795a4c00 JavaThread "Unconstrained build operations Thread 27" [_thread_blocked, id=12500, stack(0x0000008ffb800000,0x0000008ffb900000)]
  0x0000023105fb1d90 JavaThread "Unconstrained build operations Thread 28" [_thread_blocked, id=10524, stack(0x0000008ffb900000,0x0000008ffba00000)]
  0x0000023105fae0d0 JavaThread "Unconstrained build operations Thread 29" [_thread_blocked, id=2648, stack(0x0000008ffba00000,0x0000008ffbb00000)]
  0x0000023105fb0e60 JavaThread "Unconstrained build operations Thread 30" [_thread_blocked, id=3640, stack(0x0000008ffbb00000,0x0000008ffbc00000)]
  0x0000023105fb4100 JavaThread "Unconstrained build operations Thread 31" [_thread_blocked, id=12188, stack(0x0000008ffbc00000,0x0000008ffbd00000)]
  0x0000023105fb4610 JavaThread "build event listener" [_thread_blocked, id=5916, stack(0x0000008ffbd00000,0x0000008ffbe00000)]
  0x0000023105fae5e0 JavaThread "Unconstrained build operations Thread 32" [_thread_blocked, id=12084, stack(0x0000008ffbe00000,0x0000008ffbf00000)]
  0x0000023105faf510 JavaThread "Unconstrained build operations Thread 33" [_thread_blocked, id=2764, stack(0x0000008ffbf00000,0x0000008ffc000000)]
  0x0000023105fb22a0 JavaThread "Unconstrained build operations Thread 34" [_thread_blocked, id=9752, stack(0x0000008ffc000000,0x0000008ffc100000)]
  0x0000023105fb27b0 JavaThread "Unconstrained build operations Thread 35" [_thread_blocked, id=5804, stack(0x0000008ffc100000,0x0000008ffc200000)]
  0x0000023105fb2cc0 JavaThread "Unconstrained build operations Thread 36" [_thread_blocked, id=15136, stack(0x0000008ffc200000,0x0000008ffc300000)]
  0x0000023105fb1370 JavaThread "Unconstrained build operations Thread 37" [_thread_blocked, id=7936, stack(0x0000008ffc300000,0x0000008ffc400000)]
  0x0000023105fb31d0 JavaThread "Unconstrained build operations Thread 38" [_thread_blocked, id=12932, stack(0x0000008ffc500000,0x0000008ffc600000)]
  0x0000023105faeaf0 JavaThread "Unconstrained build operations Thread 39" [_thread_blocked, id=11364, stack(0x0000008ffc700000,0x0000008ffc800000)]
  0x0000023105fb3bf0 JavaThread "Unconstrained build operations Thread 40" [_thread_blocked, id=8112, stack(0x0000008ffc800000,0x0000008ffc900000)]

Other Threads:
=>0x000002310ac1e480 VMThread "VM Thread" [stack: 0x0000008ff6d00000,0x0000008ff6e00000] [id=5044]
  0x000002310abd7250 WatcherThread [stack: 0x0000008ff7900000,0x0000008ff7a00000] [id=4436]
  0x000002310abbc690 GCTaskThread "GC Thread#0" [stack: 0x0000008ff6800000,0x0000008ff6900000] [id=11204]
  0x00000231306d9c40 GCTaskThread "GC Thread#1" [stack: 0x0000008ff7a00000,0x0000008ff7b00000] [id=5472]
  0x000002313070f6a0 GCTaskThread "GC Thread#2" [stack: 0x0000008ff7b00000,0x0000008ff7c00000] [id=13848]
  0x0000023176672280 GCTaskThread "GC Thread#3" [stack: 0x0000008ff7c00000,0x0000008ff7d00000] [id=11532]
  0x000002310abc64f0 ConcurrentGCThread "G1 Main Marker" [stack: 0x0000008ff6900000,0x0000008ff6a00000] [id=3280]
  0x000002310abc75b0 ConcurrentGCThread "G1 Conc#0" [stack: 0x0000008ff6a00000,0x0000008ff6b00000] [id=14748]
  0x000002310abfc5f0 ConcurrentGCThread "G1 Refine#0" [stack: 0x0000008ff6b00000,0x0000008ff6c00000] [id=11196]
  0x00000231058f9c80 ConcurrentGCThread "G1 Refine#1" [stack: 0x0000008ffb300000,0x0000008ffb400000] [id=5384]
  0x000002310abfcf30 ConcurrentGCThread "G1 Service" [stack: 0x0000008ff6c00000,0x0000008ff6d00000] [id=10712]

Threads with active compile tasks:
C2 CompilerThread0  4075302 26917       4       org.gradle.api.internal.artifacts.dsl.ParsedModuleStringNotation::assignValuesFromModuleNotation (115 bytes)
C1 CompilerThread0  4075302 26915       3       com.android.build.api.artifact.impl.MultipleArtifactContainer::addInitialProvider (40 bytes)

VM state: at safepoint (normal execution)

VM Mutex/Monitor currently owned by a thread:  ([mutex/lock_event])
[0x000002310ab49fc0] Threads_lock - owner thread: 0x000002310ac1e480
[0x000002310ab4a4d0] Heap_lock - owner thread: 0x0000023177429740

Heap address: 0x00000006e0000000, size: 4608 MB, Compressed Oops mode: Zero based, Oop shift amount: 3

CDS archive(s) mapped at: [0x0000023131000000-0x0000023131bd0000-0x0000023131bd0000), size 12386304, SharedBaseAddress: 0x0000023131000000, ArchiveRelocationMode: 1.
Compressed class space mapped at: 0x0000023132000000-0x0000023172000000, reserved size: 1073741824
Narrow klass base: 0x0000023131000000, Narrow klass shift: 0, Narrow klass range: 0x100000000

GC Precious Log:
 CPUs: 4 total, 4 available
 Memory: 3999M
 Large Page Support: Disabled
 NUMA Support: Disabled
 Compressed Oops: Enabled (Zero based)
 Heap Region Size: 4M
 Heap Min Capacity: 8M
 Heap Initial Capacity: 64M
 Heap Max Capacity: 4608M
 Pre-touch: Disabled
 Parallel Workers: 4
 Concurrent Workers: 1
 Concurrent Refinement Workers: 4
 Periodic GC: Disabled

Heap:
 garbage-first heap   total 1097728K, used 406282K [0x00000006e0000000, 0x0000000800000000)
  region size 4096K, 2 young (8192K), 2 survivors (8192K)
 Metaspace       used 127570K, committed 129728K, reserved 1179648K
  class space    used 17311K, committed 18368K, reserved 1048576K

Heap Regions: E=young(eden), S=young(survivor), O=old, HS=humongous(starts), HC=humongous(continues), CS=collection set, F=free, OA=open archive, CA=closed archive, TAMS=top-at-mark-start (previous, next)
|   0|0x00000006e0000000, 0x00000006e0400000, 0x00000006e0400000|100%|HS|  |TAMS 0x00000006e0400000, 0x00000006e0000000| Complete 
|   1|0x00000006e0400000, 0x00000006e0800000, 0x00000006e0800000|100%| O|  |TAMS 0x00000006e0800000, 0x00000006e0400000| Untracked 
|   2|0x00000006e0800000, 0x00000006e0c00000, 0x00000006e0c00000|100%| O|  |TAMS 0x00000006e0c00000, 0x00000006e0800000| Untracked 
|   3|0x00000006e0c00000, 0x00000006e1000000, 0x00000006e1000000|100%| O|  |TAMS 0x00000006e1000000, 0x00000006e0c00000| Untracked 
|   4|0x00000006e1000000, 0x00000006e1400000, 0x00000006e1400000|100%| O|  |TAMS 0x00000006e1400000, 0x00000006e1000000| Untracked 
|   5|0x00000006e1400000, 0x00000006e1800000, 0x00000006e1800000|100%| O|  |TAMS 0x00000006e1800000, 0x00000006e1400000| Untracked 
|   6|0x00000006e1800000, 0x00000006e1c00000, 0x00000006e1c00000|100%| O|  |TAMS 0x00000006e1c00000, 0x00000006e1800000| Untracked 
|   7|0x00000006e1c00000, 0x00000006e2000000, 0x00000006e2000000|100%| O|  |TAMS 0x00000006e2000000, 0x00000006e1c00000| Untracked 
|   8|0x00000006e2000000, 0x00000006e2400000, 0x00000006e2400000|100%| O|  |TAMS 0x00000006e2400000, 0x00000006e2000000| Untracked 
|   9|0x00000006e2400000, 0x00000006e2800000, 0x00000006e2800000|100%| O|  |TAMS 0x00000006e2800000, 0x00000006e2400000| Untracked 
|  10|0x00000006e2800000, 0x00000006e2c00000, 0x00000006e2c00000|100%| O|  |TAMS 0x00000006e2c00000, 0x00000006e2800000| Untracked 
|  11|0x00000006e2c00000, 0x00000006e3000000, 0x00000006e3000000|100%| O|  |TAMS 0x00000006e2c00000, 0x00000006e2c00000| Untracked 
|  12|0x00000006e3000000, 0x00000006e3400000, 0x00000006e3400000|100%| O|  |TAMS 0x00000006e3400000, 0x00000006e3000000| Untracked 
|  13|0x00000006e3400000, 0x00000006e3800000, 0x00000006e3800000|100%|HS|  |TAMS 0x00000006e3800000, 0x00000006e3400000| Complete 
|  14|0x00000006e3800000, 0x00000006e3c00000, 0x00000006e3c00000|100%|HS|  |TAMS 0x00000006e3c00000, 0x00000006e3800000| Complete 
|  15|0x00000006e3c00000, 0x00000006e4000000, 0x00000006e4000000|100%| O|  |TAMS 0x00000006e4000000, 0x00000006e3c00000| Untracked 
|  16|0x00000006e4000000, 0x00000006e4400000, 0x00000006e4400000|100%| O|  |TAMS 0x00000006e4400000, 0x00000006e4000000| Untracked 
|  17|0x00000006e4400000, 0x00000006e4800000, 0x00000006e4800000|100%| O|  |TAMS 0x00000006e4800000, 0x00000006e4400000| Untracked 
|  18|0x00000006e4800000, 0x00000006e4c00000, 0x00000006e4c00000|100%| O|  |TAMS 0x00000006e4c00000, 0x00000006e4800000| Untracked 
|  19|0x00000006e4c00000, 0x00000006e5000000, 0x00000006e5000000|100%| O|  |TAMS 0x00000006e5000000, 0x00000006e4c00000| Untracked 
|  20|0x00000006e5000000, 0x00000006e5400000, 0x00000006e5400000|100%| O|  |TAMS 0x00000006e5400000, 0x00000006e5000000| Untracked 
|  21|0x00000006e5400000, 0x00000006e5800000, 0x00000006e5800000|100%| O|  |TAMS 0x00000006e5800000, 0x00000006e5400000| Untracked 
|  22|0x00000006e5800000, 0x00000006e5c00000, 0x00000006e5c00000|100%| O|  |TAMS 0x00000006e5c00000, 0x00000006e5800000| Untracked 
|  23|0x00000006e5c00000, 0x00000006e6000000, 0x00000006e6000000|100%| O|  |TAMS 0x00000006e6000000, 0x00000006e5c00000| Untracked 
|  24|0x00000006e6000000, 0x00000006e6400000, 0x00000006e6400000|100%| O|  |TAMS 0x00000006e6400000, 0x00000006e6000000| Untracked 
|  25|0x00000006e6400000, 0x00000006e6800000, 0x00000006e6800000|100%| O|  |TAMS 0x00000006e6800000, 0x00000006e6400000| Untracked 
|  26|0x00000006e6800000, 0x00000006e6c00000, 0x00000006e6c00000|100%| O|  |TAMS 0x00000006e6b83400, 0x00000006e6800000| Untracked 
|  27|0x00000006e6c00000, 0x00000006e7000000, 0x00000006e7000000|100%| O|  |TAMS 0x00000006e6c00000, 0x00000006e6c00000| Untracked 
|  28|0x00000006e7000000, 0x00000006e7400000, 0x00000006e7400000|100%| O|  |TAMS 0x00000006e7000000, 0x00000006e7000000| Untracked 
|  29|0x00000006e7400000, 0x00000006e7800000, 0x00000006e7800000|100%| O|  |TAMS 0x00000006e7400000, 0x00000006e7400000| Untracked 
|  30|0x00000006e7800000, 0x00000006e7c00000, 0x00000006e7c00000|100%| O|  |TAMS 0x00000006e7800000, 0x00000006e7800000| Untracked 
|  31|0x00000006e7c00000, 0x00000006e8000000, 0x00000006e8000000|100%| O|  |TAMS 0x00000006e7c00000, 0x00000006e7c00000| Untracked 
|  32|0x00000006e8000000, 0x00000006e8400000, 0x00000006e8400000|100%| O|  |TAMS 0x00000006e8000000, 0x00000006e8000000| Untracked 
|  33|0x00000006e8400000, 0x00000006e8800000, 0x00000006e8800000|100%| O|  |TAMS 0x00000006e8400000, 0x00000006e8400000| Untracked 
|  34|0x00000006e8800000, 0x00000006e8c00000, 0x00000006e8c00000|100%| O|  |TAMS 0x00000006e8800000, 0x00000006e8800000| Untracked 
|  35|0x00000006e8c00000, 0x00000006e9000000, 0x00000006e9000000|100%| O|  |TAMS 0x00000006e8c00000, 0x00000006e8c00000| Untracked 
|  36|0x00000006e9000000, 0x00000006e9400000, 0x00000006e9400000|100%| O|  |TAMS 0x00000006e9000000, 0x00000006e9000000| Untracked 
|  37|0x00000006e9400000, 0x00000006e9800000, 0x00000006e9800000|100%| O|  |TAMS 0x00000006e9400000, 0x00000006e9400000| Untracked 
|  38|0x00000006e9800000, 0x00000006e9c00000, 0x00000006e9c00000|100%| O|  |TAMS 0x00000006e9800000, 0x00000006e9800000| Untracked 
|  39|0x00000006e9c00000, 0x00000006ea000000, 0x00000006ea000000|100%| O|  |TAMS 0x00000006e9c00000, 0x00000006e9c00000| Untracked 
|  40|0x00000006ea000000, 0x00000006ea400000, 0x00000006ea400000|100%| O|  |TAMS 0x00000006ea000000, 0x00000006ea000000| Untracked 
|  41|0x00000006ea400000, 0x00000006ea800000, 0x00000006ea800000|100%| O|  |TAMS 0x00000006ea400000, 0x00000006ea400000| Untracked 
|  42|0x00000006ea800000, 0x00000006eac00000, 0x00000006eac00000|100%| O|  |TAMS 0x00000006ea800000, 0x00000006ea800000| Untracked 
|  43|0x00000006eac00000, 0x00000006eb000000, 0x00000006eb000000|100%| O|  |TAMS 0x00000006eac00000, 0x00000006eac00000| Untracked 
|  44|0x00000006eb000000, 0x00000006eb400000, 0x00000006eb400000|100%| O|  |TAMS 0x00000006eb000000, 0x00000006eb000000| Untracked 
|  45|0x00000006eb400000, 0x00000006eb800000, 0x00000006eb800000|100%| O|  |TAMS 0x00000006eb400000, 0x00000006eb400000| Untracked 
|  46|0x00000006eb800000, 0x00000006ebc00000, 0x00000006ebc00000|100%| O|  |TAMS 0x00000006eb800000, 0x00000006eb800000| Untracked 
|  47|0x00000006ebc00000, 0x00000006ec000000, 0x00000006ec000000|100%| O|  |TAMS 0x00000006ebc00000, 0x00000006ebc00000| Untracked 
|  48|0x00000006ec000000, 0x00000006ec400000, 0x00000006ec400000|100%| O|  |TAMS 0x00000006ec000000, 0x00000006ec000000| Untracked 
|  49|0x00000006ec400000, 0x00000006ec800000, 0x00000006ec800000|100%| O|  |TAMS 0x00000006ec400000, 0x00000006ec400000| Untracked 
|  50|0x00000006ec800000, 0x00000006ecc00000, 0x00000006ecc00000|100%| O|  |TAMS 0x00000006ec800000, 0x00000006ec800000| Untracked 
|  51|0x00000006ecc00000, 0x00000006ed000000, 0x00000006ed000000|100%| O|  |TAMS 0x00000006ecc00000, 0x00000006ecc00000| Untracked 
|  52|0x00000006ed000000, 0x00000006ed400000, 0x00000006ed400000|100%| O|  |TAMS 0x00000006ed000000, 0x00000006ed000000| Untracked 
|  53|0x00000006ed400000, 0x00000006ed800000, 0x00000006ed800000|100%| O|  |TAMS 0x00000006ed400000, 0x00000006ed400000| Untracked 
|  54|0x00000006ed800000, 0x00000006edc00000, 0x00000006edc00000|100%| O|  |TAMS 0x00000006ed800000, 0x00000006ed800000| Untracked 
|  55|0x00000006edc00000, 0x00000006ee000000, 0x00000006ee000000|100%| O|  |TAMS 0x00000006edc00000, 0x00000006edc00000| Untracked 
|  56|0x00000006ee000000, 0x00000006ee400000, 0x00000006ee400000|100%| O|  |TAMS 0x00000006ee000000, 0x00000006ee000000| Untracked 
|  57|0x00000006ee400000, 0x00000006ee800000, 0x00000006ee800000|100%| O|  |TAMS 0x00000006ee400000, 0x00000006ee400000| Untracked 
|  58|0x00000006ee800000, 0x00000006eec00000, 0x00000006eec00000|100%| O|  |TAMS 0x00000006ee800000, 0x00000006ee800000| Untracked 
|  59|0x00000006eec00000, 0x00000006ef000000, 0x00000006ef000000|100%| O|  |TAMS 0x00000006eec00000, 0x00000006eec00000| Untracked 
|  60|0x00000006ef000000, 0x00000006ef400000, 0x00000006ef400000|100%| O|  |TAMS 0x00000006ef000000, 0x00000006ef000000| Untracked 
|  61|0x00000006ef400000, 0x00000006ef800000, 0x00000006ef800000|100%| O|  |TAMS 0x00000006ef400000, 0x00000006ef400000| Untracked 
|  62|0x00000006ef800000, 0x00000006efc00000, 0x00000006efc00000|100%| O|  |TAMS 0x00000006ef800000, 0x00000006ef800000| Untracked 
|  63|0x00000006efc00000, 0x00000006f0000000, 0x00000006f0000000|100%| O|  |TAMS 0x00000006efc00000, 0x00000006efc00000| Untracked 
|  64|0x00000006f0000000, 0x00000006f0400000, 0x00000006f0400000|100%| O|  |TAMS 0x00000006f0000000, 0x00000006f0000000| Untracked 
|  65|0x00000006f0400000, 0x00000006f0800000, 0x00000006f0800000|100%| O|  |TAMS 0x00000006f0400000, 0x00000006f0400000| Untracked 
|  66|0x00000006f0800000, 0x00000006f0c00000, 0x00000006f0c00000|100%| O|  |TAMS 0x00000006f0800000, 0x00000006f0800000| Untracked 
|  67|0x00000006f0c00000, 0x00000006f1000000, 0x00000006f1000000|100%| O|  |TAMS 0x00000006f0c00000, 0x00000006f0c00000| Untracked 
|  68|0x00000006f1000000, 0x00000006f1400000, 0x00000006f1400000|100%| O|  |TAMS 0x00000006f1000000, 0x00000006f1000000| Untracked 
|  69|0x00000006f1400000, 0x00000006f1800000, 0x00000006f1800000|100%| O|  |TAMS 0x00000006f1400000, 0x00000006f1400000| Untracked 
|  70|0x00000006f1800000, 0x00000006f1c00000, 0x00000006f1c00000|100%| O|  |TAMS 0x00000006f1800000, 0x00000006f1800000| Untracked 
|  71|0x00000006f1c00000, 0x00000006f2000000, 0x00000006f2000000|100%| O|  |TAMS 0x00000006f1c00000, 0x00000006f1c00000| Untracked 
|  72|0x00000006f2000000, 0x00000006f2400000, 0x00000006f2400000|100%| O|  |TAMS 0x00000006f2000000, 0x00000006f2000000| Untracked 
|  73|0x00000006f2400000, 0x00000006f2800000, 0x00000006f2800000|100%| O|  |TAMS 0x00000006f2400000, 0x00000006f2400000| Untracked 
|  74|0x00000006f2800000, 0x00000006f2c00000, 0x00000006f2c00000|100%| O|  |TAMS 0x00000006f2800000, 0x00000006f2800000| Untracked 
|  75|0x00000006f2c00000, 0x00000006f3000000, 0x00000006f3000000|100%| O|  |TAMS 0x00000006f2c00000, 0x00000006f2c00000| Untracked 
|  76|0x00000006f3000000, 0x00000006f3400000, 0x00000006f3400000|100%| O|  |TAMS 0x00000006f3000000, 0x00000006f3000000| Untracked 
|  77|0x00000006f3400000, 0x00000006f3800000, 0x00000006f3800000|100%| O|  |TAMS 0x00000006f3400000, 0x00000006f3400000| Untracked 
|  78|0x00000006f3800000, 0x00000006f3c00000, 0x00000006f3c00000|100%| O|  |TAMS 0x00000006f3800000, 0x00000006f3800000| Untracked 
|  79|0x00000006f3c00000, 0x00000006f4000000, 0x00000006f4000000|100%| O|  |TAMS 0x00000006f3c00000, 0x00000006f3c00000| Untracked 
|  80|0x00000006f4000000, 0x00000006f4400000, 0x00000006f4400000|100%| O|  |TAMS 0x00000006f4000000, 0x00000006f4000000| Untracked 
|  81|0x00000006f4400000, 0x00000006f4800000, 0x00000006f4800000|100%| O|  |TAMS 0x00000006f4400000, 0x00000006f4400000| Untracked 
|  82|0x00000006f4800000, 0x00000006f4c00000, 0x00000006f4c00000|100%| O|  |TAMS 0x00000006f4800000, 0x00000006f4800000| Untracked 
|  83|0x00000006f4c00000, 0x00000006f5000000, 0x00000006f5000000|100%| O|  |TAMS 0x00000006f4c00000, 0x00000006f4c00000| Untracked 
|  84|0x00000006f5000000, 0x00000006f5400000, 0x00000006f5400000|100%| O|  |TAMS 0x00000006f5000000, 0x00000006f5000000| Untracked 
|  85|0x00000006f5400000, 0x00000006f5800000, 0x00000006f5800000|100%| O|  |TAMS 0x00000006f5400000, 0x00000006f5400000| Untracked 
|  86|0x00000006f5800000, 0x00000006f5c00000, 0x00000006f5c00000|100%| O|  |TAMS 0x00000006f5800000, 0x00000006f5800000| Untracked 
|  87|0x00000006f5c00000, 0x00000006f6000000, 0x00000006f6000000|100%| O|  |TAMS 0x00000006f5c00000, 0x00000006f5c00000| Untracked 
|  88|0x00000006f6000000, 0x00000006f6400000, 0x00000006f6400000|100%| O|  |TAMS 0x00000006f6000000, 0x00000006f6000000| Untracked 
|  89|0x00000006f6400000, 0x00000006f6800000, 0x00000006f6800000|100%| O|  |TAMS 0x00000006f6400000, 0x00000006f6400000| Untracked 
|  90|0x00000006f6800000, 0x00000006f6c00000, 0x00000006f6c00000|100%| O|  |TAMS 0x00000006f6800000, 0x00000006f6800000| Untracked 
|  91|0x00000006f6c00000, 0x00000006f7000000, 0x00000006f7000000|100%| O|  |TAMS 0x00000006f6c00000, 0x00000006f6c00000| Untracked 
|  92|0x00000006f7000000, 0x00000006f7400000, 0x00000006f7400000|100%| O|  |TAMS 0x00000006f7000000, 0x00000006f7000000| Untracked 
|  93|0x00000006f7400000, 0x00000006f7800000, 0x00000006f7800000|100%| O|  |TAMS 0x00000006f7400000, 0x00000006f7400000| Untracked 
|  94|0x00000006f7800000, 0x00000006f7c00000, 0x00000006f7c00000|100%| O|  |TAMS 0x00000006f7800000, 0x00000006f7800000| Untracked 
|  95|0x00000006f7c00000, 0x00000006f8000000, 0x00000006f8000000|100%| O|  |TAMS 0x00000006f7c00000, 0x00000006f7c00000| Untracked 
|  96|0x00000006f8000000, 0x00000006f8400000, 0x00000006f8400000|100%| O|  |TAMS 0x00000006f8000000, 0x00000006f8000000| Untracked 
|  97|0x00000006f8400000, 0x00000006f84c2a00, 0x00000006f8800000| 19%| O|  |TAMS 0x00000006f8400000, 0x00000006f8400000| Untracked 
|  98|0x00000006f8800000, 0x00000006f8800000, 0x00000006f8c00000|  0%| F|  |TAMS 0x00000006f8800000, 0x00000006f8800000| Untracked 
|  99|0x00000006f8c00000, 0x00000006f8c00000, 0x00000006f9000000|  0%| F|  |TAMS 0x00000006f8c00000, 0x00000006f8c00000| Untracked 
| 100|0x00000006f9000000, 0x00000006f9000000, 0x00000006f9400000|  0%| F|  |TAMS 0x00000006f9000000, 0x00000006f9000000| Untracked 
| 101|0x00000006f9400000, 0x00000006f9400000, 0x00000006f9800000|  0%| F|  |TAMS 0x00000006f9400000, 0x00000006f9400000| Untracked 
| 102|0x00000006f9800000, 0x00000006f9800000, 0x00000006f9c00000|  0%| F|  |TAMS 0x00000006f9800000, 0x00000006f9800000| Untracked 
| 103|0x00000006f9c00000, 0x00000006f9c00000, 0x00000006fa000000|  0%| F|  |TAMS 0x00000006f9c00000, 0x00000006f9c00000| Untracked 
| 104|0x00000006fa000000, 0x00000006fa000000, 0x00000006fa400000|  0%| F|  |TAMS 0x00000006fa000000, 0x00000006fa000000| Untracked 
| 105|0x00000006fa400000, 0x00000006fa400000, 0x00000006fa800000|  0%| F|  |TAMS 0x00000006fa400000, 0x00000006fa400000| Untracked 
| 106|0x00000006fa800000, 0x00000006fa800000, 0x00000006fac00000|  0%| F|  |TAMS 0x00000006fa800000, 0x00000006fa800000| Untracked 
| 107|0x00000006fac00000, 0x00000006fac00000, 0x00000006fb000000|  0%| F|  |TAMS 0x00000006fac00000, 0x00000006fac00000| Untracked 
| 108|0x00000006fb000000, 0x00000006fb000000, 0x00000006fb400000|  0%| F|  |TAMS 0x00000006fb000000, 0x00000006fb000000| Untracked 
| 109|0x00000006fb400000, 0x00000006fb400000, 0x00000006fb800000|  0%| F|  |TAMS 0x00000006fb400000, 0x00000006fb400000| Untracked 
| 110|0x00000006fb800000, 0x00000006fb800000, 0x00000006fbc00000|  0%| F|  |TAMS 0x00000006fb800000, 0x00000006fb800000| Untracked 
| 111|0x00000006fbc00000, 0x00000006fbc00000, 0x00000006fc000000|  0%| F|  |TAMS 0x00000006fbc00000, 0x00000006fbc00000| Untracked 
| 112|0x00000006fc000000, 0x00000006fc000000, 0x00000006fc400000|  0%| F|  |TAMS 0x00000006fc000000, 0x00000006fc000000| Untracked 
| 113|0x00000006fc400000, 0x00000006fc400000, 0x00000006fc800000|  0%| F|  |TAMS 0x00000006fc400000, 0x00000006fc400000| Untracked 
| 114|0x00000006fc800000, 0x00000006fc800000, 0x00000006fcc00000|  0%| F|  |TAMS 0x00000006fc800000, 0x00000006fc800000| Untracked 
| 115|0x00000006fcc00000, 0x00000006fcc00000, 0x00000006fd000000|  0%| F|  |TAMS 0x00000006fcc00000, 0x00000006fcc00000| Untracked 
| 116|0x00000006fd000000, 0x00000006fd000000, 0x00000006fd400000|  0%| F|  |TAMS 0x00000006fd000000, 0x00000006fd000000| Untracked 
| 117|0x00000006fd400000, 0x00000006fd400000, 0x00000006fd800000|  0%| F|  |TAMS 0x00000006fd400000, 0x00000006fd400000| Untracked 
| 118|0x00000006fd800000, 0x00000006fd800000, 0x00000006fdc00000|  0%| F|  |TAMS 0x00000006fd800000, 0x00000006fd800000| Untracked 
| 119|0x00000006fdc00000, 0x00000006fdc00000, 0x00000006fe000000|  0%| F|  |TAMS 0x00000006fdc00000, 0x00000006fdc00000| Untracked 
| 120|0x00000006fe000000, 0x00000006fe000000, 0x00000006fe400000|  0%| F|  |TAMS 0x00000006fe000000, 0x00000006fe000000| Untracked 
| 121|0x00000006fe400000, 0x00000006fe400000, 0x00000006fe800000|  0%| F|  |TAMS 0x00000006fe400000, 0x00000006fe400000| Untracked 
| 122|0x00000006fe800000, 0x00000006fe800000, 0x00000006fec00000|  0%| F|  |TAMS 0x00000006fe800000, 0x00000006fe800000| Untracked 
| 123|0x00000006fec00000, 0x00000006fec00000, 0x00000006ff000000|  0%| F|  |TAMS 0x00000006fec00000, 0x00000006fec00000| Untracked 
| 124|0x00000006ff000000, 0x00000006ff000000, 0x00000006ff400000|  0%| F|  |TAMS 0x00000006ff000000, 0x00000006ff000000| Untracked 
| 125|0x00000006ff400000, 0x00000006ff400000, 0x00000006ff800000|  0%| F|  |TAMS 0x00000006ff400000, 0x00000006ff400000| Untracked 
| 126|0x00000006ff800000, 0x00000006ff800000, 0x00000006ffc00000|  0%| F|  |TAMS 0x00000006ff800000, 0x00000006ff800000| Untracked 
| 127|0x00000006ffc00000, 0x00000006ffc00000, 0x0000000700000000|  0%| F|  |TAMS 0x00000006ffc00000, 0x00000006ffc00000| Untracked 
| 128|0x0000000700000000, 0x0000000700000000, 0x0000000700400000|  0%| F|  |TAMS 0x0000000700000000, 0x0000000700000000| Untracked 
| 129|0x0000000700400000, 0x0000000700400000, 0x0000000700800000|  0%| F|  |TAMS 0x0000000700400000, 0x0000000700400000| Untracked 
| 130|0x0000000700800000, 0x0000000700800000, 0x0000000700c00000|  0%| F|  |TAMS 0x0000000700800000, 0x0000000700800000| Untracked 
| 131|0x0000000700c00000, 0x0000000700c00000, 0x0000000701000000|  0%| F|  |TAMS 0x0000000700c00000, 0x0000000700c00000| Untracked 
| 132|0x0000000701000000, 0x0000000701000000, 0x0000000701400000|  0%| F|  |TAMS 0x0000000701000000, 0x0000000701000000| Untracked 
| 133|0x0000000701400000, 0x0000000701400000, 0x0000000701800000|  0%| F|  |TAMS 0x0000000701400000, 0x0000000701400000| Untracked 
| 134|0x0000000701800000, 0x0000000701800000, 0x0000000701c00000|  0%| F|  |TAMS 0x0000000701800000, 0x0000000701800000| Untracked 
| 135|0x0000000701c00000, 0x0000000701c00000, 0x0000000702000000|  0%| F|  |TAMS 0x0000000701c00000, 0x0000000701c00000| Untracked 
| 136|0x0000000702000000, 0x0000000702000000, 0x0000000702400000|  0%| F|  |TAMS 0x0000000702000000, 0x0000000702000000| Untracked 
| 137|0x0000000702400000, 0x0000000702400000, 0x0000000702800000|  0%| F|  |TAMS 0x0000000702400000, 0x0000000702400000| Untracked 
| 138|0x0000000702800000, 0x0000000702800000, 0x0000000702c00000|  0%| F|  |TAMS 0x0000000702800000, 0x0000000702800000| Untracked 
| 139|0x0000000702c00000, 0x0000000702c00000, 0x0000000703000000|  0%| F|  |TAMS 0x0000000702c00000, 0x0000000702c00000| Untracked 
| 140|0x0000000703000000, 0x0000000703000000, 0x0000000703400000|  0%| F|  |TAMS 0x0000000703000000, 0x0000000703000000| Untracked 
| 141|0x0000000703400000, 0x0000000703400000, 0x0000000703800000|  0%| F|  |TAMS 0x0000000703400000, 0x0000000703400000| Untracked 
| 142|0x0000000703800000, 0x0000000703800000, 0x0000000703c00000|  0%| F|  |TAMS 0x0000000703800000, 0x0000000703800000| Untracked 
| 143|0x0000000703c00000, 0x0000000703c00000, 0x0000000704000000|  0%| F|  |TAMS 0x0000000703c00000, 0x0000000703c00000| Untracked 
| 144|0x0000000704000000, 0x0000000704000000, 0x0000000704400000|  0%| F|  |TAMS 0x0000000704000000, 0x0000000704000000| Untracked 
| 145|0x0000000704400000, 0x0000000704400000, 0x0000000704800000|  0%| F|  |TAMS 0x0000000704400000, 0x0000000704400000| Untracked 
| 146|0x0000000704800000, 0x0000000704800000, 0x0000000704c00000|  0%| F|  |TAMS 0x0000000704800000, 0x0000000704800000| Untracked 
| 147|0x0000000704c00000, 0x0000000704c00000, 0x0000000705000000|  0%| F|  |TAMS 0x0000000704c00000, 0x0000000704c00000| Untracked 
| 148|0x0000000705000000, 0x0000000705000000, 0x0000000705400000|  0%| F|  |TAMS 0x0000000705000000, 0x0000000705000000| Untracked 
| 149|0x0000000705400000, 0x0000000705400000, 0x0000000705800000|  0%| F|  |TAMS 0x0000000705400000, 0x0000000705400000| Untracked 
| 150|0x0000000705800000, 0x0000000705800000, 0x0000000705c00000|  0%| F|  |TAMS 0x0000000705800000, 0x0000000705800000| Untracked 
| 151|0x0000000705c00000, 0x0000000705c00000, 0x0000000706000000|  0%| F|  |TAMS 0x0000000705c00000, 0x0000000705c00000| Untracked 
| 152|0x0000000706000000, 0x0000000706000000, 0x0000000706400000|  0%| F|  |TAMS 0x0000000706000000, 0x0000000706000000| Untracked 
| 153|0x0000000706400000, 0x0000000706400000, 0x0000000706800000|  0%| F|  |TAMS 0x0000000706400000, 0x0000000706400000| Untracked 
| 154|0x0000000706800000, 0x0000000706800000, 0x0000000706c00000|  0%| F|  |TAMS 0x0000000706800000, 0x0000000706800000| Untracked 
| 155|0x0000000706c00000, 0x0000000706c00000, 0x0000000707000000|  0%| F|  |TAMS 0x0000000706c00000, 0x0000000706c00000| Untracked 
| 156|0x0000000707000000, 0x0000000707000000, 0x0000000707400000|  0%| F|  |TAMS 0x0000000707000000, 0x0000000707000000| Untracked 
| 157|0x0000000707400000, 0x0000000707400000, 0x0000000707800000|  0%| F|  |TAMS 0x0000000707400000, 0x0000000707400000| Untracked 
| 158|0x0000000707800000, 0x0000000707800000, 0x0000000707c00000|  0%| F|  |TAMS 0x0000000707800000, 0x0000000707800000| Untracked 
| 159|0x0000000707c00000, 0x0000000707c00000, 0x0000000708000000|  0%| F|  |TAMS 0x0000000707c00000, 0x0000000707c00000| Untracked 
| 160|0x0000000708000000, 0x0000000708000000, 0x0000000708400000|  0%| F|  |TAMS 0x0000000708000000, 0x0000000708000000| Untracked 
| 161|0x0000000708400000, 0x0000000708400000, 0x0000000708800000|  0%| F|  |TAMS 0x0000000708400000, 0x0000000708400000| Untracked 
| 162|0x0000000708800000, 0x0000000708800000, 0x0000000708c00000|  0%| F|  |TAMS 0x0000000708800000, 0x0000000708800000| Untracked 
| 163|0x0000000708c00000, 0x0000000708c00000, 0x0000000709000000|  0%| F|  |TAMS 0x0000000708c00000, 0x0000000708c00000| Untracked 
| 164|0x0000000709000000, 0x0000000709000000, 0x0000000709400000|  0%| F|  |TAMS 0x0000000709000000, 0x0000000709000000| Untracked 
| 165|0x0000000709400000, 0x0000000709400000, 0x0000000709800000|  0%| F|  |TAMS 0x0000000709400000, 0x0000000709400000| Untracked 
| 166|0x0000000709800000, 0x0000000709800000, 0x0000000709c00000|  0%| F|  |TAMS 0x0000000709800000, 0x0000000709800000| Untracked 
| 167|0x0000000709c00000, 0x0000000709c00000, 0x000000070a000000|  0%| F|  |TAMS 0x0000000709c00000, 0x0000000709c00000| Untracked 
| 168|0x000000070a000000, 0x000000070a000000, 0x000000070a400000|  0%| F|  |TAMS 0x000000070a000000, 0x000000070a000000| Untracked 
| 169|0x000000070a400000, 0x000000070a400000, 0x000000070a800000|  0%| F|  |TAMS 0x000000070a400000, 0x000000070a400000| Untracked 
| 170|0x000000070a800000, 0x000000070a800000, 0x000000070ac00000|  0%| F|  |TAMS 0x000000070a800000, 0x000000070a800000| Untracked 
| 171|0x000000070ac00000, 0x000000070ac00000, 0x000000070b000000|  0%| F|  |TAMS 0x000000070ac00000, 0x000000070ac00000| Untracked 
| 172|0x000000070b000000, 0x000000070b000000, 0x000000070b400000|  0%| F|  |TAMS 0x000000070b000000, 0x000000070b000000| Untracked 
| 173|0x000000070b400000, 0x000000070b400000, 0x000000070b800000|  0%| F|  |TAMS 0x000000070b400000, 0x000000070b400000| Untracked 
| 174|0x000000070b800000, 0x000000070b800000, 0x000000070bc00000|  0%| F|  |TAMS 0x000000070b800000, 0x000000070b800000| Untracked 
| 175|0x000000070bc00000, 0x000000070bc00000, 0x000000070c000000|  0%| F|  |TAMS 0x000000070bc00000, 0x000000070bc00000| Untracked 
| 176|0x000000070c000000, 0x000000070c000000, 0x000000070c400000|  0%| F|  |TAMS 0x000000070c000000, 0x000000070c000000| Untracked 
| 177|0x000000070c400000, 0x000000070c400000, 0x000000070c800000|  0%| F|  |TAMS 0x000000070c400000, 0x000000070c400000| Untracked 
| 178|0x000000070c800000, 0x000000070c800000, 0x000000070cc00000|  0%| F|  |TAMS 0x000000070c800000, 0x000000070c800000| Untracked 
| 179|0x000000070cc00000, 0x000000070cc00000, 0x000000070d000000|  0%| F|  |TAMS 0x000000070cc00000, 0x000000070cc00000| Untracked 
| 180|0x000000070d000000, 0x000000070d000000, 0x000000070d400000|  0%| F|  |TAMS 0x000000070d000000, 0x000000070d000000| Untracked 
| 181|0x000000070d400000, 0x000000070d400000, 0x000000070d800000|  0%| F|  |TAMS 0x000000070d400000, 0x000000070d400000| Untracked 
| 182|0x000000070d800000, 0x000000070d800000, 0x000000070dc00000|  0%| F|  |TAMS 0x000000070d800000, 0x000000070d800000| Untracked 
| 183|0x000000070dc00000, 0x000000070dc00000, 0x000000070e000000|  0%| F|  |TAMS 0x000000070dc00000, 0x000000070dc00000| Untracked 
| 184|0x000000070e000000, 0x000000070e000000, 0x000000070e400000|  0%| F|  |TAMS 0x000000070e000000, 0x000000070e000000| Untracked 
| 185|0x000000070e400000, 0x000000070e400000, 0x000000070e800000|  0%| F|  |TAMS 0x000000070e400000, 0x000000070e400000| Untracked 
| 186|0x000000070e800000, 0x000000070e800000, 0x000000070ec00000|  0%| F|  |TAMS 0x000000070e800000, 0x000000070e800000| Untracked 
| 187|0x000000070ec00000, 0x000000070ec00000, 0x000000070f000000|  0%| F|  |TAMS 0x000000070ec00000, 0x000000070ec00000| Untracked 
| 188|0x000000070f000000, 0x000000070f000000, 0x000000070f400000|  0%| F|  |TAMS 0x000000070f000000, 0x000000070f000000| Untracked 
| 189|0x000000070f400000, 0x000000070f400000, 0x000000070f800000|  0%| F|  |TAMS 0x000000070f400000, 0x000000070f400000| Untracked 
| 190|0x000000070f800000, 0x000000070f800000, 0x000000070fc00000|  0%| F|  |TAMS 0x000000070f800000, 0x000000070f800000| Untracked 
| 191|0x000000070fc00000, 0x000000070fc00000, 0x0000000710000000|  0%| F|  |TAMS 0x000000070fc00000, 0x000000070fc00000| Untracked 
| 192|0x0000000710000000, 0x0000000710000000, 0x0000000710400000|  0%| F|  |TAMS 0x0000000710000000, 0x0000000710000000| Untracked 
| 193|0x0000000710400000, 0x0000000710400000, 0x0000000710800000|  0%| F|  |TAMS 0x0000000710400000, 0x0000000710400000| Untracked 
| 194|0x0000000710800000, 0x0000000710800000, 0x0000000710c00000|  0%| F|  |TAMS 0x0000000710800000, 0x0000000710800000| Untracked 
| 195|0x0000000710c00000, 0x0000000710c00000, 0x0000000711000000|  0%| F|  |TAMS 0x0000000710c00000, 0x0000000710c00000| Untracked 
| 196|0x0000000711000000, 0x0000000711000000, 0x0000000711400000|  0%| F|  |TAMS 0x0000000711000000, 0x0000000711000000| Untracked 
| 197|0x0000000711400000, 0x0000000711400000, 0x0000000711800000|  0%| F|  |TAMS 0x0000000711400000, 0x0000000711400000| Untracked 
| 198|0x0000000711800000, 0x0000000711800000, 0x0000000711c00000|  0%| F|  |TAMS 0x0000000711800000, 0x0000000711800000| Untracked 
| 199|0x0000000711c00000, 0x0000000711c00000, 0x0000000712000000|  0%| F|  |TAMS 0x0000000711c00000, 0x0000000711c00000| Untracked 
| 200|0x0000000712000000, 0x0000000712000000, 0x0000000712400000|  0%| F|  |TAMS 0x0000000712000000, 0x0000000712000000| Untracked 
| 201|0x0000000712400000, 0x0000000712400000, 0x0000000712800000|  0%| F|  |TAMS 0x0000000712400000, 0x0000000712400000| Untracked 
| 202|0x0000000712800000, 0x0000000712800000, 0x0000000712c00000|  0%| F|  |TAMS 0x0000000712800000, 0x0000000712800000| Untracked 
| 203|0x0000000712c00000, 0x0000000712c00000, 0x0000000713000000|  0%| F|  |TAMS 0x0000000712c00000, 0x0000000712c00000| Untracked 
| 204|0x0000000713000000, 0x0000000713000000, 0x0000000713400000|  0%| F|  |TAMS 0x0000000713000000, 0x0000000713000000| Untracked 
| 205|0x0000000713400000, 0x0000000713400000, 0x0000000713800000|  0%| F|  |TAMS 0x0000000713400000, 0x0000000713400000| Untracked 
| 206|0x0000000713800000, 0x0000000713800000, 0x0000000713c00000|  0%| F|  |TAMS 0x0000000713800000, 0x0000000713800000| Untracked 
| 207|0x0000000713c00000, 0x0000000713c00000, 0x0000000714000000|  0%| F|  |TAMS 0x0000000713c00000, 0x0000000713c00000| Untracked 
| 208|0x0000000714000000, 0x0000000714000000, 0x0000000714400000|  0%| F|  |TAMS 0x0000000714000000, 0x0000000714000000| Untracked 
| 209|0x0000000714400000, 0x0000000714400000, 0x0000000714800000|  0%| F|  |TAMS 0x0000000714400000, 0x0000000714400000| Untracked 
| 210|0x0000000714800000, 0x0000000714800000, 0x0000000714c00000|  0%| F|  |TAMS 0x0000000714800000, 0x0000000714800000| Untracked 
| 211|0x0000000714c00000, 0x0000000714c00000, 0x0000000715000000|  0%| F|  |TAMS 0x0000000714c00000, 0x0000000714c00000| Untracked 
| 212|0x0000000715000000, 0x0000000715000000, 0x0000000715400000|  0%| F|  |TAMS 0x0000000715000000, 0x0000000715000000| Untracked 
| 213|0x0000000715400000, 0x0000000715400000, 0x0000000715800000|  0%| F|  |TAMS 0x0000000715400000, 0x0000000715400000| Untracked 
| 214|0x0000000715800000, 0x0000000715800000, 0x0000000715c00000|  0%| F|  |TAMS 0x0000000715800000, 0x0000000715800000| Untracked 
| 215|0x0000000715c00000, 0x0000000715c00000, 0x0000000716000000|  0%| F|  |TAMS 0x0000000715c00000, 0x0000000715c00000| Untracked 
| 216|0x0000000716000000, 0x0000000716000000, 0x0000000716400000|  0%| F|  |TAMS 0x0000000716000000, 0x0000000716000000| Untracked 
| 217|0x0000000716400000, 0x0000000716400000, 0x0000000716800000|  0%| F|  |TAMS 0x0000000716400000, 0x0000000716400000| Untracked 
| 218|0x0000000716800000, 0x0000000716800000, 0x0000000716c00000|  0%| F|  |TAMS 0x0000000716800000, 0x0000000716800000| Untracked 
| 219|0x0000000716c00000, 0x0000000716c00000, 0x0000000717000000|  0%| F|  |TAMS 0x0000000716c00000, 0x0000000716c00000| Untracked 
| 220|0x0000000717000000, 0x0000000717000000, 0x0000000717400000|  0%| F|  |TAMS 0x0000000717000000, 0x0000000717000000| Untracked 
| 221|0x0000000717400000, 0x0000000717400000, 0x0000000717800000|  0%| F|  |TAMS 0x0000000717400000, 0x0000000717400000| Untracked 
| 222|0x0000000717800000, 0x0000000717800000, 0x0000000717c00000|  0%| F|  |TAMS 0x0000000717800000, 0x0000000717800000| Untracked 
| 223|0x0000000717c00000, 0x0000000717c00000, 0x0000000718000000|  0%| F|  |TAMS 0x0000000717c00000, 0x0000000717c00000| Untracked 
| 224|0x0000000718000000, 0x0000000718000000, 0x0000000718400000|  0%| F|  |TAMS 0x0000000718000000, 0x0000000718000000| Untracked 
| 225|0x0000000718400000, 0x0000000718400000, 0x0000000718800000|  0%| F|  |TAMS 0x0000000718400000, 0x0000000718400000| Untracked 
| 226|0x0000000718800000, 0x0000000718800000, 0x0000000718c00000|  0%| F|  |TAMS 0x0000000718800000, 0x0000000718800000| Untracked 
| 227|0x0000000718c00000, 0x0000000718c00000, 0x0000000719000000|  0%| F|  |TAMS 0x0000000718c00000, 0x0000000718c00000| Untracked 
| 228|0x0000000719000000, 0x0000000719000000, 0x0000000719400000|  0%| F|  |TAMS 0x0000000719000000, 0x0000000719000000| Untracked 
| 229|0x0000000719400000, 0x0000000719400000, 0x0000000719800000|  0%| F|  |TAMS 0x0000000719400000, 0x0000000719400000| Untracked 
| 230|0x0000000719800000, 0x0000000719800000, 0x0000000719c00000|  0%| F|  |TAMS 0x0000000719800000, 0x0000000719800000| Untracked 
| 231|0x0000000719c00000, 0x0000000719c00000, 0x000000071a000000|  0%| F|  |TAMS 0x0000000719c00000, 0x0000000719c00000| Untracked 
| 232|0x000000071a000000, 0x000000071a000000, 0x000000071a400000|  0%| F|  |TAMS 0x000000071a000000, 0x000000071a000000| Untracked 
| 233|0x000000071a400000, 0x000000071a400000, 0x000000071a800000|  0%| F|  |TAMS 0x000000071a400000, 0x000000071a400000| Untracked 
| 234|0x000000071a800000, 0x000000071a800000, 0x000000071ac00000|  0%| F|  |TAMS 0x000000071a800000, 0x000000071a800000| Untracked 
| 235|0x000000071ac00000, 0x000000071ac00000, 0x000000071b000000|  0%| F|  |TAMS 0x000000071ac00000, 0x000000071ac00000| Untracked 
| 236|0x000000071b000000, 0x000000071b000000, 0x000000071b400000|  0%| F|  |TAMS 0x000000071b000000, 0x000000071b000000| Untracked 
| 237|0x000000071b400000, 0x000000071b400000, 0x000000071b800000|  0%| F|  |TAMS 0x000000071b400000, 0x000000071b400000| Untracked 
| 238|0x000000071b800000, 0x000000071b800000, 0x000000071bc00000|  0%| F|  |TAMS 0x000000071b800000, 0x000000071b800000| Untracked 
| 239|0x000000071bc00000, 0x000000071bc00000, 0x000000071c000000|  0%| F|  |TAMS 0x000000071bc00000, 0x000000071bc00000| Untracked 
| 240|0x000000071c000000, 0x000000071c000000, 0x000000071c400000|  0%| F|  |TAMS 0x000000071c000000, 0x000000071c000000| Untracked 
| 241|0x000000071c400000, 0x000000071c400000, 0x000000071c800000|  0%| F|  |TAMS 0x000000071c400000, 0x000000071c400000| Untracked 
| 242|0x000000071c800000, 0x000000071c800000, 0x000000071cc00000|  0%| F|  |TAMS 0x000000071c800000, 0x000000071c800000| Untracked 
| 243|0x000000071cc00000, 0x000000071cc00000, 0x000000071d000000|  0%| F|  |TAMS 0x000000071cc00000, 0x000000071cc00000| Untracked 
| 244|0x000000071d000000, 0x000000071d000000, 0x000000071d400000|  0%| F|  |TAMS 0x000000071d000000, 0x000000071d000000| Untracked 
| 245|0x000000071d400000, 0x000000071d400000, 0x000000071d800000|  0%| F|  |TAMS 0x000000071d400000, 0x000000071d400000| Untracked 
| 246|0x000000071d800000, 0x000000071d800000, 0x000000071dc00000|  0%| F|  |TAMS 0x000000071d800000, 0x000000071d800000| Untracked 
| 247|0x000000071dc00000, 0x000000071dc00000, 0x000000071e000000|  0%| F|  |TAMS 0x000000071dc00000, 0x000000071dc00000| Untracked 
| 248|0x000000071e000000, 0x000000071e000000, 0x000000071e400000|  0%| F|  |TAMS 0x000000071e000000, 0x000000071e000000| Untracked 
| 249|0x000000071e400000, 0x000000071e400000, 0x000000071e800000|  0%| F|  |TAMS 0x000000071e400000, 0x000000071e400000| Untracked 
| 250|0x000000071e800000, 0x000000071e800000, 0x000000071ec00000|  0%| F|  |TAMS 0x000000071e800000, 0x000000071e800000| Untracked 
| 251|0x000000071ec00000, 0x000000071ec00000, 0x000000071f000000|  0%| F|  |TAMS 0x000000071ec00000, 0x000000071ec00000| Untracked 
| 252|0x000000071f000000, 0x000000071f000000, 0x000000071f400000|  0%| F|  |TAMS 0x000000071f000000, 0x000000071f000000| Untracked 
| 253|0x000000071f400000, 0x000000071f400000, 0x000000071f800000|  0%| F|  |TAMS 0x000000071f400000, 0x000000071f400000| Untracked 
| 254|0x000000071f800000, 0x000000071fc00000, 0x000000071fc00000|100%| S|CS|TAMS 0x000000071f800000, 0x000000071f800000| Complete 
| 255|0x000000071fc00000, 0x0000000720000000, 0x0000000720000000|100%| S|CS|TAMS 0x000000071fc00000, 0x000000071fc00000| Complete 
| 256|0x0000000720000000, 0x0000000720000000, 0x0000000720400000|  0%| F|  |TAMS 0x0000000720000000, 0x0000000720000000| Untracked 
| 257|0x0000000720400000, 0x0000000720400000, 0x0000000720800000|  0%| F|  |TAMS 0x0000000720400000, 0x0000000720400000| Untracked 
| 258|0x0000000720800000, 0x0000000720800000, 0x0000000720c00000|  0%| F|  |TAMS 0x0000000720800000, 0x0000000720800000| Untracked 
| 259|0x0000000720c00000, 0x0000000720c00000, 0x0000000721000000|  0%| F|  |TAMS 0x0000000720c00000, 0x0000000720c00000| Untracked 
| 260|0x0000000721000000, 0x0000000721000000, 0x0000000721400000|  0%| F|  |TAMS 0x0000000721000000, 0x0000000721000000| Untracked 
| 261|0x0000000721400000, 0x0000000721400000, 0x0000000721800000|  0%| F|  |TAMS 0x0000000721400000, 0x0000000721400000| Untracked 
| 262|0x0000000721800000, 0x0000000721800000, 0x0000000721c00000|  0%| F|  |TAMS 0x0000000721800000, 0x0000000721800000| Untracked 
| 263|0x0000000721c00000, 0x0000000721c00000, 0x0000000722000000|  0%| F|  |TAMS 0x0000000721c00000, 0x0000000721c00000| Untracked 
| 264|0x0000000722000000, 0x0000000722000000, 0x0000000722400000|  0%| F|  |TAMS 0x0000000722000000, 0x0000000722000000| Untracked 
| 265|0x0000000722400000, 0x0000000722400000, 0x0000000722800000|  0%| F|  |TAMS 0x0000000722400000, 0x0000000722400000| Untracked 
| 266|0x0000000722800000, 0x0000000722800000, 0x0000000722c00000|  0%| F|  |TAMS 0x0000000722800000, 0x0000000722800000| Untracked 
| 267|0x0000000722c00000, 0x0000000722c00000, 0x0000000723000000|  0%| F|  |TAMS 0x0000000722c00000, 0x0000000722c00000| Untracked 

Card table byte_map: [0x0000023123b10000,0x0000023124410000] _byte_map_base: 0x0000023120410000

Marking Bits (Prev, Next): (CMBitMap*) 0x000002310abbcbc0, (CMBitMap*) 0x000002310abbcc00
 Prev Bits: [0x0000023124d10000, 0x0000023129510000)
 Next Bits: [0x0000023129510000, 0x000002312dd10000)

Polling page: 0x000002310ac20000

Metaspace:

Usage:
  Non-class:    107.68 MB used.
      Class:     16.91 MB used.
       Both:    124.58 MB used.

Virtual space:
  Non-class space:      128.00 MB reserved,     108.75 MB ( 85%) committed,  2 nodes.
      Class space:        1.00 GB reserved,      17.94 MB (  2%) committed,  1 nodes.
             Both:        1.12 GB reserved,     126.69 MB ( 11%) committed. 

Chunk freelists:
   Non-Class:  2.47 MB
       Class:  14.00 MB
        Both:  16.47 MB

MaxMetaspaceSize: unlimited
CompressedClassSpaceSize: 1.00 GB
Initial GC threshold: 21.00 MB
Current GC threshold: 165.75 MB
CDS: on
MetaspaceReclaimPolicy: balanced
 - commit_granule_bytes: 65536.
 - commit_granule_words: 8192.
 - virtual_space_node_default_size: 8388608.
 - enlarge_chunks_in_place: 1.
 - new_chunks_are_fully_committed: 0.
 - uncommit_free_chunks: 1.
 - use_allocation_guard: 0.
 - handle_deallocations: 1.


Internal statistics:

num_allocs_failed_limit: 6.
num_arena_births: 3342.
num_arena_deaths: 0.
num_vsnodes_births: 3.
num_vsnodes_deaths: 0.
num_space_committed: 2026.
num_space_uncommitted: 0.
num_chunks_returned_to_freelist: 6.
num_chunks_taken_from_freelist: 9505.
num_chunk_merges: 6.
num_chunk_splits: 5674.
num_chunks_enlarged: 2940.
num_inconsistent_stats: 0.

CodeHeap 'non-profiled nmethods': size=120000Kb used=19354Kb max_used=19354Kb free=100645Kb
 bounds [0x000002311b6b0000, 0x000002311c9a0000, 0x0000023122be0000]
CodeHeap 'profiled nmethods': size=120000Kb used=39868Kb max_used=41116Kb free=80131Kb
 bounds [0x0000023113be0000, 0x0000023116440000, 0x000002311b110000]
CodeHeap 'non-nmethods': size=5760Kb used=2511Kb max_used=2596Kb free=3248Kb
 bounds [0x000002311b110000, 0x000002311b3a0000, 0x000002311b6b0000]
 total_blobs=22030 nmethods=20971 adapters=970
 compilation: enabled
              stopped_count=0, restarted_count=0
 full_count=0

Compilation events (20 events):
Event: 4075.156 Thread 0x00000231302fabb0 nmethod 26903 0x000002311c996010 code [0x000002311c996180, 0x000002311c996238]
Event: 4075.156 Thread 0x00000231302fabb0 26907       4       java.util.HashMap::putAll (7 bytes)
Event: 4075.157 Thread 0x0000023130305590 nmethod 26906 0x000002311583ea10 code [0x000002311583ebe0, 0x000002311583f058]
Event: 4075.157 Thread 0x00000231302fabb0 nmethod 26907 0x000002311c996310 code [0x000002311c9964a0, 0x000002311c996548]
Event: 4075.158 Thread 0x0000023130305590 26908       3       org.gradle.api.internal.artifacts.dependencies.DefaultProjectDependency::<init> (22 bytes)
Event: 4075.159 Thread 0x0000023130305590 nmethod 26908 0x00000231158dc690 code [0x00000231158dc840, 0x00000231158dca88]
Event: 4075.159 Thread 0x0000023130305590 26909       3       org.gradle.api.internal.artifacts.dependencies.DefaultProjectDependency_Decorated::$gradleInit (10 bytes)
Event: 4075.160 Thread 0x0000023130305590 nmethod 26909 0x0000023115823e10 code [0x00000231158240e0, 0x0000023115825168]
Event: 4075.160 Thread 0x0000023130305590 26910       3       org.gradle.api.internal.artifacts.dependencies.DefaultProjectDependency_Decorated$$Lambda$1384/0x000002313299de28::<init> (10 bytes)
Event: 4075.161 Thread 0x0000023130305590 nmethod 26910 0x00000231157c7710 code [0x00000231157c78a0, 0x00000231157c7a58]
Event: 4075.162 Thread 0x0000023130305590 26911       3       org.gradle.api.internal.tasks.DefaultTaskContainer::register (20 bytes)
Event: 4075.163 Thread 0x0000023130305590 nmethod 26911 0x00000231157c3490 code [0x00000231157c36a0, 0x00000231157c3ec8]
Event: 4075.163 Thread 0x0000023130305590 26913       3       kotlin.collections.CollectionsKt___CollectionsKt::filterNotNullTo (53 bytes)
Event: 4075.163 Thread 0x0000023130305590 nmethod 26913 0x0000023114e32190 code [0x0000023114e32460, 0x0000023114e33338]
Event: 4075.163 Thread 0x0000023130305590 26912       3       kotlin.collections.CollectionsKt___CollectionsKt::filterNotNull (24 bytes)
Event: 4075.164 Thread 0x0000023130305590 nmethod 26912 0x0000023114cc3610 code [0x0000023114cc3860, 0x0000023114cc4188]
Event: 4075.165 Thread 0x0000023130305590 26914       1       com.android.build.gradle.tasks.ExtractDeepLinksTask$BaseCreationAction::getType (3 bytes)
Event: 4075.165 Thread 0x0000023130305590 nmethod 26914 0x000002311c996610 code [0x000002311c9967a0, 0x000002311c996878]
Event: 4075.168 Thread 0x0000023130305590 26915       3       com.android.build.api.artifact.impl.MultipleArtifactContainer::addInitialProvider (40 bytes)
Event: 4075.170 Thread 0x00000231302fabb0 26917       4       org.gradle.api.internal.artifacts.dsl.ParsedModuleStringNotation::assignValuesFromModuleNotation (115 bytes)

GC Heap History (20 events):
Event: 2394.998 GC heap after
{Heap after GC invocations=82 (full 0):
 garbage-first heap   total 946176K, used 347812K [0x00000006e0000000, 0x0000000800000000)
  region size 4096K, 2 young (8192K), 2 survivors (8192K)
 Metaspace       used 126700K, committed 128768K, reserved 1179648K
  class space    used 17267K, committed 18240K, reserved 1048576K
}
Event: 2395.708 GC heap before
{Heap before GC invocations=82 (full 0):
 garbage-first heap   total 946176K, used 384676K [0x00000006e0000000, 0x0000000800000000)
  region size 4096K, 11 young (45056K), 2 survivors (8192K)
 Metaspace       used 126758K, committed 128768K, reserved 1179648K
  class space    used 17269K, committed 18240K, reserved 1048576K
}
Event: 2395.752 GC heap after
{Heap after GC invocations=83 (full 0):
 garbage-first heap   total 946176K, used 355002K [0x00000006e0000000, 0x0000000800000000)
  region size 4096K, 2 young (8192K), 2 survivors (8192K)
 Metaspace       used 126758K, committed 128768K, reserved 1179648K
  class space    used 17269K, committed 18240K, reserved 1048576K
}
Event: 2396.604 GC heap before
{Heap before GC invocations=83 (full 0):
 garbage-first heap   total 946176K, used 391866K [0x00000006e0000000, 0x0000000800000000)
  region size 4096K, 11 young (45056K), 2 survivors (8192K)
 Metaspace       used 126854K, committed 128896K, reserved 1179648K
  class space    used 17272K, committed 18240K, reserved 1048576K
}
Event: 2396.659 GC heap after
{Heap after GC invocations=84 (full 0):
 garbage-first heap   total 1097728K, used 363342K [0x00000006e0000000, 0x0000000800000000)
  region size 4096K, 2 young (8192K), 2 survivors (8192K)
 Metaspace       used 126854K, committed 128896K, reserved 1179648K
  class space    used 17272K, committed 18240K, reserved 1048576K
}
Event: 2397.385 GC heap before
{Heap before GC invocations=84 (full 0):
 garbage-first heap   total 1097728K, used 408398K [0x00000006e0000000, 0x0000000800000000)
  region size 4096K, 13 young (53248K), 2 survivors (8192K)
 Metaspace       used 126935K, committed 128960K, reserved 1179648K
  class space    used 17273K, committed 18240K, reserved 1048576K
}
Event: 2397.552 GC heap after
{Heap after GC invocations=85 (full 0):
 garbage-first heap   total 1097728K, used 370704K [0x00000006e0000000, 0x0000000800000000)
  region size 4096K, 2 young (8192K), 2 survivors (8192K)
 Metaspace       used 126935K, committed 128960K, reserved 1179648K
  class space    used 17273K, committed 18240K, reserved 1048576K
}
Event: 2398.402 GC heap before
{Heap before GC invocations=85 (full 0):
 garbage-first heap   total 1097728K, used 415760K [0x00000006e0000000, 0x0000000800000000)
  region size 4096K, 13 young (53248K), 2 survivors (8192K)
 Metaspace       used 126974K, committed 128960K, reserved 1179648K
  class space    used 17273K, committed 18240K, reserved 1048576K
}
Event: 2398.443 GC heap after
{Heap after GC invocations=86 (full 0):
 garbage-first heap   total 1097728K, used 374228K [0x00000006e0000000, 0x0000000800000000)
  region size 4096K, 1 young (4096K), 1 survivors (4096K)
 Metaspace       used 126974K, committed 128960K, reserved 1179648K
  class space    used 17273K, committed 18240K, reserved 1048576K
}
Event: 2400.674 GC heap before
{Heap before GC invocations=86 (full 0):
 garbage-first heap   total 1097728K, used 452052K [0x00000006e0000000, 0x0000000800000000)
  region size 4096K, 20 young (81920K), 1 survivors (4096K)
 Metaspace       used 127037K, committed 129088K, reserved 1179648K
  class space    used 17277K, committed 18304K, reserved 1048576K
}
Event: 2400.693 GC heap after
{Heap after GC invocations=87 (full 0):
 garbage-first heap   total 1097728K, used 376889K [0x00000006e0000000, 0x0000000800000000)
  region size 4096K, 2 young (8192K), 2 survivors (8192K)
 Metaspace       used 127037K, committed 129088K, reserved 1179648K
  class space    used 17277K, committed 18304K, reserved 1048576K
}
Event: 3623.997 GC heap before
{Heap before GC invocations=87 (full 0):
 garbage-first heap   total 1097728K, used 475193K [0x00000006e0000000, 0x0000000800000000)
  region size 4096K, 26 young (106496K), 2 survivors (8192K)
 Metaspace       used 127131K, committed 129280K, reserved 1179648K
  class space    used 17278K, committed 18304K, reserved 1048576K
}
Event: 3624.311 GC heap after
{Heap after GC invocations=88 (full 0):
 garbage-first heap   total 1097728K, used 376287K [0x00000006e0000000, 0x0000000800000000)
  region size 4096K, 2 young (8192K), 2 survivors (8192K)
 Metaspace       used 127131K, committed 129280K, reserved 1179648K
  class space    used 17278K, committed 18304K, reserved 1048576K
}
Event: 4048.774 GC heap before
{Heap before GC invocations=88 (full 0):
 garbage-first heap   total 1097728K, used 454111K [0x00000006e0000000, 0x0000000800000000)
  region size 4096K, 21 young (86016K), 2 survivors (8192K)
 Metaspace       used 127308K, committed 129408K, reserved 1179648K
  class space    used 17295K, committed 18304K, reserved 1048576K
}
Event: 4049.010 GC heap after
{Heap after GC invocations=89 (full 0):
 garbage-first heap   total 1097728K, used 382284K [0x00000006e0000000, 0x0000000800000000)
  region size 4096K, 3 young (12288K), 3 survivors (12288K)
 Metaspace       used 127308K, committed 129408K, reserved 1179648K
  class space    used 17295K, committed 18304K, reserved 1048576K
}
Event: 4061.183 GC heap before
{Heap before GC invocations=89 (full 0):
 garbage-first heap   total 1097728K, used 427340K [0x00000006e0000000, 0x0000000800000000)
  region size 4096K, 15 young (61440K), 3 survivors (12288K)
 Metaspace       used 127389K, committed 129472K, reserved 1179648K
  class space    used 17302K, committed 18304K, reserved 1048576K
}
Event: 4061.619 GC heap after
{Heap after GC invocations=90 (full 0):
 garbage-first heap   total 1097728K, used 390062K [0x00000006e0000000, 0x0000000800000000)
  region size 4096K, 2 young (8192K), 2 survivors (8192K)
 Metaspace       used 127389K, committed 129472K, reserved 1179648K
  class space    used 17302K, committed 18304K, reserved 1048576K
}
Event: 4070.132 GC heap before
{Heap before GC invocations=90 (full 0):
 garbage-first heap   total 1097728K, used 435118K [0x00000006e0000000, 0x0000000800000000)
  region size 4096K, 13 young (53248K), 2 survivors (8192K)
 Metaspace       used 127464K, committed 129536K, reserved 1179648K
  class space    used 17308K, committed 18304K, reserved 1048576K
}
Event: 4070.487 GC heap after
{Heap after GC invocations=91 (full 0):
 garbage-first heap   total 1097728K, used 397678K [0x00000006e0000000, 0x0000000800000000)
  region size 4096K, 2 young (8192K), 2 survivors (8192K)
 Metaspace       used 127464K, committed 129536K, reserved 1179648K
  class space    used 17308K, committed 18304K, reserved 1048576K
}
Event: 4075.171 GC heap before
{Heap before GC invocations=91 (full 0):
 garbage-first heap   total 1097728K, used 442734K [0x00000006e0000000, 0x0000000800000000)
  region size 4096K, 13 young (53248K), 2 survivors (8192K)
 Metaspace       used 127570K, committed 129728K, reserved 1179648K
  class space    used 17311K, committed 18368K, reserved 1048576K
}

Deoptimization events (20 events):
Event: 4050.630 Thread 0x0000023177429740 DEOPT PACKING pc=0x000002311c84b1d0 sp=0x0000008ff81f86f0
Event: 4050.630 Thread 0x0000023177429740 DEOPT UNPACKING pc=0x000002311b1623a3 sp=0x0000008ff81f85d8 mode 2
Event: 4059.333 Thread 0x0000023177429740 DEOPT PACKING pc=0x000002311558b9bf sp=0x0000008ff81f8210
Event: 4059.336 Thread 0x0000023177429740 DEOPT UNPACKING pc=0x000002311b162b43 sp=0x0000008ff81f75a8 mode 0
Event: 4059.701 Thread 0x0000023177429740 DEOPT PACKING pc=0x0000023113cf17ab sp=0x0000008ff81f81f0
Event: 4059.705 Thread 0x0000023177429740 DEOPT UNPACKING pc=0x000002311b162b43 sp=0x0000008ff81f76d0 mode 0
Event: 4061.923 Thread 0x0000023105fb2cc0 Uncommon trap: trap_request=0xffffff45 fr.pc=0x000002311c17a178 relative=0x00000000000000f8
Event: 4061.923 Thread 0x0000023105fb2cc0 Uncommon trap: reason=unstable_if action=reinterpret pc=0x000002311c17a178 method=java.util.concurrent.ConcurrentHashMap.sumCount()J @ 41 c2
Event: 4061.923 Thread 0x0000023105fb2cc0 DEOPT PACKING pc=0x000002311c17a178 sp=0x0000008ffc2fe110
Event: 4061.923 Thread 0x0000023105fb2cc0 DEOPT UNPACKING pc=0x000002311b1623a3 sp=0x0000008ffc2fe080 mode 2
Event: 4066.701 Thread 0x00000231790a48c0 Uncommon trap: trap_request=0xffffff45 fr.pc=0x000002311b9d1190 relative=0x00000000000008d0
Event: 4066.713 Thread 0x00000231790a48c0 Uncommon trap: reason=unstable_if action=reinterpret pc=0x000002311b9d1190 method=java.util.concurrent.ConcurrentHashMap.replaceNode(Ljava/lang/Object;Ljava/lang/Object;Ljava/lang/Object;)Ljava/lang/Object; @ 99 c2
Event: 4066.713 Thread 0x00000231790a48c0 DEOPT PACKING pc=0x000002311b9d1190 sp=0x0000008ff90fed70
Event: 4066.726 Thread 0x00000231790a48c0 DEOPT UNPACKING pc=0x000002311b1623a3 sp=0x0000008ff90fecf8 mode 2
Event: 4067.003 Thread 0x0000023177429740 DEOPT PACKING pc=0x0000023116112b62 sp=0x0000008ff81f9720
Event: 4067.007 Thread 0x0000023177429740 DEOPT UNPACKING pc=0x000002311b162b43 sp=0x0000008ff81f8ba0 mode 0
Event: 4072.165 Thread 0x0000023177429740 Uncommon trap: trap_request=0xffffffd6 fr.pc=0x000002311c8c1ca4 relative=0x0000000000000384
Event: 4072.165 Thread 0x0000023177429740 Uncommon trap: reason=array_check action=maybe_recompile pc=0x000002311c8c1ca4 method=java.util.LinkedHashMap.valuesToArray([Ljava/lang/Object;)[Ljava/lang/Object; @ 25 c2
Event: 4072.165 Thread 0x0000023177429740 DEOPT PACKING pc=0x000002311c8c1ca4 sp=0x0000008ff81f6760
Event: 4072.175 Thread 0x0000023177429740 DEOPT UNPACKING pc=0x000002311b1623a3 sp=0x0000008ff81f6708 mode 2

Classes unloaded (0 events):
No events

Classes redefined (0 events):
No events

Internal exceptions (20 events):
Event: 4020.185 Thread 0x0000023177429740 Exception <a 'sun/nio/fs/WindowsException'{0x00000007204469e0}> (0x00000007204469e0) 
thrown [s\open\src\hotspot\share\prims\jni.cpp, line 516]
Event: 4020.185 Thread 0x0000023177429740 Exception <a 'sun/nio/fs/WindowsException'{0x0000000720446bd8}> (0x0000000720446bd8) 
thrown [s\open\src\hotspot\share\prims\jni.cpp, line 516]
Event: 4020.188 Thread 0x0000023177429740 Exception <a 'sun/nio/fs/WindowsException'{0x000000072044c708}> (0x000000072044c708) 
thrown [s\open\src\hotspot\share\prims\jni.cpp, line 516]
Event: 4020.188 Thread 0x0000023177429740 Exception <a 'sun/nio/fs/WindowsException'{0x000000072044c900}> (0x000000072044c900) 
thrown [s\open\src\hotspot\share\prims\jni.cpp, line 516]
Event: 4028.932 Thread 0x00000231790a7b60 Exception <a 'sun/nio/fs/WindowsException'{0x000000071f22a0d0}> (0x000000071f22a0d0) 
thrown [s\open\src\hotspot\share\prims\jni.cpp, line 516]
Event: 4028.933 Thread 0x00000231790a7b60 Exception <a 'sun/nio/fs/WindowsException'{0x000000071f22c470}> (0x000000071f22c470) 
thrown [s\open\src\hotspot\share\prims\jni.cpp, line 516]
Event: 4028.933 Thread 0x00000231790a7b60 Exception <a 'sun/nio/fs/WindowsException'{0x000000071f22e760}> (0x000000071f22e760) 
thrown [s\open\src\hotspot\share\prims\jni.cpp, line 516]
Event: 4028.934 Thread 0x00000231790a7b60 Exception <a 'sun/nio/fs/WindowsException'{0x000000071f230718}> (0x000000071f230718) 
thrown [s\open\src\hotspot\share\prims\jni.cpp, line 516]
Event: 4028.941 Thread 0x00000231790a7b60 Exception <a 'sun/nio/fs/WindowsException'{0x000000071ece11e8}> (0x000000071ece11e8) 
thrown [s\open\src\hotspot\share\prims\jni.cpp, line 516]
Event: 4029.056 Thread 0x00000231790a1620 Exception <a 'sun/nio/fs/WindowsException'{0x000000071ecf2120}> (0x000000071ecf2120) 
thrown [s\open\src\hotspot\share\prims\jni.cpp, line 516]
Event: 4029.062 Thread 0x00000231790a1620 Exception <a 'sun/nio/fs/WindowsException'{0x000000071ecf42e0}> (0x000000071ecf42e0) 
thrown [s\open\src\hotspot\share\prims\jni.cpp, line 516]
Event: 4029.062 Thread 0x00000231790a1620 Exception <a 'sun/nio/fs/WindowsException'{0x000000071ecf6400}> (0x000000071ecf6400) 
thrown [s\open\src\hotspot\share\prims\jni.cpp, line 516]
Event: 4029.064 Thread 0x00000231790a1620 Exception <a 'sun/nio/fs/WindowsException'{0x000000071ecf8198}> (0x000000071ecf8198) 
thrown [s\open\src\hotspot\share\prims\jni.cpp, line 516]
Event: 4051.783 Thread 0x00000231790a7b60 Exception <a 'sun/nio/fs/WindowsException'{0x00000007224f38b0}> (0x00000007224f38b0) 
thrown [s\open\src\hotspot\share\prims\jni.cpp, line 516]
Event: 4051.786 Thread 0x00000231790a7b60 Exception <a 'sun/nio/fs/WindowsException'{0x00000007224f9038}> (0x00000007224f9038) 
thrown [s\open\src\hotspot\share\prims\jni.cpp, line 516]
Event: 4051.786 Thread 0x00000231790a7b60 Exception <a 'sun/nio/fs/WindowsException'{0x00000007224fb4c0}> (0x00000007224fb4c0) 
thrown [s\open\src\hotspot\share\prims\jni.cpp, line 516]
Event: 4051.787 Thread 0x00000231790a7b60 Exception <a 'sun/nio/fs/WindowsException'{0x00000007224fd5a0}> (0x00000007224fd5a0) 
thrown [s\open\src\hotspot\share\prims\jni.cpp, line 516]
Event: 4052.874 Thread 0x0000023177429740 Exception <a 'sun/nio/fs/WindowsException'{0x0000000721a9e898}> (0x0000000721a9e898) 
thrown [s\open\src\hotspot\share\prims\jni.cpp, line 516]
Event: 4061.923 Thread 0x0000023105fb2cc0 Implicit null exception at 0x000002311c17a10b to 0x000002311c17a15c
Event: 4069.119 Thread 0x0000023177429740 Exception <a 'sun/nio/fs/WindowsException'{0x0000000720b89de8}> (0x0000000720b89de8) 
thrown [s\open\src\hotspot\share\prims\jni.cpp, line 516]

VM Operations (20 events):
Event: 4063.660 Executing VM operation: Cleanup done
Event: 4064.674 Executing VM operation: Cleanup
Event: 4064.674 Executing VM operation: Cleanup done
Event: 4067.695 Executing VM operation: Cleanup
Event: 4067.712 Executing VM operation: Cleanup done
Event: 4068.724 Executing VM operation: Cleanup
Event: 4068.772 Executing VM operation: Cleanup done
Event: 4069.776 Executing VM operation: Cleanup
Event: 4069.995 Executing VM operation: Cleanup done
Event: 4070.125 Executing VM operation: G1CollectForAllocation
Event: 4070.490 Executing VM operation: G1CollectForAllocation done
Event: 4071.504 Executing VM operation: Cleanup
Event: 4071.522 Executing VM operation: Cleanup done
Event: 4072.526 Executing VM operation: Cleanup
Event: 4072.541 Executing VM operation: Cleanup done
Event: 4073.556 Executing VM operation: Cleanup
Event: 4073.602 Executing VM operation: Cleanup done
Event: 4074.606 Executing VM operation: Cleanup
Event: 4074.606 Executing VM operation: Cleanup done
Event: 4075.171 Executing VM operation: G1CollectForAllocation

Events (20 events):
Event: 4051.100 Thread 0x00000231795a0f40 Thread added: 0x00000231795a0f40
Event: 4051.110 Thread 0x00000231795a3cd0 Thread added: 0x00000231795a3cd0
Event: 4051.864 Thread 0x00000231795a88c0 Thread added: 0x00000231795a88c0
Event: 4051.864 Thread 0x00000231795a4c00 Thread added: 0x00000231795a4c00
Event: 4051.869 Thread 0x0000023105fb1d90 Thread added: 0x0000023105fb1d90
Event: 4052.482 Thread 0x0000023105fae0d0 Thread added: 0x0000023105fae0d0
Event: 4052.483 Thread 0x0000023105fb0e60 Thread added: 0x0000023105fb0e60
Event: 4052.483 Thread 0x0000023105fb4100 Thread added: 0x0000023105fb4100
Event: 4053.099 Thread 0x0000023105fb4610 Thread added: 0x0000023105fb4610
Event: 4060.063 Thread 0x0000023105fae5e0 Thread added: 0x0000023105fae5e0
Event: 4060.080 Thread 0x0000023105faf510 Thread added: 0x0000023105faf510
Event: 4060.094 Thread 0x0000023105fb22a0 Thread added: 0x0000023105fb22a0
Event: 4061.914 Thread 0x0000023105fb27b0 Thread added: 0x0000023105fb27b0
Event: 4061.917 Thread 0x0000023105fb2cc0 Thread added: 0x0000023105fb2cc0
Event: 4061.920 Thread 0x0000023105fb1370 Thread added: 0x0000023105fb1370
Event: 4065.759 Thread 0x0000023105fb31d0 Thread added: 0x0000023105fb31d0
Event: 4065.759 Thread 0x0000023105faeaf0 Thread added: 0x0000023105faeaf0
Event: 4065.760 Thread 0x0000023105fb3bf0 Thread added: 0x0000023105fb3bf0
Event: 4074.013 Thread 0x0000023104e93e40 Thread added: 0x0000023104e93e40
Event: 4074.817 Thread 0x0000023104e93e40 Thread exited: 0x0000023104e93e40


Dynamic libraries:
0x00007ff6ae810000 - 0x00007ff6ae820000 	C:\Program Files\Java\jdk-17\bin\java.exe
0x00007ffe85db0000 - 0x00007ffe85fa8000 	C:\WINDOWS\SYSTEM32\ntdll.dll
0x00007ffe85a20000 - 0x00007ffe85add000 	C:\WINDOWS\System32\KERNEL32.DLL
0x00007ffe83970000 - 0x00007ffe83c66000 	C:\WINDOWS\System32\KERNELBASE.dll
0x00007ffe83840000 - 0x00007ffe83940000 	C:\WINDOWS\System32\ucrtbase.dll
0x00007ffe6dbe0000 - 0x00007ffe6dbfb000 	C:\Program Files\Java\jdk-17\bin\VCRUNTIME140.dll
0x00007ffe73370000 - 0x00007ffe73389000 	C:\Program Files\Java\jdk-17\bin\jli.dll
0x00007ffe84bc0000 - 0x00007ffe84c70000 	C:\WINDOWS\System32\ADVAPI32.dll
0x00007ffe85b10000 - 0x00007ffe85bae000 	C:\WINDOWS\System32\msvcrt.dll
0x00007ffe84d90000 - 0x00007ffe84e30000 	C:\WINDOWS\System32\sechost.dll
0x00007ffe853e0000 - 0x00007ffe85503000 	C:\WINDOWS\System32\RPCRT4.dll
0x00007ffe83940000 - 0x00007ffe83967000 	C:\WINDOWS\System32\bcrypt.dll
0x00007ffe85510000 - 0x00007ffe856af000 	C:\WINDOWS\System32\USER32.dll
0x00007ffe836e0000 - 0x00007ffe83702000 	C:\WINDOWS\System32\win32u.dll
0x00007ffe72aa0000 - 0x00007ffe72d3a000 	C:\WINDOWS\WinSxS\amd64_microsoft.windows.common-controls_6595b64144ccf1df_6.0.19041.4355_none_60b8b9eb71f62e16\COMCTL32.dll
0x00007ffe85ae0000 - 0x00007ffe85b0b000 	C:\WINDOWS\System32\GDI32.dll
0x00007ffe83460000 - 0x00007ffe83577000 	C:\WINDOWS\System32\gdi32full.dll
0x00007ffe837a0000 - 0x00007ffe8383d000 	C:\WINDOWS\System32\msvcp_win.dll
0x00007ffe75da0000 - 0x00007ffe75daa000 	C:\WINDOWS\SYSTEM32\VERSION.dll
0x00007ffe84b80000 - 0x00007ffe84bb2000 	C:\WINDOWS\System32\IMM32.DLL
0x00007ffe77ca0000 - 0x00007ffe77cac000 	C:\Program Files\Java\jdk-17\bin\vcruntime140_1.dll
0x00007ffe402e0000 - 0x00007ffe4036e000 	C:\Program Files\Java\jdk-17\bin\msvcp140.dll
0x00007ffe1f2e0000 - 0x00007ffe1fec0000 	C:\Program Files\Java\jdk-17\bin\server\jvm.dll
0x00007ffe84b70000 - 0x00007ffe84b78000 	C:\WINDOWS\System32\PSAPI.DLL
0x00007ffe729f0000 - 0x00007ffe72a17000 	C:\WINDOWS\SYSTEM32\WINMM.dll
0x00007ffe74560000 - 0x00007ffe74569000 	C:\WINDOWS\SYSTEM32\WSOCK32.dll
0x00007ffe84e40000 - 0x00007ffe84eab000 	C:\WINDOWS\System32\WS2_32.dll
0x00007ffe81cc0000 - 0x00007ffe81cd2000 	C:\WINDOWS\SYSTEM32\kernel.appcore.dll
0x00007ffe72e70000 - 0x00007ffe72e7a000 	C:\Program Files\Java\jdk-17\bin\jimage.dll
0x00007ffe713a0000 - 0x00007ffe71584000 	C:\WINDOWS\SYSTEM32\DBGHELP.DLL
0x00007ffe70920000 - 0x00007ffe70954000 	C:\WINDOWS\SYSTEM32\dbgcore.DLL
0x00007ffe83710000 - 0x00007ffe83792000 	C:\WINDOWS\System32\bcryptPrimitives.dll
0x00007ffe6b1c0000 - 0x00007ffe6b1ce000 	C:\Program Files\Java\jdk-17\bin\instrument.dll
0x00007ffe688f0000 - 0x00007ffe68915000 	C:\Program Files\Java\jdk-17\bin\java.dll
0x00007ffe37250000 - 0x00007ffe37327000 	C:\Program Files\Java\jdk-17\bin\jsvml.dll
0x00007ffe84400000 - 0x00007ffe84b6b000 	C:\WINDOWS\System32\SHELL32.dll
0x00007ffe81310000 - 0x00007ffe81aad000 	C:\WINDOWS\SYSTEM32\windows.storage.dll
0x00007ffe856b0000 - 0x00007ffe85a03000 	C:\WINDOWS\System32\combase.dll
0x00007ffe82e10000 - 0x00007ffe82e3e000 	C:\WINDOWS\SYSTEM32\Wldp.dll
0x00007ffe85180000 - 0x00007ffe8524d000 	C:\WINDOWS\System32\OLEAUT32.dll
0x00007ffe85070000 - 0x00007ffe8511d000 	C:\WINDOWS\System32\SHCORE.dll
0x00007ffe85bb0000 - 0x00007ffe85c05000 	C:\WINDOWS\System32\shlwapi.dll
0x00007ffe83390000 - 0x00007ffe833b4000 	C:\WINDOWS\SYSTEM32\profapi.dll
0x00007ffe67bc0000 - 0x00007ffe67bd8000 	C:\Program Files\Java\jdk-17\bin\zip.dll
0x00007ffe681a0000 - 0x00007ffe681b9000 	C:\Program Files\Java\jdk-17\bin\net.dll
0x00007ffe77fd0000 - 0x00007ffe780da000 	C:\WINDOWS\SYSTEM32\WINHTTP.dll
0x00007ffe82b10000 - 0x00007ffe82b7a000 	C:\WINDOWS\system32\mswsock.dll
0x00007ffe67dc0000 - 0x00007ffe67dd6000 	C:\Program Files\Java\jdk-17\bin\nio.dll
0x00007ffe71740000 - 0x00007ffe71750000 	C:\Program Files\Java\jdk-17\bin\verify.dll
0x00007ffe6dc00000 - 0x00007ffe6dc27000 	C:\Users\ZIDANE\.gradle\native\c067742578af261105cb4f569cf0c3c89f3d7b1fecec35dd04571415982c5e48\windows-amd64\native-platform.dll
0x00007ffe3af40000 - 0x00007ffe3b084000 	C:\Users\ZIDANE\.gradle\native\100fb08df4bc3b14c8652ba06237920a3bd2aa13389f12d3474272988ae205f9\windows-amd64\native-platform-file-events.dll
0x00007ffe6db80000 - 0x00007ffe6db8a000 	C:\Program Files\Java\jdk-17\bin\management.dll
0x00007ffe6c830000 - 0x00007ffe6c83b000 	C:\Program Files\Java\jdk-17\bin\management_ext.dll
0x00007ffe82d00000 - 0x00007ffe82d18000 	C:\WINDOWS\SYSTEM32\CRYPTSP.dll
0x00007ffe82430000 - 0x00007ffe82464000 	C:\WINDOWS\system32\rsaenh.dll
0x00007ffe83340000 - 0x00007ffe8336e000 	C:\WINDOWS\SYSTEM32\USERENV.dll
0x00007ffe82d20000 - 0x00007ffe82d2c000 	C:\WINDOWS\SYSTEM32\CRYPTBASE.dll
0x00007ffe827f0000 - 0x00007ffe8282b000 	C:\WINDOWS\SYSTEM32\IPHLPAPI.DLL
0x00007ffe85a10000 - 0x00007ffe85a18000 	C:\WINDOWS\System32\NSI.dll
0x00007ffe78660000 - 0x00007ffe78677000 	C:\WINDOWS\SYSTEM32\dhcpcsvc6.DLL
0x00007ffe786a0000 - 0x00007ffe786bd000 	C:\WINDOWS\SYSTEM32\dhcpcsvc.DLL
0x00007ffe82830000 - 0x00007ffe828fb000 	C:\WINDOWS\SYSTEM32\DNSAPI.dll
0x00007ffe6ae40000 - 0x00007ffe6ae4e000 	C:\Program Files\Java\jdk-17\bin\sunmscapi.dll
0x00007ffe83580000 - 0x00007ffe836de000 	C:\WINDOWS\System32\CRYPT32.dll
0x00007ffe82e80000 - 0x00007ffe82ea9000 	C:\WINDOWS\SYSTEM32\ncrypt.dll
0x00007ffe82e40000 - 0x00007ffe82e7b000 	C:\WINDOWS\SYSTEM32\NTASN1.dll
0x00007ffe6a930000 - 0x00007ffe6a937000 	C:\WINDOWS\system32\wshunix.dll
0x00000000590a0000 - 0x00000000590c6000 	C:\Program Files\Bonjour\mdnsNSP.dll
0x00007ffe7b2c0000 - 0x00007ffe7b2ca000 	C:\Windows\System32\rasadhlp.dll
0x00007ffe77430000 - 0x00007ffe774b0000 	C:\WINDOWS\System32\fwpuclnt.dll
0x00007ffe611b0000 - 0x00007ffe611c7000 	C:\WINDOWS\system32\napinsp.dll
0x00007ffe61190000 - 0x00007ffe611ab000 	C:\WINDOWS\system32\pnrpnsp.dll
0x00007ffe7ec40000 - 0x00007ffe7ec5d000 	C:\WINDOWS\system32\NLAapi.dll
0x00007ffe543f0000 - 0x00007ffe54402000 	C:\WINDOWS\System32\winrnr.dll
0x00007ffe7e370000 - 0x00007ffe7e385000 	C:\WINDOWS\system32\wshbth.dll
0x00007ffe80d00000 - 0x00007ffe80d90000 	C:\WINDOWS\system32\apphelp.dll

dbghelp: loaded successfully - version: 4.0.5 - missing functions: none
symbol engine: initialized successfully - sym options: 0x614 - pdb path: .;C:\Program Files\Java\jdk-17\bin;C:\WINDOWS\SYSTEM32;C:\WINDOWS\WinSxS\amd64_microsoft.windows.common-controls_6595b64144ccf1df_6.0.19041.4355_none_60b8b9eb71f62e16;C:\Program Files\Java\jdk-17\bin\server;C:\Users\ZIDANE\.gradle\native\c067742578af261105cb4f569cf0c3c89f3d7b1fecec35dd04571415982c5e48\windows-amd64;C:\Users\ZIDANE\.gradle\native\100fb08df4bc3b14c8652ba06237920a3bd2aa13389f12d3474272988ae205f9\windows-amd64;C:\Program Files\Bonjour

VM Arguments:
jvm_args: --add-opens=java.base/java.util=ALL-UNNAMED --add-opens=java.base/java.lang=ALL-UNNAMED --add-opens=java.base/java.lang.invoke=ALL-UNNAMED --add-opens=java.prefs/java.util.prefs=ALL-UNNAMED --add-opens=java.base/java.nio.charset=ALL-UNNAMED --add-opens=java.base/java.net=ALL-UNNAMED --add-opens=java.base/java.util.concurrent.atomic=ALL-UNNAMED -Xmx4608m -Dfile.encoding=windows-1252 -Duser.country=FR -Duser.language=fr -Duser.variant -javaagent:C:\Users\ZIDANE\.gradle\wrapper\dists\gradle-8.8-bin\dl7vupf4psengwqhwktix4v1\gradle-8.8\lib\agents\gradle-instrumentation-agent-8.8.jar 
java_command: org.gradle.launcher.daemon.bootstrap.GradleDaemon 8.8
java_class_path (initial): C:\Users\ZIDANE\.gradle\wrapper\dists\gradle-8.8-bin\dl7vupf4psengwqhwktix4v1\gradle-8.8\lib\gradle-launcher-8.8.jar
Launcher Type: SUN_STANDARD

[Global flags]
     intx CICompilerCount                          = 3                                         {product} {ergonomic}
     uint ConcGCThreads                            = 1                                         {product} {ergonomic}
     uint G1ConcRefinementThreads                  = 4                                         {product} {ergonomic}
   size_t G1HeapRegionSize                         = 4194304                                   {product} {ergonomic}
    uintx GCDrainStackTargetSize                   = 64                                        {product} {ergonomic}
   size_t InitialHeapSize                          = 67108864                                  {product} {ergonomic}
   size_t MarkStackSize                            = 4194304                                   {product} {ergonomic}
   size_t MaxHeapSize                              = 4831838208                                {product} {command line}
   size_t MaxNewSize                               = 2898264064                                {product} {ergonomic}
   size_t MinHeapDeltaBytes                        = 4194304                                   {product} {ergonomic}
   size_t MinHeapSize                              = 8388608                                   {product} {ergonomic}
    uintx NonNMethodCodeHeapSize                   = 5832780                                {pd product} {ergonomic}
    uintx NonProfiledCodeHeapSize                  = 122912730                              {pd product} {ergonomic}
    uintx ProfiledCodeHeapSize                     = 122912730                              {pd product} {ergonomic}
    uintx ReservedCodeCacheSize                    = 251658240                              {pd product} {ergonomic}
     bool SegmentedCodeCache                       = true                                      {product} {ergonomic}
   size_t SoftMaxHeapSize                          = 4831838208                             {manageable} {ergonomic}
     bool UseCompressedClassPointers               = true                           {product lp64_product} {ergonomic}
     bool UseCompressedOops                        = true                           {product lp64_product} {ergonomic}
     bool UseG1GC                                  = true                                      {product} {ergonomic}
     bool UseLargePagesIndividualAllocation        = false                                  {pd product} {ergonomic}

Logging:
Log output configuration:
 #0: stdout all=warning uptime,level,tags
 #1: stderr all=off uptime,level,tags

Environment Variables:
JAVA_HOME=C:\Program Files\Java\jdk-17
CLASSPATH=C:\Users\ZIDANE\houseApp\android\\gradle\wrapper\gradle-wrapper.jar
PATH=C:\Users\ZIDANE\houseApp\node_modules\.bin;C:\Users\ZIDANE\node_modules\.bin;C:\Users\node_modules\.bin;C:\node_modules\.bin;C:\Program Files\nodejs\node_modules\npm\node_modules\@npmcli\run-script\lib\node-gyp-bin;C:\Program Files\Common Files\Oracle\Java\javapath;C:\Program Files (x86)\Common Files\Oracle\Java\java8path;C:\Program Files (x86)\Common Files\Oracle\Java\javapath;C:\Program Files\Java\jdk-17\bin;C:\WINDOWS\system32;C:\WINDOWS;C:\WINDOWS\System32\Wbem;C:\WINDOWS\System32\WindowsPowerShell\v1.0\;C:\WINDOWS\System32\OpenSSH\;C:\Program Files\nodejs\;C:\Program Files\Git\cmd;choco;C:\ProgramData\chocolatey\bin;STM32CubeProgrammer path\bin;C:\Program Files\php-8.3.6;C:\Program Files\Java\jdk-17\bin;C:\WINDOWS\system32;C:\WINDOWS;C:\WINDOWS\System32\Wbem;C:\WINDOWS\System32\WindowsPowerShell\v1.0\;C:\WINDOWS\System32\OpenSSH\;C:\Program Files\nodejs\;C:\Program Files\Git\cmd;choco;C:\ProgramData\chocolatey\bin;STM32CubeProgrammer path\bin;C:\Program Files\php-8.3.6;C:\Users\ZIDANE\AppData\Local\Android\Sdk\tools;C:\Users\ZIDANE\AppData\Local\Microsoft\WindowsApps;C:\Users\ZIDANE\AppData\Local\Programs\Microsoft VS Code\bin;C:\Users\ZIDANE\AppData\Roaming\npm;C:\Users\ZIDANE\AppData\Local\Android\Sdk\platform-tools;C:\flutter\flutter\bin;C:\Program Files\Java\jdk-17\bin;
USERNAME=ZIDANE
LANG=en_US.UTF-8
OS=Windows_NT
PROCESSOR_IDENTIFIER=Intel64 Family 6 Model 58 Stepping 9, GenuineIntel



---------------  S Y S T E M  ---------------

OS:
 Windows 10 , 64 bit Build 19041 (10.0.19041.3636)
OS uptime: 7 days 0:21 hours

CPU: total 4 (initial active 4) (2 cores per cpu, 2 threads per core) family 6 model 58 stepping 9 microcode 0x21, cx8, cmov, fxsr, ht, mmx, sse, sse2, sse3, ssse3, sse4.1, sse4.2, popcnt, tsc, tscinvbit, avx, aes, erms, clmul, vzeroupper, clflush

Memory: 4k page, system-wide physical 3999M (401M free)
TotalPageFile size 16287M (AvailPageFile size 304M)
current process WorkingSet (physical memory assigned to process): 349M, peak: 1048M
current process commit charge ("private bytes"): 1508M, peak: 1944M

vm_info: Java HotSpot(TM) 64-Bit Server VM (17.0.12+8-LTS-286) for windows-amd64 JRE (17.0.12+8-LTS-286), built on Jun  5 2024 06:46:59 by "mach5one" with MS VC++ 17.6 (VS2022)

END.
