#
# There is insufficient memory for the Java Runtime Environment to continue.
# Native memory allocation (malloc) failed to allocate 32744 bytes for ChunkPool::allocate
# Possible reasons:
#   The system is out of physical RAM or swap space
#   The process is running with CompressedOops enabled, and the Java Heap may be blocking the growth of the native heap
# Possible solutions:
#   Reduce memory load on the system
#   Increase physical memory or swap space
#   Check if swap backing store is full
#   Decrease Java heap size (-Xmx/-Xms)
#   Decrease number of Java threads
#   Decrease Java thread stack sizes (-Xss)
#   Set larger code cache with -XX:ReservedCodeCacheSize=
#   JVM is running with Unscaled Compressed Oops mode in which the Java heap is
#     placed in the first 4GB address space. The Java Heap base address is the
#     maximum limit for the native heap growth. Please use -XX:HeapBaseMinAddress
#     to set the Java Heap base and to place the Java Heap above 4GB virtual address.
# This output file may be truncated or incomplete.
#
#  Out of Memory Error (arena.cpp:78), pid=12100, tid=9172
#
# JRE version: Java(TM) SE Runtime Environment (17.0.12+8) (build 17.0.12+8-LTS-286)
# Java VM: Java HotSpot(TM) 64-Bit Server VM (17.0.12+8-LTS-286, mixed mode, sharing, tiered, compressed oops, compressed class ptrs, g1 gc, windows-amd64)
# No core dump will be written. Minidumps are not enabled by default on client versions of Windows
#

---------------  S U M M A R Y ------------

Command Line: -Xmx64m -Xms64m -Dorg.gradle.appname=gradlew org.gradle.wrapper.GradleWrapperMain app:installDebug -PreactNativeDevServerPort=8081

Host: Intel(R) Core(TM) i5-3320M CPU @ 2.60GHz, 4 cores, 3G,  Windows 10 , 64 bit Build 19041 (10.0.19041.3636)
Time: Fri Aug 23 00:14:51 2024 Afr. centrale Ouest elapsed time: 134.125169 seconds (0d 0h 2m 14s)

---------------  T H R E A D  ---------------

Current thread (0x0000012d764bca70):  JavaThread "C2 CompilerThread0" daemon [_thread_in_native, id=9172, stack(0x0000000164300000,0x0000000164400000)]


Current CompileTask:
C2: 134125 1748       4       org.gradle.internal.logging.text.AbstractLineChoppingStyledTextOutput::doAppend (43 bytes)

Stack: [0x0000000164300000,0x0000000164400000]
Native frames: (J=compiled Java code, j=interpreted, Vv=VM code, C=native code)
V  [jvm.dll+0x67a04a]
V  [jvm.dll+0x7da4ed]
V  [jvm.dll+0x7dbe33]
V  [jvm.dll+0x7dc4a3]
V  [jvm.dll+0x24508f]
V  [jvm.dll+0xab9a4]
V  [jvm.dll+0xabd3c]
V  [jvm.dll+0x8c0a2]
V  [jvm.dll+0x607f17]
V  [jvm.dll+0x60d527]
V  [jvm.dll+0x60e36c]
V  [jvm.dll+0x60c84a]
V  [jvm.dll+0x2166be]
V  [jvm.dll+0x215c6f]
V  [jvm.dll+0x1a2960]
V  [jvm.dll+0x22610b]
V  [jvm.dll+0x2242ab]
V  [jvm.dll+0x79075c]
V  [jvm.dll+0x78abea]
V  [jvm.dll+0x678f35]
C  [ucrtbase.dll+0x21bb2]
C  [KERNEL32.DLL+0x17344]
C  [ntdll.dll+0x526b1]


---------------  P R O C E S S  ---------------

Threads class SMR info:
_java_thread_list=0x0000012d7bc5ab10, length=15, elements={
0x0000012d6c5b7c80, 0x0000012d764a43b0, 0x0000012d764a5230, 0x0000012d764b4420,
0x0000012d764b4fe0, 0x0000012d764b7ab0, 0x0000012d764b8880, 0x0000012d764bca70,
0x0000012d764c7540, 0x0000012d764cb270, 0x0000012d7672c890, 0x0000012d7672f5c0,
0x0000012d7b56a900, 0x0000012d7b8d04e0, 0x0000012d7b8d09c0
}

Java Threads: ( => current thread )
  0x0000012d6c5b7c80 JavaThread "main" [_thread_in_native, id=824, stack(0x0000000163600000,0x0000000163700000)]
  0x0000012d764a43b0 JavaThread "Reference Handler" daemon [_thread_blocked, id=10028, stack(0x0000000163d00000,0x0000000163e00000)]
  0x0000012d764a5230 JavaThread "Finalizer" daemon [_thread_blocked, id=5964, stack(0x0000000163e00000,0x0000000163f00000)]
  0x0000012d764b4420 JavaThread "Signal Dispatcher" daemon [_thread_blocked, id=7252, stack(0x0000000163f00000,0x0000000164000000)]
  0x0000012d764b4fe0 JavaThread "Attach Listener" daemon [_thread_blocked, id=9624, stack(0x0000000164000000,0x0000000164100000)]
  0x0000012d764b7ab0 JavaThread "Service Thread" daemon [_thread_blocked, id=9576, stack(0x0000000164100000,0x0000000164200000)]
  0x0000012d764b8880 JavaThread "Monitor Deflation Thread" daemon [_thread_blocked, id=5272, stack(0x0000000164200000,0x0000000164300000)]
=>0x0000012d764bca70 JavaThread "C2 CompilerThread0" daemon [_thread_in_native, id=9172, stack(0x0000000164300000,0x0000000164400000)]
  0x0000012d764c7540 JavaThread "C1 CompilerThread0" daemon [_thread_blocked, id=12160, stack(0x0000000164400000,0x0000000164500000)]
  0x0000012d764cb270 JavaThread "Sweeper thread" daemon [_thread_blocked, id=11512, stack(0x0000000164500000,0x0000000164600000)]
  0x0000012d7672c890 JavaThread "Notification Thread" daemon [_thread_blocked, id=10956, stack(0x0000000164600000,0x0000000164700000)]
  0x0000012d7672f5c0 JavaThread "Common-Cleaner" daemon [_thread_blocked, id=10160, stack(0x0000000164800000,0x0000000164900000)]
  0x0000012d7b56a900 JavaThread "pool-1-thread-1" [_thread_blocked, id=1472, stack(0x0000000164c00000,0x0000000164d00000)]
  0x0000012d7b8d04e0 JavaThread "DisconnectableInputStream source reader" daemon [_thread_in_native, id=7940, stack(0x0000000164e00000,0x0000000164f00000)]
  0x0000012d7b8d09c0 JavaThread "Forward input" [_thread_blocked, id=10112, stack(0x0000000164f00000,0x0000000165000000)]

Other Threads:
  0x0000012d6c688780 VMThread "VM Thread" [stack: 0x0000000163c00000,0x0000000163d00000] [id=13056]
  0x0000012d7672f180 WatcherThread [stack: 0x0000000164700000,0x0000000164800000] [id=2028]
  0x0000012d6c5d8940 GCTaskThread "GC Thread#0" [stack: 0x0000000163700000,0x0000000163800000] [id=8748]
  0x0000012d76abff10 GCTaskThread "GC Thread#1" [stack: 0x0000000164900000,0x0000000164a00000] [id=11928]
  0x0000012d76ad5250 GCTaskThread "GC Thread#2" [stack: 0x0000000164a00000,0x0000000164b00000] [id=7572]
  0x0000012d76ad5510 GCTaskThread "GC Thread#3" [stack: 0x0000000164b00000,0x0000000164c00000] [id=10584]
  0x0000012d6c5da090 ConcurrentGCThread "G1 Main Marker" [stack: 0x0000000163800000,0x0000000163900000] [id=8876]
  0x0000012d6c5daaa0 ConcurrentGCThread "G1 Conc#0" [stack: 0x0000000163900000,0x0000000163a00000] [id=4412]
  0x0000012d6c628c50 ConcurrentGCThread "G1 Refine#0" [stack: 0x0000000163a00000,0x0000000163b00000] [id=10904]
  0x0000012d6c629680 ConcurrentGCThread "G1 Service" [stack: 0x0000000163b00000,0x0000000163c00000] [id=6356]

Threads with active compile tasks:
C2 CompilerThread0   134170 1748       4       org.gradle.internal.logging.text.AbstractLineChoppingStyledTextOutput::doAppend (43 bytes)

VM state: not at safepoint (normal execution)

VM Mutex/Monitor currently owned by a thread: None

Heap address: 0x00000000fc000000, size: 64 MB, Compressed Oops mode: 32-bit

CDS archive(s) mapped at: [0x0000012d0f000000-0x0000012d0fbd0000-0x0000012d0fbd0000), size 12386304, SharedBaseAddress: 0x0000012d0f000000, ArchiveRelocationMode: 1.
Compressed class space mapped at: 0x0000012d10000000-0x0000012d50000000, reserved size: 1073741824
Narrow klass base: 0x0000012d0f000000, Narrow klass shift: 0, Narrow klass range: 0x100000000

GC Precious Log:
 CPUs: 4 total, 4 available
 Memory: 3999M
 Large Page Support: Disabled
 NUMA Support: Disabled
 Compressed Oops: Enabled (32-bit)
 Heap Region Size: 1M
 Heap Min Capacity: 64M
 Heap Initial Capacity: 64M
 Heap Max Capacity: 64M
 Pre-touch: Disabled
 Parallel Workers: 4
 Concurrent Workers: 1
 Concurrent Refinement Workers: 4
 Periodic GC: Disabled

Heap:
 garbage-first heap   total 65536K, used 25602K [0x00000000fc000000, 0x0000000100000000)
  region size 1024K, 18 young (18432K), 3 survivors (3072K)
 Metaspace       used 9499K, committed 9728K, reserved 1114112K
  class space    used 1237K, committed 1344K, reserved 1048576K

Heap Regions: E=young(eden), S=young(survivor), O=old, HS=humongous(starts), HC=humongous(continues), CS=collection set, F=free, OA=open archive, CA=closed archive, TAMS=top-at-mark-start (previous, next)
|   0|0x00000000fc000000, 0x00000000fc100000, 0x00000000fc100000|100%| O|  |TAMS 0x00000000fc000000, 0x00000000fc000000| Untracked 
|   1|0x00000000fc100000, 0x00000000fc200000, 0x00000000fc200000|100%|HS|  |TAMS 0x00000000fc100000, 0x00000000fc100000| Complete 
|   2|0x00000000fc200000, 0x00000000fc300000, 0x00000000fc300000|100%|HC|  |TAMS 0x00000000fc200000, 0x00000000fc200000| Complete 
|   3|0x00000000fc300000, 0x00000000fc400000, 0x00000000fc400000|100%|HC|  |TAMS 0x00000000fc300000, 0x00000000fc300000| Complete 
|   4|0x00000000fc400000, 0x00000000fc500000, 0x00000000fc500000|100%|HC|  |TAMS 0x00000000fc400000, 0x00000000fc400000| Complete 
|   5|0x00000000fc500000, 0x00000000fc600000, 0x00000000fc600000|100%| O|  |TAMS 0x00000000fc500000, 0x00000000fc500000| Untracked 
|   6|0x00000000fc600000, 0x00000000fc700000, 0x00000000fc700000|100%| O|  |TAMS 0x00000000fc600000, 0x00000000fc600000| Untracked 
|   7|0x00000000fc700000, 0x00000000fc800000, 0x00000000fc800000|100%| O|  |TAMS 0x00000000fc700000, 0x00000000fc700000| Untracked 
|   8|0x00000000fc800000, 0x00000000fc800a00, 0x00000000fc900000|  0%| O|  |TAMS 0x00000000fc800000, 0x00000000fc800000| Untracked 
|   9|0x00000000fc900000, 0x00000000fc900000, 0x00000000fca00000|  0%| F|  |TAMS 0x00000000fc900000, 0x00000000fc900000| Untracked 
|  10|0x00000000fca00000, 0x00000000fca00000, 0x00000000fcb00000|  0%| F|  |TAMS 0x00000000fca00000, 0x00000000fca00000| Untracked 
|  11|0x00000000fcb00000, 0x00000000fcb00000, 0x00000000fcc00000|  0%| F|  |TAMS 0x00000000fcb00000, 0x00000000fcb00000| Untracked 
|  12|0x00000000fcc00000, 0x00000000fcc00000, 0x00000000fcd00000|  0%| F|  |TAMS 0x00000000fcc00000, 0x00000000fcc00000| Untracked 
|  13|0x00000000fcd00000, 0x00000000fcd00000, 0x00000000fce00000|  0%| F|  |TAMS 0x00000000fcd00000, 0x00000000fcd00000| Untracked 
|  14|0x00000000fce00000, 0x00000000fce00000, 0x00000000fcf00000|  0%| F|  |TAMS 0x00000000fce00000, 0x00000000fce00000| Untracked 
|  15|0x00000000fcf00000, 0x00000000fcf00000, 0x00000000fd000000|  0%| F|  |TAMS 0x00000000fcf00000, 0x00000000fcf00000| Untracked 
|  16|0x00000000fd000000, 0x00000000fd000000, 0x00000000fd100000|  0%| F|  |TAMS 0x00000000fd000000, 0x00000000fd000000| Untracked 
|  17|0x00000000fd100000, 0x00000000fd100000, 0x00000000fd200000|  0%| F|  |TAMS 0x00000000fd100000, 0x00000000fd100000| Untracked 
|  18|0x00000000fd200000, 0x00000000fd200000, 0x00000000fd300000|  0%| F|  |TAMS 0x00000000fd200000, 0x00000000fd200000| Untracked 
|  19|0x00000000fd300000, 0x00000000fd300000, 0x00000000fd400000|  0%| F|  |TAMS 0x00000000fd300000, 0x00000000fd300000| Untracked 
|  20|0x00000000fd400000, 0x00000000fd400000, 0x00000000fd500000|  0%| F|  |TAMS 0x00000000fd400000, 0x00000000fd400000| Untracked 
|  21|0x00000000fd500000, 0x00000000fd500000, 0x00000000fd600000|  0%| F|  |TAMS 0x00000000fd500000, 0x00000000fd500000| Untracked 
|  22|0x00000000fd600000, 0x00000000fd600000, 0x00000000fd700000|  0%| F|  |TAMS 0x00000000fd600000, 0x00000000fd600000| Untracked 
|  23|0x00000000fd700000, 0x00000000fd700000, 0x00000000fd800000|  0%| F|  |TAMS 0x00000000fd700000, 0x00000000fd700000| Untracked 
|  24|0x00000000fd800000, 0x00000000fd800000, 0x00000000fd900000|  0%| F|  |TAMS 0x00000000fd800000, 0x00000000fd800000| Untracked 
|  25|0x00000000fd900000, 0x00000000fd900000, 0x00000000fda00000|  0%| F|  |TAMS 0x00000000fd900000, 0x00000000fd900000| Untracked 
|  26|0x00000000fda00000, 0x00000000fda00000, 0x00000000fdb00000|  0%| F|  |TAMS 0x00000000fda00000, 0x00000000fda00000| Untracked 
|  27|0x00000000fdb00000, 0x00000000fdb00000, 0x00000000fdc00000|  0%| F|  |TAMS 0x00000000fdb00000, 0x00000000fdb00000| Untracked 
|  28|0x00000000fdc00000, 0x00000000fdc00000, 0x00000000fdd00000|  0%| F|  |TAMS 0x00000000fdc00000, 0x00000000fdc00000| Untracked 
|  29|0x00000000fdd00000, 0x00000000fdd00000, 0x00000000fde00000|  0%| F|  |TAMS 0x00000000fdd00000, 0x00000000fdd00000| Untracked 
|  30|0x00000000fde00000, 0x00000000fde00000, 0x00000000fdf00000|  0%| F|  |TAMS 0x00000000fde00000, 0x00000000fde00000| Untracked 
|  31|0x00000000fdf00000, 0x00000000fdf00000, 0x00000000fe000000|  0%| F|  |TAMS 0x00000000fdf00000, 0x00000000fdf00000| Untracked 
|  32|0x00000000fe000000, 0x00000000fe000000, 0x00000000fe100000|  0%| F|  |TAMS 0x00000000fe000000, 0x00000000fe000000| Untracked 
|  33|0x00000000fe100000, 0x00000000fe100000, 0x00000000fe200000|  0%| F|  |TAMS 0x00000000fe100000, 0x00000000fe100000| Untracked 
|  34|0x00000000fe200000, 0x00000000fe200000, 0x00000000fe300000|  0%| F|  |TAMS 0x00000000fe200000, 0x00000000fe200000| Untracked 
|  35|0x00000000fe300000, 0x00000000fe300000, 0x00000000fe400000|  0%| F|  |TAMS 0x00000000fe300000, 0x00000000fe300000| Untracked 
|  36|0x00000000fe400000, 0x00000000fe400000, 0x00000000fe500000|  0%| F|  |TAMS 0x00000000fe400000, 0x00000000fe400000| Untracked 
|  37|0x00000000fe500000, 0x00000000fe500000, 0x00000000fe600000|  0%| F|  |TAMS 0x00000000fe500000, 0x00000000fe500000| Untracked 
|  38|0x00000000fe600000, 0x00000000fe600000, 0x00000000fe700000|  0%| F|  |TAMS 0x00000000fe600000, 0x00000000fe600000| Untracked 
|  39|0x00000000fe700000, 0x00000000fe700000, 0x00000000fe800000|  0%| F|  |TAMS 0x00000000fe700000, 0x00000000fe700000| Untracked 
|  40|0x00000000fe800000, 0x00000000fe800000, 0x00000000fe900000|  0%| F|  |TAMS 0x00000000fe800000, 0x00000000fe800000| Untracked 
|  41|0x00000000fe900000, 0x00000000fe900000, 0x00000000fea00000|  0%| F|  |TAMS 0x00000000fe900000, 0x00000000fe900000| Untracked 
|  42|0x00000000fea00000, 0x00000000fea00000, 0x00000000feb00000|  0%| F|  |TAMS 0x00000000fea00000, 0x00000000fea00000| Untracked 
|  43|0x00000000feb00000, 0x00000000fec00000, 0x00000000fec00000|100%| S|CS|TAMS 0x00000000feb00000, 0x00000000feb00000| Complete 
|  44|0x00000000fec00000, 0x00000000fed00000, 0x00000000fed00000|100%| S|CS|TAMS 0x00000000fec00000, 0x00000000fec00000| Complete 
|  45|0x00000000fed00000, 0x00000000fee00000, 0x00000000fee00000|100%| S|CS|TAMS 0x00000000fed00000, 0x00000000fed00000| Complete 
|  46|0x00000000fee00000, 0x00000000fee00000, 0x00000000fef00000|  0%| F|  |TAMS 0x00000000fee00000, 0x00000000fee00000| Untracked 
|  47|0x00000000fef00000, 0x00000000fef00000, 0x00000000ff000000|  0%| F|  |TAMS 0x00000000fef00000, 0x00000000fef00000| Untracked 
|  48|0x00000000ff000000, 0x00000000ff000000, 0x00000000ff100000|  0%| F|  |TAMS 0x00000000ff000000, 0x00000000ff000000| Untracked 
|  49|0x00000000ff100000, 0x00000000ff161d80, 0x00000000ff200000| 38%| E|  |TAMS 0x00000000ff100000, 0x00000000ff100000| Complete 
|  50|0x00000000ff200000, 0x00000000ff300000, 0x00000000ff300000|100%| E|CS|TAMS 0x00000000ff200000, 0x00000000ff200000| Complete 
|  51|0x00000000ff300000, 0x00000000ff400000, 0x00000000ff400000|100%| E|CS|TAMS 0x00000000ff300000, 0x00000000ff300000| Complete 
|  52|0x00000000ff400000, 0x00000000ff500000, 0x00000000ff500000|100%| E|CS|TAMS 0x00000000ff400000, 0x00000000ff400000| Complete 
|  53|0x00000000ff500000, 0x00000000ff600000, 0x00000000ff600000|100%| E|CS|TAMS 0x00000000ff500000, 0x00000000ff500000| Complete 
|  54|0x00000000ff600000, 0x00000000ff700000, 0x00000000ff700000|100%| E|CS|TAMS 0x00000000ff600000, 0x00000000ff600000| Complete 
|  55|0x00000000ff700000, 0x00000000ff800000, 0x00000000ff800000|100%| E|CS|TAMS 0x00000000ff700000, 0x00000000ff700000| Complete 
|  56|0x00000000ff800000, 0x00000000ff900000, 0x00000000ff900000|100%| E|CS|TAMS 0x00000000ff800000, 0x00000000ff800000| Complete 
|  57|0x00000000ff900000, 0x00000000ffa00000, 0x00000000ffa00000|100%| E|CS|TAMS 0x00000000ff900000, 0x00000000ff900000| Complete 
|  58|0x00000000ffa00000, 0x00000000ffb00000, 0x00000000ffb00000|100%| E|CS|TAMS 0x00000000ffa00000, 0x00000000ffa00000| Complete 
|  59|0x00000000ffb00000, 0x00000000ffc00000, 0x00000000ffc00000|100%| E|CS|TAMS 0x00000000ffb00000, 0x00000000ffb00000| Complete 
|  60|0x00000000ffc00000, 0x00000000ffd00000, 0x00000000ffd00000|100%| E|CS|TAMS 0x00000000ffc00000, 0x00000000ffc00000| Complete 
|  61|0x00000000ffd00000, 0x00000000ffe00000, 0x00000000ffe00000|100%| E|CS|TAMS 0x00000000ffd00000, 0x00000000ffd00000| Complete 
|  62|0x00000000ffe00000, 0x00000000fff00000, 0x00000000fff00000|100%| E|CS|TAMS 0x00000000ffe00000, 0x00000000ffe00000| Complete 
|  63|0x00000000fff00000, 0x0000000100000000, 0x0000000100000000|100%| E|CS|TAMS 0x00000000fff00000, 0x00000000fff00000| Complete 

Card table byte_map: [0x0000012d6a750000,0x0000012d6a770000] _byte_map_base: 0x0000012d69f70000

Marking Bits (Prev, Next): (CMBitMap*) 0x0000012d6c5d8f60, (CMBitMap*) 0x0000012d6c5d8fa0
 Prev Bits: [0x0000012d6c3d0000, 0x0000012d6c4d0000)
 Next Bits: [0x0000012d73e80000, 0x0000012d73f80000)

Polling page: 0x0000012d6a470000

Metaspace:

Usage:
  Non-class:      8.07 MB used.
      Class:      1.21 MB used.
       Both:      9.28 MB used.

Virtual space:
  Non-class space:       64.00 MB reserved,       8.19 MB ( 13%) committed,  1 nodes.
      Class space:        1.00 GB reserved,       1.31 MB ( <1%) committed,  1 nodes.
             Both:        1.06 GB reserved,       9.50 MB ( <1%) committed. 

Chunk freelists:
   Non-Class:  7.87 MB
       Class:  14.60 MB
        Both:  22.47 MB

MaxMetaspaceSize: unlimited
CompressedClassSpaceSize: 1.00 GB
Initial GC threshold: 21.00 MB
Current GC threshold: 21.00 MB
CDS: on
MetaspaceReclaimPolicy: balanced
 - commit_granule_bytes: 65536.
 - commit_granule_words: 8192.
 - virtual_space_node_default_size: 8388608.
 - enlarge_chunks_in_place: 1.
 - new_chunks_are_fully_committed: 0.
 - uncommit_free_chunks: 1.
 - use_allocation_guard: 0.
 - handle_deallocations: 1.


Internal statistics:

num_allocs_failed_limit: 0.
num_arena_births: 106.
num_arena_deaths: 0.
num_vsnodes_births: 2.
num_vsnodes_deaths: 0.
num_space_committed: 152.
num_space_uncommitted: 0.
num_chunks_returned_to_freelist: 0.
num_chunks_taken_from_freelist: 363.
num_chunk_merges: 0.
num_chunk_splits: 236.
num_chunks_enlarged: 185.
num_inconsistent_stats: 0.

CodeHeap 'non-profiled nmethods': size=120000Kb used=599Kb max_used=599Kb free=119400Kb
 bounds [0x0000012d07ad0000, 0x0000012d07d40000, 0x0000012d0f000000]
CodeHeap 'profiled nmethods': size=120000Kb used=3399Kb max_used=3399Kb free=116600Kb
 bounds [0x0000012d00000000, 0x0000012d00360000, 0x0000012d07530000]
CodeHeap 'non-nmethods': size=5760Kb used=1168Kb max_used=1183Kb free=4591Kb
 bounds [0x0000012d07530000, 0x0000012d077a0000, 0x0000012d07ad0000]
 total_blobs=2217 nmethods=1753 adapters=377
 compilation: enabled
              stopped_count=0, restarted_count=0
 full_count=0

Compilation events (20 events):
Event: 133.957 Thread 0x0000012d764c7540 nmethod 1744 0x0000012d00346190 code [0x0000012d00346640, 0x0000012d00348e88]
Event: 133.958 Thread 0x0000012d764c7540 1745   !   3       java.io.ObjectStreamClass::newInstance (157 bytes)
Event: 133.959 Thread 0x0000012d764c7540 nmethod 1745 0x0000012d00349a10 code [0x0000012d00349e00, 0x0000012d0034b8f8]
Event: 134.037 Thread 0x0000012d764c7540 1747       3       java.io.PrintWriter::ensureOpen (18 bytes)
Event: 134.037 Thread 0x0000012d764c7540 nmethod 1747 0x0000012d0034c890 code [0x0000012d0034ca40, 0x0000012d0034cc48]
Event: 134.040 Thread 0x0000012d764bca70 1748       4       org.gradle.internal.logging.text.AbstractLineChoppingStyledTextOutput::doAppend (43 bytes)
Event: 134.042 Thread 0x0000012d764c7540 1751       3       org.gradle.internal.logging.text.AbstractLineChoppingStyledTextOutput$3::execute (9 bytes)
Event: 134.042 Thread 0x0000012d764c7540 nmethod 1751 0x0000012d0034cd10 code [0x0000012d0034cec0, 0x0000012d0034d108]
Event: 134.042 Thread 0x0000012d764c7540 1752       3       org.gradle.internal.logging.text.AbstractLineChoppingStyledTextOutput$3::execute (73 bytes)
Event: 134.044 Thread 0x0000012d764c7540 nmethod 1752 0x0000012d0034d210 code [0x0000012d0034d4a0, 0x0000012d0034e0b8]
Event: 134.044 Thread 0x0000012d764c7540 1757       3       org.gradle.internal.logging.text.AbstractLineChoppingStyledTextOutput$1::execute (140 bytes)
Event: 134.046 Thread 0x0000012d764c7540 nmethod 1757 0x0000012d0034e610 code [0x0000012d0034e960, 0x0000012d0034fc58]
Event: 134.046 Thread 0x0000012d764c7540 1753       3       org.gradle.internal.logging.text.AbstractLineChoppingStyledTextOutput$4::execute (9 bytes)
Event: 134.046 Thread 0x0000012d764c7540 nmethod 1753 0x0000012d00350490 code [0x0000012d00350660, 0x0000012d00350bd8]
Event: 134.046 Thread 0x0000012d764c7540 1754       3       org.gradle.internal.logging.text.AbstractLineChoppingStyledTextOutput$4::execute (12 bytes)
Event: 134.047 Thread 0x0000012d764c7540 nmethod 1754 0x0000012d00350e10 code [0x0000012d00350fe0, 0x0000012d003513d8]
Event: 134.047 Thread 0x0000012d764c7540 1755       3       org.gradle.internal.logging.text.AbstractLineChoppingStyledTextOutput$StateContext::flushStartLine (8 bytes)
Event: 134.047 Thread 0x0000012d764c7540 nmethod 1755 0x0000012d00351590 code [0x0000012d00351720, 0x0000012d00351918]
Event: 134.047 Thread 0x0000012d764c7540 1756       3       org.gradle.internal.logging.text.AbstractLineChoppingStyledTextOutput::doStartLine (1 bytes)
Event: 134.047 Thread 0x0000012d764c7540 nmethod 1756 0x0000012d00351a10 code [0x0000012d00351ba0, 0x0000012d00351cb8]

GC Heap History (4 events):
Event: 0.633 GC heap before
{Heap before GC invocations=0 (full 0):
 garbage-first heap   total 65536K, used 12288K [0x00000000fc000000, 0x0000000100000000)
  region size 1024K, 13 young (13312K), 0 survivors (0K)
 Metaspace       used 1751K, committed 1856K, reserved 1114112K
  class space    used 161K, committed 192K, reserved 1048576K
}
Event: 0.642 GC heap after
{Heap after GC invocations=1 (full 0):
 garbage-first heap   total 65536K, used 2064K [0x00000000fc000000, 0x0000000100000000)
  region size 1024K, 2 young (2048K), 2 survivors (2048K)
 Metaspace       used 1751K, committed 1856K, reserved 1114112K
  class space    used 161K, committed 192K, reserved 1048576K
}
Event: 1.638 GC heap before
{Heap before GC invocations=1 (full 0):
 garbage-first heap   total 65536K, used 21520K [0x00000000fc000000, 0x0000000100000000)
  region size 1024K, 18 young (18432K), 2 survivors (2048K)
 Metaspace       used 4882K, committed 5120K, reserved 1114112K
  class space    used 652K, committed 768K, reserved 1048576K
}
Event: 1.646 GC heap after
{Heap after GC invocations=2 (full 0):
 garbage-first heap   total 65536K, used 11266K [0x00000000fc000000, 0x0000000100000000)
  region size 1024K, 3 young (3072K), 3 survivors (3072K)
 Metaspace       used 4882K, committed 5120K, reserved 1114112K
  class space    used 652K, committed 768K, reserved 1048576K
}

Deoptimization events (20 events):
Event: 28.205 Thread 0x0000012d6c5b7c80 Uncommon trap: trap_request=0xffffffc6 fr.pc=0x0000012d07b3c814 relative=0x0000000000000534
Event: 28.205 Thread 0x0000012d6c5b7c80 Uncommon trap: reason=bimorphic_or_optimized_type_check action=maybe_recompile pc=0x0000012d07b3c814 method=java.util.concurrent.ConcurrentHashMap.get(Ljava/lang/Object;)Ljava/lang/Object; @ 149 c2
Event: 28.205 Thread 0x0000012d6c5b7c80 DEOPT PACKING pc=0x0000012d07b3c814 sp=0x00000001636fca00
Event: 28.205 Thread 0x0000012d6c5b7c80 DEOPT UNPACKING pc=0x0000012d075823a3 sp=0x00000001636fc9a0 mode 2
Event: 28.205 Thread 0x0000012d6c5b7c80 Uncommon trap: trap_request=0xffffffc6 fr.pc=0x0000012d07b3c814 relative=0x0000000000000534
Event: 28.205 Thread 0x0000012d6c5b7c80 Uncommon trap: reason=bimorphic_or_optimized_type_check action=maybe_recompile pc=0x0000012d07b3c814 method=java.util.concurrent.ConcurrentHashMap.get(Ljava/lang/Object;)Ljava/lang/Object; @ 149 c2
Event: 28.205 Thread 0x0000012d6c5b7c80 DEOPT PACKING pc=0x0000012d07b3c814 sp=0x00000001636fca00
Event: 28.205 Thread 0x0000012d6c5b7c80 DEOPT UNPACKING pc=0x0000012d075823a3 sp=0x00000001636fc9a0 mode 2
Event: 28.205 Thread 0x0000012d6c5b7c80 Uncommon trap: trap_request=0xffffffc6 fr.pc=0x0000012d07b3c814 relative=0x0000000000000534
Event: 28.205 Thread 0x0000012d6c5b7c80 Uncommon trap: reason=bimorphic_or_optimized_type_check action=maybe_recompile pc=0x0000012d07b3c814 method=java.util.concurrent.ConcurrentHashMap.get(Ljava/lang/Object;)Ljava/lang/Object; @ 149 c2
Event: 28.205 Thread 0x0000012d6c5b7c80 DEOPT PACKING pc=0x0000012d07b3c814 sp=0x00000001636fca00
Event: 28.205 Thread 0x0000012d6c5b7c80 DEOPT UNPACKING pc=0x0000012d075823a3 sp=0x00000001636fc9a0 mode 2
Event: 133.633 Thread 0x0000012d7b56a900 Uncommon trap: trap_request=0xffffff45 fr.pc=0x0000012d07b565e4 relative=0x00000000000004e4
Event: 133.633 Thread 0x0000012d7b56a900 Uncommon trap: reason=unstable_if action=reinterpret pc=0x0000012d07b565e4 method=org.gradle.internal.logging.text.AbstractLineChoppingStyledTextOutput$2.execute(Lorg/gradle/internal/logging/text/AbstractLineChoppingStyledTextOutput$StateContext;)V @ 34 c
Event: 133.634 Thread 0x0000012d7b56a900 DEOPT PACKING pc=0x0000012d07b565e4 sp=0x0000000164cfebb0
Event: 133.635 Thread 0x0000012d7b56a900 DEOPT UNPACKING pc=0x0000012d075823a3 sp=0x0000000164cfea38 mode 2
Event: 134.043 Thread 0x0000012d7b56a900 Uncommon trap: trap_request=0xffffff45 fr.pc=0x0000012d07b573c0 relative=0x00000000000004e0
Event: 134.043 Thread 0x0000012d7b56a900 Uncommon trap: reason=unstable_if action=reinterpret pc=0x0000012d07b573c0 method=org.gradle.internal.logging.text.AbstractLineChoppingStyledTextOutput$2.execute(Lorg/gradle/internal/logging/text/AbstractLineChoppingStyledTextOutput$StateContext;)V @ 34 c
Event: 134.043 Thread 0x0000012d7b56a900 DEOPT PACKING pc=0x0000012d07b573c0 sp=0x0000000164cfeb70
Event: 134.043 Thread 0x0000012d7b56a900 DEOPT UNPACKING pc=0x0000012d075823a3 sp=0x0000000164cfea60 mode 2

Classes unloaded (0 events):
No events

Classes redefined (0 events):
No events

Internal exceptions (19 events):
Event: 0.207 Thread 0x0000012d6c5b7c80 Exception <a 'java/lang/NoSuchMethodError'{0x00000000ffdf32a8}: 'int java.lang.invoke.DirectMethodHandle$Holder.invokeStaticInit(java.lang.Object, java.lang.Object)'> (0x00000000ffdf32a8) 
thrown [s\open\src\hotspot\share\interpreter\linkResolver.cpp, line 759]
Event: 1.343 Thread 0x0000012d6c5b7c80 Exception <a 'java/lang/NoSuchMethodError'{0x00000000ff586b88}: 'void java.lang.invoke.DirectMethodHandle$Holder.invokeStatic(java.lang.Object, java.lang.Object)'> (0x00000000ff586b88) 
thrown [s\open\src\hotspot\share\interpreter\linkResolver.cpp, line 759]
Event: 1.384 Thread 0x0000012d6c5b7c80 Exception <a 'java/lang/NoClassDefFoundError'{0x00000000ff40f9f0}: org/slf4j/impl/StaticMarkerBinder> (0x00000000ff40f9f0) 
thrown [s\open\src\hotspot\share\classfile\systemDictionary.cpp, line 245]
Event: 1.412 Thread 0x0000012d6c5b7c80 Exception <a 'java/lang/NoSuchMethodError'{0x00000000ff4ba7f8}: 'java.lang.Object java.lang.invoke.DirectMethodHandle$Holder.invokeVirtual(java.lang.Object, java.lang.Object, java.lang.Object, java.lang.Object, java.lang.Object, java.lang.Object, java.lang.Object)'> (0x00000000ff4ba7f8) 
thrown [s\open\src\hotspot\share\interpreter\linkResolver.cpp, line 759]
Event: 1.416 Thread 0x0000012d6c5b7c80 Exception <a 'java/lang/NoSuchMethodError'{0x00000000ff4cc040}: 'java.lang.Object java.lang.invoke.Invokers$Holder.invoker(java.lang.Object, java.lang.Object, java.lang.Object)'> (0x00000000ff4cc040) 
thrown [s\open\src\hotspot\share\interpreter\linkResolver.cpp, line 759]
Event: 1.418 Thread 0x0000012d6c5b7c80 Exception <a 'java/lang/NoSuchMethodError'{0x00000000ff4d5198}: 'java.lang.Object java.lang.invoke.DirectMethodHandle$Holder.invokeStatic(java.lang.Object, java.lang.Object, int)'> (0x00000000ff4d5198) 
thrown [s\open\src\hotspot\share\interpreter\linkResolver.cpp, line 759]
Event: 1.420 Thread 0x0000012d6c5b7c80 Exception <a 'java/lang/NoSuchMethodError'{0x00000000ff4e0e88}: 'void java.lang.invoke.DelegatingMethodHandle$Holder.delegate(java.lang.Object, java.lang.Object, int, java.lang.Object)'> (0x00000000ff4e0e88) 
thrown [s\open\src\hotspot\share\interpreter\linkResolver.cpp, line 759]
Event: 1.421 Thread 0x0000012d6c5b7c80 Exception <a 'java/lang/NoSuchMethodError'{0x00000000ff4e4fd0}: 'int java.lang.invoke.DirectMethodHandle$Holder.invokeSpecial(java.lang.Object, java.lang.Object, java.lang.Object)'> (0x00000000ff4e4fd0) 
thrown [s\open\src\hotspot\share\interpreter\linkResolver.cpp, line 759]
Event: 1.426 Thread 0x0000012d6c5b7c80 Exception <a 'java/lang/NoSuchMethodError'{0x00000000ff4f84a8}: 'java.lang.Object java.lang.invoke.Invokers$Holder.invokeExact_MT(java.lang.Object, java.lang.Object, java.lang.Object, java.lang.Object)'> (0x00000000ff4f84a8) 
thrown [s\open\src\hotspot\share\interpreter\linkResolver.cpp, line 759]
Event: 1.713 Thread 0x0000012d6c5b7c80 Exception <a 'java/lang/NoSuchMethodError'{0x00000000ffe9fba8}: 'void java.lang.invoke.DirectMethodHandle$Holder.invokeSpecial(java.lang.Object, java.lang.Object, java.lang.Object)'> (0x00000000ffe9fba8) 
thrown [s\open\src\hotspot\share\interpreter\linkResolver.cpp, line 759]
Event: 1.730 Thread 0x0000012d6c5b7c80 Implicit null exception at 0x0000012d07b3110f to 0x0000012d07b3161c
Event: 1.797 Thread 0x0000012d6c5b7c80 Exception <a 'java/lang/NoSuchMethodError'{0x00000000ffc17130}: 'java.lang.Object java.lang.invoke.DirectMethodHandle$Holder.invokeStaticInit(java.lang.Object)'> (0x00000000ffc17130) 
thrown [s\open\src\hotspot\share\interpreter\linkResolver.cpp, line 759]
Event: 1.908 Thread 0x0000012d6c5b7c80 Exception <a 'java/lang/NoSuchMethodError'{0x00000000ffcd0a58}: 'int java.lang.invoke.DirectMethodHandle$Holder.invokeVirtual(java.lang.Object, java.lang.Object, java.lang.Object)'> (0x00000000ffcd0a58) 
thrown [s\open\src\hotspot\share\interpreter\linkResolver.cpp, line 759]
Event: 1.930 Thread 0x0000012d6c5b7c80 Exception <a 'java/lang/NoSuchMethodError'{0x00000000ffb13c70}: 'java.lang.Object java.lang.invoke.DirectMethodHandle$Holder.invokeVirtual(java.lang.Object, java.lang.Object, java.lang.Object)'> (0x00000000ffb13c70) 
thrown [s\open\src\hotspot\share\interpreter\linkResolver.cpp, line 759]
Event: 2.195 Thread 0x0000012d6c5b7c80 Exception <a 'java/lang/NoSuchMethodError'{0x00000000ff888030}: 'java.lang.Object java.lang.invoke.DirectMethodHandle$Holder.invokeStaticInit(java.lang.Object, int, int, int, int)'> (0x00000000ff888030) 
thrown [s\open\src\hotspot\share\interpreter\linkResolver.cpp, line 759]
Event: 2.297 Thread 0x0000012d6c5b7c80 Exception <a 'java/lang/NoSuchMethodError'{0x00000000ff8ce7c0}: 'java.lang.Object java.lang.invoke.DirectMethodHandle$Holder.invokeStaticInit(java.lang.Object, java.lang.Object, int, int, int, int)'> (0x00000000ff8ce7c0) 
thrown [s\open\src\hotspot\share\interpreter\linkResolver.cpp, line 759]
Event: 2.415 Thread 0x0000012d6c5b7c80 Exception <a 'java/lang/NoSuchMethodError'{0x00000000ff8fbbd0}: 'void java.lang.invoke.DirectMethodHandle$Holder.invokeStatic(java.lang.Object, java.lang.Object, java.lang.Object)'> (0x00000000ff8fbbd0) 
thrown [s\open\src\hotspot\share\interpreter\linkResolver.cpp, line 759]
Event: 2.441 Thread 0x0000012d6c5b7c80 Implicit null exception at 0x0000012d07b169f2 to 0x0000012d07b16f8c
Event: 2.441 Thread 0x0000012d6c5b7c80 Implicit null exception at 0x0000012d07b07172 to 0x0000012d07b07720

VM Operations (20 events):
Event: 29.575 Executing VM operation: Cleanup
Event: 29.575 Executing VM operation: Cleanup done
Event: 30.595 Executing VM operation: Cleanup
Event: 30.595 Executing VM operation: Cleanup done
Event: 32.624 Executing VM operation: Cleanup
Event: 32.624 Executing VM operation: Cleanup done
Event: 33.631 Executing VM operation: Cleanup
Event: 33.631 Executing VM operation: Cleanup done
Event: 35.648 Executing VM operation: Cleanup
Event: 35.648 Executing VM operation: Cleanup done
Event: 39.666 Executing VM operation: Cleanup
Event: 39.667 Executing VM operation: Cleanup done
Event: 40.685 Executing VM operation: Cleanup
Event: 40.685 Executing VM operation: Cleanup done
Event: 60.196 Executing VM operation: HandshakeAllThreads
Event: 60.196 Executing VM operation: HandshakeAllThreads done
Event: 69.274 Executing VM operation: Cleanup
Event: 69.274 Executing VM operation: Cleanup done
Event: 98.487 Executing VM operation: Cleanup
Event: 98.534 Executing VM operation: Cleanup done

Events (20 events):
Event: 133.867 loading class java/io/ObjectStreamClass$FieldReflector
Event: 133.868 loading class java/io/ObjectStreamClass$FieldReflector done
Event: 133.870 loading class java/io/ObjectStreamClass$ClassDataSlot
Event: 133.871 loading class java/io/ObjectStreamClass$ClassDataSlot done
Event: 133.871 loading class java/io/ObjectInputStream$FieldValues
Event: 133.872 loading class java/io/ObjectInputStream$GetField
Event: 133.873 loading class java/io/ObjectInputStream$GetField done
Event: 133.873 loading class java/io/ObjectInputStream$FieldValues done
Event: 133.875 loading class java/util/function/UnaryOperator
Event: 133.876 loading class java/util/function/UnaryOperator done
Event: 133.879 loading class java/io/ObjectStreamClass$ExceptionInfo
Event: 133.880 loading class java/io/ObjectStreamClass$ExceptionInfo done
Event: 133.883 loading class java/io/SerialCallbackContext
Event: 133.884 loading class java/io/SerialCallbackContext done
Event: 133.911 loading class java/io/PrintWriter
Event: 133.912 loading class java/io/PrintWriter done
Event: 133.914 loading class java/lang/Throwable$PrintStreamOrWriter
Event: 133.914 loading class java/lang/Throwable$PrintStreamOrWriter done
Event: 134.034 loading class java/lang/Throwable$WrappedPrintWriter
Event: 134.035 loading class java/lang/Throwable$WrappedPrintWriter done


Dynamic libraries:
0x00007ff6b1550000 - 0x00007ff6b1560000 	C:\Program Files\Java\jdk-17\bin\java.exe
0x00007ffdd6850000 - 0x00007ffdd6a48000 	C:\WINDOWS\SYSTEM32\ntdll.dll
0x00007ffdd5600000 - 0x00007ffdd56bd000 	C:\WINDOWS\System32\KERNEL32.DLL
0x00007ffdd4000000 - 0x00007ffdd42f6000 	C:\WINDOWS\System32\KERNELBASE.dll
0x00007ffdd3f00000 - 0x00007ffdd4000000 	C:\WINDOWS\System32\ucrtbase.dll
0x00007ffd9c580000 - 0x00007ffd9c59b000 	C:\Program Files\Java\jdk-17\bin\VCRUNTIME140.dll
0x00007ffda6a60000 - 0x00007ffda6a79000 	C:\Program Files\Java\jdk-17\bin\jli.dll
0x00007ffdd5e70000 - 0x00007ffdd5f20000 	C:\WINDOWS\System32\ADVAPI32.dll
0x00007ffdd5790000 - 0x00007ffdd582e000 	C:\WINDOWS\System32\msvcrt.dll
0x00007ffdd5cb0000 - 0x00007ffdd5d50000 	C:\WINDOWS\System32\sechost.dll
0x00007ffdd48e0000 - 0x00007ffdd4a03000 	C:\WINDOWS\System32\RPCRT4.dll
0x00007ffdd4680000 - 0x00007ffdd46a7000 	C:\WINDOWS\System32\bcrypt.dll
0x00007ffdd5830000 - 0x00007ffdd59cf000 	C:\WINDOWS\System32\USER32.dll
0x00007ffdd4300000 - 0x00007ffdd4322000 	C:\WINDOWS\System32\win32u.dll
0x00007ffdc0d30000 - 0x00007ffdc0fca000 	C:\WINDOWS\WinSxS\amd64_microsoft.windows.common-controls_6595b64144ccf1df_6.0.19041.4355_none_60b8b9eb71f62e16\COMCTL32.dll
0x00007ffdd5f20000 - 0x00007ffdd5f4b000 	C:\WINDOWS\System32\GDI32.dll
0x00007ffdd46b0000 - 0x00007ffdd47c7000 	C:\WINDOWS\System32\gdi32full.dll
0x00007ffdd45e0000 - 0x00007ffdd467d000 	C:\WINDOWS\System32\msvcp_win.dll
0x00007ffdc4090000 - 0x00007ffdc409a000 	C:\WINDOWS\SYSTEM32\VERSION.dll
0x00007ffdd6000000 - 0x00007ffdd6032000 	C:\WINDOWS\System32\IMM32.DLL
0x00007ffdbea70000 - 0x00007ffdbea7c000 	C:\Program Files\Java\jdk-17\bin\vcruntime140_1.dll
0x00007ffd78e20000 - 0x00007ffd78eae000 	C:\Program Files\Java\jdk-17\bin\msvcp140.dll
0x00007ffd78240000 - 0x00007ffd78e20000 	C:\Program Files\Java\jdk-17\bin\server\jvm.dll
0x00007ffdd4e80000 - 0x00007ffdd4e88000 	C:\WINDOWS\System32\PSAPI.DLL
0x00007ffdc40d0000 - 0x00007ffdc40f7000 	C:\WINDOWS\SYSTEM32\WINMM.dll
0x00007ffdce5f0000 - 0x00007ffdce5f9000 	C:\WINDOWS\SYSTEM32\WSOCK32.dll
0x00007ffdd5e00000 - 0x00007ffdd5e6b000 	C:\WINDOWS\System32\WS2_32.dll
0x00007ffdd2680000 - 0x00007ffdd2692000 	C:\WINDOWS\SYSTEM32\kernel.appcore.dll
0x00007ffdbbff0000 - 0x00007ffdbbffa000 	C:\Program Files\Java\jdk-17\bin\jimage.dll
0x00007ffdbf6d0000 - 0x00007ffdbf8b4000 	C:\WINDOWS\SYSTEM32\DBGHELP.DLL
0x00007ffdbb7a0000 - 0x00007ffdbb7d4000 	C:\WINDOWS\SYSTEM32\dbgcore.DLL
0x00007ffdd4500000 - 0x00007ffdd4582000 	C:\WINDOWS\System32\bcryptPrimitives.dll
0x00007ffd98610000 - 0x00007ffd98635000 	C:\Program Files\Java\jdk-17\bin\java.dll
0x00007ffd78160000 - 0x00007ffd78237000 	C:\Program Files\Java\jdk-17\bin\jsvml.dll
0x00007ffdd4e90000 - 0x00007ffdd55fb000 	C:\WINDOWS\System32\SHELL32.dll
0x00007ffdd1b00000 - 0x00007ffdd229d000 	C:\WINDOWS\SYSTEM32\windows.storage.dll
0x00007ffdd6070000 - 0x00007ffdd63c3000 	C:\WINDOWS\System32\combase.dll
0x00007ffdd3850000 - 0x00007ffdd387e000 	C:\WINDOWS\SYSTEM32\Wldp.dll
0x00007ffdd56c0000 - 0x00007ffdd578d000 	C:\WINDOWS\System32\OLEAUT32.dll
0x00007ffdd5d50000 - 0x00007ffdd5dfd000 	C:\WINDOWS\System32\SHCORE.dll
0x00007ffdd6720000 - 0x00007ffdd6775000 	C:\WINDOWS\System32\shlwapi.dll
0x00007ffdd3e30000 - 0x00007ffdd3e54000 	C:\WINDOWS\SYSTEM32\profapi.dll
0x00007ffd9a200000 - 0x00007ffd9a219000 	C:\Program Files\Java\jdk-17\bin\net.dll
0x00007ffdcac10000 - 0x00007ffdcad1a000 	C:\WINDOWS\SYSTEM32\WINHTTP.dll
0x00007ffdd35b0000 - 0x00007ffdd361a000 	C:\WINDOWS\system32\mswsock.dll
0x00007ffd952c0000 - 0x00007ffd952d6000 	C:\Program Files\Java\jdk-17\bin\nio.dll
0x00007ffd7d910000 - 0x00007ffd7d928000 	C:\Program Files\Java\jdk-17\bin\zip.dll
0x00007ffdbb8b0000 - 0x00007ffdbb8c0000 	C:\Program Files\Java\jdk-17\bin\verify.dll
0x00007ffd7d8e0000 - 0x00007ffd7d907000 	C:\Users\ZIDANE\.gradle\native\c067742578af261105cb4f569cf0c3c89f3d7b1fecec35dd04571415982c5e48\windows-amd64\native-platform.dll
0x00007ffdba650000 - 0x00007ffdba65a000 	C:\Program Files\Java\jdk-17\bin\management.dll
0x00007ffdb3500000 - 0x00007ffdb350b000 	C:\Program Files\Java\jdk-17\bin\management_ext.dll
0x00007ffdd37a0000 - 0x00007ffdd37b8000 	C:\WINDOWS\SYSTEM32\CRYPTSP.dll
0x00007ffdd2ed0000 - 0x00007ffdd2f04000 	C:\WINDOWS\system32\rsaenh.dll
0x00007ffdd3da0000 - 0x00007ffdd3dce000 	C:\WINDOWS\SYSTEM32\USERENV.dll
0x00007ffdd37c0000 - 0x00007ffdd37cc000 	C:\WINDOWS\SYSTEM32\CRYPTBASE.dll
0x00007ffdd3290000 - 0x00007ffdd32cb000 	C:\WINDOWS\SYSTEM32\IPHLPAPI.DLL
0x00007ffdd6550000 - 0x00007ffdd6558000 	C:\WINDOWS\System32\NSI.dll
0x00007ffdcb190000 - 0x00007ffdcb1a7000 	C:\WINDOWS\SYSTEM32\dhcpcsvc6.DLL
0x00007ffdca5a0000 - 0x00007ffdca5bd000 	C:\WINDOWS\SYSTEM32\dhcpcsvc.DLL
0x00007ffdd32d0000 - 0x00007ffdd339b000 	C:\WINDOWS\SYSTEM32\DNSAPI.dll
0x00007ffdc0710000 - 0x00007ffdc071e000 	C:\Program Files\Java\jdk-17\bin\sunmscapi.dll
0x00007ffdd43a0000 - 0x00007ffdd44fe000 	C:\WINDOWS\System32\CRYPT32.dll
0x00007ffdd38c0000 - 0x00007ffdd38e9000 	C:\WINDOWS\SYSTEM32\ncrypt.dll
0x00007ffdd3880000 - 0x00007ffdd38bb000 	C:\WINDOWS\SYSTEM32\NTASN1.dll
0x00007ffdce230000 - 0x00007ffdce237000 	C:\WINDOWS\system32\wshunix.dll

dbghelp: loaded successfully - version: 4.0.5 - missing functions: none
symbol engine: initialized successfully - sym options: 0x614 - pdb path: .;C:\Program Files\Java\jdk-17\bin;C:\WINDOWS\SYSTEM32;C:\WINDOWS\WinSxS\amd64_microsoft.windows.common-controls_6595b64144ccf1df_6.0.19041.4355_none_60b8b9eb71f62e16;C:\Program Files\Java\jdk-17\bin\server;C:\Users\ZIDANE\.gradle\native\c067742578af261105cb4f569cf0c3c89f3d7b1fecec35dd04571415982c5e48\windows-amd64

VM Arguments:
jvm_args: -Xmx64m -Xms64m -Dorg.gradle.appname=gradlew 
java_command: org.gradle.wrapper.GradleWrapperMain app:installDebug -PreactNativeDevServerPort=8081
java_class_path (initial): C:\Users\ZIDANE\houseApp\android\\gradle\wrapper\gradle-wrapper.jar
Launcher Type: SUN_STANDARD

[Global flags]
     intx CICompilerCount                          = 3                                         {product} {ergonomic}
     uint ConcGCThreads                            = 1                                         {product} {ergonomic}
     uint G1ConcRefinementThreads                  = 4                                         {product} {ergonomic}
   size_t G1HeapRegionSize                         = 1048576                                   {product} {ergonomic}
    uintx GCDrainStackTargetSize                   = 64                                        {product} {ergonomic}
   size_t InitialHeapSize                          = 67108864                                  {product} {command line}
   size_t MarkStackSize                            = 4194304                                   {product} {ergonomic}
   size_t MaxHeapSize                              = 67108864                                  {product} {command line}
   size_t MaxNewSize                               = 39845888                                  {product} {ergonomic}
   size_t MinHeapDeltaBytes                        = 1048576                                   {product} {ergonomic}
   size_t MinHeapSize                              = 67108864                                  {product} {command line}
    uintx NonNMethodCodeHeapSize                   = 5832780                                {pd product} {ergonomic}
    uintx NonProfiledCodeHeapSize                  = 122912730                              {pd product} {ergonomic}
    uintx ProfiledCodeHeapSize                     = 122912730                              {pd product} {ergonomic}
    uintx ReservedCodeCacheSize                    = 251658240                              {pd product} {ergonomic}
     bool SegmentedCodeCache                       = true                                      {product} {ergonomic}
   size_t SoftMaxHeapSize                          = 67108864                               {manageable} {ergonomic}
     bool UseCompressedClassPointers               = true                           {product lp64_product} {ergonomic}
     bool UseCompressedOops                        = true                           {product lp64_product} {ergonomic}
     bool UseG1GC                                  = true                                      {product} {ergonomic}
     bool UseLargePagesIndividualAllocation        = false                                  {pd product} {ergonomic}

Logging:
Log output configuration:
 #0: stdout all=warning uptime,level,tags
 #1: stderr all=off uptime,level,tags

Environment Variables:
JAVA_HOME=C:\Program Files\Java\jdk-17
CLASSPATH=C:\Users\ZIDANE\houseApp\android\\gradle\wrapper\gradle-wrapper.jar
PATH=C:\Users\ZIDANE\houseApp\node_modules\.bin;C:\Users\ZIDANE\houseApp\node_modules\.bin;C:\Users\ZIDANE\node_modules\.bin;C:\Users\node_modules\.bin;C:\node_modules\.bin;C:\Program Files\nodejs\node_modules\npm\node_modules\@npmcli\run-script\lib\node-gyp-bin;C:\Users\ZIDANE\houseApp\node_modules\.bin;C:\Users\ZIDANE\houseApp\node_modules\.bin;C:\Users\ZIDANE\node_modules\.bin;C:\Users\node_modules\.bin;C:\node_modules\.bin;C:\Program Files\nodejs\node_modules\npm\node_modules\@npmcli\run-script\lib\node-gyp-bin;C:\Program Files\Common Files\Oracle\Java\javapath;C:\Program Files (x86)\Common Files\Oracle\Java\java8path;C:\Program Files (x86)\Common Files\Oracle\Java\javapath;C:\Program Files\Java\jdk-17\bin;C:\WINDOWS\system32;C:\WINDOWS;C:\WINDOWS\System32\Wbem;C:\WINDOWS\System32\WindowsPowerShell\v1.0\;C:\WINDOWS\System32\OpenSSH\;C:\Program Files\nodejs\;C:\Program Files\Git\cmd;choco;C:\ProgramData\chocolatey\bin;STM32CubeProgrammer path\bin;C:\Program Files\php-8.3.6;C:\Program Files\Java\jdk-17\bin;C:\WINDOWS\system32;C:\WINDOWS;C:\WINDOWS\System32\Wbem;C:\WINDOWS\System32\WindowsPowerShell\v1.0\;C:\WINDOWS\System32\OpenSSH\;C:\Program Files\nodejs\;C:\Program Files\Git\cmd;choco;C:\ProgramData\chocolatey\bin;STM32CubeProgrammer path\bin;C:\Program Files\php-8.3.6;C:\Users\ZIDANE\AppData\Local\Android\Sdk\tools;C:\Users\ZIDANE\AppData\Local\Microsoft\WindowsApps;C:\Users\ZIDANE\AppData\Local\Programs\Microsoft VS Code\bin;C:\Users\ZIDANE\AppData\Roaming\npm;C:\Users\ZIDANE\AppData\Local\Android\Sdk\platform-tools;C:\flutter\flutter\bin;C:\Program Files\Java\jdk-17\bin;
USERNAME=ZIDANE
OS=Windows_NT
PROCESSOR_IDENTIFIER=Intel64 Family 6 Model 58 Stepping 9, GenuineIntel



---------------  S Y S T E M  ---------------

OS:
 Windows 10 , 64 bit Build 19041 (10.0.19041.3636)
OS uptime: 0 days 9:35 hours

CPU: total 4 (initial active 4) (2 cores per cpu, 2 threads per core) family 6 model 58 stepping 9 microcode 0x21, cx8, cmov, fxsr, ht, mmx, sse, sse2, sse3, ssse3, sse4.1, sse4.2, popcnt, tsc, tscinvbit, avx, aes, erms, clmul, vzeroupper, clflush

Memory: 4k page, system-wide physical 3999M (204M free)
TotalPageFile size 16287M (AvailPageFile size 8M)
current process WorkingSet (physical memory assigned to process): 38M, peak: 94M
current process commit charge ("private bytes"): 162M, peak: 164M

vm_info: Java HotSpot(TM) 64-Bit Server VM (17.0.12+8-LTS-286) for windows-amd64 JRE (17.0.12+8-LTS-286), built on Jun  5 2024 06:46:59 by "mach5one" with MS VC++ 17.6 (VS2022)

END.
