#
# There is insufficient memory for the Java Runtime Environment to continue.
# Native memory allocation (mmap) failed to map 3145728 bytes for G1 virtual space
# Possible reasons:
#   The system is out of physical RAM or swap space
#   The process is running with CompressedOops enabled, and the Java Heap may be blocking the growth of the native heap
# Possible solutions:
#   Reduce memory load on the system
#   Increase physical memory or swap space
#   Check if swap backing store is full
#   Decrease Java heap size (-Xmx/-Xms)
#   Decrease number of Java threads
#   Decrease Java thread stack sizes (-Xss)
#   Set larger code cache with -XX:ReservedCodeCacheSize=
#   JVM is running with Zero Based Compressed Oops mode in which the Java heap is
#     placed in the first 32GB address space. The Java Heap base address is the
#     maximum limit for the native heap growth. Please use -XX:HeapBaseMinAddress
#     to set the Java Heap base and to place the Java Heap above 32GB virtual address.
# This output file may be truncated or incomplete.
#
#  Out of Memory Error (os_windows.cpp:3548), pid=11360, tid=1164
#
# JRE version: Java(TM) SE Runtime Environment (17.0.12+8) (build 17.0.12+8-LTS-286)
# Java VM: Java HotSpot(TM) 64-Bit Server VM (17.0.12+8-LTS-286, mixed mode, sharing, tiered, compressed oops, compressed class ptrs, g1 gc, windows-amd64)
# No core dump will be written. Minidumps are not enabled by default on client versions of Windows
#

---------------  S U M M A R Y ------------

Command Line: --add-opens=java.base/java.util=ALL-UNNAMED --add-opens=java.base/java.lang=ALL-UNNAMED --add-opens=java.base/java.lang.invoke=ALL-UNNAMED --add-opens=java.prefs/java.util.prefs=ALL-UNNAMED --add-opens=java.base/java.nio.charset=ALL-UNNAMED --add-opens=java.base/java.net=ALL-UNNAMED --add-opens=java.base/java.util.concurrent.atomic=ALL-UNNAMED -Xmx4608m -Dfile.encoding=windows-1252 -Duser.country=FR -Duser.language=fr -Duser.variant -javaagent:C:\Users\ZIDANE\.gradle\wrapper\dists\gradle-8.8-bin\dl7vupf4psengwqhwktix4v1\gradle-8.8\lib\agents\gradle-instrumentation-agent-8.8.jar org.gradle.launcher.daemon.bootstrap.GradleDaemon 8.8

Host: Intel(R) Core(TM) i5-3320M CPU @ 2.60GHz, 4 cores, 3G,  Windows 10 , 64 bit Build 19041 (10.0.19041.3636)
Time: Sun Sep  8 10:37:13 2024 Afr. centrale Ouest elapsed time: 208.436065 seconds (0d 0h 3m 28s)

---------------  T H R E A D  ---------------

Current thread (0x000001cf9dc1ded0):  VMThread "VM Thread" [stack: 0x00000078bea00000,0x00000078beb00000] [id=1164]

Stack: [0x00000078bea00000,0x00000078beb00000]
Native frames: (J=compiled Java code, j=interpreted, Vv=VM code, C=native code)
V  [jvm.dll+0x67a04a]
V  [jvm.dll+0x7da4ed]
V  [jvm.dll+0x7dbe33]
V  [jvm.dll+0x7dc4a3]
V  [jvm.dll+0x24508f]
V  [jvm.dll+0x677089]
V  [jvm.dll+0x66bd32]
V  [jvm.dll+0x301fa6]
V  [jvm.dll+0x309546]
V  [jvm.dll+0x359d43]
V  [jvm.dll+0x359f5f]
V  [jvm.dll+0x2d9078]
V  [jvm.dll+0x2d74ad]
V  [jvm.dll+0x2d6afc]
V  [jvm.dll+0x31a65b]
V  [jvm.dll+0x7e0d9b]
V  [jvm.dll+0x7e1ad4]
V  [jvm.dll+0x7e1fed]
V  [jvm.dll+0x7e23c4]
V  [jvm.dll+0x7e2490]
V  [jvm.dll+0x78abea]
V  [jvm.dll+0x678f35]
C  [ucrtbase.dll+0x21bb2]
C  [KERNEL32.DLL+0x17344]
C  [ntdll.dll+0x526b1]

VM_Operation (0x00000078c00f9a80): G1CollectForAllocation, mode: safepoint, requested by thread 0x000001cfc15c98c0


---------------  P R O C E S S  ---------------

Threads class SMR info:
_java_thread_list=0x000001d009b97920, length=88, elements={
0x000001cf9db4d160, 0x000001cf9dc1e9c0, 0x000001cfc1375770, 0x000001cfc138c6f0,
0x000001cfc138d1d0, 0x000001cfc1390ac0, 0x000001cfc1391390, 0x000001cfc1392040,
0x000001cfc1394a10, 0x000001cfc13a2840, 0x000001cfc15ca7f0, 0x000001cfc15cbc30,
0x000001cfc15cb720, 0x000001cfc15cc140, 0x000001cfc15cad00, 0x000001cfc15ccb60,
0x000001cfc15cc650, 0x000001cfc15cd070, 0x000001cfc15c98c0, 0x000001cfc15c9dd0,
0x000001d00848e360, 0x000001d00848cf20, 0x000001d0084910f0, 0x000001d008492a40,
0x000001d008491b10, 0x000001d00848d430, 0x000001d00848ed80, 0x000001d00848d940,
0x000001d00848f290, 0x000001d0084906d0, 0x000001d00848de50, 0x000001d008492020,
0x000001d008493e80, 0x000001d0084901c0, 0x000001d008490be0, 0x000001d008493460,
0x000001d008491600, 0x000001d008492f50, 0x000001d008494390, 0x000001d0084948a0,
0x000001d00ad4b830, 0x000001d00ad48590, 0x000001d00ad494c0, 0x000001d00ad499d0,
0x000001d00ad48fb0, 0x000001d00ad4ae10, 0x000001d00ad4a900, 0x000001d00ad49ee0,
0x000001d00ad4a3f0, 0x000001d00ad48080, 0x000001d00aab68e0, 0x000001d00aab63d0,
0x000001d00aab9670, 0x000001d00aaba090, 0x000001d00aaba5a0, 0x000001d00aabb4d0,
0x000001d00aab4f90, 0x000001d00aabb9e0, 0x000001d00aab8740, 0x000001d00aab4a80,
0x000001d00aab59b0, 0x000001d00aab54a0, 0x000001d00aab5ec0, 0x000001d00aab7810,
0x000001d00aab6df0, 0x000001d00aab9b80, 0x000001d00aab7d20, 0x000001d009102c50,
0x000001d009101300, 0x000001d0090ffec0, 0x000001d009101810, 0x000001d0091003d0,
0x000001d009103160, 0x000001d009102740, 0x000001d0090ff9b0, 0x000001d0090fe060,
0x000001d009103670, 0x000001d009104fc0, 0x000001d0090ff4a0, 0x000001d0091045a0,
0x000001d009101d20, 0x000001d0090fef90, 0x000001d009103b80, 0x000001d009104090,
0x000001d0091059e0, 0x000001cfc15ca2e0, 0x000001d00aabafc0, 0x000001d00aab4570
}

Java Threads: ( => current thread )
  0x000001cf9db4d160 JavaThread "main" [_thread_blocked, id=5104, stack(0x00000078be400000,0x00000078be500000)]
  0x000001cf9dc1e9c0 JavaThread "Reference Handler" daemon [_thread_blocked, id=15828, stack(0x00000078beb00000,0x00000078bec00000)]
  0x000001cfc1375770 JavaThread "Finalizer" daemon [_thread_blocked, id=2024, stack(0x00000078bec00000,0x00000078bed00000)]
  0x000001cfc138c6f0 JavaThread "Signal Dispatcher" daemon [_thread_blocked, id=14864, stack(0x00000078bed00000,0x00000078bee00000)]
  0x000001cfc138d1d0 JavaThread "Attach Listener" daemon [_thread_blocked, id=1612, stack(0x00000078bee00000,0x00000078bef00000)]
  0x000001cfc1390ac0 JavaThread "Service Thread" daemon [_thread_blocked, id=5636, stack(0x00000078bef00000,0x00000078bf000000)]
  0x000001cfc1391390 JavaThread "Monitor Deflation Thread" daemon [_thread_blocked, id=1644, stack(0x00000078bf000000,0x00000078bf100000)]
  0x000001cfc1392040 JavaThread "C2 CompilerThread0" daemon [_thread_blocked, id=15536, stack(0x00000078bf100000,0x00000078bf200000)]
  0x000001cfc1394a10 JavaThread "C1 CompilerThread0" daemon [_thread_blocked, id=10076, stack(0x00000078bf200000,0x00000078bf300000)]
  0x000001cfc13a2840 JavaThread "Sweeper thread" daemon [_thread_blocked, id=4556, stack(0x00000078bf300000,0x00000078bf400000)]
  0x000001cfc15ca7f0 JavaThread "Common-Cleaner" daemon [_thread_blocked, id=13416, stack(0x00000078bf400000,0x00000078bf500000)]
  0x000001cfc15cbc30 JavaThread "Notification Thread" daemon [_thread_blocked, id=9684, stack(0x00000078bf500000,0x00000078bf600000)]
  0x000001cfc15cb720 JavaThread "Daemon health stats" [_thread_blocked, id=7660, stack(0x00000078bfa00000,0x00000078bfb00000)]
  0x000001cfc15cc140 JavaThread "Incoming local TCP Connector on port 64192" [_thread_in_native, id=14680, stack(0x00000078bfb00000,0x00000078bfc00000)]
  0x000001cfc15cad00 JavaThread "Daemon periodic checks" [_thread_blocked, id=9124, stack(0x00000078bfc00000,0x00000078bfd00000)]
  0x000001cfc15ccb60 JavaThread "Daemon" [_thread_blocked, id=14196, stack(0x00000078bfd00000,0x00000078bfe00000)]
  0x000001cfc15cc650 JavaThread "Handler for socket connection from /127.0.0.1:64192 to /127.0.0.1:64193" [_thread_in_native, id=2204, stack(0x00000078bfe00000,0x00000078bff00000)]
  0x000001cfc15cd070 JavaThread "Cancel handler" [_thread_blocked, id=13452, stack(0x00000078bff00000,0x00000078c0000000)]
  0x000001cfc15c98c0 JavaThread "Daemon worker" [_thread_blocked, id=6112, stack(0x00000078c0000000,0x00000078c0100000)]
  0x000001cfc15c9dd0 JavaThread "Asynchronous log dispatcher for DefaultDaemonConnection: socket connection from /127.0.0.1:64192 to /127.0.0.1:64193" [_thread_blocked, id=11072, stack(0x00000078c0100000,0x00000078c0200000)]
  0x000001d00848e360 JavaThread "Daemon client event forwarder" [_thread_blocked, id=2940, stack(0x00000078c0300000,0x00000078c0400000)]
  0x000001d00848cf20 JavaThread "Cache worker for journal cache (C:\Users\ZIDANE\.gradle\caches\journal-1)" [_thread_blocked, id=1140, stack(0x00000078c0400000,0x00000078c0500000)]
  0x000001d0084910f0 JavaThread "File lock request listener" [_thread_in_native, id=3124, stack(0x00000078c0500000,0x00000078c0600000)]
  0x000001d008492a40 JavaThread "Cache worker for file hash cache (C:\Users\ZIDANE\.gradle\caches\8.8\fileHashes)" [_thread_blocked, id=15464, stack(0x00000078c0600000,0x00000078c0700000)]
  0x000001d008491b10 JavaThread "Cache worker for file hash cache (C:\Users\ZIDANE\houseApp\android\.gradle\8.8\fileHashes)" [_thread_blocked, id=15768, stack(0x00000078c0700000,0x00000078c0800000)]
  0x000001d00848d430 JavaThread "File watcher server" daemon [_thread_blocked, id=2148, stack(0x00000078c0800000,0x00000078c0900000)]
  0x000001d00848ed80 JavaThread "File watcher consumer" daemon [_thread_blocked, id=3992, stack(0x00000078c0900000,0x00000078c0a00000)]
  0x000001d00848d940 JavaThread "Cache worker for checksums cache (C:\Users\ZIDANE\houseApp\android\.gradle\8.8\checksums)" [_thread_blocked, id=4056, stack(0x00000078c0a00000,0x00000078c0b00000)]
  0x000001d00848f290 JavaThread "Cache worker for file content cache (C:\Users\ZIDANE\.gradle\caches\8.8\fileContent)" [_thread_blocked, id=7988, stack(0x00000078c0b00000,0x00000078c0c00000)]
  0x000001d0084906d0 JavaThread "Cache worker for cache directory md-rule (C:\Users\ZIDANE\.gradle\caches\8.8\md-rule)" [_thread_blocked, id=15864, stack(0x00000078c0c00000,0x00000078c0d00000)]
  0x000001d00848de50 JavaThread "Cache worker for cache directory md-supplier (C:\Users\ZIDANE\.gradle\caches\8.8\md-supplier)" [_thread_blocked, id=15900, stack(0x00000078c0d00000,0x00000078c0e00000)]
  0x000001d008492020 JavaThread "jar transforms" [_thread_blocked, id=3884, stack(0x00000078c0e00000,0x00000078c0f00000)]
  0x000001d008493e80 JavaThread "Unconstrained build operations" [_thread_blocked, id=8252, stack(0x00000078c0f00000,0x00000078c1000000)]
  0x000001d0084901c0 JavaThread "Unconstrained build operations Thread 2" [_thread_blocked, id=16160, stack(0x00000078c1000000,0x00000078c1100000)]
  0x000001d008490be0 JavaThread "Unconstrained build operations Thread 3" [_thread_blocked, id=6048, stack(0x00000078c1100000,0x00000078c1200000)]
  0x000001d008493460 JavaThread "Unconstrained build operations Thread 4" [_thread_blocked, id=5616, stack(0x00000078c1200000,0x00000078c1300000)]
  0x000001d008491600 JavaThread "Unconstrained build operations Thread 5" [_thread_blocked, id=15172, stack(0x00000078c1300000,0x00000078c1400000)]
  0x000001d008492f50 JavaThread "Unconstrained build operations Thread 6" [_thread_blocked, id=12592, stack(0x00000078c1400000,0x00000078c1500000)]
  0x000001d008494390 JavaThread "Cache worker for Build Output Cleanup Cache (C:\Users\ZIDANE\houseApp\node_modules\@react-native\gradle-plugin\.gradle\buildOutputCleanup)" [_thread_blocked, id=16080, stack(0x00000078c1500000,0x00000078c1600000)]
  0x000001d0084948a0 JavaThread "Unconstrained build operations Thread 7" [_thread_blocked, id=16104, stack(0x00000078c1600000,0x00000078c1700000)]
  0x000001d00ad4b830 JavaThread "Unconstrained build operations Thread 8" [_thread_blocked, id=8504, stack(0x00000078c1700000,0x00000078c1800000)]
  0x000001d00ad48590 JavaThread "Unconstrained build operations Thread 9" [_thread_blocked, id=15416, stack(0x00000078c1800000,0x00000078c1900000)]
  0x000001d00ad494c0 JavaThread "Unconstrained build operations Thread 10" [_thread_blocked, id=16164, stack(0x00000078c1900000,0x00000078c1a00000)]
  0x000001d00ad499d0 JavaThread "Unconstrained build operations Thread 11" [_thread_blocked, id=792, stack(0x00000078c1a00000,0x00000078c1b00000)]
  0x000001d00ad48fb0 JavaThread "Unconstrained build operations Thread 12" [_thread_blocked, id=15176, stack(0x00000078c1b00000,0x00000078c1c00000)]
  0x000001d00ad4ae10 JavaThread "Unconstrained build operations Thread 13" [_thread_blocked, id=9024, stack(0x00000078c1c00000,0x00000078c1d00000)]
  0x000001d00ad4a900 JavaThread "Unconstrained build operations Thread 14" [_thread_blocked, id=2704, stack(0x00000078c1d00000,0x00000078c1e00000)]
  0x000001d00ad49ee0 JavaThread "Unconstrained build operations Thread 15" [_thread_blocked, id=2416, stack(0x00000078c1e00000,0x00000078c1f00000)]
  0x000001d00ad4a3f0 JavaThread "Memory manager" [_thread_blocked, id=8396, stack(0x00000078c1f00000,0x00000078c2000000)]
  0x000001d00ad48080 JavaThread "build event listener" [_thread_blocked, id=9516, stack(0x00000078c2000000,0x00000078c2100000)]
  0x000001d00aab68e0 JavaThread "ForkJoinPool.commonPool-worker-3" daemon [_thread_blocked, id=11820, stack(0x00000078c2300000,0x00000078c2400000)]
  0x000001d00aab63d0 JavaThread "Execution worker" [_thread_blocked, id=1844, stack(0x00000078c2800000,0x00000078c2900000)]
  0x000001d00aab9670 JavaThread "Execution worker Thread 2" [_thread_blocked, id=13192, stack(0x00000078c2900000,0x00000078c2a00000)]
  0x000001d00aaba090 JavaThread "Execution worker Thread 3" [_thread_blocked, id=14716, stack(0x00000078c2a00000,0x00000078c2b00000)]
  0x000001d00aaba5a0 JavaThread "Cache worker for execution history cache (C:\Users\ZIDANE\houseApp\node_modules\@react-native\gradle-plugin\.gradle\8.8\executionHistory)" [_thread_blocked, id=14580, stack(0x00000078c2b00000,0x00000078c2c00000)]
  0x000001d00aabb4d0 JavaThread "Unconstrained build operations Thread 16" [_thread_blocked, id=1856, stack(0x00000078c2c00000,0x00000078c2d00000)]
  0x000001d00aab4f90 JavaThread "Unconstrained build operations Thread 17" [_thread_blocked, id=7356, stack(0x00000078c2d00000,0x00000078c2e00000)]
  0x000001d00aabb9e0 JavaThread "Unconstrained build operations Thread 18" [_thread_blocked, id=3280, stack(0x00000078c2e00000,0x00000078c2f00000)]
  0x000001d00aab8740 JavaThread "Unconstrained build operations Thread 19" [_thread_blocked, id=3460, stack(0x00000078c2f00000,0x00000078c3000000)]
  0x000001d00aab4a80 JavaThread "Unconstrained build operations Thread 20" [_thread_blocked, id=6720, stack(0x00000078c3000000,0x00000078c3100000)]
  0x000001d00aab59b0 JavaThread "Unconstrained build operations Thread 21" [_thread_blocked, id=9292, stack(0x00000078c3100000,0x00000078c3200000)]
  0x000001d00aab54a0 JavaThread "Unconstrained build operations Thread 22" [_thread_blocked, id=8764, stack(0x00000078c3200000,0x00000078c3300000)]
  0x000001d00aab5ec0 JavaThread "Unconstrained build operations Thread 23" [_thread_blocked, id=11772, stack(0x00000078c3300000,0x00000078c3400000)]
  0x000001d00aab7810 JavaThread "Unconstrained build operations Thread 24" [_thread_blocked, id=10228, stack(0x00000078c3400000,0x00000078c3500000)]
  0x000001d00aab6df0 JavaThread "Unconstrained build operations Thread 25" [_thread_blocked, id=6940, stack(0x00000078c3500000,0x00000078c3600000)]
  0x000001d00aab9b80 JavaThread "Unconstrained build operations Thread 26" [_thread_blocked, id=11232, stack(0x00000078c3600000,0x00000078c3700000)]
  0x000001d00aab7d20 JavaThread "Unconstrained build operations Thread 27" [_thread_blocked, id=7104, stack(0x00000078c3700000,0x00000078c3800000)]
  0x000001d009102c50 JavaThread "Unconstrained build operations Thread 28" [_thread_blocked, id=8960, stack(0x00000078c3800000,0x00000078c3900000)]
  0x000001d009101300 JavaThread "Unconstrained build operations Thread 29" [_thread_blocked, id=5404, stack(0x00000078c3900000,0x00000078c3a00000)]
  0x000001d0090ffec0 JavaThread "Unconstrained build operations Thread 30" [_thread_blocked, id=9692, stack(0x00000078c3a00000,0x00000078c3b00000)]
  0x000001d009101810 JavaThread "Unconstrained build operations Thread 31" [_thread_blocked, id=9032, stack(0x00000078c3b00000,0x00000078c3c00000)]
  0x000001d0091003d0 JavaThread "Unconstrained build operations Thread 32" [_thread_blocked, id=1680, stack(0x00000078c3c00000,0x00000078c3d00000)]
  0x000001d009103160 JavaThread "Unconstrained build operations Thread 33" [_thread_blocked, id=6628, stack(0x00000078c3d00000,0x00000078c3e00000)]
  0x000001d009102740 JavaThread "Unconstrained build operations Thread 34" [_thread_blocked, id=15304, stack(0x00000078c3e00000,0x00000078c3f00000)]
  0x000001d0090ff9b0 JavaThread "Unconstrained build operations Thread 35" [_thread_blocked, id=10196, stack(0x00000078c3f00000,0x00000078c4000000)]
  0x000001d0090fe060 JavaThread "Unconstrained build operations Thread 36" [_thread_blocked, id=4256, stack(0x00000078c4000000,0x00000078c4100000)]
  0x000001d009103670 JavaThread "jar transforms Thread 2" [_thread_blocked, id=12716, stack(0x00000078c4300000,0x00000078c4400000)]
  0x000001d009104fc0 JavaThread "Cache worker for Build Output Cleanup Cache (C:\Users\ZIDANE\houseApp\android\.gradle\buildOutputCleanup)" [_thread_blocked, id=11136, stack(0x00000078be200000,0x00000078be300000)]
  0x000001d0090ff4a0 JavaThread "jar transforms Thread 3" [_thread_blocked, id=6452, stack(0x00000078be300000,0x00000078be400000)]
  0x000001d0091045a0 JavaThread "Unconstrained build operations Thread 37" [_thread_blocked, id=2496, stack(0x00000078c4400000,0x00000078c4500000)]
  0x000001d009101d20 JavaThread "Unconstrained build operations Thread 38" [_thread_blocked, id=1936, stack(0x00000078c4500000,0x00000078c4600000)]
  0x000001d0090fef90 JavaThread "Unconstrained build operations Thread 39" [_thread_blocked, id=16020, stack(0x00000078c4600000,0x00000078c4700000)]
  0x000001d009103b80 JavaThread "Unconstrained build operations Thread 40" [_thread_blocked, id=11060, stack(0x00000078c4700000,0x00000078c4800000)]
  0x000001d009104090 JavaThread "jar transforms Thread 4" [_thread_blocked, id=2748, stack(0x00000078be100000,0x00000078be200000)]
  0x000001d0091059e0 JavaThread "build event listener" [_thread_blocked, id=8780, stack(0x00000078c4900000,0x00000078c4a00000)]
  0x000001cfc15ca2e0 JavaThread "File lock release action executor" [_thread_blocked, id=9396, stack(0x00000078c0200000,0x00000078c0300000)]
  0x000001d00aabafc0 JavaThread "ForkJoinPool.commonPool-worker-4" daemon [_thread_blocked, id=8456, stack(0x00000078c2100000,0x00000078c2200000)]
  0x000001d00aab4570 JavaThread "ForkJoinPool.commonPool-worker-5" daemon [_thread_blocked, id=8824, stack(0x00000078c2200000,0x00000078c2300000)]

Other Threads:
=>0x000001cf9dc1ded0 VMThread "VM Thread" [stack: 0x00000078bea00000,0x00000078beb00000] [id=1164]
  0x000001cf9db4f040 WatcherThread [stack: 0x00000078bf600000,0x00000078bf700000] [id=13332]
  0x000001cf9dbbb750 GCTaskThread "GC Thread#0" [stack: 0x00000078be500000,0x00000078be600000] [id=12696]
  0x000001cfc1774850 GCTaskThread "GC Thread#1" [stack: 0x00000078bf700000,0x00000078bf800000] [id=5040]
  0x000001cfc170bed0 GCTaskThread "GC Thread#2" [stack: 0x00000078bf800000,0x00000078bf900000] [id=4392]
  0x000001d0079b8c40 GCTaskThread "GC Thread#3" [stack: 0x00000078bf900000,0x00000078bfa00000] [id=4800]
  0x000001cf9dbc55b0 ConcurrentGCThread "G1 Main Marker" [stack: 0x00000078be600000,0x00000078be700000] [id=5476]
  0x000001cf9dbc5ed0 ConcurrentGCThread "G1 Conc#0" [stack: 0x00000078be700000,0x00000078be800000] [id=6116]
  0x000001cf9dbf7500 ConcurrentGCThread "G1 Refine#0" [stack: 0x00000078be800000,0x00000078be900000] [id=7176]
  0x000001cf9dbf7e40 ConcurrentGCThread "G1 Service" [stack: 0x00000078be900000,0x00000078bea00000] [id=4124]

Threads with active compile tasks:
C2 CompilerThread0   208536 17208       4       org.gradle.api.internal.artifacts.transform.ConsumerProvidedVariantFinder$$Lambda$875/0x000001cfc35d2068::isSatisfiedBy (16 bytes)

VM state: at safepoint (normal execution)

VM Mutex/Monitor currently owned by a thread:  ([mutex/lock_event])
[0x000001cf9db48460] Threads_lock - owner thread: 0x000001cf9dc1ded0
[0x000001cf9db47140] Heap_lock - owner thread: 0x000001cfc15c98c0

Heap address: 0x00000006e0000000, size: 4608 MB, Compressed Oops mode: Zero based, Oop shift amount: 3

CDS archive(s) mapped at: [0x000001cfc2000000-0x000001cfc2bd0000-0x000001cfc2bd0000), size 12386304, SharedBaseAddress: 0x000001cfc2000000, ArchiveRelocationMode: 1.
Compressed class space mapped at: 0x000001cfc3000000-0x000001d003000000, reserved size: 1073741824
Narrow klass base: 0x000001cfc2000000, Narrow klass shift: 0, Narrow klass range: 0x100000000

GC Precious Log:
 CPUs: 4 total, 4 available
 Memory: 3999M
 Large Page Support: Disabled
 NUMA Support: Disabled
 Compressed Oops: Enabled (Zero based)
 Heap Region Size: 4M
 Heap Min Capacity: 8M
 Heap Initial Capacity: 64M
 Heap Max Capacity: 4608M
 Pre-touch: Disabled
 Parallel Workers: 4
 Concurrent Workers: 1
 Concurrent Refinement Workers: 4
 Periodic GC: Disabled

Heap:
 garbage-first heap   total 536576K, used 223030K [0x00000006e0000000, 0x0000000800000000)
  region size 4096K, 2 young (8192K), 2 survivors (8192K)
 Metaspace       used 110678K, committed 111936K, reserved 1179648K
  class space    used 15464K, committed 16064K, reserved 1048576K

Heap Regions: E=young(eden), S=young(survivor), O=old, HS=humongous(starts), HC=humongous(continues), CS=collection set, F=free, OA=open archive, CA=closed archive, TAMS=top-at-mark-start (previous, next)
|   0|0x00000006e0000000, 0x00000006e0400000, 0x00000006e0400000|100%|HS|  |TAMS 0x00000006e0400000, 0x00000006e0000000| Complete 
|   1|0x00000006e0400000, 0x00000006e0800000, 0x00000006e0800000|100%| O|  |TAMS 0x00000006e0800000, 0x00000006e0400000| Untracked 
|   2|0x00000006e0800000, 0x00000006e0c00000, 0x00000006e0c00000|100%| O|  |TAMS 0x00000006e0c00000, 0x00000006e0800000| Untracked 
|   3|0x00000006e0c00000, 0x00000006e1000000, 0x00000006e1000000|100%| O|  |TAMS 0x00000006e1000000, 0x00000006e0c00000| Untracked 
|   4|0x00000006e1000000, 0x00000006e1400000, 0x00000006e1400000|100%| O|  |TAMS 0x00000006e1400000, 0x00000006e1000000| Untracked 
|   5|0x00000006e1400000, 0x00000006e1800000, 0x00000006e1800000|100%|HS|  |TAMS 0x00000006e1800000, 0x00000006e1400000| Complete 
|   6|0x00000006e1800000, 0x00000006e1c00000, 0x00000006e1c00000|100%| O|  |TAMS 0x00000006e1c00000, 0x00000006e1800000| Untracked 
|   7|0x00000006e1c00000, 0x00000006e2000000, 0x00000006e2000000|100%| O|  |TAMS 0x00000006e2000000, 0x00000006e1c00000| Untracked 
|   8|0x00000006e2000000, 0x00000006e2400000, 0x00000006e2400000|100%| O|  |TAMS 0x00000006e2400000, 0x00000006e2000000| Untracked 
|   9|0x00000006e2400000, 0x00000006e2800000, 0x00000006e2800000|100%| O|  |TAMS 0x00000006e2800000, 0x00000006e2400000| Untracked 
|  10|0x00000006e2800000, 0x00000006e2c00000, 0x00000006e2c00000|100%| O|  |TAMS 0x00000006e2c00000, 0x00000006e2800000| Untracked 
|  11|0x00000006e2c00000, 0x00000006e3000000, 0x00000006e3000000|100%| O|  |TAMS 0x00000006e2c00000, 0x00000006e2c00000| Untracked 
|  12|0x00000006e3000000, 0x00000006e3400000, 0x00000006e3400000|100%|HS|  |TAMS 0x00000006e3400000, 0x00000006e3000000| Complete 
|  13|0x00000006e3400000, 0x00000006e3800000, 0x00000006e3800000|100%| O|  |TAMS 0x00000006e3800000, 0x00000006e3400000| Untracked 
|  14|0x00000006e3800000, 0x00000006e3c00000, 0x00000006e3c00000|100%| O|  |TAMS 0x00000006e3c00000, 0x00000006e3800000| Untracked 
|  15|0x00000006e3c00000, 0x00000006e4000000, 0x00000006e4000000|100%| O|  |TAMS 0x00000006e4000000, 0x00000006e3c00000| Untracked 
|  16|0x00000006e4000000, 0x00000006e4400000, 0x00000006e4400000|100%| O|  |TAMS 0x00000006e4400000, 0x00000006e4000000| Untracked 
|  17|0x00000006e4400000, 0x00000006e4800000, 0x00000006e4800000|100%| O|  |TAMS 0x00000006e4800000, 0x00000006e4400000| Untracked 
|  18|0x00000006e4800000, 0x00000006e4c00000, 0x00000006e4c00000|100%| O|  |TAMS 0x00000006e4c00000, 0x00000006e4800000| Untracked 
|  19|0x00000006e4c00000, 0x00000006e5000000, 0x00000006e5000000|100%| O|  |TAMS 0x00000006e5000000, 0x00000006e4c00000| Untracked 
|  20|0x00000006e5000000, 0x00000006e5400000, 0x00000006e5400000|100%| O|  |TAMS 0x00000006e5400000, 0x00000006e5000000| Untracked 
|  21|0x00000006e5400000, 0x00000006e5800000, 0x00000006e5800000|100%| O|  |TAMS 0x00000006e5800000, 0x00000006e5400000| Untracked 
|  22|0x00000006e5800000, 0x00000006e5c00000, 0x00000006e5c00000|100%| O|  |TAMS 0x00000006e5c00000, 0x00000006e5800000| Untracked 
|  23|0x00000006e5c00000, 0x00000006e6000000, 0x00000006e6000000|100%| O|  |TAMS 0x00000006e6000000, 0x00000006e5c00000| Untracked 
|  24|0x00000006e6000000, 0x00000006e6400000, 0x00000006e6400000|100%| O|  |TAMS 0x00000006e6400000, 0x00000006e6000000| Untracked 
|  25|0x00000006e6400000, 0x00000006e6800000, 0x00000006e6800000|100%| O|  |TAMS 0x00000006e6800000, 0x00000006e6400000| Untracked 
|  26|0x00000006e6800000, 0x00000006e6c00000, 0x00000006e6c00000|100%| O|  |TAMS 0x00000006e6af5200, 0x00000006e6800000| Untracked 
|  27|0x00000006e6c00000, 0x00000006e7000000, 0x00000006e7000000|100%| O|  |TAMS 0x00000006e6c00000, 0x00000006e6c00000| Untracked 
|  28|0x00000006e7000000, 0x00000006e7400000, 0x00000006e7400000|100%| O|  |TAMS 0x00000006e7000000, 0x00000006e7000000| Untracked 
|  29|0x00000006e7400000, 0x00000006e7800000, 0x00000006e7800000|100%| O|  |TAMS 0x00000006e7400000, 0x00000006e7400000| Untracked 
|  30|0x00000006e7800000, 0x00000006e7c00000, 0x00000006e7c00000|100%| O|  |TAMS 0x00000006e7800000, 0x00000006e7800000| Untracked 
|  31|0x00000006e7c00000, 0x00000006e8000000, 0x00000006e8000000|100%| O|  |TAMS 0x00000006e7c00000, 0x00000006e7c00000| Untracked 
|  32|0x00000006e8000000, 0x00000006e8400000, 0x00000006e8400000|100%| O|  |TAMS 0x00000006e8000000, 0x00000006e8000000| Untracked 
|  33|0x00000006e8400000, 0x00000006e8800000, 0x00000006e8800000|100%| O|  |TAMS 0x00000006e8400000, 0x00000006e8400000| Untracked 
|  34|0x00000006e8800000, 0x00000006e8c00000, 0x00000006e8c00000|100%| O|  |TAMS 0x00000006e8800000, 0x00000006e8800000| Untracked 
|  35|0x00000006e8c00000, 0x00000006e9000000, 0x00000006e9000000|100%| O|  |TAMS 0x00000006e8c00000, 0x00000006e8c00000| Untracked 
|  36|0x00000006e9000000, 0x00000006e9400000, 0x00000006e9400000|100%| O|  |TAMS 0x00000006e9000000, 0x00000006e9000000| Untracked 
|  37|0x00000006e9400000, 0x00000006e9800000, 0x00000006e9800000|100%| O|  |TAMS 0x00000006e9400000, 0x00000006e9400000| Untracked 
|  38|0x00000006e9800000, 0x00000006e9c00000, 0x00000006e9c00000|100%| O|  |TAMS 0x00000006e9800000, 0x00000006e9800000| Untracked 
|  39|0x00000006e9c00000, 0x00000006ea000000, 0x00000006ea000000|100%| O|  |TAMS 0x00000006e9c00000, 0x00000006e9c00000| Untracked 
|  40|0x00000006ea000000, 0x00000006ea400000, 0x00000006ea400000|100%| O|  |TAMS 0x00000006ea000000, 0x00000006ea000000| Untracked 
|  41|0x00000006ea400000, 0x00000006ea800000, 0x00000006ea800000|100%| O|  |TAMS 0x00000006ea400000, 0x00000006ea400000| Untracked 
|  42|0x00000006ea800000, 0x00000006eac00000, 0x00000006eac00000|100%| O|  |TAMS 0x00000006ea800000, 0x00000006ea800000| Untracked 
|  43|0x00000006eac00000, 0x00000006eb000000, 0x00000006eb000000|100%| O|  |TAMS 0x00000006eac00000, 0x00000006eac00000| Untracked 
|  44|0x00000006eb000000, 0x00000006eb400000, 0x00000006eb400000|100%| O|  |TAMS 0x00000006eb000000, 0x00000006eb000000| Untracked 
|  45|0x00000006eb400000, 0x00000006eb800000, 0x00000006eb800000|100%| O|  |TAMS 0x00000006eb400000, 0x00000006eb400000| Untracked 
|  46|0x00000006eb800000, 0x00000006ebc00000, 0x00000006ebc00000|100%| O|  |TAMS 0x00000006eb800000, 0x00000006eb800000| Untracked 
|  47|0x00000006ebc00000, 0x00000006ec000000, 0x00000006ec000000|100%| O|  |TAMS 0x00000006ebc00000, 0x00000006ebc00000| Untracked 
|  48|0x00000006ec000000, 0x00000006ec400000, 0x00000006ec400000|100%| O|  |TAMS 0x00000006ec000000, 0x00000006ec000000| Untracked 
|  49|0x00000006ec400000, 0x00000006ec800000, 0x00000006ec800000|100%| O|  |TAMS 0x00000006ec400000, 0x00000006ec400000| Untracked 
|  50|0x00000006ec800000, 0x00000006ecc00000, 0x00000006ecc00000|100%| O|  |TAMS 0x00000006ec800000, 0x00000006ec800000| Untracked 
|  51|0x00000006ecc00000, 0x00000006ed000000, 0x00000006ed000000|100%| O|  |TAMS 0x00000006ecc00000, 0x00000006ecc00000| Untracked 
|  52|0x00000006ed000000, 0x00000006ed303200, 0x00000006ed400000| 75%| O|  |TAMS 0x00000006ed000000, 0x00000006ed000000| Untracked 
|  53|0x00000006ed400000, 0x00000006ed400000, 0x00000006ed800000|  0%| F|  |TAMS 0x00000006ed400000, 0x00000006ed400000| Untracked 
|  54|0x00000006ed800000, 0x00000006ed800000, 0x00000006edc00000|  0%| F|  |TAMS 0x00000006ed800000, 0x00000006ed800000| Untracked 
|  55|0x00000006edc00000, 0x00000006edc00000, 0x00000006ee000000|  0%| F|  |TAMS 0x00000006edc00000, 0x00000006edc00000| Untracked 
|  56|0x00000006ee000000, 0x00000006ee000000, 0x00000006ee400000|  0%| F|  |TAMS 0x00000006ee000000, 0x00000006ee000000| Untracked 
|  57|0x00000006ee400000, 0x00000006ee400000, 0x00000006ee800000|  0%| F|  |TAMS 0x00000006ee400000, 0x00000006ee400000| Untracked 
|  58|0x00000006ee800000, 0x00000006ee800000, 0x00000006eec00000|  0%| F|  |TAMS 0x00000006ee800000, 0x00000006ee800000| Untracked 
|  59|0x00000006eec00000, 0x00000006eec00000, 0x00000006ef000000|  0%| F|  |TAMS 0x00000006eec00000, 0x00000006eec00000| Untracked 
|  60|0x00000006ef000000, 0x00000006ef000000, 0x00000006ef400000|  0%| F|  |TAMS 0x00000006ef000000, 0x00000006ef000000| Untracked 
|  61|0x00000006ef400000, 0x00000006ef400000, 0x00000006ef800000|  0%| F|  |TAMS 0x00000006ef400000, 0x00000006ef400000| Untracked 
|  62|0x00000006ef800000, 0x00000006ef800000, 0x00000006efc00000|  0%| F|  |TAMS 0x00000006ef800000, 0x00000006ef800000| Untracked 
|  63|0x00000006efc00000, 0x00000006efc00000, 0x00000006f0000000|  0%| F|  |TAMS 0x00000006efc00000, 0x00000006efc00000| Untracked 
|  64|0x00000006f0000000, 0x00000006f0000000, 0x00000006f0400000|  0%| F|  |TAMS 0x00000006f0000000, 0x00000006f0000000| Untracked 
|  65|0x00000006f0400000, 0x00000006f0400000, 0x00000006f0800000|  0%| F|  |TAMS 0x00000006f0400000, 0x00000006f0400000| Untracked 
|  66|0x00000006f0800000, 0x00000006f0800000, 0x00000006f0c00000|  0%| F|  |TAMS 0x00000006f0800000, 0x00000006f0800000| Untracked 
|  67|0x00000006f0c00000, 0x00000006f0c00000, 0x00000006f1000000|  0%| F|  |TAMS 0x00000006f0c00000, 0x00000006f0c00000| Untracked 
|  68|0x00000006f1000000, 0x00000006f1000000, 0x00000006f1400000|  0%| F|  |TAMS 0x00000006f1000000, 0x00000006f1000000| Untracked 
|  69|0x00000006f1400000, 0x00000006f1400000, 0x00000006f1800000|  0%| F|  |TAMS 0x00000006f1400000, 0x00000006f1400000| Untracked 
|  70|0x00000006f1800000, 0x00000006f1800000, 0x00000006f1c00000|  0%| F|  |TAMS 0x00000006f1800000, 0x00000006f1800000| Untracked 
|  71|0x00000006f1c00000, 0x00000006f1c00000, 0x00000006f2000000|  0%| F|  |TAMS 0x00000006f1c00000, 0x00000006f1c00000| Untracked 
|  72|0x00000006f2000000, 0x00000006f2000000, 0x00000006f2400000|  0%| F|  |TAMS 0x00000006f2000000, 0x00000006f2000000| Untracked 
|  73|0x00000006f2400000, 0x00000006f2400000, 0x00000006f2800000|  0%| F|  |TAMS 0x00000006f2400000, 0x00000006f2400000| Untracked 
|  74|0x00000006f2800000, 0x00000006f2800000, 0x00000006f2c00000|  0%| F|  |TAMS 0x00000006f2800000, 0x00000006f2800000| Untracked 
|  75|0x00000006f2c00000, 0x00000006f2c00000, 0x00000006f3000000|  0%| F|  |TAMS 0x00000006f2c00000, 0x00000006f2c00000| Untracked 
|  76|0x00000006f3000000, 0x00000006f3000000, 0x00000006f3400000|  0%| F|  |TAMS 0x00000006f3000000, 0x00000006f3000000| Untracked 
|  77|0x00000006f3400000, 0x00000006f3400000, 0x00000006f3800000|  0%| F|  |TAMS 0x00000006f3400000, 0x00000006f3400000| Untracked 
|  78|0x00000006f3800000, 0x00000006f3800000, 0x00000006f3c00000|  0%| F|  |TAMS 0x00000006f3800000, 0x00000006f3800000| Untracked 
|  79|0x00000006f3c00000, 0x00000006f3c00000, 0x00000006f4000000|  0%| F|  |TAMS 0x00000006f3c00000, 0x00000006f3c00000| Untracked 
|  80|0x00000006f4000000, 0x00000006f4000000, 0x00000006f4400000|  0%| F|  |TAMS 0x00000006f4000000, 0x00000006f4000000| Untracked 
|  81|0x00000006f4400000, 0x00000006f4400000, 0x00000006f4800000|  0%| F|  |TAMS 0x00000006f4400000, 0x00000006f4400000| Untracked 
|  82|0x00000006f4800000, 0x00000006f4800000, 0x00000006f4c00000|  0%| F|  |TAMS 0x00000006f4800000, 0x00000006f4800000| Untracked 
|  83|0x00000006f4c00000, 0x00000006f4c00000, 0x00000006f5000000|  0%| F|  |TAMS 0x00000006f4c00000, 0x00000006f4c00000| Untracked 
|  84|0x00000006f5000000, 0x00000006f5000000, 0x00000006f5400000|  0%| F|  |TAMS 0x00000006f5000000, 0x00000006f5000000| Untracked 
|  85|0x00000006f5400000, 0x00000006f5400000, 0x00000006f5800000|  0%| F|  |TAMS 0x00000006f5400000, 0x00000006f5400000| Untracked 
|  86|0x00000006f5800000, 0x00000006f5800000, 0x00000006f5c00000|  0%| F|  |TAMS 0x00000006f5800000, 0x00000006f5800000| Untracked 
|  87|0x00000006f5c00000, 0x00000006f5c00000, 0x00000006f6000000|  0%| F|  |TAMS 0x00000006f5c00000, 0x00000006f5c00000| Untracked 
|  88|0x00000006f6000000, 0x00000006f6000000, 0x00000006f6400000|  0%| F|  |TAMS 0x00000006f6000000, 0x00000006f6000000| Untracked 
|  89|0x00000006f6400000, 0x00000006f6400000, 0x00000006f6800000|  0%| F|  |TAMS 0x00000006f6400000, 0x00000006f6400000| Untracked 
|  90|0x00000006f6800000, 0x00000006f6800000, 0x00000006f6c00000|  0%| F|  |TAMS 0x00000006f6800000, 0x00000006f6800000| Untracked 
|  91|0x00000006f6c00000, 0x00000006f6c00000, 0x00000006f7000000|  0%| F|  |TAMS 0x00000006f6c00000, 0x00000006f6c00000| Untracked 
|  92|0x00000006f7000000, 0x00000006f7000000, 0x00000006f7400000|  0%| F|  |TAMS 0x00000006f7000000, 0x00000006f7000000| Untracked 
|  93|0x00000006f7400000, 0x00000006f7400000, 0x00000006f7800000|  0%| F|  |TAMS 0x00000006f7400000, 0x00000006f7400000| Untracked 
|  94|0x00000006f7800000, 0x00000006f7800000, 0x00000006f7c00000|  0%| F|  |TAMS 0x00000006f7800000, 0x00000006f7800000| Untracked 
|  95|0x00000006f7c00000, 0x00000006f7c00000, 0x00000006f8000000|  0%| F|  |TAMS 0x00000006f7c00000, 0x00000006f7c00000| Untracked 
|  96|0x00000006f8000000, 0x00000006f8000000, 0x00000006f8400000|  0%| F|  |TAMS 0x00000006f8000000, 0x00000006f8000000| Untracked 
|  97|0x00000006f8400000, 0x00000006f8400000, 0x00000006f8800000|  0%| F|  |TAMS 0x00000006f8400000, 0x00000006f8400000| Untracked 
|  98|0x00000006f8800000, 0x00000006f8800000, 0x00000006f8c00000|  0%| F|  |TAMS 0x00000006f8800000, 0x00000006f8800000| Untracked 
|  99|0x00000006f8c00000, 0x00000006f8c00000, 0x00000006f9000000|  0%| F|  |TAMS 0x00000006f8c00000, 0x00000006f8c00000| Untracked 
| 100|0x00000006f9000000, 0x00000006f9000000, 0x00000006f9400000|  0%| F|  |TAMS 0x00000006f9000000, 0x00000006f9000000| Untracked 
| 101|0x00000006f9400000, 0x00000006f9400000, 0x00000006f9800000|  0%| F|  |TAMS 0x00000006f9400000, 0x00000006f9400000| Untracked 
| 102|0x00000006f9800000, 0x00000006f9800000, 0x00000006f9c00000|  0%| F|  |TAMS 0x00000006f9800000, 0x00000006f9800000| Untracked 
| 103|0x00000006f9c00000, 0x00000006f9c00000, 0x00000006fa000000|  0%| F|  |TAMS 0x00000006f9c00000, 0x00000006f9c00000| Untracked 
| 104|0x00000006fa000000, 0x00000006fa000000, 0x00000006fa400000|  0%| F|  |TAMS 0x00000006fa000000, 0x00000006fa000000| Untracked 
| 105|0x00000006fa400000, 0x00000006fa400000, 0x00000006fa800000|  0%| F|  |TAMS 0x00000006fa400000, 0x00000006fa400000| Untracked 
| 106|0x00000006fa800000, 0x00000006fa800000, 0x00000006fac00000|  0%| F|  |TAMS 0x00000006fa800000, 0x00000006fa800000| Untracked 
| 107|0x00000006fac00000, 0x00000006fac00000, 0x00000006fb000000|  0%| F|  |TAMS 0x00000006fac00000, 0x00000006fac00000| Untracked 
| 108|0x00000006fb000000, 0x00000006fb000000, 0x00000006fb400000|  0%| F|  |TAMS 0x00000006fb000000, 0x00000006fb000000| Untracked 
| 109|0x00000006fb400000, 0x00000006fb400000, 0x00000006fb800000|  0%| F|  |TAMS 0x00000006fb400000, 0x00000006fb400000| Untracked 
| 110|0x00000006fb800000, 0x00000006fb800000, 0x00000006fbc00000|  0%| F|  |TAMS 0x00000006fb800000, 0x00000006fb800000| Untracked 
| 111|0x00000006fbc00000, 0x00000006fbc00000, 0x00000006fc000000|  0%| F|  |TAMS 0x00000006fbc00000, 0x00000006fbc00000| Untracked 
| 112|0x00000006fc000000, 0x00000006fc000000, 0x00000006fc400000|  0%| F|  |TAMS 0x00000006fc000000, 0x00000006fc000000| Untracked 
| 113|0x00000006fc400000, 0x00000006fc400000, 0x00000006fc800000|  0%| F|  |TAMS 0x00000006fc400000, 0x00000006fc400000| Untracked 
| 114|0x00000006fc800000, 0x00000006fc800000, 0x00000006fcc00000|  0%| F|  |TAMS 0x00000006fc800000, 0x00000006fc800000| Untracked 
| 115|0x00000006fcc00000, 0x00000006fcc00000, 0x00000006fd000000|  0%| F|  |TAMS 0x00000006fcc00000, 0x00000006fcc00000| Untracked 
| 116|0x00000006fd000000, 0x00000006fd000000, 0x00000006fd400000|  0%| F|  |TAMS 0x00000006fd000000, 0x00000006fd000000| Untracked 
| 117|0x00000006fd400000, 0x00000006fd400000, 0x00000006fd800000|  0%| F|  |TAMS 0x00000006fd400000, 0x00000006fd400000| Untracked 
| 118|0x00000006fd800000, 0x00000006fd800000, 0x00000006fdc00000|  0%| F|  |TAMS 0x00000006fd800000, 0x00000006fd800000| Untracked 
| 119|0x00000006fdc00000, 0x00000006fdc00000, 0x00000006fe000000|  0%| F|  |TAMS 0x00000006fdc00000, 0x00000006fdc00000| Untracked 
| 120|0x00000006fe000000, 0x00000006fe000000, 0x00000006fe400000|  0%| F|  |TAMS 0x00000006fe000000, 0x00000006fe000000| Untracked 
| 121|0x00000006fe400000, 0x00000006fe400000, 0x00000006fe800000|  0%| F|  |TAMS 0x00000006fe400000, 0x00000006fe400000| Untracked 
| 122|0x00000006fe800000, 0x00000006feaca630, 0x00000006fec00000| 69%| S|CS|TAMS 0x00000006fe800000, 0x00000006fe800000| Complete 
| 123|0x00000006fec00000, 0x00000006ff000000, 0x00000006ff000000|100%| S|CS|TAMS 0x00000006fec00000, 0x00000006fec00000| Complete 
| 124|0x00000006ff000000, 0x00000006ff000000, 0x00000006ff400000|  0%| F|  |TAMS 0x00000006ff000000, 0x00000006ff000000| Untracked 
| 125|0x00000006ff400000, 0x00000006ff400000, 0x00000006ff800000|  0%| F|  |TAMS 0x00000006ff400000, 0x00000006ff400000| Untracked 
| 126|0x00000006ff800000, 0x00000006ff800000, 0x00000006ffc00000|  0%| F|  |TAMS 0x00000006ff800000, 0x00000006ff800000| Untracked 
| 127|0x00000006ffc00000, 0x00000006ffc00000, 0x0000000700000000|  0%| F|  |TAMS 0x00000006ffc00000, 0x00000006ffc00000| Untracked 
| 128|0x0000000700000000, 0x0000000700000000, 0x0000000700400000|  0%| F|  |TAMS 0x0000000700000000, 0x0000000700000000| Untracked 
| 129|0x0000000700400000, 0x0000000700400000, 0x0000000700800000|  0%| F|  |TAMS 0x0000000700400000, 0x0000000700400000| Untracked 
| 130|0x0000000700800000, 0x0000000700800000, 0x0000000700c00000|  0%| F|  |TAMS 0x0000000700800000, 0x0000000700800000| Untracked 

Card table byte_map: [0x000001cfb4d10000,0x000001cfb5610000] _byte_map_base: 0x000001cfb1610000

Marking Bits (Prev, Next): (CMBitMap*) 0x000001cf9dbbbc80, (CMBitMap*) 0x000001cf9dbbbcc0
 Prev Bits: [0x000001cfb5f10000, 0x000001cfba710000)
 Next Bits: [0x000001cfba710000, 0x000001cfbef10000)

Polling page: 0x000001cf9bb20000

Metaspace:

Usage:
  Non-class:     92.98 MB used.
      Class:     15.10 MB used.
       Both:    108.08 MB used.

Virtual space:
  Non-class space:      128.00 MB reserved,      93.62 MB ( 73%) committed,  2 nodes.
      Class space:        1.00 GB reserved,      15.69 MB (  2%) committed,  1 nodes.
             Both:        1.12 GB reserved,     109.31 MB (  9%) committed. 

Chunk freelists:
   Non-Class:  2.31 MB
       Class:  132.00 KB
        Both:  2.44 MB

MaxMetaspaceSize: unlimited
CompressedClassSpaceSize: 1.00 GB
Initial GC threshold: 21.00 MB
Current GC threshold: 151.38 MB
CDS: on
MetaspaceReclaimPolicy: balanced
 - commit_granule_bytes: 65536.
 - commit_granule_words: 8192.
 - virtual_space_node_default_size: 8388608.
 - enlarge_chunks_in_place: 1.
 - new_chunks_are_fully_committed: 0.
 - uncommit_free_chunks: 1.
 - use_allocation_guard: 0.
 - handle_deallocations: 1.


Internal statistics:

num_allocs_failed_limit: 9.
num_arena_births: 1682.
num_arena_deaths: 0.
num_vsnodes_births: 3.
num_vsnodes_deaths: 0.
num_space_committed: 1749.
num_space_uncommitted: 0.
num_chunks_returned_to_freelist: 9.
num_chunks_taken_from_freelist: 6758.
num_chunk_merges: 9.
num_chunk_splits: 4276.
num_chunks_enlarged: 2645.
num_inconsistent_stats: 0.

CodeHeap 'non-profiled nmethods': size=120000Kb used=10625Kb max_used=10625Kb free=109374Kb
 bounds [0x000001cfacee0000, 0x000001cfad950000, 0x000001cfb4410000]
CodeHeap 'profiled nmethods': size=120000Kb used=27250Kb max_used=27250Kb free=92749Kb
 bounds [0x000001cfa5410000, 0x000001cfa6eb0000, 0x000001cfac940000]
CodeHeap 'non-nmethods': size=5760Kb used=2446Kb max_used=2490Kb free=3313Kb
 bounds [0x000001cfac940000, 0x000001cfacbc0000, 0x000001cfacee0000]
 total_blobs=14983 nmethods=14003 adapters=891
 compilation: enabled
              stopped_count=0, restarted_count=0
 full_count=0

Compilation events (20 events):
Event: 208.233 Thread 0x000001cfc1392040 nmethod 17192 0x000001cfad93b510 code [0x000001cfad93b6a0, 0x000001cfad93b7a8]
Event: 208.233 Thread 0x000001cfc1392040 17199   !   4       org.gradle.api.internal.provider.AbstractProperty::calculateOwnValue (54 bytes)
Event: 208.274 Thread 0x000001cfc1392040 nmethod 17199 0x000001cfad93b910 code [0x000001cfad93bb80, 0x000001cfad93c800]
Event: 208.275 Thread 0x000001cfc1392040 17201       4       org.objectweb.asm.Frame::getAbstractTypeFromDescriptor (432 bytes)
Event: 208.277 Thread 0x000001cfc1394a10 17202       3       com.android.build.api.component.impl.ComponentImpl::getSources (8 bytes)
Event: 208.277 Thread 0x000001cfc1394a10 nmethod 17202 0x000001cfa6eabe10 code [0x000001cfa6eabfc0, 0x000001cfa6eac188]
Event: 208.309 Thread 0x000001cfc1392040 nmethod 17201 0x000001cfad93d610 code [0x000001cfad93d800, 0x000001cfad93e5f8]
Event: 208.315 Thread 0x000001cfc1392040 17203       4       org.gradle.internal.reflect.annotations.impl.DefaultTypeAnnotationMetadataStore$PropertyAnnotationMetadataBuilder$$Lambda$675/0x000001cfc3523360::apply (13 bytes)
Event: 208.317 Thread 0x000001cfc1392040 nmethod 17203 0x000001cfad93ef90 code [0x000001cfad93f120, 0x000001cfad93f278]
Event: 208.325 Thread 0x000001cfc1392040 17205       4       org.gradle.internal.snapshot.impl.IsolatedArray::isolate (60 bytes)
Event: 208.333 Thread 0x000001cfc1394a10 17210       3       org.gradle.api.internal.artifacts.transform.DefaultTransformedVariantFactory$VariantKey::equals (63 bytes)
Event: 208.334 Thread 0x000001cfc1394a10 nmethod 17210 0x000001cfa6eac210 code [0x000001cfa6eac400, 0x000001cfa6eac9d8]
Event: 208.336 Thread 0x000001cfc1394a10 17212       3       org.gradle.api.internal.artifacts.ivyservice.resolveengine.artifact.CompositeResolvedArtifactSet::of (101 bytes)
Event: 208.338 Thread 0x000001cfc1394a10 nmethod 17212 0x000001cfa6eacb10 code [0x000001cfa6eacde0, 0x000001cfa6eae168]
Event: 208.342 Thread 0x000001cfc1392040 nmethod 17205 0x000001cfad93f390 code [0x000001cfad93f560, 0x000001cfad93fb38]
Event: 208.342 Thread 0x000001cfc1392040 17209       4       org.gradle.api.internal.artifacts.transform.ConsumerProvidedVariantFinder$CachingAttributeMatcher::isMatching (29 bytes)
Event: 208.348 Thread 0x000001cfc1392040 nmethod 17209 0x000001cfad93ff90 code [0x000001cfad940140, 0x000001cfad9403e8]
Event: 208.348 Thread 0x000001cfc1392040 17208       4       org.gradle.api.internal.artifacts.transform.ConsumerProvidedVariantFinder$$Lambda$875/0x000001cfc35d2068::isSatisfiedBy (16 bytes)
Event: 208.348 Thread 0x000001cfc1394a10 17213       3       org.gradle.internal.component.local.model.PublishArtifactLocalArtifactMetadata::hashCode (16 bytes)
Event: 208.349 Thread 0x000001cfc1394a10 nmethod 17213 0x000001cfa6eae690 code [0x000001cfa6eae840, 0x000001cfa6eaeaf8]

GC Heap History (20 events):
Event: 141.397 GC heap after
{Heap after GC invocations=71 (full 0):
 garbage-first heap   total 294912K, used 160196K [0x00000006e0000000, 0x0000000800000000)
  region size 4096K, 2 young (8192K), 2 survivors (8192K)
 Metaspace       used 100770K, committed 101824K, reserved 1179648K
  class space    used 14166K, committed 14656K, reserved 1048576K
}
Event: 153.481 GC heap before
{Heap before GC invocations=71 (full 0):
 garbage-first heap   total 294912K, used 229828K [0x00000006e0000000, 0x0000000800000000)
  region size 4096K, 20 young (81920K), 2 survivors (8192K)
 Metaspace       used 104169K, committed 105344K, reserved 1179648K
  class space    used 14614K, committed 15168K, reserved 1048576K
}
Event: 153.804 GC heap after
{Heap after GC invocations=72 (full 0):
 garbage-first heap   total 294912K, used 165383K [0x00000006e0000000, 0x0000000800000000)
  region size 4096K, 3 young (12288K), 3 survivors (12288K)
 Metaspace       used 104169K, committed 105344K, reserved 1179648K
  class space    used 14614K, committed 15168K, reserved 1048576K
}
Event: 154.778 GC heap before
{Heap before GC invocations=72 (full 0):
 garbage-first heap   total 294912K, used 194055K [0x00000006e0000000, 0x0000000800000000)
  region size 4096K, 10 young (40960K), 3 survivors (12288K)
 Metaspace       used 104234K, committed 105344K, reserved 1179648K
  class space    used 14618K, committed 15168K, reserved 1048576K
}
Event: 155.073 GC heap after
{Heap after GC invocations=73 (full 0):
 garbage-first heap   total 294912K, used 170568K [0x00000006e0000000, 0x0000000800000000)
  region size 4096K, 2 young (8192K), 2 survivors (8192K)
 Metaspace       used 104234K, committed 105344K, reserved 1179648K
  class space    used 14618K, committed 15168K, reserved 1048576K
}
Event: 157.002 GC heap before
{Heap before GC invocations=73 (full 0):
 garbage-first heap   total 294912K, used 215624K [0x00000006e0000000, 0x0000000800000000)
  region size 4096K, 13 young (53248K), 2 survivors (8192K)
 Metaspace       used 104317K, committed 105408K, reserved 1179648K
  class space    used 14624K, committed 15168K, reserved 1048576K
}
Event: 157.066 GC heap after
{Heap after GC invocations=74 (full 0):
 garbage-first heap   total 536576K, used 179001K [0x00000006e0000000, 0x0000000800000000)
  region size 4096K, 2 young (8192K), 2 survivors (8192K)
 Metaspace       used 104317K, committed 105408K, reserved 1179648K
  class space    used 14624K, committed 15168K, reserved 1048576K
}
Event: 171.186 GC heap before
{Heap before GC invocations=74 (full 0):
 garbage-first heap   total 536576K, used 219961K [0x00000006e0000000, 0x0000000800000000)
  region size 4096K, 13 young (53248K), 2 survivors (8192K)
 Metaspace       used 104550K, committed 105664K, reserved 1179648K
  class space    used 14644K, committed 15168K, reserved 1048576K
}
Event: 171.251 GC heap after
{Heap after GC invocations=75 (full 0):
 garbage-first heap   total 536576K, used 187834K [0x00000006e0000000, 0x0000000800000000)
  region size 4096K, 2 young (8192K), 2 survivors (8192K)
 Metaspace       used 104550K, committed 105664K, reserved 1179648K
  class space    used 14644K, committed 15168K, reserved 1048576K
}
Event: 173.282 GC heap before
{Heap before GC invocations=75 (full 0):
 garbage-first heap   total 536576K, used 241082K [0x00000006e0000000, 0x0000000800000000)
  region size 4096K, 15 young (61440K), 2 survivors (8192K)
 Metaspace       used 104551K, committed 105664K, reserved 1179648K
  class space    used 14644K, committed 15168K, reserved 1048576K
}
Event: 173.418 GC heap after
{Heap after GC invocations=76 (full 0):
 garbage-first heap   total 536576K, used 189281K [0x00000006e0000000, 0x0000000800000000)
  region size 4096K, 1 young (4096K), 1 survivors (4096K)
 Metaspace       used 104551K, committed 105664K, reserved 1179648K
  class space    used 14644K, committed 15168K, reserved 1048576K
}
Event: 182.608 GC heap before
{Heap before GC invocations=76 (full 0):
 garbage-first heap   total 536576K, used 267105K [0x00000006e0000000, 0x0000000800000000)
  region size 4096K, 21 young (86016K), 1 survivors (4096K)
 Metaspace       used 104985K, committed 106112K, reserved 1179648K
  class space    used 14694K, committed 15232K, reserved 1048576K
}
Event: 182.689 GC heap after
{Heap after GC invocations=77 (full 0):
 garbage-first heap   total 536576K, used 196673K [0x00000006e0000000, 0x0000000800000000)
  region size 4096K, 3 young (12288K), 3 survivors (12288K)
 Metaspace       used 104985K, committed 106112K, reserved 1179648K
  class space    used 14694K, committed 15232K, reserved 1048576K
}
Event: 184.582 GC heap before
{Heap before GC invocations=77 (full 0):
 garbage-first heap   total 536576K, used 233537K [0x00000006e0000000, 0x0000000800000000)
  region size 4096K, 13 young (53248K), 3 survivors (12288K)
 Metaspace       used 105107K, committed 106240K, reserved 1179648K
  class space    used 14703K, committed 15232K, reserved 1048576K
}
Event: 184.647 GC heap after
{Heap after GC invocations=78 (full 0):
 garbage-first heap   total 536576K, used 202981K [0x00000006e0000000, 0x0000000800000000)
  region size 4096K, 2 young (8192K), 2 survivors (8192K)
 Metaspace       used 105107K, committed 106240K, reserved 1179648K
  class space    used 14703K, committed 15232K, reserved 1048576K
}
Event: 193.803 GC heap before
{Heap before GC invocations=78 (full 0):
 garbage-first heap   total 536576K, used 284901K [0x00000006e0000000, 0x0000000800000000)
  region size 4096K, 23 young (94208K), 2 survivors (8192K)
 Metaspace       used 105321K, committed 106496K, reserved 1179648K
  class space    used 14734K, committed 15296K, reserved 1048576K
}
Event: 193.831 GC heap after
{Heap after GC invocations=79 (full 0):
 garbage-first heap   total 536576K, used 209796K [0x00000006e0000000, 0x0000000800000000)
  region size 4096K, 3 young (12288K), 3 survivors (12288K)
 Metaspace       used 105321K, committed 106496K, reserved 1179648K
  class space    used 14734K, committed 15296K, reserved 1048576K
}
Event: 202.578 GC heap before
{Heap before GC invocations=79 (full 0):
 garbage-first heap   total 536576K, used 308100K [0x00000006e0000000, 0x0000000800000000)
  region size 4096K, 27 young (110592K), 3 survivors (12288K)
 Metaspace       used 110095K, committed 111360K, reserved 1179648K
  class space    used 15402K, committed 16000K, reserved 1048576K
}
Event: 203.066 GC heap after
{Heap after GC invocations=80 (full 0):
 garbage-first heap   total 536576K, used 217450K [0x00000006e0000000, 0x0000000800000000)
  region size 4096K, 3 young (12288K), 3 survivors (12288K)
 Metaspace       used 110095K, committed 111360K, reserved 1179648K
  class space    used 15402K, committed 16000K, reserved 1048576K
}
Event: 208.354 GC heap before
{Heap before GC invocations=80 (full 0):
 garbage-first heap   total 536576K, used 246122K [0x00000006e0000000, 0x0000000800000000)
  region size 4096K, 10 young (40960K), 3 survivors (12288K)
 Metaspace       used 110678K, committed 111936K, reserved 1179648K
  class space    used 15464K, committed 16064K, reserved 1048576K
}

Deoptimization events (20 events):
Event: 206.294 Thread 0x000001cfc15c98c0 Uncommon trap: trap_request=0xffffff45 fr.pc=0x000001cfad5323e0 relative=0x0000000000000220
Event: 206.294 Thread 0x000001cfc15c98c0 Uncommon trap: reason=unstable_if action=reinterpret pc=0x000001cfad5323e0 method=it.unimi.dsi.fastutil.objects.ReferenceOpenHashSet.add(Ljava/lang/Object;)Z @ 74 c2
Event: 206.294 Thread 0x000001cfc15c98c0 DEOPT PACKING pc=0x000001cfad5323e0 sp=0x00000078c00f8c30
Event: 206.294 Thread 0x000001cfc15c98c0 DEOPT UNPACKING pc=0x000001cfac9923a3 sp=0x00000078c00f8b78 mode 2
Event: 207.175 Thread 0x000001cfc15c98c0 Uncommon trap: trap_request=0xffffffde fr.pc=0x000001cfad6cf778 relative=0x0000000000000258
Event: 207.175 Thread 0x000001cfc15c98c0 Uncommon trap: reason=class_check action=maybe_recompile pc=0x000001cfad6cf778 method=org.gradle.internal.ImmutableActionSet.add(Lorg/gradle/api/Action;)Lorg/gradle/internal/ImmutableActionSet; @ 62 c2
Event: 207.175 Thread 0x000001cfc15c98c0 DEOPT PACKING pc=0x000001cfad6cf778 sp=0x00000078c00f9be0
Event: 207.175 Thread 0x000001cfc15c98c0 DEOPT UNPACKING pc=0x000001cfac9923a3 sp=0x00000078c00f9b80 mode 2
Event: 207.179 Thread 0x000001cfc15c98c0 Uncommon trap: trap_request=0xffffffbe fr.pc=0x000001cfad74bacc relative=0x00000000000001ac
Event: 207.179 Thread 0x000001cfc15c98c0 Uncommon trap: reason=profile_predicate action=maybe_recompile pc=0x000001cfad74bacc method=java.util.LinkedHashMap.keysToArray([Ljava/lang/Object;)[Ljava/lang/Object; @ 12 c2
Event: 207.179 Thread 0x000001cfc15c98c0 DEOPT PACKING pc=0x000001cfad74bacc sp=0x00000078c00f8c40
Event: 207.179 Thread 0x000001cfc15c98c0 DEOPT UNPACKING pc=0x000001cfac9923a3 sp=0x00000078c00f8bf8 mode 2
Event: 207.183 Thread 0x000001cfc15c98c0 Uncommon trap: trap_request=0xffffffbe fr.pc=0x000001cfad74bacc relative=0x00000000000001ac
Event: 207.183 Thread 0x000001cfc15c98c0 Uncommon trap: reason=profile_predicate action=maybe_recompile pc=0x000001cfad74bacc method=java.util.LinkedHashMap.keysToArray([Ljava/lang/Object;)[Ljava/lang/Object; @ 12 c2
Event: 207.183 Thread 0x000001cfc15c98c0 DEOPT PACKING pc=0x000001cfad74bacc sp=0x00000078c00f8c30
Event: 207.183 Thread 0x000001cfc15c98c0 DEOPT UNPACKING pc=0x000001cfac9923a3 sp=0x00000078c00f8be8 mode 2
Event: 207.294 Thread 0x000001cfc15c98c0 Uncommon trap: trap_request=0xffffffde fr.pc=0x000001cfad8bd838 relative=0x0000000000000c58
Event: 207.294 Thread 0x000001cfc15c98c0 Uncommon trap: reason=class_check action=maybe_recompile pc=0x000001cfad8bd838 method=java.util.HashMap.removeNode(ILjava/lang/Object;Ljava/lang/Object;ZZ)Ljava/util/HashMap$Node; @ 143 c2
Event: 207.294 Thread 0x000001cfc15c98c0 DEOPT PACKING pc=0x000001cfad8bd838 sp=0x00000078c00fa860
Event: 207.295 Thread 0x000001cfc15c98c0 DEOPT UNPACKING pc=0x000001cfac9923a3 sp=0x00000078c00fa778 mode 2

Classes unloaded (0 events):
No events

Classes redefined (0 events):
No events

Internal exceptions (20 events):
Event: 194.309 Thread 0x000001cfc15c98c0 Exception <a 'java/lang/ClassNotFoundException'{0x0000000700095fc8}: org/gradle/internal/io/LinePerThreadBufferingOutputStreamBeanInfo> (0x0000000700095fc8) 
thrown [s\open\src\hotspot\share\classfile\systemDictionary.cpp, line 256]
Event: 194.312 Thread 0x000001cfc15c98c0 Exception <a 'java/lang/ClassNotFoundException'{0x00000007000a05b0}: java/io/PrintStreamBeanInfo> (0x00000007000a05b0) 
thrown [s\open\src\hotspot\share\classfile\systemDictionary.cpp, line 256]
Event: 194.314 Thread 0x000001cfc15c98c0 Exception <a 'java/lang/ClassNotFoundException'{0x00000007000aac28}: java/io/FilterOutputStreamBeanInfo> (0x00000007000aac28) 
thrown [s\open\src\hotspot\share\classfile\systemDictionary.cpp, line 256]
Event: 194.316 Thread 0x000001cfc15c98c0 Exception <a 'java/lang/ClassNotFoundException'{0x00000007000b5208}: java/io/OutputStreamBeanInfo> (0x00000007000b5208) 
thrown [s\open\src\hotspot\share\classfile\systemDictionary.cpp, line 256]
Event: 194.319 Thread 0x000001cfc15c98c0 Exception <a 'java/lang/ClassNotFoundException'{0x00000007000bfab0}: java/io/OutputStreamCustomizer> (0x00000007000bfab0) 
thrown [s\open\src\hotspot\share\classfile\systemDictionary.cpp, line 256]
Event: 194.323 Thread 0x000001cfc15c98c0 Exception <a 'java/lang/ClassNotFoundException'{0x00000007000cdc18}: java/io/FilterOutputStreamCustomizer> (0x00000007000cdc18) 
thrown [s\open\src\hotspot\share\classfile\systemDictionary.cpp, line 256]
Event: 194.325 Thread 0x000001cfc15c98c0 Exception <a 'java/lang/ClassNotFoundException'{0x00000007000dd390}: java/io/PrintStreamCustomizer> (0x00000007000dd390) 
thrown [s\open\src\hotspot\share\classfile\systemDictionary.cpp, line 256]
Event: 194.329 Thread 0x000001cfc15c98c0 Exception <a 'java/lang/ClassNotFoundException'{0x0000000700105b10}: org/gradle/internal/io/LinePerThreadBufferingOutputStreamCustomizer> (0x0000000700105b10) 
thrown [s\open\src\hotspot\share\classfile\systemDictionary.cpp, line 256]
Event: 194.448 Thread 0x000001cfc15c98c0 Exception <a 'java/lang/ClassNotFoundException'{0x0000000700219a78}: com/android/build/gradle/internal/api/DefaultAndroidSourceFileBeanInfo> (0x0000000700219a78) 
thrown [s\open\src\hotspot\share\classfile\systemDictionary.cpp, line 256]
Event: 194.450 Thread 0x000001cfc15c98c0 Exception <a 'java/lang/ClassNotFoundException'{0x000000070022c188}: com/android/build/gradle/internal/api/DefaultAndroidSourceFileCustomizer> (0x000000070022c188) 
thrown [s\open\src\hotspot\share\classfile\systemDictionary.cpp, line 256]
Event: 194.463 Thread 0x000001cfc15c98c0 Exception <a 'java/lang/ClassNotFoundException'{0x0000000700265970}: build_eci2hwccef1xrkvuoa4yxbors$_run_closure4BeanInfo> (0x0000000700265970) 
thrown [s\open\src\hotspot\share\classfile\systemDictionary.cpp, line 256]
Event: 194.465 Thread 0x000001cfc15c98c0 Exception <a 'java/lang/ClassNotFoundException'{0x0000000700272ab0}: build_eci2hwccef1xrkvuoa4yxbors$_run_closure4Customizer> (0x0000000700272ab0) 
thrown [s\open\src\hotspot\share\classfile\systemDictionary.cpp, line 256]
Event: 197.404 Thread 0x000001cfc15c98c0 Exception <a 'sun/nio/fs/WindowsException'{0x00000006fe415aa8}> (0x00000006fe415aa8) 
thrown [s\open\src\hotspot\share\prims\jni.cpp, line 516]
Event: 197.405 Thread 0x000001cfc15c98c0 Exception <a 'sun/nio/fs/WindowsException'{0x00000006fe4170e8}> (0x00000006fe4170e8) 
thrown [s\open\src\hotspot\share\prims\jni.cpp, line 516]
Event: 197.405 Thread 0x000001cfc15c98c0 Exception <a 'sun/nio/fs/WindowsException'{0x00000006fe418778}> (0x00000006fe418778) 
thrown [s\open\src\hotspot\share\prims\jni.cpp, line 516]
Event: 197.405 Thread 0x000001cfc15c98c0 Exception <a 'sun/nio/fs/WindowsException'{0x00000006fe419e08}> (0x00000006fe419e08) 
thrown [s\open\src\hotspot\share\prims\jni.cpp, line 516]
Event: 198.194 Thread 0x000001cfc15c98c0 Exception <a 'java/lang/NullPointerException'{0x00000006fdfdfff8}> (0x00000006fdfdfff8) 
thrown [s\open\src\hotspot\share\interpreter\linkResolver.cpp, line 1433]
Event: 198.669 Thread 0x000001cfc15c98c0 Implicit null exception at 0x000001cfad02db51 to 0x000001cfad02f088
Event: 201.325 Thread 0x000001cfc15c98c0 Exception <a 'java/lang/NoSuchMethodError'{0x00000006fbb40068}: 'int java.lang.invoke.DirectMethodHandle$Holder.invokeSpecial(java.lang.Object, java.lang.Object, int)'> (0x00000006fbb40068) 
thrown [s\open\src\hotspot\share\interpreter\linkResolver.cpp, line 759]
Event: 203.100 Thread 0x000001cfc1375770 Implicit null exception at 0x000001cfad00bd7d to 0x000001cfad00c3d0

VM Operations (20 events):
Event: 198.891 Executing VM operation: Cleanup done
Event: 199.905 Executing VM operation: Cleanup
Event: 199.905 Executing VM operation: Cleanup done
Event: 200.906 Executing VM operation: Cleanup
Event: 200.907 Executing VM operation: Cleanup done
Event: 201.916 Executing VM operation: Cleanup
Event: 201.917 Executing VM operation: Cleanup done
Event: 202.577 Executing VM operation: G1CollectForAllocation
Event: 203.067 Executing VM operation: G1CollectForAllocation done
Event: 204.069 Executing VM operation: Cleanup
Event: 204.101 Executing VM operation: Cleanup done
Event: 205.114 Executing VM operation: Cleanup
Event: 205.130 Executing VM operation: Cleanup done
Event: 206.145 Executing VM operation: Cleanup
Event: 206.161 Executing VM operation: Cleanup done
Event: 207.163 Executing VM operation: Cleanup
Event: 207.164 Executing VM operation: Cleanup done
Event: 207.893 Executing VM operation: ICBufferFull
Event: 207.894 Executing VM operation: ICBufferFull done
Event: 208.354 Executing VM operation: G1CollectForAllocation

Events (20 events):
Event: 199.694 loading class org/xml/sax/ext/Locator2 done
Event: 199.694 loading class com/sun/org/apache/xerces/internal/parsers/AbstractSAXParser$LocatorProxy done
Event: 199.700 loading class org/xml/sax/helpers/AttributesImpl
Event: 199.700 loading class org/xml/sax/helpers/AttributesImpl done
Event: 199.702 loading class java/util/regex/Pattern$Behind
Event: 199.703 loading class java/util/regex/Pattern$Behind done
Event: 199.703 loading class java/util/regex/Pattern$Neg
Event: 199.703 loading class java/util/regex/Pattern$Neg done
Event: 199.790 loading class javax/xml/datatype/DatatypeConfigurationException
Event: 199.790 loading class javax/xml/datatype/DatatypeConfigurationException done
Event: 199.793 loading class jdk/internal/reflect/UnsafeBooleanFieldAccessorImpl
Event: 199.794 loading class jdk/internal/reflect/UnsafeBooleanFieldAccessorImpl done
Event: 199.795 loading class jdk/internal/reflect/UnsafeIntegerFieldAccessorImpl
Event: 199.796 loading class jdk/internal/reflect/UnsafeIntegerFieldAccessorImpl done
Event: 201.168 loading class java/io/CharArrayWriter
Event: 201.173 loading class java/io/CharArrayWriter done
Event: 201.246 loading class java/io/SequenceInputStream
Event: 201.248 loading class java/io/SequenceInputStream done
Event: 201.303 loading class java/util/function/IntUnaryOperator
Event: 201.311 loading class java/util/function/IntUnaryOperator done


Dynamic libraries:
0x00007ff749a90000 - 0x00007ff749aa0000 	C:\Program Files\Java\jdk-17\bin\java.exe
0x00007ffe85db0000 - 0x00007ffe85fa8000 	C:\WINDOWS\SYSTEM32\ntdll.dll
0x00007ffe85a20000 - 0x00007ffe85add000 	C:\WINDOWS\System32\KERNEL32.DLL
0x00007ffe83970000 - 0x00007ffe83c66000 	C:\WINDOWS\System32\KERNELBASE.dll
0x00007ffe83840000 - 0x00007ffe83940000 	C:\WINDOWS\System32\ucrtbase.dll
0x00007ffe7acf0000 - 0x00007ffe7ad09000 	C:\Program Files\Java\jdk-17\bin\jli.dll
0x00007ffe84bc0000 - 0x00007ffe84c70000 	C:\WINDOWS\System32\ADVAPI32.dll
0x00007ffe85b10000 - 0x00007ffe85bae000 	C:\WINDOWS\System32\msvcrt.dll
0x00007ffe84d90000 - 0x00007ffe84e30000 	C:\WINDOWS\System32\sechost.dll
0x00007ffe853e0000 - 0x00007ffe85503000 	C:\WINDOWS\System32\RPCRT4.dll
0x00007ffe83940000 - 0x00007ffe83967000 	C:\WINDOWS\System32\bcrypt.dll
0x00007ffe73370000 - 0x00007ffe7338b000 	C:\Program Files\Java\jdk-17\bin\VCRUNTIME140.dll
0x00007ffe85510000 - 0x00007ffe856af000 	C:\WINDOWS\System32\USER32.dll
0x00007ffe836e0000 - 0x00007ffe83702000 	C:\WINDOWS\System32\win32u.dll
0x00007ffe85ae0000 - 0x00007ffe85b0b000 	C:\WINDOWS\System32\GDI32.dll
0x00007ffe83460000 - 0x00007ffe83577000 	C:\WINDOWS\System32\gdi32full.dll
0x00007ffe837a0000 - 0x00007ffe8383d000 	C:\WINDOWS\System32\msvcp_win.dll
0x00007ffe72aa0000 - 0x00007ffe72d3a000 	C:\WINDOWS\WinSxS\amd64_microsoft.windows.common-controls_6595b64144ccf1df_6.0.19041.4355_none_60b8b9eb71f62e16\COMCTL32.dll
0x00007ffe75da0000 - 0x00007ffe75daa000 	C:\WINDOWS\SYSTEM32\VERSION.dll
0x00007ffe84b80000 - 0x00007ffe84bb2000 	C:\WINDOWS\System32\IMM32.DLL
0x00007ffe80ce0000 - 0x00007ffe80cec000 	C:\Program Files\Java\jdk-17\bin\vcruntime140_1.dll
0x00007ffe544f0000 - 0x00007ffe5457e000 	C:\Program Files\Java\jdk-17\bin\msvcp140.dll
0x00007ffe4a370000 - 0x00007ffe4af50000 	C:\Program Files\Java\jdk-17\bin\server\jvm.dll
0x00007ffe84b70000 - 0x00007ffe84b78000 	C:\WINDOWS\System32\PSAPI.DLL
0x00007ffe7c810000 - 0x00007ffe7c819000 	C:\WINDOWS\SYSTEM32\WSOCK32.dll
0x00007ffe729f0000 - 0x00007ffe72a17000 	C:\WINDOWS\SYSTEM32\WINMM.dll
0x00007ffe84e40000 - 0x00007ffe84eab000 	C:\WINDOWS\System32\WS2_32.dll
0x00007ffe81cc0000 - 0x00007ffe81cd2000 	C:\WINDOWS\SYSTEM32\kernel.appcore.dll
0x00007ffe7be10000 - 0x00007ffe7be1a000 	C:\Program Files\Java\jdk-17\bin\jimage.dll
0x00007ffe713a0000 - 0x00007ffe71584000 	C:\WINDOWS\SYSTEM32\DBGHELP.DLL
0x00007ffe70920000 - 0x00007ffe70954000 	C:\WINDOWS\SYSTEM32\dbgcore.DLL
0x00007ffe83710000 - 0x00007ffe83792000 	C:\WINDOWS\System32\bcryptPrimitives.dll
0x00007ffe7aec0000 - 0x00007ffe7aece000 	C:\Program Files\Java\jdk-17\bin\instrument.dll
0x00007ffe68fb0000 - 0x00007ffe68fd5000 	C:\Program Files\Java\jdk-17\bin\java.dll
0x00007ffe54410000 - 0x00007ffe544e7000 	C:\Program Files\Java\jdk-17\bin\jsvml.dll
0x00007ffe84400000 - 0x00007ffe84b6b000 	C:\WINDOWS\System32\SHELL32.dll
0x00007ffe81310000 - 0x00007ffe81aad000 	C:\WINDOWS\SYSTEM32\windows.storage.dll
0x00007ffe856b0000 - 0x00007ffe85a03000 	C:\WINDOWS\System32\combase.dll
0x00007ffe82e10000 - 0x00007ffe82e3e000 	C:\WINDOWS\SYSTEM32\Wldp.dll
0x00007ffe85180000 - 0x00007ffe8524d000 	C:\WINDOWS\System32\OLEAUT32.dll
0x00007ffe85070000 - 0x00007ffe8511d000 	C:\WINDOWS\System32\SHCORE.dll
0x00007ffe85bb0000 - 0x00007ffe85c05000 	C:\WINDOWS\System32\shlwapi.dll
0x00007ffe83390000 - 0x00007ffe833b4000 	C:\WINDOWS\SYSTEM32\profapi.dll
0x00007ffe6dbd0000 - 0x00007ffe6dbe8000 	C:\Program Files\Java\jdk-17\bin\zip.dll
0x00007ffe6ee30000 - 0x00007ffe6ee49000 	C:\Program Files\Java\jdk-17\bin\net.dll
0x00007ffe77fd0000 - 0x00007ffe780da000 	C:\WINDOWS\SYSTEM32\WINHTTP.dll
0x00007ffe82b10000 - 0x00007ffe82b7a000 	C:\WINDOWS\system32\mswsock.dll
0x00007ffe6e2d0000 - 0x00007ffe6e2e6000 	C:\Program Files\Java\jdk-17\bin\nio.dll
0x00007ffe7b7b0000 - 0x00007ffe7b7c0000 	C:\Program Files\Java\jdk-17\bin\verify.dll
0x00007ffe7af60000 - 0x00007ffe7af87000 	C:\Users\ZIDANE\.gradle\native\c067742578af261105cb4f569cf0c3c89f3d7b1fecec35dd04571415982c5e48\windows-amd64\native-platform.dll
0x00007ffe49ed0000 - 0x00007ffe4a014000 	C:\Users\ZIDANE\.gradle\native\100fb08df4bc3b14c8652ba06237920a3bd2aa13389f12d3474272988ae205f9\windows-amd64\native-platform-file-events.dll
0x00007ffe7b3c0000 - 0x00007ffe7b3ca000 	C:\Program Files\Java\jdk-17\bin\management.dll
0x00007ffe7b010000 - 0x00007ffe7b01b000 	C:\Program Files\Java\jdk-17\bin\management_ext.dll
0x00007ffe82d00000 - 0x00007ffe82d18000 	C:\WINDOWS\SYSTEM32\CRYPTSP.dll
0x00007ffe82430000 - 0x00007ffe82464000 	C:\WINDOWS\system32\rsaenh.dll
0x00007ffe83340000 - 0x00007ffe8336e000 	C:\WINDOWS\SYSTEM32\USERENV.dll
0x00007ffe82d20000 - 0x00007ffe82d2c000 	C:\WINDOWS\SYSTEM32\CRYPTBASE.dll
0x00007ffe827f0000 - 0x00007ffe8282b000 	C:\WINDOWS\SYSTEM32\IPHLPAPI.DLL
0x00007ffe85a10000 - 0x00007ffe85a18000 	C:\WINDOWS\System32\NSI.dll
0x00007ffe78660000 - 0x00007ffe78677000 	C:\WINDOWS\SYSTEM32\dhcpcsvc6.DLL
0x00007ffe786a0000 - 0x00007ffe786bd000 	C:\WINDOWS\SYSTEM32\dhcpcsvc.DLL
0x00007ffe82830000 - 0x00007ffe828fb000 	C:\WINDOWS\SYSTEM32\DNSAPI.dll
0x00007ffe77ca0000 - 0x00007ffe77cae000 	C:\Program Files\Java\jdk-17\bin\sunmscapi.dll
0x00007ffe83580000 - 0x00007ffe836de000 	C:\WINDOWS\System32\CRYPT32.dll
0x00007ffe82e80000 - 0x00007ffe82ea9000 	C:\WINDOWS\SYSTEM32\ncrypt.dll
0x00007ffe82e40000 - 0x00007ffe82e7b000 	C:\WINDOWS\SYSTEM32\NTASN1.dll
0x00007ffe76fa0000 - 0x00007ffe76fa7000 	C:\WINDOWS\system32\wshunix.dll
0x00007ffe611b0000 - 0x00007ffe611c7000 	C:\WINDOWS\system32\napinsp.dll
0x00007ffe61190000 - 0x00007ffe611ab000 	C:\WINDOWS\system32\pnrpnsp.dll
0x00007ffe7ec40000 - 0x00007ffe7ec5d000 	C:\WINDOWS\system32\NLAapi.dll
0x00007ffe543f0000 - 0x00007ffe54402000 	C:\WINDOWS\System32\winrnr.dll
0x00007ffe7e370000 - 0x00007ffe7e385000 	C:\WINDOWS\system32\wshbth.dll
0x00000000590a0000 - 0x00000000590c6000 	C:\Program Files\Bonjour\mdnsNSP.dll
0x00007ffe7b2c0000 - 0x00007ffe7b2ca000 	C:\Windows\System32\rasadhlp.dll
0x00007ffe77430000 - 0x00007ffe774b0000 	C:\WINDOWS\System32\fwpuclnt.dll
0x00007ffe80d00000 - 0x00007ffe80d90000 	C:\WINDOWS\system32\apphelp.dll

dbghelp: loaded successfully - version: 4.0.5 - missing functions: none
symbol engine: initialized successfully - sym options: 0x614 - pdb path: .;C:\Program Files\Java\jdk-17\bin;C:\WINDOWS\SYSTEM32;C:\WINDOWS\WinSxS\amd64_microsoft.windows.common-controls_6595b64144ccf1df_6.0.19041.4355_none_60b8b9eb71f62e16;C:\Program Files\Java\jdk-17\bin\server;C:\Users\ZIDANE\.gradle\native\c067742578af261105cb4f569cf0c3c89f3d7b1fecec35dd04571415982c5e48\windows-amd64;C:\Users\ZIDANE\.gradle\native\100fb08df4bc3b14c8652ba06237920a3bd2aa13389f12d3474272988ae205f9\windows-amd64;C:\Program Files\Bonjour

VM Arguments:
jvm_args: --add-opens=java.base/java.util=ALL-UNNAMED --add-opens=java.base/java.lang=ALL-UNNAMED --add-opens=java.base/java.lang.invoke=ALL-UNNAMED --add-opens=java.prefs/java.util.prefs=ALL-UNNAMED --add-opens=java.base/java.nio.charset=ALL-UNNAMED --add-opens=java.base/java.net=ALL-UNNAMED --add-opens=java.base/java.util.concurrent.atomic=ALL-UNNAMED -Xmx4608m -Dfile.encoding=windows-1252 -Duser.country=FR -Duser.language=fr -Duser.variant -javaagent:C:\Users\ZIDANE\.gradle\wrapper\dists\gradle-8.8-bin\dl7vupf4psengwqhwktix4v1\gradle-8.8\lib\agents\gradle-instrumentation-agent-8.8.jar 
java_command: org.gradle.launcher.daemon.bootstrap.GradleDaemon 8.8
java_class_path (initial): C:\Users\ZIDANE\.gradle\wrapper\dists\gradle-8.8-bin\dl7vupf4psengwqhwktix4v1\gradle-8.8\lib\gradle-launcher-8.8.jar
Launcher Type: SUN_STANDARD

[Global flags]
     intx CICompilerCount                          = 3                                         {product} {ergonomic}
     uint ConcGCThreads                            = 1                                         {product} {ergonomic}
     uint G1ConcRefinementThreads                  = 4                                         {product} {ergonomic}
   size_t G1HeapRegionSize                         = 4194304                                   {product} {ergonomic}
    uintx GCDrainStackTargetSize                   = 64                                        {product} {ergonomic}
   size_t InitialHeapSize                          = 67108864                                  {product} {ergonomic}
   size_t MarkStackSize                            = 4194304                                   {product} {ergonomic}
   size_t MaxHeapSize                              = 4831838208                                {product} {command line}
   size_t MaxNewSize                               = 2898264064                                {product} {ergonomic}
   size_t MinHeapDeltaBytes                        = 4194304                                   {product} {ergonomic}
   size_t MinHeapSize                              = 8388608                                   {product} {ergonomic}
    uintx NonNMethodCodeHeapSize                   = 5832780                                {pd product} {ergonomic}
    uintx NonProfiledCodeHeapSize                  = 122912730                              {pd product} {ergonomic}
    uintx ProfiledCodeHeapSize                     = 122912730                              {pd product} {ergonomic}
    uintx ReservedCodeCacheSize                    = 251658240                              {pd product} {ergonomic}
     bool SegmentedCodeCache                       = true                                      {product} {ergonomic}
   size_t SoftMaxHeapSize                          = 4831838208                             {manageable} {ergonomic}
     bool UseCompressedClassPointers               = true                           {product lp64_product} {ergonomic}
     bool UseCompressedOops                        = true                           {product lp64_product} {ergonomic}
     bool UseG1GC                                  = true                                      {product} {ergonomic}
     bool UseLargePagesIndividualAllocation        = false                                  {pd product} {ergonomic}

Logging:
Log output configuration:
 #0: stdout all=warning uptime,level,tags
 #1: stderr all=off uptime,level,tags

Environment Variables:
JAVA_HOME=C:\Program Files\Java\jdk-17
CLASSPATH=C:\Users\ZIDANE\houseApp\android\\gradle\wrapper\gradle-wrapper.jar
PATH=C:\Users\ZIDANE\houseApp\node_modules\.bin;C:\Users\ZIDANE\houseApp\node_modules\.bin;C:\Users\ZIDANE\node_modules\.bin;C:\Users\node_modules\.bin;C:\node_modules\.bin;C:\Program Files\nodejs\node_modules\npm\node_modules\@npmcli\run-script\lib\node-gyp-bin;C:\Users\ZIDANE\houseApp\node_modules\.bin;C:\Users\ZIDANE\node_modules\.bin;C:\Users\node_modules\.bin;C:\node_modules\.bin;C:\Program Files\nodejs\node_modules\npm\node_modules\@npmcli\run-script\lib\node-gyp-bin;C:\Program Files\Common Files\Oracle\Java\javapath;C:\Program Files (x86)\Common Files\Oracle\Java\java8path;C:\Program Files (x86)\Common Files\Oracle\Java\javapath;C:\Program Files\Java\jdk-17\bin;C:\WINDOWS\system32;C:\WINDOWS;C:\WINDOWS\System32\Wbem;C:\WINDOWS\System32\WindowsPowerShell\v1.0\;C:\WINDOWS\System32\OpenSSH\;C:\Program Files\nodejs\;C:\Program Files\Git\cmd;choco;C:\ProgramData\chocolatey\bin;STM32CubeProgrammer path\bin;C:\Program Files\php-8.3.6;C:\Program Files\Java\jdk-17\bin;C:\WINDOWS\system32;C:\WINDOWS;C:\WINDOWS\System32\Wbem;C:\WINDOWS\System32\WindowsPowerShell\v1.0\;C:\WINDOWS\System32\OpenSSH\;C:\Program Files\nodejs\;C:\Program Files\Git\cmd;choco;C:\ProgramData\chocolatey\bin;STM32CubeProgrammer path\bin;C:\Program Files\php-8.3.6;C:\Users\ZIDANE\AppData\Local\Android\Sdk\tools;C:\Users\ZIDANE\AppData\Local\Microsoft\WindowsApps;C:\Users\ZIDANE\AppData\Local\Programs\Microsoft VS Code\bin;C:\Users\ZIDANE\AppData\Roaming\npm;C:\Users\ZIDANE\AppData\Local\Android\Sdk\platform-tools;C:\flutter\flutter\bin;C:\Program Files\Java\jdk-17\bin;
USERNAME=ZIDANE
LANG=en_US.UTF-8
OS=Windows_NT
PROCESSOR_IDENTIFIER=Intel64 Family 6 Model 58 Stepping 9, GenuineIntel



---------------  S Y S T E M  ---------------

OS:
 Windows 10 , 64 bit Build 19041 (10.0.19041.3636)
OS uptime: 7 days 0:27 hours

CPU: total 4 (initial active 4) (2 cores per cpu, 2 threads per core) family 6 model 58 stepping 9 microcode 0x21, cx8, cmov, fxsr, ht, mmx, sse, sse2, sse3, ssse3, sse4.1, sse4.2, popcnt, tsc, tscinvbit, avx, aes, erms, clmul, vzeroupper, clflush

Memory: 4k page, system-wide physical 3999M (49M free)
TotalPageFile size 16287M (AvailPageFile size 0M)
current process WorkingSet (physical memory assigned to process): 354M, peak: 432M
current process commit charge ("private bytes"): 1064M, peak: 1067M

vm_info: Java HotSpot(TM) 64-Bit Server VM (17.0.12+8-LTS-286) for windows-amd64 JRE (17.0.12+8-LTS-286), built on Jun  5 2024 06:46:59 by "mach5one" with MS VC++ 17.6 (VS2022)

END.
