#
# There is insufficient memory for the Java Runtime Environment to continue.
# Native memory allocation (mmap) failed to map 65536 bytes for Failed to commit metaspace.
# Possible reasons:
#   The system is out of physical RAM or swap space
#   The process is running with CompressedOops enabled, and the Java Heap may be blocking the growth of the native heap
# Possible solutions:
#   Reduce memory load on the system
#   Increase physical memory or swap space
#   Check if swap backing store is full
#   Decrease Java heap size (-Xmx/-Xms)
#   Decrease number of Java threads
#   Decrease Java thread stack sizes (-Xss)
#   Set larger code cache with -XX:ReservedCodeCacheSize=
#   JVM is running with Unscaled Compressed Oops mode in which the Java heap is
#     placed in the first 4GB address space. The Java Heap base address is the
#     maximum limit for the native heap growth. Please use -XX:HeapBaseMinAddress
#     to set the Java Heap base and to place the Java Heap above 4GB virtual address.
# This output file may be truncated or incomplete.
#
#  Out of Memory Error (virtualSpaceNode.cpp:110), pid=15304, tid=14660
#
# JRE version: Java(TM) SE Runtime Environment (17.0.12+8) (build 17.0.12+8-LTS-286)
# Java VM: Java HotSpot(TM) 64-Bit Server VM (17.0.12+8-LTS-286, mixed mode, tiered, compressed oops, compressed class ptrs, g1 gc, windows-amd64)
# No core dump will be written. Minidumps are not enabled by default on client versions of Windows
#

---------------  S U M M A R Y ------------

Command Line: -Xmx64m -Xms64m -Dorg.gradle.appname=gradlew org.gradle.wrapper.GradleWrapperMain app:installDebug -PreactNativeDevServerPort=8081

Host: Intel(R) Core(TM) i5-3320M CPU @ 2.60GHz, 4 cores, 3G,  Windows 10 , 64 bit Build 19041 (10.0.19041.3636)
Time: Fri Aug 23 00:59:14 2024 Afr. centrale Ouest elapsed time: 0.570979 seconds (0d 0h 0m 0s)

---------------  T H R E A D  ---------------

Current thread (0x000001c9e13cba90):  JavaThread "main" [_thread_in_vm, id=14660, stack(0x0000006a5f300000,0x0000006a5f400000)]

Stack: [0x0000006a5f300000,0x0000006a5f400000]
Native frames: (J=compiled Java code, j=interpreted, Vv=VM code, C=native code)
V  [jvm.dll+0x67a04a]
V  [jvm.dll+0x7da4ed]
V  [jvm.dll+0x7dbe33]
V  [jvm.dll+0x7dc4a3]
V  [jvm.dll+0x24508f]
V  [jvm.dll+0x7d60bb]
V  [jvm.dll+0x6206c6]
V  [jvm.dll+0x62072a]
V  [jvm.dll+0x622f4d]
V  [jvm.dll+0x621086]
V  [jvm.dll+0x23a821]
V  [jvm.dll+0x1e8e87]
V  [jvm.dll+0x1dea41]
V  [jvm.dll+0x53f78c]
V  [jvm.dll+0x1ef3ca]
V  [jvm.dll+0x7547ad]
V  [jvm.dll+0x755bc6]
V  [jvm.dll+0x755ef8]
V  [jvm.dll+0x23d13b]
V  [jvm.dll+0x23d38f]
V  [jvm.dll+0x55dc68]
V  [jvm.dll+0x560b4e]
V  [jvm.dll+0x380f73]
V  [jvm.dll+0x3805df]
C  0x000001c9f01da34a

Java frames: (J=compiled Java code, j=interpreted, Vv=VM code)
j  jdk.internal.module.ModuleBootstrap.boot2()Ljava/lang/ModuleLayer;+1200 java.base@17.0.12
j  jdk.internal.module.ModuleBootstrap.boot()Ljava/lang/ModuleLayer;+64 java.base@17.0.12
j  java.lang.System.initPhase2(ZZ)I+0 java.base@17.0.12
v  ~StubRoutines::call_stub

---------------  P R O C E S S  ---------------

Threads class SMR info:
_java_thread_list=0x000001c98013ac90, length=10, elements={
0x000001c9e13cba90, 0x000001c9800fd7b0, 0x000001c98016db50, 0x000001c98019d010,
0x000001c98019dae0, 0x000001c9801a04c0, 0x000001c9801a11a0, 0x000001c9801b2f00,
0x000001c9801b38c0, 0x000001c9801b65d0
}

Java Threads: ( => current thread )
=>0x000001c9e13cba90 JavaThread "main" [_thread_in_vm, id=14660, stack(0x0000006a5f300000,0x0000006a5f400000)]
  0x000001c9800fd7b0 JavaThread "Reference Handler" daemon [_thread_blocked, id=10580, stack(0x0000006a5fa00000,0x0000006a5fb00000)]
  0x000001c98016db50 JavaThread "Finalizer" daemon [_thread_blocked, id=124, stack(0x0000006a5fb00000,0x0000006a5fc00000)]
  0x000001c98019d010 JavaThread "Signal Dispatcher" daemon [_thread_blocked, id=4120, stack(0x0000006a5fc00000,0x0000006a5fd00000)]
  0x000001c98019dae0 JavaThread "Attach Listener" daemon [_thread_blocked, id=4396, stack(0x0000006a5fd00000,0x0000006a5fe00000)]
  0x000001c9801a04c0 JavaThread "Service Thread" daemon [_thread_blocked, id=3560, stack(0x0000006a5fe00000,0x0000006a5ff00000)]
  0x000001c9801a11a0 JavaThread "Monitor Deflation Thread" daemon [_thread_blocked, id=13304, stack(0x0000006a5ff00000,0x0000006a60000000)]
  0x000001c9801b2f00 JavaThread "C2 CompilerThread0" daemon [_thread_blocked, id=14344, stack(0x0000006a60000000,0x0000006a60100000)]
  0x000001c9801b38c0 JavaThread "C1 CompilerThread0" daemon [_thread_blocked, id=14964, stack(0x0000006a60100000,0x0000006a60200000)]
  0x000001c9801b65d0 JavaThread "Sweeper thread" daemon [_thread_blocked, id=14292, stack(0x0000006a60200000,0x0000006a60300000)]

Other Threads:
  0x000001c9800e8510 VMThread "VM Thread" [stack: 0x0000006a5f900000,0x0000006a5fa00000] [id=4812]
  0x000001c9e13eaf50 GCTaskThread "GC Thread#0" [stack: 0x0000006a5f400000,0x0000006a5f500000] [id=5268]
  0x000001c9e13ed5c0 ConcurrentGCThread "G1 Main Marker" [stack: 0x0000006a5f500000,0x0000006a5f600000] [id=15220]
  0x000001c9e13edee0 ConcurrentGCThread "G1 Conc#0" [stack: 0x0000006a5f600000,0x0000006a5f700000] [id=12168]
  0x000001c9e143e3a0 ConcurrentGCThread "G1 Refine#0" [stack: 0x0000006a5f700000,0x0000006a5f800000] [id=15240]
  0x000001c9e143ece0 ConcurrentGCThread "G1 Service" [stack: 0x0000006a5f800000,0x0000006a5f900000] [id=2204]

Threads with active compile tasks:

VM state: not at safepoint (normal execution)

VM Mutex/Monitor currently owned by a thread:  ([mutex/lock_event])
[0x000001c9e13c6330] Metaspace_lock - owner thread: 0x000001c9e13cba90

Heap address: 0x00000000fc000000, size: 64 MB, Compressed Oops mode: 32-bit

CDS archive(s) not mapped
Compressed class space mapped at: 0x0000000100000000-0x0000000140000000, reserved size: 1073741824
Narrow klass base: 0x0000000000000000, Narrow klass shift: 3, Narrow klass range: 0x140000000

GC Precious Log:
 CPUs: 4 total, 4 available
 Memory: 3999M
 Large Page Support: Disabled
 NUMA Support: Disabled
 Compressed Oops: Enabled (32-bit)
 Heap Region Size: 1M
 Heap Min Capacity: 64M
 Heap Initial Capacity: 64M
 Heap Max Capacity: 64M
 Pre-touch: Disabled
 Parallel Workers: 4
 Concurrent Workers: 1
 Concurrent Refinement Workers: 4
 Periodic GC: Disabled

Heap:
 garbage-first heap   total 65536K, used 0K [0x00000000fc000000, 0x0000000100000000)
  region size 1024K, 1 young (1024K), 0 survivors (0K)
 Metaspace       used 3403K, committed 3456K, reserved 1114112K
  class space    used 268K, committed 320K, reserved 1048576K

Heap Regions: E=young(eden), S=young(survivor), O=old, HS=humongous(starts), HC=humongous(continues), CS=collection set, F=free, OA=open archive, CA=closed archive, TAMS=top-at-mark-start (previous, next)
|   0|0x00000000fc000000, 0x00000000fc000000, 0x00000000fc100000|  0%| F|  |TAMS 0x00000000fc000000, 0x00000000fc000000| Untracked 
|   1|0x00000000fc100000, 0x00000000fc100000, 0x00000000fc200000|  0%| F|  |TAMS 0x00000000fc100000, 0x00000000fc100000| Untracked 
|   2|0x00000000fc200000, 0x00000000fc200000, 0x00000000fc300000|  0%| F|  |TAMS 0x00000000fc200000, 0x00000000fc200000| Untracked 
|   3|0x00000000fc300000, 0x00000000fc300000, 0x00000000fc400000|  0%| F|  |TAMS 0x00000000fc300000, 0x00000000fc300000| Untracked 
|   4|0x00000000fc400000, 0x00000000fc400000, 0x00000000fc500000|  0%| F|  |TAMS 0x00000000fc400000, 0x00000000fc400000| Untracked 
|   5|0x00000000fc500000, 0x00000000fc500000, 0x00000000fc600000|  0%| F|  |TAMS 0x00000000fc500000, 0x00000000fc500000| Untracked 
|   6|0x00000000fc600000, 0x00000000fc600000, 0x00000000fc700000|  0%| F|  |TAMS 0x00000000fc600000, 0x00000000fc600000| Untracked 
|   7|0x00000000fc700000, 0x00000000fc700000, 0x00000000fc800000|  0%| F|  |TAMS 0x00000000fc700000, 0x00000000fc700000| Untracked 
|   8|0x00000000fc800000, 0x00000000fc800000, 0x00000000fc900000|  0%| F|  |TAMS 0x00000000fc800000, 0x00000000fc800000| Untracked 
|   9|0x00000000fc900000, 0x00000000fc900000, 0x00000000fca00000|  0%| F|  |TAMS 0x00000000fc900000, 0x00000000fc900000| Untracked 
|  10|0x00000000fca00000, 0x00000000fca00000, 0x00000000fcb00000|  0%| F|  |TAMS 0x00000000fca00000, 0x00000000fca00000| Untracked 
|  11|0x00000000fcb00000, 0x00000000fcb00000, 0x00000000fcc00000|  0%| F|  |TAMS 0x00000000fcb00000, 0x00000000fcb00000| Untracked 
|  12|0x00000000fcc00000, 0x00000000fcc00000, 0x00000000fcd00000|  0%| F|  |TAMS 0x00000000fcc00000, 0x00000000fcc00000| Untracked 
|  13|0x00000000fcd00000, 0x00000000fcd00000, 0x00000000fce00000|  0%| F|  |TAMS 0x00000000fcd00000, 0x00000000fcd00000| Untracked 
|  14|0x00000000fce00000, 0x00000000fce00000, 0x00000000fcf00000|  0%| F|  |TAMS 0x00000000fce00000, 0x00000000fce00000| Untracked 
|  15|0x00000000fcf00000, 0x00000000fcf00000, 0x00000000fd000000|  0%| F|  |TAMS 0x00000000fcf00000, 0x00000000fcf00000| Untracked 
|  16|0x00000000fd000000, 0x00000000fd000000, 0x00000000fd100000|  0%| F|  |TAMS 0x00000000fd000000, 0x00000000fd000000| Untracked 
|  17|0x00000000fd100000, 0x00000000fd100000, 0x00000000fd200000|  0%| F|  |TAMS 0x00000000fd100000, 0x00000000fd100000| Untracked 
|  18|0x00000000fd200000, 0x00000000fd200000, 0x00000000fd300000|  0%| F|  |TAMS 0x00000000fd200000, 0x00000000fd200000| Untracked 
|  19|0x00000000fd300000, 0x00000000fd300000, 0x00000000fd400000|  0%| F|  |TAMS 0x00000000fd300000, 0x00000000fd300000| Untracked 
|  20|0x00000000fd400000, 0x00000000fd400000, 0x00000000fd500000|  0%| F|  |TAMS 0x00000000fd400000, 0x00000000fd400000| Untracked 
|  21|0x00000000fd500000, 0x00000000fd500000, 0x00000000fd600000|  0%| F|  |TAMS 0x00000000fd500000, 0x00000000fd500000| Untracked 
|  22|0x00000000fd600000, 0x00000000fd600000, 0x00000000fd700000|  0%| F|  |TAMS 0x00000000fd600000, 0x00000000fd600000| Untracked 
|  23|0x00000000fd700000, 0x00000000fd700000, 0x00000000fd800000|  0%| F|  |TAMS 0x00000000fd700000, 0x00000000fd700000| Untracked 
|  24|0x00000000fd800000, 0x00000000fd800000, 0x00000000fd900000|  0%| F|  |TAMS 0x00000000fd800000, 0x00000000fd800000| Untracked 
|  25|0x00000000fd900000, 0x00000000fd900000, 0x00000000fda00000|  0%| F|  |TAMS 0x00000000fd900000, 0x00000000fd900000| Untracked 
|  26|0x00000000fda00000, 0x00000000fda00000, 0x00000000fdb00000|  0%| F|  |TAMS 0x00000000fda00000, 0x00000000fda00000| Untracked 
|  27|0x00000000fdb00000, 0x00000000fdb00000, 0x00000000fdc00000|  0%| F|  |TAMS 0x00000000fdb00000, 0x00000000fdb00000| Untracked 
|  28|0x00000000fdc00000, 0x00000000fdc00000, 0x00000000fdd00000|  0%| F|  |TAMS 0x00000000fdc00000, 0x00000000fdc00000| Untracked 
|  29|0x00000000fdd00000, 0x00000000fdd00000, 0x00000000fde00000|  0%| F|  |TAMS 0x00000000fdd00000, 0x00000000fdd00000| Untracked 
|  30|0x00000000fde00000, 0x00000000fde00000, 0x00000000fdf00000|  0%| F|  |TAMS 0x00000000fde00000, 0x00000000fde00000| Untracked 
|  31|0x00000000fdf00000, 0x00000000fdf00000, 0x00000000fe000000|  0%| F|  |TAMS 0x00000000fdf00000, 0x00000000fdf00000| Untracked 
|  32|0x00000000fe000000, 0x00000000fe000000, 0x00000000fe100000|  0%| F|  |TAMS 0x00000000fe000000, 0x00000000fe000000| Untracked 
|  33|0x00000000fe100000, 0x00000000fe100000, 0x00000000fe200000|  0%| F|  |TAMS 0x00000000fe100000, 0x00000000fe100000| Untracked 
|  34|0x00000000fe200000, 0x00000000fe200000, 0x00000000fe300000|  0%| F|  |TAMS 0x00000000fe200000, 0x00000000fe200000| Untracked 
|  35|0x00000000fe300000, 0x00000000fe300000, 0x00000000fe400000|  0%| F|  |TAMS 0x00000000fe300000, 0x00000000fe300000| Untracked 
|  36|0x00000000fe400000, 0x00000000fe400000, 0x00000000fe500000|  0%| F|  |TAMS 0x00000000fe400000, 0x00000000fe400000| Untracked 
|  37|0x00000000fe500000, 0x00000000fe500000, 0x00000000fe600000|  0%| F|  |TAMS 0x00000000fe500000, 0x00000000fe500000| Untracked 
|  38|0x00000000fe600000, 0x00000000fe600000, 0x00000000fe700000|  0%| F|  |TAMS 0x00000000fe600000, 0x00000000fe600000| Untracked 
|  39|0x00000000fe700000, 0x00000000fe700000, 0x00000000fe800000|  0%| F|  |TAMS 0x00000000fe700000, 0x00000000fe700000| Untracked 
|  40|0x00000000fe800000, 0x00000000fe800000, 0x00000000fe900000|  0%| F|  |TAMS 0x00000000fe800000, 0x00000000fe800000| Untracked 
|  41|0x00000000fe900000, 0x00000000fe900000, 0x00000000fea00000|  0%| F|  |TAMS 0x00000000fe900000, 0x00000000fe900000| Untracked 
|  42|0x00000000fea00000, 0x00000000fea00000, 0x00000000feb00000|  0%| F|  |TAMS 0x00000000fea00000, 0x00000000fea00000| Untracked 
|  43|0x00000000feb00000, 0x00000000feb00000, 0x00000000fec00000|  0%| F|  |TAMS 0x00000000feb00000, 0x00000000feb00000| Untracked 
|  44|0x00000000fec00000, 0x00000000fec00000, 0x00000000fed00000|  0%| F|  |TAMS 0x00000000fec00000, 0x00000000fec00000| Untracked 
|  45|0x00000000fed00000, 0x00000000fed00000, 0x00000000fee00000|  0%| F|  |TAMS 0x00000000fed00000, 0x00000000fed00000| Untracked 
|  46|0x00000000fee00000, 0x00000000fee00000, 0x00000000fef00000|  0%| F|  |TAMS 0x00000000fee00000, 0x00000000fee00000| Untracked 
|  47|0x00000000fef00000, 0x00000000fef00000, 0x00000000ff000000|  0%| F|  |TAMS 0x00000000fef00000, 0x00000000fef00000| Untracked 
|  48|0x00000000ff000000, 0x00000000ff000000, 0x00000000ff100000|  0%| F|  |TAMS 0x00000000ff000000, 0x00000000ff000000| Untracked 
|  49|0x00000000ff100000, 0x00000000ff100000, 0x00000000ff200000|  0%| F|  |TAMS 0x00000000ff100000, 0x00000000ff100000| Untracked 
|  50|0x00000000ff200000, 0x00000000ff200000, 0x00000000ff300000|  0%| F|  |TAMS 0x00000000ff200000, 0x00000000ff200000| Untracked 
|  51|0x00000000ff300000, 0x00000000ff300000, 0x00000000ff400000|  0%| F|  |TAMS 0x00000000ff300000, 0x00000000ff300000| Untracked 
|  52|0x00000000ff400000, 0x00000000ff400000, 0x00000000ff500000|  0%| F|  |TAMS 0x00000000ff400000, 0x00000000ff400000| Untracked 
|  53|0x00000000ff500000, 0x00000000ff500000, 0x00000000ff600000|  0%| F|  |TAMS 0x00000000ff500000, 0x00000000ff500000| Untracked 
|  54|0x00000000ff600000, 0x00000000ff600000, 0x00000000ff700000|  0%| F|  |TAMS 0x00000000ff600000, 0x00000000ff600000| Untracked 
|  55|0x00000000ff700000, 0x00000000ff700000, 0x00000000ff800000|  0%| F|  |TAMS 0x00000000ff700000, 0x00000000ff700000| Untracked 
|  56|0x00000000ff800000, 0x00000000ff800000, 0x00000000ff900000|  0%| F|  |TAMS 0x00000000ff800000, 0x00000000ff800000| Untracked 
|  57|0x00000000ff900000, 0x00000000ff900000, 0x00000000ffa00000|  0%| F|  |TAMS 0x00000000ff900000, 0x00000000ff900000| Untracked 
|  58|0x00000000ffa00000, 0x00000000ffa00000, 0x00000000ffb00000|  0%| F|  |TAMS 0x00000000ffa00000, 0x00000000ffa00000| Untracked 
|  59|0x00000000ffb00000, 0x00000000ffb00000, 0x00000000ffc00000|  0%| F|  |TAMS 0x00000000ffb00000, 0x00000000ffb00000| Untracked 
|  60|0x00000000ffc00000, 0x00000000ffc00000, 0x00000000ffd00000|  0%| F|  |TAMS 0x00000000ffc00000, 0x00000000ffc00000| Untracked 
|  61|0x00000000ffd00000, 0x00000000ffd00000, 0x00000000ffe00000|  0%| F|  |TAMS 0x00000000ffd00000, 0x00000000ffd00000| Untracked 
|  62|0x00000000ffe00000, 0x00000000ffe00000, 0x00000000fff00000|  0%| F|  |TAMS 0x00000000ffe00000, 0x00000000ffe00000| Untracked 
|  63|0x00000000fff00000, 0x0000000100000000, 0x0000000100000000|100%| E|  |TAMS 0x00000000fff00000, 0x00000000fff00000| Complete 

Card table byte_map: [0x000001c9e1210000,0x000001c9e1230000] _byte_map_base: 0x000001c9e0a30000

Marking Bits (Prev, Next): (CMBitMap*) 0x000001c9e13eb480, (CMBitMap*) 0x000001c9e13eb4c0
 Prev Bits: [0x000001c9e1250000, 0x000001c9e1350000)
 Next Bits: [0x000001c9f7c90000, 0x000001c9f7d90000)

Polling page: 0x000001c9e0ba0000

Metaspace:

Usage:
  Non-class:      3.06 MB used.
      Class:    268.75 KB used.
       Both:      3.32 MB used.

Virtual space:
  Non-class space:       64.00 MB reserved,       3.06 MB (  5%) committed,  1 nodes.
      Class space:        1.00 GB reserved,     320.00 KB ( <1%) committed,  1 nodes.
             Both:        1.06 GB reserved,       3.38 MB ( <1%) committed. 

Chunk freelists:
   Non-Class:  12.00 MB
       Class:  15.62 MB
        Both:  27.62 MB

MaxMetaspaceSize: unlimited
CompressedClassSpaceSize: 1.00 GB
Initial GC threshold: 21.00 MB
Current GC threshold: 21.00 MB
CDS: off
MetaspaceReclaimPolicy: balanced
 - commit_granule_bytes: 65536.
 - commit_granule_words: 8192.
 - virtual_space_node_default_size: 8388608.
 - enlarge_chunks_in_place: 1.
 - new_chunks_are_fully_committed: 0.
 - uncommit_free_chunks: 1.
 - use_allocation_guard: 0.
 - handle_deallocations: 1.


Internal statistics:

num_allocs_failed_limit: 0.
num_arena_births: 2.
num_arena_deaths: 0.
num_vsnodes_births: 2.
num_vsnodes_deaths: 0.
num_space_committed: 54.
num_space_uncommitted: 0.
num_chunks_returned_to_freelist: 0.
num_chunks_taken_from_freelist: 4.
num_chunk_merges: 0.
num_chunk_splits: 2.
num_chunks_enlarged: 0.
num_inconsistent_stats: 0.

CodeHeap 'non-profiled nmethods': size=120000Kb used=6Kb max_used=6Kb free=119993Kb
 bounds [0x000001c9f0760000, 0x000001c9f09d0000, 0x000001c9f7c90000]
CodeHeap 'profiled nmethods': size=120000Kb used=59Kb max_used=59Kb free=119940Kb
 bounds [0x000001c9e8c90000, 0x000001c9e8f00000, 0x000001c9f01c0000]
CodeHeap 'non-nmethods': size=5760Kb used=1029Kb max_used=1043Kb free=4730Kb
 bounds [0x000001c9f01c0000, 0x000001c9f0430000, 0x000001c9f0760000]
 total_blobs=328 nmethods=44 adapters=197
 compilation: enabled
              stopped_count=0, restarted_count=0
 full_count=0

Compilation events (20 events):
Event: 0.551 Thread 0x000001c9801b38c0   33       3       java.util.ImmutableCollections$MapN::probe (60 bytes)
Event: 0.552 Thread 0x000001c9801b38c0 nmethod 33 0x000001c9e8c98d10 code [0x000001c9e8c98f00, 0x000001c9e8c99458]
Event: 0.553 Thread 0x000001c9801b38c0   34       3       java.util.ImmutableCollections$SetN$SetNIterator::next (90 bytes)
Event: 0.553 Thread 0x000001c9801b38c0 nmethod 34 0x000001c9e8c99690 code [0x000001c9e8c99840, 0x000001c9e8c99b48]
Event: 0.553 Thread 0x000001c9801b38c0   35       3       java.util.ImmutableCollections$MapN::get (35 bytes)
Event: 0.553 Thread 0x000001c9801b38c0 nmethod 35 0x000001c9e8c99c90 code [0x000001c9e8c99e60, 0x000001c9e8c9a218]
Event: 0.553 Thread 0x000001c9801b38c0   36       3       java.util.ImmutableCollections$SetN$SetNIterator::hasNext (13 bytes)
Event: 0.554 Thread 0x000001c9801b38c0 nmethod 36 0x000001c9e8c9a390 code [0x000001c9e8c9a520, 0x000001c9e8c9a698]
Event: 0.560 Thread 0x000001c9801b38c0   37       3       java.util.HashMap::hash (20 bytes)
Event: 0.560 Thread 0x000001c9801b38c0 nmethod 37 0x000001c9e8c9a710 code [0x000001c9e8c9a8c0, 0x000001c9e8c9aac8]
Event: 0.560 Thread 0x000001c9801b38c0   38   !   3       java.util.concurrent.ConcurrentHashMap::putVal (432 bytes)
Event: 0.562 Thread 0x000001c9801b38c0 nmethod 38 0x000001c9e8c9ab90 code [0x000001c9e8c9af00, 0x000001c9e8c9c9e8]
Event: 0.562 Thread 0x000001c9801b38c0   39       3       java.util.concurrent.ConcurrentHashMap$Node::<init> (20 bytes)
Event: 0.562 Thread 0x000001c9801b38c0 nmethod 39 0x000001c9e8c9d390 code [0x000001c9e8c9d540, 0x000001c9e8c9d778]
Event: 0.562 Thread 0x000001c9801b38c0   40       3       java.util.concurrent.ConcurrentHashMap::addCount (280 bytes)
Event: 0.563 Thread 0x000001c9801b38c0 nmethod 40 0x000001c9e8c9d810 code [0x000001c9e8c9da60, 0x000001c9e8c9e3e8]
Event: 0.563 Thread 0x000001c9801b38c0   44       3       java.util.concurrent.ConcurrentHashMap::putIfAbsent (8 bytes)
Event: 0.563 Thread 0x000001c9801b38c0 nmethod 44 0x000001c9e8c9e690 code [0x000001c9e8c9e820, 0x000001c9e8c9e968]
Event: 0.563 Thread 0x000001c9801b38c0   43       3       java.util.concurrent.ConcurrentHashMap::casTabAt (21 bytes)
Event: 0.563 Thread 0x000001c9801b38c0 nmethod 43 0x000001c9e8c9ea10 code [0x000001c9e8c9eba0, 0x000001c9e8c9ed18]

GC Heap History (0 events):
No events

Deoptimization events (0 events):
No events

Classes unloaded (0 events):
No events

Classes redefined (0 events):
No events

Internal exceptions (0 events):
No events

VM Operations (0 events):
No events

Events (20 events):
Event: 0.542 loading class java/util/ImmutableCollections$SetN$SetNIterator done
Event: 0.543 loading class java/lang/module/Configuration
Event: 0.546 loading class java/lang/module/Configuration done
Event: 0.546 loading class java/lang/module/ResolvedModule
Event: 0.546 loading class java/lang/module/ResolvedModule done
Event: 0.546 loading class java/util/AbstractMap$1
Event: 0.549 loading class java/util/AbstractMap$1 done
Event: 0.549 loading class java/util/AbstractMap$1$1
Event: 0.550 loading class java/util/AbstractMap$1$1 done
Event: 0.551 loading class java/util/ImmutableCollections$Set12$1
Event: 0.552 loading class java/util/ImmutableCollections$Set12$1 done
Event: 0.553 loading class jdk/internal/module/ModuleLoaderMap
Event: 0.554 loading class jdk/internal/module/ModuleLoaderMap done
Event: 0.554 loading class jdk/internal/module/ModuleLoaderMap$Mapper
Event: 0.554 loading class java/util/function/Function
Event: 0.556 loading class java/util/function/Function done
Event: 0.556 loading class jdk/internal/module/ModuleLoaderMap$Mapper done
Event: 0.556 loading class jdk/internal/module/ModuleLoaderMap$Modules
Event: 0.559 loading class jdk/internal/module/ModuleLoaderMap$Modules done
Event: 0.561 loading class java/lang/ModuleLayer


Dynamic libraries:
0x00007ff6b1550000 - 0x00007ff6b1560000 	C:\Program Files\Java\jdk-17\bin\java.exe
0x00007ffdd6850000 - 0x00007ffdd6a48000 	C:\WINDOWS\SYSTEM32\ntdll.dll
0x00007ffdd5600000 - 0x00007ffdd56bd000 	C:\WINDOWS\System32\KERNEL32.DLL
0x00007ffdd4000000 - 0x00007ffdd42f6000 	C:\WINDOWS\System32\KERNELBASE.dll
0x00007ffdd3f00000 - 0x00007ffdd4000000 	C:\WINDOWS\System32\ucrtbase.dll
0x00007ffda6a60000 - 0x00007ffda6a79000 	C:\Program Files\Java\jdk-17\bin\jli.dll
0x00007ffd9c580000 - 0x00007ffd9c59b000 	C:\Program Files\Java\jdk-17\bin\VCRUNTIME140.dll
0x00007ffdd5e70000 - 0x00007ffdd5f20000 	C:\WINDOWS\System32\ADVAPI32.dll
0x00007ffdd5790000 - 0x00007ffdd582e000 	C:\WINDOWS\System32\msvcrt.dll
0x00007ffdd5cb0000 - 0x00007ffdd5d50000 	C:\WINDOWS\System32\sechost.dll
0x00007ffdd48e0000 - 0x00007ffdd4a03000 	C:\WINDOWS\System32\RPCRT4.dll
0x00007ffdd4680000 - 0x00007ffdd46a7000 	C:\WINDOWS\System32\bcrypt.dll
0x00007ffdd5830000 - 0x00007ffdd59cf000 	C:\WINDOWS\System32\USER32.dll
0x00007ffdd4300000 - 0x00007ffdd4322000 	C:\WINDOWS\System32\win32u.dll
0x00007ffdc0d30000 - 0x00007ffdc0fca000 	C:\WINDOWS\WinSxS\amd64_microsoft.windows.common-controls_6595b64144ccf1df_6.0.19041.4355_none_60b8b9eb71f62e16\COMCTL32.dll
0x00007ffdd5f20000 - 0x00007ffdd5f4b000 	C:\WINDOWS\System32\GDI32.dll
0x00007ffdd46b0000 - 0x00007ffdd47c7000 	C:\WINDOWS\System32\gdi32full.dll
0x00007ffdd45e0000 - 0x00007ffdd467d000 	C:\WINDOWS\System32\msvcp_win.dll
0x00007ffdc4090000 - 0x00007ffdc409a000 	C:\WINDOWS\SYSTEM32\VERSION.dll
0x00007ffdd6000000 - 0x00007ffdd6032000 	C:\WINDOWS\System32\IMM32.DLL
0x00007ffdbea70000 - 0x00007ffdbea7c000 	C:\Program Files\Java\jdk-17\bin\vcruntime140_1.dll
0x00007ffd78e20000 - 0x00007ffd78eae000 	C:\Program Files\Java\jdk-17\bin\msvcp140.dll
0x00007ffd78240000 - 0x00007ffd78e20000 	C:\Program Files\Java\jdk-17\bin\server\jvm.dll
0x00007ffdd4e80000 - 0x00007ffdd4e88000 	C:\WINDOWS\System32\PSAPI.DLL
0x00007ffdc40d0000 - 0x00007ffdc40f7000 	C:\WINDOWS\SYSTEM32\WINMM.dll
0x00007ffdce5f0000 - 0x00007ffdce5f9000 	C:\WINDOWS\SYSTEM32\WSOCK32.dll
0x00007ffdd5e00000 - 0x00007ffdd5e6b000 	C:\WINDOWS\System32\WS2_32.dll
0x00007ffdd2680000 - 0x00007ffdd2692000 	C:\WINDOWS\SYSTEM32\kernel.appcore.dll
0x00007ffdbbff0000 - 0x00007ffdbbffa000 	C:\Program Files\Java\jdk-17\bin\jimage.dll
0x00007ffdbf6d0000 - 0x00007ffdbf8b4000 	C:\WINDOWS\SYSTEM32\DBGHELP.DLL
0x00007ffdbb7a0000 - 0x00007ffdbb7d4000 	C:\WINDOWS\SYSTEM32\dbgcore.DLL
0x00007ffdd4500000 - 0x00007ffdd4582000 	C:\WINDOWS\System32\bcryptPrimitives.dll
0x00007ffd98610000 - 0x00007ffd98635000 	C:\Program Files\Java\jdk-17\bin\java.dll
0x00007ffd78160000 - 0x00007ffd78237000 	C:\Program Files\Java\jdk-17\bin\jsvml.dll
0x00007ffdd4e90000 - 0x00007ffdd55fb000 	C:\WINDOWS\System32\SHELL32.dll
0x00007ffdd1b00000 - 0x00007ffdd229d000 	C:\WINDOWS\SYSTEM32\windows.storage.dll
0x00007ffdd6070000 - 0x00007ffdd63c3000 	C:\WINDOWS\System32\combase.dll
0x00007ffdd3850000 - 0x00007ffdd387e000 	C:\WINDOWS\SYSTEM32\Wldp.dll
0x00007ffdd56c0000 - 0x00007ffdd578d000 	C:\WINDOWS\System32\OLEAUT32.dll
0x00007ffdd5d50000 - 0x00007ffdd5dfd000 	C:\WINDOWS\System32\SHCORE.dll
0x00007ffdd6720000 - 0x00007ffdd6775000 	C:\WINDOWS\System32\shlwapi.dll
0x00007ffdd3e30000 - 0x00007ffdd3e54000 	C:\WINDOWS\SYSTEM32\profapi.dll

dbghelp: loaded successfully - version: 4.0.5 - missing functions: none
symbol engine: initialized successfully - sym options: 0x614 - pdb path: .;C:\Program Files\Java\jdk-17\bin;C:\WINDOWS\SYSTEM32;C:\WINDOWS\WinSxS\amd64_microsoft.windows.common-controls_6595b64144ccf1df_6.0.19041.4355_none_60b8b9eb71f62e16;C:\Program Files\Java\jdk-17\bin\server

VM Arguments:
jvm_args: -Xmx64m -Xms64m -Dorg.gradle.appname=gradlew 
java_command: org.gradle.wrapper.GradleWrapperMain app:installDebug -PreactNativeDevServerPort=8081
java_class_path (initial): C:\Users\ZIDANE\houseApp\android\\gradle\wrapper\gradle-wrapper.jar
Launcher Type: SUN_STANDARD

[Global flags]
     intx CICompilerCount                          = 3                                         {product} {ergonomic}
     uint ConcGCThreads                            = 1                                         {product} {ergonomic}
     uint G1ConcRefinementThreads                  = 4                                         {product} {ergonomic}
   size_t G1HeapRegionSize                         = 1048576                                   {product} {ergonomic}
    uintx GCDrainStackTargetSize                   = 64                                        {product} {ergonomic}
   size_t InitialHeapSize                          = 67108864                                  {product} {command line}
   size_t MarkStackSize                            = 4194304                                   {product} {ergonomic}
   size_t MaxHeapSize                              = 67108864                                  {product} {command line}
   size_t MaxNewSize                               = 39845888                                  {product} {ergonomic}
   size_t MinHeapDeltaBytes                        = 1048576                                   {product} {ergonomic}
   size_t MinHeapSize                              = 67108864                                  {product} {command line}
    uintx NonNMethodCodeHeapSize                   = 5832780                                {pd product} {ergonomic}
    uintx NonProfiledCodeHeapSize                  = 122912730                              {pd product} {ergonomic}
    uintx ProfiledCodeHeapSize                     = 122912730                              {pd product} {ergonomic}
    uintx ReservedCodeCacheSize                    = 251658240                              {pd product} {ergonomic}
     bool SegmentedCodeCache                       = true                                      {product} {ergonomic}
   size_t SoftMaxHeapSize                          = 67108864                               {manageable} {ergonomic}
     bool UseCompressedClassPointers               = true                           {product lp64_product} {ergonomic}
     bool UseCompressedOops                        = true                           {product lp64_product} {ergonomic}
     bool UseG1GC                                  = true                                      {product} {ergonomic}
     bool UseLargePagesIndividualAllocation        = false                                  {pd product} {ergonomic}

Logging:
Log output configuration:
 #0: stdout all=warning uptime,level,tags
 #1: stderr all=off uptime,level,tags

Environment Variables:
JAVA_HOME=C:\Program Files\Java\jdk-17
CLASSPATH=C:\Users\ZIDANE\houseApp\android\\gradle\wrapper\gradle-wrapper.jar
PATH=C:\Users\ZIDANE\houseApp\node_modules\.bin;C:\Users\ZIDANE\node_modules\.bin;C:\Users\node_modules\.bin;C:\node_modules\.bin;C:\Program Files\nodejs\node_modules\npm\node_modules\@npmcli\run-script\lib\node-gyp-bin;C:\Program Files\Common Files\Oracle\Java\javapath;C:\Program Files (x86)\Common Files\Oracle\Java\java8path;C:\Program Files (x86)\Common Files\Oracle\Java\javapath;C:\Program Files\Java\jdk-17\bin;C:\WINDOWS\system32;C:\WINDOWS;C:\WINDOWS\System32\Wbem;C:\WINDOWS\System32\WindowsPowerShell\v1.0\;C:\WINDOWS\System32\OpenSSH\;C:\Program Files\nodejs\;C:\Program Files\Git\cmd;choco;C:\ProgramData\chocolatey\bin;STM32CubeProgrammer path\bin;C:\Program Files\php-8.3.6;C:\Program Files\Java\jdk-17\bin;C:\WINDOWS\system32;C:\WINDOWS;C:\WINDOWS\System32\Wbem;C:\WINDOWS\System32\WindowsPowerShell\v1.0\;C:\WINDOWS\System32\OpenSSH\;C:\Program Files\nodejs\;C:\Program Files\Git\cmd;choco;C:\ProgramData\chocolatey\bin;STM32CubeProgrammer path\bin;C:\Program Files\php-8.3.6;C:\Users\ZIDANE\AppData\Local\Android\Sdk\tools;C:\Users\ZIDANE\AppData\Local\Microsoft\WindowsApps;C:\Users\ZIDANE\AppData\Local\Programs\Microsoft VS Code\bin;C:\Users\ZIDANE\AppData\Roaming\npm;C:\Users\ZIDANE\AppData\Local\Android\Sdk\platform-tools;C:\flutter\flutter\bin;C:\Program Files\Java\jdk-17\bin;
USERNAME=ZIDANE
OS=Windows_NT
PROCESSOR_IDENTIFIER=Intel64 Family 6 Model 58 Stepping 9, GenuineIntel



---------------  S Y S T E M  ---------------

OS:
 Windows 10 , 64 bit Build 19041 (10.0.19041.3636)
OS uptime: 0 days 10:19 hours

CPU: total 4 (initial active 4) (2 cores per cpu, 2 threads per core) family 6 model 58 stepping 9 microcode 0x21, cx8, cmov, fxsr, ht, mmx, sse, sse2, sse3, ssse3, sse4.1, sse4.2, popcnt, tsc, tscinvbit, avx, aes, erms, clmul, vzeroupper, clflush

Memory: 4k page, system-wide physical 3999M (116M free)
TotalPageFile size 16287M (AvailPageFile size 0M)
current process WorkingSet (physical memory assigned to process): 24M, peak: 24M
current process commit charge ("private bytes"): 125M, peak: 125M

vm_info: Java HotSpot(TM) 64-Bit Server VM (17.0.12+8-LTS-286) for windows-amd64 JRE (17.0.12+8-LTS-286), built on Jun  5 2024 06:46:59 by "mach5one" with MS VC++ 17.6 (VS2022)

END.
