#
# There is insufficient memory for the Java Runtime Environment to continue.
# Native memory allocation (mmap) failed to map 759169024 bytes for G1 virtual space
# Possible reasons:
#   The system is out of physical RAM or swap space
#   The process is running with CompressedOops enabled, and the Java Heap may be blocking the growth of the native heap
# Possible solutions:
#   Reduce memory load on the system
#   Increase physical memory or swap space
#   Check if swap backing store is full
#   Decrease Java heap size (-Xmx/-Xms)
#   Decrease number of Java threads
#   Decrease Java thread stack sizes (-Xss)
#   Set larger code cache with -XX:ReservedCodeCacheSize=
#   JVM is running with Zero Based Compressed Oops mode in which the Java heap is
#     placed in the first 32GB address space. The Java Heap base address is the
#     maximum limit for the native heap growth. Please use -XX:HeapBaseMinAddress
#     to set the Java Heap base and to place the Java Heap above 32GB virtual address.
# This output file may be truncated or incomplete.
#
#  Out of Memory Error (os_windows.cpp:3548), pid=1600, tid=1792
#
# JRE version: Java(TM) SE Runtime Environment (17.0.12+8) (build 17.0.12+8-LTS-286)
# Java VM: Java HotSpot(TM) 64-Bit Server VM (17.0.12+8-LTS-286, mixed mode, sharing, tiered, compressed oops, compressed class ptrs, g1 gc, windows-amd64)
# No core dump will be written. Minidumps are not enabled by default on client versions of Windows
#

---------------  S U M M A R Y ------------

Command Line: --add-opens=java.base/java.util=ALL-UNNAMED --add-opens=java.base/java.lang=ALL-UNNAMED --add-opens=java.base/java.lang.invoke=ALL-UNNAMED --add-opens=java.prefs/java.util.prefs=ALL-UNNAMED --add-opens=java.base/java.nio.charset=ALL-UNNAMED --add-opens=java.base/java.net=ALL-UNNAMED --add-opens=java.base/java.util.concurrent.atomic=ALL-UNNAMED -Xmx4608m -Dfile.encoding=windows-1252 -Duser.country=FR -Duser.language=fr -Duser.variant -javaagent:C:\Users\ZIDANE\.gradle\wrapper\dists\gradle-8.7-bin\bhs2wmbdwecv87pi65oeuq5iu\gradle-8.7\lib\agents\gradle-instrumentation-agent-8.7.jar org.gradle.launcher.daemon.bootstrap.GradleDaemon 8.7

Host: Intel(R) Core(TM) i5-3320M CPU @ 2.60GHz, 4 cores, 3G,  Windows 10 , 64 bit Build 19041 (10.0.19041.3636)
Time: Wed Aug 21 01:30:24 2024 Afr. centrale Ouest elapsed time: 163.971124 seconds (0d 0h 2m 43s)

---------------  T H R E A D  ---------------

Current thread (0x00000124cd9de830):  VMThread "VM Thread" [stack: 0x000000213a000000,0x000000213a100000] [id=1792]

Stack: [0x000000213a000000,0x000000213a100000]
Native frames: (J=compiled Java code, j=interpreted, Vv=VM code, C=native code)
V  [jvm.dll+0x67a04a]
V  [jvm.dll+0x7da4ed]
V  [jvm.dll+0x7dbe33]
V  [jvm.dll+0x7dc4a3]
V  [jvm.dll+0x24508f]
V  [jvm.dll+0x677089]
V  [jvm.dll+0x66bd32]
V  [jvm.dll+0x301fa6]
V  [jvm.dll+0x309546]
V  [jvm.dll+0x359d2e]
V  [jvm.dll+0x359f5f]
V  [jvm.dll+0x2d9078]
V  [jvm.dll+0x2d74ad]
V  [jvm.dll+0x2d6afc]
V  [jvm.dll+0x31a65b]
V  [jvm.dll+0x7e0d9b]
V  [jvm.dll+0x7e1ad4]
V  [jvm.dll+0x7e1fed]
V  [jvm.dll+0x7e23c4]
V  [jvm.dll+0x7e2490]
V  [jvm.dll+0x78abea]
V  [jvm.dll+0x678f35]
C  [ucrtbase.dll+0x21bb2]
C  [KERNEL32.DLL+0x17344]
C  [ntdll.dll+0x526b1]

VM_Operation (0x000000213b6f9a70): G1CollectForAllocation, mode: safepoint, requested by thread 0x00000124f113e310


---------------  P R O C E S S  ---------------

Threads class SMR info:
_java_thread_list=0x00000124f8f34700, length=89, elements={
0x00000124cd909290, 0x00000124f1125720, 0x00000124f11264b0, 0x00000124f11393c0,
0x00000124f113bea0, 0x00000124f113f240, 0x00000124f113e820, 0x00000124f1150370,
0x00000124f11799d0, 0x00000124f113ed30, 0x00000124f113f750, 0x00000124f113d8f0,
0x00000124f113fc60, 0x00000124f113ced0, 0x00000124f1140170, 0x00000124f113d3e0,
0x00000124f113c9c0, 0x00000124f113de00, 0x00000124f113e310, 0x00000124f72722f0,
0x00000124f7275590, 0x00000124f7273730, 0x00000124f72764c0, 0x00000124f7275aa0,
0x00000124f72713c0, 0x00000124f72718d0, 0x00000124f7277900, 0x00000124f7270490,
0x00000124f72773f0, 0x00000124f7277e10, 0x00000124f7271de0, 0x00000124f72769d0,
0x00000124f7272800, 0x00000124f7270eb0, 0x00000124f7272d10, 0x00000124f7273c40,
0x00000124f7274150, 0x00000124f7274660, 0x00000124f7274b70, 0x00000124f7273220,
0x00000124f7275080, 0x00000124f84a6520, 0x00000124f84a8890, 0x00000124f84aa6f0,
0x00000124f84a6f40, 0x00000124f84a6010, 0x00000124f84aac00, 0x00000124f84ad480,
0x00000124f84acf70, 0x00000124f84a7e70, 0x00000124f84a9cd0, 0x00000124f84aca60,
0x00000124f84ab620, 0x00000124f84a7960, 0x00000124f84abb30, 0x00000124f84a8380,
0x00000124f84a8da0, 0x00000124f84a92b0, 0x00000124f6ddf240, 0x00000124f6de2f00,
0x00000124f6de15b0, 0x00000124f6de1ac0, 0x00000124f6dde820, 0x00000124f6dde310,
0x00000124f6de10a0, 0x00000124f6dded30, 0x00000124f6de4340, 0x00000124f6ddf750,
0x00000124f6ddfc60, 0x00000124f6de1fd0, 0x00000124f6de0170, 0x00000124f6de24e0,
0x00000124f6de5c90, 0x00000124f6de3410, 0x00000124f6de0680, 0x00000124f6de0b90,
0x00000124f6de3e30, 0x00000124f6de4850, 0x00000124f6de4d60, 0x00000124f6de5270,
0x00000124f6de5780, 0x00000124f96dde40, 0x00000124f96de860, 0x00000124f96daba0,
0x00000124f96db0b0, 0x00000124f96d7900, 0x00000124f96d8d40, 0x00000124f96d8830,
0x00000124f96dca00
}

Java Threads: ( => current thread )
  0x00000124cd909290 JavaThread "main" [_thread_blocked, id=3696, stack(0x0000002139a00000,0x0000002139b00000)]
  0x00000124f1125720 JavaThread "Reference Handler" daemon [_thread_blocked, id=4972, stack(0x000000213a100000,0x000000213a200000)]
  0x00000124f11264b0 JavaThread "Finalizer" daemon [_thread_blocked, id=7220, stack(0x000000213a200000,0x000000213a300000)]
  0x00000124f11393c0 JavaThread "Signal Dispatcher" daemon [_thread_blocked, id=11896, stack(0x000000213a300000,0x000000213a400000)]
  0x00000124f113bea0 JavaThread "Attach Listener" daemon [_thread_blocked, id=1880, stack(0x000000213a400000,0x000000213a500000)]
  0x00000124f113f240 JavaThread "Service Thread" daemon [_thread_blocked, id=3168, stack(0x000000213a500000,0x000000213a600000)]
  0x00000124f113e820 JavaThread "Monitor Deflation Thread" daemon [_thread_blocked, id=10284, stack(0x000000213a600000,0x000000213a700000)]
  0x00000124f1150370 JavaThread "C2 CompilerThread0" daemon [_thread_blocked, id=10128, stack(0x000000213a700000,0x000000213a800000)]
  0x00000124f11799d0 JavaThread "C1 CompilerThread0" daemon [_thread_blocked, id=4204, stack(0x000000213a800000,0x000000213a900000)]
  0x00000124f113ed30 JavaThread "Sweeper thread" daemon [_thread_blocked, id=13892, stack(0x000000213a900000,0x000000213aa00000)]
  0x00000124f113f750 JavaThread "Common-Cleaner" daemon [_thread_blocked, id=13800, stack(0x000000213aa00000,0x000000213ab00000)]
  0x00000124f113d8f0 JavaThread "Notification Thread" daemon [_thread_blocked, id=9884, stack(0x000000213ab00000,0x000000213ac00000)]
  0x00000124f113fc60 JavaThread "Daemon health stats" [_thread_blocked, id=9912, stack(0x000000213b000000,0x000000213b100000)]
  0x00000124f113ced0 JavaThread "Incoming local TCP Connector on port 53222" [_thread_in_native, id=10396, stack(0x000000213b100000,0x000000213b200000)]
  0x00000124f1140170 JavaThread "Daemon periodic checks" [_thread_blocked, id=8892, stack(0x000000213b200000,0x000000213b300000)]
  0x00000124f113d3e0 JavaThread "Daemon" [_thread_blocked, id=10476, stack(0x000000213b300000,0x000000213b400000)]
  0x00000124f113c9c0 JavaThread "Handler for socket connection from /127.0.0.1:53222 to /127.0.0.1:53224" [_thread_in_native, id=3768, stack(0x000000213b400000,0x000000213b500000)]
  0x00000124f113de00 JavaThread "Cancel handler" [_thread_blocked, id=10552, stack(0x000000213b500000,0x000000213b600000)]
  0x00000124f113e310 JavaThread "Daemon worker" [_thread_blocked, id=4188, stack(0x000000213b600000,0x000000213b700000)]
  0x00000124f72722f0 JavaThread "Asynchronous log dispatcher for DefaultDaemonConnection: socket connection from /127.0.0.1:53222 to /127.0.0.1:53224" [_thread_blocked, id=9728, stack(0x000000213b700000,0x000000213b800000)]
  0x00000124f7275590 JavaThread "Stdin handler" [_thread_blocked, id=6352, stack(0x000000213b800000,0x000000213b900000)]
  0x00000124f7273730 JavaThread "Daemon client event forwarder" [_thread_blocked, id=8016, stack(0x000000213b900000,0x000000213ba00000)]
  0x00000124f72764c0 JavaThread "Cache worker for journal cache (C:\Users\ZIDANE\.gradle\caches\journal-1)" [_thread_blocked, id=13584, stack(0x000000213ba00000,0x000000213bb00000)]
  0x00000124f7275aa0 JavaThread "File lock request listener" [_thread_in_native, id=11520, stack(0x000000213bb00000,0x000000213bc00000)]
  0x00000124f72713c0 JavaThread "Cache worker for file hash cache (C:\Users\ZIDANE\.gradle\caches\8.7\fileHashes)" [_thread_blocked, id=11516, stack(0x000000213bc00000,0x000000213bd00000)]
  0x00000124f72718d0 JavaThread "Cache worker for file hash cache (C:\Users\ZIDANE\houseApp\android\.gradle\8.7\fileHashes)" [_thread_blocked, id=3876, stack(0x000000213bd00000,0x000000213be00000)]
  0x00000124f7277900 JavaThread "File watcher server" daemon [_thread_blocked, id=532, stack(0x000000213be00000,0x000000213bf00000)]
  0x00000124f7270490 JavaThread "File watcher consumer" daemon [_thread_blocked, id=11640, stack(0x000000213bf00000,0x000000213c000000)]
  0x00000124f72773f0 JavaThread "Cache worker for checksums cache (C:\Users\ZIDANE\houseApp\android\.gradle\8.7\checksums)" [_thread_blocked, id=13976, stack(0x000000213c000000,0x000000213c100000)]
  0x00000124f7277e10 JavaThread "Cache worker for cache directory md-supplier (C:\Users\ZIDANE\.gradle\caches\8.7\md-supplier)" [_thread_blocked, id=4040, stack(0x000000213c100000,0x000000213c200000)]
  0x00000124f7271de0 JavaThread "Cache worker for cache directory md-rule (C:\Users\ZIDANE\.gradle\caches\8.7\md-rule)" [_thread_blocked, id=7196, stack(0x000000213c200000,0x000000213c300000)]
  0x00000124f72769d0 JavaThread "Cache worker for file content cache (C:\Users\ZIDANE\.gradle\caches\8.7\fileContent)" [_thread_blocked, id=6996, stack(0x000000213c300000,0x000000213c400000)]
  0x00000124f7272800 JavaThread "File lock release action executor" [_thread_blocked, id=4520, stack(0x000000213c400000,0x000000213c500000)]
  0x00000124f7270eb0 JavaThread "jar transforms" [_thread_blocked, id=14044, stack(0x000000213c500000,0x000000213c600000)]
  0x00000124f7272d10 JavaThread "Unconstrained build operations" [_thread_blocked, id=13060, stack(0x0000002139700000,0x0000002139800000)]
  0x00000124f7273c40 JavaThread "Unconstrained build operations Thread 2" [_thread_blocked, id=5744, stack(0x000000213c600000,0x000000213c700000)]
  0x00000124f7274150 JavaThread "Unconstrained build operations Thread 3" [_thread_blocked, id=1568, stack(0x000000213c700000,0x000000213c800000)]
  0x00000124f7274660 JavaThread "Unconstrained build operations Thread 4" [_thread_blocked, id=14160, stack(0x000000213c800000,0x000000213c900000)]
  0x00000124f7274b70 JavaThread "Cache worker for Build Output Cleanup Cache (C:\Users\ZIDANE\houseApp\node_modules\@react-native\gradle-plugin\.gradle\buildOutputCleanup)" [_thread_blocked, id=6892, stack(0x000000213c900000,0x000000213ca00000)]
  0x00000124f7273220 JavaThread "Unconstrained build operations Thread 5" [_thread_blocked, id=11824, stack(0x000000213ca00000,0x000000213cb00000)]
  0x00000124f7275080 JavaThread "Unconstrained build operations Thread 6" [_thread_blocked, id=2096, stack(0x000000213cb00000,0x000000213cc00000)]
  0x00000124f84a6520 JavaThread "Unconstrained build operations Thread 7" [_thread_blocked, id=13872, stack(0x000000213cc00000,0x000000213cd00000)]
  0x00000124f84a8890 JavaThread "Unconstrained build operations Thread 8" [_thread_blocked, id=8084, stack(0x000000213cd00000,0x000000213ce00000)]
  0x00000124f84aa6f0 JavaThread "Unconstrained build operations Thread 9" [_thread_blocked, id=13816, stack(0x000000213ce00000,0x000000213cf00000)]
  0x00000124f84a6f40 JavaThread "Unconstrained build operations Thread 10" [_thread_blocked, id=4668, stack(0x000000213cf00000,0x000000213d000000)]
  0x00000124f84a6010 JavaThread "Memory manager" [_thread_blocked, id=13376, stack(0x000000213d000000,0x000000213d100000)]
  0x00000124f84aac00 JavaThread "build event listener" [_thread_blocked, id=2288, stack(0x000000213d100000,0x000000213d200000)]
  0x00000124f84ad480 JavaThread "ForkJoinPool.commonPool-worker-1" daemon [_thread_blocked, id=9872, stack(0x000000213d400000,0x000000213d500000)]
  0x00000124f84acf70 JavaThread "ForkJoinPool.commonPool-worker-3" daemon [_thread_blocked, id=8328, stack(0x000000213d600000,0x000000213d700000)]
  0x00000124f84a7e70 JavaThread "Execution worker" [_thread_blocked, id=14152, stack(0x000000213db00000,0x000000213dc00000)]
  0x00000124f84a9cd0 JavaThread "Execution worker Thread 2" [_thread_blocked, id=14200, stack(0x000000213dc00000,0x000000213dd00000)]
  0x00000124f84aca60 JavaThread "Execution worker Thread 3" [_thread_blocked, id=14020, stack(0x000000213dd00000,0x000000213de00000)]
  0x00000124f84ab620 JavaThread "Cache worker for execution history cache (C:\Users\ZIDANE\houseApp\node_modules\@react-native\gradle-plugin\.gradle\8.7\executionHistory)" [_thread_blocked, id=14096, stack(0x000000213de00000,0x000000213df00000)]
  0x00000124f84a7960 JavaThread "Unconstrained build operations Thread 11" [_thread_blocked, id=14232, stack(0x000000213df00000,0x000000213e000000)]
  0x00000124f84abb30 JavaThread "Unconstrained build operations Thread 12" [_thread_blocked, id=14292, stack(0x000000213e000000,0x000000213e100000)]
  0x00000124f84a8380 JavaThread "Unconstrained build operations Thread 13" [_thread_blocked, id=14284, stack(0x000000213e100000,0x000000213e200000)]
  0x00000124f84a8da0 JavaThread "Unconstrained build operations Thread 14" [_thread_blocked, id=13728, stack(0x000000213e200000,0x000000213e300000)]
  0x00000124f84a92b0 JavaThread "Unconstrained build operations Thread 15" [_thread_blocked, id=13680, stack(0x000000213e300000,0x000000213e400000)]
  0x00000124f6ddf240 JavaThread "Unconstrained build operations Thread 16" [_thread_blocked, id=13716, stack(0x000000213e400000,0x000000213e500000)]
  0x00000124f6de2f00 JavaThread "Unconstrained build operations Thread 17" [_thread_blocked, id=12076, stack(0x000000213e500000,0x000000213e600000)]
  0x00000124f6de15b0 JavaThread "Unconstrained build operations Thread 18" [_thread_blocked, id=12928, stack(0x000000213e600000,0x000000213e700000)]
  0x00000124f6de1ac0 JavaThread "Unconstrained build operations Thread 19" [_thread_blocked, id=12068, stack(0x000000213e700000,0x000000213e800000)]
  0x00000124f6dde820 JavaThread "Unconstrained build operations Thread 20" [_thread_blocked, id=13120, stack(0x000000213e800000,0x000000213e900000)]
  0x00000124f6dde310 JavaThread "Unconstrained build operations Thread 21" [_thread_blocked, id=6464, stack(0x000000213e900000,0x000000213ea00000)]
  0x00000124f6de10a0 JavaThread "Unconstrained build operations Thread 22" [_thread_blocked, id=3200, stack(0x000000213ea00000,0x000000213eb00000)]
  0x00000124f6dded30 JavaThread "Unconstrained build operations Thread 23" [_thread_blocked, id=11568, stack(0x000000213eb00000,0x000000213ec00000)]
  0x00000124f6de4340 JavaThread "Unconstrained build operations Thread 24" [_thread_blocked, id=11940, stack(0x000000213ec00000,0x000000213ed00000)]
  0x00000124f6ddf750 JavaThread "Unconstrained build operations Thread 25" [_thread_blocked, id=11764, stack(0x000000213ed00000,0x000000213ee00000)]
  0x00000124f6ddfc60 JavaThread "Unconstrained build operations Thread 26" [_thread_blocked, id=10316, stack(0x000000213ee00000,0x000000213ef00000)]
  0x00000124f6de1fd0 JavaThread "Unconstrained build operations Thread 27" [_thread_blocked, id=4968, stack(0x000000213ef00000,0x000000213f000000)]
  0x00000124f6de0170 JavaThread "Unconstrained build operations Thread 28" [_thread_blocked, id=14076, stack(0x000000213f000000,0x000000213f100000)]
  0x00000124f6de24e0 JavaThread "jar transforms Thread 2" [_thread_blocked, id=10816, stack(0x000000213f100000,0x000000213f200000)]
  0x00000124f6de5c90 JavaThread "Cache worker for Build Output Cleanup Cache (C:\Users\ZIDANE\houseApp\android\.gradle\buildOutputCleanup)" [_thread_blocked, id=3832, stack(0x0000002139800000,0x0000002139900000)]
  0x00000124f6de3410 JavaThread "jar transforms Thread 3" [_thread_blocked, id=2376, stack(0x0000002139900000,0x0000002139a00000)]
  0x00000124f6de0680 JavaThread "Unconstrained build operations Thread 29" [_thread_blocked, id=3928, stack(0x000000213f200000,0x000000213f300000)]
  0x00000124f6de0b90 JavaThread "Unconstrained build operations Thread 30" [_thread_blocked, id=13204, stack(0x000000213f300000,0x000000213f400000)]
  0x00000124f6de3e30 JavaThread "Unconstrained build operations Thread 31" [_thread_blocked, id=11816, stack(0x000000213f400000,0x000000213f500000)]
  0x00000124f6de4850 JavaThread "Unconstrained build operations Thread 32" [_thread_blocked, id=7768, stack(0x000000213f500000,0x000000213f600000)]
  0x00000124f6de4d60 JavaThread "Unconstrained build operations Thread 33" [_thread_blocked, id=13196, stack(0x000000213f600000,0x000000213f700000)]
  0x00000124f6de5270 JavaThread "Unconstrained build operations Thread 34" [_thread_blocked, id=5688, stack(0x000000213f700000,0x000000213f800000)]
  0x00000124f6de5780 JavaThread "Unconstrained build operations Thread 35" [_thread_blocked, id=8952, stack(0x000000213f800000,0x000000213f900000)]
  0x00000124f96dde40 JavaThread "Unconstrained build operations Thread 36" [_thread_blocked, id=8352, stack(0x000000213f900000,0x000000213fa00000)]
  0x00000124f96de860 JavaThread "Unconstrained build operations Thread 37" [_thread_blocked, id=1452, stack(0x000000213fa00000,0x000000213fb00000)]
  0x00000124f96daba0 JavaThread "Unconstrained build operations Thread 38" [_thread_blocked, id=9896, stack(0x000000213fb00000,0x000000213fc00000)]
  0x00000124f96db0b0 JavaThread "Unconstrained build operations Thread 39" [_thread_blocked, id=2124, stack(0x000000213fc00000,0x000000213fd00000)]
  0x00000124f96d7900 JavaThread "Unconstrained build operations Thread 40" [_thread_blocked, id=6948, stack(0x000000213fd00000,0x000000213fe00000)]
  0x00000124f96d8d40 JavaThread "jar transforms Thread 4" [_thread_blocked, id=12532, stack(0x000000213fe00000,0x000000213ff00000)]
  0x00000124f96d8830 JavaThread "build event listener" [_thread_blocked, id=8584, stack(0x000000213ff00000,0x0000002140000000)]
  0x00000124f96dca00 JavaThread "ForkJoinPool.commonPool-worker-4" daemon [_thread_blocked, id=2172, stack(0x000000213d200000,0x000000213d300000)]

Other Threads:
=>0x00000124cd9de830 VMThread "VM Thread" [stack: 0x000000213a000000,0x000000213a100000] [id=1792]
  0x00000124cd989570 WatcherThread [stack: 0x000000213ac00000,0x000000213ad00000] [id=5704]
  0x00000124cd978e20 GCTaskThread "GC Thread#0" [stack: 0x0000002139b00000,0x0000002139c00000] [id=2568]
  0x00000124f1516bc0 GCTaskThread "GC Thread#1" [stack: 0x000000213ad00000,0x000000213ae00000] [id=9688]
  0x00000124f15362d0 GCTaskThread "GC Thread#2" [stack: 0x000000213ae00000,0x000000213af00000] [id=13400]
  0x00000124f1ebaea0 GCTaskThread "GC Thread#3" [stack: 0x000000213af00000,0x000000213b000000] [id=12608]
  0x00000124cd982c80 ConcurrentGCThread "G1 Main Marker" [stack: 0x0000002139c00000,0x0000002139d00000] [id=13984]
  0x00000124cd9835a0 ConcurrentGCThread "G1 Conc#0" [stack: 0x0000002139d00000,0x0000002139e00000] [id=6476]
  0x00000124cd9bd190 ConcurrentGCThread "G1 Refine#0" [stack: 0x0000002139e00000,0x0000002139f00000] [id=6832]
  0x00000124cd9bdad0 ConcurrentGCThread "G1 Service" [stack: 0x0000002139f00000,0x000000213a000000] [id=12876]

Threads with active compile tasks:
C2 CompilerThread0   164047 15860       4       org.gradle.api.internal.attributes.DefaultAttributesSchema$DefaultAttributeSelectionSchema::matchValue (140 bytes)

VM state: at safepoint (normal execution)

VM Mutex/Monitor currently owned by a thread:  ([mutex/lock_event])
[0x00000124cd904580] Threads_lock - owner thread: 0x00000124cd9de830
[0x00000124cd905f60] Heap_lock - owner thread: 0x00000124f113e310

Heap address: 0x00000006e0000000, size: 4608 MB, Compressed Oops mode: Zero based, Oop shift amount: 3

CDS archive(s) mapped at: [0x0000012480000000-0x0000012480bd0000-0x0000012480bd0000), size 12386304, SharedBaseAddress: 0x0000012480000000, ArchiveRelocationMode: 1.
Compressed class space mapped at: 0x0000012481000000-0x00000124c1000000, reserved size: 1073741824
Narrow klass base: 0x0000012480000000, Narrow klass shift: 0, Narrow klass range: 0x100000000

GC Precious Log:
 CPUs: 4 total, 4 available
 Memory: 3999M
 Large Page Support: Disabled
 NUMA Support: Disabled
 Compressed Oops: Enabled (Zero based)
 Heap Region Size: 4M
 Heap Min Capacity: 8M
 Heap Initial Capacity: 64M
 Heap Max Capacity: 4608M
 Pre-touch: Disabled
 Parallel Workers: 4
 Concurrent Workers: 1
 Concurrent Refinement Workers: 4
 Periodic GC: Disabled

Heap:
 garbage-first heap   total 741376K, used 201349K [0x00000006e0000000, 0x0000000800000000)
  region size 4096K, 2 young (8192K), 2 survivors (8192K)
 Metaspace       used 110089K, committed 111360K, reserved 1179648K
  class space    used 15384K, committed 16000K, reserved 1048576K

Heap Regions: E=young(eden), S=young(survivor), O=old, HS=humongous(starts), HC=humongous(continues), CS=collection set, F=free, OA=open archive, CA=closed archive, TAMS=top-at-mark-start (previous, next)
|   0|0x00000006e0000000, 0x00000006e0400000, 0x00000006e0400000|100%|HS|  |TAMS 0x00000006e0400000, 0x00000006e0000000| Complete 
|   1|0x00000006e0400000, 0x00000006e0800000, 0x00000006e0800000|100%| O|  |TAMS 0x00000006e0800000, 0x00000006e0400000| Untracked 
|   2|0x00000006e0800000, 0x00000006e0c00000, 0x00000006e0c00000|100%| O|  |TAMS 0x00000006e0c00000, 0x00000006e0800000| Untracked 
|   3|0x00000006e0c00000, 0x00000006e1000000, 0x00000006e1000000|100%| O|  |TAMS 0x00000006e1000000, 0x00000006e0c00000| Untracked 
|   4|0x00000006e1000000, 0x00000006e1400000, 0x00000006e1400000|100%| O|  |TAMS 0x00000006e1400000, 0x00000006e1000000| Untracked 
|   5|0x00000006e1400000, 0x00000006e1800000, 0x00000006e1800000|100%| O|  |TAMS 0x00000006e1800000, 0x00000006e1400000| Untracked 
|   6|0x00000006e1800000, 0x00000006e1c00000, 0x00000006e1c00000|100%| O|  |TAMS 0x00000006e1c00000, 0x00000006e1800000| Untracked 
|   7|0x00000006e1c00000, 0x00000006e2000000, 0x00000006e2000000|100%| O|  |TAMS 0x00000006e2000000, 0x00000006e1c00000| Untracked 
|   8|0x00000006e2000000, 0x00000006e2400000, 0x00000006e2400000|100%| O|  |TAMS 0x00000006e2400000, 0x00000006e2000000| Untracked 
|   9|0x00000006e2400000, 0x00000006e2800000, 0x00000006e2800000|100%| O|  |TAMS 0x00000006e2800000, 0x00000006e2400000| Untracked 
|  10|0x00000006e2800000, 0x00000006e2c00000, 0x00000006e2c00000|100%| O|  |TAMS 0x00000006e2c00000, 0x00000006e2800000| Untracked 
|  11|0x00000006e2c00000, 0x00000006e3000000, 0x00000006e3000000|100%|HS|  |TAMS 0x00000006e3000000, 0x00000006e2c00000| Complete 
|  12|0x00000006e3000000, 0x00000006e3400000, 0x00000006e3400000|100%|HS|  |TAMS 0x00000006e3400000, 0x00000006e3000000| Complete 
|  13|0x00000006e3400000, 0x00000006e3800000, 0x00000006e3800000|100%| O|  |TAMS 0x00000006e3800000, 0x00000006e3400000| Untracked 
|  14|0x00000006e3800000, 0x00000006e3c00000, 0x00000006e3c00000|100%| O|  |TAMS 0x00000006e3800000, 0x00000006e3800000| Untracked 
|  15|0x00000006e3c00000, 0x00000006e4000000, 0x00000006e4000000|100%| O|  |TAMS 0x00000006e4000000, 0x00000006e3c00000| Untracked 
|  16|0x00000006e4000000, 0x00000006e4400000, 0x00000006e4400000|100%| O|  |TAMS 0x00000006e4400000, 0x00000006e4000000| Untracked 
|  17|0x00000006e4400000, 0x00000006e4800000, 0x00000006e4800000|100%| O|  |TAMS 0x00000006e4800000, 0x00000006e4400000| Untracked 
|  18|0x00000006e4800000, 0x00000006e4c00000, 0x00000006e4c00000|100%| O|  |TAMS 0x00000006e4c00000, 0x00000006e4800000| Untracked 
|  19|0x00000006e4c00000, 0x00000006e5000000, 0x00000006e5000000|100%| O|  |TAMS 0x00000006e4c00000, 0x00000006e4c00000| Untracked 
|  20|0x00000006e5000000, 0x00000006e5400000, 0x00000006e5400000|100%| O|  |TAMS 0x00000006e5400000, 0x00000006e5000000| Untracked 
|  21|0x00000006e5400000, 0x00000006e5800000, 0x00000006e5800000|100%| O|  |TAMS 0x00000006e5800000, 0x00000006e5400000| Untracked 
|  22|0x00000006e5800000, 0x00000006e5c00000, 0x00000006e5c00000|100%| O|  |TAMS 0x00000006e5c00000, 0x00000006e5800000| Untracked 
|  23|0x00000006e5c00000, 0x00000006e6000000, 0x00000006e6000000|100%| O|  |TAMS 0x00000006e6000000, 0x00000006e5c00000| Untracked 
|  24|0x00000006e6000000, 0x00000006e6400000, 0x00000006e6400000|100%| O|  |TAMS 0x00000006e6400000, 0x00000006e6000000| Untracked 
|  25|0x00000006e6400000, 0x00000006e6800000, 0x00000006e6800000|100%| O|  |TAMS 0x00000006e6800000, 0x00000006e6400000| Untracked 
|  26|0x00000006e6800000, 0x00000006e6c00000, 0x00000006e6c00000|100%| O|  |TAMS 0x00000006e6c00000, 0x00000006e6800000| Untracked 
|  27|0x00000006e6c00000, 0x00000006e7000000, 0x00000006e7000000|100%| O|  |TAMS 0x00000006e7000000, 0x00000006e6c00000| Untracked 
|  28|0x00000006e7000000, 0x00000006e7400000, 0x00000006e7400000|100%| O|  |TAMS 0x00000006e7400000, 0x00000006e7000000| Untracked 
|  29|0x00000006e7400000, 0x00000006e7800000, 0x00000006e7800000|100%| O|  |TAMS 0x00000006e7800000, 0x00000006e7400000| Untracked 
|  30|0x00000006e7800000, 0x00000006e7c00000, 0x00000006e7c00000|100%| O|  |TAMS 0x00000006e7c00000, 0x00000006e7800000| Untracked 
|  31|0x00000006e7c00000, 0x00000006e8000000, 0x00000006e8000000|100%| O|  |TAMS 0x00000006e8000000, 0x00000006e7c00000| Untracked 
|  32|0x00000006e8000000, 0x00000006e8400000, 0x00000006e8400000|100%| O|  |TAMS 0x00000006e8400000, 0x00000006e8000000| Untracked 
|  33|0x00000006e8400000, 0x00000006e8800000, 0x00000006e8800000|100%| O|  |TAMS 0x00000006e8800000, 0x00000006e8400000| Untracked 
|  34|0x00000006e8800000, 0x00000006e8c00000, 0x00000006e8c00000|100%| O|  |TAMS 0x00000006e8c00000, 0x00000006e8800000| Untracked 
|  35|0x00000006e8c00000, 0x00000006e9000000, 0x00000006e9000000|100%| O|  |TAMS 0x00000006e9000000, 0x00000006e8c00000| Untracked 
|  36|0x00000006e9000000, 0x00000006e9400000, 0x00000006e9400000|100%| O|  |TAMS 0x00000006e9400000, 0x00000006e9000000| Untracked 
|  37|0x00000006e9400000, 0x00000006e96d6a00, 0x00000006e9800000| 70%| O|  |TAMS 0x00000006e96d6a00, 0x00000006e9400000| Untracked 
|  38|0x00000006e9800000, 0x00000006e9c00000, 0x00000006e9c00000|100%| O|  |TAMS 0x00000006e9800000, 0x00000006e9800000| Untracked 
|  39|0x00000006e9c00000, 0x00000006ea000000, 0x00000006ea000000|100%| O|  |TAMS 0x00000006e9c00000, 0x00000006e9c00000| Untracked 
|  40|0x00000006ea000000, 0x00000006ea400000, 0x00000006ea400000|100%| O|  |TAMS 0x00000006ea000000, 0x00000006ea000000| Untracked 
|  41|0x00000006ea400000, 0x00000006ea800000, 0x00000006ea800000|100%| O|  |TAMS 0x00000006ea400000, 0x00000006ea400000| Untracked 
|  42|0x00000006ea800000, 0x00000006eac00000, 0x00000006eac00000|100%| O|  |TAMS 0x00000006ea800000, 0x00000006ea800000| Untracked 
|  43|0x00000006eac00000, 0x00000006eb000000, 0x00000006eb000000|100%| O|  |TAMS 0x00000006eac00000, 0x00000006eac00000| Untracked 
|  44|0x00000006eb000000, 0x00000006eb400000, 0x00000006eb400000|100%| O|  |TAMS 0x00000006eb000000, 0x00000006eb000000| Untracked 
|  45|0x00000006eb400000, 0x00000006eb800000, 0x00000006eb800000|100%| O|  |TAMS 0x00000006eb400000, 0x00000006eb400000| Untracked 
|  46|0x00000006eb800000, 0x00000006ebc00000, 0x00000006ebc00000|100%| O|  |TAMS 0x00000006eb800000, 0x00000006eb800000| Untracked 
|  47|0x00000006ebc00000, 0x00000006ebdcaa00, 0x00000006ec000000| 44%| O|  |TAMS 0x00000006ebc00000, 0x00000006ebc00000| Untracked 
|  48|0x00000006ec000000, 0x00000006ec000000, 0x00000006ec400000|  0%| F|  |TAMS 0x00000006ec000000, 0x00000006ec000000| Untracked 
|  49|0x00000006ec400000, 0x00000006ec400000, 0x00000006ec800000|  0%| F|  |TAMS 0x00000006ec400000, 0x00000006ec400000| Untracked 
|  50|0x00000006ec800000, 0x00000006ec800000, 0x00000006ecc00000|  0%| F|  |TAMS 0x00000006ec800000, 0x00000006ec800000| Untracked 
|  51|0x00000006ecc00000, 0x00000006ecc00000, 0x00000006ed000000|  0%| F|  |TAMS 0x00000006ecc00000, 0x00000006ecc00000| Untracked 
|  52|0x00000006ed000000, 0x00000006ed000000, 0x00000006ed400000|  0%| F|  |TAMS 0x00000006ed000000, 0x00000006ed000000| Untracked 
|  53|0x00000006ed400000, 0x00000006ed400000, 0x00000006ed800000|  0%| F|  |TAMS 0x00000006ed400000, 0x00000006ed400000| Untracked 
|  54|0x00000006ed800000, 0x00000006ed800000, 0x00000006edc00000|  0%| F|  |TAMS 0x00000006ed800000, 0x00000006ed800000| Untracked 
|  55|0x00000006edc00000, 0x00000006edc00000, 0x00000006ee000000|  0%| F|  |TAMS 0x00000006edc00000, 0x00000006edc00000| Untracked 
|  56|0x00000006ee000000, 0x00000006ee000000, 0x00000006ee400000|  0%| F|  |TAMS 0x00000006ee000000, 0x00000006ee000000| Untracked 
|  57|0x00000006ee400000, 0x00000006ee400000, 0x00000006ee800000|  0%| F|  |TAMS 0x00000006ee400000, 0x00000006ee400000| Untracked 
|  58|0x00000006ee800000, 0x00000006ee800000, 0x00000006eec00000|  0%| F|  |TAMS 0x00000006ee800000, 0x00000006ee800000| Untracked 
|  59|0x00000006eec00000, 0x00000006eec00000, 0x00000006ef000000|  0%| F|  |TAMS 0x00000006eec00000, 0x00000006eec00000| Untracked 
|  60|0x00000006ef000000, 0x00000006ef000000, 0x00000006ef400000|  0%| F|  |TAMS 0x00000006ef000000, 0x00000006ef000000| Untracked 
|  61|0x00000006ef400000, 0x00000006ef400000, 0x00000006ef800000|  0%| F|  |TAMS 0x00000006ef400000, 0x00000006ef400000| Untracked 
|  62|0x00000006ef800000, 0x00000006ef800000, 0x00000006efc00000|  0%| F|  |TAMS 0x00000006ef800000, 0x00000006ef800000| Untracked 
|  63|0x00000006efc00000, 0x00000006efc00000, 0x00000006f0000000|  0%| F|  |TAMS 0x00000006efc00000, 0x00000006efc00000| Untracked 
|  64|0x00000006f0000000, 0x00000006f0000000, 0x00000006f0400000|  0%| F|  |TAMS 0x00000006f0000000, 0x00000006f0000000| Untracked 
|  65|0x00000006f0400000, 0x00000006f0400000, 0x00000006f0800000|  0%| F|  |TAMS 0x00000006f0400000, 0x00000006f0400000| Untracked 
|  66|0x00000006f0800000, 0x00000006f0800000, 0x00000006f0c00000|  0%| F|  |TAMS 0x00000006f0800000, 0x00000006f0800000| Untracked 
|  67|0x00000006f0c00000, 0x00000006f0c00000, 0x00000006f1000000|  0%| F|  |TAMS 0x00000006f0c00000, 0x00000006f0c00000| Untracked 
|  68|0x00000006f1000000, 0x00000006f1000000, 0x00000006f1400000|  0%| F|  |TAMS 0x00000006f1000000, 0x00000006f1000000| Untracked 
|  69|0x00000006f1400000, 0x00000006f1400000, 0x00000006f1800000|  0%| F|  |TAMS 0x00000006f1400000, 0x00000006f1400000| Untracked 
|  70|0x00000006f1800000, 0x00000006f1800000, 0x00000006f1c00000|  0%| F|  |TAMS 0x00000006f1800000, 0x00000006f1800000| Untracked 
|  71|0x00000006f1c00000, 0x00000006f1c00000, 0x00000006f2000000|  0%| F|  |TAMS 0x00000006f1c00000, 0x00000006f1c00000| Untracked 
|  72|0x00000006f2000000, 0x00000006f2000000, 0x00000006f2400000|  0%| F|  |TAMS 0x00000006f2000000, 0x00000006f2000000| Untracked 
|  73|0x00000006f2400000, 0x00000006f2400000, 0x00000006f2800000|  0%| F|  |TAMS 0x00000006f2400000, 0x00000006f2400000| Untracked 
|  74|0x00000006f2800000, 0x00000006f2800000, 0x00000006f2c00000|  0%| F|  |TAMS 0x00000006f2800000, 0x00000006f2800000| Untracked 
|  75|0x00000006f2c00000, 0x00000006f2c00000, 0x00000006f3000000|  0%| F|  |TAMS 0x00000006f2c00000, 0x00000006f2c00000| Untracked 
|  76|0x00000006f3000000, 0x00000006f3000000, 0x00000006f3400000|  0%| F|  |TAMS 0x00000006f3000000, 0x00000006f3000000| Untracked 
|  77|0x00000006f3400000, 0x00000006f3400000, 0x00000006f3800000|  0%| F|  |TAMS 0x00000006f3400000, 0x00000006f3400000| Untracked 
|  78|0x00000006f3800000, 0x00000006f3800000, 0x00000006f3c00000|  0%| F|  |TAMS 0x00000006f3800000, 0x00000006f3800000| Untracked 
|  79|0x00000006f3c00000, 0x00000006f3c00000, 0x00000006f4000000|  0%| F|  |TAMS 0x00000006f3c00000, 0x00000006f3c00000| Untracked 
|  80|0x00000006f4000000, 0x00000006f4000000, 0x00000006f4400000|  0%| F|  |TAMS 0x00000006f4000000, 0x00000006f4000000| Untracked 
|  81|0x00000006f4400000, 0x00000006f4400000, 0x00000006f4800000|  0%| F|  |TAMS 0x00000006f4400000, 0x00000006f4400000| Untracked 
|  82|0x00000006f4800000, 0x00000006f4800000, 0x00000006f4c00000|  0%| F|  |TAMS 0x00000006f4800000, 0x00000006f4800000| Untracked 
|  83|0x00000006f4c00000, 0x00000006f4c00000, 0x00000006f5000000|  0%| F|  |TAMS 0x00000006f4c00000, 0x00000006f4c00000| Untracked 
|  84|0x00000006f5000000, 0x00000006f5000000, 0x00000006f5400000|  0%| F|  |TAMS 0x00000006f5000000, 0x00000006f5000000| Untracked 
|  85|0x00000006f5400000, 0x00000006f5400000, 0x00000006f5800000|  0%| F|  |TAMS 0x00000006f5400000, 0x00000006f5400000| Untracked 
|  86|0x00000006f5800000, 0x00000006f5800000, 0x00000006f5c00000|  0%| F|  |TAMS 0x00000006f5800000, 0x00000006f5800000| Untracked 
|  87|0x00000006f5c00000, 0x00000006f5c00000, 0x00000006f6000000|  0%| F|  |TAMS 0x00000006f5c00000, 0x00000006f5c00000| Untracked 
|  88|0x00000006f6000000, 0x00000006f6000000, 0x00000006f6400000|  0%| F|  |TAMS 0x00000006f6000000, 0x00000006f6000000| Untracked 
|  89|0x00000006f6400000, 0x00000006f6400000, 0x00000006f6800000|  0%| F|  |TAMS 0x00000006f6400000, 0x00000006f6400000| Untracked 
|  90|0x00000006f6800000, 0x00000006f6800000, 0x00000006f6c00000|  0%| F|  |TAMS 0x00000006f6800000, 0x00000006f6800000| Untracked 
|  91|0x00000006f6c00000, 0x00000006f6c00000, 0x00000006f7000000|  0%| F|  |TAMS 0x00000006f6c00000, 0x00000006f6c00000| Untracked 
|  92|0x00000006f7000000, 0x00000006f7000000, 0x00000006f7400000|  0%| F|  |TAMS 0x00000006f7000000, 0x00000006f7000000| Untracked 
|  93|0x00000006f7400000, 0x00000006f7400000, 0x00000006f7800000|  0%| F|  |TAMS 0x00000006f7400000, 0x00000006f7400000| Untracked 
|  94|0x00000006f7800000, 0x00000006f7800000, 0x00000006f7c00000|  0%| F|  |TAMS 0x00000006f7800000, 0x00000006f7800000| Untracked 
|  95|0x00000006f7c00000, 0x00000006f7c00000, 0x00000006f8000000|  0%| F|  |TAMS 0x00000006f7c00000, 0x00000006f7c00000| Untracked 
|  96|0x00000006f8000000, 0x00000006f8000000, 0x00000006f8400000|  0%| F|  |TAMS 0x00000006f8000000, 0x00000006f8000000| Untracked 
|  97|0x00000006f8400000, 0x00000006f8400000, 0x00000006f8800000|  0%| F|  |TAMS 0x00000006f8400000, 0x00000006f8400000| Untracked 
|  98|0x00000006f8800000, 0x00000006f8800000, 0x00000006f8c00000|  0%| F|  |TAMS 0x00000006f8800000, 0x00000006f8800000| Untracked 
|  99|0x00000006f8c00000, 0x00000006f8c00000, 0x00000006f9000000|  0%| F|  |TAMS 0x00000006f8c00000, 0x00000006f8c00000| Untracked 
| 100|0x00000006f9000000, 0x00000006f9000000, 0x00000006f9400000|  0%| F|  |TAMS 0x00000006f9000000, 0x00000006f9000000| Untracked 
| 101|0x00000006f9400000, 0x00000006f9400000, 0x00000006f9800000|  0%| F|  |TAMS 0x00000006f9400000, 0x00000006f9400000| Untracked 
| 102|0x00000006f9800000, 0x00000006f9800000, 0x00000006f9c00000|  0%| F|  |TAMS 0x00000006f9800000, 0x00000006f9800000| Untracked 
| 103|0x00000006f9c00000, 0x00000006f9c00000, 0x00000006fa000000|  0%| F|  |TAMS 0x00000006f9c00000, 0x00000006f9c00000| Untracked 
| 104|0x00000006fa000000, 0x00000006fa000000, 0x00000006fa400000|  0%| F|  |TAMS 0x00000006fa000000, 0x00000006fa000000| Untracked 
| 105|0x00000006fa400000, 0x00000006fa400000, 0x00000006fa800000|  0%| F|  |TAMS 0x00000006fa400000, 0x00000006fa400000| Untracked 
| 106|0x00000006fa800000, 0x00000006fa800000, 0x00000006fac00000|  0%| F|  |TAMS 0x00000006fa800000, 0x00000006fa800000| Untracked 
| 107|0x00000006fac00000, 0x00000006fac00000, 0x00000006fb000000|  0%| F|  |TAMS 0x00000006fac00000, 0x00000006fac00000| Untracked 
| 108|0x00000006fb000000, 0x00000006fb000000, 0x00000006fb400000|  0%| F|  |TAMS 0x00000006fb000000, 0x00000006fb000000| Untracked 
| 109|0x00000006fb400000, 0x00000006fb400000, 0x00000006fb800000|  0%| F|  |TAMS 0x00000006fb400000, 0x00000006fb400000| Untracked 
| 110|0x00000006fb800000, 0x00000006fb800000, 0x00000006fbc00000|  0%| F|  |TAMS 0x00000006fb800000, 0x00000006fb800000| Untracked 
| 111|0x00000006fbc00000, 0x00000006fbc00000, 0x00000006fc000000|  0%| F|  |TAMS 0x00000006fbc00000, 0x00000006fbc00000| Untracked 
| 112|0x00000006fc000000, 0x00000006fc000000, 0x00000006fc400000|  0%| F|  |TAMS 0x00000006fc000000, 0x00000006fc000000| Untracked 
| 113|0x00000006fc400000, 0x00000006fc400000, 0x00000006fc800000|  0%| F|  |TAMS 0x00000006fc400000, 0x00000006fc400000| Untracked 
| 114|0x00000006fc800000, 0x00000006fc800000, 0x00000006fcc00000|  0%| F|  |TAMS 0x00000006fc800000, 0x00000006fc800000| Untracked 
| 115|0x00000006fcc00000, 0x00000006fcc00000, 0x00000006fd000000|  0%| F|  |TAMS 0x00000006fcc00000, 0x00000006fcc00000| Untracked 
| 116|0x00000006fd000000, 0x00000006fd000000, 0x00000006fd400000|  0%| F|  |TAMS 0x00000006fd000000, 0x00000006fd000000| Untracked 
| 117|0x00000006fd400000, 0x00000006fd400000, 0x00000006fd800000|  0%| F|  |TAMS 0x00000006fd400000, 0x00000006fd400000| Untracked 
| 118|0x00000006fd800000, 0x00000006fd800000, 0x00000006fdc00000|  0%| F|  |TAMS 0x00000006fd800000, 0x00000006fd800000| Untracked 
| 119|0x00000006fdc00000, 0x00000006fdc00000, 0x00000006fe000000|  0%| F|  |TAMS 0x00000006fdc00000, 0x00000006fdc00000| Untracked 
| 120|0x00000006fe000000, 0x00000006fe000000, 0x00000006fe400000|  0%| F|  |TAMS 0x00000006fe000000, 0x00000006fe000000| Untracked 
| 121|0x00000006fe400000, 0x00000006fe400000, 0x00000006fe800000|  0%| F|  |TAMS 0x00000006fe400000, 0x00000006fe400000| Untracked 
| 122|0x00000006fe800000, 0x00000006fe800000, 0x00000006fec00000|  0%| F|  |TAMS 0x00000006fe800000, 0x00000006fe800000| Untracked 
| 123|0x00000006fec00000, 0x00000006fec00000, 0x00000006ff000000|  0%| F|  |TAMS 0x00000006fec00000, 0x00000006fec00000| Untracked 
| 124|0x00000006ff000000, 0x00000006ff000000, 0x00000006ff400000|  0%| F|  |TAMS 0x00000006ff000000, 0x00000006ff000000| Untracked 
| 125|0x00000006ff400000, 0x00000006ff400000, 0x00000006ff800000|  0%| F|  |TAMS 0x00000006ff400000, 0x00000006ff400000| Untracked 
| 126|0x00000006ff800000, 0x00000006ff800000, 0x00000006ffc00000|  0%| F|  |TAMS 0x00000006ff800000, 0x00000006ff800000| Untracked 
| 127|0x00000006ffc00000, 0x00000006ffc00000, 0x0000000700000000|  0%| F|  |TAMS 0x00000006ffc00000, 0x00000006ffc00000| Untracked 
| 128|0x0000000700000000, 0x0000000700000000, 0x0000000700400000|  0%| F|  |TAMS 0x0000000700000000, 0x0000000700000000| Untracked 
| 129|0x0000000700400000, 0x0000000700400000, 0x0000000700800000|  0%| F|  |TAMS 0x0000000700400000, 0x0000000700400000| Untracked 
| 130|0x0000000700800000, 0x0000000700800000, 0x0000000700c00000|  0%| F|  |TAMS 0x0000000700800000, 0x0000000700800000| Untracked 
| 131|0x0000000700c00000, 0x0000000700c00000, 0x0000000701000000|  0%| F|  |TAMS 0x0000000700c00000, 0x0000000700c00000| Untracked 
| 132|0x0000000701000000, 0x0000000701000000, 0x0000000701400000|  0%| F|  |TAMS 0x0000000701000000, 0x0000000701000000| Untracked 
| 133|0x0000000701400000, 0x0000000701400000, 0x0000000701800000|  0%| F|  |TAMS 0x0000000701400000, 0x0000000701400000| Untracked 
| 134|0x0000000701800000, 0x0000000701800000, 0x0000000701c00000|  0%| F|  |TAMS 0x0000000701800000, 0x0000000701800000| Untracked 
| 135|0x0000000701c00000, 0x0000000701c00000, 0x0000000702000000|  0%| F|  |TAMS 0x0000000701c00000, 0x0000000701c00000| Untracked 
| 136|0x0000000702000000, 0x0000000702000000, 0x0000000702400000|  0%| F|  |TAMS 0x0000000702000000, 0x0000000702000000| Untracked 
| 137|0x0000000702400000, 0x0000000702400000, 0x0000000702800000|  0%| F|  |TAMS 0x0000000702400000, 0x0000000702400000| Untracked 
| 138|0x0000000702800000, 0x0000000702800000, 0x0000000702c00000|  0%| F|  |TAMS 0x0000000702800000, 0x0000000702800000| Untracked 
| 139|0x0000000702c00000, 0x0000000702c00000, 0x0000000703000000|  0%| F|  |TAMS 0x0000000702c00000, 0x0000000702c00000| Untracked 
| 140|0x0000000703000000, 0x0000000703000000, 0x0000000703400000|  0%| F|  |TAMS 0x0000000703000000, 0x0000000703000000| Untracked 
| 141|0x0000000703400000, 0x0000000703400000, 0x0000000703800000|  0%| F|  |TAMS 0x0000000703400000, 0x0000000703400000| Untracked 
| 142|0x0000000703800000, 0x0000000703800000, 0x0000000703c00000|  0%| F|  |TAMS 0x0000000703800000, 0x0000000703800000| Untracked 
| 143|0x0000000703c00000, 0x0000000703c00000, 0x0000000704000000|  0%| F|  |TAMS 0x0000000703c00000, 0x0000000703c00000| Untracked 
| 144|0x0000000704000000, 0x0000000704000000, 0x0000000704400000|  0%| F|  |TAMS 0x0000000704000000, 0x0000000704000000| Untracked 
| 145|0x0000000704400000, 0x0000000704400000, 0x0000000704800000|  0%| F|  |TAMS 0x0000000704400000, 0x0000000704400000| Untracked 
| 146|0x0000000704800000, 0x0000000704800000, 0x0000000704c00000|  0%| F|  |TAMS 0x0000000704800000, 0x0000000704800000| Untracked 
| 147|0x0000000704c00000, 0x0000000704c00000, 0x0000000705000000|  0%| F|  |TAMS 0x0000000704c00000, 0x0000000704c00000| Untracked 
| 148|0x0000000705000000, 0x0000000705000000, 0x0000000705400000|  0%| F|  |TAMS 0x0000000705000000, 0x0000000705000000| Untracked 
| 149|0x0000000705400000, 0x0000000705400000, 0x0000000705800000|  0%| F|  |TAMS 0x0000000705400000, 0x0000000705400000| Untracked 
| 150|0x0000000705800000, 0x0000000705800000, 0x0000000705c00000|  0%| F|  |TAMS 0x0000000705800000, 0x0000000705800000| Untracked 
| 151|0x0000000705c00000, 0x0000000705c00000, 0x0000000706000000|  0%| F|  |TAMS 0x0000000705c00000, 0x0000000705c00000| Untracked 
| 152|0x0000000706000000, 0x0000000706000000, 0x0000000706400000|  0%| F|  |TAMS 0x0000000706000000, 0x0000000706000000| Untracked 
| 153|0x0000000706400000, 0x0000000706400000, 0x0000000706800000|  0%| F|  |TAMS 0x0000000706400000, 0x0000000706400000| Untracked 
| 154|0x0000000706800000, 0x0000000706800000, 0x0000000706c00000|  0%| F|  |TAMS 0x0000000706800000, 0x0000000706800000| Untracked 
| 155|0x0000000706c00000, 0x0000000706c00000, 0x0000000707000000|  0%| F|  |TAMS 0x0000000706c00000, 0x0000000706c00000| Untracked 
| 156|0x0000000707000000, 0x0000000707400000, 0x0000000707400000|100%| S|CS|TAMS 0x0000000707000000, 0x0000000707000000| Complete 
| 157|0x0000000707400000, 0x0000000707800000, 0x0000000707800000|100%| S|CS|TAMS 0x0000000707400000, 0x0000000707400000| Complete 
| 158|0x0000000707800000, 0x0000000707800000, 0x0000000707c00000|  0%| F|  |TAMS 0x0000000707800000, 0x0000000707800000| Untracked 
| 159|0x0000000707c00000, 0x0000000707c00000, 0x0000000708000000|  0%| F|  |TAMS 0x0000000707c00000, 0x0000000707c00000| Untracked 
| 160|0x0000000708000000, 0x0000000708000000, 0x0000000708400000|  0%| F|  |TAMS 0x0000000708000000, 0x0000000708000000| Untracked 
| 161|0x0000000708400000, 0x0000000708400000, 0x0000000708800000|  0%| F|  |TAMS 0x0000000708400000, 0x0000000708400000| Untracked 
| 162|0x0000000708800000, 0x0000000708800000, 0x0000000708c00000|  0%| F|  |TAMS 0x0000000708800000, 0x0000000708800000| Untracked 
| 163|0x0000000708c00000, 0x0000000708c00000, 0x0000000709000000|  0%| F|  |TAMS 0x0000000708c00000, 0x0000000708c00000| Untracked 
| 164|0x0000000709000000, 0x0000000709000000, 0x0000000709400000|  0%| F|  |TAMS 0x0000000709000000, 0x0000000709000000| Untracked 
| 165|0x0000000709400000, 0x0000000709400000, 0x0000000709800000|  0%| F|  |TAMS 0x0000000709400000, 0x0000000709400000| Untracked 
| 166|0x0000000709800000, 0x0000000709800000, 0x0000000709c00000|  0%| F|  |TAMS 0x0000000709800000, 0x0000000709800000| Untracked 
| 167|0x0000000709c00000, 0x0000000709c00000, 0x000000070a000000|  0%| F|  |TAMS 0x0000000709c00000, 0x0000000709c00000| Untracked 
| 168|0x000000070a000000, 0x000000070a000000, 0x000000070a400000|  0%| F|  |TAMS 0x000000070a000000, 0x000000070a000000| Untracked 
| 169|0x000000070a400000, 0x000000070a400000, 0x000000070a800000|  0%| F|  |TAMS 0x000000070a400000, 0x000000070a400000| Untracked 
| 170|0x000000070a800000, 0x000000070a800000, 0x000000070ac00000|  0%| F|  |TAMS 0x000000070a800000, 0x000000070a800000| Untracked 
| 171|0x000000070ac00000, 0x000000070ac00000, 0x000000070b000000|  0%| F|  |TAMS 0x000000070ac00000, 0x000000070ac00000| Untracked 
| 172|0x000000070b000000, 0x000000070b000000, 0x000000070b400000|  0%| F|  |TAMS 0x000000070b000000, 0x000000070b000000| Untracked 
| 173|0x000000070b400000, 0x000000070b400000, 0x000000070b800000|  0%| F|  |TAMS 0x000000070b400000, 0x000000070b400000| Untracked 
| 174|0x000000070b800000, 0x000000070b800000, 0x000000070bc00000|  0%| F|  |TAMS 0x000000070b800000, 0x000000070b800000| Untracked 
| 175|0x000000070bc00000, 0x000000070bc00000, 0x000000070c000000|  0%| F|  |TAMS 0x000000070bc00000, 0x000000070bc00000| Untracked 
| 176|0x000000070c000000, 0x000000070c000000, 0x000000070c400000|  0%| F|  |TAMS 0x000000070c000000, 0x000000070c000000| Untracked 
| 177|0x000000070c400000, 0x000000070c400000, 0x000000070c800000|  0%| F|  |TAMS 0x000000070c400000, 0x000000070c400000| Untracked 
| 178|0x000000070c800000, 0x000000070c800000, 0x000000070cc00000|  0%| F|  |TAMS 0x000000070c800000, 0x000000070c800000| Untracked 
| 179|0x000000070cc00000, 0x000000070cc00000, 0x000000070d000000|  0%| F|  |TAMS 0x000000070cc00000, 0x000000070cc00000| Untracked 
| 180|0x000000070d000000, 0x000000070d000000, 0x000000070d400000|  0%| F|  |TAMS 0x000000070d000000, 0x000000070d000000| Untracked 

Card table byte_map: [0x00000124e4ad0000,0x00000124e53d0000] _byte_map_base: 0x00000124e13d0000

Marking Bits (Prev, Next): (CMBitMap*) 0x00000124cd979390, (CMBitMap*) 0x00000124cd979350
 Prev Bits: [0x00000124ea4d0000, 0x00000124eecd0000)
 Next Bits: [0x00000124e5cd0000, 0x00000124ea4d0000)

Polling page: 0x00000124cd0e0000

Metaspace:

Usage:
  Non-class:     92.49 MB used.
      Class:     15.02 MB used.
       Both:    107.51 MB used.

Virtual space:
  Non-class space:      128.00 MB reserved,      93.12 MB ( 73%) committed,  2 nodes.
      Class space:        1.00 GB reserved,      15.62 MB (  2%) committed,  1 nodes.
             Both:        1.12 GB reserved,     108.75 MB (  9%) committed. 

Chunk freelists:
   Non-Class:  2.50 MB
       Class:  370.00 KB
        Both:  2.86 MB

MaxMetaspaceSize: unlimited
CompressedClassSpaceSize: 1.00 GB
Initial GC threshold: 21.00 MB
Current GC threshold: 172.12 MB
CDS: on
MetaspaceReclaimPolicy: balanced
 - commit_granule_bytes: 65536.
 - commit_granule_words: 8192.
 - virtual_space_node_default_size: 8388608.
 - enlarge_chunks_in_place: 1.
 - new_chunks_are_fully_committed: 0.
 - uncommit_free_chunks: 1.
 - use_allocation_guard: 0.
 - handle_deallocations: 1.


Internal statistics:

num_allocs_failed_limit: 6.
num_arena_births: 1566.
num_arena_deaths: 0.
num_vsnodes_births: 3.
num_vsnodes_deaths: 0.
num_space_committed: 1740.
num_space_uncommitted: 0.
num_chunks_returned_to_freelist: 6.
num_chunks_taken_from_freelist: 6574.
num_chunk_merges: 6.
num_chunk_splits: 4205.
num_chunks_enlarged: 2604.
num_inconsistent_stats: 0.

CodeHeap 'non-profiled nmethods': size=120000Kb used=8459Kb max_used=8459Kb free=111540Kb
 bounds [0x00000124dcca0000, 0x00000124dd4f0000, 0x00000124e41d0000]
CodeHeap 'profiled nmethods': size=120000Kb used=28331Kb max_used=28331Kb free=91668Kb
 bounds [0x00000124d51d0000, 0x00000124d6d80000, 0x00000124dc700000]
CodeHeap 'non-nmethods': size=5760Kb used=2438Kb max_used=2485Kb free=3321Kb
 bounds [0x00000124dc700000, 0x00000124dc980000, 0x00000124dcca0000]
 total_blobs=14689 nmethods=13706 adapters=894
 compilation: enabled
              stopped_count=0, restarted_count=0
 full_count=0

Compilation events (20 events):
Event: 163.918 Thread 0x00000124f11799d0 15975       3       org.gradle.api.internal.provider.ValueSupplier$TaskProducer::visitProducerTasks (11 bytes)
Event: 163.918 Thread 0x00000124f11799d0 nmethod 15975 0x00000124d6d7a310 code [0x00000124d6d7a4c0, 0x00000124d6d7a6a8]
Event: 163.918 Thread 0x00000124f11799d0 15976       3       org.gradle.api.internal.tasks.TaskDependencyResolveContext::execute (11 bytes)
Event: 163.919 Thread 0x00000124f11799d0 nmethod 15976 0x00000124d6d7a790 code [0x00000124d6d7a940, 0x00000124d6d7ad48]
Event: 163.920 Thread 0x00000124f11799d0 15977       1       java.net.URI::getRawPath (5 bytes)
Event: 163.920 Thread 0x00000124f11799d0 nmethod 15977 0x00000124dd4e2590 code [0x00000124dd4e2720, 0x00000124dd4e27f8]
Event: 163.920 Thread 0x00000124f11799d0 15978       3       org.gradle.internal.resource.ExternalResourceName::isFileOnHost (30 bytes)
Event: 163.921 Thread 0x00000124f11799d0 nmethod 15978 0x00000124d6d7ae90 code [0x00000124d6d7b080, 0x00000124d6d7b508]
Event: 163.921 Thread 0x00000124f11799d0 15979   !   3       org.gradle.api.internal.file.FileOrUriNotationConverter::convertToUrl (28 bytes)
Event: 163.922 Thread 0x00000124f11799d0 nmethod 15979 0x00000124d6d7b690 code [0x00000124d6d7b880, 0x00000124d6d7bf58]
Event: 163.923 Thread 0x00000124f11799d0 15980       3       com.google.common.collect.Sets::newHashSetWithExpectedSize (12 bytes)
Event: 163.924 Thread 0x00000124f11799d0 nmethod 15980 0x00000124d6d7c290 code [0x00000124d6d7c4a0, 0x00000124d6d7c918]
Event: 163.924 Thread 0x00000124f11799d0 15981       3       org.gradle.internal.resource.transport.http.HttpConnectorFactory::getSupportedProtocols (4 bytes)
Event: 163.924 Thread 0x00000124f11799d0 nmethod 15981 0x00000124d6d7cb10 code [0x00000124d6d7cca0, 0x00000124d6d7cdb8]
Event: 163.928 Thread 0x00000124f11799d0 15982       1       com.android.repository.Revision::getSeparator (5 bytes)
Event: 163.928 Thread 0x00000124f11799d0 nmethod 15982 0x00000124dd4e2890 code [0x00000124dd4e2a20, 0x00000124dd4e2af8]
Event: 163.929 Thread 0x00000124f11799d0 15983       3       org.gradle.execution.plan.TaskNode::getMustSuccessors (10 bytes)
Event: 163.930 Thread 0x00000124f11799d0 nmethod 15983 0x00000124d6d7ce90 code [0x00000124d6d7d040, 0x00000124d6d7d2a8]
Event: 163.932 Thread 0x00000124f11799d0 15984       1       org.codehaus.groovy.runtime.GStringImpl::getStrings (5 bytes)
Event: 163.932 Thread 0x00000124f11799d0 nmethod 15984 0x00000124dd4e2b90 code [0x00000124dd4e2d20, 0x00000124dd4e2df8]

GC Heap History (20 events):
Event: 130.544 GC heap after
{Heap after GC invocations=69 (full 0):
 garbage-first heap   total 225280K, used 135943K [0x00000006e0000000, 0x0000000800000000)
  region size 4096K, 1 young (4096K), 1 survivors (4096K)
 Metaspace       used 96977K, committed 97984K, reserved 1179648K
  class space    used 13601K, committed 14080K, reserved 1048576K
}
Event: 140.347 GC heap before
{Heap before GC invocations=69 (full 0):
 garbage-first heap   total 225280K, used 172807K [0x00000006e0000000, 0x0000000800000000)
  region size 4096K, 11 young (45056K), 1 survivors (4096K)
 Metaspace       used 97618K, committed 98688K, reserved 1179648K
  class space    used 13712K, committed 14208K, reserved 1048576K
}
Event: 140.480 GC heap after
{Heap after GC invocations=70 (full 0):
 garbage-first heap   total 225280K, used 145289K [0x00000006e0000000, 0x0000000800000000)
  region size 4096K, 2 young (8192K), 2 survivors (8192K)
 Metaspace       used 97618K, committed 98688K, reserved 1179648K
  class space    used 13712K, committed 14208K, reserved 1048576K
}
Event: 145.251 GC heap before
{Heap before GC invocations=70 (full 0):
 garbage-first heap   total 286720K, used 178057K [0x00000006e0000000, 0x0000000800000000)
  region size 4096K, 10 young (40960K), 2 survivors (8192K)
 Metaspace       used 98939K, committed 100032K, reserved 1179648K
  class space    used 13879K, committed 14400K, reserved 1048576K
}
Event: 145.297 GC heap after
{Heap after GC invocations=71 (full 0):
 garbage-first heap   total 286720K, used 149433K [0x00000006e0000000, 0x0000000800000000)
  region size 4096K, 1 young (4096K), 1 survivors (4096K)
 Metaspace       used 98939K, committed 100032K, reserved 1179648K
  class space    used 13879K, committed 14400K, reserved 1048576K
}
Event: 149.709 GC heap before
{Heap before GC invocations=72 (full 0):
 garbage-first heap   total 286720K, used 219065K [0x00000006e0000000, 0x0000000800000000)
  region size 4096K, 18 young (73728K), 1 survivors (4096K)
 Metaspace       used 102509K, committed 103616K, reserved 1179648K
  class space    used 14405K, committed 14912K, reserved 1048576K
}
Event: 149.740 GC heap after
{Heap after GC invocations=73 (full 0):
 garbage-first heap   total 286720K, used 152721K [0x00000006e0000000, 0x0000000800000000)
  region size 4096K, 2 young (8192K), 2 survivors (8192K)
 Metaspace       used 102509K, committed 103616K, reserved 1179648K
  class space    used 14405K, committed 14912K, reserved 1048576K
}
Event: 149.813 GC heap before
{Heap before GC invocations=73 (full 0):
 garbage-first heap   total 286720K, used 156817K [0x00000006e0000000, 0x0000000800000000)
  region size 4096K, 3 young (12288K), 2 survivors (8192K)
 Metaspace       used 102722K, committed 103744K, reserved 1179648K
  class space    used 14432K, committed 14912K, reserved 1048576K
}
Event: 149.864 GC heap after
{Heap after GC invocations=74 (full 0):
 garbage-first heap   total 286720K, used 151489K [0x00000006e0000000, 0x0000000800000000)
  region size 4096K, 1 young (4096K), 1 survivors (4096K)
 Metaspace       used 102722K, committed 103744K, reserved 1179648K
  class space    used 14432K, committed 14912K, reserved 1048576K
}
Event: 151.439 GC heap before
{Heap before GC invocations=74 (full 0):
 garbage-first heap   total 286720K, used 225217K [0x00000006e0000000, 0x0000000800000000)
  region size 4096K, 19 young (77824K), 1 survivors (4096K)
 Metaspace       used 104428K, committed 105536K, reserved 1179648K
  class space    used 14640K, committed 15168K, reserved 1048576K
}
Event: 151.571 GC heap after
{Heap after GC invocations=75 (full 0):
 garbage-first heap   total 741376K, used 160416K [0x00000006e0000000, 0x0000000800000000)
  region size 4096K, 3 young (12288K), 3 survivors (12288K)
 Metaspace       used 104428K, committed 105536K, reserved 1179648K
  class space    used 14640K, committed 15168K, reserved 1048576K
}
Event: 158.484 GC heap before
{Heap before GC invocations=76 (full 0):
 garbage-first heap   total 712704K, used 258720K [0x00000006e0000000, 0x0000000800000000)
  region size 4096K, 27 young (110592K), 3 survivors (12288K)
 Metaspace       used 105050K, committed 106176K, reserved 1179648K
  class space    used 14703K, committed 15232K, reserved 1048576K
}
Event: 158.715 GC heap after
{Heap after GC invocations=77 (full 0):
 garbage-first heap   total 712704K, used 181142K [0x00000006e0000000, 0x0000000800000000)
  region size 4096K, 4 young (16384K), 4 survivors (16384K)
 Metaspace       used 105050K, committed 106176K, reserved 1179648K
  class space    used 14703K, committed 15232K, reserved 1048576K
}
Event: 159.706 GC heap before
{Heap before GC invocations=77 (full 0):
 garbage-first heap   total 712704K, used 197526K [0x00000006e0000000, 0x0000000800000000)
  region size 4096K, 8 young (32768K), 4 survivors (16384K)
 Metaspace       used 105123K, committed 106240K, reserved 1179648K
  class space    used 14709K, committed 15232K, reserved 1048576K
}
Event: 160.451 GC heap after
{Heap after GC invocations=78 (full 0):
 garbage-first heap   total 712704K, used 184793K [0x00000006e0000000, 0x0000000800000000)
  region size 4096K, 1 young (4096K), 1 survivors (4096K)
 Metaspace       used 105123K, committed 106240K, reserved 1179648K
  class space    used 14709K, committed 15232K, reserved 1048576K
}
Event: 161.511 GC heap before
{Heap before GC invocations=78 (full 0):
 garbage-first heap   total 712704K, used 213465K [0x00000006e0000000, 0x0000000800000000)
  region size 4096K, 8 young (32768K), 1 survivors (4096K)
 Metaspace       used 105467K, committed 106624K, reserved 1179648K
  class space    used 14746K, committed 15296K, reserved 1048576K
}
Event: 161.542 GC heap after
{Heap after GC invocations=79 (full 0):
 garbage-first heap   total 712704K, used 190836K [0x00000006e0000000, 0x0000000800000000)
  region size 4096K, 1 young (4096K), 1 survivors (4096K)
 Metaspace       used 105467K, committed 106624K, reserved 1179648K
  class space    used 14746K, committed 15296K, reserved 1048576K
}
Event: 162.232 GC heap before
{Heap before GC invocations=79 (full 0):
 garbage-first heap   total 712704K, used 219508K [0x00000006e0000000, 0x0000000800000000)
  region size 4096K, 8 young (32768K), 1 survivors (4096K)
 Metaspace       used 107440K, committed 108672K, reserved 1179648K
  class space    used 15064K, committed 15616K, reserved 1048576K
}
Event: 162.261 GC heap after
{Heap after GC invocations=80 (full 0):
 garbage-first heap   total 712704K, used 193377K [0x00000006e0000000, 0x0000000800000000)
  region size 4096K, 1 young (4096K), 1 survivors (4096K)
 Metaspace       used 107440K, committed 108672K, reserved 1179648K
  class space    used 15064K, committed 15616K, reserved 1048576K
}
Event: 163.933 GC heap before
{Heap before GC invocations=80 (full 0):
 garbage-first heap   total 712704K, used 254817K [0x00000006e0000000, 0x0000000800000000)
  region size 4096K, 16 young (65536K), 1 survivors (4096K)
 Metaspace       used 110089K, committed 111360K, reserved 1179648K
  class space    used 15384K, committed 16000K, reserved 1048576K
}

Deoptimization events (20 events):
Event: 163.395 Thread 0x00000124f113e310 Uncommon trap: trap_request=0xffffffc6 fr.pc=0x00000124dd30cfc8 relative=0x0000000000000a08
Event: 163.395 Thread 0x00000124f113e310 Uncommon trap: reason=bimorphic_or_optimized_type_check action=maybe_recompile pc=0x00000124dd30cfc8 method=org.gradle.internal.component.model.DefaultAttributeMatcher$CachedQuery.from(Lorg/gradle/api/internal/attributes/ImmutableAttributes;Ljava/util/Lis
Event: 163.395 Thread 0x00000124f113e310 DEOPT PACKING pc=0x00000124dd30cfc8 sp=0x000000213b6fa300
Event: 163.395 Thread 0x00000124f113e310 DEOPT UNPACKING pc=0x00000124dc7523a3 sp=0x000000213b6fa2e0 mode 2
Event: 163.395 Thread 0x00000124f113e310 Uncommon trap: trap_request=0xffffffc6 fr.pc=0x00000124dd30cfc8 relative=0x0000000000000a08
Event: 163.395 Thread 0x00000124f113e310 Uncommon trap: reason=bimorphic_or_optimized_type_check action=maybe_recompile pc=0x00000124dd30cfc8 method=org.gradle.internal.component.model.DefaultAttributeMatcher$CachedQuery.from(Lorg/gradle/api/internal/attributes/ImmutableAttributes;Ljava/util/Lis
Event: 163.395 Thread 0x00000124f113e310 DEOPT PACKING pc=0x00000124dd30cfc8 sp=0x000000213b6fa300
Event: 163.395 Thread 0x00000124f113e310 DEOPT UNPACKING pc=0x00000124dc7523a3 sp=0x000000213b6fa2e0 mode 2
Event: 163.395 Thread 0x00000124f113e310 Uncommon trap: trap_request=0xffffffc6 fr.pc=0x00000124dd30cfc8 relative=0x0000000000000a08
Event: 163.395 Thread 0x00000124f113e310 Uncommon trap: reason=bimorphic_or_optimized_type_check action=maybe_recompile pc=0x00000124dd30cfc8 method=org.gradle.internal.component.model.DefaultAttributeMatcher$CachedQuery.from(Lorg/gradle/api/internal/attributes/ImmutableAttributes;Ljava/util/Lis
Event: 163.395 Thread 0x00000124f113e310 DEOPT PACKING pc=0x00000124dd30cfc8 sp=0x000000213b6fa300
Event: 163.396 Thread 0x00000124f113e310 DEOPT UNPACKING pc=0x00000124dc7523a3 sp=0x000000213b6fa2e0 mode 2
Event: 163.588 Thread 0x00000124f113e310 Uncommon trap: trap_request=0xffffffde fr.pc=0x00000124dd3f2f78 relative=0x0000000000000958
Event: 163.588 Thread 0x00000124f113e310 Uncommon trap: reason=class_check action=maybe_recompile pc=0x00000124dd3f2f78 method=org.gradle.internal.ImmutableActionSet.add(Lorg/gradle/api/Action;)Lorg/gradle/internal/ImmutableActionSet; @ 62 c2
Event: 163.588 Thread 0x00000124f113e310 DEOPT PACKING pc=0x00000124dd3f2f78 sp=0x000000213b6f9e50
Event: 163.588 Thread 0x00000124f113e310 DEOPT UNPACKING pc=0x00000124dc7523a3 sp=0x000000213b6f9e50 mode 2
Event: 163.606 Thread 0x00000124f113e310 Uncommon trap: trap_request=0xffffffc6 fr.pc=0x00000124dd4971bc relative=0x0000000000000adc
Event: 163.606 Thread 0x00000124f113e310 Uncommon trap: reason=bimorphic_or_optimized_type_check action=maybe_recompile pc=0x00000124dd4971bc method=java.util.HashMap.removeNode(ILjava/lang/Object;Ljava/lang/Object;ZZ)Ljava/util/HashMap$Node; @ 143 c2
Event: 163.606 Thread 0x00000124f113e310 DEOPT PACKING pc=0x00000124dd4971bc sp=0x000000213b6fab70
Event: 163.606 Thread 0x00000124f113e310 DEOPT UNPACKING pc=0x00000124dc7523a3 sp=0x000000213b6fab08 mode 2

Classes unloaded (0 events):
No events

Classes redefined (0 events):
No events

Internal exceptions (20 events):
Event: 157.424 Thread 0x00000124f113e310 Exception <a 'java/lang/ClassNotFoundException'{0x00000007067c7698}: org/gradle/api/internal/artifacts/dsl/dependencies/DefaultDependencyConstraintHandlerBeanInfo> (0x00000007067c7698) 
thrown [s\open\src\hotspot\share\classfile\systemDictionary.cpp, line 256]
Event: 157.426 Thread 0x00000124f113e310 Exception <a 'java/lang/ClassNotFoundException'{0x00000007067e57f0}: org/gradle/api/internal/artifacts/dsl/dependencies/DefaultDependencyConstraintHandlerCustomizer> (0x00000007067e57f0) 
thrown [s\open\src\hotspot\share\classfile\systemDictionary.cpp, line 256]
Event: 157.428 Thread 0x00000124f113e310 Exception <a 'java/lang/ClassNotFoundException'{0x000000070600d358}: org/gradle/api/internal/artifacts/dsl/dependencies/DefaultDependencyConstraintHandler_DecoratedCustomizer> (0x000000070600d358) 
thrown [s\open\src\hotspot\share\classfile\systemDictionary.cpp, line 256]
Event: 157.435 Thread 0x00000124f113e310 Exception <a 'java/lang/ClassNotFoundException'{0x00000007060676a0}: org/gradle/api/internal/artifacts/dependencies/DefaultDependencyConstraint_DecoratedBeanInfo> (0x00000007060676a0) 
thrown [s\open\src\hotspot\share\classfile\systemDictionary.cpp, line 256]
Event: 157.437 Thread 0x00000124f113e310 Exception <a 'java/lang/ClassNotFoundException'{0x0000000706087730}: org/gradle/api/internal/artifacts/dependencies/DefaultDependencyConstraintBeanInfo> (0x0000000706087730) 
thrown [s\open\src\hotspot\share\classfile\systemDictionary.cpp, line 256]
Event: 157.439 Thread 0x00000124f113e310 Exception <a 'java/lang/ClassNotFoundException'{0x00000007060a7ae0}: org/gradle/api/internal/artifacts/dependencies/DefaultDependencyConstraintCustomizer> (0x00000007060a7ae0) 
thrown [s\open\src\hotspot\share\classfile\systemDictionary.cpp, line 256]
Event: 157.441 Thread 0x00000124f113e310 Exception <a 'java/lang/ClassNotFoundException'{0x00000007060d9930}: org/gradle/api/internal/artifacts/dependencies/DefaultDependencyConstraint_DecoratedCustomizer> (0x00000007060d9930) 
thrown [s\open\src\hotspot\share\classfile\systemDictionary.cpp, line 256]
Event: 158.755 Thread 0x00000124f113e310 Exception <a 'java/lang/ClassNotFoundException'{0x000000070d14d240}: build_q51et7q76gjzz5utb222h8g1BeanInfo> (0x000000070d14d240) 
thrown [s\open\src\hotspot\share\classfile\systemDictionary.cpp, line 256]
Event: 158.755 Thread 0x00000124f113e310 Exception <a 'java/lang/ClassNotFoundException'{0x000000070d153c60}: build_q51et7q76gjzz5utb222h8g1Customizer> (0x000000070d153c60) 
thrown [s\open\src\hotspot\share\classfile\systemDictionary.cpp, line 256]
Event: 160.568 Thread 0x00000124f113e310 Exception <a 'java/lang/ClassNotFoundException'{0x000000070cd001c8}: build_q51et7q76gjzz5utb222h8g1BeanInfo> (0x000000070cd001c8) 
thrown [s\open\src\hotspot\share\classfile\systemDictionary.cpp, line 256]
Event: 160.568 Thread 0x00000124f113e310 Exception <a 'java/lang/ClassNotFoundException'{0x000000070cd06b88}: build_q51et7q76gjzz5utb222h8g1Customizer> (0x000000070cd06b88) 
thrown [s\open\src\hotspot\share\classfile\systemDictionary.cpp, line 256]
Event: 160.759 Thread 0x00000124f113e310 Exception <a 'java/lang/ClassNotFoundException'{0x000000070c430bf0}: build_q51et7q76gjzz5utb222h8g1$_run_closure1BeanInfo> (0x000000070c430bf0) 
thrown [s\open\src\hotspot\share\classfile\systemDictionary.cpp, line 256]
Event: 160.760 Thread 0x00000124f113e310 Exception <a 'java/lang/ClassNotFoundException'{0x000000070c43dfc0}: build_q51et7q76gjzz5utb222h8g1$_run_closure1Customizer> (0x000000070c43dfc0) 
thrown [s\open\src\hotspot\share\classfile\systemDictionary.cpp, line 256]
Event: 161.804 Thread 0x00000124f113e310 Exception <a 'sun/nio/fs/WindowsException'{0x000000070c9635b0}> (0x000000070c9635b0) 
thrown [s\open\src\hotspot\share\prims\jni.cpp, line 516]
Event: 161.804 Thread 0x00000124f113e310 Exception <a 'sun/nio/fs/WindowsException'{0x000000070c964bf0}> (0x000000070c964bf0) 
thrown [s\open\src\hotspot\share\prims\jni.cpp, line 516]
Event: 161.805 Thread 0x00000124f113e310 Exception <a 'sun/nio/fs/WindowsException'{0x000000070c966280}> (0x000000070c966280) 
thrown [s\open\src\hotspot\share\prims\jni.cpp, line 516]
Event: 161.805 Thread 0x00000124f113e310 Exception <a 'sun/nio/fs/WindowsException'{0x000000070c967910}> (0x000000070c967910) 
thrown [s\open\src\hotspot\share\prims\jni.cpp, line 516]
Event: 162.067 Thread 0x00000124f113e310 Exception <a 'java/lang/NullPointerException'{0x000000070bd435b0}> (0x000000070bd435b0) 
thrown [s\open\src\hotspot\share\interpreter\linkResolver.cpp, line 1433]
Event: 162.294 Thread 0x00000124f113e310 Implicit null exception at 0x00000124dce20944 to 0x00000124dce21f38
Event: 162.345 Thread 0x00000124f113e310 Implicit null exception at 0x00000124dcfd1539 to 0x00000124dcfd3b68

VM Operations (20 events):
Event: 157.447 Executing VM operation: HandshakeAllThreads done
Event: 158.334 Executing VM operation: ICBufferFull
Event: 158.334 Executing VM operation: ICBufferFull done
Event: 158.484 Executing VM operation: G1CollectForAllocation
Event: 158.715 Executing VM operation: G1CollectForAllocation done
Event: 159.705 Executing VM operation: G1CollectForAllocation
Event: 160.451 Executing VM operation: G1CollectForAllocation done
Event: 161.455 Executing VM operation: Cleanup
Event: 161.456 Executing VM operation: Cleanup done
Event: 161.511 Executing VM operation: G1CollectForAllocation
Event: 161.542 Executing VM operation: G1CollectForAllocation done
Event: 162.232 Executing VM operation: G1CollectForAllocation
Event: 162.261 Executing VM operation: G1CollectForAllocation done
Event: 163.263 Executing VM operation: Cleanup
Event: 163.263 Executing VM operation: Cleanup done
Event: 163.332 Executing VM operation: HandshakeAllThreads
Event: 163.332 Executing VM operation: HandshakeAllThreads done
Event: 163.457 Executing VM operation: ICBufferFull
Event: 163.458 Executing VM operation: ICBufferFull done
Event: 163.933 Executing VM operation: G1CollectForAllocation

Events (20 events):
Event: 162.606 loading class org/xml/sax/helpers/AttributesImpl
Event: 162.606 loading class org/xml/sax/helpers/AttributesImpl done
Event: 162.608 loading class java/util/regex/Pattern$Behind
Event: 162.608 loading class java/util/regex/Pattern$Behind done
Event: 162.609 loading class java/util/regex/Pattern$Neg
Event: 162.609 loading class java/util/regex/Pattern$Neg done
Event: 162.625 loading class javax/xml/datatype/DatatypeConfigurationException
Event: 162.625 loading class javax/xml/datatype/DatatypeConfigurationException done
Event: 162.627 loading class jdk/internal/reflect/UnsafeBooleanFieldAccessorImpl
Event: 162.628 loading class jdk/internal/reflect/UnsafeBooleanFieldAccessorImpl done
Event: 162.629 loading class jdk/internal/reflect/UnsafeIntegerFieldAccessorImpl
Event: 162.629 loading class jdk/internal/reflect/UnsafeIntegerFieldAccessorImpl done
Event: 162.948 loading class java/io/SequenceInputStream
Event: 162.948 loading class java/io/SequenceInputStream done
Event: 163.345 Thread 0x00000124f113ed30 flushing nmethod 0x00000124d5685710
Event: 163.348 Thread 0x00000124f113ed30 flushing nmethod 0x00000124d59cea10
Event: 163.351 Thread 0x00000124f113ed30 flushing nmethod 0x00000124d5b79c10
Event: 163.353 Thread 0x00000124f113ed30 flushing nmethod 0x00000124d5d91610
Event: 163.353 Thread 0x00000124f113ed30 flushing nmethod 0x00000124d5dac010
Event: 163.366 Thread 0x00000124f113ed30 flushing nmethod 0x00000124d6820210


Dynamic libraries:
0x00007ff73a080000 - 0x00007ff73a090000 	C:\Program Files\Java\jdk-17\bin\java.exe
0x00007ffe5ee70000 - 0x00007ffe5f068000 	C:\WINDOWS\SYSTEM32\ntdll.dll
0x00007ffe5d9e0000 - 0x00007ffe5da9d000 	C:\WINDOWS\System32\KERNEL32.DLL
0x00007ffe5c9c0000 - 0x00007ffe5ccb6000 	C:\WINDOWS\System32\KERNELBASE.dll
0x00007ffe5c850000 - 0x00007ffe5c950000 	C:\WINDOWS\System32\ucrtbase.dll
0x00007ffe50be0000 - 0x00007ffe50bfb000 	C:\Program Files\Java\jdk-17\bin\VCRUNTIME140.dll
0x00007ffe50a80000 - 0x00007ffe50a99000 	C:\Program Files\Java\jdk-17\bin\jli.dll
0x00007ffe5e3d0000 - 0x00007ffe5e480000 	C:\WINDOWS\System32\ADVAPI32.dll
0x00007ffe5d050000 - 0x00007ffe5d0ee000 	C:\WINDOWS\System32\msvcrt.dll
0x00007ffe5dc70000 - 0x00007ffe5dd10000 	C:\WINDOWS\System32\sechost.dll
0x00007ffe5e480000 - 0x00007ffe5e5a3000 	C:\WINDOWS\System32\RPCRT4.dll
0x00007ffe5c790000 - 0x00007ffe5c7b7000 	C:\WINDOWS\System32\bcrypt.dll
0x00007ffe5e230000 - 0x00007ffe5e3cf000 	C:\WINDOWS\System32\USER32.dll
0x00007ffe5ce70000 - 0x00007ffe5ce92000 	C:\WINDOWS\System32\win32u.dll
0x00007ffe42660000 - 0x00007ffe428fa000 	C:\WINDOWS\WinSxS\amd64_microsoft.windows.common-controls_6595b64144ccf1df_6.0.19041.4355_none_60b8b9eb71f62e16\COMCTL32.dll
0x00007ffe5dea0000 - 0x00007ffe5decb000 	C:\WINDOWS\System32\GDI32.dll
0x00007ffe5c5c0000 - 0x00007ffe5c6d7000 	C:\WINDOWS\System32\gdi32full.dll
0x00007ffe5c520000 - 0x00007ffe5c5bd000 	C:\WINDOWS\System32\msvcp_win.dll
0x00007ffe4dc70000 - 0x00007ffe4dc7a000 	C:\WINDOWS\SYSTEM32\VERSION.dll
0x00007ffe5db50000 - 0x00007ffe5db82000 	C:\WINDOWS\System32\IMM32.DLL
0x00007ffe50a30000 - 0x00007ffe50a3c000 	C:\Program Files\Java\jdk-17\bin\vcruntime140_1.dll
0x00007ffe16a70000 - 0x00007ffe16afe000 	C:\Program Files\Java\jdk-17\bin\msvcp140.dll
0x00007ffe11bd0000 - 0x00007ffe127b0000 	C:\Program Files\Java\jdk-17\bin\server\jvm.dll
0x00007ffe5d8c0000 - 0x00007ffe5d8c8000 	C:\WINDOWS\System32\PSAPI.DLL
0x00007ffe4c0e0000 - 0x00007ffe4c107000 	C:\WINDOWS\SYSTEM32\WINMM.dll
0x00007ffe59bb0000 - 0x00007ffe59bb9000 	C:\WINDOWS\SYSTEM32\WSOCK32.dll
0x00007ffe5e6e0000 - 0x00007ffe5e74b000 	C:\WINDOWS\System32\WS2_32.dll
0x00007ffe5ab50000 - 0x00007ffe5ab62000 	C:\WINDOWS\SYSTEM32\kernel.appcore.dll
0x00007ffe4fd20000 - 0x00007ffe4fd2a000 	C:\Program Files\Java\jdk-17\bin\jimage.dll
0x00007ffe4a100000 - 0x00007ffe4a2e4000 	C:\WINDOWS\SYSTEM32\DBGHELP.DLL
0x00007ffe4a0c0000 - 0x00007ffe4a0f4000 	C:\WINDOWS\SYSTEM32\dbgcore.DLL
0x00007ffe5c7c0000 - 0x00007ffe5c842000 	C:\WINDOWS\System32\bcryptPrimitives.dll
0x00007ffe47da0000 - 0x00007ffe47dae000 	C:\Program Files\Java\jdk-17\bin\instrument.dll
0x00007ffe33d90000 - 0x00007ffe33db5000 	C:\Program Files\Java\jdk-17\bin\java.dll
0x00007ffe16990000 - 0x00007ffe16a67000 	C:\Program Files\Java\jdk-17\bin\jsvml.dll
0x00007ffe5d150000 - 0x00007ffe5d8bb000 	C:\WINDOWS\System32\SHELL32.dll
0x00007ffe5a0c0000 - 0x00007ffe5a85d000 	C:\WINDOWS\SYSTEM32\windows.storage.dll
0x00007ffe5ded0000 - 0x00007ffe5e223000 	C:\WINDOWS\System32\combase.dll
0x00007ffe5be70000 - 0x00007ffe5be9e000 	C:\WINDOWS\SYSTEM32\Wldp.dll
0x00007ffe5e870000 - 0x00007ffe5e93d000 	C:\WINDOWS\System32\OLEAUT32.dll
0x00007ffe5d930000 - 0x00007ffe5d9dd000 	C:\WINDOWS\System32\SHCORE.dll
0x00007ffe5d0f0000 - 0x00007ffe5d145000 	C:\WINDOWS\System32\shlwapi.dll
0x00007ffe5c450000 - 0x00007ffe5c474000 	C:\WINDOWS\SYSTEM32\profapi.dll
0x00007ffe4dfd0000 - 0x00007ffe4dfe8000 	C:\Program Files\Java\jdk-17\bin\zip.dll
0x00007ffe50a60000 - 0x00007ffe50a79000 	C:\Program Files\Java\jdk-17\bin\net.dll
0x00007ffe51490000 - 0x00007ffe5159a000 	C:\WINDOWS\SYSTEM32\WINHTTP.dll
0x00007ffe5bbd0000 - 0x00007ffe5bc3a000 	C:\WINDOWS\system32\mswsock.dll
0x00007ffe50a40000 - 0x00007ffe50a56000 	C:\Program Files\Java\jdk-17\bin\nio.dll
0x00007ffe4b730000 - 0x00007ffe4b740000 	C:\Program Files\Java\jdk-17\bin\verify.dll
0x00007ffe16960000 - 0x00007ffe16987000 	C:\Users\ZIDANE\.gradle\native\c067742578af261105cb4f569cf0c3c89f3d7b1fecec35dd04571415982c5e48\windows-amd64\native-platform.dll
0x00007ffe33bc0000 - 0x00007ffe33d04000 	C:\Users\ZIDANE\.gradle\native\38dada09dfb8b06ba9b0570ebf7e218e3eb74d4ef43ca46872605cf95ebc2f47\windows-amd64\native-platform-file-events.dll
0x00007ffe4a860000 - 0x00007ffe4a86a000 	C:\Program Files\Java\jdk-17\bin\management.dll
0x00007ffe47ef0000 - 0x00007ffe47efb000 	C:\Program Files\Java\jdk-17\bin\management_ext.dll
0x00007ffe5bdc0000 - 0x00007ffe5bdd8000 	C:\WINDOWS\SYSTEM32\CRYPTSP.dll
0x00007ffe5b4f0000 - 0x00007ffe5b524000 	C:\WINDOWS\system32\rsaenh.dll
0x00007ffe5c400000 - 0x00007ffe5c42e000 	C:\WINDOWS\SYSTEM32\USERENV.dll
0x00007ffe5bde0000 - 0x00007ffe5bdec000 	C:\WINDOWS\SYSTEM32\CRYPTBASE.dll
0x00007ffe5b8b0000 - 0x00007ffe5b8eb000 	C:\WINDOWS\SYSTEM32\IPHLPAPI.DLL
0x00007ffe5de00000 - 0x00007ffe5de08000 	C:\WINDOWS\System32\NSI.dll
0x00007ffe51f40000 - 0x00007ffe51f57000 	C:\WINDOWS\SYSTEM32\dhcpcsvc6.DLL
0x00007ffe51fa0000 - 0x00007ffe51fbd000 	C:\WINDOWS\SYSTEM32\dhcpcsvc.DLL
0x00007ffe5b8f0000 - 0x00007ffe5b9bb000 	C:\WINDOWS\SYSTEM32\DNSAPI.dll
0x00007ffe44950000 - 0x00007ffe4495e000 	C:\Program Files\Java\jdk-17\bin\sunmscapi.dll
0x00007ffe5ccc0000 - 0x00007ffe5ce1e000 	C:\WINDOWS\System32\CRYPT32.dll
0x00007ffe5bee0000 - 0x00007ffe5bf09000 	C:\WINDOWS\SYSTEM32\ncrypt.dll
0x00007ffe5bea0000 - 0x00007ffe5bedb000 	C:\WINDOWS\SYSTEM32\NTASN1.dll
0x00007ffe57ea0000 - 0x00007ffe57ea7000 	C:\WINDOWS\system32\wshunix.dll
0x00007ffe34390000 - 0x00007ffe343a7000 	C:\WINDOWS\system32\napinsp.dll
0x00007ffe326b0000 - 0x00007ffe326cb000 	C:\WINDOWS\system32\pnrpnsp.dll
0x00007ffe57ae0000 - 0x00007ffe57afd000 	C:\WINDOWS\system32\NLAapi.dll
0x00007ffe32690000 - 0x00007ffe326a2000 	C:\WINDOWS\System32\winrnr.dll
0x00007ffe57990000 - 0x00007ffe579a5000 	C:\WINDOWS\system32\wshbth.dll
0x0000000059ef0000 - 0x0000000059f16000 	C:\Program Files\Bonjour\mdnsNSP.dll
0x00007ffe4f8c0000 - 0x00007ffe4f8ca000 	C:\Windows\System32\rasadhlp.dll
0x00007ffe504f0000 - 0x00007ffe50570000 	C:\WINDOWS\System32\fwpuclnt.dll
0x00007ffe59cf0000 - 0x00007ffe59d80000 	C:\WINDOWS\system32\apphelp.dll

dbghelp: loaded successfully - version: 4.0.5 - missing functions: none
symbol engine: initialized successfully - sym options: 0x614 - pdb path: .;C:\Program Files\Java\jdk-17\bin;C:\WINDOWS\SYSTEM32;C:\WINDOWS\WinSxS\amd64_microsoft.windows.common-controls_6595b64144ccf1df_6.0.19041.4355_none_60b8b9eb71f62e16;C:\Program Files\Java\jdk-17\bin\server;C:\Users\ZIDANE\.gradle\native\c067742578af261105cb4f569cf0c3c89f3d7b1fecec35dd04571415982c5e48\windows-amd64;C:\Users\ZIDANE\.gradle\native\38dada09dfb8b06ba9b0570ebf7e218e3eb74d4ef43ca46872605cf95ebc2f47\windows-amd64;C:\Program Files\Bonjour

VM Arguments:
jvm_args: --add-opens=java.base/java.util=ALL-UNNAMED --add-opens=java.base/java.lang=ALL-UNNAMED --add-opens=java.base/java.lang.invoke=ALL-UNNAMED --add-opens=java.prefs/java.util.prefs=ALL-UNNAMED --add-opens=java.base/java.nio.charset=ALL-UNNAMED --add-opens=java.base/java.net=ALL-UNNAMED --add-opens=java.base/java.util.concurrent.atomic=ALL-UNNAMED -Xmx4608m -Dfile.encoding=windows-1252 -Duser.country=FR -Duser.language=fr -Duser.variant -javaagent:C:\Users\ZIDANE\.gradle\wrapper\dists\gradle-8.7-bin\bhs2wmbdwecv87pi65oeuq5iu\gradle-8.7\lib\agents\gradle-instrumentation-agent-8.7.jar 
java_command: org.gradle.launcher.daemon.bootstrap.GradleDaemon 8.7
java_class_path (initial): C:\Users\ZIDANE\.gradle\wrapper\dists\gradle-8.7-bin\bhs2wmbdwecv87pi65oeuq5iu\gradle-8.7\lib\gradle-launcher-8.7.jar
Launcher Type: SUN_STANDARD

[Global flags]
     intx CICompilerCount                          = 3                                         {product} {ergonomic}
     uint ConcGCThreads                            = 1                                         {product} {ergonomic}
     uint G1ConcRefinementThreads                  = 4                                         {product} {ergonomic}
   size_t G1HeapRegionSize                         = 4194304                                   {product} {ergonomic}
    uintx GCDrainStackTargetSize                   = 64                                        {product} {ergonomic}
   size_t InitialHeapSize                          = 67108864                                  {product} {ergonomic}
   size_t MarkStackSize                            = 4194304                                   {product} {ergonomic}
   size_t MaxHeapSize                              = 4831838208                                {product} {command line}
   size_t MaxNewSize                               = 2898264064                                {product} {ergonomic}
   size_t MinHeapDeltaBytes                        = 4194304                                   {product} {ergonomic}
   size_t MinHeapSize                              = 8388608                                   {product} {ergonomic}
    uintx NonNMethodCodeHeapSize                   = 5832780                                {pd product} {ergonomic}
    uintx NonProfiledCodeHeapSize                  = 122912730                              {pd product} {ergonomic}
    uintx ProfiledCodeHeapSize                     = 122912730                              {pd product} {ergonomic}
    uintx ReservedCodeCacheSize                    = 251658240                              {pd product} {ergonomic}
     bool SegmentedCodeCache                       = true                                      {product} {ergonomic}
   size_t SoftMaxHeapSize                          = 4831838208                             {manageable} {ergonomic}
     bool UseCompressedClassPointers               = true                           {product lp64_product} {ergonomic}
     bool UseCompressedOops                        = true                           {product lp64_product} {ergonomic}
     bool UseG1GC                                  = true                                      {product} {ergonomic}
     bool UseLargePagesIndividualAllocation        = false                                  {pd product} {ergonomic}

Logging:
Log output configuration:
 #0: stdout all=warning uptime,level,tags
 #1: stderr all=off uptime,level,tags

Environment Variables:
JAVA_HOME=C:\Program Files\Java\jdk-17
CLASSPATH=C:\Users\ZIDANE\houseApp\android\\gradle\wrapper\gradle-wrapper.jar
PATH=C:\Program Files\Common Files\Oracle\Java\javapath;C:\Program Files (x86)\Common Files\Oracle\Java\java8path;C:\Program Files (x86)\Common Files\Oracle\Java\javapath;C:\Program Files\Java\jdk-17\bin;C:\WINDOWS\system32;C:\WINDOWS;C:\WINDOWS\System32\Wbem;C:\WINDOWS\System32\WindowsPowerShell\v1.0\;C:\WINDOWS\System32\OpenSSH\;C:\Program Files\nodejs\;C:\Program Files\Git\cmd;choco;C:\ProgramData\chocolatey\bin;STM32CubeProgrammer path\bin;C:\Program Files\php-8.3.6;C:\Program Files\Java\jdk-17\bin;C:\WINDOWS\system32;C:\WINDOWS;C:\WINDOWS\System32\Wbem;C:\WINDOWS\System32\WindowsPowerShell\v1.0\;C:\WINDOWS\System32\OpenSSH\;C:\Program Files\nodejs\;C:\Program Files\Git\cmd;choco;C:\ProgramData\chocolatey\bin;STM32CubeProgrammer path\bin;C:\Program Files\php-8.3.6;C:\Users\ZIDANE\AppData\Local\Android\Sdk\tools;C:\Users\ZIDANE\AppData\Local\Microsoft\WindowsApps;C:\Users\ZIDANE\AppData\Local\Programs\Microsoft VS Code\bin;C:\Users\ZIDANE\AppData\Roaming\npm;C:\Users\ZIDANE\AppData\Local\Android\Sdk\platform-tools;C:\flutter\flutter\bin;C:\Program Files\Java\jdk-17\bin;
USERNAME=ZIDANE
LANG=en_US.UTF-8
OS=Windows_NT
PROCESSOR_IDENTIFIER=Intel64 Family 6 Model 58 Stepping 9, GenuineIntel



---------------  S Y S T E M  ---------------

OS:
 Windows 10 , 64 bit Build 19041 (10.0.19041.3636)
OS uptime: 0 days 3:18 hours

CPU: total 4 (initial active 4) (2 cores per cpu, 2 threads per core) family 6 model 58 stepping 9 microcode 0x21, cx8, cmov, fxsr, ht, mmx, sse, sse2, sse3, ssse3, sse4.1, sse4.2, popcnt, tsc, tscinvbit, avx, aes, erms, clmul, vzeroupper, clflush

Memory: 4k page, system-wide physical 3999M (265M free)
TotalPageFile size 16287M (AvailPageFile size 678M)
current process WorkingSet (physical memory assigned to process): 507M, peak: 507M
current process commit charge ("private bytes"): 1076M, peak: 1800M

vm_info: Java HotSpot(TM) 64-Bit Server VM (17.0.12+8-LTS-286) for windows-amd64 JRE (17.0.12+8-LTS-286), built on Jun  5 2024 06:46:59 by "mach5one" with MS VC++ 17.6 (VS2022)

END.
