#
# There is insufficient memory for the Java Runtime Environment to continue.
# Native memory allocation (malloc) failed to allocate 32744 bytes for ChunkPool::allocate
# Possible reasons:
#   The system is out of physical RAM or swap space
#   The process is running with CompressedOops enabled, and the Java Heap may be blocking the growth of the native heap
# Possible solutions:
#   Reduce memory load on the system
#   Increase physical memory or swap space
#   Check if swap backing store is full
#   Decrease Java heap size (-Xmx/-Xms)
#   Decrease number of Java threads
#   Decrease Java thread stack sizes (-Xss)
#   Set larger code cache with -XX:ReservedCodeCacheSize=
#   JVM is running with Unscaled Compressed Oops mode in which the Java heap is
#     placed in the first 4GB address space. The Java Heap base address is the
#     maximum limit for the native heap growth. Please use -XX:HeapBaseMinAddress
#     to set the Java Heap base and to place the Java Heap above 4GB virtual address.
# This output file may be truncated or incomplete.
#
#  Out of Memory Error (arena.cpp:78), pid=13932, tid=12060
#
# JRE version: Java(TM) SE Runtime Environment (17.0.12+8) (build 17.0.12+8-LTS-286)
# Java VM: Java HotSpot(TM) 64-Bit Server VM (17.0.12+8-LTS-286, mixed mode, sharing, tiered, compressed oops, compressed class ptrs, g1 gc, windows-amd64)
# No core dump will be written. Minidumps are not enabled by default on client versions of Windows
#

---------------  S U M M A R Y ------------

Command Line: -Xmx64m -Xms64m -Dorg.gradle.appname=gradlew org.gradle.wrapper.GradleWrapperMain app:installDebug -PreactNativeDevServerPort=8081

Host: Intel(R) Core(TM) i5-3320M CPU @ 2.60GHz, 4 cores, 3G,  Windows 10 , 64 bit Build 19041 (10.0.19041.3636)
Time: Fri Aug 23 00:59:14 2024 Afr. centrale Ouest elapsed time: 329.071211 seconds (0d 0h 5m 29s)

---------------  T H R E A D  ---------------

Current thread (0x000001927ea3d9b0):  JavaThread "C2 CompilerThread0" daemon [_thread_in_native, id=12060, stack(0x0000001575c00000,0x0000001575d00000)]


Current CompileTask:
C2: 329076 1669   !   4       org.gradle.internal.logging.console.ThrottlingOutputEventListener::onOutput (92 bytes)

Stack: [0x0000001575c00000,0x0000001575d00000]
Native frames: (J=compiled Java code, j=interpreted, Vv=VM code, C=native code)
V  [jvm.dll+0x67a04a]
V  [jvm.dll+0x7da4ed]
V  [jvm.dll+0x7dbe33]
V  [jvm.dll+0x7dc4a3]
V  [jvm.dll+0x24508f]
V  [jvm.dll+0xab9a4]
V  [jvm.dll+0xabd3c]
V  [jvm.dll+0xab884]
V  [jvm.dll+0x658db1]
V  [jvm.dll+0x6577b8]
V  [jvm.dll+0x61e0db]
V  [jvm.dll+0x347d22]
V  [jvm.dll+0x112e21]
V  [jvm.dll+0x112c9c]
V  [jvm.dll+0x33c4ca]
V  [jvm.dll+0x695b36]
V  [jvm.dll+0x694e42]
V  [jvm.dll+0x690266]
V  [jvm.dll+0x68a3d5]
V  [jvm.dll+0x689a20]
V  [jvm.dll+0x687932]
V  [jvm.dll+0x1a5bac]
V  [jvm.dll+0x2a975c]
V  [jvm.dll+0x6923b6]
V  [jvm.dll+0x68a3d5]
V  [jvm.dll+0x689a20]
V  [jvm.dll+0x687932]
V  [jvm.dll+0x1a5bac]
V  [jvm.dll+0x2a975c]
V  [jvm.dll+0x6923b6]
V  [jvm.dll+0x68a3d5]
V  [jvm.dll+0x689a20]
V  [jvm.dll+0x687932]
V  [jvm.dll+0x1a5bac]
V  [jvm.dll+0x2a975c]
V  [jvm.dll+0x6923b6]
V  [jvm.dll+0x68a3d5]
V  [jvm.dll+0x689a20]
V  [jvm.dll+0x687932]
V  [jvm.dll+0x1a5bac]
V  [jvm.dll+0x2a975c]
V  [jvm.dll+0x6923b6]
V  [jvm.dll+0x68a3d5]
V  [jvm.dll+0x689a20]
V  [jvm.dll+0x687932]
V  [jvm.dll+0x1a5bac]
V  [jvm.dll+0x1a6708]
V  [jvm.dll+0x2a975c]
V  [jvm.dll+0x6923b6]
V  [jvm.dll+0x68a3d5]
V  [jvm.dll+0x689a20]
V  [jvm.dll+0x687932]
V  [jvm.dll+0x1a5bac]
V  [jvm.dll+0x1a6708]
V  [jvm.dll+0x1a6708]
V  [jvm.dll+0x1a664a]
V  [jvm.dll+0x2a975c]
V  [jvm.dll+0x6923b6]
V  [jvm.dll+0x68a3d5]
V  [jvm.dll+0x689a20]
V  [jvm.dll+0x687932]
V  [jvm.dll+0x1a5bac]
V  [jvm.dll+0x2a975c]
V  [jvm.dll+0x6923b6]
V  [jvm.dll+0x68a3d5]
V  [jvm.dll+0x689a20]
V  [jvm.dll+0x687932]
V  [jvm.dll+0x1a5bac]
V  [jvm.dll+0x1a6708]
V  [jvm.dll+0x1a6708]
V  [jvm.dll+0x2a975c]
V  [jvm.dll+0x6923b6]
V  [jvm.dll+0x68a3d5]
V  [jvm.dll+0x689a20]
V  [jvm.dll+0x687932]
V  [jvm.dll+0x1a5bac]
V  [jvm.dll+0x1a6708]
V  [jvm.dll+0x1a6708]
V  [jvm.dll+0x2a975c]
V  [jvm.dll+0x6923b6]
V  [jvm.dll+0x68a3d5]
V  [jvm.dll+0x689a20]
V  [jvm.dll+0x687932]
V  [jvm.dll+0x1a5bac]
V  [jvm.dll+0x1a6708]
V  [jvm.dll+0x1a6708]
V  [jvm.dll+0x2a975c]
V  [jvm.dll+0x6923b6]
V  [jvm.dll+0x68a3d5]
V  [jvm.dll+0x689a20]
V  [jvm.dll+0x687932]
V  [jvm.dll+0x1a5bac]
V  [jvm.dll+0x2a975c]
V  [jvm.dll+0x6923b6]
V  [jvm.dll+0x68a3d5]
V  [jvm.dll+0x689a20]
V  [jvm.dll+0x687932]
V  [jvm.dll+0x1a5bac]
V  [jvm.dll+0x215818]
...<more frames>...


---------------  P R O C E S S  ---------------

Threads class SMR info:
_java_thread_list=0x00000192540de0b0, length=15, elements={
0x0000019274b38600, 0x000001927ea255e0, 0x0000019274c08390, 0x000001927ea32420,
0x000001927ea33780, 0x000001927ea36660, 0x000001927ea377c0, 0x000001927ea3d9b0,
0x000001927ea40c10, 0x000001927ea43620, 0x000001927ec9ed20, 0x000001927eca5e50,
0x000001927f608260, 0x000001925428e760, 0x00000192542db400
}

Java Threads: ( => current thread )
  0x0000019274b38600 JavaThread "main" [_thread_in_native, id=3304, stack(0x0000001574f00000,0x0000001575000000)]
  0x000001927ea255e0 JavaThread "Reference Handler" daemon [_thread_blocked, id=14636, stack(0x0000001575600000,0x0000001575700000)]
  0x0000019274c08390 JavaThread "Finalizer" daemon [_thread_blocked, id=12880, stack(0x0000001575700000,0x0000001575800000)]
  0x000001927ea32420 JavaThread "Signal Dispatcher" daemon [_thread_blocked, id=14696, stack(0x0000001575800000,0x0000001575900000)]
  0x000001927ea33780 JavaThread "Attach Listener" daemon [_thread_blocked, id=12836, stack(0x0000001575900000,0x0000001575a00000)]
  0x000001927ea36660 JavaThread "Service Thread" daemon [_thread_blocked, id=10224, stack(0x0000001575a00000,0x0000001575b00000)]
  0x000001927ea377c0 JavaThread "Monitor Deflation Thread" daemon [_thread_blocked, id=13616, stack(0x0000001575b00000,0x0000001575c00000)]
=>0x000001927ea3d9b0 JavaThread "C2 CompilerThread0" daemon [_thread_in_native, id=12060, stack(0x0000001575c00000,0x0000001575d00000)]
  0x000001927ea40c10 JavaThread "C1 CompilerThread0" daemon [_thread_blocked, id=11312, stack(0x0000001575d00000,0x0000001575e00000)]
  0x000001927ea43620 JavaThread "Sweeper thread" daemon [_thread_blocked, id=14604, stack(0x0000001575e00000,0x0000001575f00000)]
  0x000001927ec9ed20 JavaThread "Notification Thread" daemon [_thread_blocked, id=13748, stack(0x0000001575f00000,0x0000001576000000)]
  0x000001927eca5e50 JavaThread "Common-Cleaner" daemon [_thread_blocked, id=10964, stack(0x0000001576100000,0x0000001576200000)]
  0x000001927f608260 JavaThread "pool-1-thread-1" [_thread_blocked, id=5112, stack(0x0000001576500000,0x0000001576600000)]
  0x000001925428e760 JavaThread "DisconnectableInputStream source reader" daemon [_thread_in_native, id=8748, stack(0x0000001576700000,0x0000001576800000)]
  0x00000192542db400 JavaThread "Forward input" [_thread_blocked, id=12724, stack(0x0000001576800000,0x0000001576900000)]

Other Threads:
  0x0000019274c06120 VMThread "VM Thread" [stack: 0x0000001575500000,0x0000001575600000] [id=10780]
  0x0000019274b619a0 WatcherThread [stack: 0x0000001576000000,0x0000001576100000] [id=13200]
  0x0000019274b59e90 GCTaskThread "GC Thread#0" [stack: 0x0000001575000000,0x0000001575100000] [id=8092]
  0x000001927ef04ed0 GCTaskThread "GC Thread#1" [stack: 0x0000001576200000,0x0000001576300000] [id=852]
  0x000001927ef69eb0 GCTaskThread "GC Thread#2" [stack: 0x0000001576300000,0x0000001576400000] [id=11608]
  0x000001927f01cd30 GCTaskThread "GC Thread#3" [stack: 0x0000001576400000,0x0000001576500000] [id=13620]
  0x0000019274b5b5e0 ConcurrentGCThread "G1 Main Marker" [stack: 0x0000001575100000,0x0000001575200000] [id=4000]
  0x0000019274b5bff0 ConcurrentGCThread "G1 Conc#0" [stack: 0x0000001575200000,0x0000001575300000] [id=192]
  0x0000019274ba9330 ConcurrentGCThread "G1 Refine#0" [stack: 0x0000001575300000,0x0000001575400000] [id=10028]
  0x0000019274ba9d60 ConcurrentGCThread "G1 Service" [stack: 0x0000001575400000,0x0000001575500000] [id=9000]

Threads with active compile tasks:
C2 CompilerThread0   329223 1669   !   4       org.gradle.internal.logging.console.ThrottlingOutputEventListener::onOutput (92 bytes)

VM state: not at safepoint (normal execution)

VM Mutex/Monitor currently owned by a thread: None

Heap address: 0x00000000fc000000, size: 64 MB, Compressed Oops mode: 32-bit

CDS archive(s) mapped at: [0x000001920f000000-0x000001920fbd0000-0x000001920fbd0000), size 12386304, SharedBaseAddress: 0x000001920f000000, ArchiveRelocationMode: 1.
Compressed class space mapped at: 0x0000019210000000-0x0000019250000000, reserved size: 1073741824
Narrow klass base: 0x000001920f000000, Narrow klass shift: 0, Narrow klass range: 0x100000000

GC Precious Log:
 CPUs: 4 total, 4 available
 Memory: 3999M
 Large Page Support: Disabled
 NUMA Support: Disabled
 Compressed Oops: Enabled (32-bit)
 Heap Region Size: 1M
 Heap Min Capacity: 64M
 Heap Initial Capacity: 64M
 Heap Max Capacity: 64M
 Pre-touch: Disabled
 Parallel Workers: 4
 Concurrent Workers: 1
 Concurrent Refinement Workers: 4
 Periodic GC: Disabled

Heap:
 garbage-first heap   total 65536K, used 23480K [0x00000000fc000000, 0x0000000100000000)
  region size 1024K, 16 young (16384K), 3 survivors (3072K)
 Metaspace       used 9144K, committed 9408K, reserved 1114112K
  class space    used 1203K, committed 1344K, reserved 1048576K

Heap Regions: E=young(eden), S=young(survivor), O=old, HS=humongous(starts), HC=humongous(continues), CS=collection set, F=free, OA=open archive, CA=closed archive, TAMS=top-at-mark-start (previous, next)
|   0|0x00000000fc000000, 0x00000000fc100000, 0x00000000fc100000|100%| O|  |TAMS 0x00000000fc000000, 0x00000000fc000000| Untracked 
|   1|0x00000000fc100000, 0x00000000fc200000, 0x00000000fc200000|100%|HS|  |TAMS 0x00000000fc100000, 0x00000000fc100000| Complete 
|   2|0x00000000fc200000, 0x00000000fc300000, 0x00000000fc300000|100%|HC|  |TAMS 0x00000000fc200000, 0x00000000fc200000| Complete 
|   3|0x00000000fc300000, 0x00000000fc400000, 0x00000000fc400000|100%|HC|  |TAMS 0x00000000fc300000, 0x00000000fc300000| Complete 
|   4|0x00000000fc400000, 0x00000000fc500000, 0x00000000fc500000|100%|HC|  |TAMS 0x00000000fc400000, 0x00000000fc400000| Complete 
|   5|0x00000000fc500000, 0x00000000fc600000, 0x00000000fc600000|100%| O|  |TAMS 0x00000000fc500000, 0x00000000fc500000| Untracked 
|   6|0x00000000fc600000, 0x00000000fc700000, 0x00000000fc700000|100%| O|  |TAMS 0x00000000fc600000, 0x00000000fc600000| Untracked 
|   7|0x00000000fc700000, 0x00000000fc7ee000, 0x00000000fc800000| 92%| O|  |TAMS 0x00000000fc700000, 0x00000000fc700000| Untracked 
|   8|0x00000000fc800000, 0x00000000fc800000, 0x00000000fc900000|  0%| F|  |TAMS 0x00000000fc800000, 0x00000000fc800000| Untracked 
|   9|0x00000000fc900000, 0x00000000fc900000, 0x00000000fca00000|  0%| F|  |TAMS 0x00000000fc900000, 0x00000000fc900000| Untracked 
|  10|0x00000000fca00000, 0x00000000fca00000, 0x00000000fcb00000|  0%| F|  |TAMS 0x00000000fca00000, 0x00000000fca00000| Untracked 
|  11|0x00000000fcb00000, 0x00000000fcb00000, 0x00000000fcc00000|  0%| F|  |TAMS 0x00000000fcb00000, 0x00000000fcb00000| Untracked 
|  12|0x00000000fcc00000, 0x00000000fcc00000, 0x00000000fcd00000|  0%| F|  |TAMS 0x00000000fcc00000, 0x00000000fcc00000| Untracked 
|  13|0x00000000fcd00000, 0x00000000fcd00000, 0x00000000fce00000|  0%| F|  |TAMS 0x00000000fcd00000, 0x00000000fcd00000| Untracked 
|  14|0x00000000fce00000, 0x00000000fce00000, 0x00000000fcf00000|  0%| F|  |TAMS 0x00000000fce00000, 0x00000000fce00000| Untracked 
|  15|0x00000000fcf00000, 0x00000000fcf00000, 0x00000000fd000000|  0%| F|  |TAMS 0x00000000fcf00000, 0x00000000fcf00000| Untracked 
|  16|0x00000000fd000000, 0x00000000fd000000, 0x00000000fd100000|  0%| F|  |TAMS 0x00000000fd000000, 0x00000000fd000000| Untracked 
|  17|0x00000000fd100000, 0x00000000fd100000, 0x00000000fd200000|  0%| F|  |TAMS 0x00000000fd100000, 0x00000000fd100000| Untracked 
|  18|0x00000000fd200000, 0x00000000fd200000, 0x00000000fd300000|  0%| F|  |TAMS 0x00000000fd200000, 0x00000000fd200000| Untracked 
|  19|0x00000000fd300000, 0x00000000fd300000, 0x00000000fd400000|  0%| F|  |TAMS 0x00000000fd300000, 0x00000000fd300000| Untracked 
|  20|0x00000000fd400000, 0x00000000fd400000, 0x00000000fd500000|  0%| F|  |TAMS 0x00000000fd400000, 0x00000000fd400000| Untracked 
|  21|0x00000000fd500000, 0x00000000fd500000, 0x00000000fd600000|  0%| F|  |TAMS 0x00000000fd500000, 0x00000000fd500000| Untracked 
|  22|0x00000000fd600000, 0x00000000fd600000, 0x00000000fd700000|  0%| F|  |TAMS 0x00000000fd600000, 0x00000000fd600000| Untracked 
|  23|0x00000000fd700000, 0x00000000fd700000, 0x00000000fd800000|  0%| F|  |TAMS 0x00000000fd700000, 0x00000000fd700000| Untracked 
|  24|0x00000000fd800000, 0x00000000fd800000, 0x00000000fd900000|  0%| F|  |TAMS 0x00000000fd800000, 0x00000000fd800000| Untracked 
|  25|0x00000000fd900000, 0x00000000fd900000, 0x00000000fda00000|  0%| F|  |TAMS 0x00000000fd900000, 0x00000000fd900000| Untracked 
|  26|0x00000000fda00000, 0x00000000fda00000, 0x00000000fdb00000|  0%| F|  |TAMS 0x00000000fda00000, 0x00000000fda00000| Untracked 
|  27|0x00000000fdb00000, 0x00000000fdb00000, 0x00000000fdc00000|  0%| F|  |TAMS 0x00000000fdb00000, 0x00000000fdb00000| Untracked 
|  28|0x00000000fdc00000, 0x00000000fdc00000, 0x00000000fdd00000|  0%| F|  |TAMS 0x00000000fdc00000, 0x00000000fdc00000| Untracked 
|  29|0x00000000fdd00000, 0x00000000fdd00000, 0x00000000fde00000|  0%| F|  |TAMS 0x00000000fdd00000, 0x00000000fdd00000| Untracked 
|  30|0x00000000fde00000, 0x00000000fde00000, 0x00000000fdf00000|  0%| F|  |TAMS 0x00000000fde00000, 0x00000000fde00000| Untracked 
|  31|0x00000000fdf00000, 0x00000000fdf00000, 0x00000000fe000000|  0%| F|  |TAMS 0x00000000fdf00000, 0x00000000fdf00000| Untracked 
|  32|0x00000000fe000000, 0x00000000fe000000, 0x00000000fe100000|  0%| F|  |TAMS 0x00000000fe000000, 0x00000000fe000000| Untracked 
|  33|0x00000000fe100000, 0x00000000fe100000, 0x00000000fe200000|  0%| F|  |TAMS 0x00000000fe100000, 0x00000000fe100000| Untracked 
|  34|0x00000000fe200000, 0x00000000fe200000, 0x00000000fe300000|  0%| F|  |TAMS 0x00000000fe200000, 0x00000000fe200000| Untracked 
|  35|0x00000000fe300000, 0x00000000fe300000, 0x00000000fe400000|  0%| F|  |TAMS 0x00000000fe300000, 0x00000000fe300000| Untracked 
|  36|0x00000000fe400000, 0x00000000fe400000, 0x00000000fe500000|  0%| F|  |TAMS 0x00000000fe400000, 0x00000000fe400000| Untracked 
|  37|0x00000000fe500000, 0x00000000fe500000, 0x00000000fe600000|  0%| F|  |TAMS 0x00000000fe500000, 0x00000000fe500000| Untracked 
|  38|0x00000000fe600000, 0x00000000fe600000, 0x00000000fe700000|  0%| F|  |TAMS 0x00000000fe600000, 0x00000000fe600000| Untracked 
|  39|0x00000000fe700000, 0x00000000fe700000, 0x00000000fe800000|  0%| F|  |TAMS 0x00000000fe700000, 0x00000000fe700000| Untracked 
|  40|0x00000000fe800000, 0x00000000fe800000, 0x00000000fe900000|  0%| F|  |TAMS 0x00000000fe800000, 0x00000000fe800000| Untracked 
|  41|0x00000000fe900000, 0x00000000fe900000, 0x00000000fea00000|  0%| F|  |TAMS 0x00000000fe900000, 0x00000000fe900000| Untracked 
|  42|0x00000000fea00000, 0x00000000fea00000, 0x00000000feb00000|  0%| F|  |TAMS 0x00000000fea00000, 0x00000000fea00000| Untracked 
|  43|0x00000000feb00000, 0x00000000fec00000, 0x00000000fec00000|100%| S|CS|TAMS 0x00000000feb00000, 0x00000000feb00000| Complete 
|  44|0x00000000fec00000, 0x00000000fed00000, 0x00000000fed00000|100%| S|CS|TAMS 0x00000000fec00000, 0x00000000fec00000| Complete 
|  45|0x00000000fed00000, 0x00000000fee00000, 0x00000000fee00000|100%| S|CS|TAMS 0x00000000fed00000, 0x00000000fed00000| Complete 
|  46|0x00000000fee00000, 0x00000000fee00000, 0x00000000fef00000|  0%| F|  |TAMS 0x00000000fee00000, 0x00000000fee00000| Untracked 
|  47|0x00000000fef00000, 0x00000000fef00000, 0x00000000ff000000|  0%| F|  |TAMS 0x00000000fef00000, 0x00000000fef00000| Untracked 
|  48|0x00000000ff000000, 0x00000000ff000000, 0x00000000ff100000|  0%| F|  |TAMS 0x00000000ff000000, 0x00000000ff000000| Untracked 
|  49|0x00000000ff100000, 0x00000000ff100000, 0x00000000ff200000|  0%| F|  |TAMS 0x00000000ff100000, 0x00000000ff100000| Untracked 
|  50|0x00000000ff200000, 0x00000000ff200000, 0x00000000ff300000|  0%| F|  |TAMS 0x00000000ff200000, 0x00000000ff200000| Untracked 
|  51|0x00000000ff300000, 0x00000000ff3ca700, 0x00000000ff400000| 79%| E|  |TAMS 0x00000000ff300000, 0x00000000ff300000| Complete 
|  52|0x00000000ff400000, 0x00000000ff500000, 0x00000000ff500000|100%| E|CS|TAMS 0x00000000ff400000, 0x00000000ff400000| Complete 
|  53|0x00000000ff500000, 0x00000000ff600000, 0x00000000ff600000|100%| E|CS|TAMS 0x00000000ff500000, 0x00000000ff500000| Complete 
|  54|0x00000000ff600000, 0x00000000ff700000, 0x00000000ff700000|100%| E|CS|TAMS 0x00000000ff600000, 0x00000000ff600000| Complete 
|  55|0x00000000ff700000, 0x00000000ff800000, 0x00000000ff800000|100%| E|CS|TAMS 0x00000000ff700000, 0x00000000ff700000| Complete 
|  56|0x00000000ff800000, 0x00000000ff900000, 0x00000000ff900000|100%| E|CS|TAMS 0x00000000ff800000, 0x00000000ff800000| Complete 
|  57|0x00000000ff900000, 0x00000000ffa00000, 0x00000000ffa00000|100%| E|CS|TAMS 0x00000000ff900000, 0x00000000ff900000| Complete 
|  58|0x00000000ffa00000, 0x00000000ffb00000, 0x00000000ffb00000|100%| E|CS|TAMS 0x00000000ffa00000, 0x00000000ffa00000| Complete 
|  59|0x00000000ffb00000, 0x00000000ffc00000, 0x00000000ffc00000|100%| E|CS|TAMS 0x00000000ffb00000, 0x00000000ffb00000| Complete 
|  60|0x00000000ffc00000, 0x00000000ffd00000, 0x00000000ffd00000|100%| E|CS|TAMS 0x00000000ffc00000, 0x00000000ffc00000| Complete 
|  61|0x00000000ffd00000, 0x00000000ffe00000, 0x00000000ffe00000|100%| E|CS|TAMS 0x00000000ffd00000, 0x00000000ffd00000| Complete 
|  62|0x00000000ffe00000, 0x00000000fff00000, 0x00000000fff00000|100%| E|CS|TAMS 0x00000000ffe00000, 0x00000000ffe00000| Complete 
|  63|0x00000000fff00000, 0x0000000100000000, 0x0000000100000000|100%| E|CS|TAMS 0x00000000fff00000, 0x00000000fff00000| Complete 

Card table byte_map: [0x0000019274990000,0x00000192749b0000] _byte_map_base: 0x00000192741b0000

Marking Bits (Prev, Next): (CMBitMap*) 0x0000019274b5a4b0, (CMBitMap*) 0x0000019274b5a4f0
 Prev Bits: [0x00000192749d0000, 0x0000019274ad0000)
 Next Bits: [0x000001927c400000, 0x000001927c500000)

Polling page: 0x0000019274310000

Metaspace:

Usage:
  Non-class:      7.76 MB used.
      Class:      1.17 MB used.
       Both:      8.93 MB used.

Virtual space:
  Non-class space:       64.00 MB reserved,       7.88 MB ( 12%) committed,  1 nodes.
      Class space:        1.00 GB reserved,       1.31 MB ( <1%) committed,  1 nodes.
             Both:        1.06 GB reserved,       9.19 MB ( <1%) committed. 

Chunk freelists:
   Non-Class:  7.94 MB
       Class:  14.61 MB
        Both:  22.54 MB

MaxMetaspaceSize: unlimited
CompressedClassSpaceSize: 1.00 GB
Initial GC threshold: 21.00 MB
Current GC threshold: 21.00 MB
CDS: on
MetaspaceReclaimPolicy: balanced
 - commit_granule_bytes: 65536.
 - commit_granule_words: 8192.
 - virtual_space_node_default_size: 8388608.
 - enlarge_chunks_in_place: 1.
 - new_chunks_are_fully_committed: 0.
 - uncommit_free_chunks: 1.
 - use_allocation_guard: 0.
 - handle_deallocations: 1.


Internal statistics:

num_allocs_failed_limit: 0.
num_arena_births: 82.
num_arena_deaths: 0.
num_vsnodes_births: 2.
num_vsnodes_deaths: 0.
num_space_committed: 147.
num_space_uncommitted: 0.
num_chunks_returned_to_freelist: 0.
num_chunks_taken_from_freelist: 322.
num_chunk_merges: 0.
num_chunk_splits: 217.
num_chunks_enlarged: 182.
num_inconsistent_stats: 0.

CodeHeap 'non-profiled nmethods': size=120000Kb used=581Kb max_used=581Kb free=119419Kb
 bounds [0x0000019207ad0000, 0x0000019207d40000, 0x000001920f000000]
CodeHeap 'profiled nmethods': size=120000Kb used=3185Kb max_used=3185Kb free=116814Kb
 bounds [0x0000019200000000, 0x0000019200320000, 0x0000019207530000]
CodeHeap 'non-nmethods': size=5760Kb used=1167Kb max_used=1183Kb free=4592Kb
 bounds [0x0000019207530000, 0x00000192077a0000, 0x0000019207ad0000]
 total_blobs=2130 nmethods=1667 adapters=376
 compilation: enabled
              stopped_count=0, restarted_count=0
 full_count=0

Compilation events (20 events):
Event: 143.865 Thread 0x000001927ea3d9b0 nmethod 1659 0x0000019207b5ee10 code [0x0000019207b5ef80, 0x0000019207b5eff8]
Event: 146.757 Thread 0x000001927ea3d9b0 1660       4       java.util.LinkedHashMap$LinkedValueIterator::next (8 bytes)
Event: 146.759 Thread 0x000001927ea3d9b0 nmethod 1660 0x0000019207b5f110 code [0x0000019207b5f280, 0x0000019207b5f4f8]
Event: 151.266 Thread 0x000001927ea3d9b0 1661       4       java.util.concurrent.locks.ReentrantLock$Sync::tryRelease (51 bytes)
Event: 151.267 Thread 0x000001927ea3d9b0 nmethod 1661 0x0000019207b5f610 code [0x0000019207b5f780, 0x0000019207b5f8b8]
Event: 182.260 Thread 0x000001927ea3d9b0 1662       4       java.util.concurrent.ScheduledThreadPoolExecutor::canRunInCurrentRunState (61 bytes)
Event: 182.267 Thread 0x000001927ea3d9b0 nmethod 1662 0x0000019207b5f990 code [0x0000019207b5fb00, 0x0000019207b5fbb8]
Event: 225.261 Thread 0x000001927ea3d9b0 1663       4       java.util.concurrent.locks.ReentrantLock$NonfairSync::initialTryLock (58 bytes)
Event: 225.316 Thread 0x000001927ea3d9b0 nmethod 1663 0x0000019207b5fc90 code [0x0000019207b5fe00, 0x0000019207b5ff78]
Event: 261.667 Thread 0x000001927ea3d9b0 1664       4       java.util.concurrent.locks.LockSupport::setBlocker (12 bytes)
Event: 261.670 Thread 0x000001927ea3d9b0 nmethod 1664 0x0000019207b60010 code [0x0000019207b60180, 0x0000019207b60298]
Event: 267.571 Thread 0x000001927ea3d9b0 1665       4       java.util.concurrent.ScheduledThreadPoolExecutor$ScheduledFutureTask::getDelay (16 bytes)
Event: 267.584 Thread 0x000001927ea3d9b0 nmethod 1665 0x0000019207b60310 code [0x0000019207b604a0, 0x0000019207b605d8]
Event: 271.661 Thread 0x000001927ea3d9b0 1666       4       java.util.concurrent.locks.ReentrantLock$Sync::isHeldExclusively (16 bytes)
Event: 271.664 Thread 0x000001927ea3d9b0 nmethod 1666 0x0000019207b60710 code [0x0000019207b60880, 0x0000019207b60938]
Event: 328.500 Thread 0x000001927ea3d9b0 1667       4       java.util.ArrayList::remove (26 bytes)
Event: 328.531 Thread 0x000001927ea3d9b0 nmethod 1667 0x0000019207b60a10 code [0x0000019207b60ba0, 0x0000019207b60d98]
Event: 328.531 Thread 0x000001927ea3d9b0 1668       4       java.util.ArrayList::fastRemove (44 bytes)
Event: 328.534 Thread 0x000001927ea3d9b0 nmethod 1668 0x0000019207b60f90 code [0x0000019207b61100, 0x0000019207b612b8]
Event: 328.868 Thread 0x000001927ea3d9b0 1669   !   4       org.gradle.internal.logging.console.ThrottlingOutputEventListener::onOutput (92 bytes)

GC Heap History (4 events):
Event: 1.843 GC heap before
{Heap before GC invocations=0 (full 0):
 garbage-first heap   total 65536K, used 12288K [0x00000000fc000000, 0x0000000100000000)
  region size 1024K, 13 young (13312K), 0 survivors (0K)
 Metaspace       used 1744K, committed 1856K, reserved 1114112K
  class space    used 160K, committed 192K, reserved 1048576K
}
Event: 1.858 GC heap after
{Heap after GC invocations=1 (full 0):
 garbage-first heap   total 65536K, used 2112K [0x00000000fc000000, 0x0000000100000000)
  region size 1024K, 2 young (2048K), 2 survivors (2048K)
 Metaspace       used 1744K, committed 1856K, reserved 1114112K
  class space    used 160K, committed 192K, reserved 1048576K
}
Event: 3.231 GC heap before
{Heap before GC invocations=1 (full 0):
 garbage-first heap   total 65536K, used 21568K [0x00000000fc000000, 0x0000000100000000)
  region size 1024K, 18 young (18432K), 2 survivors (2048K)
 Metaspace       used 4888K, committed 5120K, reserved 1114112K
  class space    used 651K, committed 768K, reserved 1048576K
}
Event: 3.238 GC heap after
{Heap after GC invocations=2 (full 0):
 garbage-first heap   total 65536K, used 11192K [0x00000000fc000000, 0x0000000100000000)
  region size 1024K, 3 young (3072K), 3 survivors (3072K)
 Metaspace       used 4888K, committed 5120K, reserved 1114112K
  class space    used 651K, committed 768K, reserved 1048576K
}

Deoptimization events (20 events):
Event: 3.645 Thread 0x0000019274b38600 Uncommon trap: trap_request=0xffffff45 fr.pc=0x0000019207b04dc0 relative=0x0000000000000fa0
Event: 3.645 Thread 0x0000019274b38600 Uncommon trap: reason=unstable_if action=reinterpret pc=0x0000019207b04dc0 method=java.util.HashMap.putVal(ILjava/lang/Object;Ljava/lang/Object;ZZ)Ljava/lang/Object; @ 236 c2
Event: 3.645 Thread 0x0000019274b38600 DEOPT PACKING pc=0x0000019207b04dc0 sp=0x0000001574ffbbb0
Event: 3.645 Thread 0x0000019274b38600 DEOPT UNPACKING pc=0x00000192075823a3 sp=0x0000001574ffbb78 mode 2
Event: 3.758 Thread 0x0000019274b38600 DEOPT PACKING pc=0x00000192001075b0 sp=0x0000001574ff8ef0
Event: 3.758 Thread 0x0000019274b38600 DEOPT UNPACKING pc=0x0000019207582b43 sp=0x0000001574ff8408 mode 0
Event: 3.761 Thread 0x0000019274b38600 DEOPT PACKING pc=0x00000192000af7e5 sp=0x0000001574ff66d0
Event: 3.761 Thread 0x0000019274b38600 DEOPT UNPACKING pc=0x0000019207582b43 sp=0x0000001574ff5b20 mode 0
Event: 4.221 Thread 0x0000019274b38600 Uncommon trap: trap_request=0xffffffc6 fr.pc=0x0000019207b3ec7c relative=0x000000000000051c
Event: 4.221 Thread 0x0000019274b38600 Uncommon trap: reason=bimorphic_or_optimized_type_check action=maybe_recompile pc=0x0000019207b3ec7c method=java.util.concurrent.ConcurrentHashMap.get(Ljava/lang/Object;)Ljava/lang/Object; @ 149 c2
Event: 4.221 Thread 0x0000019274b38600 DEOPT PACKING pc=0x0000019207b3ec7c sp=0x0000001574ffb670
Event: 4.221 Thread 0x0000019274b38600 DEOPT UNPACKING pc=0x00000192075823a3 sp=0x0000001574ffb610 mode 2
Event: 4.586 Thread 0x0000019274b38600 Uncommon trap: trap_request=0xffffff45 fr.pc=0x0000019207b06ea0 relative=0x00000000000005e0
Event: 4.586 Thread 0x0000019274b38600 Uncommon trap: reason=unstable_if action=reinterpret pc=0x0000019207b06ea0 method=java.lang.AbstractStringBuilder.append(Ljava/lang/String;)Ljava/lang/AbstractStringBuilder; @ 1 c2
Event: 4.586 Thread 0x0000019274b38600 DEOPT PACKING pc=0x0000019207b06ea0 sp=0x0000001574ffc3e0
Event: 4.586 Thread 0x0000019274b38600 DEOPT UNPACKING pc=0x00000192075823a3 sp=0x0000001574ffc360 mode 2
Event: 4.586 Thread 0x0000019274b38600 Uncommon trap: trap_request=0xffffff45 fr.pc=0x0000019207b17bb4 relative=0x00000000000005f4
Event: 4.586 Thread 0x0000019274b38600 Uncommon trap: reason=unstable_if action=reinterpret pc=0x0000019207b17bb4 method=java.lang.AbstractStringBuilder.append(Ljava/lang/String;)Ljava/lang/AbstractStringBuilder; @ 1 c2
Event: 4.586 Thread 0x0000019274b38600 DEOPT PACKING pc=0x0000019207b17bb4 sp=0x0000001574ffc380
Event: 4.586 Thread 0x0000019274b38600 DEOPT UNPACKING pc=0x00000192075823a3 sp=0x0000001574ffc368 mode 2

Classes unloaded (0 events):
No events

Classes redefined (0 events):
No events

Internal exceptions (20 events):
Event: 0.685 Thread 0x0000019274b38600 Exception <a 'java/lang/NoSuchMethodError'{0x00000000ffdf3268}: 'int java.lang.invoke.DirectMethodHandle$Holder.invokeStaticInit(java.lang.Object, java.lang.Object)'> (0x00000000ffdf3268) 
thrown [s\open\src\hotspot\share\interpreter\linkResolver.cpp, line 759]
Event: 2.883 Thread 0x0000019274b38600 Exception <a 'java/lang/NoSuchMethodError'{0x00000000ff589e20}: 'void java.lang.invoke.DirectMethodHandle$Holder.invokeStatic(java.lang.Object, java.lang.Object)'> (0x00000000ff589e20) 
thrown [s\open\src\hotspot\share\interpreter\linkResolver.cpp, line 759]
Event: 2.931 Thread 0x0000019274b38600 Exception <a 'java/lang/NoClassDefFoundError'{0x00000000ff412bf0}: org/slf4j/impl/StaticMarkerBinder> (0x00000000ff412bf0) 
thrown [s\open\src\hotspot\share\classfile\systemDictionary.cpp, line 245]
Event: 2.962 Thread 0x0000019274b38600 Exception <a 'java/lang/NoSuchMethodError'{0x00000000ff4be4b8}: 'java.lang.Object java.lang.invoke.DirectMethodHandle$Holder.invokeVirtual(java.lang.Object, java.lang.Object, java.lang.Object, java.lang.Object, java.lang.Object, java.lang.Object, java.lang.Object)'> (0x00000000ff4be4b8) 
thrown [s\open\src\hotspot\share\interpreter\linkResolver.cpp, line 759]
Event: 2.966 Thread 0x0000019274b38600 Exception <a 'java/lang/NoSuchMethodError'{0x00000000ff4cfa78}: 'java.lang.Object java.lang.invoke.Invokers$Holder.invoker(java.lang.Object, java.lang.Object, java.lang.Object)'> (0x00000000ff4cfa78) 
thrown [s\open\src\hotspot\share\interpreter\linkResolver.cpp, line 759]
Event: 2.968 Thread 0x0000019274b38600 Exception <a 'java/lang/NoSuchMethodError'{0x00000000ff4d8bd0}: 'java.lang.Object java.lang.invoke.DirectMethodHandle$Holder.invokeStatic(java.lang.Object, java.lang.Object, int)'> (0x00000000ff4d8bd0) 
thrown [s\open\src\hotspot\share\interpreter\linkResolver.cpp, line 759]
Event: 2.971 Thread 0x0000019274b38600 Exception <a 'java/lang/NoSuchMethodError'{0x00000000ff4e48c0}: 'void java.lang.invoke.DelegatingMethodHandle$Holder.delegate(java.lang.Object, java.lang.Object, int, java.lang.Object)'> (0x00000000ff4e48c0) 
thrown [s\open\src\hotspot\share\interpreter\linkResolver.cpp, line 759]
Event: 2.972 Thread 0x0000019274b38600 Exception <a 'java/lang/NoSuchMethodError'{0x00000000ff4e8a08}: 'int java.lang.invoke.DirectMethodHandle$Holder.invokeSpecial(java.lang.Object, java.lang.Object, java.lang.Object)'> (0x00000000ff4e8a08) 
thrown [s\open\src\hotspot\share\interpreter\linkResolver.cpp, line 759]
Event: 2.981 Thread 0x0000019274b38600 Exception <a 'java/lang/NoSuchMethodError'{0x00000000ff4fbd90}: 'java.lang.Object java.lang.invoke.Invokers$Holder.invokeExact_MT(java.lang.Object, java.lang.Object, java.lang.Object, java.lang.Object)'> (0x00000000ff4fbd90) 
thrown [s\open\src\hotspot\share\interpreter\linkResolver.cpp, line 759]
Event: 3.321 Thread 0x0000019274b38600 Exception <a 'java/lang/NoSuchMethodError'{0x00000000ffeb40d0}: 'void java.lang.invoke.DirectMethodHandle$Holder.invokeSpecial(java.lang.Object, java.lang.Object, java.lang.Object)'> (0x00000000ffeb40d0) 
thrown [s\open\src\hotspot\share\interpreter\linkResolver.cpp, line 759]
Event: 3.369 Thread 0x0000019274b38600 Implicit null exception at 0x0000019207b3048c to 0x0000019207b30984
Event: 3.369 Thread 0x0000019274b38600 Implicit null exception at 0x0000019207b19f8f to 0x0000019207b1a490
Event: 3.517 Thread 0x0000019274b38600 Exception <a 'java/lang/NoSuchMethodError'{0x00000000ffc14d28}: 'java.lang.Object java.lang.invoke.DirectMethodHandle$Holder.invokeStaticInit(java.lang.Object)'> (0x00000000ffc14d28) 
thrown [s\open\src\hotspot\share\interpreter\linkResolver.cpp, line 759]
Event: 3.688 Thread 0x0000019274b38600 Exception <a 'java/lang/NoSuchMethodError'{0x00000000ffccffc0}: 'int java.lang.invoke.DirectMethodHandle$Holder.invokeVirtual(java.lang.Object, java.lang.Object, java.lang.Object)'> (0x00000000ffccffc0) 
thrown [s\open\src\hotspot\share\interpreter\linkResolver.cpp, line 759]
Event: 3.703 Thread 0x0000019274b38600 Exception <a 'java/lang/NoSuchMethodError'{0x00000000ffb13c70}: 'java.lang.Object java.lang.invoke.DirectMethodHandle$Holder.invokeVirtual(java.lang.Object, java.lang.Object, java.lang.Object)'> (0x00000000ffb13c70) 
thrown [s\open\src\hotspot\share\interpreter\linkResolver.cpp, line 759]
Event: 4.202 Thread 0x0000019274b38600 Exception <a 'java/lang/NoSuchMethodError'{0x00000000ff8875b0}: 'java.lang.Object java.lang.invoke.DirectMethodHandle$Holder.invokeStaticInit(java.lang.Object, int, int, int, int)'> (0x00000000ff8875b0) 
thrown [s\open\src\hotspot\share\interpreter\linkResolver.cpp, line 759]
Event: 4.354 Thread 0x0000019274b38600 Exception <a 'java/lang/NoSuchMethodError'{0x00000000ff8ce7d8}: 'java.lang.Object java.lang.invoke.DirectMethodHandle$Holder.invokeStaticInit(java.lang.Object, java.lang.Object, int, int, int, int)'> (0x00000000ff8ce7d8) 
thrown [s\open\src\hotspot\share\interpreter\linkResolver.cpp, line 759]
Event: 4.562 Thread 0x0000019274b38600 Exception <a 'java/lang/NoSuchMethodError'{0x00000000ff8fbbe8}: 'void java.lang.invoke.DirectMethodHandle$Holder.invokeStatic(java.lang.Object, java.lang.Object, java.lang.Object)'> (0x00000000ff8fbbe8) 
thrown [s\open\src\hotspot\share\interpreter\linkResolver.cpp, line 759]
Event: 4.586 Thread 0x0000019274b38600 Implicit null exception at 0x0000019207b068f2 to 0x0000019207b06e8c
Event: 4.586 Thread 0x0000019274b38600 Implicit null exception at 0x0000019207b175f2 to 0x0000019207b17ba0

VM Operations (20 events):
Event: 42.561 Executing VM operation: Cleanup
Event: 42.561 Executing VM operation: Cleanup done
Event: 43.563 Executing VM operation: Cleanup
Event: 43.563 Executing VM operation: Cleanup done
Event: 45.577 Executing VM operation: Cleanup
Event: 45.577 Executing VM operation: Cleanup done
Event: 60.148 Executing VM operation: HandshakeAllThreads
Event: 60.148 Executing VM operation: HandshakeAllThreads done
Event: 74.280 Executing VM operation: Cleanup
Event: 74.280 Executing VM operation: Cleanup done
Event: 103.514 Executing VM operation: Cleanup
Event: 103.514 Executing VM operation: Cleanup done
Event: 147.858 Executing VM operation: Cleanup
Event: 147.858 Executing VM operation: Cleanup done
Event: 151.900 Executing VM operation: Cleanup
Event: 151.900 Executing VM operation: Cleanup done
Event: 225.510 Executing VM operation: Cleanup
Event: 225.525 Executing VM operation: Cleanup done
Event: 271.876 Executing VM operation: Cleanup
Event: 271.877 Executing VM operation: Cleanup done

Events (20 events):
Event: 42.841 loading class jdk/internal/logger/LazyLoggers$LazyLoggerFactories
Event: 42.841 loading class jdk/internal/logger/LazyLoggers$LazyLoggerFactories done
Event: 42.845 loading class jdk/internal/logger/LoggerFinderLoader
Event: 42.846 loading class jdk/internal/logger/LoggerFinderLoader done
Event: 42.856 loading class jdk/internal/logger/LoggerFinderLoader$TemporaryLoggerFinder
Event: 42.856 loading class jdk/internal/logger/LoggerFinderLoader$TemporaryLoggerFinder done
Event: 42.860 loading class sun/util/logging/internal/LoggingProviderImpl$JULWrapper
Event: 42.861 loading class sun/util/logging/PlatformLogger$ConfigurableBridge$LoggerConfiguration
Event: 42.862 loading class sun/util/logging/PlatformLogger$ConfigurableBridge$LoggerConfiguration done
Event: 42.862 loading class sun/util/logging/internal/LoggingProviderImpl$JULWrapper done
Event: 42.863 loading class java/io/ObjectInputFilter
Event: 42.864 loading class java/io/ObjectInputFilter done
Event: 42.865 loading class java/io/ObjectInputFilter$Config$BuiltinFilterFactory
Event: 42.865 loading class java/io/ObjectInputFilter$Config$BuiltinFilterFactory done
Event: 42.865 loading class jdk/internal/access/JavaObjectInputFilterAccess
Event: 42.865 loading class jdk/internal/access/JavaObjectInputFilterAccess done
Event: 42.866 loading class java/lang/System$Logger$Level
Event: 42.867 loading class java/lang/System$Logger$Level done
Event: 42.867 loading class java/io/Bits
Event: 42.867 loading class java/io/Bits done


Dynamic libraries:
0x00007ff6b1550000 - 0x00007ff6b1560000 	C:\Program Files\Java\jdk-17\bin\java.exe
0x00007ffdd6850000 - 0x00007ffdd6a48000 	C:\WINDOWS\SYSTEM32\ntdll.dll
0x00007ffdd5600000 - 0x00007ffdd56bd000 	C:\WINDOWS\System32\KERNEL32.DLL
0x00007ffdd4000000 - 0x00007ffdd42f6000 	C:\WINDOWS\System32\KERNELBASE.dll
0x00007ffdd3f00000 - 0x00007ffdd4000000 	C:\WINDOWS\System32\ucrtbase.dll
0x00007ffda6a60000 - 0x00007ffda6a79000 	C:\Program Files\Java\jdk-17\bin\jli.dll
0x00007ffdd5e70000 - 0x00007ffdd5f20000 	C:\WINDOWS\System32\ADVAPI32.dll
0x00007ffdd5790000 - 0x00007ffdd582e000 	C:\WINDOWS\System32\msvcrt.dll
0x00007ffd9c580000 - 0x00007ffd9c59b000 	C:\Program Files\Java\jdk-17\bin\VCRUNTIME140.dll
0x00007ffdd5cb0000 - 0x00007ffdd5d50000 	C:\WINDOWS\System32\sechost.dll
0x00007ffdd48e0000 - 0x00007ffdd4a03000 	C:\WINDOWS\System32\RPCRT4.dll
0x00007ffdd4680000 - 0x00007ffdd46a7000 	C:\WINDOWS\System32\bcrypt.dll
0x00007ffdd5830000 - 0x00007ffdd59cf000 	C:\WINDOWS\System32\USER32.dll
0x00007ffdc0d30000 - 0x00007ffdc0fca000 	C:\WINDOWS\WinSxS\amd64_microsoft.windows.common-controls_6595b64144ccf1df_6.0.19041.4355_none_60b8b9eb71f62e16\COMCTL32.dll
0x00007ffdd5f20000 - 0x00007ffdd5f4b000 	C:\WINDOWS\System32\GDI32.dll
0x00007ffdd4300000 - 0x00007ffdd4322000 	C:\WINDOWS\System32\win32u.dll
0x00007ffdd46b0000 - 0x00007ffdd47c7000 	C:\WINDOWS\System32\gdi32full.dll
0x00007ffdd45e0000 - 0x00007ffdd467d000 	C:\WINDOWS\System32\msvcp_win.dll
0x00007ffdc4090000 - 0x00007ffdc409a000 	C:\WINDOWS\SYSTEM32\VERSION.dll
0x00007ffdd6000000 - 0x00007ffdd6032000 	C:\WINDOWS\System32\IMM32.DLL
0x00007ffdbea70000 - 0x00007ffdbea7c000 	C:\Program Files\Java\jdk-17\bin\vcruntime140_1.dll
0x00007ffd78e20000 - 0x00007ffd78eae000 	C:\Program Files\Java\jdk-17\bin\msvcp140.dll
0x00007ffd78240000 - 0x00007ffd78e20000 	C:\Program Files\Java\jdk-17\bin\server\jvm.dll
0x00007ffdd4e80000 - 0x00007ffdd4e88000 	C:\WINDOWS\System32\PSAPI.DLL
0x00007ffdce5f0000 - 0x00007ffdce5f9000 	C:\WINDOWS\SYSTEM32\WSOCK32.dll
0x00007ffdd5e00000 - 0x00007ffdd5e6b000 	C:\WINDOWS\System32\WS2_32.dll
0x00007ffdc40d0000 - 0x00007ffdc40f7000 	C:\WINDOWS\SYSTEM32\WINMM.dll
0x00007ffdd2680000 - 0x00007ffdd2692000 	C:\WINDOWS\SYSTEM32\kernel.appcore.dll
0x00007ffdbbff0000 - 0x00007ffdbbffa000 	C:\Program Files\Java\jdk-17\bin\jimage.dll
0x00007ffdbf6d0000 - 0x00007ffdbf8b4000 	C:\WINDOWS\SYSTEM32\DBGHELP.DLL
0x00007ffdbb7a0000 - 0x00007ffdbb7d4000 	C:\WINDOWS\SYSTEM32\dbgcore.DLL
0x00007ffdd4500000 - 0x00007ffdd4582000 	C:\WINDOWS\System32\bcryptPrimitives.dll
0x00007ffd98610000 - 0x00007ffd98635000 	C:\Program Files\Java\jdk-17\bin\java.dll
0x00007ffd78160000 - 0x00007ffd78237000 	C:\Program Files\Java\jdk-17\bin\jsvml.dll
0x00007ffdd4e90000 - 0x00007ffdd55fb000 	C:\WINDOWS\System32\SHELL32.dll
0x00007ffdd1b00000 - 0x00007ffdd229d000 	C:\WINDOWS\SYSTEM32\windows.storage.dll
0x00007ffdd6070000 - 0x00007ffdd63c3000 	C:\WINDOWS\System32\combase.dll
0x00007ffdd3850000 - 0x00007ffdd387e000 	C:\WINDOWS\SYSTEM32\Wldp.dll
0x00007ffdd56c0000 - 0x00007ffdd578d000 	C:\WINDOWS\System32\OLEAUT32.dll
0x00007ffdd5d50000 - 0x00007ffdd5dfd000 	C:\WINDOWS\System32\SHCORE.dll
0x00007ffdd6720000 - 0x00007ffdd6775000 	C:\WINDOWS\System32\shlwapi.dll
0x00007ffdd3e30000 - 0x00007ffdd3e54000 	C:\WINDOWS\SYSTEM32\profapi.dll
0x00007ffd9a200000 - 0x00007ffd9a219000 	C:\Program Files\Java\jdk-17\bin\net.dll
0x00007ffdcac10000 - 0x00007ffdcad1a000 	C:\WINDOWS\SYSTEM32\WINHTTP.dll
0x00007ffdd35b0000 - 0x00007ffdd361a000 	C:\WINDOWS\system32\mswsock.dll
0x00007ffd952c0000 - 0x00007ffd952d6000 	C:\Program Files\Java\jdk-17\bin\nio.dll
0x00007ffd7d910000 - 0x00007ffd7d928000 	C:\Program Files\Java\jdk-17\bin\zip.dll
0x00007ffdbb8b0000 - 0x00007ffdbb8c0000 	C:\Program Files\Java\jdk-17\bin\verify.dll
0x00007ffd7d8e0000 - 0x00007ffd7d907000 	C:\Users\ZIDANE\.gradle\native\c067742578af261105cb4f569cf0c3c89f3d7b1fecec35dd04571415982c5e48\windows-amd64\native-platform.dll
0x00007ffdba650000 - 0x00007ffdba65a000 	C:\Program Files\Java\jdk-17\bin\management.dll
0x00007ffdb3500000 - 0x00007ffdb350b000 	C:\Program Files\Java\jdk-17\bin\management_ext.dll
0x00007ffdd37a0000 - 0x00007ffdd37b8000 	C:\WINDOWS\SYSTEM32\CRYPTSP.dll
0x00007ffdd2ed0000 - 0x00007ffdd2f04000 	C:\WINDOWS\system32\rsaenh.dll
0x00007ffdd3da0000 - 0x00007ffdd3dce000 	C:\WINDOWS\SYSTEM32\USERENV.dll
0x00007ffdd37c0000 - 0x00007ffdd37cc000 	C:\WINDOWS\SYSTEM32\CRYPTBASE.dll
0x00007ffdd3290000 - 0x00007ffdd32cb000 	C:\WINDOWS\SYSTEM32\IPHLPAPI.DLL
0x00007ffdd6550000 - 0x00007ffdd6558000 	C:\WINDOWS\System32\NSI.dll
0x00007ffdcb190000 - 0x00007ffdcb1a7000 	C:\WINDOWS\SYSTEM32\dhcpcsvc6.DLL
0x00007ffdca5a0000 - 0x00007ffdca5bd000 	C:\WINDOWS\SYSTEM32\dhcpcsvc.DLL
0x00007ffdd32d0000 - 0x00007ffdd339b000 	C:\WINDOWS\SYSTEM32\DNSAPI.dll
0x00007ffdc0710000 - 0x00007ffdc071e000 	C:\Program Files\Java\jdk-17\bin\sunmscapi.dll
0x00007ffdd43a0000 - 0x00007ffdd44fe000 	C:\WINDOWS\System32\CRYPT32.dll
0x00007ffdd38c0000 - 0x00007ffdd38e9000 	C:\WINDOWS\SYSTEM32\ncrypt.dll
0x00007ffdd3880000 - 0x00007ffdd38bb000 	C:\WINDOWS\SYSTEM32\NTASN1.dll
0x00007ffdce230000 - 0x00007ffdce237000 	C:\WINDOWS\system32\wshunix.dll

dbghelp: loaded successfully - version: 4.0.5 - missing functions: none
symbol engine: initialized successfully - sym options: 0x614 - pdb path: .;C:\Program Files\Java\jdk-17\bin;C:\WINDOWS\SYSTEM32;C:\WINDOWS\WinSxS\amd64_microsoft.windows.common-controls_6595b64144ccf1df_6.0.19041.4355_none_60b8b9eb71f62e16;C:\Program Files\Java\jdk-17\bin\server;C:\Users\ZIDANE\.gradle\native\c067742578af261105cb4f569cf0c3c89f3d7b1fecec35dd04571415982c5e48\windows-amd64

VM Arguments:
jvm_args: -Xmx64m -Xms64m -Dorg.gradle.appname=gradlew 
java_command: org.gradle.wrapper.GradleWrapperMain app:installDebug -PreactNativeDevServerPort=8081
java_class_path (initial): C:\Users\ZIDANE\houseApp\android\\gradle\wrapper\gradle-wrapper.jar
Launcher Type: SUN_STANDARD

[Global flags]
     intx CICompilerCount                          = 3                                         {product} {ergonomic}
     uint ConcGCThreads                            = 1                                         {product} {ergonomic}
     uint G1ConcRefinementThreads                  = 4                                         {product} {ergonomic}
   size_t G1HeapRegionSize                         = 1048576                                   {product} {ergonomic}
    uintx GCDrainStackTargetSize                   = 64                                        {product} {ergonomic}
   size_t InitialHeapSize                          = 67108864                                  {product} {command line}
   size_t MarkStackSize                            = 4194304                                   {product} {ergonomic}
   size_t MaxHeapSize                              = 67108864                                  {product} {command line}
   size_t MaxNewSize                               = 39845888                                  {product} {ergonomic}
   size_t MinHeapDeltaBytes                        = 1048576                                   {product} {ergonomic}
   size_t MinHeapSize                              = 67108864                                  {product} {command line}
    uintx NonNMethodCodeHeapSize                   = 5832780                                {pd product} {ergonomic}
    uintx NonProfiledCodeHeapSize                  = 122912730                              {pd product} {ergonomic}
    uintx ProfiledCodeHeapSize                     = 122912730                              {pd product} {ergonomic}
    uintx ReservedCodeCacheSize                    = 251658240                              {pd product} {ergonomic}
     bool SegmentedCodeCache                       = true                                      {product} {ergonomic}
   size_t SoftMaxHeapSize                          = 67108864                               {manageable} {ergonomic}
     bool UseCompressedClassPointers               = true                           {product lp64_product} {ergonomic}
     bool UseCompressedOops                        = true                           {product lp64_product} {ergonomic}
     bool UseG1GC                                  = true                                      {product} {ergonomic}
     bool UseLargePagesIndividualAllocation        = false                                  {pd product} {ergonomic}

Logging:
Log output configuration:
 #0: stdout all=warning uptime,level,tags
 #1: stderr all=off uptime,level,tags

Environment Variables:
JAVA_HOME=C:\Program Files\Java\jdk-17
CLASSPATH=C:\Users\ZIDANE\houseApp\android\\gradle\wrapper\gradle-wrapper.jar
PATH=C:\Users\ZIDANE\houseApp\node_modules\.bin;C:\Users\ZIDANE\houseApp\node_modules\.bin;C:\Users\ZIDANE\node_modules\.bin;C:\Users\node_modules\.bin;C:\node_modules\.bin;C:\Program Files\nodejs\node_modules\npm\node_modules\@npmcli\run-script\lib\node-gyp-bin;C:\Users\ZIDANE\houseApp\node_modules\.bin;C:\Users\ZIDANE\houseApp\node_modules\.bin;C:\Users\ZIDANE\node_modules\.bin;C:\Users\node_modules\.bin;C:\node_modules\.bin;C:\Program Files\nodejs\node_modules\npm\node_modules\@npmcli\run-script\lib\node-gyp-bin;C:\Program Files\Common Files\Oracle\Java\javapath;C:\Program Files (x86)\Common Files\Oracle\Java\java8path;C:\Program Files (x86)\Common Files\Oracle\Java\javapath;C:\Program Files\Java\jdk-17\bin;C:\WINDOWS\system32;C:\WINDOWS;C:\WINDOWS\System32\Wbem;C:\WINDOWS\System32\WindowsPowerShell\v1.0\;C:\WINDOWS\System32\OpenSSH\;C:\Program Files\nodejs\;C:\Program Files\Git\cmd;choco;C:\ProgramData\chocolatey\bin;STM32CubeProgrammer path\bin;C:\Program Files\php-8.3.6;C:\Program Files\Java\jdk-17\bin;C:\WINDOWS\system32;C:\WINDOWS;C:\WINDOWS\System32\Wbem;C:\WINDOWS\System32\WindowsPowerShell\v1.0\;C:\WINDOWS\System32\OpenSSH\;C:\Program Files\nodejs\;C:\Program Files\Git\cmd;choco;C:\ProgramData\chocolatey\bin;STM32CubeProgrammer path\bin;C:\Program Files\php-8.3.6;C:\Users\ZIDANE\AppData\Local\Android\Sdk\tools;C:\Users\ZIDANE\AppData\Local\Microsoft\WindowsApps;C:\Users\ZIDANE\AppData\Local\Programs\Microsoft VS Code\bin;C:\Users\ZIDANE\AppData\Roaming\npm;C:\Users\ZIDANE\AppData\Local\Android\Sdk\platform-tools;C:\flutter\flutter\bin;C:\Program Files\Java\jdk-17\bin;
USERNAME=ZIDANE
OS=Windows_NT
PROCESSOR_IDENTIFIER=Intel64 Family 6 Model 58 Stepping 9, GenuineIntel



---------------  S Y S T E M  ---------------

OS:
 Windows 10 , 64 bit Build 19041 (10.0.19041.3636)
OS uptime: 0 days 10:19 hours

CPU: total 4 (initial active 4) (2 cores per cpu, 2 threads per core) family 6 model 58 stepping 9 microcode 0x21, cx8, cmov, fxsr, ht, mmx, sse, sse2, sse3, ssse3, sse4.1, sse4.2, popcnt, tsc, tscinvbit, avx, aes, erms, clmul, vzeroupper, clflush

Memory: 4k page, system-wide physical 3999M (124M free)
TotalPageFile size 16287M (AvailPageFile size 125M)
current process WorkingSet (physical memory assigned to process): 13M, peak: 86M
current process commit charge ("private bytes"): 155M, peak: 157M

vm_info: Java HotSpot(TM) 64-Bit Server VM (17.0.12+8-LTS-286) for windows-amd64 JRE (17.0.12+8-LTS-286), built on Jun  5 2024 06:46:59 by "mach5one" with MS VC++ 17.6 (VS2022)

END.
