#
# There is insufficient memory for the Java Runtime Environment to continue.
# Native memory allocation (malloc) failed to allocate 899856 bytes for Chunk::new
# Possible reasons:
#   The system is out of physical RAM or swap space
#   The process is running with CompressedOops enabled, and the Java Heap may be blocking the growth of the native heap
# Possible solutions:
#   Reduce memory load on the system
#   Increase physical memory or swap space
#   Check if swap backing store is full
#   Decrease Java heap size (-Xmx/-Xms)
#   Decrease number of Java threads
#   Decrease Java thread stack sizes (-Xss)
#   Set larger code cache with -XX:ReservedCodeCacheSize=
#   JVM is running with Unscaled Compressed Oops mode in which the Java heap is
#     placed in the first 4GB address space. The Java Heap base address is the
#     maximum limit for the native heap growth. Please use -XX:HeapBaseMinAddress
#     to set the Java Heap base and to place the Java Heap above 4GB virtual address.
# This output file may be truncated or incomplete.
#
#  Out of Memory Error (arena.cpp:189), pid=10440, tid=10912
#
# JRE version: Java(TM) SE Runtime Environment (17.0.12+8) (build 17.0.12+8-LTS-286)
# Java VM: Java HotSpot(TM) 64-Bit Server VM (17.0.12+8-LTS-286, mixed mode, sharing, tiered, compressed oops, compressed class ptrs, g1 gc, windows-amd64)
# No core dump will be written. Minidumps are not enabled by default on client versions of Windows
#

---------------  S U M M A R Y ------------

Command Line: -XX:MaxMetaspaceSize=512m --add-opens=java.base/java.util=ALL-UNNAMED --add-opens=java.base/java.lang=ALL-UNNAMED --add-opens=java.base/java.lang.invoke=ALL-UNNAMED --add-opens=java.prefs/java.util.prefs=ALL-UNNAMED --add-opens=java.base/java.nio.charset=ALL-UNNAMED --add-opens=java.base/java.net=ALL-UNNAMED --add-opens=java.base/java.util.concurrent.atomic=ALL-UNNAMED -Xmx2048m -Dfile.encoding=windows-1252 -Duser.country=FR -Duser.language=fr -Duser.variant -javaagent:C:\Users\ZIDANE\.gradle\wrapper\dists\gradle-8.8-all\6gdy1pgp427xkqcjbxw3ylt6h\gradle-8.8\lib\agents\gradle-instrumentation-agent-8.8.jar org.gradle.launcher.daemon.bootstrap.GradleDaemon 8.8

Host: Intel(R) Core(TM) i5-3320M CPU @ 2.60GHz, 4 cores, 3G,  Windows 10 , 64 bit Build 19041 (10.0.19041.3636)
Time: Tue Aug 20 21:11:49 2024 Afr. centrale Ouest elapsed time: 82.557516 seconds (0d 0h 1m 22s)

---------------  T H R E A D  ---------------

Current thread (0x000001cf22a24870):  JavaThread "C2 CompilerThread0" daemon [_thread_in_native, id=10912, stack(0x00000008a5c00000,0x00000008a5d00000)]


Current CompileTask:
C2:  82558 8654       4       sun.invoke.util.VerifyAccess::isClassAccessible (230 bytes)

Stack: [0x00000008a5c00000,0x00000008a5d00000]
Native frames: (J=compiled Java code, j=interpreted, Vv=VM code, C=native code)
V  [jvm.dll+0x67a04a]
V  [jvm.dll+0x7da4ed]
V  [jvm.dll+0x7dbe33]
V  [jvm.dll+0x7dc4a3]
V  [jvm.dll+0x24508f]
V  [jvm.dll+0xab773]
V  [jvm.dll+0xabd3c]
V  [jvm.dll+0x361b9f]
V  [jvm.dll+0x32c431]
V  [jvm.dll+0x32b8ca]
V  [jvm.dll+0x21683f]
V  [jvm.dll+0x215c6f]
V  [jvm.dll+0x1a2960]
V  [jvm.dll+0x22610b]
V  [jvm.dll+0x2242ab]
V  [jvm.dll+0x79075c]
V  [jvm.dll+0x78abea]
V  [jvm.dll+0x678f35]
C  [ucrtbase.dll+0x21bb2]
C  [KERNEL32.DLL+0x17344]
C  [ntdll.dll+0x526b1]


---------------  P R O C E S S  ---------------

Threads class SMR info:
_java_thread_list=0x000001cf4527ecb0, length=63, elements={
0x000001cf050dd2f0, 0x000001cf22a02850, 0x000001cf22a035e0, 0x000001cf22a1b910,
0x000001cf22a1c3e0, 0x000001cf22a1fed0, 0x000001cf22a22bb0, 0x000001cf22a24870,
0x000001cf22a37a00, 0x000001cf22a673f0, 0x000001cf22c53e50, 0x000001cf22c54870,
0x000001cf22c54d80, 0x000001cf22c54360, 0x000001cf22c55290, 0x000001cf22c52f20,
0x000001cf22c557a0, 0x000001cf22c55cb0, 0x000001cf22c566d0, 0x000001cf4325b870,
0x000001cf43258ff0, 0x000001cf4325ff50, 0x000001cf4325a430, 0x000001cf4325a940,
0x000001cf4325ae50, 0x000001cf43260460, 0x000001cf43260970, 0x000001cf43259500,
0x000001cf4325b360, 0x000001cf4325dbe0, 0x000001cf4325fa40, 0x000001cf4325e600,
0x000001cf43259f20, 0x000001cf4325c290, 0x000001cf4325d6d0, 0x000001cf4325ccb0,
0x000001cf4325d1c0, 0x000001cf4325eb10, 0x000001cf4325e0f0, 0x000001cf4325f020,
0x000001cf4325f530, 0x000001cf451cbe70, 0x000001cf451c6d70, 0x000001cf451c6860,
0x000001cf451cd2b0, 0x000001cf451cc380, 0x000001cf451c8bd0, 0x000001cf451c9b00,
0x000001cf451c90e0, 0x000001cf451c86c0, 0x000001cf451c5e40, 0x000001cf451ca520,
0x000001cf451cc890, 0x000001cf451ccda0, 0x000001cf451c95f0, 0x000001cf451c81b0,
0x000001cf451ca010, 0x000001cf451cd7c0, 0x000001cf451caa30, 0x000001cf451caf40,
0x000001cf451c6350, 0x000001cf451cb960, 0x000001cf451c7790
}

Java Threads: ( => current thread )
  0x000001cf050dd2f0 JavaThread "main" [_thread_blocked, id=14184, stack(0x00000008a4f00000,0x00000008a5000000)]
  0x000001cf22a02850 JavaThread "Reference Handler" daemon [_thread_blocked, id=7420, stack(0x00000008a5600000,0x00000008a5700000)]
  0x000001cf22a035e0 JavaThread "Finalizer" daemon [_thread_blocked, id=2536, stack(0x00000008a5700000,0x00000008a5800000)]
  0x000001cf22a1b910 JavaThread "Signal Dispatcher" daemon [_thread_blocked, id=7704, stack(0x00000008a5800000,0x00000008a5900000)]
  0x000001cf22a1c3e0 JavaThread "Attach Listener" daemon [_thread_blocked, id=14968, stack(0x00000008a5900000,0x00000008a5a00000)]
  0x000001cf22a1fed0 JavaThread "Service Thread" daemon [_thread_blocked, id=15260, stack(0x00000008a5a00000,0x00000008a5b00000)]
  0x000001cf22a22bb0 JavaThread "Monitor Deflation Thread" daemon [_thread_blocked, id=12940, stack(0x00000008a5b00000,0x00000008a5c00000)]
=>0x000001cf22a24870 JavaThread "C2 CompilerThread0" daemon [_thread_in_native, id=10912, stack(0x00000008a5c00000,0x00000008a5d00000)]
  0x000001cf22a37a00 JavaThread "C1 CompilerThread0" daemon [_thread_blocked, id=1048, stack(0x00000008a5d00000,0x00000008a5e00000)]
  0x000001cf22a673f0 JavaThread "Sweeper thread" daemon [_thread_blocked, id=8940, stack(0x00000008a5e00000,0x00000008a5f00000)]
  0x000001cf22c53e50 JavaThread "Common-Cleaner" daemon [_thread_blocked, id=5264, stack(0x00000008a5f00000,0x00000008a6000000)]
  0x000001cf22c54870 JavaThread "Notification Thread" daemon [_thread_blocked, id=13660, stack(0x00000008a6000000,0x00000008a6100000)]
  0x000001cf22c54d80 JavaThread "Daemon health stats" [_thread_blocked, id=14556, stack(0x00000008a6500000,0x00000008a6600000)]
  0x000001cf22c54360 JavaThread "Incoming local TCP Connector on port 51072" [_thread_in_native, id=5420, stack(0x00000008a6600000,0x00000008a6700000)]
  0x000001cf22c55290 JavaThread "Daemon periodic checks" [_thread_blocked, id=12088, stack(0x00000008a6700000,0x00000008a6800000)]
  0x000001cf22c52f20 JavaThread "Daemon" [_thread_blocked, id=8336, stack(0x00000008a6800000,0x00000008a6900000)]
  0x000001cf22c557a0 JavaThread "Handler for socket connection from /127.0.0.1:51072 to /127.0.0.1:51073" [_thread_in_native, id=8076, stack(0x00000008a6900000,0x00000008a6a00000)]
  0x000001cf22c55cb0 JavaThread "Cancel handler" [_thread_blocked, id=2496, stack(0x00000008a6a00000,0x00000008a6b00000)]
  0x000001cf22c566d0 JavaThread "Daemon worker" [_thread_blocked, id=3980, stack(0x00000008a6b00000,0x00000008a6c00000)]
  0x000001cf4325b870 JavaThread "Asynchronous log dispatcher for DefaultDaemonConnection: socket connection from /127.0.0.1:51072 to /127.0.0.1:51073" [_thread_blocked, id=5948, stack(0x00000008a6c00000,0x00000008a6d00000)]
  0x000001cf43258ff0 JavaThread "Stdin handler" [_thread_blocked, id=12952, stack(0x00000008a6d00000,0x00000008a6e00000)]
  0x000001cf4325ff50 JavaThread "Daemon client event forwarder" [_thread_blocked, id=2592, stack(0x00000008a6e00000,0x00000008a6f00000)]
  0x000001cf4325a430 JavaThread "Cache worker for journal cache (C:\Users\ZIDANE\.gradle\caches\journal-1)" [_thread_blocked, id=7720, stack(0x00000008a6f00000,0x00000008a7000000)]
  0x000001cf4325a940 JavaThread "File lock request listener" [_thread_in_native, id=5324, stack(0x00000008a7000000,0x00000008a7100000)]
  0x000001cf4325ae50 JavaThread "Cache worker for file hash cache (C:\Users\ZIDANE\.gradle\caches\8.8\fileHashes)" [_thread_blocked, id=10248, stack(0x00000008a7100000,0x00000008a7200000)]
  0x000001cf43260460 JavaThread "Cache worker for file hash cache (C:\Users\ZIDANE\houseApp\android\.gradle\8.8\fileHashes)" [_thread_blocked, id=13572, stack(0x00000008a7200000,0x00000008a7300000)]
  0x000001cf43260970 JavaThread "File watcher server" daemon [_thread_in_native, id=8720, stack(0x00000008a7300000,0x00000008a7400000)]
  0x000001cf43259500 JavaThread "File watcher consumer" daemon [_thread_blocked, id=10272, stack(0x00000008a7400000,0x00000008a7500000)]
  0x000001cf4325b360 JavaThread "Cache worker for checksums cache (C:\Users\ZIDANE\houseApp\android\.gradle\8.8\checksums)" [_thread_blocked, id=14280, stack(0x00000008a7500000,0x00000008a7600000)]
  0x000001cf4325dbe0 JavaThread "Cache worker for file content cache (C:\Users\ZIDANE\.gradle\caches\8.8\fileContent)" [_thread_blocked, id=14812, stack(0x00000008a7600000,0x00000008a7700000)]
  0x000001cf4325fa40 JavaThread "Cache worker for cache directory md-rule (C:\Users\ZIDANE\.gradle\caches\8.8\md-rule)" [_thread_blocked, id=15268, stack(0x00000008a7700000,0x00000008a7800000)]
  0x000001cf4325e600 JavaThread "Cache worker for cache directory md-supplier (C:\Users\ZIDANE\.gradle\caches\8.8\md-supplier)" [_thread_blocked, id=13152, stack(0x00000008a7800000,0x00000008a7900000)]
  0x000001cf43259f20 JavaThread "File lock release action executor" [_thread_blocked, id=11260, stack(0x00000008a7900000,0x00000008a7a00000)]
  0x000001cf4325c290 JavaThread "jar transforms" [_thread_blocked, id=5536, stack(0x00000008a7a00000,0x00000008a7b00000)]
  0x000001cf4325d6d0 JavaThread "Unconstrained build operations" [_thread_blocked, id=12476, stack(0x00000008a7c00000,0x00000008a7d00000)]
  0x000001cf4325ccb0 JavaThread "Unconstrained build operations Thread 2" [_thread_blocked, id=5196, stack(0x00000008a7d00000,0x00000008a7e00000)]
  0x000001cf4325d1c0 JavaThread "Unconstrained build operations Thread 3" [_thread_blocked, id=884, stack(0x00000008a7e00000,0x00000008a7f00000)]
  0x000001cf4325eb10 JavaThread "Unconstrained build operations Thread 4" [_thread_blocked, id=13044, stack(0x00000008a7f00000,0x00000008a8000000)]
  0x000001cf4325e0f0 JavaThread "Unconstrained build operations Thread 5" [_thread_blocked, id=11076, stack(0x00000008a8000000,0x00000008a8100000)]
  0x000001cf4325f020 JavaThread "Unconstrained build operations Thread 6" [_thread_blocked, id=9340, stack(0x00000008a8100000,0x00000008a8200000)]
  0x000001cf4325f530 JavaThread "Cache worker for Build Output Cleanup Cache (C:\Users\ZIDANE\houseApp\node_modules\@react-native\gradle-plugin\.gradle\buildOutputCleanup)" [_thread_blocked, id=10512, stack(0x00000008a8200000,0x00000008a8300000)]
  0x000001cf451cbe70 JavaThread "Unconstrained build operations Thread 7" [_thread_blocked, id=228, stack(0x00000008a8300000,0x00000008a8400000)]
  0x000001cf451c6d70 JavaThread "Unconstrained build operations Thread 8" [_thread_blocked, id=1476, stack(0x00000008a8400000,0x00000008a8500000)]
  0x000001cf451c6860 JavaThread "Unconstrained build operations Thread 9" [_thread_blocked, id=14216, stack(0x00000008a8500000,0x00000008a8600000)]
  0x000001cf451cd2b0 JavaThread "Unconstrained build operations Thread 10" [_thread_blocked, id=6796, stack(0x00000008a8600000,0x00000008a8700000)]
  0x000001cf451cc380 JavaThread "Unconstrained build operations Thread 11" [_thread_blocked, id=8248, stack(0x00000008a8700000,0x00000008a8800000)]
  0x000001cf451c8bd0 JavaThread "Unconstrained build operations Thread 12" [_thread_blocked, id=2848, stack(0x00000008a8800000,0x00000008a8900000)]
  0x000001cf451c9b00 JavaThread "Unconstrained build operations Thread 13" [_thread_blocked, id=2588, stack(0x00000008a8900000,0x00000008a8a00000)]
  0x000001cf451c90e0 JavaThread "Unconstrained build operations Thread 14" [_thread_blocked, id=14520, stack(0x00000008a8a00000,0x00000008a8b00000)]
  0x000001cf451c86c0 JavaThread "Unconstrained build operations Thread 15" [_thread_blocked, id=9688, stack(0x00000008a8b00000,0x00000008a8c00000)]
  0x000001cf451c5e40 JavaThread "Memory manager" [_thread_blocked, id=6384, stack(0x00000008a8c00000,0x00000008a8d00000)]
  0x000001cf451ca520 JavaThread "build event listener" [_thread_blocked, id=11800, stack(0x00000008a8d00000,0x00000008a8e00000)]
  0x000001cf451cc890 JavaThread "ForkJoinPool.commonPool-worker-1" daemon [_thread_blocked, id=14384, stack(0x00000008a4d00000,0x00000008a4e00000)]
  0x000001cf451ccda0 JavaThread "ForkJoinPool.commonPool-worker-2" daemon [_thread_blocked, id=9656, stack(0x00000008a4e00000,0x00000008a4f00000)]
  0x000001cf451c95f0 JavaThread "ForkJoinPool.commonPool-worker-3" daemon [_thread_blocked, id=11640, stack(0x00000008a8e00000,0x00000008a8f00000)]
  0x000001cf451c81b0 JavaThread "Exec process" [_thread_blocked, id=12372, stack(0x00000008a8f00000,0x00000008a9000000)]
  0x000001cf451ca010 JavaThread "Exec process Thread 2" [_thread_blocked, id=3040, stack(0x00000008a9000000,0x00000008a9100000)]
  0x000001cf451cd7c0 JavaThread "Exec process Thread 3" [_thread_blocked, id=5068, stack(0x00000008a9100000,0x00000008a9200000)]
  0x000001cf451caa30 JavaThread "included builds" [_thread_blocked, id=4340, stack(0x00000008a9200000,0x00000008a9300000)]
  0x000001cf451caf40 JavaThread "Execution worker" [_thread_blocked, id=12412, stack(0x00000008a9300000,0x00000008a9400000)]
  0x000001cf451c6350 JavaThread "Execution worker Thread 2" [_thread_in_native, id=2600, stack(0x00000008a9400000,0x00000008a9500000)]
  0x000001cf451cb960 JavaThread "Execution worker Thread 3" [_thread_blocked, id=14864, stack(0x00000008a9500000,0x00000008a9600000)]
  0x000001cf451c7790 JavaThread "Cache worker for execution history cache (C:\Users\ZIDANE\houseApp\node_modules\@react-native\gradle-plugin\.gradle\8.8\executionHistory)" [_thread_blocked, id=14452, stack(0x00000008a9600000,0x00000008a9700000)]

Other Threads:
  0x000001cf229fb180 VMThread "VM Thread" [stack: 0x00000008a5500000,0x00000008a5600000] [id=2424]
  0x000001cf050de1c0 WatcherThread [stack: 0x00000008a6100000,0x00000008a6200000] [id=11812]
  0x000001cf05137510 GCTaskThread "GC Thread#0" [stack: 0x00000008a5000000,0x00000008a5100000] [id=9376]
  0x000001cf22eb0130 GCTaskThread "GC Thread#1" [stack: 0x00000008a6200000,0x00000008a6300000] [id=14440]
  0x000001cf22e3a5f0 GCTaskThread "GC Thread#2" [stack: 0x00000008a6300000,0x00000008a6400000] [id=1564]
  0x000001cf4228e5c0 GCTaskThread "GC Thread#3" [stack: 0x00000008a6400000,0x00000008a6500000] [id=2052]
  0x000001cf05148370 ConcurrentGCThread "G1 Main Marker" [stack: 0x00000008a5100000,0x00000008a5200000] [id=15228]
  0x000001cf05148c90 ConcurrentGCThread "G1 Conc#0" [stack: 0x00000008a5200000,0x00000008a5300000] [id=9308]
  0x000001cf05194450 ConcurrentGCThread "G1 Refine#0" [stack: 0x00000008a5300000,0x00000008a5400000] [id=11496]
  0x000001cf05196da0 ConcurrentGCThread "G1 Service" [stack: 0x00000008a5400000,0x00000008a5500000] [id=6472]

Threads with active compile tasks:
C2 CompilerThread0    82630 8654       4       sun.invoke.util.VerifyAccess::isClassAccessible (230 bytes)

VM state: not at safepoint (normal execution)

VM Mutex/Monitor currently owned by a thread: None

Heap address: 0x0000000080000000, size: 2048 MB, Compressed Oops mode: 32-bit

CDS archive(s) mapped at: [0x000001cf23000000-0x000001cf23bd0000-0x000001cf23bd0000), size 12386304, SharedBaseAddress: 0x000001cf23000000, ArchiveRelocationMode: 1.
Compressed class space mapped at: 0x000001cf24000000-0x000001cf3e000000, reserved size: 436207616
Narrow klass base: 0x000001cf23000000, Narrow klass shift: 0, Narrow klass range: 0x100000000

GC Precious Log:
 CPUs: 4 total, 4 available
 Memory: 3999M
 Large Page Support: Disabled
 NUMA Support: Disabled
 Compressed Oops: Enabled (32-bit)
 Heap Region Size: 1M
 Heap Min Capacity: 8M
 Heap Initial Capacity: 64M
 Heap Max Capacity: 2G
 Pre-touch: Disabled
 Parallel Workers: 4
 Concurrent Workers: 1
 Concurrent Refinement Workers: 4
 Periodic GC: Disabled

Heap:
 garbage-first heap   total 253952K, used 122376K [0x0000000080000000, 0x0000000100000000)
  region size 1024K, 57 young (58368K), 5 survivors (5120K)
 Metaspace       used 67086K, committed 67840K, reserved 491520K
  class space    used 9534K, committed 9920K, reserved 425984K

Heap Regions: E=young(eden), S=young(survivor), O=old, HS=humongous(starts), HC=humongous(continues), CS=collection set, F=free, OA=open archive, CA=closed archive, TAMS=top-at-mark-start (previous, next)
|   0|0x0000000080000000, 0x0000000080100000, 0x0000000080100000|100%|HS|  |TAMS 0x0000000080100000, 0x0000000080000000| Complete 
|   1|0x0000000080100000, 0x0000000080200000, 0x0000000080200000|100%|HC|  |TAMS 0x0000000080200000, 0x0000000080100000| Complete 
|   2|0x0000000080200000, 0x0000000080300000, 0x0000000080300000|100%|HC|  |TAMS 0x0000000080300000, 0x0000000080200000| Complete 
|   3|0x0000000080300000, 0x0000000080400000, 0x0000000080400000|100%|HC|  |TAMS 0x0000000080400000, 0x0000000080300000| Complete 
|   4|0x0000000080400000, 0x0000000080500000, 0x0000000080500000|100%| O|  |TAMS 0x0000000080500000, 0x0000000080400000| Untracked 
|   5|0x0000000080500000, 0x0000000080600000, 0x0000000080600000|100%| O|  |TAMS 0x0000000080600000, 0x0000000080500000| Untracked 
|   6|0x0000000080600000, 0x0000000080700000, 0x0000000080700000|100%| O|  |TAMS 0x0000000080700000, 0x0000000080600000| Untracked 
|   7|0x0000000080700000, 0x0000000080800000, 0x0000000080800000|100%| O|  |TAMS 0x0000000080800000, 0x0000000080700000| Untracked 
|   8|0x0000000080800000, 0x0000000080900000, 0x0000000080900000|100%| O|  |TAMS 0x0000000080900000, 0x0000000080800000| Untracked 
|   9|0x0000000080900000, 0x0000000080a00000, 0x0000000080a00000|100%| O|  |TAMS 0x0000000080a00000, 0x0000000080900000| Untracked 
|  10|0x0000000080a00000, 0x0000000080b00000, 0x0000000080b00000|100%| O|  |TAMS 0x0000000080b00000, 0x0000000080a00000| Untracked 
|  11|0x0000000080b00000, 0x0000000080c00000, 0x0000000080c00000|100%|HS|  |TAMS 0x0000000080c00000, 0x0000000080b00000| Complete 
|  12|0x0000000080c00000, 0x0000000080d00000, 0x0000000080d00000|100%| O|  |TAMS 0x0000000080d00000, 0x0000000080c00000| Untracked 
|  13|0x0000000080d00000, 0x0000000080e00000, 0x0000000080e00000|100%| O|  |TAMS 0x0000000080e00000, 0x0000000080d00000| Untracked 
|  14|0x0000000080e00000, 0x0000000080f00000, 0x0000000080f00000|100%| O|  |TAMS 0x0000000080f00000, 0x0000000080e00000| Untracked 
|  15|0x0000000080f00000, 0x0000000081000000, 0x0000000081000000|100%| O|  |TAMS 0x0000000081000000, 0x0000000080f00000| Untracked 
|  16|0x0000000081000000, 0x0000000081100000, 0x0000000081100000|100%| O|  |TAMS 0x0000000081100000, 0x0000000081000000| Untracked 
|  17|0x0000000081100000, 0x0000000081200000, 0x0000000081200000|100%| O|  |TAMS 0x0000000081200000, 0x0000000081100000| Untracked 
|  18|0x0000000081200000, 0x0000000081300000, 0x0000000081300000|100%| O|  |TAMS 0x0000000081300000, 0x0000000081200000| Untracked 
|  19|0x0000000081300000, 0x0000000081400000, 0x0000000081400000|100%| O|  |TAMS 0x0000000081400000, 0x0000000081300000| Untracked 
|  20|0x0000000081400000, 0x0000000081500000, 0x0000000081500000|100%| O|  |TAMS 0x0000000081500000, 0x0000000081400000| Untracked 
|  21|0x0000000081500000, 0x0000000081600000, 0x0000000081600000|100%| O|  |TAMS 0x0000000081600000, 0x0000000081500000| Untracked 
|  22|0x0000000081600000, 0x0000000081700000, 0x0000000081700000|100%| O|  |TAMS 0x0000000081700000, 0x0000000081600000| Untracked 
|  23|0x0000000081700000, 0x0000000081800000, 0x0000000081800000|100%| O|  |TAMS 0x0000000081800000, 0x0000000081700000| Untracked 
|  24|0x0000000081800000, 0x0000000081900000, 0x0000000081900000|100%| O|  |TAMS 0x0000000081900000, 0x0000000081800000| Untracked 
|  25|0x0000000081900000, 0x0000000081a00000, 0x0000000081a00000|100%| O|  |TAMS 0x0000000081a00000, 0x0000000081900000| Untracked 
|  26|0x0000000081a00000, 0x0000000081b00000, 0x0000000081b00000|100%| O|  |TAMS 0x0000000081b00000, 0x0000000081a00000| Untracked 
|  27|0x0000000081b00000, 0x0000000081c00000, 0x0000000081c00000|100%| O|  |TAMS 0x0000000081c00000, 0x0000000081b00000| Untracked 
|  28|0x0000000081c00000, 0x0000000081d00000, 0x0000000081d00000|100%| O|  |TAMS 0x0000000081d00000, 0x0000000081c00000| Untracked 
|  29|0x0000000081d00000, 0x0000000081e00000, 0x0000000081e00000|100%| O|  |TAMS 0x0000000081e00000, 0x0000000081d00000| Untracked 
|  30|0x0000000081e00000, 0x0000000081f00000, 0x0000000081f00000|100%| O|  |TAMS 0x0000000081f00000, 0x0000000081e00000| Untracked 
|  31|0x0000000081f00000, 0x0000000082000000, 0x0000000082000000|100%| O|  |TAMS 0x0000000082000000, 0x0000000081f00000| Untracked 
|  32|0x0000000082000000, 0x0000000082100000, 0x0000000082100000|100%| O|  |TAMS 0x0000000082100000, 0x0000000082000000| Untracked 
|  33|0x0000000082100000, 0x0000000082200000, 0x0000000082200000|100%| O|  |TAMS 0x0000000082200000, 0x0000000082100000| Untracked 
|  34|0x0000000082200000, 0x0000000082300000, 0x0000000082300000|100%| O|  |TAMS 0x0000000082300000, 0x0000000082200000| Untracked 
|  35|0x0000000082300000, 0x0000000082400000, 0x0000000082400000|100%| O|  |TAMS 0x0000000082400000, 0x0000000082300000| Untracked 
|  36|0x0000000082400000, 0x0000000082500000, 0x0000000082500000|100%| O|  |TAMS 0x0000000082500000, 0x0000000082400000| Untracked 
|  37|0x0000000082500000, 0x0000000082600000, 0x0000000082600000|100%| O|  |TAMS 0x0000000082600000, 0x0000000082500000| Untracked 
|  38|0x0000000082600000, 0x0000000082700000, 0x0000000082700000|100%| O|  |TAMS 0x0000000082600000, 0x0000000082600000| Untracked 
|  39|0x0000000082700000, 0x0000000082800000, 0x0000000082800000|100%| O|  |TAMS 0x0000000082800000, 0x0000000082700000| Untracked 
|  40|0x0000000082800000, 0x0000000082882000, 0x0000000082900000| 50%| O|  |TAMS 0x0000000082800000, 0x0000000082800000| Untracked 
|  41|0x0000000082900000, 0x0000000082a00000, 0x0000000082a00000|100%| O|  |TAMS 0x0000000082a00000, 0x0000000082900000| Untracked 
|  42|0x0000000082a00000, 0x0000000082b00000, 0x0000000082b00000|100%| O|  |TAMS 0x0000000082b00000, 0x0000000082a00000| Untracked 
|  43|0x0000000082b00000, 0x0000000082c00000, 0x0000000082c00000|100%| O|  |TAMS 0x0000000082c00000, 0x0000000082b00000| Untracked 
|  44|0x0000000082c00000, 0x0000000082d00000, 0x0000000082d00000|100%|HS|  |TAMS 0x0000000082d00000, 0x0000000082c00000| Complete 
|  45|0x0000000082d00000, 0x0000000082e00000, 0x0000000082e00000|100%|HC|  |TAMS 0x0000000082e00000, 0x0000000082d00000| Complete 
|  46|0x0000000082e00000, 0x0000000082f00000, 0x0000000082f00000|100%|HS|  |TAMS 0x0000000082f00000, 0x0000000082e00000| Complete 
|  47|0x0000000082f00000, 0x0000000083000000, 0x0000000083000000|100%|HC|  |TAMS 0x0000000083000000, 0x0000000082f00000| Complete 
|  48|0x0000000083000000, 0x0000000083100000, 0x0000000083100000|100%| O|  |TAMS 0x0000000083100000, 0x0000000083000000| Untracked 
|  49|0x0000000083100000, 0x0000000083200000, 0x0000000083200000|100%| O|  |TAMS 0x0000000083200000, 0x0000000083100000| Untracked 
|  50|0x0000000083200000, 0x0000000083300000, 0x0000000083300000|100%| O|  |TAMS 0x0000000083300000, 0x0000000083200000| Untracked 
|  51|0x0000000083300000, 0x0000000083400000, 0x0000000083400000|100%| O|  |TAMS 0x00000000833a8e00, 0x0000000083300000| Untracked 
|  52|0x0000000083400000, 0x0000000083500000, 0x0000000083500000|100%|HS|  |TAMS 0x0000000083500000, 0x0000000083400000| Complete 
|  53|0x0000000083500000, 0x0000000083600000, 0x0000000083600000|100%|HC|  |TAMS 0x0000000083600000, 0x0000000083500000| Complete 
|  54|0x0000000083600000, 0x0000000083700000, 0x0000000083700000|100%|HC|  |TAMS 0x0000000083700000, 0x0000000083600000| Complete 
|  55|0x0000000083700000, 0x0000000083800000, 0x0000000083800000|100%|HC|  |TAMS 0x0000000083800000, 0x0000000083700000| Complete 
|  56|0x0000000083800000, 0x0000000083900000, 0x0000000083900000|100%|HS|  |TAMS 0x0000000083900000, 0x0000000083800000| Complete 
|  57|0x0000000083900000, 0x0000000083a00000, 0x0000000083a00000|100%|HC|  |TAMS 0x0000000083a00000, 0x0000000083900000| Complete 
|  58|0x0000000083a00000, 0x0000000083b00000, 0x0000000083b00000|100%|HC|  |TAMS 0x0000000083b00000, 0x0000000083a00000| Complete 
|  59|0x0000000083b00000, 0x0000000083c00000, 0x0000000083c00000|100%|HC|  |TAMS 0x0000000083c00000, 0x0000000083b00000| Complete 
|  60|0x0000000083c00000, 0x0000000083d00000, 0x0000000083d00000|100%| O|  |TAMS 0x0000000083c00000, 0x0000000083c00000| Untracked 
|  61|0x0000000083d00000, 0x0000000083e00000, 0x0000000083e00000|100%| O|  |TAMS 0x0000000083d00000, 0x0000000083d00000| Untracked 
|  62|0x0000000083e00000, 0x0000000083f00000, 0x0000000083f00000|100%| O|  |TAMS 0x0000000083e00000, 0x0000000083e00000| Untracked 
|  63|0x0000000083f00000, 0x0000000084000000, 0x0000000084000000|100%| O|  |TAMS 0x0000000083f00000, 0x0000000083f00000| Untracked 
|  64|0x0000000084000000, 0x0000000084000000, 0x0000000084100000|  0%| F|  |TAMS 0x0000000084000000, 0x0000000084000000| Untracked 
|  65|0x0000000084100000, 0x0000000084100000, 0x0000000084200000|  0%| F|  |TAMS 0x0000000084100000, 0x0000000084100000| Untracked 
|  66|0x0000000084200000, 0x0000000084200000, 0x0000000084300000|  0%| F|  |TAMS 0x0000000084200000, 0x0000000084200000| Untracked 
|  67|0x0000000084300000, 0x0000000084300000, 0x0000000084400000|  0%| F|  |TAMS 0x0000000084300000, 0x0000000084300000| Untracked 
|  68|0x0000000084400000, 0x0000000084400000, 0x0000000084500000|  0%| F|  |TAMS 0x0000000084400000, 0x0000000084400000| Untracked 
|  69|0x0000000084500000, 0x0000000084500000, 0x0000000084600000|  0%| F|  |TAMS 0x0000000084500000, 0x0000000084500000| Untracked 
|  70|0x0000000084600000, 0x0000000084600000, 0x0000000084700000|  0%| F|  |TAMS 0x0000000084600000, 0x0000000084600000| Untracked 
|  71|0x0000000084700000, 0x0000000084700000, 0x0000000084800000|  0%| F|  |TAMS 0x0000000084700000, 0x0000000084700000| Untracked 
|  72|0x0000000084800000, 0x0000000084800000, 0x0000000084900000|  0%| F|  |TAMS 0x0000000084800000, 0x0000000084800000| Untracked 
|  73|0x0000000084900000, 0x0000000084900000, 0x0000000084a00000|  0%| F|  |TAMS 0x0000000084900000, 0x0000000084900000| Untracked 
|  74|0x0000000084a00000, 0x0000000084a00000, 0x0000000084b00000|  0%| F|  |TAMS 0x0000000084a00000, 0x0000000084a00000| Untracked 
|  75|0x0000000084b00000, 0x0000000084b00000, 0x0000000084c00000|  0%| F|  |TAMS 0x0000000084b00000, 0x0000000084b00000| Untracked 
|  76|0x0000000084c00000, 0x0000000084c00000, 0x0000000084d00000|  0%| F|  |TAMS 0x0000000084c00000, 0x0000000084c00000| Untracked 
|  77|0x0000000084d00000, 0x0000000084d00000, 0x0000000084e00000|  0%| F|  |TAMS 0x0000000084d00000, 0x0000000084d00000| Untracked 
|  78|0x0000000084e00000, 0x0000000084e00000, 0x0000000084f00000|  0%| F|  |TAMS 0x0000000084e00000, 0x0000000084e00000| Untracked 
|  79|0x0000000084f00000, 0x0000000084f00000, 0x0000000085000000|  0%| F|  |TAMS 0x0000000084f00000, 0x0000000084f00000| Untracked 
|  80|0x0000000085000000, 0x0000000085100000, 0x0000000085100000|100%| S|CS|TAMS 0x0000000085000000, 0x0000000085000000| Complete 
|  81|0x0000000085100000, 0x0000000085200000, 0x0000000085200000|100%| S|CS|TAMS 0x0000000085100000, 0x0000000085100000| Complete 
|  82|0x0000000085200000, 0x0000000085300000, 0x0000000085300000|100%| S|CS|TAMS 0x0000000085200000, 0x0000000085200000| Complete 
|  83|0x0000000085300000, 0x0000000085300000, 0x0000000085400000|  0%| F|  |TAMS 0x0000000085300000, 0x0000000085300000| Untracked 
|  84|0x0000000085400000, 0x0000000085400000, 0x0000000085500000|  0%| F|  |TAMS 0x0000000085400000, 0x0000000085400000| Untracked 
|  85|0x0000000085500000, 0x0000000085600000, 0x0000000085600000|100%| S|CS|TAMS 0x0000000085500000, 0x0000000085500000| Complete 
|  86|0x0000000085600000, 0x0000000085700000, 0x0000000085700000|100%| S|CS|TAMS 0x0000000085600000, 0x0000000085600000| Complete 
|  87|0x0000000085700000, 0x0000000085700000, 0x0000000085800000|  0%| F|  |TAMS 0x0000000085700000, 0x0000000085700000| Untracked 
|  88|0x0000000085800000, 0x0000000085800000, 0x0000000085900000|  0%| F|  |TAMS 0x0000000085800000, 0x0000000085800000| Untracked 
|  89|0x0000000085900000, 0x0000000085900000, 0x0000000085a00000|  0%| F|  |TAMS 0x0000000085900000, 0x0000000085900000| Untracked 
|  90|0x0000000085a00000, 0x0000000085a00000, 0x0000000085b00000|  0%| F|  |TAMS 0x0000000085a00000, 0x0000000085a00000| Untracked 
|  91|0x0000000085b00000, 0x0000000085b00000, 0x0000000085c00000|  0%| F|  |TAMS 0x0000000085b00000, 0x0000000085b00000| Untracked 
|  92|0x0000000085c00000, 0x0000000085c00000, 0x0000000085d00000|  0%| F|  |TAMS 0x0000000085c00000, 0x0000000085c00000| Untracked 
|  93|0x0000000085d00000, 0x0000000085d00000, 0x0000000085e00000|  0%| F|  |TAMS 0x0000000085d00000, 0x0000000085d00000| Untracked 
|  94|0x0000000085e00000, 0x0000000085e00000, 0x0000000085f00000|  0%| F|  |TAMS 0x0000000085e00000, 0x0000000085e00000| Untracked 
|  95|0x0000000085f00000, 0x0000000085f00000, 0x0000000086000000|  0%| F|  |TAMS 0x0000000085f00000, 0x0000000085f00000| Untracked 
|  96|0x0000000086000000, 0x0000000086000000, 0x0000000086100000|  0%| F|  |TAMS 0x0000000086000000, 0x0000000086000000| Untracked 
|  97|0x0000000086100000, 0x0000000086100000, 0x0000000086200000|  0%| F|  |TAMS 0x0000000086100000, 0x0000000086100000| Untracked 
|  98|0x0000000086200000, 0x0000000086200000, 0x0000000086300000|  0%| F|  |TAMS 0x0000000086200000, 0x0000000086200000| Untracked 
|  99|0x0000000086300000, 0x0000000086300000, 0x0000000086400000|  0%| F|  |TAMS 0x0000000086300000, 0x0000000086300000| Untracked 
| 100|0x0000000086400000, 0x0000000086400000, 0x0000000086500000|  0%| F|  |TAMS 0x0000000086400000, 0x0000000086400000| Untracked 
| 101|0x0000000086500000, 0x0000000086500000, 0x0000000086600000|  0%| F|  |TAMS 0x0000000086500000, 0x0000000086500000| Untracked 
| 102|0x0000000086600000, 0x0000000086600000, 0x0000000086700000|  0%| F|  |TAMS 0x0000000086600000, 0x0000000086600000| Untracked 
| 103|0x0000000086700000, 0x0000000086700000, 0x0000000086800000|  0%| F|  |TAMS 0x0000000086700000, 0x0000000086700000| Untracked 
| 104|0x0000000086800000, 0x0000000086800000, 0x0000000086900000|  0%| F|  |TAMS 0x0000000086800000, 0x0000000086800000| Untracked 
| 105|0x0000000086900000, 0x0000000086900000, 0x0000000086a00000|  0%| F|  |TAMS 0x0000000086900000, 0x0000000086900000| Untracked 
| 106|0x0000000086a00000, 0x0000000086a00000, 0x0000000086b00000|  0%| F|  |TAMS 0x0000000086a00000, 0x0000000086a00000| Untracked 
| 107|0x0000000086b00000, 0x0000000086b00000, 0x0000000086c00000|  0%| F|  |TAMS 0x0000000086b00000, 0x0000000086b00000| Untracked 
| 108|0x0000000086c00000, 0x0000000086c00000, 0x0000000086d00000|  0%| F|  |TAMS 0x0000000086c00000, 0x0000000086c00000| Untracked 
| 109|0x0000000086d00000, 0x0000000086d00000, 0x0000000086e00000|  0%| F|  |TAMS 0x0000000086d00000, 0x0000000086d00000| Untracked 
| 110|0x0000000086e00000, 0x0000000086e00000, 0x0000000086f00000|  0%| F|  |TAMS 0x0000000086e00000, 0x0000000086e00000| Untracked 
| 111|0x0000000086f00000, 0x0000000086f00000, 0x0000000087000000|  0%| F|  |TAMS 0x0000000086f00000, 0x0000000086f00000| Untracked 
| 112|0x0000000087000000, 0x0000000087000000, 0x0000000087100000|  0%| F|  |TAMS 0x0000000087000000, 0x0000000087000000| Untracked 
| 113|0x0000000087100000, 0x0000000087100000, 0x0000000087200000|  0%| F|  |TAMS 0x0000000087100000, 0x0000000087100000| Untracked 
| 114|0x0000000087200000, 0x0000000087200000, 0x0000000087300000|  0%| F|  |TAMS 0x0000000087200000, 0x0000000087200000| Untracked 
| 115|0x0000000087300000, 0x0000000087300000, 0x0000000087400000|  0%| F|  |TAMS 0x0000000087300000, 0x0000000087300000| Untracked 
| 116|0x0000000087400000, 0x0000000087400000, 0x0000000087500000|  0%| F|  |TAMS 0x0000000087400000, 0x0000000087400000| Untracked 
| 117|0x0000000087500000, 0x0000000087500000, 0x0000000087600000|  0%| F|  |TAMS 0x0000000087500000, 0x0000000087500000| Untracked 
| 118|0x0000000087600000, 0x0000000087600000, 0x0000000087700000|  0%| F|  |TAMS 0x0000000087600000, 0x0000000087600000| Untracked 
| 119|0x0000000087700000, 0x0000000087700000, 0x0000000087800000|  0%| F|  |TAMS 0x0000000087700000, 0x0000000087700000| Untracked 
| 120|0x0000000087800000, 0x0000000087800000, 0x0000000087900000|  0%| F|  |TAMS 0x0000000087800000, 0x0000000087800000| Untracked 
| 121|0x0000000087900000, 0x0000000087900000, 0x0000000087a00000|  0%| F|  |TAMS 0x0000000087900000, 0x0000000087900000| Untracked 
| 122|0x0000000087a00000, 0x0000000087a00000, 0x0000000087b00000|  0%| F|  |TAMS 0x0000000087a00000, 0x0000000087a00000| Untracked 
| 123|0x0000000087b00000, 0x0000000087b00000, 0x0000000087c00000|  0%| F|  |TAMS 0x0000000087b00000, 0x0000000087b00000| Untracked 
| 124|0x0000000087c00000, 0x0000000087c00000, 0x0000000087d00000|  0%| F|  |TAMS 0x0000000087c00000, 0x0000000087c00000| Untracked 
| 125|0x0000000087d00000, 0x0000000087d00000, 0x0000000087e00000|  0%| F|  |TAMS 0x0000000087d00000, 0x0000000087d00000| Untracked 
| 126|0x0000000087e00000, 0x0000000087e00000, 0x0000000087f00000|  0%| F|  |TAMS 0x0000000087e00000, 0x0000000087e00000| Untracked 
| 127|0x0000000087f00000, 0x0000000087f00000, 0x0000000088000000|  0%| F|  |TAMS 0x0000000087f00000, 0x0000000087f00000| Untracked 
| 128|0x0000000088000000, 0x0000000088000000, 0x0000000088100000|  0%| F|  |TAMS 0x0000000088000000, 0x0000000088000000| Untracked 
| 129|0x0000000088100000, 0x0000000088100000, 0x0000000088200000|  0%| F|  |TAMS 0x0000000088100000, 0x0000000088100000| Untracked 
| 130|0x0000000088200000, 0x0000000088200000, 0x0000000088300000|  0%| F|  |TAMS 0x0000000088200000, 0x0000000088200000| Untracked 
| 131|0x0000000088300000, 0x0000000088300000, 0x0000000088400000|  0%| F|  |TAMS 0x0000000088300000, 0x0000000088300000| Untracked 
| 132|0x0000000088400000, 0x0000000088400000, 0x0000000088500000|  0%| F|  |TAMS 0x0000000088400000, 0x0000000088400000| Untracked 
| 133|0x0000000088500000, 0x0000000088500000, 0x0000000088600000|  0%| F|  |TAMS 0x0000000088500000, 0x0000000088500000| Untracked 
| 134|0x0000000088600000, 0x0000000088600000, 0x0000000088700000|  0%| F|  |TAMS 0x0000000088600000, 0x0000000088600000| Untracked 
| 135|0x0000000088700000, 0x0000000088700000, 0x0000000088800000|  0%| F|  |TAMS 0x0000000088700000, 0x0000000088700000| Untracked 
| 136|0x0000000088800000, 0x0000000088800000, 0x0000000088900000|  0%| F|  |TAMS 0x0000000088800000, 0x0000000088800000| Untracked 
| 137|0x0000000088900000, 0x0000000088900000, 0x0000000088a00000|  0%| F|  |TAMS 0x0000000088900000, 0x0000000088900000| Untracked 
| 138|0x0000000088a00000, 0x0000000088a00000, 0x0000000088b00000|  0%| F|  |TAMS 0x0000000088a00000, 0x0000000088a00000| Untracked 
| 139|0x0000000088b00000, 0x0000000088b00000, 0x0000000088c00000|  0%| F|  |TAMS 0x0000000088b00000, 0x0000000088b00000| Untracked 
| 140|0x0000000088c00000, 0x0000000088c00000, 0x0000000088d00000|  0%| F|  |TAMS 0x0000000088c00000, 0x0000000088c00000| Untracked 
| 141|0x0000000088d00000, 0x0000000088d00000, 0x0000000088e00000|  0%| F|  |TAMS 0x0000000088d00000, 0x0000000088d00000| Untracked 
| 142|0x0000000088e00000, 0x0000000088e00000, 0x0000000088f00000|  0%| F|  |TAMS 0x0000000088e00000, 0x0000000088e00000| Untracked 
| 143|0x0000000088f00000, 0x0000000088f00000, 0x0000000089000000|  0%| F|  |TAMS 0x0000000088f00000, 0x0000000088f00000| Untracked 
| 144|0x0000000089000000, 0x0000000089000000, 0x0000000089100000|  0%| F|  |TAMS 0x0000000089000000, 0x0000000089000000| Untracked 
| 145|0x0000000089100000, 0x0000000089100000, 0x0000000089200000|  0%| F|  |TAMS 0x0000000089100000, 0x0000000089100000| Untracked 
| 146|0x0000000089200000, 0x0000000089200000, 0x0000000089300000|  0%| F|  |TAMS 0x0000000089200000, 0x0000000089200000| Untracked 
| 147|0x0000000089300000, 0x0000000089300000, 0x0000000089400000|  0%| F|  |TAMS 0x0000000089300000, 0x0000000089300000| Untracked 
| 148|0x0000000089400000, 0x0000000089400000, 0x0000000089500000|  0%| F|  |TAMS 0x0000000089400000, 0x0000000089400000| Untracked 
| 149|0x0000000089500000, 0x0000000089500000, 0x0000000089600000|  0%| F|  |TAMS 0x0000000089500000, 0x0000000089500000| Untracked 
| 150|0x0000000089600000, 0x0000000089600000, 0x0000000089700000|  0%| F|  |TAMS 0x0000000089600000, 0x0000000089600000| Untracked 
| 151|0x0000000089700000, 0x0000000089700000, 0x0000000089800000|  0%| F|  |TAMS 0x0000000089700000, 0x0000000089700000| Untracked 
| 152|0x0000000089800000, 0x0000000089800000, 0x0000000089900000|  0%| F|  |TAMS 0x0000000089800000, 0x0000000089800000| Untracked 
| 153|0x0000000089900000, 0x0000000089900000, 0x0000000089a00000|  0%| F|  |TAMS 0x0000000089900000, 0x0000000089900000| Untracked 
| 154|0x0000000089a00000, 0x0000000089a00000, 0x0000000089b00000|  0%| F|  |TAMS 0x0000000089a00000, 0x0000000089a00000| Untracked 
| 155|0x0000000089b00000, 0x0000000089b00000, 0x0000000089c00000|  0%| F|  |TAMS 0x0000000089b00000, 0x0000000089b00000| Untracked 
| 156|0x0000000089c00000, 0x0000000089c00000, 0x0000000089d00000|  0%| F|  |TAMS 0x0000000089c00000, 0x0000000089c00000| Untracked 
| 157|0x0000000089d00000, 0x0000000089d00000, 0x0000000089e00000|  0%| F|  |TAMS 0x0000000089d00000, 0x0000000089d00000| Untracked 
| 158|0x0000000089e00000, 0x0000000089e00000, 0x0000000089f00000|  0%| F|  |TAMS 0x0000000089e00000, 0x0000000089e00000| Untracked 
| 159|0x0000000089f00000, 0x0000000089f00000, 0x000000008a000000|  0%| F|  |TAMS 0x0000000089f00000, 0x0000000089f00000| Untracked 
| 160|0x000000008a000000, 0x000000008a000000, 0x000000008a100000|  0%| F|  |TAMS 0x000000008a000000, 0x000000008a000000| Untracked 
| 161|0x000000008a100000, 0x000000008a100000, 0x000000008a200000|  0%| F|  |TAMS 0x000000008a100000, 0x000000008a100000| Untracked 
| 162|0x000000008a200000, 0x000000008a200000, 0x000000008a300000|  0%| F|  |TAMS 0x000000008a200000, 0x000000008a200000| Untracked 
| 163|0x000000008a300000, 0x000000008a300000, 0x000000008a400000|  0%| F|  |TAMS 0x000000008a300000, 0x000000008a300000| Untracked 
| 164|0x000000008a400000, 0x000000008a400000, 0x000000008a500000|  0%| F|  |TAMS 0x000000008a400000, 0x000000008a400000| Untracked 
| 165|0x000000008a500000, 0x000000008a500000, 0x000000008a600000|  0%| F|  |TAMS 0x000000008a500000, 0x000000008a500000| Untracked 
| 166|0x000000008a600000, 0x000000008a600000, 0x000000008a700000|  0%| F|  |TAMS 0x000000008a600000, 0x000000008a600000| Untracked 
| 167|0x000000008a700000, 0x000000008a700000, 0x000000008a800000|  0%| F|  |TAMS 0x000000008a700000, 0x000000008a700000| Untracked 
| 168|0x000000008a800000, 0x000000008a800000, 0x000000008a900000|  0%| F|  |TAMS 0x000000008a800000, 0x000000008a800000| Untracked 
| 169|0x000000008a900000, 0x000000008a900000, 0x000000008aa00000|  0%| F|  |TAMS 0x000000008a900000, 0x000000008a900000| Untracked 
| 170|0x000000008aa00000, 0x000000008aa00000, 0x000000008ab00000|  0%| F|  |TAMS 0x000000008aa00000, 0x000000008aa00000| Untracked 
| 171|0x000000008ab00000, 0x000000008ab00000, 0x000000008ac00000|  0%| F|  |TAMS 0x000000008ab00000, 0x000000008ab00000| Untracked 
| 172|0x000000008ac00000, 0x000000008ac00000, 0x000000008ad00000|  0%| F|  |TAMS 0x000000008ac00000, 0x000000008ac00000| Untracked 
| 173|0x000000008ad00000, 0x000000008ad00000, 0x000000008ae00000|  0%| F|  |TAMS 0x000000008ad00000, 0x000000008ad00000| Untracked 
| 174|0x000000008ae00000, 0x000000008ae00000, 0x000000008af00000|  0%| F|  |TAMS 0x000000008ae00000, 0x000000008ae00000| Untracked 
| 175|0x000000008af00000, 0x000000008af00000, 0x000000008b000000|  0%| F|  |TAMS 0x000000008af00000, 0x000000008af00000| Untracked 
| 176|0x000000008b000000, 0x000000008b000000, 0x000000008b100000|  0%| F|  |TAMS 0x000000008b000000, 0x000000008b000000| Untracked 
| 177|0x000000008b100000, 0x000000008b100000, 0x000000008b200000|  0%| F|  |TAMS 0x000000008b100000, 0x000000008b100000| Untracked 
| 178|0x000000008b200000, 0x000000008b200000, 0x000000008b300000|  0%| F|  |TAMS 0x000000008b200000, 0x000000008b200000| Untracked 
| 179|0x000000008b300000, 0x000000008b300000, 0x000000008b400000|  0%| F|  |TAMS 0x000000008b300000, 0x000000008b300000| Untracked 
| 180|0x000000008b400000, 0x000000008b400000, 0x000000008b500000|  0%| F|  |TAMS 0x000000008b400000, 0x000000008b400000| Untracked 
| 181|0x000000008b500000, 0x000000008b500000, 0x000000008b600000|  0%| F|  |TAMS 0x000000008b500000, 0x000000008b500000| Untracked 
| 182|0x000000008b600000, 0x000000008b600000, 0x000000008b700000|  0%| F|  |TAMS 0x000000008b600000, 0x000000008b600000| Untracked 
| 183|0x000000008b700000, 0x000000008b700000, 0x000000008b800000|  0%| F|  |TAMS 0x000000008b700000, 0x000000008b700000| Untracked 
| 184|0x000000008b800000, 0x000000008b800000, 0x000000008b900000|  0%| F|  |TAMS 0x000000008b800000, 0x000000008b800000| Untracked 
| 185|0x000000008b900000, 0x000000008b900000, 0x000000008ba00000|  0%| F|  |TAMS 0x000000008b900000, 0x000000008b900000| Untracked 
| 186|0x000000008ba00000, 0x000000008ba00000, 0x000000008bb00000|  0%| F|  |TAMS 0x000000008ba00000, 0x000000008ba00000| Untracked 
| 187|0x000000008bb00000, 0x000000008bb00000, 0x000000008bc00000|  0%| F|  |TAMS 0x000000008bb00000, 0x000000008bb00000| Untracked 
| 188|0x000000008bc00000, 0x000000008bc00000, 0x000000008bd00000|  0%| F|  |TAMS 0x000000008bc00000, 0x000000008bc00000| Untracked 
| 189|0x000000008bd00000, 0x000000008bd00000, 0x000000008be00000|  0%| F|  |TAMS 0x000000008bd00000, 0x000000008bd00000| Untracked 
| 190|0x000000008be00000, 0x000000008be00000, 0x000000008bf00000|  0%| F|  |TAMS 0x000000008be00000, 0x000000008be00000| Untracked 
| 191|0x000000008bf00000, 0x000000008bf00000, 0x000000008c000000|  0%| F|  |TAMS 0x000000008bf00000, 0x000000008bf00000| Untracked 
| 192|0x000000008c000000, 0x000000008c000000, 0x000000008c100000|  0%| F|  |TAMS 0x000000008c000000, 0x000000008c000000| Untracked 
| 193|0x000000008c100000, 0x000000008c100000, 0x000000008c200000|  0%| F|  |TAMS 0x000000008c100000, 0x000000008c100000| Untracked 
| 194|0x000000008c200000, 0x000000008c200000, 0x000000008c300000|  0%| F|  |TAMS 0x000000008c200000, 0x000000008c200000| Untracked 
| 195|0x000000008c300000, 0x000000008c356df8, 0x000000008c400000| 33%| E|  |TAMS 0x000000008c300000, 0x000000008c300000| Complete 
| 196|0x000000008c400000, 0x000000008c500000, 0x000000008c500000|100%| E|CS|TAMS 0x000000008c400000, 0x000000008c400000| Complete 
| 197|0x000000008c500000, 0x000000008c600000, 0x000000008c600000|100%| E|CS|TAMS 0x000000008c500000, 0x000000008c500000| Complete 
| 198|0x000000008c600000, 0x000000008c700000, 0x000000008c700000|100%| E|CS|TAMS 0x000000008c600000, 0x000000008c600000| Complete 
| 199|0x000000008c700000, 0x000000008c800000, 0x000000008c800000|100%| E|CS|TAMS 0x000000008c700000, 0x000000008c700000| Complete 
| 200|0x000000008c800000, 0x000000008c900000, 0x000000008c900000|100%| E|CS|TAMS 0x000000008c800000, 0x000000008c800000| Complete 
| 201|0x000000008c900000, 0x000000008ca00000, 0x000000008ca00000|100%| E|CS|TAMS 0x000000008c900000, 0x000000008c900000| Complete 
| 202|0x000000008ca00000, 0x000000008cb00000, 0x000000008cb00000|100%| E|CS|TAMS 0x000000008ca00000, 0x000000008ca00000| Complete 
| 203|0x000000008cb00000, 0x000000008cc00000, 0x000000008cc00000|100%| E|CS|TAMS 0x000000008cb00000, 0x000000008cb00000| Complete 
| 204|0x000000008cc00000, 0x000000008cd00000, 0x000000008cd00000|100%| E|CS|TAMS 0x000000008cc00000, 0x000000008cc00000| Complete 
| 205|0x000000008cd00000, 0x000000008ce00000, 0x000000008ce00000|100%| E|CS|TAMS 0x000000008cd00000, 0x000000008cd00000| Complete 
| 206|0x000000008ce00000, 0x000000008cf00000, 0x000000008cf00000|100%| E|CS|TAMS 0x000000008ce00000, 0x000000008ce00000| Complete 
| 207|0x000000008cf00000, 0x000000008d000000, 0x000000008d000000|100%| E|CS|TAMS 0x000000008cf00000, 0x000000008cf00000| Complete 
| 208|0x000000008d000000, 0x000000008d100000, 0x000000008d100000|100%| E|CS|TAMS 0x000000008d000000, 0x000000008d000000| Complete 
| 209|0x000000008d100000, 0x000000008d200000, 0x000000008d200000|100%| E|CS|TAMS 0x000000008d100000, 0x000000008d100000| Complete 
| 210|0x000000008d200000, 0x000000008d300000, 0x000000008d300000|100%| E|CS|TAMS 0x000000008d200000, 0x000000008d200000| Complete 
| 211|0x000000008d300000, 0x000000008d400000, 0x000000008d400000|100%| E|CS|TAMS 0x000000008d300000, 0x000000008d300000| Complete 
| 212|0x000000008d400000, 0x000000008d500000, 0x000000008d500000|100%| E|CS|TAMS 0x000000008d400000, 0x000000008d400000| Complete 
| 213|0x000000008d500000, 0x000000008d600000, 0x000000008d600000|100%| E|CS|TAMS 0x000000008d500000, 0x000000008d500000| Complete 
| 214|0x000000008d600000, 0x000000008d700000, 0x000000008d700000|100%| E|CS|TAMS 0x000000008d600000, 0x000000008d600000| Complete 
| 215|0x000000008d700000, 0x000000008d800000, 0x000000008d800000|100%| E|CS|TAMS 0x000000008d700000, 0x000000008d700000| Complete 
| 216|0x000000008d800000, 0x000000008d900000, 0x000000008d900000|100%| E|CS|TAMS 0x000000008d800000, 0x000000008d800000| Complete 
| 217|0x000000008d900000, 0x000000008da00000, 0x000000008da00000|100%| E|CS|TAMS 0x000000008d900000, 0x000000008d900000| Complete 
| 218|0x000000008da00000, 0x000000008db00000, 0x000000008db00000|100%| E|CS|TAMS 0x000000008da00000, 0x000000008da00000| Complete 
| 219|0x000000008db00000, 0x000000008dc00000, 0x000000008dc00000|100%| E|CS|TAMS 0x000000008db00000, 0x000000008db00000| Complete 
| 220|0x000000008dc00000, 0x000000008dd00000, 0x000000008dd00000|100%| E|CS|TAMS 0x000000008dc00000, 0x000000008dc00000| Complete 
| 221|0x000000008dd00000, 0x000000008de00000, 0x000000008de00000|100%| E|CS|TAMS 0x000000008dd00000, 0x000000008dd00000| Complete 
| 222|0x000000008de00000, 0x000000008df00000, 0x000000008df00000|100%| E|CS|TAMS 0x000000008de00000, 0x000000008de00000| Complete 
| 223|0x000000008df00000, 0x000000008e000000, 0x000000008e000000|100%| E|CS|TAMS 0x000000008df00000, 0x000000008df00000| Complete 
| 224|0x000000008e000000, 0x000000008e100000, 0x000000008e100000|100%| E|CS|TAMS 0x000000008e000000, 0x000000008e000000| Complete 
| 225|0x000000008e100000, 0x000000008e200000, 0x000000008e200000|100%| E|CS|TAMS 0x000000008e100000, 0x000000008e100000| Complete 
| 226|0x000000008e200000, 0x000000008e300000, 0x000000008e300000|100%| E|CS|TAMS 0x000000008e200000, 0x000000008e200000| Complete 
| 227|0x000000008e300000, 0x000000008e400000, 0x000000008e400000|100%| E|CS|TAMS 0x000000008e300000, 0x000000008e300000| Complete 
| 228|0x000000008e400000, 0x000000008e500000, 0x000000008e500000|100%| E|CS|TAMS 0x000000008e400000, 0x000000008e400000| Complete 
| 229|0x000000008e500000, 0x000000008e600000, 0x000000008e600000|100%| E|CS|TAMS 0x000000008e500000, 0x000000008e500000| Complete 
| 230|0x000000008e600000, 0x000000008e700000, 0x000000008e700000|100%| E|CS|TAMS 0x000000008e600000, 0x000000008e600000| Complete 
| 231|0x000000008e700000, 0x000000008e800000, 0x000000008e800000|100%| E|CS|TAMS 0x000000008e700000, 0x000000008e700000| Complete 
| 232|0x000000008e800000, 0x000000008e900000, 0x000000008e900000|100%| E|CS|TAMS 0x000000008e800000, 0x000000008e800000| Complete 
| 233|0x000000008e900000, 0x000000008ea00000, 0x000000008ea00000|100%| E|CS|TAMS 0x000000008e900000, 0x000000008e900000| Complete 
| 234|0x000000008ea00000, 0x000000008eb00000, 0x000000008eb00000|100%| E|CS|TAMS 0x000000008ea00000, 0x000000008ea00000| Complete 
| 235|0x000000008eb00000, 0x000000008ec00000, 0x000000008ec00000|100%| E|CS|TAMS 0x000000008eb00000, 0x000000008eb00000| Complete 
| 236|0x000000008ec00000, 0x000000008ed00000, 0x000000008ed00000|100%| E|CS|TAMS 0x000000008ec00000, 0x000000008ec00000| Complete 
| 237|0x000000008ed00000, 0x000000008ee00000, 0x000000008ee00000|100%| E|CS|TAMS 0x000000008ed00000, 0x000000008ed00000| Complete 
| 238|0x000000008ee00000, 0x000000008ef00000, 0x000000008ef00000|100%| E|CS|TAMS 0x000000008ee00000, 0x000000008ee00000| Complete 
| 239|0x000000008ef00000, 0x000000008f000000, 0x000000008f000000|100%| E|CS|TAMS 0x000000008ef00000, 0x000000008ef00000| Complete 
| 240|0x000000008f000000, 0x000000008f100000, 0x000000008f100000|100%| E|CS|TAMS 0x000000008f000000, 0x000000008f000000| Complete 
| 241|0x000000008f100000, 0x000000008f200000, 0x000000008f200000|100%| E|CS|TAMS 0x000000008f100000, 0x000000008f100000| Complete 
| 242|0x000000008f200000, 0x000000008f300000, 0x000000008f300000|100%| E|CS|TAMS 0x000000008f200000, 0x000000008f200000| Complete 
| 243|0x000000008f300000, 0x000000008f400000, 0x000000008f400000|100%| E|CS|TAMS 0x000000008f300000, 0x000000008f300000| Complete 
| 244|0x000000008f400000, 0x000000008f500000, 0x000000008f500000|100%| E|CS|TAMS 0x000000008f400000, 0x000000008f400000| Complete 
| 245|0x000000008f500000, 0x000000008f600000, 0x000000008f600000|100%| E|CS|TAMS 0x000000008f500000, 0x000000008f500000| Complete 
| 246|0x000000008f600000, 0x000000008f700000, 0x000000008f700000|100%| E|CS|TAMS 0x000000008f600000, 0x000000008f600000| Complete 
| 247|0x000000008f700000, 0x000000008f800000, 0x000000008f800000|100%| E|CS|TAMS 0x000000008f700000, 0x000000008f700000| Complete 

Card table byte_map: [0x000001cf1bda0000,0x000001cf1c1a0000] _byte_map_base: 0x000001cf1b9a0000

Marking Bits (Prev, Next): (CMBitMap*) 0x000001cf05137a80, (CMBitMap*) 0x000001cf05137a40
 Prev Bits: [0x000001cf1e5a0000, 0x000001cf205a0000)
 Next Bits: [0x000001cf1c5a0000, 0x000001cf1e5a0000)

Polling page: 0x000001cf03030000

Metaspace:

Usage:
  Non-class:     56.21 MB used.
      Class:      9.31 MB used.
       Both:     65.53 MB used.

Virtual space:
  Non-class space:       64.00 MB reserved,      56.56 MB ( 88%) committed,  1 nodes.
      Class space:      416.00 MB reserved,       9.69 MB (  2%) committed,  1 nodes.
             Both:      480.00 MB reserved,      66.25 MB ( 14%) committed. 

Chunk freelists:
   Non-Class:  7.09 MB
       Class:  6.34 MB
        Both:  13.44 MB

MaxMetaspaceSize: 512.00 MB
CompressedClassSpaceSize: 416.00 MB
Initial GC threshold: 21.00 MB
Current GC threshold: 97.31 MB
CDS: on
MetaspaceReclaimPolicy: balanced
 - commit_granule_bytes: 65536.
 - commit_granule_words: 8192.
 - virtual_space_node_default_size: 8388608.
 - enlarge_chunks_in_place: 1.
 - new_chunks_are_fully_committed: 0.
 - uncommit_free_chunks: 1.
 - use_allocation_guard: 0.
 - handle_deallocations: 1.


Internal statistics:

num_allocs_failed_limit: 3.
num_arena_births: 920.
num_arena_deaths: 0.
num_vsnodes_births: 2.
num_vsnodes_deaths: 0.
num_space_committed: 1060.
num_space_uncommitted: 0.
num_chunks_returned_to_freelist: 3.
num_chunks_taken_from_freelist: 3789.
num_chunk_merges: 3.
num_chunk_splits: 2457.
num_chunks_enlarged: 1586.
num_inconsistent_stats: 0.

CodeHeap 'non-profiled nmethods': size=120000Kb used=4351Kb max_used=4351Kb free=115648Kb
 bounds [0x000001cf14470000, 0x000001cf148b0000, 0x000001cf1b9a0000]
CodeHeap 'profiled nmethods': size=120000Kb used=15379Kb max_used=15379Kb free=104620Kb
 bounds [0x000001cf0c9a0000, 0x000001cf0d8b0000, 0x000001cf13ed0000]
CodeHeap 'non-nmethods': size=5760Kb used=2367Kb max_used=2411Kb free=3392Kb
 bounds [0x000001cf13ed0000, 0x000001cf14140000, 0x000001cf14470000]
 total_blobs=8757 nmethods=7862 adapters=806
 compilation: enabled
              stopped_count=0, restarted_count=0
 full_count=0

Compilation events (20 events):
Event: 82.032 Thread 0x000001cf22a37a00 nmethod 8647 0x000001cf148ace90 code [0x000001cf148ad020, 0x000001cf148ad0d8]
Event: 82.080 Thread 0x000001cf22a37a00 8648       3       java.util.LinkedList::addFirst (6 bytes)
Event: 82.080 Thread 0x000001cf22a37a00 nmethod 8648 0x000001cf0d899190 code [0x000001cf0d899320, 0x000001cf0d899468]
Event: 82.080 Thread 0x000001cf22a37a00 8649       3       java.util.LinkedList::linkFirst (59 bytes)
Event: 82.080 Thread 0x000001cf22a37a00 nmethod 8649 0x000001cf0d899510 code [0x000001cf0d8996e0, 0x000001cf0d899b38]
Event: 82.180 Thread 0x000001cf22a37a00 8650       3       org.gradle.internal.io.IOQuery$Result::<init> (5 bytes)
Event: 82.180 Thread 0x000001cf22a37a00 nmethod 8650 0x000001cf0d899c90 code [0x000001cf0d899e20, 0x000001cf0d899f78]
Event: 82.242 Thread 0x000001cf22a37a00 8651   !   3       org.gradle.internal.resources.DefaultResourceLockCoordinationService::getCurrent (33 bytes)
Event: 82.242 Thread 0x000001cf22a37a00 nmethod 8651 0x000001cf0d89a010 code [0x000001cf0d89a1c0, 0x000001cf0d89a478]
Event: 82.244 Thread 0x000001cf22a37a00 8652       3       java.util.concurrent.ScheduledThreadPoolExecutor::canRunInCurrentRunState (61 bytes)
Event: 82.244 Thread 0x000001cf22a37a00 nmethod 8652 0x000001cf0d89a590 code [0x000001cf0d89a7a0, 0x000001cf0d89afa8]
Event: 82.402 Thread 0x000001cf22a24870 8653       4       jdk.internal.org.objectweb.asm.Type::getDescriptor (93 bytes)
Event: 82.454 Thread 0x000001cf22a37a00 8655       3       java.util.stream.AbstractPipeline::<init> (91 bytes)
Event: 82.454 Thread 0x000001cf22a37a00 nmethod 8655 0x000001cf0d89b210 code [0x000001cf0d89b400, 0x000001cf0d89ba78]
Event: 82.456 Thread 0x000001cf22a24870 nmethod 8653 0x000001cf148ad190 code [0x000001cf148ad3c0, 0x000001cf148aed78]
Event: 82.456 Thread 0x000001cf22a24870 8654       4       sun.invoke.util.VerifyAccess::isClassAccessible (230 bytes)
Event: 82.516 Thread 0x000001cf22a37a00 8657       3       java.lang.ClassLoader::getSystemClassLoader (96 bytes)
Event: 82.517 Thread 0x000001cf22a37a00 nmethod 8657 0x000001cf0d89bc90 code [0x000001cf0d89bf00, 0x000001cf0d89cb28]
Event: 82.521 Thread 0x000001cf22a37a00 8658       3       org.gradle.internal.execution.steps.IdentityContext::<init> (22 bytes)
Event: 82.522 Thread 0x000001cf22a37a00 nmethod 8658 0x000001cf0d89cf10 code [0x000001cf0d89d120, 0x000001cf0d89da98]

GC Heap History (20 events):
Event: 48.229 GC heap before
{Heap before GC invocations=30 (full 0):
 garbage-first heap   total 71680K, used 59882K [0x0000000080000000, 0x0000000100000000)
  region size 1024K, 22 young (22528K), 3 survivors (3072K)
 Metaspace       used 51305K, committed 51840K, reserved 491520K
  class space    used 7250K, committed 7488K, reserved 425984K
}
Event: 48.241 GC heap after
{Heap after GC invocations=31 (full 0):
 garbage-first heap   total 71680K, used 41982K [0x0000000080000000, 0x0000000100000000)
  region size 1024K, 3 young (3072K), 3 survivors (3072K)
 Metaspace       used 51305K, committed 51840K, reserved 491520K
  class space    used 7250K, committed 7488K, reserved 425984K
}
Event: 49.985 GC heap before
{Heap before GC invocations=32 (full 0):
 garbage-first heap   total 73728K, used 57342K [0x0000000080000000, 0x0000000100000000)
  region size 1024K, 19 young (19456K), 3 survivors (3072K)
 Metaspace       used 51684K, committed 52288K, reserved 491520K
  class space    used 7271K, committed 7552K, reserved 425984K
}
Event: 50.023 GC heap after
{Heap after GC invocations=33 (full 0):
 garbage-first heap   total 73728K, used 45142K [0x0000000080000000, 0x0000000100000000)
  region size 1024K, 3 young (3072K), 3 survivors (3072K)
 Metaspace       used 51684K, committed 52288K, reserved 491520K
  class space    used 7271K, committed 7552K, reserved 425984K
}
Event: 52.062 GC heap before
{Heap before GC invocations=33 (full 0):
 garbage-first heap   total 73728K, used 58454K [0x0000000080000000, 0x0000000100000000)
  region size 1024K, 17 young (17408K), 3 survivors (3072K)
 Metaspace       used 52246K, committed 52736K, reserved 491520K
  class space    used 7358K, committed 7616K, reserved 425984K
}
Event: 52.069 GC heap after
{Heap after GC invocations=34 (full 0):
 garbage-first heap   total 104448K, used 47021K [0x0000000080000000, 0x0000000100000000)
  region size 1024K, 3 young (3072K), 3 survivors (3072K)
 Metaspace       used 52246K, committed 52736K, reserved 491520K
  class space    used 7358K, committed 7616K, reserved 425984K
}
Event: 54.596 GC heap before
{Heap before GC invocations=35 (full 0):
 garbage-first heap   total 104448K, used 84909K [0x0000000080000000, 0x0000000100000000)
  region size 1024K, 36 young (36864K), 3 survivors (3072K)
 Metaspace       used 55015K, committed 55616K, reserved 491520K
  class space    used 7830K, committed 8128K, reserved 425984K
}
Event: 54.603 GC heap after
{Heap after GC invocations=36 (full 0):
 garbage-first heap   total 104448K, used 52626K [0x0000000080000000, 0x0000000100000000)
  region size 1024K, 4 young (4096K), 4 survivors (4096K)
 Metaspace       used 55015K, committed 55616K, reserved 491520K
  class space    used 7830K, committed 8128K, reserved 425984K
}
Event: 54.638 GC heap before
{Heap before GC invocations=36 (full 0):
 garbage-first heap   total 104448K, used 53650K [0x0000000080000000, 0x0000000100000000)
  region size 1024K, 5 young (5120K), 4 survivors (4096K)
 Metaspace       used 55069K, committed 55744K, reserved 491520K
  class space    used 7838K, committed 8192K, reserved 425984K
}
Event: 54.650 GC heap after
{Heap after GC invocations=37 (full 0):
 garbage-first heap   total 104448K, used 52497K [0x0000000080000000, 0x0000000100000000)
  region size 1024K, 1 young (1024K), 1 survivors (1024K)
 Metaspace       used 55069K, committed 55744K, reserved 491520K
  class space    used 7838K, committed 8192K, reserved 425984K
}
Event: 57.972 GC heap before
{Heap before GC invocations=37 (full 0):
 garbage-first heap   total 104448K, used 90385K [0x0000000080000000, 0x0000000100000000)
  region size 1024K, 31 young (31744K), 1 survivors (1024K)
 Metaspace       used 58173K, committed 58816K, reserved 491520K
  class space    used 8247K, committed 8576K, reserved 425984K
}
Event: 58.184 GC heap after
{Heap after GC invocations=38 (full 0):
 garbage-first heap   total 104448K, used 63220K [0x0000000080000000, 0x0000000100000000)
  region size 1024K, 4 young (4096K), 4 survivors (4096K)
 Metaspace       used 58173K, committed 58816K, reserved 491520K
  class space    used 8247K, committed 8576K, reserved 425984K
}
Event: 59.248 GC heap before
{Heap before GC invocations=39 (full 0):
 garbage-first heap   total 126976K, used 82676K [0x0000000080000000, 0x0000000100000000)
  region size 1024K, 23 young (23552K), 4 survivors (4096K)
 Metaspace       used 59528K, committed 60224K, reserved 491520K
  class space    used 8440K, committed 8768K, reserved 425984K
}
Event: 59.254 GC heap after
{Heap after GC invocations=40 (full 0):
 garbage-first heap   total 126976K, used 64573K [0x0000000080000000, 0x0000000100000000)
  region size 1024K, 2 young (2048K), 2 survivors (2048K)
 Metaspace       used 59528K, committed 60224K, reserved 491520K
  class space    used 8440K, committed 8768K, reserved 425984K
}
Event: 59.368 GC heap before
{Heap before GC invocations=40 (full 0):
 garbage-first heap   total 126976K, used 68669K [0x0000000080000000, 0x0000000100000000)
  region size 1024K, 6 young (6144K), 2 survivors (2048K)
 Metaspace       used 59754K, committed 60480K, reserved 491520K
  class space    used 8473K, committed 8832K, reserved 425984K
}
Event: 59.385 GC heap after
{Heap after GC invocations=41 (full 0):
 garbage-first heap   total 126976K, used 64572K [0x0000000080000000, 0x0000000100000000)
  region size 1024K, 1 young (1024K), 1 survivors (1024K)
 Metaspace       used 59754K, committed 60480K, reserved 491520K
  class space    used 8473K, committed 8832K, reserved 425984K
}
Event: 62.289 GC heap before
{Heap before GC invocations=41 (full 0):
 garbage-first heap   total 126976K, used 103484K [0x0000000080000000, 0x0000000100000000)
  region size 1024K, 39 young (39936K), 1 survivors (1024K)
 Metaspace       used 61915K, committed 62528K, reserved 491520K
  class space    used 8757K, committed 9088K, reserved 425984K
}
Event: 62.346 GC heap after
{Heap after GC invocations=42 (full 0):
 garbage-first heap   total 126976K, used 66193K [0x0000000080000000, 0x0000000100000000)
  region size 1024K, 2 young (2048K), 2 survivors (2048K)
 Metaspace       used 61915K, committed 62528K, reserved 491520K
  class space    used 8757K, committed 9088K, reserved 425984K
}
Event: 69.252 GC heap before
{Heap before GC invocations=42 (full 0):
 garbage-first heap   total 126976K, used 103057K [0x0000000080000000, 0x0000000100000000)
  region size 1024K, 39 young (39936K), 2 survivors (2048K)
 Metaspace       used 63174K, committed 63872K, reserved 491520K
  class space    used 8925K, committed 9280K, reserved 425984K
}
Event: 69.314 GC heap after
{Heap after GC invocations=43 (full 0):
 garbage-first heap   total 253952K, used 70152K [0x0000000080000000, 0x0000000100000000)
  region size 1024K, 5 young (5120K), 5 survivors (5120K)
 Metaspace       used 63174K, committed 63872K, reserved 491520K
  class space    used 8925K, committed 9280K, reserved 425984K
}

Deoptimization events (20 events):
Event: 82.050 Thread 0x000001cf451caa30 DEOPT PACKING pc=0x000001cf148a2778 sp=0x00000008a92fe420
Event: 82.051 Thread 0x000001cf451caa30 DEOPT UNPACKING pc=0x000001cf13f223a3 sp=0x00000008a92fe3a8 mode 2
Event: 82.086 Thread 0x000001cf451c6350 Uncommon trap: trap_request=0xffffff45 fr.pc=0x000001cf1467633c relative=0x00000000000005fc
Event: 82.086 Thread 0x000001cf451c6350 Uncommon trap: reason=unstable_if action=reinterpret pc=0x000001cf1467633c method=java.util.HashMap$HashIterator.<init>(Ljava/util/HashMap;)V @ 45 c2
Event: 82.086 Thread 0x000001cf451c6350 DEOPT PACKING pc=0x000001cf1467633c sp=0x00000008a94fefa0
Event: 82.087 Thread 0x000001cf451c6350 DEOPT UNPACKING pc=0x000001cf13f223a3 sp=0x00000008a94fee30 mode 2
Event: 82.087 Thread 0x000001cf451cb960 Uncommon trap: trap_request=0xffffff45 fr.pc=0x000001cf145b945c relative=0x000000000000033c
Event: 82.087 Thread 0x000001cf451cb960 Uncommon trap: reason=unstable_if action=reinterpret pc=0x000001cf145b945c method=java.util.HashMap$HashIterator.<init>(Ljava/util/HashMap;)V @ 45 c2
Event: 82.087 Thread 0x000001cf451cb960 DEOPT PACKING pc=0x000001cf145b945c sp=0x00000008a95fefd0
Event: 82.088 Thread 0x000001cf451cb960 DEOPT UNPACKING pc=0x000001cf13f223a3 sp=0x00000008a95fef88 mode 2
Event: 82.421 Thread 0x000001cf451c6350 Uncommon trap: trap_request=0xffffffcc fr.pc=0x000001cf148a6124 relative=0x0000000000000284
Event: 82.421 Thread 0x000001cf451c6350 Uncommon trap: reason=intrinsic_or_type_checked_inlining action=make_not_entrant pc=0x000001cf148a6124 method=java.util.Arrays.copyOfRange([Ljava/lang/Object;IILjava/lang/Class;)[Ljava/lang/Object; @ 84 c2
Event: 82.421 Thread 0x000001cf451c6350 DEOPT PACKING pc=0x000001cf148a6124 sp=0x00000008a94fd910
Event: 82.421 Thread 0x000001cf451c6350 DEOPT UNPACKING pc=0x000001cf13f223a3 sp=0x00000008a94fd890 mode 2
Event: 82.452 Thread 0x000001cf451c6350 Uncommon trap: trap_request=0xffffffc6 fr.pc=0x000001cf146c2474 relative=0x0000000000000254
Event: 82.452 Thread 0x000001cf451c6350 Uncommon trap: reason=bimorphic_or_optimized_type_check action=maybe_recompile pc=0x000001cf146c2474 method=java.util.stream.StreamOpFlag.fromCharacteristics(Ljava/util/Spliterator;)I @ 14 c2
Event: 82.452 Thread 0x000001cf451c6350 DEOPT PACKING pc=0x000001cf146c2474 sp=0x00000008a94fe480
Event: 82.452 Thread 0x000001cf451c6350 DEOPT UNPACKING pc=0x000001cf13f223a3 sp=0x00000008a94fe368 mode 2
Event: 82.482 Thread 0x000001cf451c6350 DEOPT PACKING pc=0x000001cf0d69551c sp=0x00000008a94fe750
Event: 82.482 Thread 0x000001cf451c6350 DEOPT UNPACKING pc=0x000001cf13f22b43 sp=0x00000008a94fdc10 mode 0

Classes unloaded (0 events):
No events

Classes redefined (0 events):
No events

Internal exceptions (20 events):
Event: 61.055 Thread 0x000001cf22c566d0 Exception <a 'java/lang/ClassNotFoundException'{0x00000000860e2af8}: org/jetbrains/kotlin/gradle/targets/js/npm/NpmDependencyExtensionKt$defaultNpmDependencyDelegate$1Customizer> (0x00000000860e2af8) 
thrown [s\open\src\hotspot\share\classfile\systemDictionary.cpp, line 256]
Event: 61.071 Thread 0x000001cf22c566d0 Exception <a 'java/lang/ClassNotFoundException'{0x0000000085f35a20}: org/jetbrains/kotlin/gradle/targets/js/npm/DefaultDevNpmDependencyExtensionBeanInfo> (0x0000000085f35a20) 
thrown [s\open\src\hotspot\share\classfile\systemDictionary.cpp, line 256]
Event: 61.073 Thread 0x000001cf22c566d0 Exception <a 'java/lang/ClassNotFoundException'{0x0000000085f4a0a0}: org/jetbrains/kotlin/gradle/targets/js/npm/DefaultDevNpmDependencyExtensionCustomizer> (0x0000000085f4a0a0) 
thrown [s\open\src\hotspot\share\classfile\systemDictionary.cpp, line 256]
Event: 61.079 Thread 0x000001cf22c566d0 Exception <a 'java/lang/ClassNotFoundException'{0x0000000085fa4c10}: org/jetbrains/kotlin/gradle/targets/js/npm/DefaultPeerNpmDependencyExtensionBeanInfo> (0x0000000085fa4c10) 
thrown [s\open\src\hotspot\share\classfile\systemDictionary.cpp, line 256]
Event: 61.081 Thread 0x000001cf22c566d0 Exception <a 'java/lang/ClassNotFoundException'{0x0000000085fb92b8}: org/jetbrains/kotlin/gradle/targets/js/npm/DefaultPeerNpmDependencyExtensionCustomizer> (0x0000000085fb92b8) 
thrown [s\open\src\hotspot\share\classfile\systemDictionary.cpp, line 256]
Event: 61.087 Thread 0x000001cf22c566d0 Exception <a 'java/lang/ClassNotFoundException'{0x0000000085e219a8}: org/jetbrains/kotlin/gradle/targets/js/npm/DefaultPeerNpmDependencyExtension$delegate$1BeanInfo> (0x0000000085e219a8) 
thrown [s\open\src\hotspot\share\classfile\systemDictionary.cpp, line 256]
Event: 61.088 Thread 0x000001cf22c566d0 Exception <a 'java/lang/ClassNotFoundException'{0x0000000085e36498}: org/jetbrains/kotlin/gradle/targets/js/npm/DefaultPeerNpmDependencyExtension$delegate$1Customizer> (0x0000000085e36498) 
thrown [s\open\src\hotspot\share\classfile\systemDictionary.cpp, line 256]
Event: 61.338 Thread 0x000001cf22c566d0 Exception <a 'java/lang/NoSuchMethodError'{0x0000000085da6f70}: static Lorg/jetbrains/kotlin/gradle/plugin/internal/DefaultIdeaSyncDetector$createIdeaPropertiesEvaluator$1;.<clinit>()V> (0x0000000085da6f70) 
thrown [s\open\src\hotspot\share\prims\jni.cpp, line 1112]
Event: 71.549 Thread 0x000001cf22c566d0 Exception <a 'java/lang/NoSuchMethodError'{0x000000008eeb9f70}: 'int java.lang.invoke.DirectMethodHandle$Holder.invokeSpecialIFC(java.lang.Object, java.lang.Object, java.lang.Object, java.lang.Object, java.lang.Object)'> (0x000000008eeb9f70) 
thrown [s\open\src\hotspot\share\interpreter\linkResolver.cpp, line 759]
Event: 77.673 Thread 0x000001cf22c566d0 Exception <a 'java/lang/NoSuchMethodError'{0x000000008d603ba0}: 'java.lang.Object java.lang.invoke.DirectMethodHandle$Holder.newInvokeSpecial(java.lang.Object, java.lang.Object, java.lang.Object, java.lang.Object, java.lang.Object, java.lang.Object, int)'> (0x000000008d603ba0) 
thrown [s\open\src\hotspot\share\interpreter\linkResolver.cpp, line 759]
Event: 77.675 Thread 0x000001cf22c566d0 Exception <a 'java/lang/NoSuchMethodError'{0x000000008d6098e0}: 'java.lang.Object java.lang.invoke.DirectMethodHandle$Holder.invokeSpecial(java.lang.Object, java.lang.Object, java.lang.Object, java.lang.Object, java.lang.Object, java.lang.Object, java.lang.Object, int)'> (0x000000008d6098e0) 
thrown [s\open\src\hotspot\share\interpreter\linkResolver.cpp, line 759]
Event: 77.676 Thread 0x000001cf22c566d0 Exception <a 'java/lang/NoSuchMethodError'{0x000000008d60f208}: 'java.lang.Object java.lang.invoke.Invokers$Holder.linkToTargetMethod(java.lang.Object, java.lang.Object, java.lang.Object, java.lang.Object, java.lang.Object, int, java.lang.Object)'> (0x000000008d60f208) 
thrown [s\open\src\hotspot\share\interpreter\linkResolver.cpp, line 759]
Event: 77.873 Thread 0x000001cf451cc890 Implicit null exception at 0x000001cf14739add to 0x000001cf14739c30
Event: 77.874 Thread 0x000001cf451cc890 Implicit null exception at 0x000001cf1483ae1e to 0x000001cf1483b5ac
Event: 78.003 Thread 0x000001cf451c81b0 Exception <a 'java/lang/NoSuchMethodError'{0x000000008d4e86b8}: 'void java.lang.invoke.DirectMethodHandle$Holder.invokeStatic(java.lang.Object, long)'> (0x000000008d4e86b8) 
thrown [s\open\src\hotspot\share\interpreter\linkResolver.cpp, line 759]
Event: 78.007 Thread 0x000001cf451c81b0 Exception <a 'java/lang/NoSuchMethodError'{0x000000008d4f35a0}: 'java.lang.Object java.lang.invoke.DirectMethodHandle$Holder.invokeStatic(java.lang.Object, java.lang.Object, long, java.lang.Object)'> (0x000000008d4f35a0) 
thrown [s\open\src\hotspot\share\interpreter\linkResolver.cpp, line 759]
Event: 78.008 Thread 0x000001cf451c81b0 Exception <a 'java/lang/NoSuchMethodError'{0x000000008d4f6d78}: 'java.lang.Object java.lang.invoke.DirectMethodHandle$Holder.invokeStaticInit(java.lang.Object, java.lang.Object, long, java.lang.Object)'> (0x000000008d4f6d78) 
thrown [s\open\src\hotspot\share\interpreter\linkResolver.cpp, line 759]
Event: 78.746 Thread 0x000001cf451c81b0 Exception <a 'java/lang/NoSuchMethodError'{0x000000008d30a2e8}: 'void java.lang.invoke.DirectMethodHandle$Holder.invokeSpecial(java.lang.Object, java.lang.Object, int)'> (0x000000008d30a2e8) 
thrown [s\open\src\hotspot\share\interpreter\linkResolver.cpp, line 759]
Event: 81.831 Thread 0x000001cf22c566d0 Exception <a 'java/lang/IncompatibleClassChangeError'{0x000000008cb93218}: Found class java.lang.Object, but interface was expected> (0x000000008cb93218) 
thrown [s\open\src\hotspot\share\interpreter\linkResolver.cpp, line 826]
Event: 82.050 Thread 0x000001cf451caa30 Implicit null exception at 0x000001cf148a26db to 0x000001cf148a276c

VM Operations (20 events):
Event: 76.530 Executing VM operation: Cleanup
Event: 76.531 Executing VM operation: Cleanup done
Event: 77.534 Executing VM operation: Cleanup
Event: 77.534 Executing VM operation: Cleanup done
Event: 78.044 Executing VM operation: HandshakeAllThreads
Event: 78.044 Executing VM operation: HandshakeAllThreads done
Event: 79.044 Executing VM operation: Cleanup
Event: 79.044 Executing VM operation: Cleanup done
Event: 80.980 Executing VM operation: HandshakeAllThreads
Event: 80.980 Executing VM operation: HandshakeAllThreads done
Event: 80.980 Executing VM operation: Cleanup
Event: 80.982 Executing VM operation: Cleanup done
Event: 81.991 Executing VM operation: Cleanup
Event: 81.992 Executing VM operation: Cleanup done
Event: 82.481 Executing VM operation: HandshakeAllThreads
Event: 82.481 Executing VM operation: HandshakeAllThreads done
Event: 82.531 Executing VM operation: HandshakeAllThreads
Event: 82.531 Executing VM operation: HandshakeAllThreads done
Event: 82.534 Executing VM operation: HandshakeAllThreads
Event: 82.535 Executing VM operation: HandshakeAllThreads done

Events (20 events):
Event: 78.044 loading class jdk/internal/event/ProcessStartEvent
Event: 78.050 loading class jdk/internal/event/ProcessStartEvent done
Event: 78.052 Thread 0x000001cf451ca010 Thread added: 0x000001cf451ca010
Event: 78.052 Thread 0x000001cf451cd7c0 Thread added: 0x000001cf451cd7c0
Event: 80.663 loading class java/util/Collections$ReverseComparator
Event: 80.664 loading class java/util/Collections$ReverseComparator done
Event: 80.668 loading class java/util/Collections$ReverseComparator2
Event: 80.670 loading class java/util/Collections$ReverseComparator2 done
Event: 80.917 loading class sun/reflect/annotation/AnnotationInvocationHandler$1
Event: 80.920 loading class sun/reflect/annotation/AnnotationInvocationHandler$1 done
Event: 80.994 Thread 0x000001cf22a673f0 flushing nmethod 0x000001cf0cca3790
Event: 82.042 Thread 0x000001cf451caa30 Thread added: 0x000001cf451caa30
Event: 82.079 Thread 0x000001cf451caf40 Thread added: 0x000001cf451caf40
Event: 82.079 Thread 0x000001cf451c6350 Thread added: 0x000001cf451c6350
Event: 82.080 Thread 0x000001cf451cb960 Thread added: 0x000001cf451cb960
Event: 82.334 Thread 0x000001cf451c7790 Thread added: 0x000001cf451c7790
Event: 82.448 loading class java/util/TreeMap$KeySpliterator
Event: 82.451 loading class java/util/TreeMap$TreeMapSpliterator
Event: 82.452 loading class java/util/TreeMap$TreeMapSpliterator done
Event: 82.452 loading class java/util/TreeMap$KeySpliterator done


Dynamic libraries:
0x00007ff7f56c0000 - 0x00007ff7f56d0000 	C:\Program Files\Java\jdk-17\bin\java.exe
0x00007ffec9df0000 - 0x00007ffec9fe8000 	C:\WINDOWS\SYSTEM32\ntdll.dll
0x00007ffec88f0000 - 0x00007ffec89ad000 	C:\WINDOWS\System32\KERNEL32.DLL
0x00007ffec74d0000 - 0x00007ffec77c6000 	C:\WINDOWS\System32\KERNELBASE.dll
0x00007ffec7d20000 - 0x00007ffec7e20000 	C:\WINDOWS\System32\ucrtbase.dll
0x00007ffeac710000 - 0x00007ffeac729000 	C:\Program Files\Java\jdk-17\bin\jli.dll
0x00007ffea6a60000 - 0x00007ffea6a7b000 	C:\Program Files\Java\jdk-17\bin\VCRUNTIME140.dll
0x00007ffec9240000 - 0x00007ffec92f0000 	C:\WINDOWS\System32\ADVAPI32.dll
0x00007ffec9120000 - 0x00007ffec91be000 	C:\WINDOWS\System32\msvcrt.dll
0x00007ffec9cd0000 - 0x00007ffec9d70000 	C:\WINDOWS\System32\sechost.dll
0x00007ffec9b40000 - 0x00007ffec9c63000 	C:\WINDOWS\System32\RPCRT4.dll
0x00007ffec78d0000 - 0x00007ffec78f7000 	C:\WINDOWS\System32\bcrypt.dll
0x00007ffec84c0000 - 0x00007ffec865f000 	C:\WINDOWS\System32\USER32.dll
0x00007ffeb34e0000 - 0x00007ffeb377a000 	C:\WINDOWS\WinSxS\amd64_microsoft.windows.common-controls_6595b64144ccf1df_6.0.19041.4355_none_60b8b9eb71f62e16\COMCTL32.dll
0x00007ffec92f0000 - 0x00007ffec931b000 	C:\WINDOWS\System32\GDI32.dll
0x00007ffec7950000 - 0x00007ffec7a67000 	C:\WINDOWS\System32\gdi32full.dll
0x00007ffec7c80000 - 0x00007ffec7d1d000 	C:\WINDOWS\System32\msvcp_win.dll
0x00007ffec74a0000 - 0x00007ffec74c2000 	C:\WINDOWS\System32\win32u.dll
0x00007ffeb8990000 - 0x00007ffeb899a000 	C:\WINDOWS\SYSTEM32\VERSION.dll
0x00007ffec9d70000 - 0x00007ffec9da2000 	C:\WINDOWS\System32\IMM32.DLL
0x00007ffeb2e50000 - 0x00007ffeb2e5c000 	C:\Program Files\Java\jdk-17\bin\vcruntime140_1.dll
0x00007ffe98900000 - 0x00007ffe9898e000 	C:\Program Files\Java\jdk-17\bin\msvcp140.dll
0x00007ffe922b0000 - 0x00007ffe92e90000 	C:\Program Files\Java\jdk-17\bin\server\jvm.dll
0x00007ffec7ef0000 - 0x00007ffec7ef8000 	C:\WINDOWS\System32\PSAPI.DLL
0x00007ffeb4e10000 - 0x00007ffeb4e37000 	C:\WINDOWS\SYSTEM32\WINMM.dll
0x00007ffec16b0000 - 0x00007ffec16b9000 	C:\WINDOWS\SYSTEM32\WSOCK32.dll
0x00007ffec91c0000 - 0x00007ffec922b000 	C:\WINDOWS\System32\WS2_32.dll
0x00007ffec5470000 - 0x00007ffec5482000 	C:\WINDOWS\SYSTEM32\kernel.appcore.dll
0x00007ffeafa50000 - 0x00007ffeafa5a000 	C:\Program Files\Java\jdk-17\bin\jimage.dll
0x00007ffeafbf0000 - 0x00007ffeafdd4000 	C:\WINDOWS\SYSTEM32\DBGHELP.DLL
0x00007ffeaf480000 - 0x00007ffeaf4b4000 	C:\WINDOWS\SYSTEM32\dbgcore.DLL
0x00007ffec7840000 - 0x00007ffec78c2000 	C:\WINDOWS\System32\bcryptPrimitives.dll
0x00007ffebe160000 - 0x00007ffebe16e000 	C:\Program Files\Java\jdk-17\bin\instrument.dll
0x00007ffe98e50000 - 0x00007ffe98e75000 	C:\Program Files\Java\jdk-17\bin\java.dll
0x00007ffe921d0000 - 0x00007ffe922a7000 	C:\Program Files\Java\jdk-17\bin\jsvml.dll
0x00007ffec89b0000 - 0x00007ffec911b000 	C:\WINDOWS\System32\SHELL32.dll
0x00007ffec5500000 - 0x00007ffec5c9d000 	C:\WINDOWS\SYSTEM32\windows.storage.dll
0x00007ffec9380000 - 0x00007ffec96d3000 	C:\WINDOWS\System32\combase.dll
0x00007ffec6df0000 - 0x00007ffec6e1e000 	C:\WINDOWS\SYSTEM32\Wldp.dll
0x00007ffec7e20000 - 0x00007ffec7eed000 	C:\WINDOWS\System32\OLEAUT32.dll
0x00007ffec9800000 - 0x00007ffec98ad000 	C:\WINDOWS\System32\SHCORE.dll
0x00007ffec86c0000 - 0x00007ffec8715000 	C:\WINDOWS\System32\shlwapi.dll
0x00007ffec73d0000 - 0x00007ffec73f4000 	C:\WINDOWS\SYSTEM32\profapi.dll
0x00007ffe98a30000 - 0x00007ffe98a48000 	C:\Program Files\Java\jdk-17\bin\zip.dll
0x00007ffe98e30000 - 0x00007ffe98e49000 	C:\Program Files\Java\jdk-17\bin\net.dll
0x00007ffebbd30000 - 0x00007ffebbe3a000 	C:\WINDOWS\SYSTEM32\WINHTTP.dll
0x00007ffec6b50000 - 0x00007ffec6bba000 	C:\WINDOWS\system32\mswsock.dll
0x00007ffe98e10000 - 0x00007ffe98e26000 	C:\Program Files\Java\jdk-17\bin\nio.dll
0x00007ffeaf980000 - 0x00007ffeaf990000 	C:\Program Files\Java\jdk-17\bin\verify.dll
0x00007ffe98a00000 - 0x00007ffe98a27000 	C:\Users\ZIDANE\.gradle\native\c067742578af261105cb4f569cf0c3c89f3d7b1fecec35dd04571415982c5e48\windows-amd64\native-platform.dll
0x00007ffe92080000 - 0x00007ffe921c4000 	C:\Users\ZIDANE\.gradle\native\100fb08df4bc3b14c8652ba06237920a3bd2aa13389f12d3474272988ae205f9\windows-amd64\native-platform-file-events.dll
0x00007ffead650000 - 0x00007ffead65a000 	C:\Program Files\Java\jdk-17\bin\management.dll
0x00007ffeaca40000 - 0x00007ffeaca4b000 	C:\Program Files\Java\jdk-17\bin\management_ext.dll
0x00007ffec6d40000 - 0x00007ffec6d58000 	C:\WINDOWS\SYSTEM32\CRYPTSP.dll
0x00007ffec6470000 - 0x00007ffec64a4000 	C:\WINDOWS\system32\rsaenh.dll
0x00007ffec7380000 - 0x00007ffec73ae000 	C:\WINDOWS\SYSTEM32\USERENV.dll
0x00007ffec6d60000 - 0x00007ffec6d6c000 	C:\WINDOWS\SYSTEM32\CRYPTBASE.dll
0x00007ffec6830000 - 0x00007ffec686b000 	C:\WINDOWS\SYSTEM32\IPHLPAPI.DLL
0x00007ffec8420000 - 0x00007ffec8428000 	C:\WINDOWS\System32\NSI.dll
0x00007ffebc7c0000 - 0x00007ffebc7d7000 	C:\WINDOWS\SYSTEM32\dhcpcsvc6.DLL
0x00007ffebc930000 - 0x00007ffebc94d000 	C:\WINDOWS\SYSTEM32\dhcpcsvc.DLL
0x00007ffec6870000 - 0x00007ffec693b000 	C:\WINDOWS\SYSTEM32\DNSAPI.dll
0x00007ffeb9140000 - 0x00007ffeb914e000 	C:\Program Files\Java\jdk-17\bin\sunmscapi.dll
0x00007ffec7a70000 - 0x00007ffec7bce000 	C:\WINDOWS\System32\CRYPT32.dll
0x00007ffec6e60000 - 0x00007ffec6e89000 	C:\WINDOWS\SYSTEM32\ncrypt.dll
0x00007ffec6e20000 - 0x00007ffec6e5b000 	C:\WINDOWS\SYSTEM32\NTASN1.dll
0x00007ffeac6e0000 - 0x00007ffeac6e7000 	C:\WINDOWS\system32\wshunix.dll
0x00007ffe98be0000 - 0x00007ffe98bf7000 	C:\WINDOWS\system32\napinsp.dll
0x00007ffe98bc0000 - 0x00007ffe98bdb000 	C:\WINDOWS\system32\pnrpnsp.dll
0x00007ffec2cb0000 - 0x00007ffec2ccd000 	C:\WINDOWS\system32\NLAapi.dll
0x00007ffe988e0000 - 0x00007ffe988f2000 	C:\WINDOWS\System32\winrnr.dll
0x00007ffec27f0000 - 0x00007ffec2805000 	C:\WINDOWS\system32\wshbth.dll
0x0000000074e20000 - 0x0000000074e46000 	C:\Program Files\Bonjour\mdnsNSP.dll
0x00007ffeb7900000 - 0x00007ffeb790a000 	C:\Windows\System32\rasadhlp.dll
0x00007ffeb87c0000 - 0x00007ffeb8840000 	C:\WINDOWS\System32\fwpuclnt.dll
0x00007ffec4c70000 - 0x00007ffec4d00000 	C:\WINDOWS\system32\apphelp.dll

dbghelp: loaded successfully - version: 4.0.5 - missing functions: none
symbol engine: initialized successfully - sym options: 0x614 - pdb path: .;C:\Program Files\Java\jdk-17\bin;C:\WINDOWS\SYSTEM32;C:\WINDOWS\WinSxS\amd64_microsoft.windows.common-controls_6595b64144ccf1df_6.0.19041.4355_none_60b8b9eb71f62e16;C:\Program Files\Java\jdk-17\bin\server;C:\Users\ZIDANE\.gradle\native\c067742578af261105cb4f569cf0c3c89f3d7b1fecec35dd04571415982c5e48\windows-amd64;C:\Users\ZIDANE\.gradle\native\100fb08df4bc3b14c8652ba06237920a3bd2aa13389f12d3474272988ae205f9\windows-amd64;C:\Program Files\Bonjour

VM Arguments:
jvm_args: -XX:MaxMetaspaceSize=512m --add-opens=java.base/java.util=ALL-UNNAMED --add-opens=java.base/java.lang=ALL-UNNAMED --add-opens=java.base/java.lang.invoke=ALL-UNNAMED --add-opens=java.prefs/java.util.prefs=ALL-UNNAMED --add-opens=java.base/java.nio.charset=ALL-UNNAMED --add-opens=java.base/java.net=ALL-UNNAMED --add-opens=java.base/java.util.concurrent.atomic=ALL-UNNAMED -Xmx2048m -Dfile.encoding=windows-1252 -Duser.country=FR -Duser.language=fr -Duser.variant -javaagent:C:\Users\ZIDANE\.gradle\wrapper\dists\gradle-8.8-all\6gdy1pgp427xkqcjbxw3ylt6h\gradle-8.8\lib\agents\gradle-instrumentation-agent-8.8.jar 
java_command: org.gradle.launcher.daemon.bootstrap.GradleDaemon 8.8
java_class_path (initial): C:\Users\ZIDANE\.gradle\wrapper\dists\gradle-8.8-all\6gdy1pgp427xkqcjbxw3ylt6h\gradle-8.8\lib\gradle-launcher-8.8.jar
Launcher Type: SUN_STANDARD

[Global flags]
     intx CICompilerCount                          = 3                                         {product} {ergonomic}
   size_t CompressedClassSpaceSize                 = 436207616                                 {product} {ergonomic}
     uint ConcGCThreads                            = 1                                         {product} {ergonomic}
     uint G1ConcRefinementThreads                  = 4                                         {product} {ergonomic}
   size_t G1HeapRegionSize                         = 1048576                                   {product} {ergonomic}
    uintx GCDrainStackTargetSize                   = 64                                        {product} {ergonomic}
   size_t InitialHeapSize                          = 67108864                                  {product} {ergonomic}
   size_t MarkStackSize                            = 4194304                                   {product} {ergonomic}
   size_t MaxHeapSize                              = 2147483648                                {product} {command line}
   size_t MaxMetaspaceSize                         = 536870912                                 {product} {command line}
   size_t MaxNewSize                               = 1287651328                                {product} {ergonomic}
   size_t MinHeapDeltaBytes                        = 1048576                                   {product} {ergonomic}
   size_t MinHeapSize                              = 8388608                                   {product} {ergonomic}
    uintx NonNMethodCodeHeapSize                   = 5832780                                {pd product} {ergonomic}
    uintx NonProfiledCodeHeapSize                  = 122912730                              {pd product} {ergonomic}
    uintx ProfiledCodeHeapSize                     = 122912730                              {pd product} {ergonomic}
    uintx ReservedCodeCacheSize                    = 251658240                              {pd product} {ergonomic}
     bool SegmentedCodeCache                       = true                                      {product} {ergonomic}
   size_t SoftMaxHeapSize                          = 2147483648                             {manageable} {ergonomic}
     bool UseCompressedClassPointers               = true                           {product lp64_product} {ergonomic}
     bool UseCompressedOops                        = true                           {product lp64_product} {ergonomic}
     bool UseG1GC                                  = true                                      {product} {ergonomic}
     bool UseLargePagesIndividualAllocation        = false                                  {pd product} {ergonomic}

Logging:
Log output configuration:
 #0: stdout all=warning uptime,level,tags
 #1: stderr all=off uptime,level,tags

Environment Variables:
JAVA_HOME=C:\Program Files\Java\jdk-17
CLASSPATH=C:\Users\ZIDANE\houseApp\android\\gradle\wrapper\gradle-wrapper.jar
PATH=C:\Users\ZIDANE\houseApp\node_modules\.bin;C:\Users\ZIDANE\houseApp\node_modules\.bin;C:\Users\ZIDANE\node_modules\.bin;C:\Users\node_modules\.bin;C:\node_modules\.bin;C:\Program Files\nodejs\node_modules\npm\node_modules\@npmcli\run-script\lib\node-gyp-bin;C:\Users\ZIDANE\houseApp\node_modules\.bin;C:\Users\ZIDANE\node_modules\.bin;C:\Users\node_modules\.bin;C:\node_modules\.bin;C:\Program Files\nodejs\node_modules\npm\node_modules\@npmcli\run-script\lib\node-gyp-bin;C:\Program Files\Common Files\Oracle\Java\javapath;C:\Program Files (x86)\Common Files\Oracle\Java\java8path;C:\Program Files (x86)\Common Files\Oracle\Java\javapath;C:\Program Files\Java\jdk-17\bin;C:\WINDOWS\system32;C:\WINDOWS;C:\WINDOWS\System32\Wbem;C:\WINDOWS\System32\WindowsPowerShell\v1.0\;C:\WINDOWS\System32\OpenSSH\;C:\Program Files\nodejs\;C:\Program Files\Git\cmd;choco;C:\ProgramData\chocolatey\bin;STM32CubeProgrammer path\bin;C:\Program Files\php-8.3.6;C:\Program Files\Java\jdk-17\bin;C:\WINDOWS\system32;C:\WINDOWS;C:\WINDOWS\System32\Wbem;C:\WINDOWS\System32\WindowsPowerShell\v1.0\;C:\WINDOWS\System32\OpenSSH\;C:\Program Files\nodejs\;C:\Program Files\Git\cmd;choco;C:\ProgramData\chocolatey\bin;STM32CubeProgrammer path\bin;C:\Program Files\php-8.3.6;C:\Users\ZIDANE\AppData\Local\Android\Sdk\tools;C:\Users\ZIDANE\AppData\Local\Microsoft\WindowsApps;C:\Users\ZIDANE\AppData\Local\Programs\Microsoft VS Code\bin;C:\Users\ZIDANE\AppData\Roaming\npm;C:\Users\ZIDANE\AppData\Local\Android\Sdk\platform-tools;C:\flutter\flutter\bin;C:\Program Files\Java\jdk-17\bin;
USERNAME=ZIDANE
LANG=en_US.UTF-8
OS=Windows_NT
PROCESSOR_IDENTIFIER=Intel64 Family 6 Model 58 Stepping 9, GenuineIntel



---------------  S Y S T E M  ---------------

OS:
 Windows 10 , 64 bit Build 19041 (10.0.19041.3636)
OS uptime: 0 days 7:58 hours

CPU: total 4 (initial active 4) (2 cores per cpu, 2 threads per core) family 6 model 58 stepping 9 microcode 0x21, cx8, cmov, fxsr, ht, mmx, sse, sse2, sse3, ssse3, sse4.1, sse4.2, popcnt, tsc, tscinvbit, avx, aes, erms, clmul, vzeroupper, clflush

Memory: 4k page, system-wide physical 3999M (72M free)
TotalPageFile size 16287M (AvailPageFile size 1M)
current process WorkingSet (physical memory assigned to process): 204M, peak: 225M
current process commit charge ("private bytes"): 469M, peak: 481M

vm_info: Java HotSpot(TM) 64-Bit Server VM (17.0.12+8-LTS-286) for windows-amd64 JRE (17.0.12+8-LTS-286), built on Jun  5 2024 06:46:59 by "mach5one" with MS VC++ 17.6 (VS2022)

END.
