#
# There is insufficient memory for the Java Runtime Environment to continue.
# Native memory allocation (malloc) failed to allocate 404432 bytes for Chunk::new
# Possible reasons:
#   The system is out of physical RAM or swap space
#   The process is running with CompressedOops enabled, and the Java Heap may be blocking the growth of the native heap
# Possible solutions:
#   Reduce memory load on the system
#   Increase physical memory or swap space
#   Check if swap backing store is full
#   Decrease Java heap size (-Xmx/-Xms)
#   Decrease number of Java threads
#   Decrease Java thread stack sizes (-Xss)
#   Set larger code cache with -XX:ReservedCodeCacheSize=
#   JVM is running with Unscaled Compressed Oops mode in which the Java heap is
#     placed in the first 4GB address space. The Java Heap base address is the
#     maximum limit for the native heap growth. Please use -XX:HeapBaseMinAddress
#     to set the Java Heap base and to place the Java Heap above 4GB virtual address.
# This output file may be truncated or incomplete.
#
#  Out of Memory Error (arena.cpp:189), pid=11608, tid=12188
#
# JRE version: Java(TM) SE Runtime Environment (17.0.12+8) (build 17.0.12+8-LTS-286)
# Java VM: Java HotSpot(TM) 64-Bit Server VM (17.0.12+8-LTS-286, mixed mode, sharing, tiered, compressed oops, compressed class ptrs, g1 gc, windows-amd64)
# No core dump will be written. Minidumps are not enabled by default on client versions of Windows
#

---------------  S U M M A R Y ------------

Command Line: -XX:MaxMetaspaceSize=512m --add-opens=java.base/java.util=ALL-UNNAMED --add-opens=java.base/java.lang=ALL-UNNAMED --add-opens=java.base/java.lang.invoke=ALL-UNNAMED --add-opens=java.base/java.util=ALL-UNNAMED --add-opens=java.prefs/java.util.prefs=ALL-UNNAMED --add-opens=java.prefs/java.util.prefs=ALL-UNNAMED --add-opens=java.base/java.nio.charset=ALL-UNNAMED --add-opens=java.base/java.net=ALL-UNNAMED --add-opens=java.base/java.util.concurrent.atomic=ALL-UNNAMED -Xmx2048m -Dfile.encoding=windows-1252 -Duser.country=FR -Duser.language=fr -Duser.variant org.gradle.launcher.daemon.bootstrap.GradleDaemon 7.4.2

Host: Intel(R) Core(TM) i5-3320M CPU @ 2.60GHz, 4 cores, 3G,  Windows 10 , 64 bit Build 19041 (10.0.19041.3636)
Time: Tue Aug 20 23:56:59 2024 Afr. centrale Ouest elapsed time: 23.050447 seconds (0d 0h 0m 23s)

---------------  T H R E A D  ---------------

Current thread (0x000001a616976d30):  JavaThread "C2 CompilerThread0" daemon [_thread_in_native, id=12188, stack(0x0000004292500000,0x0000004292600000)]


Current CompileTask:
C2:  23050 5342       4       org.gradle.api.internal.runtimeshaded.RuntimeShadedJarCreator::lambda$processFiles$1 (10 bytes)

Stack: [0x0000004292500000,0x0000004292600000]
Native frames: (J=compiled Java code, j=interpreted, Vv=VM code, C=native code)
V  [jvm.dll+0x67a04a]
V  [jvm.dll+0x7da4ed]
V  [jvm.dll+0x7dbe33]
V  [jvm.dll+0x7dc4a3]
V  [jvm.dll+0x24508f]
V  [jvm.dll+0xab773]
V  [jvm.dll+0xabd3c]
V  [jvm.dll+0x11e324]
V  [jvm.dll+0x60e1a3]
V  [jvm.dll+0x60c84a]
V  [jvm.dll+0x2166be]
V  [jvm.dll+0x215c6f]
V  [jvm.dll+0x1a2960]
V  [jvm.dll+0x22610b]
V  [jvm.dll+0x2242ab]
V  [jvm.dll+0x79075c]
V  [jvm.dll+0x78abea]
V  [jvm.dll+0x678f35]
C  [ucrtbase.dll+0x21bb2]
C  [KERNEL32.DLL+0x17344]
C  [ntdll.dll+0x526b1]


---------------  P R O C E S S  ---------------

Threads class SMR info:
_java_thread_list=0x000001a639648eb0, length=35, elements={
0x000001a67878ca60, 0x000001a616954fe0, 0x000001a616955d70, 0x000001a61696b9e0,
0x000001a61696c4b0, 0x000001a61696fea0, 0x000001a616970770, 0x000001a616976d30,
0x000001a616980710, 0x000001a61698b800, 0x000001a616bf0740, 0x000001a616bf1b80,
0x000001a616bf0c50, 0x000001a616bf1160, 0x000001a616bf1670, 0x000001a616bee3d0,
0x000001a616beedf0, 0x000001a616bf0230, 0x000001a616befd20, 0x000001a616bef810,
0x000001a616bee8e0, 0x000001a616bef300, 0x000001a637e56d60, 0x000001a637e58bc0,
0x000001a637e55e30, 0x000001a637e55410, 0x000001a637e57c90, 0x000001a637e56340,
0x000001a637e56850, 0x000001a637e54f00, 0x000001a637e544e0, 0x000001a637e53fd0,
0x000001a637e59af0, 0x000001a637e5b950, 0x000001a637e549f0
}

Java Threads: ( => current thread )
  0x000001a67878ca60 JavaThread "main" [_thread_blocked, id=8980, stack(0x0000004291800000,0x0000004291900000)]
  0x000001a616954fe0 JavaThread "Reference Handler" daemon [_thread_blocked, id=12296, stack(0x0000004291f00000,0x0000004292000000)]
  0x000001a616955d70 JavaThread "Finalizer" daemon [_thread_blocked, id=9608, stack(0x0000004292000000,0x0000004292100000)]
  0x000001a61696b9e0 JavaThread "Signal Dispatcher" daemon [_thread_blocked, id=10268, stack(0x0000004292100000,0x0000004292200000)]
  0x000001a61696c4b0 JavaThread "Attach Listener" daemon [_thread_blocked, id=3232, stack(0x0000004292200000,0x0000004292300000)]
  0x000001a61696fea0 JavaThread "Service Thread" daemon [_thread_blocked, id=9668, stack(0x0000004292300000,0x0000004292400000)]
  0x000001a616970770 JavaThread "Monitor Deflation Thread" daemon [_thread_blocked, id=10348, stack(0x0000004292400000,0x0000004292500000)]
=>0x000001a616976d30 JavaThread "C2 CompilerThread0" daemon [_thread_in_native, id=12188, stack(0x0000004292500000,0x0000004292600000)]
  0x000001a616980710 JavaThread "C1 CompilerThread0" daemon [_thread_blocked, id=13080, stack(0x0000004292600000,0x0000004292700000)]
  0x000001a61698b800 JavaThread "Sweeper thread" daemon [_thread_blocked, id=8068, stack(0x0000004292700000,0x0000004292800000)]
  0x000001a616bf0740 JavaThread "Common-Cleaner" daemon [_thread_blocked, id=5440, stack(0x0000004292800000,0x0000004292900000)]
  0x000001a616bf1b80 JavaThread "Notification Thread" daemon [_thread_blocked, id=3996, stack(0x0000004292900000,0x0000004292a00000)]
  0x000001a616bf0c50 JavaThread "Daemon health stats" [_thread_blocked, id=12312, stack(0x0000004292f00000,0x0000004293000000)]
  0x000001a616bf1160 JavaThread "Incoming local TCP Connector on port 51426" [_thread_in_native, id=12928, stack(0x0000004293000000,0x0000004293100000)]
  0x000001a616bf1670 JavaThread "Daemon periodic checks" [_thread_blocked, id=12924, stack(0x0000004293100000,0x0000004293200000)]
  0x000001a616bee3d0 JavaThread "Daemon" [_thread_blocked, id=13012, stack(0x0000004293200000,0x0000004293300000)]
  0x000001a616beedf0 JavaThread "Handler for socket connection from /127.0.0.1:51426 to /127.0.0.1:51427" [_thread_in_native, id=12968, stack(0x0000004293300000,0x0000004293400000)]
  0x000001a616bf0230 JavaThread "Cancel handler" [_thread_blocked, id=8216, stack(0x0000004293400000,0x0000004293500000)]
  0x000001a616befd20 JavaThread "Daemon worker" [_thread_in_Java, id=13100, stack(0x0000004293500000,0x0000004293600000)]
  0x000001a616bef810 JavaThread "Asynchronous log dispatcher for DefaultDaemonConnection: socket connection from /127.0.0.1:51426 to /127.0.0.1:51427" [_thread_blocked, id=13024, stack(0x0000004292b00000,0x0000004292c00000)]
  0x000001a616bee8e0 JavaThread "Stdin handler" [_thread_blocked, id=12908, stack(0x0000004293600000,0x0000004293700000)]
  0x000001a616bef300 JavaThread "Daemon client event forwarder" [_thread_blocked, id=13092, stack(0x0000004293700000,0x0000004293800000)]
  0x000001a637e56d60 JavaThread "Cache worker for journal cache (C:\Users\ZIDANE\.gradle\caches\journal-1)" [_thread_blocked, id=12128, stack(0x0000004293900000,0x0000004293a00000)]
  0x000001a637e58bc0 JavaThread "File lock request listener" [_thread_in_native, id=9040, stack(0x0000004293a00000,0x0000004293b00000)]
  0x000001a637e55e30 JavaThread "Cache worker for file hash cache (C:\Users\ZIDANE\.gradle\caches\7.4.2\fileHashes)" [_thread_blocked, id=4876, stack(0x0000004293b00000,0x0000004293c00000)]
  0x000001a637e55410 JavaThread "File watcher server" daemon [_thread_in_native, id=1704, stack(0x0000004293d00000,0x0000004293e00000)]
  0x000001a637e57c90 JavaThread "File watcher consumer" daemon [_thread_blocked, id=12200, stack(0x0000004293e00000,0x0000004293f00000)]
  0x000001a637e56340 JavaThread "Cache worker for checksums cache (C:\Users\ZIDANE\houseApp\android\.gradle\7.4.2\checksums)" [_thread_blocked, id=13108, stack(0x0000004293f00000,0x0000004294000000)]
  0x000001a637e56850 JavaThread "Cache worker for cache directory md-rule (C:\Users\ZIDANE\.gradle\caches\7.4.2\md-rule)" [_thread_blocked, id=9728, stack(0x0000004294000000,0x0000004294100000)]
  0x000001a637e54f00 JavaThread "Cache worker for file hash cache (C:\Users\ZIDANE\houseApp\android\.gradle\7.4.2\fileHashes)" [_thread_blocked, id=5344, stack(0x0000004294100000,0x0000004294200000)]
  0x000001a637e544e0 JavaThread "Cache worker for cache directory md-supplier (C:\Users\ZIDANE\.gradle\caches\7.4.2\md-supplier)" [_thread_blocked, id=4644, stack(0x0000004294200000,0x0000004294300000)]
  0x000001a637e53fd0 JavaThread "Cache worker for execution history cache (C:\Users\ZIDANE\.gradle\caches\7.4.2\executionHistory)" [_thread_blocked, id=10256, stack(0x0000004294300000,0x0000004294400000)]
  0x000001a637e59af0 JavaThread "jar transforms" [_thread_blocked, id=7404, stack(0x0000004294400000,0x0000004294500000)]
  0x000001a637e5b950 JavaThread "Cache worker for file content cache (C:\Users\ZIDANE\.gradle\caches\7.4.2\fileContent)" [_thread_blocked, id=13180, stack(0x0000004294500000,0x0000004294600000)]
  0x000001a637e549f0 JavaThread "Cache worker for kotlin-dsl (C:\Users\ZIDANE\.gradle\caches\7.4.2\kotlin-dsl)" [_thread_blocked, id=6208, stack(0x0000004294600000,0x0000004294700000)]

Other Threads:
  0x000001a61694f0b0 VMThread "VM Thread" [stack: 0x0000004291e00000,0x0000004291f00000] [id=7180]
  0x000001a678805af0 WatcherThread [stack: 0x0000004292a00000,0x0000004292b00000] [id=3172]
  0x000001a6787e6440 GCTaskThread "GC Thread#0" [stack: 0x0000004291900000,0x0000004291a00000] [id=6152]
  0x000001a616dd89b0 GCTaskThread "GC Thread#1" [stack: 0x0000004292c00000,0x0000004292d00000] [id=12300]
  0x000001a6363eb610 GCTaskThread "GC Thread#2" [stack: 0x0000004292d00000,0x0000004292e00000] [id=12304]
  0x000001a636fffd00 GCTaskThread "GC Thread#3" [stack: 0x0000004292e00000,0x0000004292f00000] [id=12308]
  0x000001a6787f82b0 ConcurrentGCThread "G1 Main Marker" [stack: 0x0000004291a00000,0x0000004291b00000] [id=10112]
  0x000001a6787f9370 ConcurrentGCThread "G1 Conc#0" [stack: 0x0000004291b00000,0x0000004291c00000] [id=12460]
  0x000001a67884a640 ConcurrentGCThread "G1 Refine#0" [stack: 0x0000004291c00000,0x0000004291d00000] [id=2808]
  0x000001a637f89570 ConcurrentGCThread "G1 Refine#1" [stack: 0x0000004293800000,0x0000004293900000] [id=10716]
  0x000001a67884af80 ConcurrentGCThread "G1 Service" [stack: 0x0000004291d00000,0x0000004291e00000] [id=3128]

Threads with active compile tasks:
C2 CompilerThread0    23128 5342       4       org.gradle.api.internal.runtimeshaded.RuntimeShadedJarCreator::lambda$processFiles$1 (10 bytes)

VM state: not at safepoint (normal execution)

VM Mutex/Monitor currently owned by a thread: None

Heap address: 0x0000000080000000, size: 2048 MB, Compressed Oops mode: 32-bit

CDS archive(s) mapped at: [0x000001a617000000-0x000001a617bd0000-0x000001a617bd0000), size 12386304, SharedBaseAddress: 0x000001a617000000, ArchiveRelocationMode: 1.
Compressed class space mapped at: 0x000001a618000000-0x000001a632000000, reserved size: 436207616
Narrow klass base: 0x000001a617000000, Narrow klass shift: 0, Narrow klass range: 0x100000000

GC Precious Log:
 CPUs: 4 total, 4 available
 Memory: 3999M
 Large Page Support: Disabled
 NUMA Support: Disabled
 Compressed Oops: Enabled (32-bit)
 Heap Region Size: 1M
 Heap Min Capacity: 8M
 Heap Initial Capacity: 64M
 Heap Max Capacity: 2G
 Pre-touch: Disabled
 Parallel Workers: 4
 Concurrent Workers: 1
 Concurrent Refinement Workers: 4
 Periodic GC: Disabled

Heap:
 garbage-first heap   total 138240K, used 73214K [0x0000000080000000, 0x0000000100000000)
  region size 1024K, 41 young (41984K), 5 survivors (5120K)
 Metaspace       used 37352K, committed 37760K, reserved 491520K
  class space    used 5105K, committed 5312K, reserved 425984K

Heap Regions: E=young(eden), S=young(survivor), O=old, HS=humongous(starts), HC=humongous(continues), CS=collection set, F=free, OA=open archive, CA=closed archive, TAMS=top-at-mark-start (previous, next)
|   0|0x0000000080000000, 0x0000000080100000, 0x0000000080100000|100%|HS|  |TAMS 0x0000000080100000, 0x0000000080000000| Complete 
|   1|0x0000000080100000, 0x0000000080200000, 0x0000000080200000|100%|HC|  |TAMS 0x0000000080200000, 0x0000000080100000| Complete 
|   2|0x0000000080200000, 0x0000000080300000, 0x0000000080300000|100%|HC|  |TAMS 0x0000000080300000, 0x0000000080200000| Complete 
|   3|0x0000000080300000, 0x0000000080400000, 0x0000000080400000|100%| O|  |TAMS 0x0000000080400000, 0x0000000080300000| Untracked 
|   4|0x0000000080400000, 0x0000000080500000, 0x0000000080500000|100%| O|  |TAMS 0x0000000080500000, 0x0000000080400000| Untracked 
|   5|0x0000000080500000, 0x0000000080600000, 0x0000000080600000|100%| O|  |TAMS 0x0000000080600000, 0x0000000080500000| Untracked 
|   6|0x0000000080600000, 0x0000000080700000, 0x0000000080700000|100%| O|  |TAMS 0x0000000080700000, 0x0000000080600000| Untracked 
|   7|0x0000000080700000, 0x0000000080800000, 0x0000000080800000|100%| O|  |TAMS 0x0000000080800000, 0x0000000080700000| Untracked 
|   8|0x0000000080800000, 0x0000000080900000, 0x0000000080900000|100%| O|  |TAMS 0x0000000080900000, 0x0000000080800000| Untracked 
|   9|0x0000000080900000, 0x0000000080a00000, 0x0000000080a00000|100%| O|  |TAMS 0x0000000080a00000, 0x0000000080900000| Untracked 
|  10|0x0000000080a00000, 0x0000000080b00000, 0x0000000080b00000|100%| O|  |TAMS 0x0000000080b00000, 0x0000000080a00000| Untracked 
|  11|0x0000000080b00000, 0x0000000080c00000, 0x0000000080c00000|100%| O|  |TAMS 0x0000000080c00000, 0x0000000080b00000| Untracked 
|  12|0x0000000080c00000, 0x0000000080d00000, 0x0000000080d00000|100%| O|  |TAMS 0x0000000080d00000, 0x0000000080c00000| Untracked 
|  13|0x0000000080d00000, 0x0000000080e00000, 0x0000000080e00000|100%| O|  |TAMS 0x0000000080e00000, 0x0000000080d00000| Untracked 
|  14|0x0000000080e00000, 0x0000000080f00000, 0x0000000080f00000|100%| O|  |TAMS 0x0000000080f00000, 0x0000000080e00000| Untracked 
|  15|0x0000000080f00000, 0x0000000081000000, 0x0000000081000000|100%| O|  |TAMS 0x0000000081000000, 0x0000000080f00000| Untracked 
|  16|0x0000000081000000, 0x0000000081100000, 0x0000000081100000|100%| O|  |TAMS 0x0000000081100000, 0x0000000081000000| Untracked 
|  17|0x0000000081100000, 0x0000000081200000, 0x0000000081200000|100%| O|  |TAMS 0x0000000081200000, 0x0000000081100000| Untracked 
|  18|0x0000000081200000, 0x0000000081300000, 0x0000000081300000|100%| O|  |TAMS 0x0000000081300000, 0x0000000081200000| Untracked 
|  19|0x0000000081300000, 0x0000000081400000, 0x0000000081400000|100%| O|  |TAMS 0x0000000081400000, 0x0000000081300000| Untracked 
|  20|0x0000000081400000, 0x0000000081500000, 0x0000000081500000|100%| O|  |TAMS 0x0000000081500000, 0x0000000081400000| Untracked 
|  21|0x0000000081500000, 0x0000000081600000, 0x0000000081600000|100%| O|  |TAMS 0x0000000081600000, 0x0000000081500000| Untracked 
|  22|0x0000000081600000, 0x0000000081700000, 0x0000000081700000|100%| O|  |TAMS 0x0000000081700000, 0x0000000081600000| Untracked 
|  23|0x0000000081700000, 0x0000000081800000, 0x0000000081800000|100%| O|  |TAMS 0x0000000081800000, 0x0000000081700000| Untracked 
|  24|0x0000000081800000, 0x0000000081900000, 0x0000000081900000|100%| O|  |TAMS 0x0000000081900000, 0x0000000081800000| Untracked 
|  25|0x0000000081900000, 0x0000000081a00000, 0x0000000081a00000|100%| O|  |TAMS 0x0000000081a00000, 0x0000000081900000| Untracked 
|  26|0x0000000081a00000, 0x0000000081b00000, 0x0000000081b00000|100%| O|  |TAMS 0x0000000081b00000, 0x0000000081a00000| Untracked 
|  27|0x0000000081b00000, 0x0000000081c00000, 0x0000000081c00000|100%| O|  |TAMS 0x0000000081c00000, 0x0000000081b00000| Untracked 
|  28|0x0000000081c00000, 0x0000000081d00000, 0x0000000081d00000|100%| O|  |TAMS 0x0000000081c14200, 0x0000000081c00000| Untracked 
|  29|0x0000000081d00000, 0x0000000081e00000, 0x0000000081e00000|100%| O|  |TAMS 0x0000000081e00000, 0x0000000081d00000| Untracked 
|  30|0x0000000081e00000, 0x0000000081f00000, 0x0000000081f00000|100%| O|  |TAMS 0x0000000081f00000, 0x0000000081e00000| Untracked 
|  31|0x0000000081f00000, 0x0000000082000000, 0x0000000082000000|100%| O|  |TAMS 0x0000000081f00000, 0x0000000081f00000| Untracked 
|  32|0x0000000082000000, 0x0000000082051c00, 0x0000000082100000| 31%| O|  |TAMS 0x0000000082000000, 0x0000000082000000| Untracked 
|  33|0x0000000082100000, 0x0000000082100000, 0x0000000082200000|  0%| F|  |TAMS 0x0000000082100000, 0x0000000082100000| Untracked 
|  34|0x0000000082200000, 0x0000000082200000, 0x0000000082300000|  0%| F|  |TAMS 0x0000000082200000, 0x0000000082200000| Untracked 
|  35|0x0000000082300000, 0x0000000082300000, 0x0000000082400000|  0%| F|  |TAMS 0x0000000082300000, 0x0000000082300000| Untracked 
|  36|0x0000000082400000, 0x0000000082400000, 0x0000000082500000|  0%| F|  |TAMS 0x0000000082400000, 0x0000000082400000| Untracked 
|  37|0x0000000082500000, 0x0000000082500000, 0x0000000082600000|  0%| F|  |TAMS 0x0000000082500000, 0x0000000082500000| Untracked 
|  38|0x0000000082600000, 0x0000000082600000, 0x0000000082700000|  0%| F|  |TAMS 0x0000000082600000, 0x0000000082600000| Untracked 
|  39|0x0000000082700000, 0x0000000082700000, 0x0000000082800000|  0%| F|  |TAMS 0x0000000082700000, 0x0000000082700000| Untracked 
|  40|0x0000000082800000, 0x0000000082800000, 0x0000000082900000|  0%| F|  |TAMS 0x0000000082800000, 0x0000000082800000| Untracked 
|  41|0x0000000082900000, 0x0000000082900000, 0x0000000082a00000|  0%| F|  |TAMS 0x0000000082900000, 0x0000000082900000| Untracked 
|  42|0x0000000082a00000, 0x0000000082a00000, 0x0000000082b00000|  0%| F|  |TAMS 0x0000000082a00000, 0x0000000082a00000| Untracked 
|  43|0x0000000082b00000, 0x0000000082b00000, 0x0000000082c00000|  0%| F|  |TAMS 0x0000000082b00000, 0x0000000082b00000| Untracked 
|  44|0x0000000082c00000, 0x0000000082c00000, 0x0000000082d00000|  0%| F|  |TAMS 0x0000000082c00000, 0x0000000082c00000| Untracked 
|  45|0x0000000082d00000, 0x0000000082d00000, 0x0000000082e00000|  0%| F|  |TAMS 0x0000000082d00000, 0x0000000082d00000| Untracked 
|  46|0x0000000082e00000, 0x0000000082e00000, 0x0000000082f00000|  0%| F|  |TAMS 0x0000000082e00000, 0x0000000082e00000| Untracked 
|  47|0x0000000082f00000, 0x0000000082f00000, 0x0000000083000000|  0%| F|  |TAMS 0x0000000082f00000, 0x0000000082f00000| Untracked 
|  48|0x0000000083000000, 0x0000000083000000, 0x0000000083100000|  0%| F|  |TAMS 0x0000000083000000, 0x0000000083000000| Untracked 
|  49|0x0000000083100000, 0x000000008312dc98, 0x0000000083200000| 17%| S|CS|TAMS 0x0000000083100000, 0x0000000083100000| Complete 
|  50|0x0000000083200000, 0x0000000083200000, 0x0000000083300000|  0%| F|  |TAMS 0x0000000083200000, 0x0000000083200000| Untracked 
|  51|0x0000000083300000, 0x0000000083300000, 0x0000000083400000|  0%| F|  |TAMS 0x0000000083300000, 0x0000000083300000| Untracked 
|  52|0x0000000083400000, 0x0000000083400000, 0x0000000083500000|  0%| F|  |TAMS 0x0000000083400000, 0x0000000083400000| Untracked 
|  53|0x0000000083500000, 0x0000000083500000, 0x0000000083600000|  0%| F|  |TAMS 0x0000000083500000, 0x0000000083500000| Untracked 
|  54|0x0000000083600000, 0x0000000083700000, 0x0000000083700000|100%| S|CS|TAMS 0x0000000083600000, 0x0000000083600000| Complete 
|  55|0x0000000083700000, 0x0000000083800000, 0x0000000083800000|100%| S|CS|TAMS 0x0000000083700000, 0x0000000083700000| Complete 
|  56|0x0000000083800000, 0x0000000083900000, 0x0000000083900000|100%| S|CS|TAMS 0x0000000083800000, 0x0000000083800000| Complete 
|  57|0x0000000083900000, 0x0000000083a00000, 0x0000000083a00000|100%| S|CS|TAMS 0x0000000083900000, 0x0000000083900000| Complete 
|  58|0x0000000083a00000, 0x0000000083a00000, 0x0000000083b00000|  0%| F|  |TAMS 0x0000000083a00000, 0x0000000083a00000| Untracked 
|  59|0x0000000083b00000, 0x0000000083b00000, 0x0000000083c00000|  0%| F|  |TAMS 0x0000000083b00000, 0x0000000083b00000| Untracked 
|  60|0x0000000083c00000, 0x0000000083c00000, 0x0000000083d00000|  0%| F|  |TAMS 0x0000000083c00000, 0x0000000083c00000| Untracked 
|  61|0x0000000083d00000, 0x0000000083d00000, 0x0000000083e00000|  0%| F|  |TAMS 0x0000000083d00000, 0x0000000083d00000| Untracked 
|  62|0x0000000083e00000, 0x0000000083e00000, 0x0000000083f00000|  0%| F|  |TAMS 0x0000000083e00000, 0x0000000083e00000| Untracked 
|  63|0x0000000083f00000, 0x0000000083f00000, 0x0000000084000000|  0%| F|  |TAMS 0x0000000083f00000, 0x0000000083f00000| Untracked 
|  64|0x0000000084000000, 0x0000000084000000, 0x0000000084100000|  0%| F|  |TAMS 0x0000000084000000, 0x0000000084000000| Untracked 
|  65|0x0000000084100000, 0x0000000084100000, 0x0000000084200000|  0%| F|  |TAMS 0x0000000084100000, 0x0000000084100000| Untracked 
|  66|0x0000000084200000, 0x0000000084200000, 0x0000000084300000|  0%| F|  |TAMS 0x0000000084200000, 0x0000000084200000| Untracked 
|  67|0x0000000084300000, 0x0000000084300000, 0x0000000084400000|  0%| F|  |TAMS 0x0000000084300000, 0x0000000084300000| Untracked 
|  68|0x0000000084400000, 0x0000000084400000, 0x0000000084500000|  0%| F|  |TAMS 0x0000000084400000, 0x0000000084400000| Untracked 
|  69|0x0000000084500000, 0x0000000084500000, 0x0000000084600000|  0%| F|  |TAMS 0x0000000084500000, 0x0000000084500000| Untracked 
|  70|0x0000000084600000, 0x0000000084600000, 0x0000000084700000|  0%| F|  |TAMS 0x0000000084600000, 0x0000000084600000| Untracked 
|  71|0x0000000084700000, 0x0000000084700000, 0x0000000084800000|  0%| F|  |TAMS 0x0000000084700000, 0x0000000084700000| Untracked 
|  72|0x0000000084800000, 0x0000000084800000, 0x0000000084900000|  0%| F|  |TAMS 0x0000000084800000, 0x0000000084800000| Untracked 
|  73|0x0000000084900000, 0x0000000084900000, 0x0000000084a00000|  0%| F|  |TAMS 0x0000000084900000, 0x0000000084900000| Untracked 
|  74|0x0000000084a00000, 0x0000000084a00000, 0x0000000084b00000|  0%| F|  |TAMS 0x0000000084a00000, 0x0000000084a00000| Untracked 
|  75|0x0000000084b00000, 0x0000000084b00000, 0x0000000084c00000|  0%| F|  |TAMS 0x0000000084b00000, 0x0000000084b00000| Untracked 
|  76|0x0000000084c00000, 0x0000000084c00000, 0x0000000084d00000|  0%| F|  |TAMS 0x0000000084c00000, 0x0000000084c00000| Untracked 
|  77|0x0000000084d00000, 0x0000000084d00000, 0x0000000084e00000|  0%| F|  |TAMS 0x0000000084d00000, 0x0000000084d00000| Untracked 
|  78|0x0000000084e00000, 0x0000000084e00000, 0x0000000084f00000|  0%| F|  |TAMS 0x0000000084e00000, 0x0000000084e00000| Untracked 
|  79|0x0000000084f00000, 0x0000000084f00000, 0x0000000085000000|  0%| F|  |TAMS 0x0000000084f00000, 0x0000000084f00000| Untracked 
|  80|0x0000000085000000, 0x0000000085000000, 0x0000000085100000|  0%| F|  |TAMS 0x0000000085000000, 0x0000000085000000| Untracked 
|  81|0x0000000085100000, 0x0000000085100000, 0x0000000085200000|  0%| F|  |TAMS 0x0000000085100000, 0x0000000085100000| Untracked 
|  82|0x0000000085200000, 0x0000000085200000, 0x0000000085300000|  0%| F|  |TAMS 0x0000000085200000, 0x0000000085200000| Untracked 
|  83|0x0000000085300000, 0x0000000085300000, 0x0000000085400000|  0%| F|  |TAMS 0x0000000085300000, 0x0000000085300000| Untracked 
|  84|0x0000000085400000, 0x0000000085400000, 0x0000000085500000|  0%| F|  |TAMS 0x0000000085400000, 0x0000000085400000| Untracked 
|  85|0x0000000085500000, 0x0000000085500000, 0x0000000085600000|  0%| F|  |TAMS 0x0000000085500000, 0x0000000085500000| Untracked 
|  86|0x0000000085600000, 0x0000000085600000, 0x0000000085700000|  0%| F|  |TAMS 0x0000000085600000, 0x0000000085600000| Untracked 
|  87|0x0000000085700000, 0x0000000085700000, 0x0000000085800000|  0%| F|  |TAMS 0x0000000085700000, 0x0000000085700000| Untracked 
|  88|0x0000000085800000, 0x0000000085800000, 0x0000000085900000|  0%| F|  |TAMS 0x0000000085800000, 0x0000000085800000| Untracked 
|  89|0x0000000085900000, 0x0000000085900000, 0x0000000085a00000|  0%| F|  |TAMS 0x0000000085900000, 0x0000000085900000| Untracked 
|  90|0x0000000085a00000, 0x0000000085a00000, 0x0000000085b00000|  0%| F|  |TAMS 0x0000000085a00000, 0x0000000085a00000| Untracked 
|  91|0x0000000085b00000, 0x0000000085b00000, 0x0000000085c00000|  0%| F|  |TAMS 0x0000000085b00000, 0x0000000085b00000| Untracked 
|  92|0x0000000085c00000, 0x0000000085c00000, 0x0000000085d00000|  0%| F|  |TAMS 0x0000000085c00000, 0x0000000085c00000| Untracked 
|  93|0x0000000085d00000, 0x0000000085d00000, 0x0000000085e00000|  0%| F|  |TAMS 0x0000000085d00000, 0x0000000085d00000| Untracked 
|  94|0x0000000085e00000, 0x0000000085e00000, 0x0000000085f00000|  0%| F|  |TAMS 0x0000000085e00000, 0x0000000085e00000| Untracked 
|  95|0x0000000085f00000, 0x0000000085f00000, 0x0000000086000000|  0%| F|  |TAMS 0x0000000085f00000, 0x0000000085f00000| Untracked 
|  96|0x0000000086000000, 0x0000000086000000, 0x0000000086100000|  0%| F|  |TAMS 0x0000000086000000, 0x0000000086000000| Untracked 
|  97|0x0000000086100000, 0x0000000086100000, 0x0000000086200000|  0%| F|  |TAMS 0x0000000086100000, 0x0000000086100000| Untracked 
|  98|0x0000000086200000, 0x0000000086300000, 0x0000000086300000|100%| E|  |TAMS 0x0000000086200000, 0x0000000086200000| Complete 
|  99|0x0000000086300000, 0x0000000086400000, 0x0000000086400000|100%| E|CS|TAMS 0x0000000086300000, 0x0000000086300000| Complete 
| 100|0x0000000086400000, 0x0000000086500000, 0x0000000086500000|100%| E|CS|TAMS 0x0000000086400000, 0x0000000086400000| Complete 
| 101|0x0000000086500000, 0x0000000086600000, 0x0000000086600000|100%| E|CS|TAMS 0x0000000086500000, 0x0000000086500000| Complete 
| 102|0x0000000086600000, 0x0000000086700000, 0x0000000086700000|100%| E|CS|TAMS 0x0000000086600000, 0x0000000086600000| Complete 
| 103|0x0000000086700000, 0x0000000086800000, 0x0000000086800000|100%| E|CS|TAMS 0x0000000086700000, 0x0000000086700000| Complete 
| 104|0x0000000086800000, 0x0000000086900000, 0x0000000086900000|100%| E|CS|TAMS 0x0000000086800000, 0x0000000086800000| Complete 
| 105|0x0000000086900000, 0x0000000086a00000, 0x0000000086a00000|100%| E|CS|TAMS 0x0000000086900000, 0x0000000086900000| Complete 
| 106|0x0000000086a00000, 0x0000000086b00000, 0x0000000086b00000|100%| E|CS|TAMS 0x0000000086a00000, 0x0000000086a00000| Complete 
| 107|0x0000000086b00000, 0x0000000086c00000, 0x0000000086c00000|100%| E|CS|TAMS 0x0000000086b00000, 0x0000000086b00000| Complete 
| 108|0x0000000086c00000, 0x0000000086d00000, 0x0000000086d00000|100%| E|CS|TAMS 0x0000000086c00000, 0x0000000086c00000| Complete 
| 109|0x0000000086d00000, 0x0000000086e00000, 0x0000000086e00000|100%| E|CS|TAMS 0x0000000086d00000, 0x0000000086d00000| Complete 
| 110|0x0000000086e00000, 0x0000000086f00000, 0x0000000086f00000|100%| E|CS|TAMS 0x0000000086e00000, 0x0000000086e00000| Complete 
| 111|0x0000000086f00000, 0x0000000087000000, 0x0000000087000000|100%| E|CS|TAMS 0x0000000086f00000, 0x0000000086f00000| Complete 
| 112|0x0000000087000000, 0x0000000087100000, 0x0000000087100000|100%| E|CS|TAMS 0x0000000087000000, 0x0000000087000000| Complete 
| 113|0x0000000087100000, 0x0000000087200000, 0x0000000087200000|100%| E|CS|TAMS 0x0000000087100000, 0x0000000087100000| Complete 
| 114|0x0000000087200000, 0x0000000087300000, 0x0000000087300000|100%| E|CS|TAMS 0x0000000087200000, 0x0000000087200000| Complete 
| 115|0x0000000087300000, 0x0000000087400000, 0x0000000087400000|100%| E|CS|TAMS 0x0000000087300000, 0x0000000087300000| Complete 
| 116|0x0000000087400000, 0x0000000087500000, 0x0000000087500000|100%| E|CS|TAMS 0x0000000087400000, 0x0000000087400000| Complete 
| 117|0x0000000087500000, 0x0000000087600000, 0x0000000087600000|100%| E|CS|TAMS 0x0000000087500000, 0x0000000087500000| Complete 
| 118|0x0000000087600000, 0x0000000087700000, 0x0000000087700000|100%| E|CS|TAMS 0x0000000087600000, 0x0000000087600000| Complete 
| 119|0x0000000087700000, 0x0000000087800000, 0x0000000087800000|100%| E|CS|TAMS 0x0000000087700000, 0x0000000087700000| Complete 
| 120|0x0000000087800000, 0x0000000087900000, 0x0000000087900000|100%| E|CS|TAMS 0x0000000087800000, 0x0000000087800000| Complete 
| 121|0x0000000087900000, 0x0000000087a00000, 0x0000000087a00000|100%| E|CS|TAMS 0x0000000087900000, 0x0000000087900000| Complete 
| 122|0x0000000087a00000, 0x0000000087b00000, 0x0000000087b00000|100%| E|CS|TAMS 0x0000000087a00000, 0x0000000087a00000| Complete 
| 123|0x0000000087b00000, 0x0000000087c00000, 0x0000000087c00000|100%| E|CS|TAMS 0x0000000087b00000, 0x0000000087b00000| Complete 
| 124|0x0000000087c00000, 0x0000000087d00000, 0x0000000087d00000|100%| E|CS|TAMS 0x0000000087c00000, 0x0000000087c00000| Complete 
| 125|0x0000000087d00000, 0x0000000087e00000, 0x0000000087e00000|100%| E|CS|TAMS 0x0000000087d00000, 0x0000000087d00000| Complete 
| 126|0x0000000087e00000, 0x0000000087f00000, 0x0000000087f00000|100%| E|CS|TAMS 0x0000000087e00000, 0x0000000087e00000| Complete 
| 127|0x0000000087f00000, 0x0000000088000000, 0x0000000088000000|100%| E|CS|TAMS 0x0000000087f00000, 0x0000000087f00000| Complete 
| 128|0x0000000088000000, 0x0000000088100000, 0x0000000088100000|100%| E|CS|TAMS 0x0000000088000000, 0x0000000088000000| Complete 
| 129|0x0000000088100000, 0x0000000088200000, 0x0000000088200000|100%| E|CS|TAMS 0x0000000088100000, 0x0000000088100000| Complete 
| 130|0x0000000088200000, 0x0000000088300000, 0x0000000088300000|100%| E|CS|TAMS 0x0000000088200000, 0x0000000088200000| Complete 
| 131|0x0000000088300000, 0x0000000088400000, 0x0000000088400000|100%| E|CS|TAMS 0x0000000088300000, 0x0000000088300000| Complete 
| 132|0x0000000088400000, 0x0000000088500000, 0x0000000088500000|100%| E|CS|TAMS 0x0000000088400000, 0x0000000088400000| Complete 
| 133|0x0000000088500000, 0x0000000088600000, 0x0000000088600000|100%| E|CS|TAMS 0x0000000088500000, 0x0000000088500000| Complete 
| 134|0x0000000088600000, 0x0000000088700000, 0x0000000088700000|100%| E|CS|TAMS 0x0000000088600000, 0x0000000088600000| Complete 

Card table byte_map: [0x000001a678c60000,0x000001a679060000] _byte_map_base: 0x000001a678860000

Marking Bits (Prev, Next): (CMBitMap*) 0x000001a6787e69b0, (CMBitMap*) 0x000001a6787e6970
 Prev Bits: [0x000001a67b460000, 0x000001a67d460000)
 Next Bits: [0x000001a679460000, 0x000001a67b460000)

Polling page: 0x000001a6766f0000

Metaspace:

Usage:
  Non-class:     31.49 MB used.
      Class:      4.99 MB used.
       Both:     36.48 MB used.

Virtual space:
  Non-class space:       64.00 MB reserved,      31.69 MB ( 50%) committed,  1 nodes.
      Class space:      416.00 MB reserved,       5.19 MB (  1%) committed,  1 nodes.
             Both:      480.00 MB reserved,      36.88 MB (  8%) committed. 

Chunk freelists:
   Non-Class:  128.00 KB
       Class:  10.86 MB
        Both:  10.98 MB

MaxMetaspaceSize: 512.00 MB
CompressedClassSpaceSize: 416.00 MB
Initial GC threshold: 21.00 MB
Current GC threshold: 61.06 MB
CDS: on
MetaspaceReclaimPolicy: balanced
 - commit_granule_bytes: 65536.
 - commit_granule_words: 8192.
 - virtual_space_node_default_size: 8388608.
 - enlarge_chunks_in_place: 1.
 - new_chunks_are_fully_committed: 0.
 - uncommit_free_chunks: 1.
 - use_allocation_guard: 0.
 - handle_deallocations: 1.


Internal statistics:

num_allocs_failed_limit: 6.
num_arena_births: 406.
num_arena_deaths: 2.
num_vsnodes_births: 2.
num_vsnodes_deaths: 0.
num_space_committed: 590.
num_space_uncommitted: 0.
num_chunks_returned_to_freelist: 10.
num_chunks_taken_from_freelist: 1740.
num_chunk_merges: 6.
num_chunk_splits: 1200.
num_chunks_enlarged: 865.
num_inconsistent_stats: 0.

CodeHeap 'non-profiled nmethods': size=120000Kb used=3745Kb max_used=3745Kb free=116254Kb
 bounds [0x000001a60f2c0000, 0x000001a60f670000, 0x000001a6167f0000]
CodeHeap 'profiled nmethods': size=120000Kb used=9517Kb max_used=10163Kb free=110482Kb
 bounds [0x000001a6077f0000, 0x000001a608260000, 0x000001a60ed20000]
CodeHeap 'non-nmethods': size=5760Kb used=2300Kb max_used=2375Kb free=3459Kb
 bounds [0x000001a60ed20000, 0x000001a60ef90000, 0x000001a60f2c0000]
 total_blobs=5420 nmethods=4610 adapters=721
 compilation: enabled
              stopped_count=0, restarted_count=0
 full_count=0

Compilation events (20 events):
Event: 22.633 Thread 0x000001a616980710 5346       3       java.util.stream.ReferencePipeline$Head::forEach (26 bytes)
Event: 22.634 Thread 0x000001a616980710 nmethod 5346 0x000001a607e00290 code [0x000001a607e004c0, 0x000001a607e00bf8]
Event: 22.635 Thread 0x000001a616980710 5348       3       javax.management.ObjectName::addProperty (80 bytes)
Event: 22.636 Thread 0x000001a616980710 nmethod 5348 0x000001a607e04590 code [0x000001a607e047a0, 0x000001a607e04f48]
Event: 22.705 Thread 0x000001a616976d30 nmethod 5341 0x000001a60f65f090 code [0x000001a60f65f580, 0x000001a60f6643a8]
Event: 22.707 Thread 0x000001a616976d30 5347       4       java.lang.StringConcatHelper::stringOf (20 bytes)
Event: 22.708 Thread 0x000001a616976d30 nmethod 5347 0x000001a60f667710 code [0x000001a60f667880, 0x000001a60f667918]
Event: 22.708 Thread 0x000001a616976d30 5345       4       org.apache.tools.zip.ZipEntry::<init> (64 bytes)
Event: 22.721 Thread 0x000001a616976d30 nmethod 5345 0x000001a60f667a10 code [0x000001a60f667ba0, 0x000001a60f668208]
Event: 22.721 Thread 0x000001a616976d30 5344       4       org.gradle.internal.classpath.ClasspathWalker$ZipClasspathEntry::<init> (10 bytes)
Event: 22.723 Thread 0x000001a616976d30 nmethod 5344 0x000001a60f668490 code [0x000001a60f668600, 0x000001a60f668738]
Event: 22.723 Thread 0x000001a616976d30 5342       4       org.gradle.api.internal.runtimeshaded.RuntimeShadedJarCreator::lambda$processFiles$1 (10 bytes)
Event: 22.897 Thread 0x000001a616980710 5350       3       java.lang.StringBuilder::length (5 bytes)
Event: 22.897 Thread 0x000001a616980710 nmethod 5350 0x000001a607bbee90 code [0x000001a607bbf020, 0x000001a607bbf138]
Event: 22.897 Thread 0x000001a616980710 5352       3       java.util.regex.Matcher::search (154 bytes)
Event: 22.898 Thread 0x000001a616980710 nmethod 5352 0x000001a60783a310 code [0x000001a60783a500, 0x000001a60783aac8]
Event: 22.898 Thread 0x000001a616980710 5353       3       java.util.regex.Pattern$Caret::match (124 bytes)
Event: 22.899 Thread 0x000001a616980710 nmethod 5353 0x000001a60818e090 code [0x000001a60818e2a0, 0x000001a60818ea38]
Event: 22.899 Thread 0x000001a616980710 5354       3       java.util.regex.Pattern$Start::match (90 bytes)
Event: 22.899 Thread 0x000001a616980710 nmethod 5354 0x000001a6081bfd10 code [0x000001a6081bfee0, 0x000001a6081c02e8]

GC Heap History (20 events):
Event: 19.780 GC heap before
{Heap before GC invocations=31 (full 0):
 garbage-first heap   total 114688K, used 98817K [0x0000000080000000, 0x0000000100000000)
  region size 1024K, 66 young (67584K), 3 survivors (3072K)
 Metaspace       used 37333K, committed 37760K, reserved 491520K
  class space    used 5103K, committed 5312K, reserved 425984K
}
Event: 19.784 GC heap after
{Heap after GC invocations=32 (full 0):
 garbage-first heap   total 114688K, used 34892K [0x0000000080000000, 0x0000000100000000)
  region size 1024K, 3 young (3072K), 3 survivors (3072K)
 Metaspace       used 37333K, committed 37760K, reserved 491520K
  class space    used 5103K, committed 5312K, reserved 425984K
}
Event: 20.231 GC heap before
{Heap before GC invocations=32 (full 0):
 garbage-first heap   total 114688K, used 98380K [0x0000000080000000, 0x0000000100000000)
  region size 1024K, 65 young (66560K), 3 survivors (3072K)
 Metaspace       used 37337K, committed 37760K, reserved 491520K
  class space    used 5103K, committed 5312K, reserved 425984K
}
Event: 20.235 GC heap after
{Heap after GC invocations=33 (full 0):
 garbage-first heap   total 114688K, used 34581K [0x0000000080000000, 0x0000000100000000)
  region size 1024K, 3 young (3072K), 3 survivors (3072K)
 Metaspace       used 37337K, committed 37760K, reserved 491520K
  class space    used 5103K, committed 5312K, reserved 425984K
}
Event: 20.462 GC heap before
{Heap before GC invocations=33 (full 0):
 garbage-first heap   total 114688K, used 98069K [0x0000000080000000, 0x0000000100000000)
  region size 1024K, 65 young (66560K), 3 survivors (3072K)
 Metaspace       used 37337K, committed 37760K, reserved 491520K
  class space    used 5104K, committed 5312K, reserved 425984K
}
Event: 20.466 GC heap after
{Heap after GC invocations=34 (full 0):
 garbage-first heap   total 114688K, used 34798K [0x0000000080000000, 0x0000000100000000)
  region size 1024K, 3 young (3072K), 3 survivors (3072K)
 Metaspace       used 37337K, committed 37760K, reserved 491520K
  class space    used 5104K, committed 5312K, reserved 425984K
}
Event: 20.698 GC heap before
{Heap before GC invocations=34 (full 0):
 garbage-first heap   total 114688K, used 98286K [0x0000000080000000, 0x0000000100000000)
  region size 1024K, 65 young (66560K), 3 survivors (3072K)
 Metaspace       used 37338K, committed 37760K, reserved 491520K
  class space    used 5104K, committed 5312K, reserved 425984K
}
Event: 20.702 GC heap after
{Heap after GC invocations=35 (full 0):
 garbage-first heap   total 114688K, used 35046K [0x0000000080000000, 0x0000000100000000)
  region size 1024K, 3 young (3072K), 3 survivors (3072K)
 Metaspace       used 37338K, committed 37760K, reserved 491520K
  class space    used 5104K, committed 5312K, reserved 425984K
}
Event: 21.116 GC heap before
{Heap before GC invocations=35 (full 0):
 garbage-first heap   total 114688K, used 107750K [0x0000000080000000, 0x0000000100000000)
  region size 1024K, 65 young (66560K), 3 survivors (3072K)
 Metaspace       used 37348K, committed 37760K, reserved 491520K
  class space    used 5105K, committed 5312K, reserved 425984K
}
Event: 21.119 GC heap after
{Heap after GC invocations=36 (full 0):
 garbage-first heap   total 114688K, used 35301K [0x0000000080000000, 0x0000000100000000)
  region size 1024K, 3 young (3072K), 3 survivors (3072K)
 Metaspace       used 37348K, committed 37760K, reserved 491520K
  class space    used 5105K, committed 5312K, reserved 425984K
}
Event: 21.444 GC heap before
{Heap before GC invocations=36 (full 0):
 garbage-first heap   total 114688K, used 98789K [0x0000000080000000, 0x0000000100000000)
  region size 1024K, 65 young (66560K), 3 survivors (3072K)
 Metaspace       used 37348K, committed 37760K, reserved 491520K
  class space    used 5105K, committed 5312K, reserved 425984K
}
Event: 21.448 GC heap after
{Heap after GC invocations=37 (full 0):
 garbage-first heap   total 114688K, used 36131K [0x0000000080000000, 0x0000000100000000)
  region size 1024K, 4 young (4096K), 4 survivors (4096K)
 Metaspace       used 37348K, committed 37760K, reserved 491520K
  class space    used 5105K, committed 5312K, reserved 425984K
}
Event: 21.625 GC heap before
{Heap before GC invocations=37 (full 0):
 garbage-first heap   total 114688K, used 97571K [0x0000000080000000, 0x0000000100000000)
  region size 1024K, 64 young (65536K), 4 survivors (4096K)
 Metaspace       used 37348K, committed 37760K, reserved 491520K
  class space    used 5105K, committed 5312K, reserved 425984K
}
Event: 21.630 GC heap after
{Heap after GC invocations=38 (full 0):
 garbage-first heap   total 138240K, used 36346K [0x0000000080000000, 0x0000000100000000)
  region size 1024K, 4 young (4096K), 4 survivors (4096K)
 Metaspace       used 37348K, committed 37760K, reserved 491520K
  class space    used 5105K, committed 5312K, reserved 425984K
}
Event: 22.005 GC heap before
{Heap before GC invocations=38 (full 0):
 garbage-first heap   total 138240K, used 115194K [0x0000000080000000, 0x0000000100000000)
  region size 1024K, 81 young (82944K), 4 survivors (4096K)
 Metaspace       used 37348K, committed 37760K, reserved 491520K
  class space    used 5105K, committed 5312K, reserved 425984K
}
Event: 22.009 GC heap after
{Heap after GC invocations=39 (full 0):
 garbage-first heap   total 138240K, used 36512K [0x0000000080000000, 0x0000000100000000)
  region size 1024K, 4 young (4096K), 4 survivors (4096K)
 Metaspace       used 37348K, committed 37760K, reserved 491520K
  class space    used 5105K, committed 5312K, reserved 425984K
}
Event: 22.411 GC heap before
{Heap before GC invocations=39 (full 0):
 garbage-first heap   total 138240K, used 115360K [0x0000000080000000, 0x0000000100000000)
  region size 1024K, 81 young (82944K), 4 survivors (4096K)
 Metaspace       used 37348K, committed 37760K, reserved 491520K
  class space    used 5105K, committed 5312K, reserved 425984K
}
Event: 22.416 GC heap after
{Heap after GC invocations=40 (full 0):
 garbage-first heap   total 138240K, used 37060K [0x0000000080000000, 0x0000000100000000)
  region size 1024K, 4 young (4096K), 4 survivors (4096K)
 Metaspace       used 37348K, committed 37760K, reserved 491520K
  class space    used 5105K, committed 5312K, reserved 425984K
}
Event: 22.867 GC heap before
{Heap before GC invocations=40 (full 0):
 garbage-first heap   total 138240K, used 115908K [0x0000000080000000, 0x0000000100000000)
  region size 1024K, 81 young (82944K), 4 survivors (4096K)
 Metaspace       used 37351K, committed 37760K, reserved 491520K
  class space    used 5105K, committed 5312K, reserved 425984K
}
Event: 22.872 GC heap after
{Heap after GC invocations=41 (full 0):
 garbage-first heap   total 138240K, used 37374K [0x0000000080000000, 0x0000000100000000)
  region size 1024K, 5 young (5120K), 5 survivors (5120K)
 Metaspace       used 37351K, committed 37760K, reserved 491520K
  class space    used 5105K, committed 5312K, reserved 425984K
}

Deoptimization events (20 events):
Event: 19.483 Thread 0x000001a616befd20 DEOPT PACKING pc=0x000001a60f51d6bc sp=0x00000042935f60a0
Event: 19.483 Thread 0x000001a616befd20 DEOPT UNPACKING pc=0x000001a60ed723a3 sp=0x00000042935f6000 mode 2
Event: 20.703 Thread 0x000001a616befd20 Uncommon trap: trap_request=0xffffff45 fr.pc=0x000001a60f5e6894 relative=0x00000000000077f4
Event: 20.703 Thread 0x000001a616befd20 Uncommon trap: reason=unstable_if action=reinterpret pc=0x000001a60f5e6894 method=org.objectweb.asm.ClassReader.accept(Lorg/objectweb/asm/ClassVisitor;[Lorg/objectweb/asm/Attribute;I)V @ 694 c2
Event: 20.703 Thread 0x000001a616befd20 DEOPT PACKING pc=0x000001a60f5e6894 sp=0x00000042935f5f80
Event: 20.703 Thread 0x000001a616befd20 DEOPT UNPACKING pc=0x000001a60ed723a3 sp=0x00000042935f5fb8 mode 2
Event: 20.703 Thread 0x000001a616befd20 Uncommon trap: trap_request=0xffffff45 fr.pc=0x000001a60f6030a0 relative=0x0000000000004aa0
Event: 20.703 Thread 0x000001a616befd20 Uncommon trap: reason=unstable_if action=reinterpret pc=0x000001a60f6030a0 method=org.objectweb.asm.ClassWriter.toByteArray()[B @ 209 c2
Event: 20.703 Thread 0x000001a616befd20 DEOPT PACKING pc=0x000001a60f6030a0 sp=0x00000042935f6090
Event: 20.703 Thread 0x000001a616befd20 DEOPT UNPACKING pc=0x000001a60ed723a3 sp=0x00000042935f6048 mode 2
Event: 20.901 Thread 0x000001a616befd20 DEOPT PACKING pc=0x000001a607b6ba5c sp=0x00000042935f5cc0
Event: 20.901 Thread 0x000001a616befd20 DEOPT UNPACKING pc=0x000001a60ed72b43 sp=0x00000042935f5240 mode 0
Event: 21.113 Thread 0x000001a616befd20 Uncommon trap: trap_request=0xffffffc6 fr.pc=0x000001a60f517f60 relative=0x0000000000000580
Event: 21.113 Thread 0x000001a616befd20 Uncommon trap: reason=bimorphic_or_optimized_type_check action=maybe_recompile pc=0x000001a60f517f60 method=java.util.regex.Pattern$Start.match(Ljava/util/regex/Matcher;ILjava/lang/CharSequence;)Z @ 44 c2
Event: 21.113 Thread 0x000001a616befd20 DEOPT PACKING pc=0x000001a60f517f60 sp=0x00000042935f6020
Event: 21.113 Thread 0x000001a616befd20 DEOPT UNPACKING pc=0x000001a60ed723a3 sp=0x00000042935f6000 mode 2
Event: 21.603 Thread 0x000001a616befd20 Uncommon trap: trap_request=0xffffff45 fr.pc=0x000001a60f613fe8 relative=0x0000000000000d08
Event: 21.603 Thread 0x000001a616befd20 Uncommon trap: reason=unstable_if action=reinterpret pc=0x000001a60f613fe8 method=org.objectweb.asm.MethodWriter.visitIincInsn(II)V @ 27 c2
Event: 21.603 Thread 0x000001a616befd20 DEOPT PACKING pc=0x000001a60f613fe8 sp=0x00000042935f5af0
Event: 21.603 Thread 0x000001a616befd20 DEOPT UNPACKING pc=0x000001a60ed723a3 sp=0x00000042935f59f8 mode 2

Classes unloaded (3 events):
Event: 11.996 Thread 0x000001a61694f0b0 Unloading class 0x000001a6184acbe8 '_BuildScript_$_run_closure2'
Event: 11.996 Thread 0x000001a61694f0b0 Unloading class 0x000001a6184ac800 '_BuildScript_$_run_closure1'
Event: 11.996 Thread 0x000001a61694f0b0 Unloading class 0x000001a6184a0800 '_BuildScript_'

Classes redefined (0 events):
No events

Internal exceptions (20 events):
Event: 10.783 Thread 0x000001a616befd20 Exception <a 'java/lang/ClassNotFoundException'{0x0000000082cd6338}: org/gradle/plugin/management/internal/DefaultPluginManagementSpec_DecoratedCustomizer> (0x0000000082cd6338) 
thrown [s\open\src\hotspot\share\classfile\systemDictionary.cpp, line 256]
Event: 10.821 Thread 0x000001a616befd20 Exception <a 'java/lang/ClassNotFoundException'{0x0000000082bb1060}: org/gradle/plugin/use/internal/PluginRequestCollector$PluginDependenciesSpecImplBeanInfo> (0x0000000082bb1060) 
thrown [s\open\src\hotspot\share\classfile\systemDictionary.cpp, line 256]
Event: 10.822 Thread 0x000001a616befd20 Exception <a 'java/lang/ClassNotFoundException'{0x0000000082bc2a78}: org/gradle/plugin/use/internal/PluginRequestCollector$PluginDependenciesSpecImplCustomizer> (0x0000000082bc2a78) 
thrown [s\open\src\hotspot\share\classfile\systemDictionary.cpp, line 256]
Event: 10.981 Thread 0x000001a616befd20 Exception <a 'java/lang/NoSuchMethodError'{0x0000000083d46100}: 'void java.lang.invoke.DirectMethodHandle$Holder.invokeInterface(java.lang.Object, java.lang.Object)'> (0x0000000083d46100) 
thrown [s\open\src\hotspot\share\interpreter\linkResolver.cpp, line 759]
Event: 11.081 Thread 0x000001a616befd20 Exception <a 'java/lang/NoSuchMethodError'{0x0000000083bb0eb8}: 'java.lang.Object java.lang.invoke.DirectMethodHandle$Holder.invokeSpecial(java.lang.Object, java.lang.Object, java.lang.Object, java.lang.Object, java.lang.Object, java.lang.Object, java.lang.Object, java.lang.Object, java.lang.Object, java.lang.Object)'> (0x0000000083bb0eb8) 
thrown [s\open\src\hotspot\share\interpreter\linkResolver.cpp, line 759]
Event: 11.082 Thread 0x000001a616befd20 Exception <a 'java/lang/NoSuchMethodError'{0x0000000083bb9fe0}: 'java.lang.Object java.lang.invoke.Invokers$Holder.invoker(java.lang.Object, java.lang.Object, java.lang.Object, java.lang.Object, java.lang.Object, java.lang.Object, java.lang.Object, java.lang.Object, java.lang.Object)'> (0x0000000083bb9fe0) 
thrown [s\open\src\hotspot\share\interpreter\linkResolver.cpp, line 759]
Event: 11.104 Thread 0x000001a616befd20 Exception <a 'java/lang/NoSuchMethodError'{0x0000000083a49850}: 'java.lang.Object java.lang.invoke.Invokers$Holder.invoker(java.lang.Object, java.lang.Object, java.lang.Object, java.lang.Object)'> (0x0000000083a49850) 
thrown [s\open\src\hotspot\share\interpreter\linkResolver.cpp, line 759]
Event: 11.131 Thread 0x000001a616befd20 Exception <a 'java/lang/NoSuchMethodError'{0x0000000083ae3f20}: 'java.lang.Object java.lang.invoke.DelegatingMethodHandle$Holder.reinvoke_L(java.lang.Object, java.lang.Object, java.lang.Object, java.lang.Object, java.lang.Object, java.lang.Object, java.lang.Object, java.lang.Object, java.lang.Object, java.lang.Object, java.lang.Object, java.lang.Object, java.lang.Object, java.lang.Object, java.lang.Object, java.lang.Object, java.lang.Object, java.lang.Object, java.lang.Object, java.lang.Object, java.lang.O
Event: 11.133 Thread 0x000001a616befd20 Exception <a 'java/lang/NoSuchMethodError'{0x0000000083aefc40}: 'java.lang.Object java.lang.invoke.Invokers$Holder.invoker(java.lang.Object, java.lang.Object, java.lang.Object, java.lang.Object, java.lang.Object, java.lang.Object, java.lang.Object, java.lang.Object, java.lang.Object, java.lang.Object, java.lang.Object, java.lang.Object, java.lang.Object, java.lang.Object, java.lang.Object, java.lang.Object, java.lang.Object, java.lang.Object, java.lang.Object, java.lang.Object, java.lang.Object)'> (0x00000
Event: 11.133 Thread 0x000001a616befd20 Exception <a 'java/lang/NoSuchMethodError'{0x0000000083af6b48}: 'java.lang.Object java.lang.invoke.DelegatingMethodHandle$Holder.delegate(java.lang.Object, java.lang.Object, java.lang.Object, java.lang.Object, java.lang.Object, java.lang.Object, java.lang.Object, java.lang.Object, java.lang.Object, java.lang.Object, java.lang.Object, java.lang.Object, java.lang.Object, java.lang.Object, java.lang.Object, java.lang.Object, java.lang.Object, java.lang.Object, java.lang.Object, java.lang.Object, java.lang.Obj
Event: 11.153 Thread 0x000001a616befd20 Exception <a 'java/lang/NoSuchMethodError'{0x0000000083971670}: 'java.lang.Object java.lang.invoke.DirectMethodHandle$Holder.invokeStatic(java.lang.Object, java.lang.Object, java.lang.Object, java.lang.Object, java.lang.Object, java.lang.Object, java.lang.Object, java.lang.Object, java.lang.Object, java.lang.Object, java.lang.Object, java.lang.Object, java.lang.Object, java.lang.Object, java.lang.Object, java.lang.Object, java.lang.Object)'> (0x0000000083971670) 
thrown [s\open\src\hotspot\share\interprete
Event: 11.159 Thread 0x000001a616befd20 Exception <a 'java/lang/NoSuchMethodError'{0x00000000839999f0}: 'java.lang.Object java.lang.invoke.DirectMethodHandle$Holder.invokeStatic(java.lang.Object, java.lang.Object, java.lang.Object, java.lang.Object, java.lang.Object, java.lang.Object, java.lang.Object, java.lang.Object, java.lang.Object, java.lang.Object, java.lang.Object, java.lang.Object, java.lang.Object, java.lang.Object, java.lang.Object, java.lang.Object, java.lang.Object, java.lang.Object)'> (0x00000000839999f0) 
thrown [s\open\src\hotspo
Event: 11.167 Thread 0x000001a616befd20 Exception <a 'java/lang/NoSuchMethodError'{0x00000000839c27d8}: 'java.lang.Object java.lang.invoke.DirectMethodHandle$Holder.invokeStatic(java.lang.Object, java.lang.Object, java.lang.Object, java.lang.Object, java.lang.Object, java.lang.Object, java.lang.Object, java.lang.Object, java.lang.Object, java.lang.Object, java.lang.Object, java.lang.Object, java.lang.Object, java.lang.Object, java.lang.Object, java.lang.Object, java.lang.Object, java.lang.Object, java.lang.Object)'> (0x00000000839c27d8) 
thrown 
Event: 11.173 Thread 0x000001a616befd20 Exception <a 'java/lang/NoSuchMethodError'{0x00000000839ec630}: 'java.lang.Object java.lang.invoke.DirectMethodHandle$Holder.invokeStatic(java.lang.Object, java.lang.Object, java.lang.Object, java.lang.Object, java.lang.Object, java.lang.Object, java.lang.Object, java.lang.Object, java.lang.Object, java.lang.Object, java.lang.Object, java.lang.Object, java.lang.Object, java.lang.Object, java.lang.Object, java.lang.Object, java.lang.Object, java.lang.Object, java.lang.Object, java.lang.Object)'> (0x00000000
Event: 11.184 Thread 0x000001a616befd20 Exception <a 'java/lang/NoSuchMethodError'{0x0000000083817970}: 'java.lang.Object java.lang.invoke.DirectMethodHandle$Holder.invokeStatic(java.lang.Object, java.lang.Object, java.lang.Object, java.lang.Object, java.lang.Object, java.lang.Object, java.lang.Object, java.lang.Object, java.lang.Object, java.lang.Object, java.lang.Object, java.lang.Object, java.lang.Object, java.lang.Object, java.lang.Object, java.lang.Object, java.lang.Object, java.lang.Object, java.lang.Object, java.lang.Object, java.lang.Obj
Event: 11.191 Thread 0x000001a616befd20 Exception <a 'java/lang/NoSuchMethodError'{0x00000000838431c8}: 'java.lang.Object java.lang.invoke.DirectMethodHandle$Holder.invokeStatic(java.lang.Object, java.lang.Object, java.lang.Object, java.lang.Object, java.lang.Object, java.lang.Object, java.lang.Object, java.lang.Object, java.lang.Object, java.lang.Object, java.lang.Object, java.lang.Object, java.lang.Object, java.lang.Object, java.lang.Object, java.lang.Object, java.lang.Object, java.lang.Object, java.lang.Object, java.lang.Object, java.lang.Obj
Event: 11.198 Thread 0x000001a616befd20 Exception <a 'java/lang/NoSuchMethodError'{0x00000000838711a8}: 'java.lang.Object java.lang.invoke.DirectMethodHandle$Holder.invokeStatic(java.lang.Object, java.lang.Object, java.lang.Object, java.lang.Object, java.lang.Object, java.lang.Object, java.lang.Object, java.lang.Object, java.lang.Object, java.lang.Object, java.lang.Object, java.lang.Object, java.lang.Object, java.lang.Object, java.lang.Object, java.lang.Object, java.lang.Object, java.lang.Object, java.lang.Object, java.lang.Object, java.lang.Obj
Event: 11.205 Thread 0x000001a616befd20 Exception <a 'java/lang/NoSuchMethodError'{0x000000008389fd50}: 'java.lang.Object java.lang.invoke.DirectMethodHandle$Holder.invokeStatic(java.lang.Object, java.lang.Object, java.lang.Object, java.lang.Object, java.lang.Object, java.lang.Object, java.lang.Object, java.lang.Object, java.lang.Object, java.lang.Object, java.lang.Object, java.lang.Object, java.lang.Object, java.lang.Object, java.lang.Object, java.lang.Object, java.lang.Object, java.lang.Object, java.lang.Object, java.lang.Object, java.lang.Obj
Event: 11.396 Thread 0x000001a616befd20 Exception <a 'sun/nio/fs/WindowsException'{0x0000000082c15b50}> (0x0000000082c15b50) 
thrown [s\open\src\hotspot\share\prims\jni.cpp, line 516]
Event: 19.417 Thread 0x000001a616befd20 Implicit null exception at 0x000001a60f5dad0f to 0x000001a60f5db190

VM Operations (20 events):
Event: 19.780 Executing VM operation: G1CollectForAllocation
Event: 19.784 Executing VM operation: G1CollectForAllocation done
Event: 20.231 Executing VM operation: G1CollectForAllocation
Event: 20.235 Executing VM operation: G1CollectForAllocation done
Event: 20.462 Executing VM operation: G1CollectForAllocation
Event: 20.466 Executing VM operation: G1CollectForAllocation done
Event: 20.698 Executing VM operation: G1CollectForAllocation
Event: 20.702 Executing VM operation: G1CollectForAllocation done
Event: 21.116 Executing VM operation: G1CollectForAllocation
Event: 21.119 Executing VM operation: G1CollectForAllocation done
Event: 21.444 Executing VM operation: G1CollectForAllocation
Event: 21.448 Executing VM operation: G1CollectForAllocation done
Event: 21.625 Executing VM operation: G1CollectForAllocation
Event: 21.630 Executing VM operation: G1CollectForAllocation done
Event: 22.005 Executing VM operation: G1CollectForAllocation
Event: 22.009 Executing VM operation: G1CollectForAllocation done
Event: 22.411 Executing VM operation: G1CollectForAllocation
Event: 22.417 Executing VM operation: G1CollectForAllocation done
Event: 22.867 Executing VM operation: G1CollectForAllocation
Event: 22.872 Executing VM operation: G1CollectForAllocation done

Events (20 events):
Event: 13.675 Thread 0x000001a61698b800 flushing nmethod 0x000001a6080fc210
Event: 13.675 Thread 0x000001a61698b800 flushing nmethod 0x000001a6080fc710
Event: 13.675 Thread 0x000001a61698b800 flushing nmethod 0x000001a6080fdf10
Event: 13.675 Thread 0x000001a61698b800 flushing nmethod 0x000001a608100290
Event: 13.675 Thread 0x000001a61698b800 flushing nmethod 0x000001a608103710
Event: 13.675 Thread 0x000001a61698b800 flushing nmethod 0x000001a608107890
Event: 13.675 Thread 0x000001a61698b800 flushing nmethod 0x000001a608108210
Event: 13.675 Thread 0x000001a61698b800 flushing nmethod 0x000001a608109410
Event: 13.675 Thread 0x000001a61698b800 flushing nmethod 0x000001a608151110
Event: 13.675 Thread 0x000001a61698b800 flushing nmethod 0x000001a60816fc10
Event: 13.675 Thread 0x000001a61698b800 flushing nmethod 0x000001a608174290
Event: 13.675 Thread 0x000001a61698b800 flushing nmethod 0x000001a60818d590
Event: 13.676 Thread 0x000001a61698b800 flushing nmethod 0x000001a608194090
Event: 13.676 Thread 0x000001a61698b800 flushing nmethod 0x000001a6081bfd10
Event: 19.294 Thread 0x000001a61698b800 flushing nmethod 0x000001a60f56e190
Event: 19.482 loading class java/util/regex/Pattern$Caret
Event: 19.482 loading class java/util/regex/Pattern$Caret done
Event: 19.817 loading class jdk/internal/access/foreign/MemorySegmentProxy
Event: 19.817 loading class jdk/internal/access/foreign/MemorySegmentProxy done
Event: 20.753 Thread 0x000001a637bfb030 Thread exited: 0x000001a637bfb030


Dynamic libraries:
0x00007ff73a080000 - 0x00007ff73a090000 	C:\Program Files\Java\jdk-17\bin\java.exe
0x00007ffe5ee70000 - 0x00007ffe5f068000 	C:\WINDOWS\SYSTEM32\ntdll.dll
0x00007ffe5d9e0000 - 0x00007ffe5da9d000 	C:\WINDOWS\System32\KERNEL32.DLL
0x00007ffe5c9c0000 - 0x00007ffe5ccb6000 	C:\WINDOWS\System32\KERNELBASE.dll
0x00007ffe5c850000 - 0x00007ffe5c950000 	C:\WINDOWS\System32\ucrtbase.dll
0x00007ffe50a80000 - 0x00007ffe50a99000 	C:\Program Files\Java\jdk-17\bin\jli.dll
0x00007ffe50be0000 - 0x00007ffe50bfb000 	C:\Program Files\Java\jdk-17\bin\VCRUNTIME140.dll
0x00007ffe5e3d0000 - 0x00007ffe5e480000 	C:\WINDOWS\System32\ADVAPI32.dll
0x00007ffe5d050000 - 0x00007ffe5d0ee000 	C:\WINDOWS\System32\msvcrt.dll
0x00007ffe5dc70000 - 0x00007ffe5dd10000 	C:\WINDOWS\System32\sechost.dll
0x00007ffe5e480000 - 0x00007ffe5e5a3000 	C:\WINDOWS\System32\RPCRT4.dll
0x00007ffe5c790000 - 0x00007ffe5c7b7000 	C:\WINDOWS\System32\bcrypt.dll
0x00007ffe5e230000 - 0x00007ffe5e3cf000 	C:\WINDOWS\System32\USER32.dll
0x00007ffe5ce70000 - 0x00007ffe5ce92000 	C:\WINDOWS\System32\win32u.dll
0x00007ffe42660000 - 0x00007ffe428fa000 	C:\WINDOWS\WinSxS\amd64_microsoft.windows.common-controls_6595b64144ccf1df_6.0.19041.4355_none_60b8b9eb71f62e16\COMCTL32.dll
0x00007ffe5dea0000 - 0x00007ffe5decb000 	C:\WINDOWS\System32\GDI32.dll
0x00007ffe5c5c0000 - 0x00007ffe5c6d7000 	C:\WINDOWS\System32\gdi32full.dll
0x00007ffe5c520000 - 0x00007ffe5c5bd000 	C:\WINDOWS\System32\msvcp_win.dll
0x00007ffe4dc70000 - 0x00007ffe4dc7a000 	C:\WINDOWS\SYSTEM32\VERSION.dll
0x00007ffe5db50000 - 0x00007ffe5db82000 	C:\WINDOWS\System32\IMM32.DLL
0x00007ffe50a30000 - 0x00007ffe50a3c000 	C:\Program Files\Java\jdk-17\bin\vcruntime140_1.dll
0x00007ffe16a70000 - 0x00007ffe16afe000 	C:\Program Files\Java\jdk-17\bin\msvcp140.dll
0x00007ffe11bd0000 - 0x00007ffe127b0000 	C:\Program Files\Java\jdk-17\bin\server\jvm.dll
0x00007ffe5d8c0000 - 0x00007ffe5d8c8000 	C:\WINDOWS\System32\PSAPI.DLL
0x00007ffe4c0e0000 - 0x00007ffe4c107000 	C:\WINDOWS\SYSTEM32\WINMM.dll
0x00007ffe59bb0000 - 0x00007ffe59bb9000 	C:\WINDOWS\SYSTEM32\WSOCK32.dll
0x00007ffe5e6e0000 - 0x00007ffe5e74b000 	C:\WINDOWS\System32\WS2_32.dll
0x00007ffe5ab50000 - 0x00007ffe5ab62000 	C:\WINDOWS\SYSTEM32\kernel.appcore.dll
0x00007ffe4fd20000 - 0x00007ffe4fd2a000 	C:\Program Files\Java\jdk-17\bin\jimage.dll
0x00007ffe4a100000 - 0x00007ffe4a2e4000 	C:\WINDOWS\SYSTEM32\DBGHELP.DLL
0x00007ffe4a0c0000 - 0x00007ffe4a0f4000 	C:\WINDOWS\SYSTEM32\dbgcore.DLL
0x00007ffe5c7c0000 - 0x00007ffe5c842000 	C:\WINDOWS\System32\bcryptPrimitives.dll
0x00007ffe33d90000 - 0x00007ffe33db5000 	C:\Program Files\Java\jdk-17\bin\java.dll
0x00007ffe16990000 - 0x00007ffe16a67000 	C:\Program Files\Java\jdk-17\bin\jsvml.dll
0x00007ffe5d150000 - 0x00007ffe5d8bb000 	C:\WINDOWS\System32\SHELL32.dll
0x00007ffe5a0c0000 - 0x00007ffe5a85d000 	C:\WINDOWS\SYSTEM32\windows.storage.dll
0x00007ffe5ded0000 - 0x00007ffe5e223000 	C:\WINDOWS\System32\combase.dll
0x00007ffe5be70000 - 0x00007ffe5be9e000 	C:\WINDOWS\SYSTEM32\Wldp.dll
0x00007ffe5e870000 - 0x00007ffe5e93d000 	C:\WINDOWS\System32\OLEAUT32.dll
0x00007ffe5d930000 - 0x00007ffe5d9dd000 	C:\WINDOWS\System32\SHCORE.dll
0x00007ffe5d0f0000 - 0x00007ffe5d145000 	C:\WINDOWS\System32\shlwapi.dll
0x00007ffe5c450000 - 0x00007ffe5c474000 	C:\WINDOWS\SYSTEM32\profapi.dll
0x00007ffe50a60000 - 0x00007ffe50a79000 	C:\Program Files\Java\jdk-17\bin\net.dll
0x00007ffe51490000 - 0x00007ffe5159a000 	C:\WINDOWS\SYSTEM32\WINHTTP.dll
0x00007ffe5bbd0000 - 0x00007ffe5bc3a000 	C:\WINDOWS\system32\mswsock.dll
0x00007ffe50a40000 - 0x00007ffe50a56000 	C:\Program Files\Java\jdk-17\bin\nio.dll
0x00007ffe4dfd0000 - 0x00007ffe4dfe8000 	C:\Program Files\Java\jdk-17\bin\zip.dll
0x00007ffe4b730000 - 0x00007ffe4b740000 	C:\Program Files\Java\jdk-17\bin\verify.dll
0x00007ffe52300000 - 0x00007ffe52327000 	C:\Users\ZIDANE\.gradle\native\e1d6ef7f7dcc3fd88c89a11ec53ec762bb8ba0a96d01ffa2cd45eb1d1d8dd5c5\windows-amd64\native-platform.dll
0x00007ffe38fe0000 - 0x00007ffe39124000 	C:\Users\ZIDANE\.gradle\native\0d407fdbe67a94daf76414ababcb853783967236a71b16ec16e742cd7a986fd3\windows-amd64\native-platform-file-events.dll
0x00007ffe4a860000 - 0x00007ffe4a86a000 	C:\Program Files\Java\jdk-17\bin\management.dll
0x00007ffe47ef0000 - 0x00007ffe47efb000 	C:\Program Files\Java\jdk-17\bin\management_ext.dll
0x00007ffe5bdc0000 - 0x00007ffe5bdd8000 	C:\WINDOWS\SYSTEM32\CRYPTSP.dll
0x00007ffe5b4f0000 - 0x00007ffe5b524000 	C:\WINDOWS\system32\rsaenh.dll
0x00007ffe5c400000 - 0x00007ffe5c42e000 	C:\WINDOWS\SYSTEM32\USERENV.dll
0x00007ffe5bde0000 - 0x00007ffe5bdec000 	C:\WINDOWS\SYSTEM32\CRYPTBASE.dll
0x00007ffe5b8b0000 - 0x00007ffe5b8eb000 	C:\WINDOWS\SYSTEM32\IPHLPAPI.DLL
0x00007ffe5de00000 - 0x00007ffe5de08000 	C:\WINDOWS\System32\NSI.dll
0x00007ffe51f40000 - 0x00007ffe51f57000 	C:\WINDOWS\SYSTEM32\dhcpcsvc6.DLL
0x00007ffe51fa0000 - 0x00007ffe51fbd000 	C:\WINDOWS\SYSTEM32\dhcpcsvc.DLL
0x00007ffe5b8f0000 - 0x00007ffe5b9bb000 	C:\WINDOWS\SYSTEM32\DNSAPI.dll
0x00007ffe44950000 - 0x00007ffe4495e000 	C:\Program Files\Java\jdk-17\bin\sunmscapi.dll
0x00007ffe5ccc0000 - 0x00007ffe5ce1e000 	C:\WINDOWS\System32\CRYPT32.dll
0x00007ffe5bee0000 - 0x00007ffe5bf09000 	C:\WINDOWS\SYSTEM32\ncrypt.dll
0x00007ffe5bea0000 - 0x00007ffe5bedb000 	C:\WINDOWS\SYSTEM32\NTASN1.dll
0x00007ffe57ea0000 - 0x00007ffe57ea7000 	C:\WINDOWS\system32\wshunix.dll

dbghelp: loaded successfully - version: 4.0.5 - missing functions: none
symbol engine: initialized successfully - sym options: 0x614 - pdb path: .;C:\Program Files\Java\jdk-17\bin;C:\WINDOWS\SYSTEM32;C:\WINDOWS\WinSxS\amd64_microsoft.windows.common-controls_6595b64144ccf1df_6.0.19041.4355_none_60b8b9eb71f62e16;C:\Program Files\Java\jdk-17\bin\server;C:\Users\ZIDANE\.gradle\native\e1d6ef7f7dcc3fd88c89a11ec53ec762bb8ba0a96d01ffa2cd45eb1d1d8dd5c5\windows-amd64;C:\Users\ZIDANE\.gradle\native\0d407fdbe67a94daf76414ababcb853783967236a71b16ec16e742cd7a986fd3\windows-amd64

VM Arguments:
jvm_args: -XX:MaxMetaspaceSize=512m --add-opens=java.base/java.util=ALL-UNNAMED --add-opens=java.base/java.lang=ALL-UNNAMED --add-opens=java.base/java.lang.invoke=ALL-UNNAMED --add-opens=java.base/java.util=ALL-UNNAMED --add-opens=java.prefs/java.util.prefs=ALL-UNNAMED --add-opens=java.prefs/java.util.prefs=ALL-UNNAMED --add-opens=java.base/java.nio.charset=ALL-UNNAMED --add-opens=java.base/java.net=ALL-UNNAMED --add-opens=java.base/java.util.concurrent.atomic=ALL-UNNAMED -Xmx2048m -Dfile.encoding=windows-1252 -Duser.country=FR -Duser.language=fr -Duser.variant 
java_command: org.gradle.launcher.daemon.bootstrap.GradleDaemon 7.4.2
java_class_path (initial): C:\Users\ZIDANE\.gradle\wrapper\dists\gradle-7.4.2-bin\48ivgl02cpt2ed3fh9dbalvx8\gradle-7.4.2\lib\gradle-launcher-7.4.2.jar
Launcher Type: SUN_STANDARD

[Global flags]
     intx CICompilerCount                          = 3                                         {product} {ergonomic}
   size_t CompressedClassSpaceSize                 = 436207616                                 {product} {ergonomic}
     uint ConcGCThreads                            = 1                                         {product} {ergonomic}
     uint G1ConcRefinementThreads                  = 4                                         {product} {ergonomic}
   size_t G1HeapRegionSize                         = 1048576                                   {product} {ergonomic}
    uintx GCDrainStackTargetSize                   = 64                                        {product} {ergonomic}
   size_t InitialHeapSize                          = 67108864                                  {product} {ergonomic}
   size_t MarkStackSize                            = 4194304                                   {product} {ergonomic}
   size_t MaxHeapSize                              = 2147483648                                {product} {command line}
   size_t MaxMetaspaceSize                         = 536870912                                 {product} {command line}
   size_t MaxNewSize                               = 1287651328                                {product} {ergonomic}
   size_t MinHeapDeltaBytes                        = 1048576                                   {product} {ergonomic}
   size_t MinHeapSize                              = 8388608                                   {product} {ergonomic}
    uintx NonNMethodCodeHeapSize                   = 5832780                                {pd product} {ergonomic}
    uintx NonProfiledCodeHeapSize                  = 122912730                              {pd product} {ergonomic}
    uintx ProfiledCodeHeapSize                     = 122912730                              {pd product} {ergonomic}
    uintx ReservedCodeCacheSize                    = 251658240                              {pd product} {ergonomic}
     bool SegmentedCodeCache                       = true                                      {product} {ergonomic}
   size_t SoftMaxHeapSize                          = 2147483648                             {manageable} {ergonomic}
     bool UseCompressedClassPointers               = true                           {product lp64_product} {ergonomic}
     bool UseCompressedOops                        = true                           {product lp64_product} {ergonomic}
     bool UseG1GC                                  = true                                      {product} {ergonomic}
     bool UseLargePagesIndividualAllocation        = false                                  {pd product} {ergonomic}

Logging:
Log output configuration:
 #0: stdout all=warning uptime,level,tags
 #1: stderr all=off uptime,level,tags

Environment Variables:
JAVA_HOME=C:\Program Files\Java\jdk-17
CLASSPATH=C:\Users\ZIDANE\houseApp\android\\gradle\wrapper\gradle-wrapper.jar
PATH=C:\Users\ZIDANE\houseApp\node_modules\.bin;C:\Users\ZIDANE\houseApp\node_modules\.bin;C:\Users\ZIDANE\node_modules\.bin;C:\Users\node_modules\.bin;C:\node_modules\.bin;C:\Program Files\nodejs\node_modules\npm\node_modules\@npmcli\run-script\lib\node-gyp-bin;C:\Users\ZIDANE\houseApp\node_modules\.bin;C:\Users\ZIDANE\node_modules\.bin;C:\Users\node_modules\.bin;C:\node_modules\.bin;C:\Program Files\nodejs\node_modules\npm\node_modules\@npmcli\run-script\lib\node-gyp-bin;C:\Program Files\Common Files\Oracle\Java\javapath;C:\Program Files (x86)\Common Files\Oracle\Java\java8path;C:\Program Files (x86)\Common Files\Oracle\Java\javapath;C:\Program Files\Java\jdk-17\bin;C:\WINDOWS\system32;C:\WINDOWS;C:\WINDOWS\System32\Wbem;C:\WINDOWS\System32\WindowsPowerShell\v1.0\;C:\WINDOWS\System32\OpenSSH\;C:\Program Files\nodejs\;C:\Program Files\Git\cmd;choco;C:\ProgramData\chocolatey\bin;STM32CubeProgrammer path\bin;C:\Program Files\php-8.3.6;C:\Program Files\Java\jdk-17\bin;C:\WINDOWS\system32;C:\WINDOWS;C:\WINDOWS\System32\Wbem;C:\WINDOWS\System32\WindowsPowerShell\v1.0\;C:\WINDOWS\System32\OpenSSH\;C:\Program Files\nodejs\;C:\Program Files\Git\cmd;choco;C:\ProgramData\chocolatey\bin;STM32CubeProgrammer path\bin;C:\Program Files\php-8.3.6;C:\Users\ZIDANE\AppData\Local\Android\Sdk\tools;C:\Users\ZIDANE\AppData\Local\Microsoft\WindowsApps;C:\Users\ZIDANE\AppData\Local\Programs\Microsoft VS Code\bin;C:\Users\ZIDANE\AppData\Roaming\npm;C:\Users\ZIDANE\AppData\Local\Android\Sdk\platform-tools;C:\flutter\flutter\bin;C:\Program Files\Java\jdk-17\bin;
USERNAME=ZIDANE
LANG=en_US.UTF-8
OS=Windows_NT
PROCESSOR_IDENTIFIER=Intel64 Family 6 Model 58 Stepping 9, GenuineIntel



---------------  S Y S T E M  ---------------

OS:
 Windows 10 , 64 bit Build 19041 (10.0.19041.3636)
OS uptime: 0 days 1:45 hours

CPU: total 4 (initial active 4) (2 cores per cpu, 2 threads per core) family 6 model 58 stepping 9 microcode 0x21, cx8, cmov, fxsr, ht, mmx, sse, sse2, sse3, ssse3, sse4.1, sse4.2, popcnt, tsc, tscinvbit, avx, aes, erms, clmul, vzeroupper, clflush

Memory: 4k page, system-wide physical 3999M (218M free)
TotalPageFile size 16287M (AvailPageFile size 3M)
current process WorkingSet (physical memory assigned to process): 283M, peak: 289M
current process commit charge ("private bytes"): 317M, peak: 324M

vm_info: Java HotSpot(TM) 64-Bit Server VM (17.0.12+8-LTS-286) for windows-amd64 JRE (17.0.12+8-LTS-286), built on Jun  5 2024 06:46:59 by "mach5one" with MS VC++ 17.6 (VS2022)

END.
