#
# There is insufficient memory for the Java Runtime Environment to continue.
# Native memory allocation (mmap) failed to map 859832320 bytes for G1 virtual space
# Possible reasons:
#   The system is out of physical RAM or swap space
#   The process is running with CompressedOops enabled, and the Java Heap may be blocking the growth of the native heap
# Possible solutions:
#   Reduce memory load on the system
#   Increase physical memory or swap space
#   Check if swap backing store is full
#   Decrease Java heap size (-Xmx/-Xms)
#   Decrease number of Java threads
#   Decrease Java thread stack sizes (-Xss)
#   Set larger code cache with -XX:ReservedCodeCacheSize=
#   JVM is running with Zero Based Compressed Oops mode in which the Java heap is
#     placed in the first 32GB address space. The Java Heap base address is the
#     maximum limit for the native heap growth. Please use -XX:HeapBaseMinAddress
#     to set the Java Heap base and to place the Java Heap above 32GB virtual address.
# This output file may be truncated or incomplete.
#
#  Out of Memory Error (os_windows.cpp:3548), pid=15284, tid=5972
#
# JRE version: Java(TM) SE Runtime Environment (17.0.12+8) (build 17.0.12+8-LTS-286)
# Java VM: Java HotSpot(TM) 64-Bit Server VM (17.0.12+8-LTS-286, mixed mode, sharing, tiered, compressed oops, compressed class ptrs, g1 gc, windows-amd64)
# No core dump will be written. Minidumps are not enabled by default on client versions of Windows
#

---------------  S U M M A R Y ------------

Command Line: --add-opens=java.base/java.util=ALL-UNNAMED --add-opens=java.base/java.lang=ALL-UNNAMED --add-opens=java.base/java.lang.invoke=ALL-UNNAMED --add-opens=java.prefs/java.util.prefs=ALL-UNNAMED --add-opens=java.base/java.nio.charset=ALL-UNNAMED --add-opens=java.base/java.net=ALL-UNNAMED --add-opens=java.base/java.util.concurrent.atomic=ALL-UNNAMED -Xmx4608m -Dfile.encoding=windows-1252 -Duser.country=FR -Duser.language=fr -Duser.variant -javaagent:C:\Users\ZIDANE\.gradle\wrapper\dists\gradle-8.8-bin\dl7vupf4psengwqhwktix4v1\gradle-8.8\lib\agents\gradle-instrumentation-agent-8.8.jar org.gradle.launcher.daemon.bootstrap.GradleDaemon 8.8

Host: Intel(R) Core(TM) i5-3320M CPU @ 2.60GHz, 4 cores, 3G,  Windows 10 , 64 bit Build 19041 (10.0.19041.3636)
Time: Sat Sep 28 15:14:22 2024 Afr. centrale Ouest elapsed time: 152.297359 seconds (0d 0h 2m 32s)

---------------  T H R E A D  ---------------

Current thread (0x00000233d26ed460):  VMThread "VM Thread" [stack: 0x000000e50b400000,0x000000e50b500000] [id=5972]

Stack: [0x000000e50b400000,0x000000e50b500000]
Native frames: (J=compiled Java code, j=interpreted, Vv=VM code, C=native code)
V  [jvm.dll+0x67a04a]
V  [jvm.dll+0x7da4ed]
V  [jvm.dll+0x7dbe33]
V  [jvm.dll+0x7dc4a3]
V  [jvm.dll+0x24508f]
V  [jvm.dll+0x677089]
V  [jvm.dll+0x66bd32]
V  [jvm.dll+0x301fa6]
V  [jvm.dll+0x309546]
V  [jvm.dll+0x359d2e]
V  [jvm.dll+0x359f5f]
V  [jvm.dll+0x2d9078]
V  [jvm.dll+0x2d74ad]
V  [jvm.dll+0x2d6afc]
V  [jvm.dll+0x31a65b]
V  [jvm.dll+0x7e0d9b]
V  [jvm.dll+0x7e1ad4]
V  [jvm.dll+0x7e1fed]
V  [jvm.dll+0x7e23c4]
V  [jvm.dll+0x7e2490]
V  [jvm.dll+0x78abea]
V  [jvm.dll+0x678f35]
C  [ucrtbase.dll+0x21bb2]
C  [KERNEL32.DLL+0x17344]
C  [ntdll.dll+0x526b1]

VM_Operation (0x000000e50c4fe690): G1CollectForAllocation, mode: safepoint, requested by thread 0x00000233fc04a660


---------------  P R O C E S S  ---------------

Threads class SMR info:
_java_thread_list=0x00000233c38ef2e0, length=99, elements={
0x00000233d261d690, 0x00000233f7da6f90, 0x00000233f7da79c0, 0x00000233f7dc0a40,
0x00000233f7dc1310, 0x00000233f7dc1be0, 0x00000233f7dc34c0, 0x00000233f7dca690,
0x00000233f7dcb050, 0x00000233f7dd6140, 0x00000233fc04ab70, 0x00000233fc04b080,
0x00000233fc04a660, 0x00000233fc049220, 0x00000233fc04a150, 0x00000233fc048d10,
0x00000233fc049730, 0x00000233fc049c40, 0x00000233fc04b590, 0x00000233fc04baa0,
0x00000233fc04bfb0, 0x00000233fd723000, 0x00000233fd722af0, 0x00000233fd724e60,
0x00000233fd723f30, 0x00000233fd724440, 0x00000233fd725370, 0x00000233fd724950,
0x00000233fd725880, 0x00000233fd7220d0, 0x00000233fd7225e0, 0x00000233fd723a20,
0x00000233c1132eb0, 0x00000233c112d390, 0x00000233c112d8a0, 0x00000233c112f700,
0x00000233c1132490, 0x00000233c112c460, 0x00000233c112c970, 0x00000233c112ece0,
0x00000233c1130b40, 0x00000233c112fc10, 0x00000233c11333c0, 0x00000233c112ce80,
0x00000233c112f1f0, 0x00000233c1131a70, 0x00000233c1130120, 0x00000233c1130630,
0x00000233c11338d0, 0x00000233c112ddb0, 0x00000233c112e2c0, 0x00000233c11329a0,
0x00000233fc048800, 0x00000233c21cd790, 0x00000233c21cf5f0, 0x00000233c21cf0e0,
0x00000233c21c9ad0, 0x00000233c21cdca0, 0x00000233c21c95c0, 0x00000233c21ce1b0,
0x00000233c21cc350, 0x00000233c21c90b0, 0x00000233c21ce6c0, 0x00000233c21caf10,
0x00000233c21c9fe0, 0x00000233c21cebd0, 0x00000233c21cbe40, 0x00000233c21cc860,
0x00000233c21c8180, 0x00000233c21cb930, 0x00000233c21ca4f0, 0x00000233c21cfb00,
0x00000233c21c8690, 0x00000233c21c8ba0, 0x00000233c21caa00, 0x00000233c3372fb0,
0x00000233c336ede0, 0x00000233c336f2f0, 0x00000233c3375d40, 0x00000233c3372590,
0x00000233c3372aa0, 0x00000233c3371660, 0x00000233c33734c0, 0x00000233c33739d0,
0x00000233c3372080, 0x00000233c336fd10, 0x00000233c3374900, 0x00000233c33743f0,
0x00000233fd723510, 0x00000233c8895830, 0x00000233c88994f0, 0x00000233c8896250,
0x00000233c8898fe0, 0x00000233c8899f10, 0x00000233c889a930, 0x00000233c8899a00,
0x00000233c889ae40, 0x00000233c8898ad0, 0x00000233c8895d40
}

Java Threads: ( => current thread )
  0x00000233d261d690 JavaThread "main" [_thread_blocked, id=1316, stack(0x000000e50ae00000,0x000000e50af00000)]
  0x00000233f7da6f90 JavaThread "Reference Handler" daemon [_thread_blocked, id=1464, stack(0x000000e50b500000,0x000000e50b600000)]
  0x00000233f7da79c0 JavaThread "Finalizer" daemon [_thread_blocked, id=4676, stack(0x000000e50b600000,0x000000e50b700000)]
  0x00000233f7dc0a40 JavaThread "Signal Dispatcher" daemon [_thread_blocked, id=12760, stack(0x000000e50b800000,0x000000e50b900000)]
  0x00000233f7dc1310 JavaThread "Attach Listener" daemon [_thread_blocked, id=424, stack(0x000000e50b900000,0x000000e50ba00000)]
  0x00000233f7dc1be0 JavaThread "Service Thread" daemon [_thread_blocked, id=11888, stack(0x000000e50ba00000,0x000000e50bb00000)]
  0x00000233f7dc34c0 JavaThread "Monitor Deflation Thread" daemon [_thread_blocked, id=4424, stack(0x000000e50bb00000,0x000000e50bc00000)]
  0x00000233f7dca690 JavaThread "C2 CompilerThread0" daemon [_thread_blocked, id=15312, stack(0x000000e50bc00000,0x000000e50bd00000)]
  0x00000233f7dcb050 JavaThread "C1 CompilerThread0" daemon [_thread_blocked, id=15696, stack(0x000000e50bd00000,0x000000e50be00000)]
  0x00000233f7dd6140 JavaThread "Sweeper thread" daemon [_thread_blocked, id=16116, stack(0x000000e50be00000,0x000000e50bf00000)]
  0x00000233fc04ab70 JavaThread "Common-Cleaner" daemon [_thread_blocked, id=15564, stack(0x000000e50bf00000,0x000000e50c000000)]
  0x00000233fc04b080 JavaThread "Notification Thread" daemon [_thread_blocked, id=16060, stack(0x000000e50c000000,0x000000e50c100000)]
  0x00000233fc04a660 JavaThread "Daemon health stats" [_thread_blocked, id=2936, stack(0x000000e50c400000,0x000000e50c500000)]
  0x00000233fc049220 JavaThread "Incoming local TCP Connector on port 57241" [_thread_in_native, id=15936, stack(0x000000e50c600000,0x000000e50c700000)]
  0x00000233fc04a150 JavaThread "Daemon periodic checks" [_thread_blocked, id=7728, stack(0x000000e50c700000,0x000000e50c800000)]
  0x00000233fc048d10 JavaThread "Daemon" [_thread_blocked, id=468, stack(0x000000e50c800000,0x000000e50c900000)]
  0x00000233fc049730 JavaThread "Handler for socket connection from /127.0.0.1:57241 to /127.0.0.1:57242" [_thread_in_native, id=14476, stack(0x000000e50c900000,0x000000e50ca00000)]
  0x00000233fc049c40 JavaThread "Cancel handler" [_thread_blocked, id=16044, stack(0x000000e50ca00000,0x000000e50cb00000)]
  0x00000233fc04b590 JavaThread "Daemon worker" [_thread_blocked, id=416, stack(0x000000e50cb00000,0x000000e50cc00000)]
  0x00000233fc04baa0 JavaThread "Asynchronous log dispatcher for DefaultDaemonConnection: socket connection from /127.0.0.1:57241 to /127.0.0.1:57242" [_thread_blocked, id=15316, stack(0x000000e50cc00000,0x000000e50cd00000)]
  0x00000233fc04bfb0 JavaThread "Stdin handler" [_thread_blocked, id=15000, stack(0x000000e50cd00000,0x000000e50ce00000)]
  0x00000233fd723000 JavaThread "Daemon client event forwarder" [_thread_blocked, id=4816, stack(0x000000e50ce00000,0x000000e50cf00000)]
  0x00000233fd722af0 JavaThread "Cache worker for journal cache (C:\Users\ZIDANE\.gradle\caches\journal-1)" [_thread_blocked, id=13740, stack(0x000000e50cf00000,0x000000e50d000000)]
  0x00000233fd724e60 JavaThread "File lock request listener" [_thread_in_native, id=10520, stack(0x000000e50d000000,0x000000e50d100000)]
  0x00000233fd723f30 JavaThread "Cache worker for file hash cache (C:\Users\ZIDANE\.gradle\caches\8.8\fileHashes)" [_thread_blocked, id=1188, stack(0x000000e50d100000,0x000000e50d200000)]
  0x00000233fd724440 JavaThread "Cache worker for file hash cache (C:\Users\ZIDANE\houseApp\android\.gradle\8.8\fileHashes)" [_thread_blocked, id=4036, stack(0x000000e50d200000,0x000000e50d300000)]
  0x00000233fd725370 JavaThread "File watcher server" daemon [_thread_blocked, id=3632, stack(0x000000e50d300000,0x000000e50d400000)]
  0x00000233fd724950 JavaThread "File watcher consumer" daemon [_thread_blocked, id=15184, stack(0x000000e50d400000,0x000000e50d500000)]
  0x00000233fd725880 JavaThread "Cache worker for checksums cache (C:\Users\ZIDANE\houseApp\android\.gradle\8.8\checksums)" [_thread_blocked, id=15512, stack(0x000000e50d500000,0x000000e50d600000)]
  0x00000233fd7220d0 JavaThread "Cache worker for file content cache (C:\Users\ZIDANE\.gradle\caches\8.8\fileContent)" [_thread_blocked, id=480, stack(0x000000e50d600000,0x000000e50d700000)]
  0x00000233fd7225e0 JavaThread "Cache worker for cache directory md-rule (C:\Users\ZIDANE\.gradle\caches\8.8\md-rule)" [_thread_blocked, id=8976, stack(0x000000e50d700000,0x000000e50d800000)]
  0x00000233fd723a20 JavaThread "Cache worker for cache directory md-supplier (C:\Users\ZIDANE\.gradle\caches\8.8\md-supplier)" [_thread_blocked, id=10200, stack(0x000000e50d800000,0x000000e50d900000)]
  0x00000233c1132eb0 JavaThread "jar transforms" [_thread_blocked, id=13944, stack(0x000000e50d900000,0x000000e50da00000)]
  0x00000233c112d390 JavaThread "Unconstrained build operations" [_thread_blocked, id=12344, stack(0x000000e50da00000,0x000000e50db00000)]
  0x00000233c112d8a0 JavaThread "Unconstrained build operations Thread 2" [_thread_blocked, id=14536, stack(0x000000e50db00000,0x000000e50dc00000)]
  0x00000233c112f700 JavaThread "Unconstrained build operations Thread 3" [_thread_blocked, id=14412, stack(0x000000e50dc00000,0x000000e50dd00000)]
  0x00000233c1132490 JavaThread "Unconstrained build operations Thread 4" [_thread_blocked, id=12740, stack(0x000000e50dd00000,0x000000e50de00000)]
  0x00000233c112c460 JavaThread "Unconstrained build operations Thread 5" [_thread_blocked, id=14664, stack(0x000000e50de00000,0x000000e50df00000)]
  0x00000233c112c970 JavaThread "Unconstrained build operations Thread 6" [_thread_blocked, id=8392, stack(0x000000e50df00000,0x000000e50e000000)]
  0x00000233c112ece0 JavaThread "Cache worker for Build Output Cleanup Cache (C:\Users\ZIDANE\houseApp\node_modules\@react-native\gradle-plugin\.gradle\buildOutputCleanup)" [_thread_blocked, id=3168, stack(0x000000e50e000000,0x000000e50e100000)]
  0x00000233c1130b40 JavaThread "Unconstrained build operations Thread 7" [_thread_blocked, id=14596, stack(0x000000e50e100000,0x000000e50e200000)]
  0x00000233c112fc10 JavaThread "Unconstrained build operations Thread 8" [_thread_blocked, id=12668, stack(0x000000e50e200000,0x000000e50e300000)]
  0x00000233c11333c0 JavaThread "Unconstrained build operations Thread 9" [_thread_blocked, id=2216, stack(0x000000e50e300000,0x000000e50e400000)]
  0x00000233c112ce80 JavaThread "Unconstrained build operations Thread 10" [_thread_blocked, id=1848, stack(0x000000e50e400000,0x000000e50e500000)]
  0x00000233c112f1f0 JavaThread "Unconstrained build operations Thread 11" [_thread_blocked, id=1180, stack(0x000000e50e500000,0x000000e50e600000)]
  0x00000233c1131a70 JavaThread "Unconstrained build operations Thread 12" [_thread_blocked, id=16028, stack(0x000000e50e600000,0x000000e50e700000)]
  0x00000233c1130120 JavaThread "Unconstrained build operations Thread 13" [_thread_blocked, id=16072, stack(0x000000e50e700000,0x000000e50e800000)]
  0x00000233c1130630 JavaThread "Unconstrained build operations Thread 14" [_thread_blocked, id=5916, stack(0x000000e50e800000,0x000000e50e900000)]
  0x00000233c11338d0 JavaThread "Unconstrained build operations Thread 15" [_thread_blocked, id=14580, stack(0x000000e50e900000,0x000000e50ea00000)]
  0x00000233c112ddb0 JavaThread "Memory manager" [_thread_blocked, id=5016, stack(0x000000e50ea00000,0x000000e50eb00000)]
  0x00000233c112e2c0 JavaThread "build event listener" [_thread_blocked, id=3728, stack(0x000000e50eb00000,0x000000e50ec00000)]
  0x00000233c11329a0 JavaThread "ForkJoinPool.commonPool-worker-2" daemon [_thread_blocked, id=8892, stack(0x000000e50ed00000,0x000000e50ee00000)]
  0x00000233fc048800 JavaThread "ForkJoinPool.commonPool-worker-3" daemon [_thread_blocked, id=6580, stack(0x000000e50ee00000,0x000000e50ef00000)]
  0x00000233c21cd790 JavaThread "included builds" [_thread_blocked, id=620, stack(0x000000e50f200000,0x000000e50f300000)]
  0x00000233c21cf5f0 JavaThread "Execution worker" [_thread_blocked, id=1068, stack(0x000000e50f300000,0x000000e50f400000)]
  0x00000233c21cf0e0 JavaThread "Execution worker Thread 2" [_thread_blocked, id=15420, stack(0x000000e50f400000,0x000000e50f500000)]
  0x00000233c21c9ad0 JavaThread "Execution worker Thread 3" [_thread_blocked, id=8900, stack(0x000000e50f500000,0x000000e50f600000)]
  0x00000233c21cdca0 JavaThread "Cache worker for execution history cache (C:\Users\ZIDANE\houseApp\node_modules\@react-native\gradle-plugin\.gradle\8.8\executionHistory)" [_thread_blocked, id=3252, stack(0x000000e50f600000,0x000000e50f700000)]
  0x00000233c21c95c0 JavaThread "Unconstrained build operations Thread 16" [_thread_blocked, id=4236, stack(0x000000e50f700000,0x000000e50f800000)]
  0x00000233c21ce1b0 JavaThread "Unconstrained build operations Thread 17" [_thread_blocked, id=6300, stack(0x000000e50f800000,0x000000e50f900000)]
  0x00000233c21cc350 JavaThread "Unconstrained build operations Thread 18" [_thread_blocked, id=1632, stack(0x000000e50f900000,0x000000e50fa00000)]
  0x00000233c21c90b0 JavaThread "Unconstrained build operations Thread 19" [_thread_blocked, id=13824, stack(0x000000e50fa00000,0x000000e50fb00000)]
  0x00000233c21ce6c0 JavaThread "Unconstrained build operations Thread 20" [_thread_blocked, id=12340, stack(0x000000e50fb00000,0x000000e50fc00000)]
  0x00000233c21caf10 JavaThread "Unconstrained build operations Thread 21" [_thread_blocked, id=6552, stack(0x000000e50fc00000,0x000000e50fd00000)]
  0x00000233c21c9fe0 JavaThread "Unconstrained build operations Thread 22" [_thread_blocked, id=6504, stack(0x000000e50fd00000,0x000000e50fe00000)]
  0x00000233c21cebd0 JavaThread "Unconstrained build operations Thread 23" [_thread_blocked, id=13240, stack(0x000000e50fe00000,0x000000e50ff00000)]
  0x00000233c21cbe40 JavaThread "Unconstrained build operations Thread 24" [_thread_blocked, id=15024, stack(0x000000e50ff00000,0x000000e510000000)]
  0x00000233c21cc860 JavaThread "Unconstrained build operations Thread 25" [_thread_blocked, id=15832, stack(0x000000e510000000,0x000000e510100000)]
  0x00000233c21c8180 JavaThread "Unconstrained build operations Thread 26" [_thread_blocked, id=14356, stack(0x000000e510100000,0x000000e510200000)]
  0x00000233c21cb930 JavaThread "Unconstrained build operations Thread 27" [_thread_blocked, id=14456, stack(0x000000e510200000,0x000000e510300000)]
  0x00000233c21ca4f0 JavaThread "Unconstrained build operations Thread 28" [_thread_blocked, id=2360, stack(0x000000e510300000,0x000000e510400000)]
  0x00000233c21cfb00 JavaThread "Unconstrained build operations Thread 29" [_thread_blocked, id=15004, stack(0x000000e510400000,0x000000e510500000)]
  0x00000233c21c8690 JavaThread "Unconstrained build operations Thread 30" [_thread_blocked, id=13160, stack(0x000000e510500000,0x000000e510600000)]
  0x00000233c21c8ba0 JavaThread "Unconstrained build operations Thread 31" [_thread_blocked, id=13852, stack(0x000000e510600000,0x000000e510700000)]
  0x00000233c21caa00 JavaThread "Unconstrained build operations Thread 32" [_thread_blocked, id=13604, stack(0x000000e510700000,0x000000e510800000)]
  0x00000233c3372fb0 JavaThread "Unconstrained build operations Thread 33" [_thread_blocked, id=12644, stack(0x000000e510800000,0x000000e510900000)]
  0x00000233c336ede0 JavaThread "Unconstrained build operations Thread 34" [_thread_blocked, id=15072, stack(0x000000e510900000,0x000000e510a00000)]
  0x00000233c336f2f0 JavaThread "Unconstrained build operations Thread 35" [_thread_blocked, id=14392, stack(0x000000e510a00000,0x000000e510b00000)]
  0x00000233c3375d40 JavaThread "Unconstrained build operations Thread 36" [_thread_blocked, id=14696, stack(0x000000e510b00000,0x000000e510c00000)]
  0x00000233c3372590 JavaThread "jar transforms Thread 2" [_thread_blocked, id=1724, stack(0x000000e510c00000,0x000000e510d00000)]
  0x00000233c3372aa0 JavaThread "Cache worker for Build Output Cleanup Cache (C:\Users\ZIDANE\houseApp\android\.gradle\buildOutputCleanup)" [_thread_blocked, id=15816, stack(0x000000e510f00000,0x000000e511000000)]
  0x00000233c3371660 JavaThread "jar transforms Thread 3" [_thread_blocked, id=6032, stack(0x000000e511000000,0x000000e511100000)]
  0x00000233c33734c0 JavaThread "Unconstrained build operations Thread 37" [_thread_blocked, id=1328, stack(0x000000e511100000,0x000000e511200000)]
  0x00000233c33739d0 JavaThread "Unconstrained build operations Thread 38" [_thread_blocked, id=13924, stack(0x000000e511200000,0x000000e511300000)]
  0x00000233c3372080 JavaThread "Unconstrained build operations Thread 39" [_thread_blocked, id=12476, stack(0x000000e511300000,0x000000e511400000)]
  0x00000233c336fd10 JavaThread "Unconstrained build operations Thread 40" [_thread_blocked, id=14496, stack(0x000000e511400000,0x000000e511500000)]
  0x00000233c3374900 JavaThread "jar transforms Thread 4" [_thread_blocked, id=16272, stack(0x000000e511500000,0x000000e511600000)]
  0x00000233c33743f0 JavaThread "build event listener" [_thread_blocked, id=2088, stack(0x000000e511600000,0x000000e511700000)]
  0x00000233fd723510 JavaThread "Cache worker for execution history cache (C:\Users\ZIDANE\houseApp\android\.gradle\8.8\executionHistory)" [_thread_blocked, id=14312, stack(0x000000e50ac00000,0x000000e50ad00000)]
  0x00000233c8895830 JavaThread "WorkerExecutor Queue" [_thread_blocked, id=5852, stack(0x000000e50ad00000,0x000000e50ae00000)]
  0x00000233c88994f0 JavaThread "WorkerExecutor Queue Thread 2" [_thread_blocked, id=16172, stack(0x000000e50b700000,0x000000e50b800000)]
  0x00000233c8896250 JavaThread "WorkerExecutor Queue Thread 3" [_thread_blocked, id=11096, stack(0x000000e511700000,0x000000e511800000)]
  0x00000233c8898fe0 JavaThread "Exec process Thread 4" [_thread_in_native, id=6188, stack(0x000000e50ef00000,0x000000e50f000000)]
  0x00000233c8899f10 JavaThread "Exec process Thread 5" [_thread_in_native, id=6192, stack(0x000000e50f000000,0x000000e50f100000)]
  0x00000233c889a930 JavaThread "Exec process Thread 6" [_thread_in_native, id=5000, stack(0x000000e50f100000,0x000000e50f200000)]
  0x00000233c8899a00 JavaThread "ForkJoinPool-1-worker-1" daemon [_thread_blocked, id=4600, stack(0x000000e511800000,0x000000e511900000)]
  0x00000233c889ae40 JavaThread "ForkJoinPool-1-worker-2" daemon [_thread_blocked, id=6880, stack(0x000000e511900000,0x000000e511a00000)]
  0x00000233c8898ad0 JavaThread "ForkJoinPool-1-worker-3" daemon [_thread_blocked, id=7932, stack(0x000000e511a00000,0x000000e511b00000)]
  0x00000233c8895d40 JavaThread "ForkJoinPool-1-worker-4" daemon [_thread_blocked, id=6456, stack(0x000000e511b00000,0x000000e511c00000)]

Other Threads:
=>0x00000233d26ed460 VMThread "VM Thread" [stack: 0x000000e50b400000,0x000000e50b500000] [id=5972]
  0x00000233d269ceb0 WatcherThread [stack: 0x000000e50c100000,0x000000e50c200000] [id=15560]
  0x00000233d268c1f0 GCTaskThread "GC Thread#0" [stack: 0x000000e50af00000,0x000000e50b000000] [id=15884]
  0x00000233fc212070 GCTaskThread "GC Thread#1" [stack: 0x000000e50c200000,0x000000e50c300000] [id=7784]
  0x00000233fc1d07c0 GCTaskThread "GC Thread#2" [stack: 0x000000e50c300000,0x000000e50c400000] [id=840]
  0x00000233fc217280 GCTaskThread "GC Thread#3" [stack: 0x000000e50c500000,0x000000e50c600000] [id=13756]
  0x00000233d2695f50 ConcurrentGCThread "G1 Main Marker" [stack: 0x000000e50b000000,0x000000e50b100000] [id=15168]
  0x00000233d2696f10 ConcurrentGCThread "G1 Conc#0" [stack: 0x000000e50b100000,0x000000e50b200000] [id=15788]
  0x00000233d26cb880 ConcurrentGCThread "G1 Refine#0" [stack: 0x000000e50b200000,0x000000e50b300000] [id=11732]
  0x00000233c85cf430 ConcurrentGCThread "G1 Refine#1" [stack: 0x000000e511c00000,0x000000e511d00000] [id=15516]
  0x00000233c86559b0 ConcurrentGCThread "G1 Refine#2" [stack: 0x000000e511d00000,0x000000e511e00000] [id=13820]
  0x00000233c3c64cb0 ConcurrentGCThread "G1 Refine#3" [stack: 0x000000e511e00000,0x000000e511f00000] [id=14376]
  0x00000233d26cc0c0 ConcurrentGCThread "G1 Service" [stack: 0x000000e50b300000,0x000000e50b400000] [id=15492]

Threads with active compile tasks:
C2 CompilerThread0   153058 23299       4       com.android.tools.r8.internal.h30::b (258 bytes)

VM state: at safepoint (normal execution)

VM Mutex/Monitor currently owned by a thread:  ([mutex/lock_event])
[0x00000233d2618840] Threads_lock - owner thread: 0x00000233d26ed460
[0x00000233d2619d10] Heap_lock - owner thread: 0x00000233fc04a660

Heap address: 0x00000006e0000000, size: 4608 MB, Compressed Oops mode: Zero based, Oop shift amount: 3

CDS archive(s) mapped at: [0x0000023380000000-0x0000023380bd0000-0x0000023380bd0000), size 12386304, SharedBaseAddress: 0x0000023380000000, ArchiveRelocationMode: 1.
Compressed class space mapped at: 0x0000023381000000-0x00000233c1000000, reserved size: 1073741824
Narrow klass base: 0x0000023380000000, Narrow klass shift: 0, Narrow klass range: 0x100000000

GC Precious Log:
 CPUs: 4 total, 4 available
 Memory: 3999M
 Large Page Support: Disabled
 NUMA Support: Disabled
 Compressed Oops: Enabled (Zero based)
 Heap Region Size: 4M
 Heap Min Capacity: 8M
 Heap Initial Capacity: 64M
 Heap Max Capacity: 4608M
 Pre-touch: Disabled
 Parallel Workers: 4
 Concurrent Workers: 1
 Concurrent Refinement Workers: 4
 Periodic GC: Disabled

Heap:
 garbage-first heap   total 1024000K, used 547835K [0x00000006e0000000, 0x0000000800000000)
  region size 4096K, 1 young (4096K), 1 survivors (4096K)
 Metaspace       used 129769K, committed 131264K, reserved 1179648K
  class space    used 18049K, committed 18752K, reserved 1048576K

Heap Regions: E=young(eden), S=young(survivor), O=old, HS=humongous(starts), HC=humongous(continues), CS=collection set, F=free, OA=open archive, CA=closed archive, TAMS=top-at-mark-start (previous, next)
|   0|0x00000006e0000000, 0x00000006e0400000, 0x00000006e0400000|100%|HS|  |TAMS 0x00000006e0400000, 0x00000006e0000000| Complete 
|   1|0x00000006e0400000, 0x00000006e0800000, 0x00000006e0800000|100%| O|  |TAMS 0x00000006e0800000, 0x00000006e0400000| Untracked 
|   2|0x00000006e0800000, 0x00000006e0c00000, 0x00000006e0c00000|100%| O|  |TAMS 0x00000006e0c00000, 0x00000006e0800000| Untracked 
|   3|0x00000006e0c00000, 0x00000006e1000000, 0x00000006e1000000|100%| O|  |TAMS 0x00000006e1000000, 0x00000006e0c00000| Untracked 
|   4|0x00000006e1000000, 0x00000006e1400000, 0x00000006e1400000|100%| O|  |TAMS 0x00000006e1400000, 0x00000006e1000000| Untracked 
|   5|0x00000006e1400000, 0x00000006e1800000, 0x00000006e1800000|100%| O|  |TAMS 0x00000006e1800000, 0x00000006e1400000| Untracked 
|   6|0x00000006e1800000, 0x00000006e1c00000, 0x00000006e1c00000|100%| O|  |TAMS 0x00000006e1c00000, 0x00000006e1800000| Untracked 
|   7|0x00000006e1c00000, 0x00000006e2000000, 0x00000006e2000000|100%| O|  |TAMS 0x00000006e2000000, 0x00000006e1c00000| Untracked 
|   8|0x00000006e2000000, 0x00000006e2400000, 0x00000006e2400000|100%| O|  |TAMS 0x00000006e2400000, 0x00000006e2000000| Untracked 
|   9|0x00000006e2400000, 0x00000006e2800000, 0x00000006e2800000|100%|HS|  |TAMS 0x00000006e2800000, 0x00000006e2400000| Complete 
|  10|0x00000006e2800000, 0x00000006e2c00000, 0x00000006e2c00000|100%|HS|  |TAMS 0x00000006e2c00000, 0x00000006e2800000| Complete 
|  11|0x00000006e2c00000, 0x00000006e3000000, 0x00000006e3000000|100%| O|  |TAMS 0x00000006e3000000, 0x00000006e2c00000| Untracked 
|  12|0x00000006e3000000, 0x00000006e3400000, 0x00000006e3400000|100%| O|  |TAMS 0x00000006e3400000, 0x00000006e3000000| Untracked 
|  13|0x00000006e3400000, 0x00000006e3800000, 0x00000006e3800000|100%| O|  |TAMS 0x00000006e3800000, 0x00000006e3400000| Untracked 
|  14|0x00000006e3800000, 0x00000006e3c00000, 0x00000006e3c00000|100%| O|  |TAMS 0x00000006e3800000, 0x00000006e3800000| Untracked 
|  15|0x00000006e3c00000, 0x00000006e4000000, 0x00000006e4000000|100%| O|  |TAMS 0x00000006e4000000, 0x00000006e3c00000| Untracked 
|  16|0x00000006e4000000, 0x00000006e4400000, 0x00000006e4400000|100%| O|  |TAMS 0x00000006e4400000, 0x00000006e4000000| Untracked 
|  17|0x00000006e4400000, 0x00000006e4800000, 0x00000006e4800000|100%| O|  |TAMS 0x00000006e4800000, 0x00000006e4400000| Untracked 
|  18|0x00000006e4800000, 0x00000006e4c00000, 0x00000006e4c00000|100%| O|  |TAMS 0x00000006e4c00000, 0x00000006e4800000| Untracked 
|  19|0x00000006e4c00000, 0x00000006e5000000, 0x00000006e5000000|100%| O|  |TAMS 0x00000006e5000000, 0x00000006e4c00000| Untracked 
|  20|0x00000006e5000000, 0x00000006e5400000, 0x00000006e5400000|100%| O|  |TAMS 0x00000006e5400000, 0x00000006e5000000| Untracked 
|  21|0x00000006e5400000, 0x00000006e5800000, 0x00000006e5800000|100%| O|  |TAMS 0x00000006e5800000, 0x00000006e5400000| Untracked 
|  22|0x00000006e5800000, 0x00000006e5c00000, 0x00000006e5c00000|100%| O|  |TAMS 0x00000006e5c00000, 0x00000006e5800000| Untracked 
|  23|0x00000006e5c00000, 0x00000006e6000000, 0x00000006e6000000|100%| O|  |TAMS 0x00000006e6000000, 0x00000006e5c00000| Untracked 
|  24|0x00000006e6000000, 0x00000006e6400000, 0x00000006e6400000|100%| O|  |TAMS 0x00000006e6400000, 0x00000006e6000000| Untracked 
|  25|0x00000006e6400000, 0x00000006e6800000, 0x00000006e6800000|100%| O|  |TAMS 0x00000006e6800000, 0x00000006e6400000| Untracked 
|  26|0x00000006e6800000, 0x00000006e6c00000, 0x00000006e6c00000|100%| O|  |TAMS 0x00000006e6c00000, 0x00000006e6800000| Untracked 
|  27|0x00000006e6c00000, 0x00000006e7000000, 0x00000006e7000000|100%| O|  |TAMS 0x00000006e7000000, 0x00000006e6c00000| Untracked 
|  28|0x00000006e7000000, 0x00000006e7400000, 0x00000006e7400000|100%| O|  |TAMS 0x00000006e7400000, 0x00000006e7000000| Untracked 
|  29|0x00000006e7400000, 0x00000006e7800000, 0x00000006e7800000|100%| O|  |TAMS 0x00000006e7800000, 0x00000006e7400000| Untracked 
|  30|0x00000006e7800000, 0x00000006e7c00000, 0x00000006e7c00000|100%| O|  |TAMS 0x00000006e7c00000, 0x00000006e7800000| Untracked 
|  31|0x00000006e7c00000, 0x00000006e8000000, 0x00000006e8000000|100%| O|  |TAMS 0x00000006e7c00000, 0x00000006e7c00000| Untracked 
|  32|0x00000006e8000000, 0x00000006e8400000, 0x00000006e8400000|100%| O|  |TAMS 0x00000006e8000000, 0x00000006e8000000| Untracked 
|  33|0x00000006e8400000, 0x00000006e8800000, 0x00000006e8800000|100%| O|  |TAMS 0x00000006e8400000, 0x00000006e8400000| Untracked 
|  34|0x00000006e8800000, 0x00000006e8c00000, 0x00000006e8c00000|100%| O|  |TAMS 0x00000006e8800000, 0x00000006e8800000| Untracked 
|  35|0x00000006e8c00000, 0x00000006e9000000, 0x00000006e9000000|100%| O|  |TAMS 0x00000006e8c00000, 0x00000006e8c00000| Untracked 
|  36|0x00000006e9000000, 0x00000006e9400000, 0x00000006e9400000|100%| O|  |TAMS 0x00000006e9000000, 0x00000006e9000000| Untracked 
|  37|0x00000006e9400000, 0x00000006e9800000, 0x00000006e9800000|100%| O|  |TAMS 0x00000006e9400000, 0x00000006e9400000| Untracked 
|  38|0x00000006e9800000, 0x00000006e9c00000, 0x00000006e9c00000|100%| O|  |TAMS 0x00000006e9800000, 0x00000006e9800000| Untracked 
|  39|0x00000006e9c00000, 0x00000006ea000000, 0x00000006ea000000|100%| O|  |TAMS 0x00000006e9c00000, 0x00000006e9c00000| Untracked 
|  40|0x00000006ea000000, 0x00000006ea400000, 0x00000006ea400000|100%| O|  |TAMS 0x00000006ea000000, 0x00000006ea000000| Untracked 
|  41|0x00000006ea400000, 0x00000006ea800000, 0x00000006ea800000|100%| O|  |TAMS 0x00000006ea400000, 0x00000006ea400000| Untracked 
|  42|0x00000006ea800000, 0x00000006eac00000, 0x00000006eac00000|100%| O|  |TAMS 0x00000006ea800000, 0x00000006ea800000| Untracked 
|  43|0x00000006eac00000, 0x00000006eb000000, 0x00000006eb000000|100%| O|  |TAMS 0x00000006eac00000, 0x00000006eac00000| Untracked 
|  44|0x00000006eb000000, 0x00000006eb400000, 0x00000006eb400000|100%| O|  |TAMS 0x00000006eb000000, 0x00000006eb000000| Untracked 
|  45|0x00000006eb400000, 0x00000006eb800000, 0x00000006eb800000|100%| O|  |TAMS 0x00000006eb400000, 0x00000006eb400000| Untracked 
|  46|0x00000006eb800000, 0x00000006ebc00000, 0x00000006ebc00000|100%| O|  |TAMS 0x00000006eb800000, 0x00000006eb800000| Untracked 
|  47|0x00000006ebc00000, 0x00000006ec000000, 0x00000006ec000000|100%| O|  |TAMS 0x00000006ebc00000, 0x00000006ebc00000| Untracked 
|  48|0x00000006ec000000, 0x00000006ec400000, 0x00000006ec400000|100%| O|  |TAMS 0x00000006ec000000, 0x00000006ec000000| Untracked 
|  49|0x00000006ec400000, 0x00000006ec800000, 0x00000006ec800000|100%| O|  |TAMS 0x00000006ec400000, 0x00000006ec400000| Untracked 
|  50|0x00000006ec800000, 0x00000006ecc00000, 0x00000006ecc00000|100%| O|  |TAMS 0x00000006ec800000, 0x00000006ec800000| Untracked 
|  51|0x00000006ecc00000, 0x00000006ed000000, 0x00000006ed000000|100%| O|  |TAMS 0x00000006ecc00000, 0x00000006ecc00000| Untracked 
|  52|0x00000006ed000000, 0x00000006ed400000, 0x00000006ed400000|100%| O|  |TAMS 0x00000006ed000000, 0x00000006ed000000| Untracked 
|  53|0x00000006ed400000, 0x00000006ed800000, 0x00000006ed800000|100%| O|  |TAMS 0x00000006ed400000, 0x00000006ed400000| Untracked 
|  54|0x00000006ed800000, 0x00000006edc00000, 0x00000006edc00000|100%| O|  |TAMS 0x00000006ed800000, 0x00000006ed800000| Untracked 
|  55|0x00000006edc00000, 0x00000006ee000000, 0x00000006ee000000|100%| O|  |TAMS 0x00000006edc00000, 0x00000006edc00000| Untracked 
|  56|0x00000006ee000000, 0x00000006ee400000, 0x00000006ee400000|100%| O|  |TAMS 0x00000006ee000000, 0x00000006ee000000| Untracked 
|  57|0x00000006ee400000, 0x00000006ee800000, 0x00000006ee800000|100%|HS|  |TAMS 0x00000006ee400000, 0x00000006ee400000| Complete 
|  58|0x00000006ee800000, 0x00000006eec00000, 0x00000006eec00000|100%| O|  |TAMS 0x00000006ee800000, 0x00000006ee800000| Untracked 
|  59|0x00000006eec00000, 0x00000006ef000000, 0x00000006ef000000|100%| O|  |TAMS 0x00000006eec00000, 0x00000006eec00000| Untracked 
|  60|0x00000006ef000000, 0x00000006ef400000, 0x00000006ef400000|100%| O|  |TAMS 0x00000006ef000000, 0x00000006ef000000| Untracked 
|  61|0x00000006ef400000, 0x00000006ef800000, 0x00000006ef800000|100%|HS|  |TAMS 0x00000006ef400000, 0x00000006ef400000| Complete 
|  62|0x00000006ef800000, 0x00000006efc00000, 0x00000006efc00000|100%| O|  |TAMS 0x00000006ef800000, 0x00000006ef800000| Untracked 
|  63|0x00000006efc00000, 0x00000006f0000000, 0x00000006f0000000|100%| O|  |TAMS 0x00000006efc00000, 0x00000006efc00000| Untracked 
|  64|0x00000006f0000000, 0x00000006f0400000, 0x00000006f0400000|100%| O|  |TAMS 0x00000006f0000000, 0x00000006f0000000| Untracked 
|  65|0x00000006f0400000, 0x00000006f0800000, 0x00000006f0800000|100%| O|  |TAMS 0x00000006f0400000, 0x00000006f0400000| Untracked 
|  66|0x00000006f0800000, 0x00000006f0c00000, 0x00000006f0c00000|100%| O|  |TAMS 0x00000006f0800000, 0x00000006f0800000| Untracked 
|  67|0x00000006f0c00000, 0x00000006f1000000, 0x00000006f1000000|100%| O|  |TAMS 0x00000006f0c00000, 0x00000006f0c00000| Untracked 
|  68|0x00000006f1000000, 0x00000006f1400000, 0x00000006f1400000|100%| O|  |TAMS 0x00000006f1000000, 0x00000006f1000000| Untracked 
|  69|0x00000006f1400000, 0x00000006f1800000, 0x00000006f1800000|100%| O|  |TAMS 0x00000006f1400000, 0x00000006f1400000| Untracked 
|  70|0x00000006f1800000, 0x00000006f1c00000, 0x00000006f1c00000|100%| O|  |TAMS 0x00000006f1800000, 0x00000006f1800000| Untracked 
|  71|0x00000006f1c00000, 0x00000006f2000000, 0x00000006f2000000|100%| O|  |TAMS 0x00000006f1c00000, 0x00000006f1c00000| Untracked 
|  72|0x00000006f2000000, 0x00000006f2400000, 0x00000006f2400000|100%| O|  |TAMS 0x00000006f2000000, 0x00000006f2000000| Untracked 
|  73|0x00000006f2400000, 0x00000006f2800000, 0x00000006f2800000|100%| O|  |TAMS 0x00000006f2400000, 0x00000006f2400000| Untracked 
|  74|0x00000006f2800000, 0x00000006f2c00000, 0x00000006f2c00000|100%| O|  |TAMS 0x00000006f2800000, 0x00000006f2800000| Untracked 
|  75|0x00000006f2c00000, 0x00000006f3000000, 0x00000006f3000000|100%| O|  |TAMS 0x00000006f2c00000, 0x00000006f2c00000| Untracked 
|  76|0x00000006f3000000, 0x00000006f3400000, 0x00000006f3400000|100%| O|  |TAMS 0x00000006f3000000, 0x00000006f3000000| Untracked 
|  77|0x00000006f3400000, 0x00000006f3800000, 0x00000006f3800000|100%| O|  |TAMS 0x00000006f3400000, 0x00000006f3400000| Untracked 
|  78|0x00000006f3800000, 0x00000006f3c00000, 0x00000006f3c00000|100%| O|  |TAMS 0x00000006f3800000, 0x00000006f3800000| Untracked 
|  79|0x00000006f3c00000, 0x00000006f4000000, 0x00000006f4000000|100%| O|  |TAMS 0x00000006f3c00000, 0x00000006f3c00000| Untracked 
|  80|0x00000006f4000000, 0x00000006f4400000, 0x00000006f4400000|100%| O|  |TAMS 0x00000006f4000000, 0x00000006f4000000| Untracked 
|  81|0x00000006f4400000, 0x00000006f4800000, 0x00000006f4800000|100%| O|  |TAMS 0x00000006f4400000, 0x00000006f4400000| Untracked 
|  82|0x00000006f4800000, 0x00000006f4c00000, 0x00000006f4c00000|100%| O|  |TAMS 0x00000006f4800000, 0x00000006f4800000| Untracked 
|  83|0x00000006f4c00000, 0x00000006f5000000, 0x00000006f5000000|100%| O|  |TAMS 0x00000006f4c00000, 0x00000006f4c00000| Untracked 
|  84|0x00000006f5000000, 0x00000006f5400000, 0x00000006f5400000|100%| O|  |TAMS 0x00000006f5000000, 0x00000006f5000000| Untracked 
|  85|0x00000006f5400000, 0x00000006f5800000, 0x00000006f5800000|100%| O|  |TAMS 0x00000006f5400000, 0x00000006f5400000| Untracked 
|  86|0x00000006f5800000, 0x00000006f5c00000, 0x00000006f5c00000|100%| O|  |TAMS 0x00000006f5800000, 0x00000006f5800000| Untracked 
|  87|0x00000006f5c00000, 0x00000006f6000000, 0x00000006f6000000|100%| O|  |TAMS 0x00000006f5c00000, 0x00000006f5c00000| Untracked 
|  88|0x00000006f6000000, 0x00000006f6400000, 0x00000006f6400000|100%| O|  |TAMS 0x00000006f6000000, 0x00000006f6000000| Untracked 
|  89|0x00000006f6400000, 0x00000006f6800000, 0x00000006f6800000|100%| O|  |TAMS 0x00000006f6400000, 0x00000006f6400000| Untracked 
|  90|0x00000006f6800000, 0x00000006f6c00000, 0x00000006f6c00000|100%| O|  |TAMS 0x00000006f6800000, 0x00000006f6800000| Untracked 
|  91|0x00000006f6c00000, 0x00000006f7000000, 0x00000006f7000000|100%| O|  |TAMS 0x00000006f6c00000, 0x00000006f6c00000| Untracked 
|  92|0x00000006f7000000, 0x00000006f7400000, 0x00000006f7400000|100%| O|  |TAMS 0x00000006f7000000, 0x00000006f7000000| Untracked 
|  93|0x00000006f7400000, 0x00000006f7800000, 0x00000006f7800000|100%| O|  |TAMS 0x00000006f7400000, 0x00000006f7400000| Untracked 
|  94|0x00000006f7800000, 0x00000006f7c00000, 0x00000006f7c00000|100%| O|  |TAMS 0x00000006f7800000, 0x00000006f7800000| Untracked 
|  95|0x00000006f7c00000, 0x00000006f8000000, 0x00000006f8000000|100%| O|  |TAMS 0x00000006f7c00000, 0x00000006f7c00000| Untracked 
|  96|0x00000006f8000000, 0x00000006f8400000, 0x00000006f8400000|100%| O|  |TAMS 0x00000006f8000000, 0x00000006f8000000| Untracked 
|  97|0x00000006f8400000, 0x00000006f8800000, 0x00000006f8800000|100%| O|  |TAMS 0x00000006f8400000, 0x00000006f8400000| Untracked 
|  98|0x00000006f8800000, 0x00000006f8c00000, 0x00000006f8c00000|100%| O|  |TAMS 0x00000006f8800000, 0x00000006f8800000| Untracked 
|  99|0x00000006f8c00000, 0x00000006f9000000, 0x00000006f9000000|100%| O|  |TAMS 0x00000006f8c00000, 0x00000006f8c00000| Untracked 
| 100|0x00000006f9000000, 0x00000006f9400000, 0x00000006f9400000|100%| O|  |TAMS 0x00000006f9000000, 0x00000006f9000000| Untracked 
| 101|0x00000006f9400000, 0x00000006f9800000, 0x00000006f9800000|100%| O|  |TAMS 0x00000006f9400000, 0x00000006f9400000| Untracked 
| 102|0x00000006f9800000, 0x00000006f9c00000, 0x00000006f9c00000|100%| O|  |TAMS 0x00000006f9800000, 0x00000006f9800000| Untracked 
| 103|0x00000006f9c00000, 0x00000006fa000000, 0x00000006fa000000|100%| O|  |TAMS 0x00000006f9c00000, 0x00000006f9c00000| Untracked 
| 104|0x00000006fa000000, 0x00000006fa400000, 0x00000006fa400000|100%| O|  |TAMS 0x00000006fa000000, 0x00000006fa000000| Untracked 
| 105|0x00000006fa400000, 0x00000006fa800000, 0x00000006fa800000|100%| O|  |TAMS 0x00000006fa400000, 0x00000006fa400000| Untracked 
| 106|0x00000006fa800000, 0x00000006fac00000, 0x00000006fac00000|100%| O|  |TAMS 0x00000006fa800000, 0x00000006fa800000| Untracked 
| 107|0x00000006fac00000, 0x00000006fb000000, 0x00000006fb000000|100%| O|  |TAMS 0x00000006fac00000, 0x00000006fac00000| Untracked 
| 108|0x00000006fb000000, 0x00000006fb400000, 0x00000006fb400000|100%| O|  |TAMS 0x00000006fb000000, 0x00000006fb000000| Untracked 
| 109|0x00000006fb400000, 0x00000006fb800000, 0x00000006fb800000|100%| O|  |TAMS 0x00000006fb400000, 0x00000006fb400000| Untracked 
| 110|0x00000006fb800000, 0x00000006fbc00000, 0x00000006fbc00000|100%| O|  |TAMS 0x00000006fb800000, 0x00000006fb800000| Untracked 
| 111|0x00000006fbc00000, 0x00000006fc000000, 0x00000006fc000000|100%| O|  |TAMS 0x00000006fbc00000, 0x00000006fbc00000| Untracked 
| 112|0x00000006fc000000, 0x00000006fc400000, 0x00000006fc400000|100%| O|  |TAMS 0x00000006fc000000, 0x00000006fc000000| Untracked 
| 113|0x00000006fc400000, 0x00000006fc800000, 0x00000006fc800000|100%| O|  |TAMS 0x00000006fc400000, 0x00000006fc400000| Untracked 
| 114|0x00000006fc800000, 0x00000006fcc00000, 0x00000006fcc00000|100%| O|  |TAMS 0x00000006fc800000, 0x00000006fc800000| Untracked 
| 115|0x00000006fcc00000, 0x00000006fd000000, 0x00000006fd000000|100%| O|  |TAMS 0x00000006fcc00000, 0x00000006fcc00000| Untracked 
| 116|0x00000006fd000000, 0x00000006fd400000, 0x00000006fd400000|100%| O|  |TAMS 0x00000006fd000000, 0x00000006fd000000| Untracked 
| 117|0x00000006fd400000, 0x00000006fd800000, 0x00000006fd800000|100%| O|  |TAMS 0x00000006fd400000, 0x00000006fd400000| Untracked 
| 118|0x00000006fd800000, 0x00000006fdc00000, 0x00000006fdc00000|100%| O|  |TAMS 0x00000006fd800000, 0x00000006fd800000| Untracked 
| 119|0x00000006fdc00000, 0x00000006fe000000, 0x00000006fe000000|100%| O|  |TAMS 0x00000006fdc00000, 0x00000006fdc00000| Untracked 
| 120|0x00000006fe000000, 0x00000006fe400000, 0x00000006fe400000|100%| O|  |TAMS 0x00000006fe000000, 0x00000006fe000000| Untracked 
| 121|0x00000006fe400000, 0x00000006fe800000, 0x00000006fe800000|100%| O|  |TAMS 0x00000006fe400000, 0x00000006fe400000| Untracked 
| 122|0x00000006fe800000, 0x00000006fec00000, 0x00000006fec00000|100%| O|  |TAMS 0x00000006fe800000, 0x00000006fe800000| Untracked 
| 123|0x00000006fec00000, 0x00000006ff000000, 0x00000006ff000000|100%| O|  |TAMS 0x00000006fec00000, 0x00000006fec00000| Untracked 
| 124|0x00000006ff000000, 0x00000006ff400000, 0x00000006ff400000|100%| O|  |TAMS 0x00000006ff000000, 0x00000006ff000000| Untracked 
| 125|0x00000006ff400000, 0x00000006ff800000, 0x00000006ff800000|100%| O|  |TAMS 0x00000006ff400000, 0x00000006ff400000| Untracked 
| 126|0x00000006ff800000, 0x00000006ffc00000, 0x00000006ffc00000|100%|HS|  |TAMS 0x00000006ff800000, 0x00000006ff800000| Complete 
| 127|0x00000006ffc00000, 0x0000000700000000, 0x0000000700000000|100%|HC|  |TAMS 0x00000006ffc00000, 0x00000006ffc00000| Complete 
| 128|0x0000000700000000, 0x0000000700400000, 0x0000000700400000|100%|HC|  |TAMS 0x0000000700000000, 0x0000000700000000| Complete 
| 129|0x0000000700400000, 0x0000000700800000, 0x0000000700800000|100%|HS|  |TAMS 0x0000000700400000, 0x0000000700400000| Complete 
| 130|0x0000000700800000, 0x0000000700c00000, 0x0000000700c00000|100%|HC|  |TAMS 0x0000000700800000, 0x0000000700800000| Complete 
| 131|0x0000000700c00000, 0x0000000701000000, 0x0000000701000000|100%|HC|  |TAMS 0x0000000700c00000, 0x0000000700c00000| Complete 
| 132|0x0000000701000000, 0x0000000701400000, 0x0000000701400000|100%| O|  |TAMS 0x0000000701000000, 0x0000000701000000| Untracked 
| 133|0x0000000701400000, 0x00000007015db400, 0x0000000701800000| 46%| O|  |TAMS 0x0000000701400000, 0x0000000701400000| Untracked 
| 134|0x0000000701800000, 0x0000000701800000, 0x0000000701c00000|  0%| F|  |TAMS 0x0000000701800000, 0x0000000701800000| Untracked 
| 135|0x0000000701c00000, 0x0000000701c00000, 0x0000000702000000|  0%| F|  |TAMS 0x0000000701c00000, 0x0000000701c00000| Untracked 
| 136|0x0000000702000000, 0x0000000702000000, 0x0000000702400000|  0%| F|  |TAMS 0x0000000702000000, 0x0000000702000000| Untracked 
| 137|0x0000000702400000, 0x0000000702400000, 0x0000000702800000|  0%| F|  |TAMS 0x0000000702400000, 0x0000000702400000| Untracked 
| 138|0x0000000702800000, 0x0000000702800000, 0x0000000702c00000|  0%| F|  |TAMS 0x0000000702800000, 0x0000000702800000| Untracked 
| 139|0x0000000702c00000, 0x0000000702c00000, 0x0000000703000000|  0%| F|  |TAMS 0x0000000702c00000, 0x0000000702c00000| Untracked 
| 140|0x0000000703000000, 0x0000000703000000, 0x0000000703400000|  0%| F|  |TAMS 0x0000000703000000, 0x0000000703000000| Untracked 
| 141|0x0000000703400000, 0x0000000703400000, 0x0000000703800000|  0%| F|  |TAMS 0x0000000703400000, 0x0000000703400000| Untracked 
| 142|0x0000000703800000, 0x0000000703800000, 0x0000000703c00000|  0%| F|  |TAMS 0x0000000703800000, 0x0000000703800000| Untracked 
| 143|0x0000000703c00000, 0x0000000703c00000, 0x0000000704000000|  0%| F|  |TAMS 0x0000000703c00000, 0x0000000703c00000| Untracked 
| 144|0x0000000704000000, 0x0000000704000000, 0x0000000704400000|  0%| F|  |TAMS 0x0000000704000000, 0x0000000704000000| Untracked 
| 145|0x0000000704400000, 0x0000000704400000, 0x0000000704800000|  0%| F|  |TAMS 0x0000000704400000, 0x0000000704400000| Untracked 
| 146|0x0000000704800000, 0x0000000704800000, 0x0000000704c00000|  0%| F|  |TAMS 0x0000000704800000, 0x0000000704800000| Untracked 
| 147|0x0000000704c00000, 0x0000000704c00000, 0x0000000705000000|  0%| F|  |TAMS 0x0000000704c00000, 0x0000000704c00000| Untracked 
| 148|0x0000000705000000, 0x0000000705000000, 0x0000000705400000|  0%| F|  |TAMS 0x0000000705000000, 0x0000000705000000| Untracked 
| 149|0x0000000705400000, 0x0000000705400000, 0x0000000705800000|  0%| F|  |TAMS 0x0000000705400000, 0x0000000705400000| Untracked 
| 150|0x0000000705800000, 0x0000000705800000, 0x0000000705c00000|  0%| F|  |TAMS 0x0000000705800000, 0x0000000705800000| Untracked 
| 151|0x0000000705c00000, 0x0000000705c00000, 0x0000000706000000|  0%| F|  |TAMS 0x0000000705c00000, 0x0000000705c00000| Untracked 
| 152|0x0000000706000000, 0x0000000706000000, 0x0000000706400000|  0%| F|  |TAMS 0x0000000706000000, 0x0000000706000000| Untracked 
| 153|0x0000000706400000, 0x0000000706400000, 0x0000000706800000|  0%| F|  |TAMS 0x0000000706400000, 0x0000000706400000| Untracked 
| 154|0x0000000706800000, 0x0000000706800000, 0x0000000706c00000|  0%| F|  |TAMS 0x0000000706800000, 0x0000000706800000| Untracked 
| 155|0x0000000706c00000, 0x0000000706c00000, 0x0000000707000000|  0%| F|  |TAMS 0x0000000706c00000, 0x0000000706c00000| Untracked 
| 156|0x0000000707000000, 0x0000000707000000, 0x0000000707400000|  0%| F|  |TAMS 0x0000000707000000, 0x0000000707000000| Untracked 
| 157|0x0000000707400000, 0x0000000707400000, 0x0000000707800000|  0%| F|  |TAMS 0x0000000707400000, 0x0000000707400000| Untracked 
| 158|0x0000000707800000, 0x0000000707800000, 0x0000000707c00000|  0%| F|  |TAMS 0x0000000707800000, 0x0000000707800000| Untracked 
| 159|0x0000000707c00000, 0x0000000707c00000, 0x0000000708000000|  0%| F|  |TAMS 0x0000000707c00000, 0x0000000707c00000| Untracked 
| 160|0x0000000708000000, 0x0000000708000000, 0x0000000708400000|  0%| F|  |TAMS 0x0000000708000000, 0x0000000708000000| Untracked 
| 161|0x0000000708400000, 0x0000000708400000, 0x0000000708800000|  0%| F|  |TAMS 0x0000000708400000, 0x0000000708400000| Untracked 
| 162|0x0000000708800000, 0x0000000708800000, 0x0000000708c00000|  0%| F|  |TAMS 0x0000000708800000, 0x0000000708800000| Untracked 
| 163|0x0000000708c00000, 0x0000000708c00000, 0x0000000709000000|  0%| F|  |TAMS 0x0000000708c00000, 0x0000000708c00000| Untracked 
| 164|0x0000000709000000, 0x0000000709000000, 0x0000000709400000|  0%| F|  |TAMS 0x0000000709000000, 0x0000000709000000| Untracked 
| 165|0x0000000709400000, 0x0000000709400000, 0x0000000709800000|  0%| F|  |TAMS 0x0000000709400000, 0x0000000709400000| Untracked 
| 166|0x0000000709800000, 0x0000000709800000, 0x0000000709c00000|  0%| F|  |TAMS 0x0000000709800000, 0x0000000709800000| Untracked 
| 167|0x0000000709c00000, 0x0000000709c00000, 0x000000070a000000|  0%| F|  |TAMS 0x0000000709c00000, 0x0000000709c00000| Untracked 
| 168|0x000000070a000000, 0x000000070a000000, 0x000000070a400000|  0%| F|  |TAMS 0x000000070a000000, 0x000000070a000000| Untracked 
| 169|0x000000070a400000, 0x000000070a400000, 0x000000070a800000|  0%| F|  |TAMS 0x000000070a400000, 0x000000070a400000| Untracked 
| 170|0x000000070a800000, 0x000000070a800000, 0x000000070ac00000|  0%| F|  |TAMS 0x000000070a800000, 0x000000070a800000| Untracked 
| 171|0x000000070ac00000, 0x000000070ac00000, 0x000000070b000000|  0%| F|  |TAMS 0x000000070ac00000, 0x000000070ac00000| Untracked 
| 172|0x000000070b000000, 0x000000070b000000, 0x000000070b400000|  0%| F|  |TAMS 0x000000070b000000, 0x000000070b000000| Untracked 
| 173|0x000000070b400000, 0x000000070b400000, 0x000000070b800000|  0%| F|  |TAMS 0x000000070b400000, 0x000000070b400000| Untracked 
| 174|0x000000070b800000, 0x000000070b800000, 0x000000070bc00000|  0%| F|  |TAMS 0x000000070b800000, 0x000000070b800000| Untracked 
| 175|0x000000070bc00000, 0x000000070bc00000, 0x000000070c000000|  0%| F|  |TAMS 0x000000070bc00000, 0x000000070bc00000| Untracked 
| 176|0x000000070c000000, 0x000000070c000000, 0x000000070c400000|  0%| F|  |TAMS 0x000000070c000000, 0x000000070c000000| Untracked 
| 177|0x000000070c400000, 0x000000070c400000, 0x000000070c800000|  0%| F|  |TAMS 0x000000070c400000, 0x000000070c400000| Untracked 
| 178|0x000000070c800000, 0x000000070c800000, 0x000000070cc00000|  0%| F|  |TAMS 0x000000070c800000, 0x000000070c800000| Untracked 
| 179|0x000000070cc00000, 0x000000070cc00000, 0x000000070d000000|  0%| F|  |TAMS 0x000000070cc00000, 0x000000070cc00000| Untracked 
| 180|0x000000070d000000, 0x000000070d000000, 0x000000070d400000|  0%| F|  |TAMS 0x000000070d000000, 0x000000070d000000| Untracked 
| 181|0x000000070d400000, 0x000000070d400000, 0x000000070d800000|  0%| F|  |TAMS 0x000000070d400000, 0x000000070d400000| Untracked 
| 182|0x000000070d800000, 0x000000070d800000, 0x000000070dc00000|  0%| F|  |TAMS 0x000000070d800000, 0x000000070d800000| Untracked 
| 183|0x000000070dc00000, 0x000000070dc00000, 0x000000070e000000|  0%| F|  |TAMS 0x000000070dc00000, 0x000000070dc00000| Untracked 
| 184|0x000000070e000000, 0x000000070e000000, 0x000000070e400000|  0%| F|  |TAMS 0x000000070e000000, 0x000000070e000000| Untracked 
| 185|0x000000070e400000, 0x000000070e400000, 0x000000070e800000|  0%| F|  |TAMS 0x000000070e400000, 0x000000070e400000| Untracked 
| 186|0x000000070e800000, 0x000000070e800000, 0x000000070ec00000|  0%| F|  |TAMS 0x000000070e800000, 0x000000070e800000| Untracked 
| 187|0x000000070ec00000, 0x000000070ec00000, 0x000000070f000000|  0%| F|  |TAMS 0x000000070ec00000, 0x000000070ec00000| Untracked 
| 188|0x000000070f000000, 0x000000070f000000, 0x000000070f400000|  0%| F|  |TAMS 0x000000070f000000, 0x000000070f000000| Untracked 
| 189|0x000000070f400000, 0x000000070f400000, 0x000000070f800000|  0%| F|  |TAMS 0x000000070f400000, 0x000000070f400000| Untracked 
| 190|0x000000070f800000, 0x000000070f800000, 0x000000070fc00000|  0%| F|  |TAMS 0x000000070f800000, 0x000000070f800000| Untracked 
| 191|0x000000070fc00000, 0x000000070fc00000, 0x0000000710000000|  0%| F|  |TAMS 0x000000070fc00000, 0x000000070fc00000| Untracked 
| 192|0x0000000710000000, 0x0000000710000000, 0x0000000710400000|  0%| F|  |TAMS 0x0000000710000000, 0x0000000710000000| Untracked 
| 193|0x0000000710400000, 0x0000000710400000, 0x0000000710800000|  0%| F|  |TAMS 0x0000000710400000, 0x0000000710400000| Untracked 
| 194|0x0000000710800000, 0x0000000710800000, 0x0000000710c00000|  0%| F|  |TAMS 0x0000000710800000, 0x0000000710800000| Untracked 
| 195|0x0000000710c00000, 0x0000000710c00000, 0x0000000711000000|  0%| F|  |TAMS 0x0000000710c00000, 0x0000000710c00000| Untracked 
| 196|0x0000000711000000, 0x0000000711000000, 0x0000000711400000|  0%| F|  |TAMS 0x0000000711000000, 0x0000000711000000| Untracked 
| 197|0x0000000711400000, 0x0000000711400000, 0x0000000711800000|  0%| F|  |TAMS 0x0000000711400000, 0x0000000711400000| Untracked 
| 198|0x0000000711800000, 0x0000000711800000, 0x0000000711c00000|  0%| F|  |TAMS 0x0000000711800000, 0x0000000711800000| Untracked 
| 199|0x0000000711c00000, 0x0000000711c00000, 0x0000000712000000|  0%| F|  |TAMS 0x0000000711c00000, 0x0000000711c00000| Untracked 
| 200|0x0000000712000000, 0x0000000712000000, 0x0000000712400000|  0%| F|  |TAMS 0x0000000712000000, 0x0000000712000000| Untracked 
| 201|0x0000000712400000, 0x0000000712400000, 0x0000000712800000|  0%| F|  |TAMS 0x0000000712400000, 0x0000000712400000| Untracked 
| 202|0x0000000712800000, 0x0000000712800000, 0x0000000712c00000|  0%| F|  |TAMS 0x0000000712800000, 0x0000000712800000| Untracked 
| 203|0x0000000712c00000, 0x0000000712c00000, 0x0000000713000000|  0%| F|  |TAMS 0x0000000712c00000, 0x0000000712c00000| Untracked 
| 204|0x0000000713000000, 0x0000000713000000, 0x0000000713400000|  0%| F|  |TAMS 0x0000000713000000, 0x0000000713000000| Untracked 
| 205|0x0000000713400000, 0x0000000713400000, 0x0000000713800000|  0%| F|  |TAMS 0x0000000713400000, 0x0000000713400000| Untracked 
| 206|0x0000000713800000, 0x0000000713800000, 0x0000000713c00000|  0%| F|  |TAMS 0x0000000713800000, 0x0000000713800000| Untracked 
| 207|0x0000000713c00000, 0x0000000713c00000, 0x0000000714000000|  0%| F|  |TAMS 0x0000000713c00000, 0x0000000713c00000| Untracked 
| 208|0x0000000714000000, 0x0000000714000000, 0x0000000714400000|  0%| F|  |TAMS 0x0000000714000000, 0x0000000714000000| Untracked 
| 209|0x0000000714400000, 0x0000000714400000, 0x0000000714800000|  0%| F|  |TAMS 0x0000000714400000, 0x0000000714400000| Untracked 
| 210|0x0000000714800000, 0x0000000714800000, 0x0000000714c00000|  0%| F|  |TAMS 0x0000000714800000, 0x0000000714800000| Untracked 
| 211|0x0000000714c00000, 0x0000000714c00000, 0x0000000715000000|  0%| F|  |TAMS 0x0000000714c00000, 0x0000000714c00000| Untracked 
| 212|0x0000000715000000, 0x0000000715000000, 0x0000000715400000|  0%| F|  |TAMS 0x0000000715000000, 0x0000000715000000| Untracked 
| 213|0x0000000715400000, 0x0000000715400000, 0x0000000715800000|  0%| F|  |TAMS 0x0000000715400000, 0x0000000715400000| Untracked 
| 214|0x0000000715800000, 0x0000000715800000, 0x0000000715c00000|  0%| F|  |TAMS 0x0000000715800000, 0x0000000715800000| Untracked 
| 215|0x0000000715c00000, 0x0000000715c00000, 0x0000000716000000|  0%| F|  |TAMS 0x0000000715c00000, 0x0000000715c00000| Untracked 
| 216|0x0000000716000000, 0x0000000716000000, 0x0000000716400000|  0%| F|  |TAMS 0x0000000716000000, 0x0000000716000000| Untracked 
| 217|0x0000000716400000, 0x0000000716400000, 0x0000000716800000|  0%| F|  |TAMS 0x0000000716400000, 0x0000000716400000| Untracked 
| 218|0x0000000716800000, 0x0000000716800000, 0x0000000716c00000|  0%| F|  |TAMS 0x0000000716800000, 0x0000000716800000| Untracked 
| 219|0x0000000716c00000, 0x0000000716c00000, 0x0000000717000000|  0%| F|  |TAMS 0x0000000716c00000, 0x0000000716c00000| Untracked 
| 220|0x0000000717000000, 0x0000000717000000, 0x0000000717400000|  0%| F|  |TAMS 0x0000000717000000, 0x0000000717000000| Untracked 
| 221|0x0000000717400000, 0x0000000717400000, 0x0000000717800000|  0%| F|  |TAMS 0x0000000717400000, 0x0000000717400000| Untracked 
| 222|0x0000000717800000, 0x0000000717800000, 0x0000000717c00000|  0%| F|  |TAMS 0x0000000717800000, 0x0000000717800000| Untracked 
| 223|0x0000000717c00000, 0x0000000717c00000, 0x0000000718000000|  0%| F|  |TAMS 0x0000000717c00000, 0x0000000717c00000| Untracked 
| 224|0x0000000718000000, 0x0000000718000000, 0x0000000718400000|  0%| F|  |TAMS 0x0000000718000000, 0x0000000718000000| Untracked 
| 225|0x0000000718400000, 0x0000000718400000, 0x0000000718800000|  0%| F|  |TAMS 0x0000000718400000, 0x0000000718400000| Untracked 
| 226|0x0000000718800000, 0x0000000718800000, 0x0000000718c00000|  0%| F|  |TAMS 0x0000000718800000, 0x0000000718800000| Untracked 
| 227|0x0000000718c00000, 0x0000000718c00000, 0x0000000719000000|  0%| F|  |TAMS 0x0000000718c00000, 0x0000000718c00000| Untracked 
| 228|0x0000000719000000, 0x0000000719000000, 0x0000000719400000|  0%| F|  |TAMS 0x0000000719000000, 0x0000000719000000| Untracked 
| 229|0x0000000719400000, 0x0000000719400000, 0x0000000719800000|  0%| F|  |TAMS 0x0000000719400000, 0x0000000719400000| Untracked 
| 230|0x0000000719800000, 0x0000000719800000, 0x0000000719c00000|  0%| F|  |TAMS 0x0000000719800000, 0x0000000719800000| Untracked 
| 231|0x0000000719c00000, 0x0000000719c00000, 0x000000071a000000|  0%| F|  |TAMS 0x0000000719c00000, 0x0000000719c00000| Untracked 
| 232|0x000000071a000000, 0x000000071a000000, 0x000000071a400000|  0%| F|  |TAMS 0x000000071a000000, 0x000000071a000000| Untracked 
| 233|0x000000071a400000, 0x000000071a400000, 0x000000071a800000|  0%| F|  |TAMS 0x000000071a400000, 0x000000071a400000| Untracked 
| 234|0x000000071a800000, 0x000000071a800000, 0x000000071ac00000|  0%| F|  |TAMS 0x000000071a800000, 0x000000071a800000| Untracked 
| 235|0x000000071ac00000, 0x000000071ac00000, 0x000000071b000000|  0%| F|  |TAMS 0x000000071ac00000, 0x000000071ac00000| Untracked 
| 236|0x000000071b000000, 0x000000071b000000, 0x000000071b400000|  0%| F|  |TAMS 0x000000071b000000, 0x000000071b000000| Untracked 
| 237|0x000000071b400000, 0x000000071b523880, 0x000000071b800000| 28%| S|CS|TAMS 0x000000071b400000, 0x000000071b400000| Complete 
| 238|0x000000071b800000, 0x000000071b800000, 0x000000071bc00000|  0%| F|  |TAMS 0x000000071b800000, 0x000000071b800000| Untracked 
| 239|0x000000071bc00000, 0x000000071bc00000, 0x000000071c000000|  0%| F|  |TAMS 0x000000071bc00000, 0x000000071bc00000| Untracked 
| 240|0x000000071c000000, 0x000000071c000000, 0x000000071c400000|  0%| F|  |TAMS 0x000000071c000000, 0x000000071c000000| Untracked 
| 241|0x000000071c400000, 0x000000071c400000, 0x000000071c800000|  0%| F|  |TAMS 0x000000071c400000, 0x000000071c400000| Untracked 
| 242|0x000000071c800000, 0x000000071c800000, 0x000000071cc00000|  0%| F|  |TAMS 0x000000071c800000, 0x000000071c800000| Untracked 
| 243|0x000000071cc00000, 0x000000071cc00000, 0x000000071d000000|  0%| F|  |TAMS 0x000000071cc00000, 0x000000071cc00000| Untracked 
| 244|0x000000071d000000, 0x000000071d000000, 0x000000071d400000|  0%| F|  |TAMS 0x000000071d000000, 0x000000071d000000| Untracked 
| 245|0x000000071d400000, 0x000000071d400000, 0x000000071d800000|  0%| F|  |TAMS 0x000000071d400000, 0x000000071d400000| Untracked 
| 246|0x000000071d800000, 0x000000071d800000, 0x000000071dc00000|  0%| F|  |TAMS 0x000000071d800000, 0x000000071d800000| Untracked 
| 247|0x000000071dc00000, 0x000000071dc00000, 0x000000071e000000|  0%| F|  |TAMS 0x000000071dc00000, 0x000000071dc00000| Untracked 
| 248|0x000000071e000000, 0x000000071e000000, 0x000000071e400000|  0%| F|  |TAMS 0x000000071e000000, 0x000000071e000000| Untracked 
| 249|0x000000071e400000, 0x000000071e400000, 0x000000071e800000|  0%| F|  |TAMS 0x000000071e400000, 0x000000071e400000| Untracked 

Card table byte_map: [0x00000233eb5e0000,0x00000233ebee0000] _byte_map_base: 0x00000233e7ee0000

Marking Bits (Prev, Next): (CMBitMap*) 0x00000233d268c620, (CMBitMap*) 0x00000233d268c660
 Prev Bits: [0x00000233ec7e0000, 0x00000233f0fe0000)
 Next Bits: [0x00000233f0fe0000, 0x00000233f57e0000)

Polling page: 0x00000233d24e0000

Metaspace:

Usage:
  Non-class:    109.10 MB used.
      Class:     17.63 MB used.
       Both:    126.73 MB used.

Virtual space:
  Non-class space:      128.00 MB reserved,     109.88 MB ( 86%) committed,  2 nodes.
      Class space:        1.00 GB reserved,      18.31 MB (  2%) committed,  1 nodes.
             Both:        1.12 GB reserved,     128.19 MB ( 11%) committed. 

Chunk freelists:
   Non-Class:  1.20 MB
       Class:  13.64 MB
        Both:  14.84 MB

MaxMetaspaceSize: unlimited
CompressedClassSpaceSize: 1.00 GB
Initial GC threshold: 21.00 MB
Current GC threshold: 159.06 MB
CDS: on
MetaspaceReclaimPolicy: balanced
 - commit_granule_bytes: 65536.
 - commit_granule_words: 8192.
 - virtual_space_node_default_size: 8388608.
 - enlarge_chunks_in_place: 1.
 - new_chunks_are_fully_committed: 0.
 - uncommit_free_chunks: 1.
 - use_allocation_guard: 0.
 - handle_deallocations: 1.


Internal statistics:

num_allocs_failed_limit: 9.
num_arena_births: 2106.
num_arena_deaths: 0.
num_vsnodes_births: 3.
num_vsnodes_deaths: 0.
num_space_committed: 2050.
num_space_uncommitted: 0.
num_chunks_returned_to_freelist: 9.
num_chunks_taken_from_freelist: 8004.
num_chunk_merges: 9.
num_chunk_splits: 5122.
num_chunks_enlarged: 3174.
num_inconsistent_stats: 0.

CodeHeap 'non-profiled nmethods': size=120000Kb used=12524Kb max_used=12577Kb free=107475Kb
 bounds [0x00000233e3180000, 0x00000233e3dd0000, 0x00000233ea6b0000]
CodeHeap 'profiled nmethods': size=120000Kb used=34207Kb max_used=34629Kb free=85792Kb
 bounds [0x00000233db6b0000, 0x00000233dd910000, 0x00000233e2be0000]
CodeHeap 'non-nmethods': size=5760Kb used=2471Kb max_used=2517Kb free=3288Kb
 bounds [0x00000233e2be0000, 0x00000233e2e70000, 0x00000233e3180000]
 total_blobs=19298 nmethods=18281 adapters=928
 compilation: enabled
              stopped_count=0, restarted_count=0
 full_count=0

Compilation events (20 events):
Event: 150.787 Thread 0x00000233f7dcb050 nmethod 23289 0x00000233e3dc8110 code [0x00000233e3dc82a0, 0x00000233e3dc8378]
Event: 150.801 Thread 0x00000233f7dcb050 23290       3       com.android.tools.r8.dex.code.N0::a (32 bytes)
Event: 150.802 Thread 0x00000233f7dcb050 nmethod 23290 0x00000233dd65c890 code [0x00000233dd65ca60, 0x00000233dd65cee8]
Event: 150.806 Thread 0x00000233f7dcb050 23291       3       com.android.tools.r8.internal.CJ::a (101 bytes)
Event: 150.808 Thread 0x00000233f7dcb050 nmethod 23291 0x00000233dd7bb990 code [0x00000233dd7bbb60, 0x00000233dd7bc038]
Event: 150.815 Thread 0x00000233f7dca690 23292       4       com.android.tools.r8.graph.l1::a (9 bytes)
Event: 150.930 Thread 0x00000233f7dca690 nmethod 23292 0x00000233e3dc8410 code [0x00000233e3dc85c0, 0x00000233e3dc88c8]
Event: 151.197 Thread 0x00000233f7dcb050 23293       3       com.android.tools.r8.dex.code.z1::a (28 bytes)
Event: 151.212 Thread 0x00000233f7dcb050 nmethod 23293 0x00000233dd80e490 code [0x00000233dd80e640, 0x00000233dd80e8f8]
Event: 151.301 Thread 0x00000233f7dca690 23294       4       com.android.tools.r8.dex.code.v1::a (38 bytes)
Event: 151.308 Thread 0x00000233f7dcb050 23295       1       com.android.tools.r8.dex.code.j2::r (3 bytes)
Event: 151.308 Thread 0x00000233f7dcb050 nmethod 23295 0x00000233e3697e10 code [0x00000233e3697fa0, 0x00000233e3698078]
Event: 151.386 Thread 0x00000233f7dcb050 23297       1       com.android.tools.r8.dex.code.x1::r (3 bytes)
Event: 151.386 Thread 0x00000233f7dcb050 nmethod 23297 0x00000233e3697a90 code [0x00000233e3697c20, 0x00000233e3697cf8]
Event: 151.405 Thread 0x00000233f7dcb050 23298       1       com.android.tools.r8.dex.code.e2::r (3 bytes)
Event: 151.412 Thread 0x00000233f7dcb050 nmethod 23298 0x00000233e3cb9a90 code [0x00000233e3cb9c20, 0x00000233e3cb9cf8]
Event: 151.706 Thread 0x00000233f7dca690 nmethod 23294 0x00000233e3cc5310 code [0x00000233e3cc5500, 0x00000233e3cc5b38]
Event: 151.706 Thread 0x00000233f7dca690 23296       4       com.android.tools.r8.dex.y::a (56 bytes)
Event: 151.905 Thread 0x00000233f7dca690 nmethod 23296 0x00000233e3cc4410 code [0x00000233e3cc45e0, 0x00000233e3cc4c08]
Event: 151.925 Thread 0x00000233f7dca690 23299       4       com.android.tools.r8.internal.h30::b (258 bytes)

GC Heap History (20 events):
Event: 83.663 GC heap after
{Heap after GC invocations=71 (full 0):
 garbage-first heap   total 565248K, used 321400K [0x00000006e0000000, 0x0000000800000000)
  region size 4096K, 7 young (28672K), 7 survivors (28672K)
 Metaspace       used 119580K, committed 121088K, reserved 1179648K
  class space    used 16551K, committed 17280K, reserved 1048576K
}
Event: 85.240 GC heap before
{Heap before GC invocations=71 (full 0):
 garbage-first heap   total 565248K, used 436088K [0x00000006e0000000, 0x0000000800000000)
  region size 4096K, 36 young (147456K), 7 survivors (28672K)
 Metaspace       used 122172K, committed 123712K, reserved 1179648K
  class space    used 17073K, committed 17792K, reserved 1048576K
}
Event: 85.369 GC heap after
{Heap after GC invocations=72 (full 0):
 garbage-first heap   total 1024000K, used 371077K [0x00000006e0000000, 0x0000000800000000)
  region size 4096K, 5 young (20480K), 5 survivors (20480K)
 Metaspace       used 122172K, committed 123712K, reserved 1179648K
  class space    used 17073K, committed 17792K, reserved 1048576K
}
Event: 115.903 GC heap before
{Heap before GC invocations=72 (full 0):
 garbage-first heap   total 1024000K, used 727429K [0x00000006e0000000, 0x0000000800000000)
  region size 4096K, 93 young (380928K), 5 survivors (20480K)
 Metaspace       used 128015K, committed 129536K, reserved 1179648K
  class space    used 17860K, committed 18560K, reserved 1048576K
}
Event: 118.315 GC heap after
{Heap after GC invocations=73 (full 0):
 garbage-first heap   total 1024000K, used 452522K [0x00000006e0000000, 0x0000000800000000)
  region size 4096K, 12 young (49152K), 12 survivors (49152K)
 Metaspace       used 128015K, committed 129536K, reserved 1179648K
  class space    used 17860K, committed 18560K, reserved 1048576K
}
Event: 119.893 GC heap before
{Heap before GC invocations=73 (full 0):
 garbage-first heap   total 1024000K, used 456618K [0x00000006e0000000, 0x0000000800000000)
  region size 4096K, 13 young (53248K), 12 survivors (49152K)
 Metaspace       used 128020K, committed 129536K, reserved 1179648K
  class space    used 17861K, committed 18560K, reserved 1048576K
}
Event: 120.648 GC heap after
{Heap after GC invocations=74 (full 0):
 garbage-first heap   total 1024000K, used 460705K [0x00000006e0000000, 0x0000000800000000)
  region size 4096K, 2 young (8192K), 2 survivors (8192K)
 Metaspace       used 128020K, committed 129536K, reserved 1179648K
  class space    used 17861K, committed 18560K, reserved 1048576K
}
Event: 128.166 GC heap before
{Heap before GC invocations=74 (full 0):
 garbage-first heap   total 1024000K, used 497569K [0x00000006e0000000, 0x0000000800000000)
  region size 4096K, 12 young (49152K), 2 survivors (8192K)
 Metaspace       used 128042K, committed 129536K, reserved 1179648K
  class space    used 17864K, committed 18560K, reserved 1048576K
}
Event: 128.279 GC heap after
{Heap after GC invocations=75 (full 0):
 garbage-first heap   total 1024000K, used 463104K [0x00000006e0000000, 0x0000000800000000)
  region size 4096K, 2 young (8192K), 2 survivors (8192K)
 Metaspace       used 128042K, committed 129536K, reserved 1179648K
  class space    used 17864K, committed 18560K, reserved 1048576K
}
Event: 130.619 GC heap before
{Heap before GC invocations=75 (full 0):
 garbage-first heap   total 1024000K, used 499968K [0x00000006e0000000, 0x0000000800000000)
  region size 4096K, 12 young (49152K), 2 survivors (8192K)
 Metaspace       used 128305K, committed 129856K, reserved 1179648K
  class space    used 17893K, committed 18624K, reserved 1048576K
}
Event: 130.664 GC heap after
{Heap after GC invocations=76 (full 0):
 garbage-first heap   total 1024000K, used 466314K [0x00000006e0000000, 0x0000000800000000)
  region size 4096K, 2 young (8192K), 2 survivors (8192K)
 Metaspace       used 128305K, committed 129856K, reserved 1179648K
  class space    used 17893K, committed 18624K, reserved 1048576K
}
Event: 132.185 GC heap before
{Heap before GC invocations=76 (full 0):
 garbage-first heap   total 1024000K, used 503178K [0x00000006e0000000, 0x0000000800000000)
  region size 4096K, 12 young (49152K), 2 survivors (8192K)
 Metaspace       used 128634K, committed 130176K, reserved 1179648K
  class space    used 17934K, committed 18624K, reserved 1048576K
}
Event: 132.209 GC heap after
{Heap after GC invocations=77 (full 0):
 garbage-first heap   total 1024000K, used 471592K [0x00000006e0000000, 0x0000000800000000)
  region size 4096K, 2 young (8192K), 2 survivors (8192K)
 Metaspace       used 128634K, committed 130176K, reserved 1179648K
  class space    used 17934K, committed 18624K, reserved 1048576K
}
Event: 133.726 GC heap before
{Heap before GC invocations=77 (full 0):
 garbage-first heap   total 1024000K, used 508456K [0x00000006e0000000, 0x0000000800000000)
  region size 4096K, 12 young (49152K), 2 survivors (8192K)
 Metaspace       used 129501K, committed 131072K, reserved 1179648K
  class space    used 18026K, committed 18752K, reserved 1048576K
}
Event: 133.760 GC heap after
{Heap after GC invocations=78 (full 0):
 garbage-first heap   total 1024000K, used 481280K [0x00000006e0000000, 0x0000000800000000)
  region size 4096K, 2 young (8192K), 2 survivors (8192K)
 Metaspace       used 129501K, committed 131072K, reserved 1179648K
  class space    used 18026K, committed 18752K, reserved 1048576K
}
Event: 144.358 GC heap before
{Heap before GC invocations=78 (full 0):
 garbage-first heap   total 1024000K, used 583680K [0x00000006e0000000, 0x0000000800000000)
  region size 4096K, 28 young (114688K), 2 survivors (8192K)
 Metaspace       used 129652K, committed 131200K, reserved 1179648K
  class space    used 18043K, committed 18752K, reserved 1048576K
}
Event: 144.690 GC heap after
{Heap after GC invocations=79 (full 0):
 garbage-first heap   total 1024000K, used 512055K [0x00000006e0000000, 0x0000000800000000)
  region size 4096K, 4 young (16384K), 4 survivors (16384K)
 Metaspace       used 129652K, committed 131200K, reserved 1179648K
  class space    used 18043K, committed 18752K, reserved 1048576K
}
Event: 146.260 GC heap before
{Heap before GC invocations=79 (full 0):
 garbage-first heap   total 1024000K, used 544823K [0x00000006e0000000, 0x0000000800000000)
  region size 4096K, 12 young (49152K), 4 survivors (16384K)
 Metaspace       used 129658K, committed 131200K, reserved 1179648K
  class space    used 18044K, committed 18752K, reserved 1048576K
}
Event: 146.685 GC heap after
{Heap after GC invocations=80 (full 0):
 garbage-first heap   total 1024000K, used 521216K [0x00000006e0000000, 0x0000000800000000)
  region size 4096K, 2 young (8192K), 2 survivors (8192K)
 Metaspace       used 129658K, committed 131200K, reserved 1179648K
  class space    used 18044K, committed 18752K, reserved 1048576K
}
Event: 151.963 GC heap before
{Heap before GC invocations=80 (full 0):
 garbage-first heap   total 1024000K, used 586752K [0x00000006e0000000, 0x0000000800000000)
  region size 4096K, 12 young (49152K), 2 survivors (8192K)
 Metaspace       used 129769K, committed 131264K, reserved 1179648K
  class space    used 18049K, committed 18752K, reserved 1048576K
}

Deoptimization events (20 events):
Event: 149.295 Thread 0x00000233c889ae40 DEOPT PACKING pc=0x00000233e3d2bf24 sp=0x000000e5119feb50
Event: 149.295 Thread 0x00000233c889ae40 DEOPT UNPACKING pc=0x00000233e2c323a3 sp=0x000000e5119feb10 mode 2
Event: 149.296 Thread 0x00000233c8898ad0 Uncommon trap: trap_request=0xffffff45 fr.pc=0x00000233e3478fac relative=0x000000000000046c
Event: 149.296 Thread 0x00000233c8898ad0 Uncommon trap: reason=unstable_if action=reinterpret pc=0x00000233e3478fac method=com.android.tools.r8.graph.W0.a(Lcom/android/tools/r8/graph/W0;)Lcom/android/tools/r8/graph/Z0; @ 1 c2
Event: 149.296 Thread 0x00000233c8898ad0 DEOPT PACKING pc=0x00000233e3478fac sp=0x000000e511afea90
Event: 149.296 Thread 0x00000233c8898ad0 DEOPT UNPACKING pc=0x00000233e2c323a3 sp=0x000000e511afe9f0 mode 2
Event: 149.388 Thread 0x00000233c8898ad0 Uncommon trap: trap_request=0xffffff45 fr.pc=0x00000233e3d039d4 relative=0x0000000000000314
Event: 149.388 Thread 0x00000233c8898ad0 Uncommon trap: reason=unstable_if action=reinterpret pc=0x00000233e3d039d4 method=com.android.tools.r8.graph.W0.a(Lcom/android/tools/r8/graph/W0;)Lcom/android/tools/r8/graph/Z0; @ 1 c2
Event: 149.388 Thread 0x00000233c8898ad0 DEOPT PACKING pc=0x00000233e3d039d4 sp=0x000000e511afea40
Event: 149.388 Thread 0x00000233c8898ad0 DEOPT UNPACKING pc=0x00000233e2c323a3 sp=0x000000e511afe9f8 mode 2
Event: 149.813 Thread 0x00000233c889ae40 DEOPT PACKING pc=0x00000233dd8b8e06 sp=0x000000e5119fe770
Event: 149.814 Thread 0x00000233c889ae40 DEOPT UNPACKING pc=0x00000233e2c32b43 sp=0x000000e5119fe118 mode 0
Event: 149.840 Thread 0x00000233c889ae40 Uncommon trap: trap_request=0xffffff45 fr.pc=0x00000233e3db6da8 relative=0x0000000000001508
Event: 149.840 Thread 0x00000233c889ae40 Uncommon trap: reason=unstable_if action=reinterpret pc=0x00000233e3db6da8 method=com.android.tools.r8.dex.L.a(II)Lcom/android/tools/r8/dex/G; @ 1276 c2
Event: 149.840 Thread 0x00000233c889ae40 DEOPT PACKING pc=0x00000233e3db6da8 sp=0x000000e5119fec70
Event: 149.840 Thread 0x00000233c889ae40 DEOPT UNPACKING pc=0x00000233e2c323a3 sp=0x000000e5119fec20 mode 2
Event: 149.840 Thread 0x00000233c889ae40 Uncommon trap: trap_request=0xffffff45 fr.pc=0x00000233e3c13a58 relative=0x0000000000000458
Event: 149.840 Thread 0x00000233c889ae40 Uncommon trap: reason=unstable_if action=reinterpret pc=0x00000233e3c13a58 method=com.android.tools.r8.internal.h30.b(ILjava/lang/Object;)I @ 63 c2
Event: 149.840 Thread 0x00000233c889ae40 DEOPT PACKING pc=0x00000233e3c13a58 sp=0x000000e5119fea70
Event: 149.840 Thread 0x00000233c889ae40 DEOPT UNPACKING pc=0x00000233e2c323a3 sp=0x000000e5119fea28 mode 2

Classes unloaded (0 events):
No events

Classes redefined (0 events):
No events

Internal exceptions (20 events):
Event: 88.803 Thread 0x00000233c21cd790 Exception <a 'sun/nio/fs/WindowsException'{0x0000000715a11538}> (0x0000000715a11538) 
thrown [s\open\src\hotspot\share\prims\jni.cpp, line 516]
Event: 88.803 Thread 0x00000233c21cd790 Exception <a 'sun/nio/fs/WindowsException'{0x0000000715a119d8}> (0x0000000715a119d8) 
thrown [s\open\src\hotspot\share\prims\jni.cpp, line 516]
Event: 88.804 Thread 0x00000233c21cd790 Exception <a 'sun/nio/fs/WindowsException'{0x0000000715a13bf8}> (0x0000000715a13bf8) 
thrown [s\open\src\hotspot\share\prims\jni.cpp, line 516]
Event: 88.804 Thread 0x00000233c21cd790 Exception <a 'sun/nio/fs/WindowsException'{0x0000000715a14018}> (0x0000000715a14018) 
thrown [s\open\src\hotspot\share\prims\jni.cpp, line 516]
Event: 88.805 Thread 0x00000233c21cd790 Exception <a 'sun/nio/fs/WindowsException'{0x0000000715a16228}> (0x0000000715a16228) 
thrown [s\open\src\hotspot\share\prims\jni.cpp, line 516]
Event: 88.805 Thread 0x00000233c21cd790 Exception <a 'sun/nio/fs/WindowsException'{0x0000000715a16618}> (0x0000000715a16618) 
thrown [s\open\src\hotspot\share\prims\jni.cpp, line 516]
Event: 88.805 Thread 0x00000233c21cd790 Exception <a 'sun/nio/fs/WindowsException'{0x0000000715a18818}> (0x0000000715a18818) 
thrown [s\open\src\hotspot\share\prims\jni.cpp, line 516]
Event: 88.806 Thread 0x00000233c21cd790 Exception <a 'sun/nio/fs/WindowsException'{0x0000000715a18bf0}> (0x0000000715a18bf0) 
thrown [s\open\src\hotspot\share\prims\jni.cpp, line 516]
Event: 88.807 Thread 0x00000233c21cd790 Exception <a 'sun/nio/fs/WindowsException'{0x0000000715a1ade8}> (0x0000000715a1ade8) 
thrown [s\open\src\hotspot\share\prims\jni.cpp, line 516]
Event: 88.807 Thread 0x00000233c21cd790 Exception <a 'sun/nio/fs/WindowsException'{0x0000000715a1b1a8}> (0x0000000715a1b1a8) 
thrown [s\open\src\hotspot\share\prims\jni.cpp, line 516]
Event: 91.019 Thread 0x00000233c8896250 Exception <a 'java/lang/IncompatibleClassChangeError'{0x000000071330f1e0}: Found class java.lang.Object, but interface was expected> (0x000000071330f1e0) 
thrown [s\open\src\hotspot\share\interpreter\linkResolver.cpp, line 826]
Event: 91.191 Thread 0x00000233c8896250 Exception <a 'java/lang/NoSuchMethodError'{0x0000000712e9faa8}: 'java.lang.Object java.lang.invoke.DirectMethodHandle$Holder.newInvokeSpecial(java.lang.Object, java.lang.Object, int, java.lang.Object, java.lang.Object, java.lang.Object)'> (0x0000000712e9faa8) 
thrown [s\open\src\hotspot\share\interpreter\linkResolver.cpp, line 759]
Event: 91.192 Thread 0x00000233c8896250 Exception <a 'java/lang/NoSuchMethodError'{0x0000000712ea7520}: 'java.lang.Object java.lang.invoke.Invokers$Holder.linkToTargetMethod(java.lang.Object, int, java.lang.Object, java.lang.Object, java.lang.Object, java.lang.Object)'> (0x0000000712ea7520) 
thrown [s\open\src\hotspot\share\interpreter\linkResolver.cpp, line 759]
Event: 91.195 Thread 0x00000233c8896250 Exception <a 'java/lang/NoSuchMethodError'{0x0000000712ec0da8}: 'java.lang.Object java.lang.invoke.DirectMethodHandle$Holder.newInvokeSpecial(java.lang.Object, int, java.lang.Object, java.lang.Object)'> (0x0000000712ec0da8) 
thrown [s\open\src\hotspot\share\interpreter\linkResolver.cpp, line 759]
Event: 91.195 Thread 0x00000233c8896250 Exception <a 'java/lang/NoSuchMethodError'{0x0000000712ec4e98}: 'java.lang.Object java.lang.invoke.DirectMethodHandle$Holder.invokeSpecial(java.lang.Object, java.lang.Object, int, java.lang.Object, java.lang.Object)'> (0x0000000712ec4e98) 
thrown [s\open\src\hotspot\share\interpreter\linkResolver.cpp, line 759]
Event: 91.946 Thread 0x00000233c8896250 Exception <a 'java/lang/NoSuchMethodError'{0x000000071215c3a8}: 'void java.lang.invoke.DirectMethodHandle$Holder.invokeStatic(java.lang.Object, java.lang.Object, java.lang.Object, java.lang.Object, java.lang.Object, java.lang.Object, java.lang.Object, java.lang.Object)'> (0x000000071215c3a8) 
thrown [s\open\src\hotspot\share\interpreter\linkResolver.cpp, line 759]
Event: 96.930 Thread 0x00000233c8896250 Exception <a 'java/lang/IncompatibleClassChangeError'{0x000000070e013aa8}: Found class java.lang.Object, but interface was expected> (0x000000070e013aa8) 
thrown [s\open\src\hotspot\share\interpreter\linkResolver.cpp, line 826]
Event: 130.277 Thread 0x00000233c8896250 Exception <a 'java/lang/IncompatibleClassChangeError'{0x000000071c0e6890}: Found class java.lang.Object, but interface was expected> (0x000000071c0e6890) 
thrown [s\open\src\hotspot\share\interpreter\linkResolver.cpp, line 826]
Event: 149.295 Thread 0x00000233c8898ad0 Implicit null exception at 0x00000233e3478b81 to 0x00000233e3478fa0
Event: 149.388 Thread 0x00000233c8898ad0 Implicit null exception at 0x00000233e3d036cc to 0x00000233e3d039c4

VM Operations (20 events):
Event: 138.356 Executing VM operation: Cleanup done
Event: 140.360 Executing VM operation: Cleanup
Event: 140.422 Executing VM operation: Cleanup done
Event: 144.317 Executing VM operation: G1CollectForAllocation
Event: 144.691 Executing VM operation: G1CollectForAllocation done
Event: 146.251 Executing VM operation: G1CollectForAllocation
Event: 146.685 Executing VM operation: G1CollectForAllocation done
Event: 147.688 Executing VM operation: Cleanup
Event: 148.177 Executing VM operation: Cleanup done
Event: 149.241 Executing VM operation: HandshakeAllThreads
Event: 149.246 Executing VM operation: HandshakeAllThreads done
Event: 149.840 Executing VM operation: HandshakeAllThreads
Event: 149.871 Executing VM operation: HandshakeAllThreads done
Event: 149.871 Executing VM operation: Cleanup
Event: 150.012 Executing VM operation: Cleanup done
Event: 150.012 Executing VM operation: HandshakeAllThreads
Event: 150.028 Executing VM operation: HandshakeAllThreads done
Event: 151.029 Executing VM operation: Cleanup
Event: 151.080 Executing VM operation: Cleanup done
Event: 151.925 Executing VM operation: G1CollectForAllocation

Events (20 events):
Event: 131.249 Thread 0x00000233f7dd6140 flushing nmethod 0x00000233dd87b110
Event: 131.874 Thread 0x00000233c1131f80 Thread exited: 0x00000233c1131f80
Event: 132.473 loading class java/nio/charset/UnsupportedCharsetException
Event: 132.477 loading class java/nio/charset/UnsupportedCharsetException done
Event: 132.487 loading class jdk/internal/reflect/UnsafeByteFieldAccessorImpl
Event: 132.489 loading class jdk/internal/reflect/UnsafeByteFieldAccessorImpl done
Event: 133.307 loading class java/util/IdentityHashMap$EntryIterator
Event: 133.308 loading class java/util/IdentityHashMap$EntryIterator done
Event: 133.308 loading class java/util/IdentityHashMap$EntryIterator$Entry
Event: 133.310 loading class java/util/IdentityHashMap$EntryIterator$Entry done
Event: 149.844 loading class java/nio/ByteBufferAsShortBufferL
Event: 149.959 loading class java/nio/ByteBufferAsShortBufferL done
Event: 150.359 Thread 0x00000233f7dd6140 flushing nmethod 0x00000233e31f3f10
Event: 150.862 Thread 0x00000233f7dd6140 flushing nmethod 0x00000233e3697a90
Event: 151.134 Thread 0x00000233f7dd6140 flushing nmethod 0x00000233e3cb9590
Event: 151.134 Thread 0x00000233f7dd6140 flushing nmethod 0x00000233e3cc3590
Event: 151.134 Thread 0x00000233f7dd6140 flushing nmethod 0x00000233e3cc4d10
Event: 151.136 Thread 0x00000233f7dd6140 flushing nmethod 0x00000233e3cdee10
Event: 151.136 Thread 0x00000233f7dd6140 flushing nmethod 0x00000233e3cf4d10
Event: 151.398 Thread 0x00000233f7dd6140 flushing nmethod 0x00000233db734410


Dynamic libraries:
0x00007ff643570000 - 0x00007ff643580000 	C:\Program Files\Java\jdk-17\bin\java.exe
0x00007fff56f10000 - 0x00007fff57108000 	C:\WINDOWS\SYSTEM32\ntdll.dll
0x00007fff567e0000 - 0x00007fff5689d000 	C:\WINDOWS\System32\KERNEL32.DLL
0x00007fff54870000 - 0x00007fff54b66000 	C:\WINDOWS\System32\KERNELBASE.dll
0x00007fff54770000 - 0x00007fff54870000 	C:\WINDOWS\System32\ucrtbase.dll
0x00007fff41ea0000 - 0x00007fff41eb9000 	C:\Program Files\Java\jdk-17\bin\jli.dll
0x00007fff569b0000 - 0x00007fff56a60000 	C:\WINDOWS\System32\ADVAPI32.dll
0x00007fff54f40000 - 0x00007fff54fde000 	C:\WINDOWS\System32\msvcrt.dll
0x00007fff56610000 - 0x00007fff566b0000 	C:\WINDOWS\System32\sechost.dll
0x00007fff56b10000 - 0x00007fff56c33000 	C:\WINDOWS\System32\RPCRT4.dll
0x00007fff54740000 - 0x00007fff54767000 	C:\WINDOWS\System32\bcrypt.dll
0x00007fff56ca0000 - 0x00007fff56e3f000 	C:\WINDOWS\System32\USER32.dll
0x00007fff54710000 - 0x00007fff54732000 	C:\WINDOWS\System32\win32u.dll
0x00007fff56950000 - 0x00007fff5697b000 	C:\WINDOWS\System32\GDI32.dll
0x00007fff54c10000 - 0x00007fff54d27000 	C:\WINDOWS\System32\gdi32full.dll
0x00007fff54b70000 - 0x00007fff54c0d000 	C:\WINDOWS\System32\msvcp_win.dll
0x00007fff41e80000 - 0x00007fff41e9b000 	C:\Program Files\Java\jdk-17\bin\VCRUNTIME140.dll
0x00007fff449e0000 - 0x00007fff44c7a000 	C:\WINDOWS\WinSxS\amd64_microsoft.windows.common-controls_6595b64144ccf1df_6.0.19041.4355_none_60b8b9eb71f62e16\COMCTL32.dll
0x00007fff47430000 - 0x00007fff4743a000 	C:\WINDOWS\SYSTEM32\VERSION.dll
0x00007fff567a0000 - 0x00007fff567d2000 	C:\WINDOWS\System32\IMM32.DLL
0x00007fff46160000 - 0x00007fff4616c000 	C:\Program Files\Java\jdk-17\bin\vcruntime140_1.dll
0x00007fff416b0000 - 0x00007fff4173e000 	C:\Program Files\Java\jdk-17\bin\msvcp140.dll
0x00007fff06100000 - 0x00007fff06ce0000 	C:\Program Files\Java\jdk-17\bin\server\jvm.dll
0x00007fff56980000 - 0x00007fff56988000 	C:\WINDOWS\System32\PSAPI.DLL
0x00007fff41e70000 - 0x00007fff41e79000 	C:\WINDOWS\SYSTEM32\WSOCK32.dll
0x00007fff55fb0000 - 0x00007fff5601b000 	C:\WINDOWS\System32\WS2_32.dll
0x00007fff44920000 - 0x00007fff44947000 	C:\WINDOWS\SYSTEM32\WINMM.dll
0x00007fff52360000 - 0x00007fff52372000 	C:\WINDOWS\SYSTEM32\kernel.appcore.dll
0x00007fff416a0000 - 0x00007fff416aa000 	C:\Program Files\Java\jdk-17\bin\jimage.dll
0x00007fff42420000 - 0x00007fff42604000 	C:\WINDOWS\SYSTEM32\DBGHELP.DLL
0x00007fff423e0000 - 0x00007fff42414000 	C:\WINDOWS\SYSTEM32\dbgcore.DLL
0x00007fff545c0000 - 0x00007fff54642000 	C:\WINDOWS\System32\bcryptPrimitives.dll
0x00007fff41690000 - 0x00007fff4169e000 	C:\Program Files\Java\jdk-17\bin\instrument.dll
0x00007fff41660000 - 0x00007fff41685000 	C:\Program Files\Java\jdk-17\bin\java.dll
0x00007fff40c70000 - 0x00007fff40d47000 	C:\Program Files\Java\jdk-17\bin\jsvml.dll
0x00007fff550b0000 - 0x00007fff5581b000 	C:\WINDOWS\System32\SHELL32.dll
0x00007fff52620000 - 0x00007fff52dbd000 	C:\WINDOWS\SYSTEM32\windows.storage.dll
0x00007fff55c50000 - 0x00007fff55fa3000 	C:\WINDOWS\System32\combase.dll
0x00007fff53f10000 - 0x00007fff53f3e000 	C:\WINDOWS\SYSTEM32\Wldp.dll
0x00007fff54fe0000 - 0x00007fff550ad000 	C:\WINDOWS\System32\OLEAUT32.dll
0x00007fff56a60000 - 0x00007fff56b0d000 	C:\WINDOWS\System32\SHCORE.dll
0x00007fff56c40000 - 0x00007fff56c95000 	C:\WINDOWS\System32\shlwapi.dll
0x00007fff544f0000 - 0x00007fff54514000 	C:\WINDOWS\SYSTEM32\profapi.dll
0x00007fff40c50000 - 0x00007fff40c68000 	C:\Program Files\Java\jdk-17\bin\zip.dll
0x00007fff40c30000 - 0x00007fff40c49000 	C:\Program Files\Java\jdk-17\bin\net.dll
0x00007fff4a450000 - 0x00007fff4a55a000 	C:\WINDOWS\SYSTEM32\WINHTTP.dll
0x00007fff53c70000 - 0x00007fff53cda000 	C:\WINDOWS\system32\mswsock.dll
0x00007fff40c10000 - 0x00007fff40c26000 	C:\Program Files\Java\jdk-17\bin\nio.dll
0x00007fff3f780000 - 0x00007fff3f790000 	C:\Program Files\Java\jdk-17\bin\verify.dll
0x00007fff41ec0000 - 0x00007fff41ee7000 	C:\Users\ZIDANE\.gradle\native\c067742578af261105cb4f569cf0c3c89f3d7b1fecec35dd04571415982c5e48\windows-amd64\native-platform.dll
0x00007fff08e10000 - 0x00007fff08f54000 	C:\Users\ZIDANE\.gradle\native\100fb08df4bc3b14c8652ba06237920a3bd2aa13389f12d3474272988ae205f9\windows-amd64\native-platform-file-events.dll
0x00007fff40bf0000 - 0x00007fff40bfa000 	C:\Program Files\Java\jdk-17\bin\management.dll
0x00007fff3f880000 - 0x00007fff3f88b000 	C:\Program Files\Java\jdk-17\bin\management_ext.dll
0x00007fff53e60000 - 0x00007fff53e78000 	C:\WINDOWS\SYSTEM32\CRYPTSP.dll
0x00007fff53590000 - 0x00007fff535c4000 	C:\WINDOWS\system32\rsaenh.dll
0x00007fff54460000 - 0x00007fff5448e000 	C:\WINDOWS\SYSTEM32\USERENV.dll
0x00007fff53e80000 - 0x00007fff53e8c000 	C:\WINDOWS\SYSTEM32\CRYPTBASE.dll
0x00007fff53950000 - 0x00007fff5398b000 	C:\WINDOWS\SYSTEM32\IPHLPAPI.DLL
0x00007fff55c40000 - 0x00007fff55c48000 	C:\WINDOWS\System32\NSI.dll
0x00007fff4b520000 - 0x00007fff4b537000 	C:\WINDOWS\SYSTEM32\dhcpcsvc6.DLL
0x00007fff4ae70000 - 0x00007fff4ae8d000 	C:\WINDOWS\SYSTEM32\dhcpcsvc.DLL
0x00007fff53990000 - 0x00007fff53a5b000 	C:\WINDOWS\SYSTEM32\DNSAPI.dll
0x00007fff3f870000 - 0x00007fff3f87e000 	C:\Program Files\Java\jdk-17\bin\sunmscapi.dll
0x00007fff54de0000 - 0x00007fff54f3e000 	C:\WINDOWS\System32\CRYPT32.dll
0x00007fff53f80000 - 0x00007fff53fa9000 	C:\WINDOWS\SYSTEM32\ncrypt.dll
0x00007fff53f40000 - 0x00007fff53f7b000 	C:\WINDOWS\SYSTEM32\NTASN1.dll
0x00007fff3f790000 - 0x00007fff3f797000 	C:\WINDOWS\system32\wshunix.dll
0x00007fff4e950000 - 0x00007fff4e967000 	C:\WINDOWS\system32\napinsp.dll
0x00007fff4e930000 - 0x00007fff4e94b000 	C:\WINDOWS\system32\pnrpnsp.dll
0x00007fff4fed0000 - 0x00007fff4feed000 	C:\WINDOWS\system32\NLAapi.dll
0x00007fff4e910000 - 0x00007fff4e922000 	C:\WINDOWS\System32\winrnr.dll
0x00007fff36830000 - 0x00007fff36845000 	C:\WINDOWS\system32\wshbth.dll
0x0000000066960000 - 0x0000000066986000 	C:\Program Files\Bonjour\mdnsNSP.dll
0x00007fff48a00000 - 0x00007fff48a0a000 	C:\Windows\System32\rasadhlp.dll
0x00007fff494d0000 - 0x00007fff49550000 	C:\WINDOWS\System32\fwpuclnt.dll
0x00007fff51d90000 - 0x00007fff51e20000 	C:\WINDOWS\system32\apphelp.dll

dbghelp: loaded successfully - version: 4.0.5 - missing functions: none
symbol engine: initialized successfully - sym options: 0x614 - pdb path: .;C:\Program Files\Java\jdk-17\bin;C:\WINDOWS\SYSTEM32;C:\WINDOWS\WinSxS\amd64_microsoft.windows.common-controls_6595b64144ccf1df_6.0.19041.4355_none_60b8b9eb71f62e16;C:\Program Files\Java\jdk-17\bin\server;C:\Users\ZIDANE\.gradle\native\c067742578af261105cb4f569cf0c3c89f3d7b1fecec35dd04571415982c5e48\windows-amd64;C:\Users\ZIDANE\.gradle\native\100fb08df4bc3b14c8652ba06237920a3bd2aa13389f12d3474272988ae205f9\windows-amd64;C:\Program Files\Bonjour

VM Arguments:
jvm_args: --add-opens=java.base/java.util=ALL-UNNAMED --add-opens=java.base/java.lang=ALL-UNNAMED --add-opens=java.base/java.lang.invoke=ALL-UNNAMED --add-opens=java.prefs/java.util.prefs=ALL-UNNAMED --add-opens=java.base/java.nio.charset=ALL-UNNAMED --add-opens=java.base/java.net=ALL-UNNAMED --add-opens=java.base/java.util.concurrent.atomic=ALL-UNNAMED -Xmx4608m -Dfile.encoding=windows-1252 -Duser.country=FR -Duser.language=fr -Duser.variant -javaagent:C:\Users\ZIDANE\.gradle\wrapper\dists\gradle-8.8-bin\dl7vupf4psengwqhwktix4v1\gradle-8.8\lib\agents\gradle-instrumentation-agent-8.8.jar 
java_command: org.gradle.launcher.daemon.bootstrap.GradleDaemon 8.8
java_class_path (initial): C:\Users\ZIDANE\.gradle\wrapper\dists\gradle-8.8-bin\dl7vupf4psengwqhwktix4v1\gradle-8.8\lib\gradle-launcher-8.8.jar
Launcher Type: SUN_STANDARD

[Global flags]
     intx CICompilerCount                          = 3                                         {product} {ergonomic}
     uint ConcGCThreads                            = 1                                         {product} {ergonomic}
     uint G1ConcRefinementThreads                  = 4                                         {product} {ergonomic}
   size_t G1HeapRegionSize                         = 4194304                                   {product} {ergonomic}
    uintx GCDrainStackTargetSize                   = 64                                        {product} {ergonomic}
   size_t InitialHeapSize                          = 67108864                                  {product} {ergonomic}
   size_t MarkStackSize                            = 4194304                                   {product} {ergonomic}
   size_t MaxHeapSize                              = 4831838208                                {product} {command line}
   size_t MaxNewSize                               = 2898264064                                {product} {ergonomic}
   size_t MinHeapDeltaBytes                        = 4194304                                   {product} {ergonomic}
   size_t MinHeapSize                              = 8388608                                   {product} {ergonomic}
    uintx NonNMethodCodeHeapSize                   = 5832780                                {pd product} {ergonomic}
    uintx NonProfiledCodeHeapSize                  = 122912730                              {pd product} {ergonomic}
    uintx ProfiledCodeHeapSize                     = 122912730                              {pd product} {ergonomic}
    uintx ReservedCodeCacheSize                    = 251658240                              {pd product} {ergonomic}
     bool SegmentedCodeCache                       = true                                      {product} {ergonomic}
   size_t SoftMaxHeapSize                          = 4831838208                             {manageable} {ergonomic}
     bool UseCompressedClassPointers               = true                           {product lp64_product} {ergonomic}
     bool UseCompressedOops                        = true                           {product lp64_product} {ergonomic}
     bool UseG1GC                                  = true                                      {product} {ergonomic}
     bool UseLargePagesIndividualAllocation        = false                                  {pd product} {ergonomic}

Logging:
Log output configuration:
 #0: stdout all=warning uptime,level,tags
 #1: stderr all=off uptime,level,tags

Environment Variables:
JAVA_HOME=C:\Program Files\Java\jdk-17
CLASSPATH=C:\Users\ZIDANE\houseApp\android\\gradle\wrapper\gradle-wrapper.jar
PATH=C:\Users\ZIDANE\houseApp\node_modules\.bin;C:\Users\ZIDANE\houseApp\node_modules\.bin;C:\Users\ZIDANE\node_modules\.bin;C:\Users\node_modules\.bin;C:\node_modules\.bin;C:\Program Files\nodejs\node_modules\npm\node_modules\@npmcli\run-script\lib\node-gyp-bin;C:\Program Files\Common Files\Oracle\Java\javapath;C:\Program Files (x86)\Common Files\Oracle\Java\java8path;C:\Program Files (x86)\Common Files\Oracle\Java\javapath;C:\Program Files\Java\jdk-17\bin;C:\WINDOWS\system32;C:\WINDOWS;C:\WINDOWS\System32\Wbem;C:\WINDOWS\System32\WindowsPowerShell\v1.0\;C:\WINDOWS\System32\OpenSSH\;C:\Program Files\nodejs\;C:\Program Files\Git\cmd;choco;C:\ProgramData\chocolatey\bin;STM32CubeProgrammer path\bin;C:\Program Files\php-8.3.6;C:\Program Files\Java\jdk-17\bin;C:\Users\ZIDANE\Desktop\Nouveau dossier\scrcpy-win64-v2.6.1;C:\WINDOWS\system32;C:\WINDOWS;C:\WINDOWS\System32\Wbem;C:\WINDOWS\System32\WindowsPowerShell\v1.0\;C:\WINDOWS\System32\OpenSSH\;C:\Program Files\nodejs\;C:\Program Files\Git\cmd;choco;C:\ProgramData\chocolatey\bin;STM32CubeProgrammer path\bin;C:\Program Files\php-8.3.6;C:\Users\ZIDANE\AppData\Local\Android\Sdk\tools;C:\Users\ZIDANE\AppData\Local\Microsoft\WindowsApps;C:\Users\ZIDANE\AppData\Local\Programs\Microsoft VS Code\bin;C:\Users\ZIDANE\AppData\Roaming\npm;C:\Users\ZIDANE\AppData\Local\Android\Sdk\platform-tools;C:\flutter\flutter\bin;C:\Program Files\Java\jdk-17\bin;
USERNAME=ZIDANE
LANG=en_US.UTF-8
OS=Windows_NT
PROCESSOR_IDENTIFIER=Intel64 Family 6 Model 58 Stepping 9, GenuineIntel



---------------  S Y S T E M  ---------------

OS:
 Windows 10 , 64 bit Build 19041 (10.0.19041.3636)
OS uptime: 0 days 2:08 hours

CPU: total 4 (initial active 4) (2 cores per cpu, 2 threads per core) family 6 model 58 stepping 9 microcode 0x21, cx8, cmov, fxsr, ht, mmx, sse, sse2, sse3, ssse3, sse4.1, sse4.2, popcnt, tsc, tscinvbit, avx, aes, erms, clmul, vzeroupper, clflush

Memory: 4k page, system-wide physical 3999M (134M free)
TotalPageFile size 16287M (AvailPageFile size 73M)
current process WorkingSet (physical memory assigned to process): 327M, peak: 845M
current process commit charge ("private bytes"): 1416M, peak: 2236M

vm_info: Java HotSpot(TM) 64-Bit Server VM (17.0.12+8-LTS-286) for windows-amd64 JRE (17.0.12+8-LTS-286), built on Jun  5 2024 06:46:59 by "mach5one" with MS VC++ 17.6 (VS2022)

END.
