#
# There is insufficient memory for the Java Runtime Environment to continue.
# Native memory allocation (malloc) failed to allocate 98256 bytes for Chunk::new
# Possible reasons:
#   The system is out of physical RAM or swap space
#   The process is running with CompressedOops enabled, and the Java Heap may be blocking the growth of the native heap
# Possible solutions:
#   Reduce memory load on the system
#   Increase physical memory or swap space
#   Check if swap backing store is full
#   Decrease Java heap size (-Xmx/-Xms)
#   Decrease number of Java threads
#   Decrease Java thread stack sizes (-Xss)
#   Set larger code cache with -XX:ReservedCodeCacheSize=
#   JVM is running with Unscaled Compressed Oops mode in which the Java heap is
#     placed in the first 4GB address space. The Java Heap base address is the
#     maximum limit for the native heap growth. Please use -XX:HeapBaseMinAddress
#     to set the Java Heap base and to place the Java Heap above 4GB virtual address.
# This output file may be truncated or incomplete.
#
#  Out of Memory Error (arena.cpp:189), pid=5772, tid=236
#
# JRE version: Java(TM) SE Runtime Environment (17.0.12+8) (build 17.0.12+8-LTS-286)
# Java VM: Java HotSpot(TM) 64-Bit Server VM (17.0.12+8-LTS-286, mixed mode, sharing, tiered, compressed oops, compressed class ptrs, g1 gc, windows-amd64)
# No core dump will be written. Minidumps are not enabled by default on client versions of Windows
#

---------------  S U M M A R Y ------------

Command Line: -Xmx64m -Xms64m -Dorg.gradle.appname=gradlew org.gradle.wrapper.GradleWrapperMain app:installDebug -PreactNativeDevServerPort=8081

Host: Intel(R) Core(TM) i5-3320M CPU @ 2.60GHz, 4 cores, 3G,  Windows 10 , 64 bit Build 19041 (10.0.19041.3636)
Time: Tue Aug 20 23:56:59 2024 Afr. centrale Ouest elapsed time: 115.319390 seconds (0d 0h 1m 55s)

---------------  T H R E A D  ---------------

Current thread (0x0000028350c2bb80):  JavaThread "C2 CompilerThread0" daemon [_thread_in_native, id=236, stack(0x000000b2d5d00000,0x000000b2d5e00000)]


Current CompileTask:
C2: 115319 2377   !   4       java.io.BufferedReader::readLine (327 bytes)

Stack: [0x000000b2d5d00000,0x000000b2d5e00000]
Native frames: (J=compiled Java code, j=interpreted, Vv=VM code, C=native code)
V  [jvm.dll+0x67a04a]
V  [jvm.dll+0x7da4ed]
V  [jvm.dll+0x7dbe33]
V  [jvm.dll+0x7dc4a3]
V  [jvm.dll+0x24508f]
V  [jvm.dll+0xab773]
V  [jvm.dll+0xabd3c]
V  [jvm.dll+0x11e324]
V  [jvm.dll+0x60e1a3]
V  [jvm.dll+0x60c84a]
V  [jvm.dll+0x2166be]
V  [jvm.dll+0x215c6f]
V  [jvm.dll+0x1a2960]
V  [jvm.dll+0x22610b]
V  [jvm.dll+0x2242ab]
V  [jvm.dll+0x79075c]
V  [jvm.dll+0x78abea]
V  [jvm.dll+0x678f35]
C  [ucrtbase.dll+0x21bb2]
C  [KERNEL32.DLL+0x17344]
C  [ntdll.dll+0x526b1]


---------------  P R O C E S S  ---------------

Threads class SMR info:
_java_thread_list=0x00000283963ed8d0, length=14, elements={
0x0000028337d19c20, 0x0000028337dee9d0, 0x0000028350c11cb0, 0x0000028350c25970,
0x0000028350c26530, 0x0000028350c29000, 0x0000028350c2a9d0, 0x0000028350c2bb80,
0x0000028350c2c630, 0x0000028350c96f90, 0x0000028396042a50, 0x0000028396049190,
0x00000283971d9940, 0x000002839774e8d0
}

Java Threads: ( => current thread )
  0x0000028337d19c20 JavaThread "main" [_thread_in_vm, id=13020, stack(0x000000b2d5000000,0x000000b2d5100000)]
  0x0000028337dee9d0 JavaThread "Reference Handler" daemon [_thread_blocked, id=12972, stack(0x000000b2d5700000,0x000000b2d5800000)]
  0x0000028350c11cb0 JavaThread "Finalizer" daemon [_thread_blocked, id=11304, stack(0x000000b2d5800000,0x000000b2d5900000)]
  0x0000028350c25970 JavaThread "Signal Dispatcher" daemon [_thread_blocked, id=5020, stack(0x000000b2d5900000,0x000000b2d5a00000)]
  0x0000028350c26530 JavaThread "Attach Listener" daemon [_thread_blocked, id=4032, stack(0x000000b2d5a00000,0x000000b2d5b00000)]
  0x0000028350c29000 JavaThread "Service Thread" daemon [_thread_blocked, id=6576, stack(0x000000b2d5b00000,0x000000b2d5c00000)]
  0x0000028350c2a9d0 JavaThread "Monitor Deflation Thread" daemon [_thread_blocked, id=9856, stack(0x000000b2d5c00000,0x000000b2d5d00000)]
=>0x0000028350c2bb80 JavaThread "C2 CompilerThread0" daemon [_thread_in_native, id=236, stack(0x000000b2d5d00000,0x000000b2d5e00000)]
  0x0000028350c2c630 JavaThread "C1 CompilerThread0" daemon [_thread_blocked, id=7504, stack(0x000000b2d5e00000,0x000000b2d5f00000)]
  0x0000028350c96f90 JavaThread "Sweeper thread" daemon [_thread_blocked, id=1496, stack(0x000000b2d5f00000,0x000000b2d6000000)]
  0x0000028396042a50 JavaThread "Notification Thread" daemon [_thread_blocked, id=12256, stack(0x000000b2d6000000,0x000000b2d6100000)]
  0x0000028396049190 JavaThread "Common-Cleaner" daemon [_thread_blocked, id=12660, stack(0x000000b2d6200000,0x000000b2d6300000)]
  0x00000283971d9940 JavaThread "pool-1-thread-1" [_thread_blocked, id=12244, stack(0x000000b2d4e00000,0x000000b2d4f00000)]
  0x000002839774e8d0 JavaThread "DisconnectableInputStream source reader" daemon [_thread_in_native, id=13028, stack(0x000000b2d4d00000,0x000000b2d4e00000)]

Other Threads:
  0x0000028337deadd0 VMThread "VM Thread" [stack: 0x000000b2d5600000,0x000000b2d5700000] [id=12944]
  0x0000028337d417d0 WatcherThread [stack: 0x000000b2d6100000,0x000000b2d6200000] [id=12644]
  0x0000028337d39620 GCTaskThread "GC Thread#0" [stack: 0x000000b2d5100000,0x000000b2d5200000] [id=1848]
  0x00000283968ec810 GCTaskThread "GC Thread#1" [stack: 0x000000b2d6400000,0x000000b2d6500000] [id=12752]
  0x000002839693db90 GCTaskThread "GC Thread#2" [stack: 0x000000b2d6500000,0x000000b2d6600000] [id=8164]
  0x000002839685ed90 GCTaskThread "GC Thread#3" [stack: 0x000000b2d6600000,0x000000b2d6700000] [id=7980]
  0x0000028337d3ad70 ConcurrentGCThread "G1 Main Marker" [stack: 0x000000b2d5200000,0x000000b2d5300000] [id=12912]
  0x0000028337d3b780 ConcurrentGCThread "G1 Conc#0" [stack: 0x000000b2d5300000,0x000000b2d5400000] [id=7144]
  0x0000028337d8c4f0 ConcurrentGCThread "G1 Refine#0" [stack: 0x000000b2d5400000,0x000000b2d5500000] [id=4108]
  0x000002839690b5e0 ConcurrentGCThread "G1 Refine#1" [stack: 0x000000b2d6700000,0x000000b2d6800000] [id=7260]
  0x0000028337d8cf20 ConcurrentGCThread "G1 Service" [stack: 0x000000b2d5500000,0x000000b2d5600000] [id=12948]

Threads with active compile tasks:
C2 CompilerThread0   115360 2377   !   4       java.io.BufferedReader::readLine (327 bytes)

VM state: not at safepoint (normal execution)

VM Mutex/Monitor currently owned by a thread: None

Heap address: 0x00000000fc000000, size: 64 MB, Compressed Oops mode: 32-bit

CDS archive(s) mapped at: [0x0000028351000000-0x0000028351bd0000-0x0000028351bd0000), size 12386304, SharedBaseAddress: 0x0000028351000000, ArchiveRelocationMode: 1.
Compressed class space mapped at: 0x0000028352000000-0x0000028392000000, reserved size: 1073741824
Narrow klass base: 0x0000028351000000, Narrow klass shift: 0, Narrow klass range: 0x100000000

GC Precious Log:
 CPUs: 4 total, 4 available
 Memory: 3999M
 Large Page Support: Disabled
 NUMA Support: Disabled
 Compressed Oops: Enabled (32-bit)
 Heap Region Size: 1M
 Heap Min Capacity: 64M
 Heap Initial Capacity: 64M
 Heap Max Capacity: 64M
 Pre-touch: Disabled
 Parallel Workers: 4
 Concurrent Workers: 1
 Concurrent Refinement Workers: 4
 Periodic GC: Disabled

Heap:
 garbage-first heap   total 65536K, used 26536K [0x00000000fc000000, 0x0000000100000000)
  region size 1024K, 16 young (16384K), 1 survivors (1024K)
 Metaspace       used 15198K, committed 15424K, reserved 1114112K
  class space    used 1869K, committed 1984K, reserved 1048576K

Heap Regions: E=young(eden), S=young(survivor), O=old, HS=humongous(starts), HC=humongous(continues), CS=collection set, F=free, OA=open archive, CA=closed archive, TAMS=top-at-mark-start (previous, next)
|   0|0x00000000fc000000, 0x00000000fc100000, 0x00000000fc100000|100%| O|  |TAMS 0x00000000fc000000, 0x00000000fc000000| Untracked 
|   1|0x00000000fc100000, 0x00000000fc200000, 0x00000000fc200000|100%| O|  |TAMS 0x00000000fc100000, 0x00000000fc100000| Untracked 
|   2|0x00000000fc200000, 0x00000000fc300000, 0x00000000fc300000|100%| O|  |TAMS 0x00000000fc200000, 0x00000000fc200000| Untracked 
|   3|0x00000000fc300000, 0x00000000fc400000, 0x00000000fc400000|100%| O|  |TAMS 0x00000000fc300000, 0x00000000fc300000| Untracked 
|   4|0x00000000fc400000, 0x00000000fc500000, 0x00000000fc500000|100%| O|  |TAMS 0x00000000fc400000, 0x00000000fc400000| Untracked 
|   5|0x00000000fc500000, 0x00000000fc565c00, 0x00000000fc600000| 39%| O|  |TAMS 0x00000000fc500000, 0x00000000fc500000| Untracked 
|   6|0x00000000fc600000, 0x00000000fc600000, 0x00000000fc700000|  0%| F|  |TAMS 0x00000000fc600000, 0x00000000fc600000| Untracked 
|   7|0x00000000fc700000, 0x00000000fc800000, 0x00000000fc800000|100%|HS|  |TAMS 0x00000000fc700000, 0x00000000fc700000| Complete 
|   8|0x00000000fc800000, 0x00000000fc900000, 0x00000000fc900000|100%|HC|  |TAMS 0x00000000fc800000, 0x00000000fc800000| Complete 
|   9|0x00000000fc900000, 0x00000000fca00000, 0x00000000fca00000|100%|HC|  |TAMS 0x00000000fc900000, 0x00000000fc900000| Complete 
|  10|0x00000000fca00000, 0x00000000fcb00000, 0x00000000fcb00000|100%| O|  |TAMS 0x00000000fca00000, 0x00000000fca00000| Untracked 
|  11|0x00000000fcb00000, 0x00000000fcc00000, 0x00000000fcc00000|100%| O|  |TAMS 0x00000000fcb00000, 0x00000000fcb00000| Untracked 
|  12|0x00000000fcc00000, 0x00000000fcd00000, 0x00000000fcd00000|100%| O|  |TAMS 0x00000000fcc00000, 0x00000000fcc00000| Untracked 
|  13|0x00000000fcd00000, 0x00000000fcd00000, 0x00000000fce00000|  0%| F|  |TAMS 0x00000000fcd00000, 0x00000000fcd00000| Untracked 
|  14|0x00000000fce00000, 0x00000000fce00000, 0x00000000fcf00000|  0%| F|  |TAMS 0x00000000fce00000, 0x00000000fce00000| Untracked 
|  15|0x00000000fcf00000, 0x00000000fcf00000, 0x00000000fd000000|  0%| F|  |TAMS 0x00000000fcf00000, 0x00000000fcf00000| Untracked 
|  16|0x00000000fd000000, 0x00000000fd000000, 0x00000000fd100000|  0%| F|  |TAMS 0x00000000fd000000, 0x00000000fd000000| Untracked 
|  17|0x00000000fd100000, 0x00000000fd100000, 0x00000000fd200000|  0%| F|  |TAMS 0x00000000fd100000, 0x00000000fd100000| Untracked 
|  18|0x00000000fd200000, 0x00000000fd200000, 0x00000000fd300000|  0%| F|  |TAMS 0x00000000fd200000, 0x00000000fd200000| Untracked 
|  19|0x00000000fd300000, 0x00000000fd300000, 0x00000000fd400000|  0%| F|  |TAMS 0x00000000fd300000, 0x00000000fd300000| Untracked 
|  20|0x00000000fd400000, 0x00000000fd400000, 0x00000000fd500000|  0%| F|  |TAMS 0x00000000fd400000, 0x00000000fd400000| Untracked 
|  21|0x00000000fd500000, 0x00000000fd500000, 0x00000000fd600000|  0%| F|  |TAMS 0x00000000fd500000, 0x00000000fd500000| Untracked 
|  22|0x00000000fd600000, 0x00000000fd600000, 0x00000000fd700000|  0%| F|  |TAMS 0x00000000fd600000, 0x00000000fd600000| Untracked 
|  23|0x00000000fd700000, 0x00000000fd700000, 0x00000000fd800000|  0%| F|  |TAMS 0x00000000fd700000, 0x00000000fd700000| Untracked 
|  24|0x00000000fd800000, 0x00000000fd800000, 0x00000000fd900000|  0%| F|  |TAMS 0x00000000fd800000, 0x00000000fd800000| Untracked 
|  25|0x00000000fd900000, 0x00000000fd900000, 0x00000000fda00000|  0%| F|  |TAMS 0x00000000fd900000, 0x00000000fd900000| Untracked 
|  26|0x00000000fda00000, 0x00000000fda00000, 0x00000000fdb00000|  0%| F|  |TAMS 0x00000000fda00000, 0x00000000fda00000| Untracked 
|  27|0x00000000fdb00000, 0x00000000fdb00000, 0x00000000fdc00000|  0%| F|  |TAMS 0x00000000fdb00000, 0x00000000fdb00000| Untracked 
|  28|0x00000000fdc00000, 0x00000000fdc00000, 0x00000000fdd00000|  0%| F|  |TAMS 0x00000000fdc00000, 0x00000000fdc00000| Untracked 
|  29|0x00000000fdd00000, 0x00000000fdd00000, 0x00000000fde00000|  0%| F|  |TAMS 0x00000000fdd00000, 0x00000000fdd00000| Untracked 
|  30|0x00000000fde00000, 0x00000000fde00000, 0x00000000fdf00000|  0%| F|  |TAMS 0x00000000fde00000, 0x00000000fde00000| Untracked 
|  31|0x00000000fdf00000, 0x00000000fdf00000, 0x00000000fe000000|  0%| F|  |TAMS 0x00000000fdf00000, 0x00000000fdf00000| Untracked 
|  32|0x00000000fe000000, 0x00000000fe000000, 0x00000000fe100000|  0%| F|  |TAMS 0x00000000fe000000, 0x00000000fe000000| Untracked 
|  33|0x00000000fe100000, 0x00000000fe100000, 0x00000000fe200000|  0%| F|  |TAMS 0x00000000fe100000, 0x00000000fe100000| Untracked 
|  34|0x00000000fe200000, 0x00000000fe200000, 0x00000000fe300000|  0%| F|  |TAMS 0x00000000fe200000, 0x00000000fe200000| Untracked 
|  35|0x00000000fe300000, 0x00000000fe300000, 0x00000000fe400000|  0%| F|  |TAMS 0x00000000fe300000, 0x00000000fe300000| Untracked 
|  36|0x00000000fe400000, 0x00000000fe400000, 0x00000000fe500000|  0%| F|  |TAMS 0x00000000fe400000, 0x00000000fe400000| Untracked 
|  37|0x00000000fe500000, 0x00000000fe500000, 0x00000000fe600000|  0%| F|  |TAMS 0x00000000fe500000, 0x00000000fe500000| Untracked 
|  38|0x00000000fe600000, 0x00000000fe600000, 0x00000000fe700000|  0%| F|  |TAMS 0x00000000fe600000, 0x00000000fe600000| Untracked 
|  39|0x00000000fe700000, 0x00000000fe700000, 0x00000000fe800000|  0%| F|  |TAMS 0x00000000fe700000, 0x00000000fe700000| Untracked 
|  40|0x00000000fe800000, 0x00000000fe800000, 0x00000000fe900000|  0%| F|  |TAMS 0x00000000fe800000, 0x00000000fe800000| Untracked 
|  41|0x00000000fe900000, 0x00000000fe900000, 0x00000000fea00000|  0%| F|  |TAMS 0x00000000fe900000, 0x00000000fe900000| Untracked 
|  42|0x00000000fea00000, 0x00000000fea00000, 0x00000000feb00000|  0%| F|  |TAMS 0x00000000fea00000, 0x00000000fea00000| Untracked 
|  43|0x00000000feb00000, 0x00000000feb00000, 0x00000000fec00000|  0%| F|  |TAMS 0x00000000feb00000, 0x00000000feb00000| Untracked 
|  44|0x00000000fec00000, 0x00000000fec00000, 0x00000000fed00000|  0%| F|  |TAMS 0x00000000fec00000, 0x00000000fec00000| Untracked 
|  45|0x00000000fed00000, 0x00000000fed00000, 0x00000000fee00000|  0%| F|  |TAMS 0x00000000fed00000, 0x00000000fed00000| Untracked 
|  46|0x00000000fee00000, 0x00000000fee00000, 0x00000000fef00000|  0%| F|  |TAMS 0x00000000fee00000, 0x00000000fee00000| Untracked 
|  47|0x00000000fef00000, 0x00000000fef00000, 0x00000000ff000000|  0%| F|  |TAMS 0x00000000fef00000, 0x00000000fef00000| Untracked 
|  48|0x00000000ff000000, 0x00000000ff06d7c0, 0x00000000ff100000| 42%| E|  |TAMS 0x00000000ff000000, 0x00000000ff000000| Complete 
|  49|0x00000000ff100000, 0x00000000ff200000, 0x00000000ff200000|100%| E|CS|TAMS 0x00000000ff100000, 0x00000000ff100000| Complete 
|  50|0x00000000ff200000, 0x00000000ff300000, 0x00000000ff300000|100%| E|CS|TAMS 0x00000000ff200000, 0x00000000ff200000| Complete 
|  51|0x00000000ff300000, 0x00000000ff400000, 0x00000000ff400000|100%| E|CS|TAMS 0x00000000ff300000, 0x00000000ff300000| Complete 
|  52|0x00000000ff400000, 0x00000000ff500000, 0x00000000ff500000|100%| E|CS|TAMS 0x00000000ff400000, 0x00000000ff400000| Complete 
|  53|0x00000000ff500000, 0x00000000ff600000, 0x00000000ff600000|100%| E|CS|TAMS 0x00000000ff500000, 0x00000000ff500000| Complete 
|  54|0x00000000ff600000, 0x00000000ff700000, 0x00000000ff700000|100%| E|CS|TAMS 0x00000000ff600000, 0x00000000ff600000| Complete 
|  55|0x00000000ff700000, 0x00000000ff800000, 0x00000000ff800000|100%| E|CS|TAMS 0x00000000ff700000, 0x00000000ff700000| Complete 
|  56|0x00000000ff800000, 0x00000000ff900000, 0x00000000ff900000|100%| E|CS|TAMS 0x00000000ff800000, 0x00000000ff800000| Complete 
|  57|0x00000000ff900000, 0x00000000ff9845f0, 0x00000000ffa00000| 51%| S|CS|TAMS 0x00000000ff900000, 0x00000000ff900000| Complete 
|  58|0x00000000ffa00000, 0x00000000ffb00000, 0x00000000ffb00000|100%| E|CS|TAMS 0x00000000ffa00000, 0x00000000ffa00000| Complete 
|  59|0x00000000ffb00000, 0x00000000ffc00000, 0x00000000ffc00000|100%| E|CS|TAMS 0x00000000ffb00000, 0x00000000ffb00000| Complete 
|  60|0x00000000ffc00000, 0x00000000ffd00000, 0x00000000ffd00000|100%| E|CS|TAMS 0x00000000ffc00000, 0x00000000ffc00000| Complete 
|  61|0x00000000ffd00000, 0x00000000ffe00000, 0x00000000ffe00000|100%| E|CS|TAMS 0x00000000ffd00000, 0x00000000ffd00000| Complete 
|  62|0x00000000ffe00000, 0x00000000fff00000, 0x00000000fff00000|100%| E|CS|TAMS 0x00000000ffe00000, 0x00000000ffe00000| Complete 
|  63|0x00000000fff00000, 0x0000000100000000, 0x0000000100000000|100%| E|CS|TAMS 0x00000000fff00000, 0x00000000fff00000| Complete 

Card table byte_map: [0x0000028335ce0000,0x0000028335d00000] _byte_map_base: 0x0000028335500000

Marking Bits (Prev, Next): (CMBitMap*) 0x0000028337d39c40, (CMBitMap*) 0x0000028337d39c80
 Prev Bits: [0x0000028337b10000, 0x0000028337c10000)
 Next Bits: [0x000002834e5e0000, 0x000002834e6e0000)

Polling page: 0x0000028335b90000

Metaspace:

Usage:
  Non-class:     13.02 MB used.
      Class:      1.83 MB used.
       Both:     14.85 MB used.

Virtual space:
  Non-class space:       64.00 MB reserved,      13.12 MB ( 21%) committed,  1 nodes.
      Class space:        1.00 GB reserved,       1.94 MB ( <1%) committed,  1 nodes.
             Both:        1.06 GB reserved,      15.06 MB (  1%) committed. 

Chunk freelists:
   Non-Class:  2.31 MB
       Class:  14.03 MB
        Both:  16.34 MB

MaxMetaspaceSize: unlimited
CompressedClassSpaceSize: 1.00 GB
Initial GC threshold: 21.00 MB
Current GC threshold: 21.00 MB
CDS: on
MetaspaceReclaimPolicy: balanced
 - commit_granule_bytes: 65536.
 - commit_granule_words: 8192.
 - virtual_space_node_default_size: 8388608.
 - enlarge_chunks_in_place: 1.
 - new_chunks_are_fully_committed: 0.
 - uncommit_free_chunks: 1.
 - use_allocation_guard: 0.
 - handle_deallocations: 1.


Internal statistics:

num_allocs_failed_limit: 0.
num_arena_births: 118.
num_arena_deaths: 0.
num_vsnodes_births: 2.
num_vsnodes_deaths: 0.
num_space_committed: 241.
num_space_uncommitted: 0.
num_chunks_returned_to_freelist: 0.
num_chunks_taken_from_freelist: 378.
num_chunk_merges: 0.
num_chunk_splits: 245.
num_chunks_enlarged: 182.
num_inconsistent_stats: 0.

CodeHeap 'non-profiled nmethods': size=120000Kb used=1106Kb max_used=1106Kb free=118893Kb
 bounds [0x00000283470b0000, 0x0000028347320000, 0x000002834e5e0000]
CodeHeap 'profiled nmethods': size=120000Kb used=4773Kb max_used=4773Kb free=115226Kb
 bounds [0x000002833f5e0000, 0x000002833fa90000, 0x0000028346b10000]
CodeHeap 'non-nmethods': size=5760Kb used=1227Kb max_used=1240Kb free=4533Kb
 bounds [0x0000028346b10000, 0x0000028346d80000, 0x00000283470b0000]
 total_blobs=2924 nmethods=2394 adapters=442
 compilation: enabled
              stopped_count=0, restarted_count=0
 full_count=0

Compilation events (20 events):
Event: 115.290 Thread 0x0000028350c2c630 nmethod 2374 0x000002833fa7fd90 code [0x000002833fa7ff60, 0x000002833fa802b8]
Event: 115.290 Thread 0x0000028350c2c630 2375       3       sun.nio.cs.SingleByte$Decoder::decode (11 bytes)
Event: 115.290 Thread 0x0000028350c2c630 nmethod 2375 0x000002833fa80490 code [0x000002833fa80620, 0x000002833fa80758]
Event: 115.290 Thread 0x0000028350c2bb80 2376       4       sun.nio.cs.SingleByte$Decoder::decode (11 bytes)
Event: 115.291 Thread 0x0000028350c2bb80 nmethod 2376 0x00000283471c3d90 code [0x00000283471c3f00, 0x00000283471c3fb8]
Event: 115.291 Thread 0x0000028350c2bb80 2377   !   4       java.io.BufferedReader::readLine (327 bytes)
Event: 115.292 Thread 0x0000028350c2c630 2378       3       java.util.LinkedList::checkPositionIndex (22 bytes)
Event: 115.292 Thread 0x0000028350c2c630 nmethod 2378 0x000002833fa80810 code [0x000002833fa80a60, 0x000002833fa811a8]
Event: 115.292 Thread 0x0000028350c2c630 2379       3       java.util.LinkedList::isPositionIndex (18 bytes)
Event: 115.293 Thread 0x0000028350c2c630 nmethod 2379 0x000002833fa81490 code [0x000002833fa81620, 0x000002833fa817b8]
Event: 115.297 Thread 0x0000028350c2c630 2380       3       java.lang.invoke.MethodType::basicType (8 bytes)
Event: 115.297 Thread 0x0000028350c2c630 nmethod 2380 0x000002833fa81890 code [0x000002833fa81a20, 0x000002833fa81b58]
Event: 115.298 Thread 0x0000028350c2c630 2382       3       java.lang.invoke.DirectMethodHandle::<init> (148 bytes)
Event: 115.301 Thread 0x0000028350c2c630 nmethod 2382 0x000002833fa81c10 code [0x000002833fa81ec0, 0x000002833fa82e08]
Event: 115.301 Thread 0x0000028350c2c630 2383       3       java.lang.invoke.MethodHandles$Lookup::isClassAccessible (53 bytes)
Event: 115.302 Thread 0x0000028350c2c630 nmethod 2383 0x000002833fa83310 code [0x000002833fa83520, 0x000002833fa83af8]
Event: 115.315 Thread 0x0000028350c2c630 2385       1       java.lang.invoke.MethodHandleNatives::isPullModeBSM (2 bytes)
Event: 115.316 Thread 0x0000028350c2c630 nmethod 2385 0x00000283471c4690 code [0x00000283471c4820, 0x00000283471c48d8]
Event: 115.316 Thread 0x0000028350c2c630 2386       3       java.lang.invoke.ConstantCallSite::getTarget (20 bytes)
Event: 115.316 Thread 0x0000028350c2c630 nmethod 2386 0x000002833fa83d10 code [0x000002833fa83ec0, 0x000002833fa840c8]

GC Heap History (12 events):
Event: 2.258 GC heap before
{Heap before GC invocations=0 (full 0):
 garbage-first heap   total 65536K, used 13312K [0x00000000fc000000, 0x0000000100000000)
  region size 1024K, 13 young (13312K), 0 survivors (0K)
 Metaspace       used 8299K, committed 8448K, reserved 1114112K
  class space    used 907K, committed 960K, reserved 1048576K
}
Event: 2.266 GC heap after
{Heap after GC invocations=1 (full 0):
 garbage-first heap   total 65536K, used 3408K [0x00000000fc000000, 0x0000000100000000)
  region size 1024K, 2 young (2048K), 2 survivors (2048K)
 Metaspace       used 8299K, committed 8448K, reserved 1114112K
  class space    used 907K, committed 960K, reserved 1048576K
}
Event: 71.006 GC heap before
{Heap before GC invocations=1 (full 0):
 garbage-first heap   total 65536K, used 14672K [0x00000000fc000000, 0x0000000100000000)
  region size 1024K, 13 young (13312K), 2 survivors (2048K)
 Metaspace       used 8597K, committed 8832K, reserved 1114112K
  class space    used 918K, committed 1024K, reserved 1048576K
}
Event: 71.876 GC heap after
{Heap after GC invocations=2 (full 0):
 garbage-first heap   total 65536K, used 4117K [0x00000000fc000000, 0x0000000100000000)
  region size 1024K, 1 young (1024K), 1 survivors (1024K)
 Metaspace       used 8597K, committed 8832K, reserved 1114112K
  class space    used 918K, committed 1024K, reserved 1048576K
}
Event: 83.893 GC heap before
{Heap before GC invocations=2 (full 0):
 garbage-first heap   total 65536K, used 6165K [0x00000000fc000000, 0x0000000100000000)
  region size 1024K, 3 young (3072K), 1 survivors (1024K)
 Metaspace       used 8650K, committed 8832K, reserved 1114112K
  class space    used 923K, committed 1024K, reserved 1048576K
}
Event: 83.900 GC heap after
{Heap after GC invocations=3 (full 0):
 garbage-first heap   total 65536K, used 3895K [0x00000000fc000000, 0x0000000100000000)
  region size 1024K, 1 young (1024K), 1 survivors (1024K)
 Metaspace       used 8650K, committed 8832K, reserved 1114112K
  class space    used 923K, committed 1024K, reserved 1048576K
}
Event: 90.164 GC heap before
{Heap before GC invocations=3 (full 0):
 garbage-first heap   total 65536K, used 12087K [0x00000000fc000000, 0x0000000100000000)
  region size 1024K, 10 young (10240K), 1 survivors (1024K)
 Metaspace       used 9034K, committed 9216K, reserved 1114112K
  class space    used 960K, committed 1088K, reserved 1048576K
}
Event: 90.166 GC heap after
{Heap after GC invocations=4 (full 0):
 garbage-first heap   total 65536K, used 4492K [0x00000000fc000000, 0x0000000100000000)
  region size 1024K, 1 young (1024K), 1 survivors (1024K)
 Metaspace       used 9034K, committed 9216K, reserved 1114112K
  class space    used 960K, committed 1088K, reserved 1048576K
}
Event: 90.650 GC heap before
{Heap before GC invocations=4 (full 0):
 garbage-first heap   total 65536K, used 21900K [0x00000000fc000000, 0x0000000100000000)
  region size 1024K, 13 young (13312K), 1 survivors (1024K)
 Metaspace       used 10035K, committed 10240K, reserved 1114112K
  class space    used 1104K, committed 1152K, reserved 1048576K
}
Event: 90.656 GC heap after
{Heap after GC invocations=5 (full 0):
 garbage-first heap   total 65536K, used 11539K [0x00000000fc000000, 0x0000000100000000)
  region size 1024K, 2 young (2048K), 2 survivors (2048K)
 Metaspace       used 10035K, committed 10240K, reserved 1114112K
  class space    used 1104K, committed 1152K, reserved 1048576K
}
Event: 91.035 GC heap before
{Heap before GC invocations=5 (full 0):
 garbage-first heap   total 65536K, used 17683K [0x00000000fc000000, 0x0000000100000000)
  region size 1024K, 8 young (8192K), 2 survivors (2048K)
 Metaspace       used 11700K, committed 11904K, reserved 1114112K
  class space    used 1379K, committed 1472K, reserved 1048576K
}
Event: 91.038 GC heap after
{Heap after GC invocations=6 (full 0):
 garbage-first heap   total 65536K, used 12200K [0x00000000fc000000, 0x0000000100000000)
  region size 1024K, 1 young (1024K), 1 survivors (1024K)
 Metaspace       used 11700K, committed 11904K, reserved 1114112K
  class space    used 1379K, committed 1472K, reserved 1048576K
}

Deoptimization events (20 events):
Event: 92.056 Thread 0x0000028396f3e860 Uncommon trap: trap_request=0xffffffc6 fr.pc=0x000002834713249c relative=0x000000000000097c
Event: 92.056 Thread 0x0000028396f3e860 Uncommon trap: reason=bimorphic_or_optimized_type_check action=maybe_recompile pc=0x000002834713249c method=java.io.BufferedInputStream.read1([BII)I @ 39 c2
Event: 92.056 Thread 0x0000028396f3e860 DEOPT PACKING pc=0x000002834713249c sp=0x000000b2d4dff000
Event: 92.056 Thread 0x0000028396f3e860 DEOPT UNPACKING pc=0x0000028346b623a3 sp=0x000000b2d4dfef38 mode 2
Event: 95.334 Thread 0x0000028396f3e860 Uncommon trap: trap_request=0xffffff45 fr.pc=0x000002834715e500 relative=0x0000000000000080
Event: 95.334 Thread 0x0000028396f3e860 Uncommon trap: reason=unstable_if action=reinterpret pc=0x000002834715e500 method=java.lang.String.codePointAt(I)I @ 4 c2
Event: 95.334 Thread 0x0000028396f3e860 DEOPT PACKING pc=0x000002834715e500 sp=0x000000b2d4dff190
Event: 95.334 Thread 0x0000028396f3e860 DEOPT UNPACKING pc=0x0000028346b623a3 sp=0x000000b2d4dff128 mode 2
Event: 95.475 Thread 0x0000028337d19c20 Uncommon trap: trap_request=0xffffff45 fr.pc=0x0000028347130d1c relative=0x00000000000001fc
Event: 95.475 Thread 0x0000028337d19c20 Uncommon trap: reason=unstable_if action=reinterpret pc=0x0000028347130d1c method=jdk.internal.misc.Unsafe.copyMemory(Ljava/lang/Object;JLjava/lang/Object;JJ)V @ 16 c2
Event: 95.476 Thread 0x0000028337d19c20 DEOPT PACKING pc=0x0000028347130d1c sp=0x000000b2d50fc730
Event: 95.476 Thread 0x0000028337d19c20 DEOPT UNPACKING pc=0x0000028346b623a3 sp=0x000000b2d50fc6f8 mode 2
Event: 115.289 Thread 0x0000028337d19c20 DEOPT PACKING pc=0x000002833fa3f0d6 sp=0x000000b2d50fc280
Event: 115.289 Thread 0x0000028337d19c20 DEOPT UNPACKING pc=0x0000028346b62b43 sp=0x000000b2d50fb720 mode 0
Event: 115.291 Thread 0x0000028337d19c20 DEOPT PACKING pc=0x000002833fa3f0d6 sp=0x000000b2d50fc290
Event: 115.291 Thread 0x0000028337d19c20 DEOPT UNPACKING pc=0x0000028346b62b43 sp=0x000000b2d50fb718 mode 0
Event: 115.296 Thread 0x0000028337d19c20 Uncommon trap: trap_request=0xffffff45 fr.pc=0x0000028347186f20 relative=0x0000000000002c40
Event: 115.296 Thread 0x0000028337d19c20 Uncommon trap: reason=unstable_if action=reinterpret pc=0x0000028347186f20 method=java.io.WinNTFileSystem.normalize(Ljava/lang/String;)Ljava/lang/String; @ 128 c2
Event: 115.296 Thread 0x0000028337d19c20 DEOPT PACKING pc=0x0000028347186f20 sp=0x000000b2d50fc850
Event: 115.296 Thread 0x0000028337d19c20 DEOPT UNPACKING pc=0x0000028346b623a3 sp=0x000000b2d50fc848 mode 2

Classes unloaded (0 events):
No events

Classes redefined (0 events):
No events

Internal exceptions (20 events):
Event: 90.031 Thread 0x0000028337d19c20 Exception <a 'java/lang/NoSuchMethodError'{0x00000000ff81de78}: 'int java.lang.invoke.DirectMethodHandle$Holder.invokeSpecial(java.lang.Object, java.lang.Object, java.lang.Object, java.lang.Object)'> (0x00000000ff81de78) 
thrown [s\open\src\hotspot\share\interpreter\linkResolver.cpp, line 759]
Event: 90.790 Thread 0x0000028337d19c20 Exception <a 'java/lang/NoClassDefFoundError'{0x00000000ffed2888}: org/slf4j/impl/StaticMarkerBinder> (0x00000000ffed2888) 
thrown [s\open\src\hotspot\share\classfile\systemDictionary.cpp, line 245]
Event: 90.819 Thread 0x0000028337d19c20 Exception <a 'java/lang/NoSuchMethodError'{0x00000000ffd6e950}: 'java.lang.Object java.lang.invoke.DirectMethodHandle$Holder.invokeVirtual(java.lang.Object, java.lang.Object, java.lang.Object, java.lang.Object, java.lang.Object, java.lang.Object, java.lang.Object)'> (0x00000000ffd6e950) 
thrown [s\open\src\hotspot\share\interpreter\linkResolver.cpp, line 759]
Event: 90.823 Thread 0x0000028337d19c20 Exception <a 'java/lang/NoSuchMethodError'{0x00000000ffd80448}: 'java.lang.Object java.lang.invoke.Invokers$Holder.invoker(java.lang.Object, java.lang.Object, java.lang.Object)'> (0x00000000ffd80448) 
thrown [s\open\src\hotspot\share\interpreter\linkResolver.cpp, line 759]
Event: 90.827 Thread 0x0000028337d19c20 Exception <a 'java/lang/NoSuchMethodError'{0x00000000ffd89528}: 'java.lang.Object java.lang.invoke.DirectMethodHandle$Holder.invokeStatic(java.lang.Object, java.lang.Object, int)'> (0x00000000ffd89528) 
thrown [s\open\src\hotspot\share\interpreter\linkResolver.cpp, line 759]
Event: 90.830 Thread 0x0000028337d19c20 Exception <a 'java/lang/NoSuchMethodError'{0x00000000ffd95218}: 'void java.lang.invoke.DelegatingMethodHandle$Holder.delegate(java.lang.Object, java.lang.Object, int, java.lang.Object)'> (0x00000000ffd95218) 
thrown [s\open\src\hotspot\share\interpreter\linkResolver.cpp, line 759]
Event: 90.831 Thread 0x0000028337d19c20 Exception <a 'java/lang/NoSuchMethodError'{0x00000000ffd99518}: 'int java.lang.invoke.DirectMethodHandle$Holder.invokeSpecial(java.lang.Object, java.lang.Object, java.lang.Object)'> (0x00000000ffd99518) 
thrown [s\open\src\hotspot\share\interpreter\linkResolver.cpp, line 759]
Event: 90.836 Thread 0x0000028337d19c20 Exception <a 'java/lang/NoSuchMethodError'{0x00000000ffda9480}: 'java.lang.Object java.lang.invoke.Invokers$Holder.invokeExact_MT(java.lang.Object, java.lang.Object, java.lang.Object, java.lang.Object)'> (0x00000000ffda9480) 
thrown [s\open\src\hotspot\share\interpreter\linkResolver.cpp, line 759]
Event: 91.092 Thread 0x0000028337d19c20 Exception <a 'java/lang/NoSuchMethodError'{0x00000000ffe13ac8}: 'java.lang.Object java.lang.invoke.DirectMethodHandle$Holder.invokeInterface(java.lang.Object, java.lang.Object, java.lang.Object)'> (0x00000000ffe13ac8) 
thrown [s\open\src\hotspot\share\interpreter\linkResolver.cpp, line 759]
Event: 91.129 Thread 0x0000028337d19c20 Implicit null exception at 0x00000283471820f1 to 0x00000283471822d8
Event: 91.129 Thread 0x0000028337d19c20 Implicit null exception at 0x000002834710e271 to 0x000002834710e454
Event: 91.519 Thread 0x0000028337d19c20 Exception <a 'java/lang/NoSuchMethodError'{0x00000000ff8b72b8}: 'void java.lang.invoke.DirectMethodHandle$Holder.invokeStatic(java.lang.Object, java.lang.Object, java.lang.Object)'> (0x00000000ff8b72b8) 
thrown [s\open\src\hotspot\share\interpreter\linkResolver.cpp, line 759]
Event: 91.833 Thread 0x0000028396f3e860 Exception <a 'java/lang/NoSuchMethodError'{0x00000000ff3f1fd0}: 'void java.lang.invoke.DirectMethodHandle$Holder.invokeStatic(java.lang.Object, long)'> (0x00000000ff3f1fd0) 
thrown [s\open\src\hotspot\share\interpreter\linkResolver.cpp, line 759]
Event: 91.834 Thread 0x0000028396f3e860 Exception <a 'java/lang/NoSuchMethodError'{0x00000000ff3f76f0}: 'java.lang.Object java.lang.invoke.DirectMethodHandle$Holder.newInvokeSpecial(java.lang.Object, long)'> (0x00000000ff3f76f0) 
thrown [s\open\src\hotspot\share\interpreter\linkResolver.cpp, line 759]
Event: 91.844 Thread 0x0000028396f3e860 Exception <a 'java/lang/NoSuchMethodError'{0x00000000ff202930}: 'java.lang.Object java.lang.invoke.DirectMethodHandle$Holder.invokeStaticInit(java.lang.Object, java.lang.Object, long, java.lang.Object)'> (0x00000000ff202930) 
thrown [s\open\src\hotspot\share\interpreter\linkResolver.cpp, line 759]
Event: 91.845 Thread 0x0000028396f3e860 Exception <a 'java/lang/NoSuchMethodError'{0x00000000ff208fc8}: 'java.lang.Object java.lang.invoke.DirectMethodHandle$Holder.newInvokeSpecial(java.lang.Object, java.lang.Object, long)'> (0x00000000ff208fc8) 
thrown [s\open\src\hotspot\share\interpreter\linkResolver.cpp, line 759]
Event: 91.846 Thread 0x0000028396f3e860 Exception <a 'java/lang/NoSuchMethodError'{0x00000000ff20d2b8}: 'java.lang.Object java.lang.invoke.Invokers$Holder.linkToTargetMethod(java.lang.Object, long, java.lang.Object)'> (0x00000000ff20d2b8) 
thrown [s\open\src\hotspot\share\interpreter\linkResolver.cpp, line 759]
Event: 115.282 Thread 0x0000028337d19c20 Exception <a 'sun/net/ConnectionResetException'{0x00000000ff1a5c20}: Connection reset> (0x00000000ff1a5c20) 
thrown [s\open\src\hotspot\share\prims\jni.cpp, line 535]
Event: 115.297 Thread 0x0000028337d19c20 Exception <a 'java/lang/NoSuchMethodError'{0x00000000ff0128b0}: 'int java.lang.invoke.DirectMethodHandle$Holder.invokeVirtual(java.lang.Object, java.lang.Object)'> (0x00000000ff0128b0) 
thrown [s\open\src\hotspot\share\interpreter\linkResolver.cpp, line 759]
Event: 115.311 Thread 0x000002839774d9a0 Exception <a 'java/io/IOException'{0x00000000ff1d8310}: Connection reset by peer> (0x00000000ff1d8310) 
thrown [s\open\src\hotspot\share\prims\jni.cpp, line 535]

VM Operations (20 events):
Event: 91.847 Executing VM operation: HandshakeAllThreads
Event: 91.847 Executing VM operation: HandshakeAllThreads done
Event: 91.922 Executing VM operation: HandshakeAllThreads
Event: 91.922 Executing VM operation: HandshakeAllThreads done
Event: 92.053 Executing VM operation: HandshakeAllThreads
Event: 92.053 Executing VM operation: HandshakeAllThreads done
Event: 92.053 Executing VM operation: Cleanup
Event: 92.053 Executing VM operation: Cleanup done
Event: 93.058 Executing VM operation: Cleanup
Event: 93.058 Executing VM operation: Cleanup done
Event: 95.072 Executing VM operation: Cleanup
Event: 95.072 Executing VM operation: Cleanup done
Event: 96.079 Executing VM operation: Cleanup
Event: 96.079 Executing VM operation: Cleanup done
Event: 103.117 Executing VM operation: Cleanup
Event: 103.117 Executing VM operation: Cleanup done
Event: 113.202 Executing VM operation: Cleanup
Event: 113.202 Executing VM operation: Cleanup done
Event: 114.203 Executing VM operation: Cleanup
Event: 114.203 Executing VM operation: Cleanup done

Events (20 events):
Event: 95.456 loading class java/nio/channels/spi/AbstractSelectionKey
Event: 95.456 loading class java/nio/channels/SelectionKey
Event: 95.456 loading class java/nio/channels/SelectionKey done
Event: 95.456 loading class java/nio/channels/spi/AbstractSelectionKey done
Event: 95.456 loading class sun/nio/ch/SelectionKeyImpl done
Event: 95.456 loading class java/lang/invoke/ConstantBootstraps
Event: 95.457 loading class java/lang/invoke/ConstantBootstraps done
Event: 95.476 loading class java/nio/channels/spi/AbstractSelector$1
Event: 95.476 loading class java/nio/channels/spi/AbstractSelector$1 done
Event: 95.586 Thread 0x000002839774e8d0 Thread added: 0x000002839774e8d0
Event: 95.587 loading class java/nio/channels/AsynchronousCloseException
Event: 95.588 loading class java/nio/channels/ClosedChannelException
Event: 95.588 loading class java/nio/channels/ClosedChannelException done
Event: 95.588 loading class java/nio/channels/AsynchronousCloseException done
Event: 95.589 Thread 0x000002839774d9a0 Thread added: 0x000002839774d9a0
Event: 115.281 loading class sun/net/ConnectionResetException
Event: 115.281 loading class sun/net/ConnectionResetException done
Event: 115.314 Thread 0x000002839774d9a0 Thread exited: 0x000002839774d9a0
Event: 115.314 loading class java/util/concurrent/ConcurrentLinkedQueue$Itr
Event: 115.315 loading class java/util/concurrent/ConcurrentLinkedQueue$Itr done


Dynamic libraries:
0x00007ff73a080000 - 0x00007ff73a090000 	C:\Program Files\Java\jdk-17\bin\java.exe
0x00007ffe5ee70000 - 0x00007ffe5f068000 	C:\WINDOWS\SYSTEM32\ntdll.dll
0x00007ffe5d9e0000 - 0x00007ffe5da9d000 	C:\WINDOWS\System32\KERNEL32.DLL
0x00007ffe5c9c0000 - 0x00007ffe5ccb6000 	C:\WINDOWS\System32\KERNELBASE.dll
0x00007ffe5c850000 - 0x00007ffe5c950000 	C:\WINDOWS\System32\ucrtbase.dll
0x00007ffe50a80000 - 0x00007ffe50a99000 	C:\Program Files\Java\jdk-17\bin\jli.dll
0x00007ffe50be0000 - 0x00007ffe50bfb000 	C:\Program Files\Java\jdk-17\bin\VCRUNTIME140.dll
0x00007ffe5e3d0000 - 0x00007ffe5e480000 	C:\WINDOWS\System32\ADVAPI32.dll
0x00007ffe5d050000 - 0x00007ffe5d0ee000 	C:\WINDOWS\System32\msvcrt.dll
0x00007ffe5dc70000 - 0x00007ffe5dd10000 	C:\WINDOWS\System32\sechost.dll
0x00007ffe5e480000 - 0x00007ffe5e5a3000 	C:\WINDOWS\System32\RPCRT4.dll
0x00007ffe5c790000 - 0x00007ffe5c7b7000 	C:\WINDOWS\System32\bcrypt.dll
0x00007ffe5e230000 - 0x00007ffe5e3cf000 	C:\WINDOWS\System32\USER32.dll
0x00007ffe5ce70000 - 0x00007ffe5ce92000 	C:\WINDOWS\System32\win32u.dll
0x00007ffe42660000 - 0x00007ffe428fa000 	C:\WINDOWS\WinSxS\amd64_microsoft.windows.common-controls_6595b64144ccf1df_6.0.19041.4355_none_60b8b9eb71f62e16\COMCTL32.dll
0x00007ffe5dea0000 - 0x00007ffe5decb000 	C:\WINDOWS\System32\GDI32.dll
0x00007ffe5c5c0000 - 0x00007ffe5c6d7000 	C:\WINDOWS\System32\gdi32full.dll
0x00007ffe5c520000 - 0x00007ffe5c5bd000 	C:\WINDOWS\System32\msvcp_win.dll
0x00007ffe4dc70000 - 0x00007ffe4dc7a000 	C:\WINDOWS\SYSTEM32\VERSION.dll
0x00007ffe5db50000 - 0x00007ffe5db82000 	C:\WINDOWS\System32\IMM32.DLL
0x00007ffe50a30000 - 0x00007ffe50a3c000 	C:\Program Files\Java\jdk-17\bin\vcruntime140_1.dll
0x00007ffe16a70000 - 0x00007ffe16afe000 	C:\Program Files\Java\jdk-17\bin\msvcp140.dll
0x00007ffe11bd0000 - 0x00007ffe127b0000 	C:\Program Files\Java\jdk-17\bin\server\jvm.dll
0x00007ffe5d8c0000 - 0x00007ffe5d8c8000 	C:\WINDOWS\System32\PSAPI.DLL
0x00007ffe59bb0000 - 0x00007ffe59bb9000 	C:\WINDOWS\SYSTEM32\WSOCK32.dll
0x00007ffe4c0e0000 - 0x00007ffe4c107000 	C:\WINDOWS\SYSTEM32\WINMM.dll
0x00007ffe5e6e0000 - 0x00007ffe5e74b000 	C:\WINDOWS\System32\WS2_32.dll
0x00007ffe5ab50000 - 0x00007ffe5ab62000 	C:\WINDOWS\SYSTEM32\kernel.appcore.dll
0x00007ffe4fd20000 - 0x00007ffe4fd2a000 	C:\Program Files\Java\jdk-17\bin\jimage.dll
0x00007ffe4a100000 - 0x00007ffe4a2e4000 	C:\WINDOWS\SYSTEM32\DBGHELP.DLL
0x00007ffe4a0c0000 - 0x00007ffe4a0f4000 	C:\WINDOWS\SYSTEM32\dbgcore.DLL
0x00007ffe5c7c0000 - 0x00007ffe5c842000 	C:\WINDOWS\System32\bcryptPrimitives.dll
0x00007ffe33d90000 - 0x00007ffe33db5000 	C:\Program Files\Java\jdk-17\bin\java.dll
0x00007ffe16990000 - 0x00007ffe16a67000 	C:\Program Files\Java\jdk-17\bin\jsvml.dll
0x00007ffe5d150000 - 0x00007ffe5d8bb000 	C:\WINDOWS\System32\SHELL32.dll
0x00007ffe5a0c0000 - 0x00007ffe5a85d000 	C:\WINDOWS\SYSTEM32\windows.storage.dll
0x00007ffe5ded0000 - 0x00007ffe5e223000 	C:\WINDOWS\System32\combase.dll
0x00007ffe5be70000 - 0x00007ffe5be9e000 	C:\WINDOWS\SYSTEM32\Wldp.dll
0x00007ffe5e870000 - 0x00007ffe5e93d000 	C:\WINDOWS\System32\OLEAUT32.dll
0x00007ffe5d930000 - 0x00007ffe5d9dd000 	C:\WINDOWS\System32\SHCORE.dll
0x00007ffe5d0f0000 - 0x00007ffe5d145000 	C:\WINDOWS\System32\shlwapi.dll
0x00007ffe5c450000 - 0x00007ffe5c474000 	C:\WINDOWS\SYSTEM32\profapi.dll
0x00007ffe50a60000 - 0x00007ffe50a79000 	C:\Program Files\Java\jdk-17\bin\net.dll
0x00007ffe51490000 - 0x00007ffe5159a000 	C:\WINDOWS\SYSTEM32\WINHTTP.dll
0x00007ffe5bbd0000 - 0x00007ffe5bc3a000 	C:\WINDOWS\system32\mswsock.dll
0x00007ffe50a40000 - 0x00007ffe50a56000 	C:\Program Files\Java\jdk-17\bin\nio.dll
0x00007ffe4dfd0000 - 0x00007ffe4dfe8000 	C:\Program Files\Java\jdk-17\bin\zip.dll
0x00007ffe4b730000 - 0x00007ffe4b740000 	C:\Program Files\Java\jdk-17\bin\verify.dll
0x00007ffe44950000 - 0x00007ffe4495e000 	C:\Program Files\Java\jdk-17\bin\sunmscapi.dll
0x00007ffe5ccc0000 - 0x00007ffe5ce1e000 	C:\WINDOWS\System32\CRYPT32.dll
0x00007ffe5bee0000 - 0x00007ffe5bf09000 	C:\WINDOWS\SYSTEM32\ncrypt.dll
0x00007ffe5bea0000 - 0x00007ffe5bedb000 	C:\WINDOWS\SYSTEM32\NTASN1.dll
0x00007ffe5bdc0000 - 0x00007ffe5bdd8000 	C:\WINDOWS\SYSTEM32\CRYPTSP.dll
0x00007ffe5b4f0000 - 0x00007ffe5b524000 	C:\WINDOWS\system32\rsaenh.dll
0x00007ffe5c400000 - 0x00007ffe5c42e000 	C:\WINDOWS\SYSTEM32\USERENV.dll
0x00007ffe5bde0000 - 0x00007ffe5bdec000 	C:\WINDOWS\SYSTEM32\CRYPTBASE.dll
0x00007ffe5b8b0000 - 0x00007ffe5b8eb000 	C:\WINDOWS\SYSTEM32\IPHLPAPI.DLL
0x00007ffe5de00000 - 0x00007ffe5de08000 	C:\WINDOWS\System32\NSI.dll
0x00007ffe51f40000 - 0x00007ffe51f57000 	C:\WINDOWS\SYSTEM32\dhcpcsvc6.DLL
0x00007ffe51fa0000 - 0x00007ffe51fbd000 	C:\WINDOWS\SYSTEM32\dhcpcsvc.DLL
0x00007ffe5b8f0000 - 0x00007ffe5b9bb000 	C:\WINDOWS\SYSTEM32\DNSAPI.dll
0x0000000059ef0000 - 0x0000000059f16000 	C:\Program Files\Bonjour\mdnsNSP.dll
0x00007ffe4f8c0000 - 0x00007ffe4f8ca000 	C:\Windows\System32\rasadhlp.dll
0x00007ffe504f0000 - 0x00007ffe50570000 	C:\WINDOWS\System32\fwpuclnt.dll
0x00007ffe52300000 - 0x00007ffe52327000 	C:\Users\ZIDANE\.gradle\native\e1d6ef7f7dcc3fd88c89a11ec53ec762bb8ba0a96d01ffa2cd45eb1d1d8dd5c5\windows-amd64\native-platform.dll
0x00007ffe4a860000 - 0x00007ffe4a86a000 	C:\Program Files\Java\jdk-17\bin\management.dll
0x00007ffe47ef0000 - 0x00007ffe47efb000 	C:\Program Files\Java\jdk-17\bin\management_ext.dll
0x00007ffe57ea0000 - 0x00007ffe57ea7000 	C:\WINDOWS\system32\wshunix.dll

dbghelp: loaded successfully - version: 4.0.5 - missing functions: none
symbol engine: initialized successfully - sym options: 0x614 - pdb path: .;C:\Program Files\Java\jdk-17\bin;C:\WINDOWS\SYSTEM32;C:\WINDOWS\WinSxS\amd64_microsoft.windows.common-controls_6595b64144ccf1df_6.0.19041.4355_none_60b8b9eb71f62e16;C:\Program Files\Java\jdk-17\bin\server;C:\Program Files\Bonjour;C:\Users\ZIDANE\.gradle\native\e1d6ef7f7dcc3fd88c89a11ec53ec762bb8ba0a96d01ffa2cd45eb1d1d8dd5c5\windows-amd64

VM Arguments:
jvm_args: -Xmx64m -Xms64m -Dorg.gradle.appname=gradlew 
java_command: org.gradle.wrapper.GradleWrapperMain app:installDebug -PreactNativeDevServerPort=8081
java_class_path (initial): C:\Users\ZIDANE\houseApp\android\\gradle\wrapper\gradle-wrapper.jar
Launcher Type: SUN_STANDARD

[Global flags]
     intx CICompilerCount                          = 3                                         {product} {ergonomic}
     uint ConcGCThreads                            = 1                                         {product} {ergonomic}
     uint G1ConcRefinementThreads                  = 4                                         {product} {ergonomic}
   size_t G1HeapRegionSize                         = 1048576                                   {product} {ergonomic}
    uintx GCDrainStackTargetSize                   = 64                                        {product} {ergonomic}
   size_t InitialHeapSize                          = 67108864                                  {product} {command line}
   size_t MarkStackSize                            = 4194304                                   {product} {ergonomic}
   size_t MaxHeapSize                              = 67108864                                  {product} {command line}
   size_t MaxNewSize                               = 39845888                                  {product} {ergonomic}
   size_t MinHeapDeltaBytes                        = 1048576                                   {product} {ergonomic}
   size_t MinHeapSize                              = 67108864                                  {product} {command line}
    uintx NonNMethodCodeHeapSize                   = 5832780                                {pd product} {ergonomic}
    uintx NonProfiledCodeHeapSize                  = 122912730                              {pd product} {ergonomic}
    uintx ProfiledCodeHeapSize                     = 122912730                              {pd product} {ergonomic}
    uintx ReservedCodeCacheSize                    = 251658240                              {pd product} {ergonomic}
     bool SegmentedCodeCache                       = true                                      {product} {ergonomic}
   size_t SoftMaxHeapSize                          = 67108864                               {manageable} {ergonomic}
     bool UseCompressedClassPointers               = true                           {product lp64_product} {ergonomic}
     bool UseCompressedOops                        = true                           {product lp64_product} {ergonomic}
     bool UseG1GC                                  = true                                      {product} {ergonomic}
     bool UseLargePagesIndividualAllocation        = false                                  {pd product} {ergonomic}

Logging:
Log output configuration:
 #0: stdout all=warning uptime,level,tags
 #1: stderr all=off uptime,level,tags

Environment Variables:
JAVA_HOME=C:\Program Files\Java\jdk-17
CLASSPATH=C:\Users\ZIDANE\houseApp\android\\gradle\wrapper\gradle-wrapper.jar
PATH=C:\Users\ZIDANE\houseApp\node_modules\.bin;C:\Users\ZIDANE\houseApp\node_modules\.bin;C:\Users\ZIDANE\node_modules\.bin;C:\Users\node_modules\.bin;C:\node_modules\.bin;C:\Program Files\nodejs\node_modules\npm\node_modules\@npmcli\run-script\lib\node-gyp-bin;C:\Users\ZIDANE\houseApp\node_modules\.bin;C:\Users\ZIDANE\node_modules\.bin;C:\Users\node_modules\.bin;C:\node_modules\.bin;C:\Program Files\nodejs\node_modules\npm\node_modules\@npmcli\run-script\lib\node-gyp-bin;C:\Program Files\Common Files\Oracle\Java\javapath;C:\Program Files (x86)\Common Files\Oracle\Java\java8path;C:\Program Files (x86)\Common Files\Oracle\Java\javapath;C:\Program Files\Java\jdk-17\bin;C:\WINDOWS\system32;C:\WINDOWS;C:\WINDOWS\System32\Wbem;C:\WINDOWS\System32\WindowsPowerShell\v1.0\;C:\WINDOWS\System32\OpenSSH\;C:\Program Files\nodejs\;C:\Program Files\Git\cmd;choco;C:\ProgramData\chocolatey\bin;STM32CubeProgrammer path\bin;C:\Program Files\php-8.3.6;C:\Program Files\Java\jdk-17\bin;C:\WINDOWS\system32;C:\WINDOWS;C:\WINDOWS\System32\Wbem;C:\WINDOWS\System32\WindowsPowerShell\v1.0\;C:\WINDOWS\System32\OpenSSH\;C:\Program Files\nodejs\;C:\Program Files\Git\cmd;choco;C:\ProgramData\chocolatey\bin;STM32CubeProgrammer path\bin;C:\Program Files\php-8.3.6;C:\Users\ZIDANE\AppData\Local\Android\Sdk\tools;C:\Users\ZIDANE\AppData\Local\Microsoft\WindowsApps;C:\Users\ZIDANE\AppData\Local\Programs\Microsoft VS Code\bin;C:\Users\ZIDANE\AppData\Roaming\npm;C:\Users\ZIDANE\AppData\Local\Android\Sdk\platform-tools;C:\flutter\flutter\bin;C:\Program Files\Java\jdk-17\bin;
USERNAME=ZIDANE
LANG=en_US.UTF-8
OS=Windows_NT
PROCESSOR_IDENTIFIER=Intel64 Family 6 Model 58 Stepping 9, GenuineIntel



---------------  S Y S T E M  ---------------

OS:
 Windows 10 , 64 bit Build 19041 (10.0.19041.3636)
OS uptime: 0 days 1:45 hours

CPU: total 4 (initial active 4) (2 cores per cpu, 2 threads per core) family 6 model 58 stepping 9 microcode 0x21, cx8, cmov, fxsr, ht, mmx, sse, sse2, sse3, ssse3, sse4.1, sse4.2, popcnt, tsc, tscinvbit, avx, aes, erms, clmul, vzeroupper, clflush

Memory: 4k page, system-wide physical 3999M (470M free)
TotalPageFile size 16287M (AvailPageFile size 220M)
current process WorkingSet (physical memory assigned to process): 83M, peak: 88M
current process commit charge ("private bytes"): 167M, peak: 177M

vm_info: Java HotSpot(TM) 64-Bit Server VM (17.0.12+8-LTS-286) for windows-amd64 JRE (17.0.12+8-LTS-286), built on Jun  5 2024 06:46:59 by "mach5one" with MS VC++ 17.6 (VS2022)

END.
